[0.683s] Invoking command in '/home/maria/rmf_ws/src/project/project_fleet_adapter': PYTHONPATH=/home/maria/rmf_ws/build/project_fleet_adapter/prefix_override:/usr/lib/python3/dist-packages/colcon_core/task/python/colcon_distutils_commands:/home/maria/rmf_ws/install/project_fleet_adapter/lib/python3.12/site-packages:${PYTHONPATH} /usr/bin/python3 -W ignore:setup.py install is deprecated -W ignore:easy_install command is deprecated setup.py egg_info --egg-base ../../../build/project_fleet_adapter build --build-base /home/maria/rmf_ws/build/project_fleet_adapter/build install --record /home/maria/rmf_ws/build/project_fleet_adapter/install.log --single-version-externally-managed install_data
[0.925s] running egg_info
[0.925s] creating ../../../build/project_fleet_adapter/project_fleet_adapter.egg-info
[0.939s] writing ../../../build/project_fleet_adapter/project_fleet_adapter.egg-info/PKG-INFO
[0.939s] writing dependency_links to ../../../build/project_fleet_adapter/project_fleet_adapter.egg-info/dependency_links.txt
[0.939s] writing entry points to ../../../build/project_fleet_adapter/project_fleet_adapter.egg-info/entry_points.txt
[0.939s] writing requirements to ../../../build/project_fleet_adapter/project_fleet_adapter.egg-info/requires.txt
[0.939s] writing top-level names to ../../../build/project_fleet_adapter/project_fleet_adapter.egg-info/top_level.txt
[0.939s] writing manifest file '../../../build/project_fleet_adapter/project_fleet_adapter.egg-info/SOURCES.txt'
[0.968s] reading manifest file '../../../build/project_fleet_adapter/project_fleet_adapter.egg-info/SOURCES.txt'
[0.968s] writing manifest file '../../../build/project_fleet_adapter/project_fleet_adapter.egg-info/SOURCES.txt'
[0.968s] running build
[0.968s] running build_py
[0.969s] creating /home/maria/rmf_ws/build/project_fleet_adapter/build
[0.969s] creating /home/maria/rmf_ws/build/project_fleet_adapter/build/lib
[0.969s] creating /home/maria/rmf_ws/build/project_fleet_adapter/build/lib/test
[0.969s] copying test/test_copyright.py -> /home/maria/rmf_ws/build/project_fleet_adapter/build/lib/test
[0.969s] copying test/test_pep257.py -> /home/maria/rmf_ws/build/project_fleet_adapter/build/lib/test
[0.969s] copying test/test_flake8.py -> /home/maria/rmf_ws/build/project_fleet_adapter/build/lib/test
[0.969s] copying test/__init__.py -> /home/maria/rmf_ws/build/project_fleet_adapter/build/lib/test
[0.969s] creating /home/maria/rmf_ws/build/project_fleet_adapter/build/lib/project_fleet_adapter
[0.969s] copying project_fleet_adapter/fleet_adapter.py -> /home/maria/rmf_ws/build/project_fleet_adapter/build/lib/project_fleet_adapter
[0.969s] copying project_fleet_adapter/RobotClientAPI.py -> /home/maria/rmf_ws/build/project_fleet_adapter/build/lib/project_fleet_adapter
[0.970s] copying project_fleet_adapter/manage_lane.py -> /home/maria/rmf_ws/build/project_fleet_adapter/build/lib/project_fleet_adapter
[0.970s] copying project_fleet_adapter/fleet_manager.py -> /home/maria/rmf_ws/build/project_fleet_adapter/build/lib/project_fleet_adapter
[0.970s] copying project_fleet_adapter/__init__.py -> /home/maria/rmf_ws/build/project_fleet_adapter/build/lib/project_fleet_adapter
[0.970s] running install
[0.976s] running install_lib
[0.989s] creating /home/maria/rmf_ws/install/project_fleet_adapter/lib/python3.12/site-packages/test
[0.990s] copying /home/maria/rmf_ws/build/project_fleet_adapter/build/lib/test/test_copyright.py -> /home/maria/rmf_ws/install/project_fleet_adapter/lib/python3.12/site-packages/test
[0.990s] copying /home/maria/rmf_ws/build/project_fleet_adapter/build/lib/test/test_pep257.py -> /home/maria/rmf_ws/install/project_fleet_adapter/lib/python3.12/site-packages/test
[0.990s] copying /home/maria/rmf_ws/build/project_fleet_adapter/build/lib/test/test_flake8.py -> /home/maria/rmf_ws/install/project_fleet_adapter/lib/python3.12/site-packages/test
[0.990s] copying /home/maria/rmf_ws/build/project_fleet_adapter/build/lib/test/__init__.py -> /home/maria/rmf_ws/install/project_fleet_adapter/lib/python3.12/site-packages/test
[0.990s] creating /home/maria/rmf_ws/install/project_fleet_adapter/lib/python3.12/site-packages/project_fleet_adapter
[0.990s] copying /home/maria/rmf_ws/build/project_fleet_adapter/build/lib/project_fleet_adapter/fleet_adapter.py -> /home/maria/rmf_ws/install/project_fleet_adapter/lib/python3.12/site-packages/project_fleet_adapter
[0.990s] copying /home/maria/rmf_ws/build/project_fleet_adapter/build/lib/project_fleet_adapter/RobotClientAPI.py -> /home/maria/rmf_ws/install/project_fleet_adapter/lib/python3.12/site-packages/project_fleet_adapter
[0.990s] copying /home/maria/rmf_ws/build/project_fleet_adapter/build/lib/project_fleet_adapter/manage_lane.py -> /home/maria/rmf_ws/install/project_fleet_adapter/lib/python3.12/site-packages/project_fleet_adapter
[0.991s] copying /home/maria/rmf_ws/build/project_fleet_adapter/build/lib/project_fleet_adapter/fleet_manager.py -> /home/maria/rmf_ws/install/project_fleet_adapter/lib/python3.12/site-packages/project_fleet_adapter
[0.991s] copying /home/maria/rmf_ws/build/project_fleet_adapter/build/lib/project_fleet_adapter/__init__.py -> /home/maria/rmf_ws/install/project_fleet_adapter/lib/python3.12/site-packages/project_fleet_adapter
[0.991s] byte-compiling /home/maria/rmf_ws/install/project_fleet_adapter/lib/python3.12/site-packages/test/test_copyright.py to test_copyright.cpython-312.pyc
[0.991s] byte-compiling /home/maria/rmf_ws/install/project_fleet_adapter/lib/python3.12/site-packages/test/test_pep257.py to test_pep257.cpython-312.pyc
[0.992s] byte-compiling /home/maria/rmf_ws/install/project_fleet_adapter/lib/python3.12/site-packages/test/test_flake8.py to test_flake8.cpython-312.pyc
[0.992s] byte-compiling /home/maria/rmf_ws/install/project_fleet_adapter/lib/python3.12/site-packages/test/__init__.py to __init__.cpython-312.pyc
[0.992s] byte-compiling /home/maria/rmf_ws/install/project_fleet_adapter/lib/python3.12/site-packages/project_fleet_adapter/fleet_adapter.py to fleet_adapter.cpython-312.pyc
[0.995s] byte-compiling /home/maria/rmf_ws/install/project_fleet_adapter/lib/python3.12/site-packages/project_fleet_adapter/RobotClientAPI.py to RobotClientAPI.cpython-312.pyc
[0.996s] byte-compiling /home/maria/rmf_ws/install/project_fleet_adapter/lib/python3.12/site-packages/project_fleet_adapter/manage_lane.py to manage_lane.cpython-312.pyc
[0.997s] byte-compiling /home/maria/rmf_ws/install/project_fleet_adapter/lib/python3.12/site-packages/project_fleet_adapter/fleet_manager.py to fleet_manager.cpython-312.pyc
[1.000s] byte-compiling /home/maria/rmf_ws/install/project_fleet_adapter/lib/python3.12/site-packages/project_fleet_adapter/__init__.py to __init__.cpython-312.pyc
[1.000s] running install_data
[1.000s] creating /home/maria/rmf_ws/install/project_fleet_adapter/share/ament_index
[1.000s] creating /home/maria/rmf_ws/install/project_fleet_adapter/share/ament_index/resource_index
[1.000s] creating /home/maria/rmf_ws/install/project_fleet_adapter/share/ament_index/resource_index/packages
[1.000s] copying resource/project_fleet_adapter -> /home/maria/rmf_ws/install/project_fleet_adapter/share/ament_index/resource_index/packages
[1.000s] copying package.xml -> /home/maria/rmf_ws/install/project_fleet_adapter/share/project_fleet_adapter
[1.000s] copying config.yaml -> /home/maria/rmf_ws/install/project_fleet_adapter/share/project_fleet_adapter
[1.001s] creating /home/maria/rmf_ws/install/project_fleet_adapter/share/project_fleet_adapter/launch
[1.001s] copying launch/fleet_adapter.launch.xml -> /home/maria/rmf_ws/install/project_fleet_adapter/share/project_fleet_adapter/launch
[1.001s] running install_egg_info
[1.016s] Copying ../../../build/project_fleet_adapter/project_fleet_adapter.egg-info to /home/maria/rmf_ws/install/project_fleet_adapter/lib/python3.12/site-packages/project_fleet_adapter-2.8.1-py3.12.egg-info
[1.017s] running install_scripts
[1.121s] Installing fleet_adapter script to /home/maria/rmf_ws/install/project_fleet_adapter/lib/project_fleet_adapter
[1.121s] Installing fleet_manager script to /home/maria/rmf_ws/install/project_fleet_adapter/lib/project_fleet_adapter
[1.121s] Installing manage_lane script to /home/maria/rmf_ws/install/project_fleet_adapter/lib/project_fleet_adapter
[1.122s] writing list of installed files to '/home/maria/rmf_ws/build/project_fleet_adapter/install.log'
[1.145s] Invoked command in '/home/maria/rmf_ws/src/project/project_fleet_adapter' returned '0': PYTHONPATH=/home/maria/rmf_ws/build/project_fleet_adapter/prefix_override:/usr/lib/python3/dist-packages/colcon_core/task/python/colcon_distutils_commands:/home/maria/rmf_ws/install/project_fleet_adapter/lib/python3.12/site-packages:${PYTHONPATH} /usr/bin/python3 -W ignore:setup.py install is deprecated -W ignore:easy_install command is deprecated setup.py egg_info --egg-base ../../../build/project_fleet_adapter build --build-base /home/maria/rmf_ws/build/project_fleet_adapter/build install --record /home/maria/rmf_ws/build/project_fleet_adapter/install.log --single-version-externally-managed install_data
