-- Install configuration: ""
-- Execute custom install script
-- Up-to-date symlink: /home/maria/rmf_ws/install/project_config/share/project_config/classroom.launch.xml
-- Up-to-date symlink: /home/maria/rmf_ws/install/project_config/share/project_config/common.launch.xml
-- Up-to-date symlink: /home/maria/rmf_ws/install/project_config/share/project_config/estce.launch.xml
-- Up-to-date symlink: /home/maria/rmf_ws/install/project_config/share/project_config/include/classroom/classroom.rviz
-- Up-to-date symlink: /home/maria/rmf_ws/install/project_config/share/project_config/include/estce/estce.rviz
-- Up-to-date symlink: /home/maria/rmf_ws/install/project_config/share/project_config/include/test1/test1.rviz
-- Up-to-date symlink: /home/maria/rmf_ws/install/project_config/share/project_config/test1.launch.xml
-- Up-to-date symlink: /home/maria/rmf_ws/install/project_config/share/project_config/visualization.launch.xml
-- Up-to-date symlink: /home/maria/rmf_ws/install/project_config/share/project_config/config/classroom/tinyRobot_config.yaml
-- Up-to-date symlink: /home/maria/rmf_ws/install/project_config/share/project_config/config/estce/cleanerBotA_config.yaml
-- Up-to-date symlink: /home/maria/rmf_ws/install/project_config/share/project_config/config/estce/deliveryRobot_config.yaml
-- Up-to-date symlink: /home/maria/rmf_ws/install/project_config/share/project_config/config/estce/tinyRobot_config.yaml
-- Up-to-date symlink: /home/maria/rmf_ws/install/project_config/share/project_config/config/test1/tinyRobot_config.yaml
-- Up-to-date symlink: /home/maria/rmf_ws/install/project_config/share/ament_index/resource_index/package_run_dependencies/project_config
-- Up-to-date symlink: /home/maria/rmf_ws/install/project_config/share/ament_index/resource_index/parent_prefix_path/project_config
-- Up-to-date symlink: /home/maria/rmf_ws/install/project_config/share/project_config/environment/ament_prefix_path.sh
-- Up-to-date symlink: /home/maria/rmf_ws/install/project_config/share/project_config/environment/ament_prefix_path.dsv
-- Up-to-date symlink: /home/maria/rmf_ws/install/project_config/share/project_config/environment/path.sh
-- Up-to-date symlink: /home/maria/rmf_ws/install/project_config/share/project_config/environment/path.dsv
-- Up-to-date symlink: /home/maria/rmf_ws/install/project_config/share/project_config/local_setup.bash
-- Up-to-date symlink: /home/maria/rmf_ws/install/project_config/share/project_config/local_setup.sh
-- Up-to-date symlink: /home/maria/rmf_ws/install/project_config/share/project_config/local_setup.zsh
-- Up-to-date symlink: /home/maria/rmf_ws/install/project_config/share/project_config/local_setup.dsv
-- Symlinking: /home/maria/rmf_ws/install/project_config/share/project_config/package.dsv
-- Up-to-date symlink: /home/maria/rmf_ws/install/project_config/share/ament_index/resource_index/packages/project_config
-- Up-to-date symlink: /home/maria/rmf_ws/install/project_config/share/project_config/cmake/project_configConfig.cmake
-- Up-to-date symlink: /home/maria/rmf_ws/install/project_config/share/project_config/cmake/project_configConfig-version.cmake
-- Up-to-date symlink: /home/maria/rmf_ws/install/project_config/share/project_config/package.xml
