[1.877s] Invoking command in '/home/maria/rmf_ws/src/project/project_tasks': PYTHONPATH=/home/maria/rmf_ws/build/project_tasks/prefix_override:/usr/lib/python3/dist-packages/colcon_core/task/python/colcon_distutils_commands:/home/maria/rmf_ws/install/project_tasks/lib/python3.12/site-packages:${PYTHONPATH} /usr/bin/python3 -W ignore:setup.py install is deprecated -W ignore:easy_install command is deprecated setup.py egg_info --egg-base ../../../build/project_tasks build --build-base /home/maria/rmf_ws/build/project_tasks/build install --record /home/maria/rmf_ws/build/project_tasks/install.log --single-version-externally-managed install_data
[2.212s] running egg_info
[2.213s] creating ../../../build/project_tasks/project_tasks.egg-info
[2.238s] writing ../../../build/project_tasks/project_tasks.egg-info/PKG-INFO
[2.238s] writing dependency_links to ../../../build/project_tasks/project_tasks.egg-info/dependency_links.txt
[2.239s] writing entry points to ../../../build/project_tasks/project_tasks.egg-info/entry_points.txt
[2.239s] writing requirements to ../../../build/project_tasks/project_tasks.egg-info/requires.txt
[2.239s] writing top-level names to ../../../build/project_tasks/project_tasks.egg-info/top_level.txt
[2.239s] writing manifest file '../../../build/project_tasks/project_tasks.egg-info/SOURCES.txt'
[2.277s] reading manifest file '../../../build/project_tasks/project_tasks.egg-info/SOURCES.txt'
[2.278s] writing manifest file '../../../build/project_tasks/project_tasks.egg-info/SOURCES.txt'
[2.278s] running build
[2.278s] running build_py
[2.278s] creating /home/maria/rmf_ws/build/project_tasks/build
[2.278s] creating /home/maria/rmf_ws/build/project_tasks/build/lib
[2.278s] creating /home/maria/rmf_ws/build/project_tasks/build/lib/project_tasks
[2.279s] copying project_tasks/dispatch_loop.py -> /home/maria/rmf_ws/build/project_tasks/build/lib/project_tasks
[2.282s] copying project_tasks/teleop_robot.py -> /home/maria/rmf_ws/build/project_tasks/build/lib/project_tasks
[2.283s] copying project_tasks/request_lift.py -> /home/maria/rmf_ws/build/project_tasks/build/lib/project_tasks
[2.283s] copying project_tasks/cancel_task.py -> /home/maria/rmf_ws/build/project_tasks/build/lib/project_tasks
[2.284s] copying project_tasks/dispatch_dynamic_event.py -> /home/maria/rmf_ws/build/project_tasks/build/lib/project_tasks
[2.287s] copying project_tasks/dispatch_action.py -> /home/maria/rmf_ws/build/project_tasks/build/lib/project_tasks
[2.287s] copying project_tasks/dispatch_clean.py -> /home/maria/rmf_ws/build/project_tasks/build/lib/project_tasks
[2.288s] copying project_tasks/api_request.py -> /home/maria/rmf_ws/build/project_tasks/build/lib/project_tasks
[2.288s] copying project_tasks/dispatch_teleop.py -> /home/maria/rmf_ws/build/project_tasks/build/lib/project_tasks
[2.288s] copying project_tasks/get_robot_location.py -> /home/maria/rmf_ws/build/project_tasks/build/lib/project_tasks
[2.289s] copying project_tasks/dispatch_go_to_place.py -> /home/maria/rmf_ws/build/project_tasks/build/lib/project_tasks
[2.289s] copying project_tasks/wait_for_task_complete.py -> /home/maria/rmf_ws/build/project_tasks/build/lib/project_tasks
[2.289s] copying project_tasks/mock_docker.py -> /home/maria/rmf_ws/build/project_tasks/build/lib/project_tasks
[2.289s] copying project_tasks/emergency_signal.py -> /home/maria/rmf_ws/build/project_tasks/build/lib/project_tasks
[2.290s] copying project_tasks/dispatch_patrol.py -> /home/maria/rmf_ws/build/project_tasks/build/lib/project_tasks
[2.290s] copying project_tasks/dynamic_event_client.py -> /home/maria/rmf_ws/build/project_tasks/build/lib/project_tasks
[2.290s] copying project_tasks/cancel_robot_task.py -> /home/maria/rmf_ws/build/project_tasks/build/lib/project_tasks
[2.290s] copying project_tasks/dispatch_delivery.py -> /home/maria/rmf_ws/build/project_tasks/build/lib/project_tasks
[2.291s] copying project_tasks/dispatch_json.py -> /home/maria/rmf_ws/build/project_tasks/build/lib/project_tasks
[2.291s] copying project_tasks/dispatch_cart_delivery.py -> /home/maria/rmf_ws/build/project_tasks/build/lib/project_tasks
[2.291s] copying project_tasks/request_loop.py -> /home/maria/rmf_ws/build/project_tasks/build/lib/project_tasks
[2.292s] copying project_tasks/__init__.py -> /home/maria/rmf_ws/build/project_tasks/build/lib/project_tasks
[2.292s] running install
[2.300s] running install_lib
[2.319s] creating /home/maria/rmf_ws/install/project_tasks/lib/python3.12/site-packages/project_tasks
[2.319s] copying /home/maria/rmf_ws/build/project_tasks/build/lib/project_tasks/dispatch_loop.py -> /home/maria/rmf_ws/install/project_tasks/lib/python3.12/site-packages/project_tasks
[2.319s] copying /home/maria/rmf_ws/build/project_tasks/build/lib/project_tasks/teleop_robot.py -> /home/maria/rmf_ws/install/project_tasks/lib/python3.12/site-packages/project_tasks
[2.319s] copying /home/maria/rmf_ws/build/project_tasks/build/lib/project_tasks/request_lift.py -> /home/maria/rmf_ws/install/project_tasks/lib/python3.12/site-packages/project_tasks
[2.319s] copying /home/maria/rmf_ws/build/project_tasks/build/lib/project_tasks/cancel_task.py -> /home/maria/rmf_ws/install/project_tasks/lib/python3.12/site-packages/project_tasks
[2.319s] copying /home/maria/rmf_ws/build/project_tasks/build/lib/project_tasks/dispatch_dynamic_event.py -> /home/maria/rmf_ws/install/project_tasks/lib/python3.12/site-packages/project_tasks
[2.320s] copying /home/maria/rmf_ws/build/project_tasks/build/lib/project_tasks/dispatch_action.py -> /home/maria/rmf_ws/install/project_tasks/lib/python3.12/site-packages/project_tasks
[2.320s] copying /home/maria/rmf_ws/build/project_tasks/build/lib/project_tasks/dispatch_clean.py -> /home/maria/rmf_ws/install/project_tasks/lib/python3.12/site-packages/project_tasks
[2.320s] copying /home/maria/rmf_ws/build/project_tasks/build/lib/project_tasks/api_request.py -> /home/maria/rmf_ws/install/project_tasks/lib/python3.12/site-packages/project_tasks
[2.320s] copying /home/maria/rmf_ws/build/project_tasks/build/lib/project_tasks/dispatch_teleop.py -> /home/maria/rmf_ws/install/project_tasks/lib/python3.12/site-packages/project_tasks
[2.320s] copying /home/maria/rmf_ws/build/project_tasks/build/lib/project_tasks/get_robot_location.py -> /home/maria/rmf_ws/install/project_tasks/lib/python3.12/site-packages/project_tasks
[2.320s] copying /home/maria/rmf_ws/build/project_tasks/build/lib/project_tasks/dispatch_go_to_place.py -> /home/maria/rmf_ws/install/project_tasks/lib/python3.12/site-packages/project_tasks
[2.320s] copying /home/maria/rmf_ws/build/project_tasks/build/lib/project_tasks/wait_for_task_complete.py -> /home/maria/rmf_ws/install/project_tasks/lib/python3.12/site-packages/project_tasks
[2.321s] copying /home/maria/rmf_ws/build/project_tasks/build/lib/project_tasks/mock_docker.py -> /home/maria/rmf_ws/install/project_tasks/lib/python3.12/site-packages/project_tasks
[2.321s] copying /home/maria/rmf_ws/build/project_tasks/build/lib/project_tasks/emergency_signal.py -> /home/maria/rmf_ws/install/project_tasks/lib/python3.12/site-packages/project_tasks
[2.321s] copying /home/maria/rmf_ws/build/project_tasks/build/lib/project_tasks/dispatch_patrol.py -> /home/maria/rmf_ws/install/project_tasks/lib/python3.12/site-packages/project_tasks
[2.321s] copying /home/maria/rmf_ws/build/project_tasks/build/lib/project_tasks/dynamic_event_client.py -> /home/maria/rmf_ws/install/project_tasks/lib/python3.12/site-packages/project_tasks
[2.321s] copying /home/maria/rmf_ws/build/project_tasks/build/lib/project_tasks/cancel_robot_task.py -> /home/maria/rmf_ws/install/project_tasks/lib/python3.12/site-packages/project_tasks
[2.321s] copying /home/maria/rmf_ws/build/project_tasks/build/lib/project_tasks/dispatch_delivery.py -> /home/maria/rmf_ws/install/project_tasks/lib/python3.12/site-packages/project_tasks
[2.322s] copying /home/maria/rmf_ws/build/project_tasks/build/lib/project_tasks/dispatch_json.py -> /home/maria/rmf_ws/install/project_tasks/lib/python3.12/site-packages/project_tasks
[2.322s] copying /home/maria/rmf_ws/build/project_tasks/build/lib/project_tasks/dispatch_cart_delivery.py -> /home/maria/rmf_ws/install/project_tasks/lib/python3.12/site-packages/project_tasks
[2.322s] copying /home/maria/rmf_ws/build/project_tasks/build/lib/project_tasks/request_loop.py -> /home/maria/rmf_ws/install/project_tasks/lib/python3.12/site-packages/project_tasks
[2.322s] copying /home/maria/rmf_ws/build/project_tasks/build/lib/project_tasks/__init__.py -> /home/maria/rmf_ws/install/project_tasks/lib/python3.12/site-packages/project_tasks
[2.323s] byte-compiling /home/maria/rmf_ws/install/project_tasks/lib/python3.12/site-packages/project_tasks/dispatch_loop.py to dispatch_loop.cpython-312.pyc
[2.324s] byte-compiling /home/maria/rmf_ws/install/project_tasks/lib/python3.12/site-packages/project_tasks/teleop_robot.py to teleop_robot.cpython-312.pyc
[2.325s] byte-compiling /home/maria/rmf_ws/install/project_tasks/lib/python3.12/site-packages/project_tasks/request_lift.py to request_lift.cpython-312.pyc
[2.326s] byte-compiling /home/maria/rmf_ws/install/project_tasks/lib/python3.12/site-packages/project_tasks/cancel_task.py to cancel_task.cpython-312.pyc
[2.327s] byte-compiling /home/maria/rmf_ws/install/project_tasks/lib/python3.12/site-packages/project_tasks/dispatch_dynamic_event.py to dispatch_dynamic_event.cpython-312.pyc
[2.328s] byte-compiling /home/maria/rmf_ws/install/project_tasks/lib/python3.12/site-packages/project_tasks/dispatch_action.py to dispatch_action.cpython-312.pyc
[2.330s] byte-compiling /home/maria/rmf_ws/install/project_tasks/lib/python3.12/site-packages/project_tasks/dispatch_clean.py to dispatch_clean.cpython-312.pyc
[2.332s] byte-compiling /home/maria/rmf_ws/install/project_tasks/lib/python3.12/site-packages/project_tasks/api_request.py to api_request.cpython-312.pyc
[2.332s] byte-compiling /home/maria/rmf_ws/install/project_tasks/lib/python3.12/site-packages/project_tasks/dispatch_teleop.py to dispatch_teleop.cpython-312.pyc
[2.333s] byte-compiling /home/maria/rmf_ws/install/project_tasks/lib/python3.12/site-packages/project_tasks/get_robot_location.py to get_robot_location.cpython-312.pyc
[2.334s] byte-compiling /home/maria/rmf_ws/install/project_tasks/lib/python3.12/site-packages/project_tasks/dispatch_go_to_place.py to dispatch_go_to_place.cpython-312.pyc
[2.337s] byte-compiling /home/maria/rmf_ws/install/project_tasks/lib/python3.12/site-packages/project_tasks/wait_for_task_complete.py to wait_for_task_complete.cpython-312.pyc
[2.337s] byte-compiling /home/maria/rmf_ws/install/project_tasks/lib/python3.12/site-packages/project_tasks/mock_docker.py to mock_docker.cpython-312.pyc
[2.339s] byte-compiling /home/maria/rmf_ws/install/project_tasks/lib/python3.12/site-packages/project_tasks/emergency_signal.py to emergency_signal.cpython-312.pyc
[2.339s] byte-compiling /home/maria/rmf_ws/install/project_tasks/lib/python3.12/site-packages/project_tasks/dispatch_patrol.py to dispatch_patrol.cpython-312.pyc
[2.340s] byte-compiling /home/maria/rmf_ws/install/project_tasks/lib/python3.12/site-packages/project_tasks/dynamic_event_client.py to dynamic_event_client.cpython-312.pyc
[2.342s] byte-compiling /home/maria/rmf_ws/install/project_tasks/lib/python3.12/site-packages/project_tasks/cancel_robot_task.py to cancel_robot_task.cpython-312.pyc
[2.343s] byte-compiling /home/maria/rmf_ws/install/project_tasks/lib/python3.12/site-packages/project_tasks/dispatch_delivery.py to dispatch_delivery.cpython-312.pyc
[2.345s] byte-compiling /home/maria/rmf_ws/install/project_tasks/lib/python3.12/site-packages/project_tasks/dispatch_json.py to dispatch_json.cpython-312.pyc
[2.346s] byte-compiling /home/maria/rmf_ws/install/project_tasks/lib/python3.12/site-packages/project_tasks/dispatch_cart_delivery.py to dispatch_cart_delivery.cpython-312.pyc
[2.347s] byte-compiling /home/maria/rmf_ws/install/project_tasks/lib/python3.12/site-packages/project_tasks/request_loop.py to request_loop.cpython-312.pyc
[2.348s] byte-compiling /home/maria/rmf_ws/install/project_tasks/lib/python3.12/site-packages/project_tasks/__init__.py to __init__.cpython-312.pyc
[2.348s] running install_data
[2.348s] creating /home/maria/rmf_ws/install/project_tasks/share/ament_index
[2.348s] creating /home/maria/rmf_ws/install/project_tasks/share/ament_index/resource_index
[2.348s] creating /home/maria/rmf_ws/install/project_tasks/share/ament_index/resource_index/packages
[2.349s] copying resource/project_tasks -> /home/maria/rmf_ws/install/project_tasks/share/ament_index/resource_index/packages
[2.349s] copying package.xml -> /home/maria/rmf_ws/install/project_tasks/share/project_tasks
[2.349s] running install_egg_info
[2.369s] Copying ../../../build/project_tasks/project_tasks.egg-info to /home/maria/rmf_ws/install/project_tasks/lib/python3.12/site-packages/project_tasks-2.8.1-py3.12.egg-info
[2.370s] running install_scripts
[2.506s] Installing api_request script to /home/maria/rmf_ws/install/project_tasks/lib/project_tasks
[2.506s] Installing cancel_robot_task script to /home/maria/rmf_ws/install/project_tasks/lib/project_tasks
[2.506s] Installing cancel_task script to /home/maria/rmf_ws/install/project_tasks/lib/project_tasks
[2.507s] Installing dispatch_action script to /home/maria/rmf_ws/install/project_tasks/lib/project_tasks
[2.507s] Installing dispatch_cart_delivery script to /home/maria/rmf_ws/install/project_tasks/lib/project_tasks
[2.507s] Installing dispatch_clean script to /home/maria/rmf_ws/install/project_tasks/lib/project_tasks
[2.507s] Installing dispatch_delivery script to /home/maria/rmf_ws/install/project_tasks/lib/project_tasks
[2.507s] Installing dispatch_dynamic_event script to /home/maria/rmf_ws/install/project_tasks/lib/project_tasks
[2.507s] Installing dispatch_go_to_place script to /home/maria/rmf_ws/install/project_tasks/lib/project_tasks
[2.507s] Installing dispatch_json script to /home/maria/rmf_ws/install/project_tasks/lib/project_tasks
[2.508s] Installing dispatch_loop script to /home/maria/rmf_ws/install/project_tasks/lib/project_tasks
[2.508s] Installing dispatch_patrol script to /home/maria/rmf_ws/install/project_tasks/lib/project_tasks
[2.508s] Installing dispatch_teleop script to /home/maria/rmf_ws/install/project_tasks/lib/project_tasks
[2.508s] Installing dynamic_event_client script to /home/maria/rmf_ws/install/project_tasks/lib/project_tasks
[2.508s] Installing emergency_signal script to /home/maria/rmf_ws/install/project_tasks/lib/project_tasks
[2.508s] Installing get_robot_location script to /home/maria/rmf_ws/install/project_tasks/lib/project_tasks
[2.508s] Installing mock_docker script to /home/maria/rmf_ws/install/project_tasks/lib/project_tasks
[2.509s] Installing request_lift script to /home/maria/rmf_ws/install/project_tasks/lib/project_tasks
[2.509s] Installing request_loop script to /home/maria/rmf_ws/install/project_tasks/lib/project_tasks
[2.509s] Installing teleop_robot script to /home/maria/rmf_ws/install/project_tasks/lib/project_tasks
[2.509s] Installing wait_for_task_complete script to /home/maria/rmf_ws/install/project_tasks/lib/project_tasks
[2.509s] writing list of installed files to '/home/maria/rmf_ws/build/project_tasks/install.log'
[2.538s] Invoked command in '/home/maria/rmf_ws/src/project/project_tasks' returned '0': PYTHONPATH=/home/maria/rmf_ws/build/project_tasks/prefix_override:/usr/lib/python3/dist-packages/colcon_core/task/python/colcon_distutils_commands:/home/maria/rmf_ws/install/project_tasks/lib/python3.12/site-packages:${PYTHONPATH} /usr/bin/python3 -W ignore:setup.py install is deprecated -W ignore:easy_install command is deprecated setup.py egg_info --egg-base ../../../build/project_tasks build --build-base /home/maria/rmf_ws/build/project_tasks/build install --record /home/maria/rmf_ws/build/project_tasks/install.log --single-version-externally-managed install_data
