[0.076s] DEBUG:colcon:Command line arguments: ['/usr/bin/colcon', 'build']
[0.076s] DEBUG:colcon:Parsed command line arguments: Namespace(log_base=None, log_level=None, verb_name='build', build_base='build', install_base='install', merge_install=False, symlink_install=False, test_result_base=None, continue_on_error=False, executor='parallel', parallel_workers=8, event_handlers=None, ignore_user_meta=False, metas=['./colcon.meta'], base_paths=['.'], packages_ignore=None, packages_ignore_regex=None, paths=None, packages_up_to=None, packages_up_to_regex=None, packages_above=None, packages_above_and_dependencies=None, packages_above_depth=None, packages_select_by_dep=None, packages_skip_by_dep=None, packages_skip_up_to=None, packages_select_build_failed=False, packages_skip_build_finished=False, packages_select_test_failures=False, packages_skip_test_passed=False, packages_select=None, packages_skip=None, packages_select_regex=None, packages_skip_regex=None, packages_start=None, packages_end=None, allow_overriding=[], cmake_args=None, cmake_target=None, cmake_target_skip_unavailable=False, cmake_clean_cache=False, cmake_clean_first=False, cmake_force_configure=False, ament_cmake_args=None, catkin_cmake_args=None, catkin_skip_building_tests=False, mixin_files=None, mixin=None, verb_parser=<colcon_mixin.mixin.mixin_argument.MixinArgumentDecorator object at 0x71bd9999a5f0>, verb_extension=<colcon_core.verb.build.BuildVerb object at 0x71bd9999a020>, main=<bound method BuildVerb.main of <colcon_core.verb.build.BuildVerb object at 0x71bd9999a020>>, mixin_verb=('build',))
[0.107s] Level 1:colcon.colcon_core.package_discovery:discover_packages(colcon_meta) check parameters
[0.107s] Level 1:colcon.colcon_core.package_discovery:discover_packages(recursive) check parameters
[0.107s] Level 1:colcon.colcon_core.package_discovery:discover_packages(ignore) check parameters
[0.107s] Level 1:colcon.colcon_core.package_discovery:discover_packages(path) check parameters
[0.107s] Level 1:colcon.colcon_core.package_discovery:discover_packages(colcon_meta) discover
[0.107s] Level 1:colcon.colcon_core.package_discovery:discover_packages(recursive) discover
[0.108s] INFO:colcon.colcon_core.package_discovery:Crawling recursively for packages in '/home/maria/Documentos/GitHub/IR2134/rmf_ws'
[0.108s] Level 1:colcon.colcon_core.package_identification:_identify(.) by extensions ['ignore', 'ignore_ament_install']
[0.108s] Level 1:colcon.colcon_core.package_identification:_identify(.) by extension 'ignore'
[0.108s] Level 1:colcon.colcon_core.package_identification:_identify(.) by extension 'ignore_ament_install'
[0.108s] Level 1:colcon.colcon_core.package_identification:_identify(.) by extensions ['colcon_pkg']
[0.108s] Level 1:colcon.colcon_core.package_identification:_identify(.) by extension 'colcon_pkg'
[0.108s] Level 1:colcon.colcon_core.package_identification:_identify(.) by extensions ['colcon_meta']
[0.108s] Level 1:colcon.colcon_core.package_identification:_identify(.) by extension 'colcon_meta'
[0.108s] Level 1:colcon.colcon_core.package_identification:_identify(.) by extensions ['ros']
[0.108s] Level 1:colcon.colcon_core.package_identification:_identify(.) by extension 'ros'
[0.117s] Level 1:colcon.colcon_core.package_identification:_identify(.) by extensions ['cmake', 'python']
[0.117s] Level 1:colcon.colcon_core.package_identification:_identify(.) by extension 'cmake'
[0.118s] Level 1:colcon.colcon_core.package_identification:_identify(.) by extension 'python'
[0.118s] Level 1:colcon.colcon_core.package_identification:_identify(.) by extensions ['python_setup_py']
[0.118s] Level 1:colcon.colcon_core.package_identification:_identify(.) by extension 'python_setup_py'
[0.118s] Level 1:colcon.colcon_core.package_identification:_identify(build) by extensions ['ignore', 'ignore_ament_install']
[0.118s] Level 1:colcon.colcon_core.package_identification:_identify(build) by extension 'ignore'
[0.118s] Level 1:colcon.colcon_core.package_identification:_identify(build) ignored
[0.118s] Level 1:colcon.colcon_core.package_identification:_identify(install) by extensions ['ignore', 'ignore_ament_install']
[0.118s] Level 1:colcon.colcon_core.package_identification:_identify(install) by extension 'ignore'
[0.118s] Level 1:colcon.colcon_core.package_identification:_identify(install) ignored
[0.118s] Level 1:colcon.colcon_core.package_identification:_identify(log) by extensions ['ignore', 'ignore_ament_install']
[0.118s] Level 1:colcon.colcon_core.package_identification:_identify(log) by extension 'ignore'
[0.118s] Level 1:colcon.colcon_core.package_identification:_identify(log) ignored
[0.118s] Level 1:colcon.colcon_core.package_identification:_identify(src) by extensions ['ignore', 'ignore_ament_install']
[0.118s] Level 1:colcon.colcon_core.package_identification:_identify(src) by extension 'ignore'
[0.118s] Level 1:colcon.colcon_core.package_identification:_identify(src) by extension 'ignore_ament_install'
[0.118s] Level 1:colcon.colcon_core.package_identification:_identify(src) by extensions ['colcon_pkg']
[0.118s] Level 1:colcon.colcon_core.package_identification:_identify(src) by extension 'colcon_pkg'
[0.118s] Level 1:colcon.colcon_core.package_identification:_identify(src) by extensions ['colcon_meta']
[0.118s] Level 1:colcon.colcon_core.package_identification:_identify(src) by extension 'colcon_meta'
[0.118s] Level 1:colcon.colcon_core.package_identification:_identify(src) by extensions ['ros']
[0.118s] Level 1:colcon.colcon_core.package_identification:_identify(src) by extension 'ros'
[0.118s] Level 1:colcon.colcon_core.package_identification:_identify(src) by extensions ['cmake', 'python']
[0.118s] Level 1:colcon.colcon_core.package_identification:_identify(src) by extension 'cmake'
[0.118s] Level 1:colcon.colcon_core.package_identification:_identify(src) by extension 'python'
[0.119s] Level 1:colcon.colcon_core.package_identification:_identify(src) by extensions ['python_setup_py']
[0.119s] Level 1:colcon.colcon_core.package_identification:_identify(src) by extension 'python_setup_py'
[0.119s] Level 1:colcon.colcon_core.package_identification:_identify(src/project) by extensions ['ignore', 'ignore_ament_install']
[0.119s] Level 1:colcon.colcon_core.package_identification:_identify(src/project) by extension 'ignore'
[0.119s] Level 1:colcon.colcon_core.package_identification:_identify(src/project) by extension 'ignore_ament_install'
[0.119s] Level 1:colcon.colcon_core.package_identification:_identify(src/project) by extensions ['colcon_pkg']
[0.119s] Level 1:colcon.colcon_core.package_identification:_identify(src/project) by extension 'colcon_pkg'
[0.119s] Level 1:colcon.colcon_core.package_identification:_identify(src/project) by extensions ['colcon_meta']
[0.119s] Level 1:colcon.colcon_core.package_identification:_identify(src/project) by extension 'colcon_meta'
[0.119s] Level 1:colcon.colcon_core.package_identification:_identify(src/project) by extensions ['ros']
[0.119s] Level 1:colcon.colcon_core.package_identification:_identify(src/project) by extension 'ros'
[0.119s] Level 1:colcon.colcon_core.package_identification:_identify(src/project) by extensions ['cmake', 'python']
[0.119s] Level 1:colcon.colcon_core.package_identification:_identify(src/project) by extension 'cmake'
[0.119s] Level 1:colcon.colcon_core.package_identification:_identify(src/project) by extension 'python'
[0.119s] Level 1:colcon.colcon_core.package_identification:_identify(src/project) by extensions ['python_setup_py']
[0.119s] Level 1:colcon.colcon_core.package_identification:_identify(src/project) by extension 'python_setup_py'
[0.119s] Level 1:colcon.colcon_core.package_identification:_identify(src/project/project_assets) by extensions ['ignore', 'ignore_ament_install']
[0.119s] Level 1:colcon.colcon_core.package_identification:_identify(src/project/project_assets) by extension 'ignore'
[0.119s] Level 1:colcon.colcon_core.package_identification:_identify(src/project/project_assets) by extension 'ignore_ament_install'
[0.119s] Level 1:colcon.colcon_core.package_identification:_identify(src/project/project_assets) by extensions ['colcon_pkg']
[0.119s] Level 1:colcon.colcon_core.package_identification:_identify(src/project/project_assets) by extension 'colcon_pkg'
[0.119s] Level 1:colcon.colcon_core.package_identification:_identify(src/project/project_assets) by extensions ['colcon_meta']
[0.119s] Level 1:colcon.colcon_core.package_identification:_identify(src/project/project_assets) by extension 'colcon_meta'
[0.119s] Level 1:colcon.colcon_core.package_identification:_identify(src/project/project_assets) by extensions ['ros']
[0.119s] Level 1:colcon.colcon_core.package_identification:_identify(src/project/project_assets) by extension 'ros'
[0.121s] DEBUG:colcon.colcon_core.package_identification:Package 'src/project/project_assets' with type 'ros.ament_cmake' and name 'project_assets'
[0.121s] Level 1:colcon.colcon_core.package_identification:_identify(src/project/project_config) by extensions ['ignore', 'ignore_ament_install']
[0.121s] Level 1:colcon.colcon_core.package_identification:_identify(src/project/project_config) by extension 'ignore'
[0.121s] Level 1:colcon.colcon_core.package_identification:_identify(src/project/project_config) by extension 'ignore_ament_install'
[0.121s] Level 1:colcon.colcon_core.package_identification:_identify(src/project/project_config) by extensions ['colcon_pkg']
[0.121s] Level 1:colcon.colcon_core.package_identification:_identify(src/project/project_config) by extension 'colcon_pkg'
[0.122s] Level 1:colcon.colcon_core.package_identification:_identify(src/project/project_config) by extensions ['colcon_meta']
[0.122s] Level 1:colcon.colcon_core.package_identification:_identify(src/project/project_config) by extension 'colcon_meta'
[0.122s] Level 1:colcon.colcon_core.package_identification:_identify(src/project/project_config) by extensions ['ros']
[0.122s] Level 1:colcon.colcon_core.package_identification:_identify(src/project/project_config) by extension 'ros'
[0.122s] DEBUG:colcon.colcon_core.package_identification:Package 'src/project/project_config' with type 'ros.ament_cmake' and name 'project_config'
[0.122s] Level 1:colcon.colcon_core.package_identification:_identify(src/project/project_fleet_adapter) by extensions ['ignore', 'ignore_ament_install']
[0.122s] Level 1:colcon.colcon_core.package_identification:_identify(src/project/project_fleet_adapter) by extension 'ignore'
[0.122s] Level 1:colcon.colcon_core.package_identification:_identify(src/project/project_fleet_adapter) by extension 'ignore_ament_install'
[0.122s] Level 1:colcon.colcon_core.package_identification:_identify(src/project/project_fleet_adapter) by extensions ['colcon_pkg']
[0.122s] Level 1:colcon.colcon_core.package_identification:_identify(src/project/project_fleet_adapter) by extension 'colcon_pkg'
[0.122s] Level 1:colcon.colcon_core.package_identification:_identify(src/project/project_fleet_adapter) by extensions ['colcon_meta']
[0.122s] Level 1:colcon.colcon_core.package_identification:_identify(src/project/project_fleet_adapter) by extension 'colcon_meta'
[0.122s] Level 1:colcon.colcon_core.package_identification:_identify(src/project/project_fleet_adapter) by extensions ['ros']
[0.122s] Level 1:colcon.colcon_core.package_identification:_identify(src/project/project_fleet_adapter) by extension 'ros'
[0.123s] DEBUG:colcon.colcon_core.package_identification:Package 'src/project/project_fleet_adapter' with type 'ros.ament_python' and name 'project_fleet_adapter'
[0.123s] Level 1:colcon.colcon_core.package_identification:_identify(src/project/project_maps) by extensions ['ignore', 'ignore_ament_install']
[0.123s] Level 1:colcon.colcon_core.package_identification:_identify(src/project/project_maps) by extension 'ignore'
[0.123s] Level 1:colcon.colcon_core.package_identification:_identify(src/project/project_maps) by extension 'ignore_ament_install'
[0.123s] Level 1:colcon.colcon_core.package_identification:_identify(src/project/project_maps) by extensions ['colcon_pkg']
[0.123s] Level 1:colcon.colcon_core.package_identification:_identify(src/project/project_maps) by extension 'colcon_pkg'
[0.123s] Level 1:colcon.colcon_core.package_identification:_identify(src/project/project_maps) by extensions ['colcon_meta']
[0.123s] Level 1:colcon.colcon_core.package_identification:_identify(src/project/project_maps) by extension 'colcon_meta'
[0.123s] Level 1:colcon.colcon_core.package_identification:_identify(src/project/project_maps) by extensions ['ros']
[0.123s] Level 1:colcon.colcon_core.package_identification:_identify(src/project/project_maps) by extension 'ros'
[0.124s] DEBUG:colcon.colcon_core.package_identification:Package 'src/project/project_maps' with type 'ros.ament_cmake' and name 'project_maps'
[0.124s] Level 1:colcon.colcon_core.package_identification:_identify(src/project/project_simulation) by extensions ['ignore', 'ignore_ament_install']
[0.124s] Level 1:colcon.colcon_core.package_identification:_identify(src/project/project_simulation) by extension 'ignore'
[0.124s] Level 1:colcon.colcon_core.package_identification:_identify(src/project/project_simulation) by extension 'ignore_ament_install'
[0.124s] Level 1:colcon.colcon_core.package_identification:_identify(src/project/project_simulation) by extensions ['colcon_pkg']
[0.124s] Level 1:colcon.colcon_core.package_identification:_identify(src/project/project_simulation) by extension 'colcon_pkg'
[0.124s] Level 1:colcon.colcon_core.package_identification:_identify(src/project/project_simulation) by extensions ['colcon_meta']
[0.124s] Level 1:colcon.colcon_core.package_identification:_identify(src/project/project_simulation) by extension 'colcon_meta'
[0.124s] Level 1:colcon.colcon_core.package_identification:_identify(src/project/project_simulation) by extensions ['ros']
[0.124s] Level 1:colcon.colcon_core.package_identification:_identify(src/project/project_simulation) by extension 'ros'
[0.124s] DEBUG:colcon.colcon_core.package_identification:Package 'src/project/project_simulation' with type 'ros.ament_cmake' and name 'project_simulation'
[0.125s] Level 1:colcon.colcon_core.package_discovery:discover_packages(recursive) using defaults
[0.125s] Level 1:colcon.colcon_core.package_discovery:discover_packages(ignore) discover
[0.125s] Level 1:colcon.colcon_core.package_discovery:discover_packages(ignore) using defaults
[0.125s] Level 1:colcon.colcon_core.package_discovery:discover_packages(path) discover
[0.125s] Level 1:colcon.colcon_core.package_discovery:discover_packages(path) using defaults
[0.141s] Level 1:colcon.colcon_core.package_discovery:discover_packages(prefix_path) check parameters
[0.141s] Level 1:colcon.colcon_core.package_discovery:discover_packages(prefix_path) discover
[0.142s] DEBUG:colcon.colcon_installed_package_information.package_discovery:Found 7 installed packages in /home/maria/Documentos/GitHub/IR2134/rmf_ws/install
[0.143s] DEBUG:colcon.colcon_installed_package_information.package_discovery:Found 302 installed packages in /opt/ros/humble
[0.144s] Level 1:colcon.colcon_core.package_discovery:discover_packages(prefix_path) using defaults
[0.170s] Level 5:colcon.colcon_core.verb:set package 'project_assets' build argument 'cmake_args' from command line to 'None'
[0.170s] Level 5:colcon.colcon_core.verb:set package 'project_assets' build argument 'cmake_target' from command line to 'None'
[0.170s] Level 5:colcon.colcon_core.verb:set package 'project_assets' build argument 'cmake_target_skip_unavailable' from command line to 'False'
[0.170s] Level 5:colcon.colcon_core.verb:set package 'project_assets' build argument 'cmake_clean_cache' from command line to 'False'
[0.170s] Level 5:colcon.colcon_core.verb:set package 'project_assets' build argument 'cmake_clean_first' from command line to 'False'
[0.170s] Level 5:colcon.colcon_core.verb:set package 'project_assets' build argument 'cmake_force_configure' from command line to 'False'
[0.170s] Level 5:colcon.colcon_core.verb:set package 'project_assets' build argument 'ament_cmake_args' from command line to 'None'
[0.170s] Level 5:colcon.colcon_core.verb:set package 'project_assets' build argument 'catkin_cmake_args' from command line to 'None'
[0.170s] Level 5:colcon.colcon_core.verb:set package 'project_assets' build argument 'catkin_skip_building_tests' from command line to 'False'
[0.170s] DEBUG:colcon.colcon_core.verb:Building package 'project_assets' with the following arguments: {'ament_cmake_args': None, 'build_base': '/home/maria/Documentos/GitHub/IR2134/rmf_ws/build/project_assets', 'catkin_cmake_args': None, 'catkin_skip_building_tests': False, 'cmake_args': None, 'cmake_clean_cache': False, 'cmake_clean_first': False, 'cmake_force_configure': False, 'cmake_target': None, 'cmake_target_skip_unavailable': False, 'install_base': '/home/maria/Documentos/GitHub/IR2134/rmf_ws/install/project_assets', 'merge_install': False, 'path': '/home/maria/Documentos/GitHub/IR2134/rmf_ws/src/project/project_assets', 'symlink_install': False, 'test_result_base': None}
[0.170s] Level 5:colcon.colcon_core.verb:set package 'project_fleet_adapter' build argument 'cmake_args' from command line to 'None'
[0.170s] Level 5:colcon.colcon_core.verb:set package 'project_fleet_adapter' build argument 'cmake_target' from command line to 'None'
[0.170s] Level 5:colcon.colcon_core.verb:set package 'project_fleet_adapter' build argument 'cmake_target_skip_unavailable' from command line to 'False'
[0.170s] Level 5:colcon.colcon_core.verb:set package 'project_fleet_adapter' build argument 'cmake_clean_cache' from command line to 'False'
[0.170s] Level 5:colcon.colcon_core.verb:set package 'project_fleet_adapter' build argument 'cmake_clean_first' from command line to 'False'
[0.170s] Level 5:colcon.colcon_core.verb:set package 'project_fleet_adapter' build argument 'cmake_force_configure' from command line to 'False'
[0.170s] Level 5:colcon.colcon_core.verb:set package 'project_fleet_adapter' build argument 'ament_cmake_args' from command line to 'None'
[0.170s] Level 5:colcon.colcon_core.verb:set package 'project_fleet_adapter' build argument 'catkin_cmake_args' from command line to 'None'
[0.170s] Level 5:colcon.colcon_core.verb:set package 'project_fleet_adapter' build argument 'catkin_skip_building_tests' from command line to 'False'
[0.170s] DEBUG:colcon.colcon_core.verb:Building package 'project_fleet_adapter' with the following arguments: {'ament_cmake_args': None, 'build_base': '/home/maria/Documentos/GitHub/IR2134/rmf_ws/build/project_fleet_adapter', 'catkin_cmake_args': None, 'catkin_skip_building_tests': False, 'cmake_args': None, 'cmake_clean_cache': False, 'cmake_clean_first': False, 'cmake_force_configure': False, 'cmake_target': None, 'cmake_target_skip_unavailable': False, 'install_base': '/home/maria/Documentos/GitHub/IR2134/rmf_ws/install/project_fleet_adapter', 'merge_install': False, 'path': '/home/maria/Documentos/GitHub/IR2134/rmf_ws/src/project/project_fleet_adapter', 'symlink_install': False, 'test_result_base': None}
[0.171s] Level 5:colcon.colcon_core.verb:set package 'project_maps' build argument 'cmake_args' from command line to 'None'
[0.171s] Level 5:colcon.colcon_core.verb:set package 'project_maps' build argument 'cmake_target' from command line to 'None'
[0.171s] Level 5:colcon.colcon_core.verb:set package 'project_maps' build argument 'cmake_target_skip_unavailable' from command line to 'False'
[0.171s] Level 5:colcon.colcon_core.verb:set package 'project_maps' build argument 'cmake_clean_cache' from command line to 'False'
[0.171s] Level 5:colcon.colcon_core.verb:set package 'project_maps' build argument 'cmake_clean_first' from command line to 'False'
[0.171s] Level 5:colcon.colcon_core.verb:set package 'project_maps' build argument 'cmake_force_configure' from command line to 'False'
[0.171s] Level 5:colcon.colcon_core.verb:set package 'project_maps' build argument 'ament_cmake_args' from command line to 'None'
[0.171s] Level 5:colcon.colcon_core.verb:set package 'project_maps' build argument 'catkin_cmake_args' from command line to 'None'
[0.171s] Level 5:colcon.colcon_core.verb:set package 'project_maps' build argument 'catkin_skip_building_tests' from command line to 'False'
[0.171s] DEBUG:colcon.colcon_core.verb:Building package 'project_maps' with the following arguments: {'ament_cmake_args': None, 'build_base': '/home/maria/Documentos/GitHub/IR2134/rmf_ws/build/project_maps', 'catkin_cmake_args': None, 'catkin_skip_building_tests': False, 'cmake_args': None, 'cmake_clean_cache': False, 'cmake_clean_first': False, 'cmake_force_configure': False, 'cmake_target': None, 'cmake_target_skip_unavailable': False, 'install_base': '/home/maria/Documentos/GitHub/IR2134/rmf_ws/install/project_maps', 'merge_install': False, 'path': '/home/maria/Documentos/GitHub/IR2134/rmf_ws/src/project/project_maps', 'symlink_install': False, 'test_result_base': None}
[0.171s] Level 5:colcon.colcon_core.verb:set package 'project_simulation' build argument 'cmake_args' from command line to 'None'
[0.171s] Level 5:colcon.colcon_core.verb:set package 'project_simulation' build argument 'cmake_target' from command line to 'None'
[0.171s] Level 5:colcon.colcon_core.verb:set package 'project_simulation' build argument 'cmake_target_skip_unavailable' from command line to 'False'
[0.171s] Level 5:colcon.colcon_core.verb:set package 'project_simulation' build argument 'cmake_clean_cache' from command line to 'False'
[0.171s] Level 5:colcon.colcon_core.verb:set package 'project_simulation' build argument 'cmake_clean_first' from command line to 'False'
[0.171s] Level 5:colcon.colcon_core.verb:set package 'project_simulation' build argument 'cmake_force_configure' from command line to 'False'
[0.171s] Level 5:colcon.colcon_core.verb:set package 'project_simulation' build argument 'ament_cmake_args' from command line to 'None'
[0.171s] Level 5:colcon.colcon_core.verb:set package 'project_simulation' build argument 'catkin_cmake_args' from command line to 'None'
[0.171s] Level 5:colcon.colcon_core.verb:set package 'project_simulation' build argument 'catkin_skip_building_tests' from command line to 'False'
[0.171s] DEBUG:colcon.colcon_core.verb:Building package 'project_simulation' with the following arguments: {'ament_cmake_args': None, 'build_base': '/home/maria/Documentos/GitHub/IR2134/rmf_ws/build/project_simulation', 'catkin_cmake_args': None, 'catkin_skip_building_tests': False, 'cmake_args': None, 'cmake_clean_cache': False, 'cmake_clean_first': False, 'cmake_force_configure': False, 'cmake_target': None, 'cmake_target_skip_unavailable': False, 'install_base': '/home/maria/Documentos/GitHub/IR2134/rmf_ws/install/project_simulation', 'merge_install': False, 'path': '/home/maria/Documentos/GitHub/IR2134/rmf_ws/src/project/project_simulation', 'symlink_install': False, 'test_result_base': None}
[0.171s] Level 5:colcon.colcon_core.verb:set package 'project_config' build argument 'cmake_args' from command line to 'None'
[0.171s] Level 5:colcon.colcon_core.verb:set package 'project_config' build argument 'cmake_target' from command line to 'None'
[0.172s] Level 5:colcon.colcon_core.verb:set package 'project_config' build argument 'cmake_target_skip_unavailable' from command line to 'False'
[0.172s] Level 5:colcon.colcon_core.verb:set package 'project_config' build argument 'cmake_clean_cache' from command line to 'False'
[0.172s] Level 5:colcon.colcon_core.verb:set package 'project_config' build argument 'cmake_clean_first' from command line to 'False'
[0.172s] Level 5:colcon.colcon_core.verb:set package 'project_config' build argument 'cmake_force_configure' from command line to 'False'
[0.172s] Level 5:colcon.colcon_core.verb:set package 'project_config' build argument 'ament_cmake_args' from command line to 'None'
[0.172s] Level 5:colcon.colcon_core.verb:set package 'project_config' build argument 'catkin_cmake_args' from command line to 'None'
[0.172s] Level 5:colcon.colcon_core.verb:set package 'project_config' build argument 'catkin_skip_building_tests' from command line to 'False'
[0.172s] DEBUG:colcon.colcon_core.verb:Building package 'project_config' with the following arguments: {'ament_cmake_args': None, 'build_base': '/home/maria/Documentos/GitHub/IR2134/rmf_ws/build/project_config', 'catkin_cmake_args': None, 'catkin_skip_building_tests': False, 'cmake_args': None, 'cmake_clean_cache': False, 'cmake_clean_first': False, 'cmake_force_configure': False, 'cmake_target': None, 'cmake_target_skip_unavailable': False, 'install_base': '/home/maria/Documentos/GitHub/IR2134/rmf_ws/install/project_config', 'merge_install': False, 'path': '/home/maria/Documentos/GitHub/IR2134/rmf_ws/src/project/project_config', 'symlink_install': False, 'test_result_base': None}
[0.172s] INFO:colcon.colcon_core.executor:Executing jobs using 'parallel' executor
[0.173s] DEBUG:colcon.colcon_parallel_executor.executor.parallel:run_until_complete
[0.173s] INFO:colcon.colcon_ros.task.ament_cmake.build:Building ROS package in '/home/maria/Documentos/GitHub/IR2134/rmf_ws/src/project/project_assets' with build type 'ament_cmake'
[0.173s] INFO:colcon.colcon_cmake.task.cmake.build:Building CMake package in '/home/maria/Documentos/GitHub/IR2134/rmf_ws/src/project/project_assets'
[0.175s] INFO:colcon.colcon_core.plugin_system:Skipping extension 'colcon_core.shell.bat': Not used on non-Windows systems
[0.175s] INFO:colcon.colcon_core.shell:Skip shell extension 'powershell' for command environment: Not usable outside of PowerShell
[0.175s] DEBUG:colcon.colcon_core.shell:Skip shell extension 'dsv' for command environment
[0.178s] INFO:colcon.colcon_ros.task.ament_python.build:Building ROS package in '/home/maria/Documentos/GitHub/IR2134/rmf_ws/src/project/project_fleet_adapter' with build type 'ament_python'
[0.178s] Level 1:colcon.colcon_core.shell:create_environment_hook('project_fleet_adapter', 'ament_prefix_path')
[0.179s] INFO:colcon.colcon_core.shell:Creating environment hook '/home/maria/Documentos/GitHub/IR2134/rmf_ws/install/project_fleet_adapter/share/project_fleet_adapter/hook/ament_prefix_path.ps1'
[0.179s] INFO:colcon.colcon_core.shell:Creating environment descriptor '/home/maria/Documentos/GitHub/IR2134/rmf_ws/install/project_fleet_adapter/share/project_fleet_adapter/hook/ament_prefix_path.dsv'
[0.180s] INFO:colcon.colcon_core.shell:Creating environment hook '/home/maria/Documentos/GitHub/IR2134/rmf_ws/install/project_fleet_adapter/share/project_fleet_adapter/hook/ament_prefix_path.sh'
[0.180s] INFO:colcon.colcon_core.shell:Skip shell extension 'powershell' for command environment: Not usable outside of PowerShell
[0.180s] DEBUG:colcon.colcon_core.shell:Skip shell extension 'dsv' for command environment
[0.183s] INFO:colcon.colcon_ros.task.ament_cmake.build:Building ROS package in '/home/maria/Documentos/GitHub/IR2134/rmf_ws/src/project/project_maps' with build type 'ament_cmake'
[0.183s] INFO:colcon.colcon_cmake.task.cmake.build:Building CMake package in '/home/maria/Documentos/GitHub/IR2134/rmf_ws/src/project/project_maps'
[0.183s] INFO:colcon.colcon_core.shell:Skip shell extension 'powershell' for command environment: Not usable outside of PowerShell
[0.183s] DEBUG:colcon.colcon_core.shell:Skip shell extension 'dsv' for command environment
[0.187s] INFO:colcon.colcon_ros.task.ament_cmake.build:Building ROS package in '/home/maria/Documentos/GitHub/IR2134/rmf_ws/src/project/project_simulation' with build type 'ament_cmake'
[0.187s] INFO:colcon.colcon_cmake.task.cmake.build:Building CMake package in '/home/maria/Documentos/GitHub/IR2134/rmf_ws/src/project/project_simulation'
[0.187s] INFO:colcon.colcon_core.shell:Skip shell extension 'powershell' for command environment: Not usable outside of PowerShell
[0.187s] DEBUG:colcon.colcon_core.shell:Skip shell extension 'dsv' for command environment
[0.196s] DEBUG:colcon.colcon_core.event_handler.log_command:Invoking command in '/home/maria/Documentos/GitHub/IR2134/rmf_ws/build/project_assets': CMAKE_PREFIX_PATH=${CMAKE_PREFIX_PATH}:/home/maria/Documentos/GitHub/IR2134/rmf_ws/install/project_fleet_adapter:/home/maria/Documentos/GitHub/IR2134/rmf_ws/install/rmf_demos_fleet_adapter:/opt/ros/humble /usr/bin/cmake --build /home/maria/Documentos/GitHub/IR2134/rmf_ws/build/project_assets -- -j8 -l8
[0.378s] INFO:colcon.colcon_core.task.python.build:Building Python package in '/home/maria/Documentos/GitHub/IR2134/rmf_ws/src/project/project_fleet_adapter'
[0.378s] INFO:colcon.colcon_core.shell:Skip shell extension 'powershell' for command environment: Not usable outside of PowerShell
[0.378s] DEBUG:colcon.colcon_core.shell:Skip shell extension 'dsv' for command environment
[0.385s] DEBUG:colcon.colcon_core.event_handler.log_command:Invoking command in '/home/maria/Documentos/GitHub/IR2134/rmf_ws/build/project_maps': CMAKE_PREFIX_PATH=${CMAKE_PREFIX_PATH}:/home/maria/Documentos/GitHub/IR2134/rmf_ws/install/project_fleet_adapter:/home/maria/Documentos/GitHub/IR2134/rmf_ws/install/rmf_demos_fleet_adapter:/opt/ros/humble /usr/bin/cmake --build /home/maria/Documentos/GitHub/IR2134/rmf_ws/build/project_maps -- -j8 -l8
[0.388s] DEBUG:colcon.colcon_core.event_handler.log_command:Invoking command in '/home/maria/Documentos/GitHub/IR2134/rmf_ws/build/project_simulation': CMAKE_PREFIX_PATH=${CMAKE_PREFIX_PATH}:/home/maria/Documentos/GitHub/IR2134/rmf_ws/install/project_fleet_adapter:/home/maria/Documentos/GitHub/IR2134/rmf_ws/install/rmf_demos_fleet_adapter:/opt/ros/humble /usr/bin/cmake --build /home/maria/Documentos/GitHub/IR2134/rmf_ws/build/project_simulation -- -j8 -l8
[0.389s] DEBUG:colcon.colcon_core.event_handler.log_command:Invoked command in '/home/maria/Documentos/GitHub/IR2134/rmf_ws/build/project_assets' returned '0': CMAKE_PREFIX_PATH=${CMAKE_PREFIX_PATH}:/home/maria/Documentos/GitHub/IR2134/rmf_ws/install/project_fleet_adapter:/home/maria/Documentos/GitHub/IR2134/rmf_ws/install/rmf_demos_fleet_adapter:/opt/ros/humble /usr/bin/cmake --build /home/maria/Documentos/GitHub/IR2134/rmf_ws/build/project_assets -- -j8 -l8
[0.398s] DEBUG:colcon.colcon_core.event_handler.log_command:Invoking command in '/home/maria/Documentos/GitHub/IR2134/rmf_ws/build/project_assets': CMAKE_PREFIX_PATH=${CMAKE_PREFIX_PATH}:/home/maria/Documentos/GitHub/IR2134/rmf_ws/install/project_fleet_adapter:/home/maria/Documentos/GitHub/IR2134/rmf_ws/install/rmf_demos_fleet_adapter:/opt/ros/humble /usr/bin/cmake --install /home/maria/Documentos/GitHub/IR2134/rmf_ws/build/project_assets
[0.411s] Level 1:colcon.colcon_core.environment:create_environment_scripts_only(project_assets)
[0.416s] DEBUG:colcon.colcon_core.event_handler.log_command:Invoked command in '/home/maria/Documentos/GitHub/IR2134/rmf_ws/build/project_assets' returned '0': CMAKE_PREFIX_PATH=${CMAKE_PREFIX_PATH}:/home/maria/Documentos/GitHub/IR2134/rmf_ws/install/project_fleet_adapter:/home/maria/Documentos/GitHub/IR2134/rmf_ws/install/rmf_demos_fleet_adapter:/opt/ros/humble /usr/bin/cmake --install /home/maria/Documentos/GitHub/IR2134/rmf_ws/build/project_assets
[0.419s] Level 1:colcon.colcon_core.environment:checking '/home/maria/Documentos/GitHub/IR2134/rmf_ws/install/project_assets' for CMake module files
[0.419s] Level 1:colcon.colcon_core.environment:checking '/home/maria/Documentos/GitHub/IR2134/rmf_ws/install/project_assets' for CMake config files
[0.420s] Level 1:colcon.colcon_core.shell:create_environment_hook('project_assets', 'cmake_prefix_path')
[0.421s] INFO:colcon.colcon_core.shell:Creating environment hook '/home/maria/Documentos/GitHub/IR2134/rmf_ws/install/project_assets/share/project_assets/hook/cmake_prefix_path.ps1'
[0.421s] INFO:colcon.colcon_core.shell:Creating environment descriptor '/home/maria/Documentos/GitHub/IR2134/rmf_ws/install/project_assets/share/project_assets/hook/cmake_prefix_path.dsv'
[0.422s] INFO:colcon.colcon_core.shell:Creating environment hook '/home/maria/Documentos/GitHub/IR2134/rmf_ws/install/project_assets/share/project_assets/hook/cmake_prefix_path.sh'
[0.423s] Level 1:colcon.colcon_core.environment:checking '/home/maria/Documentos/GitHub/IR2134/rmf_ws/install/project_assets/bin'
[0.423s] Level 1:colcon.colcon_core.environment:checking '/home/maria/Documentos/GitHub/IR2134/rmf_ws/install/project_assets/lib/pkgconfig/project_assets.pc'
[0.423s] Level 1:colcon.colcon_core.environment:checking '/home/maria/Documentos/GitHub/IR2134/rmf_ws/install/project_assets/lib/python3.10/site-packages'
[0.424s] Level 1:colcon.colcon_core.environment:checking '/home/maria/Documentos/GitHub/IR2134/rmf_ws/install/project_assets/bin'
[0.424s] INFO:colcon.colcon_core.shell:Creating package script '/home/maria/Documentos/GitHub/IR2134/rmf_ws/install/project_assets/share/project_assets/package.ps1'
[0.425s] INFO:colcon.colcon_core.shell:Creating package descriptor '/home/maria/Documentos/GitHub/IR2134/rmf_ws/install/project_assets/share/project_assets/package.dsv'
[0.426s] INFO:colcon.colcon_core.shell:Creating package script '/home/maria/Documentos/GitHub/IR2134/rmf_ws/install/project_assets/share/project_assets/package.sh'
[0.427s] INFO:colcon.colcon_core.shell:Creating package script '/home/maria/Documentos/GitHub/IR2134/rmf_ws/install/project_assets/share/project_assets/package.bash'
[0.428s] INFO:colcon.colcon_core.shell:Creating package script '/home/maria/Documentos/GitHub/IR2134/rmf_ws/install/project_assets/share/project_assets/package.zsh'
[0.429s] Level 1:colcon.colcon_core.environment:create_file_with_runtime_dependencies(/home/maria/Documentos/GitHub/IR2134/rmf_ws/install/project_assets/share/colcon-core/packages/project_assets)
[0.430s] Level 1:colcon.colcon_core.environment:create_environment_scripts_only(project_assets)
[0.430s] Level 1:colcon.colcon_core.environment:checking '/home/maria/Documentos/GitHub/IR2134/rmf_ws/install/project_assets' for CMake module files
[0.430s] Level 1:colcon.colcon_core.environment:checking '/home/maria/Documentos/GitHub/IR2134/rmf_ws/install/project_assets' for CMake config files
[0.431s] Level 1:colcon.colcon_core.shell:create_environment_hook('project_assets', 'cmake_prefix_path')
[0.431s] INFO:colcon.colcon_core.shell:Creating environment hook '/home/maria/Documentos/GitHub/IR2134/rmf_ws/install/project_assets/share/project_assets/hook/cmake_prefix_path.ps1'
[0.432s] INFO:colcon.colcon_core.shell:Creating environment descriptor '/home/maria/Documentos/GitHub/IR2134/rmf_ws/install/project_assets/share/project_assets/hook/cmake_prefix_path.dsv'
[0.432s] INFO:colcon.colcon_core.shell:Creating environment hook '/home/maria/Documentos/GitHub/IR2134/rmf_ws/install/project_assets/share/project_assets/hook/cmake_prefix_path.sh'
[0.433s] Level 1:colcon.colcon_core.environment:checking '/home/maria/Documentos/GitHub/IR2134/rmf_ws/install/project_assets/bin'
[0.433s] Level 1:colcon.colcon_core.environment:checking '/home/maria/Documentos/GitHub/IR2134/rmf_ws/install/project_assets/lib/pkgconfig/project_assets.pc'
[0.433s] Level 1:colcon.colcon_core.environment:checking '/home/maria/Documentos/GitHub/IR2134/rmf_ws/install/project_assets/lib/python3.10/site-packages'
[0.434s] Level 1:colcon.colcon_core.environment:checking '/home/maria/Documentos/GitHub/IR2134/rmf_ws/install/project_assets/bin'
[0.434s] INFO:colcon.colcon_core.shell:Creating package script '/home/maria/Documentos/GitHub/IR2134/rmf_ws/install/project_assets/share/project_assets/package.ps1'
[0.434s] INFO:colcon.colcon_core.shell:Creating package descriptor '/home/maria/Documentos/GitHub/IR2134/rmf_ws/install/project_assets/share/project_assets/package.dsv'
[0.435s] INFO:colcon.colcon_core.shell:Creating package script '/home/maria/Documentos/GitHub/IR2134/rmf_ws/install/project_assets/share/project_assets/package.sh'
[0.436s] INFO:colcon.colcon_core.shell:Creating package script '/home/maria/Documentos/GitHub/IR2134/rmf_ws/install/project_assets/share/project_assets/package.bash'
[0.436s] INFO:colcon.colcon_core.shell:Creating package script '/home/maria/Documentos/GitHub/IR2134/rmf_ws/install/project_assets/share/project_assets/package.zsh'
[0.437s] Level 1:colcon.colcon_core.environment:create_file_with_runtime_dependencies(/home/maria/Documentos/GitHub/IR2134/rmf_ws/install/project_assets/share/colcon-core/packages/project_assets)
[0.438s] DEBUG:colcon.colcon_core.event_handler.log_command:Invoked command in '/home/maria/Documentos/GitHub/IR2134/rmf_ws/build/project_simulation' returned '0': CMAKE_PREFIX_PATH=${CMAKE_PREFIX_PATH}:/home/maria/Documentos/GitHub/IR2134/rmf_ws/install/project_fleet_adapter:/home/maria/Documentos/GitHub/IR2134/rmf_ws/install/rmf_demos_fleet_adapter:/opt/ros/humble /usr/bin/cmake --build /home/maria/Documentos/GitHub/IR2134/rmf_ws/build/project_simulation -- -j8 -l8
[0.440s] DEBUG:colcon.colcon_core.event_handler.log_command:Invoking command in '/home/maria/Documentos/GitHub/IR2134/rmf_ws/build/project_simulation': CMAKE_PREFIX_PATH=${CMAKE_PREFIX_PATH}:/home/maria/Documentos/GitHub/IR2134/rmf_ws/install/project_fleet_adapter:/home/maria/Documentos/GitHub/IR2134/rmf_ws/install/rmf_demos_fleet_adapter:/opt/ros/humble /usr/bin/cmake --install /home/maria/Documentos/GitHub/IR2134/rmf_ws/build/project_simulation
[0.440s] DEBUG:colcon.colcon_core.event_handler.log_command:Invoked command in '/home/maria/Documentos/GitHub/IR2134/rmf_ws/build/project_maps' returned '0': CMAKE_PREFIX_PATH=${CMAKE_PREFIX_PATH}:/home/maria/Documentos/GitHub/IR2134/rmf_ws/install/project_fleet_adapter:/home/maria/Documentos/GitHub/IR2134/rmf_ws/install/rmf_demos_fleet_adapter:/opt/ros/humble /usr/bin/cmake --build /home/maria/Documentos/GitHub/IR2134/rmf_ws/build/project_maps -- -j8 -l8
[0.442s] DEBUG:colcon.colcon_core.event_handler.log_command:Invoking command in '/home/maria/Documentos/GitHub/IR2134/rmf_ws/build/project_maps': CMAKE_PREFIX_PATH=${CMAKE_PREFIX_PATH}:/home/maria/Documentos/GitHub/IR2134/rmf_ws/install/project_fleet_adapter:/home/maria/Documentos/GitHub/IR2134/rmf_ws/install/rmf_demos_fleet_adapter:/opt/ros/humble /usr/bin/cmake --install /home/maria/Documentos/GitHub/IR2134/rmf_ws/build/project_maps
[0.449s] Level 1:colcon.colcon_core.environment:create_environment_scripts_only(project_simulation)
[0.450s] Level 1:colcon.colcon_core.environment:checking '/home/maria/Documentos/GitHub/IR2134/rmf_ws/install/project_simulation' for CMake module files
[0.452s] DEBUG:colcon.colcon_core.event_handler.log_command:Invoked command in '/home/maria/Documentos/GitHub/IR2134/rmf_ws/build/project_simulation' returned '0': CMAKE_PREFIX_PATH=${CMAKE_PREFIX_PATH}:/home/maria/Documentos/GitHub/IR2134/rmf_ws/install/project_fleet_adapter:/home/maria/Documentos/GitHub/IR2134/rmf_ws/install/rmf_demos_fleet_adapter:/opt/ros/humble /usr/bin/cmake --install /home/maria/Documentos/GitHub/IR2134/rmf_ws/build/project_simulation
[0.452s] Level 1:colcon.colcon_core.environment:checking '/home/maria/Documentos/GitHub/IR2134/rmf_ws/install/project_simulation' for CMake config files
[0.453s] Level 1:colcon.colcon_core.shell:create_environment_hook('project_simulation', 'cmake_prefix_path')
[0.453s] INFO:colcon.colcon_core.shell:Creating environment hook '/home/maria/Documentos/GitHub/IR2134/rmf_ws/install/project_simulation/share/project_simulation/hook/cmake_prefix_path.ps1'
[0.454s] INFO:colcon.colcon_core.shell:Creating environment descriptor '/home/maria/Documentos/GitHub/IR2134/rmf_ws/install/project_simulation/share/project_simulation/hook/cmake_prefix_path.dsv'
[0.454s] INFO:colcon.colcon_core.shell:Creating environment hook '/home/maria/Documentos/GitHub/IR2134/rmf_ws/install/project_simulation/share/project_simulation/hook/cmake_prefix_path.sh'
[0.455s] Level 1:colcon.colcon_core.environment:checking '/home/maria/Documentos/GitHub/IR2134/rmf_ws/install/project_simulation/bin'
[0.455s] Level 1:colcon.colcon_core.environment:checking '/home/maria/Documentos/GitHub/IR2134/rmf_ws/install/project_simulation/lib/pkgconfig/project_simulation.pc'
[0.455s] Level 1:colcon.colcon_core.environment:checking '/home/maria/Documentos/GitHub/IR2134/rmf_ws/install/project_simulation/lib/python3.10/site-packages'
[0.456s] Level 1:colcon.colcon_core.environment:checking '/home/maria/Documentos/GitHub/IR2134/rmf_ws/install/project_simulation/bin'
[0.456s] INFO:colcon.colcon_core.shell:Creating package script '/home/maria/Documentos/GitHub/IR2134/rmf_ws/install/project_simulation/share/project_simulation/package.ps1'
[0.457s] INFO:colcon.colcon_core.shell:Creating package descriptor '/home/maria/Documentos/GitHub/IR2134/rmf_ws/install/project_simulation/share/project_simulation/package.dsv'
[0.457s] INFO:colcon.colcon_core.shell:Creating package script '/home/maria/Documentos/GitHub/IR2134/rmf_ws/install/project_simulation/share/project_simulation/package.sh'
[0.458s] INFO:colcon.colcon_core.shell:Creating package script '/home/maria/Documentos/GitHub/IR2134/rmf_ws/install/project_simulation/share/project_simulation/package.bash'
[0.458s] INFO:colcon.colcon_core.shell:Creating package script '/home/maria/Documentos/GitHub/IR2134/rmf_ws/install/project_simulation/share/project_simulation/package.zsh'
[0.458s] Level 1:colcon.colcon_core.environment:create_file_with_runtime_dependencies(/home/maria/Documentos/GitHub/IR2134/rmf_ws/install/project_simulation/share/colcon-core/packages/project_simulation)
[0.459s] Level 1:colcon.colcon_core.environment:create_environment_scripts_only(project_simulation)
[0.459s] Level 1:colcon.colcon_core.environment:checking '/home/maria/Documentos/GitHub/IR2134/rmf_ws/install/project_simulation' for CMake module files
[0.460s] Level 1:colcon.colcon_core.environment:checking '/home/maria/Documentos/GitHub/IR2134/rmf_ws/install/project_simulation' for CMake config files
[0.460s] Level 1:colcon.colcon_core.shell:create_environment_hook('project_simulation', 'cmake_prefix_path')
[0.461s] INFO:colcon.colcon_core.shell:Creating environment hook '/home/maria/Documentos/GitHub/IR2134/rmf_ws/install/project_simulation/share/project_simulation/hook/cmake_prefix_path.ps1'
[0.461s] INFO:colcon.colcon_core.shell:Creating environment descriptor '/home/maria/Documentos/GitHub/IR2134/rmf_ws/install/project_simulation/share/project_simulation/hook/cmake_prefix_path.dsv'
[0.461s] INFO:colcon.colcon_core.shell:Creating environment hook '/home/maria/Documentos/GitHub/IR2134/rmf_ws/install/project_simulation/share/project_simulation/hook/cmake_prefix_path.sh'
[0.462s] Level 1:colcon.colcon_core.environment:checking '/home/maria/Documentos/GitHub/IR2134/rmf_ws/install/project_simulation/bin'
[0.462s] Level 1:colcon.colcon_core.environment:checking '/home/maria/Documentos/GitHub/IR2134/rmf_ws/install/project_simulation/lib/pkgconfig/project_simulation.pc'
[0.462s] Level 1:colcon.colcon_core.environment:checking '/home/maria/Documentos/GitHub/IR2134/rmf_ws/install/project_simulation/lib/python3.10/site-packages'
[0.463s] Level 1:colcon.colcon_core.environment:checking '/home/maria/Documentos/GitHub/IR2134/rmf_ws/install/project_simulation/bin'
[0.463s] INFO:colcon.colcon_core.shell:Creating package script '/home/maria/Documentos/GitHub/IR2134/rmf_ws/install/project_simulation/share/project_simulation/package.ps1'
[0.464s] INFO:colcon.colcon_core.shell:Creating package descriptor '/home/maria/Documentos/GitHub/IR2134/rmf_ws/install/project_simulation/share/project_simulation/package.dsv'
[0.464s] INFO:colcon.colcon_core.shell:Creating package script '/home/maria/Documentos/GitHub/IR2134/rmf_ws/install/project_simulation/share/project_simulation/package.sh'
[0.465s] INFO:colcon.colcon_core.shell:Creating package script '/home/maria/Documentos/GitHub/IR2134/rmf_ws/install/project_simulation/share/project_simulation/package.bash'
[0.466s] INFO:colcon.colcon_core.shell:Creating package script '/home/maria/Documentos/GitHub/IR2134/rmf_ws/install/project_simulation/share/project_simulation/package.zsh'
[0.467s] Level 1:colcon.colcon_core.environment:create_file_with_runtime_dependencies(/home/maria/Documentos/GitHub/IR2134/rmf_ws/install/project_simulation/share/colcon-core/packages/project_simulation)
[0.468s] Level 1:colcon.colcon_core.environment:create_environment_scripts_only(project_maps)
[0.468s] Level 1:colcon.colcon_core.environment:checking '/home/maria/Documentos/GitHub/IR2134/rmf_ws/install/project_maps' for CMake module files
[0.469s] DEBUG:colcon.colcon_core.event_handler.log_command:Invoked command in '/home/maria/Documentos/GitHub/IR2134/rmf_ws/build/project_maps' returned '0': CMAKE_PREFIX_PATH=${CMAKE_PREFIX_PATH}:/home/maria/Documentos/GitHub/IR2134/rmf_ws/install/project_fleet_adapter:/home/maria/Documentos/GitHub/IR2134/rmf_ws/install/rmf_demos_fleet_adapter:/opt/ros/humble /usr/bin/cmake --install /home/maria/Documentos/GitHub/IR2134/rmf_ws/build/project_maps
[0.470s] Level 1:colcon.colcon_core.environment:checking '/home/maria/Documentos/GitHub/IR2134/rmf_ws/install/project_maps' for CMake config files
[0.470s] Level 1:colcon.colcon_core.shell:create_environment_hook('project_maps', 'cmake_prefix_path')
[0.470s] INFO:colcon.colcon_core.shell:Creating environment hook '/home/maria/Documentos/GitHub/IR2134/rmf_ws/install/project_maps/share/project_maps/hook/cmake_prefix_path.ps1'
[0.471s] INFO:colcon.colcon_core.shell:Creating environment descriptor '/home/maria/Documentos/GitHub/IR2134/rmf_ws/install/project_maps/share/project_maps/hook/cmake_prefix_path.dsv'
[0.471s] INFO:colcon.colcon_core.shell:Creating environment hook '/home/maria/Documentos/GitHub/IR2134/rmf_ws/install/project_maps/share/project_maps/hook/cmake_prefix_path.sh'
[0.472s] Level 1:colcon.colcon_core.environment:checking '/home/maria/Documentos/GitHub/IR2134/rmf_ws/install/project_maps/bin'
[0.472s] Level 1:colcon.colcon_core.environment:checking '/home/maria/Documentos/GitHub/IR2134/rmf_ws/install/project_maps/lib/pkgconfig/project_maps.pc'
[0.472s] Level 1:colcon.colcon_core.environment:checking '/home/maria/Documentos/GitHub/IR2134/rmf_ws/install/project_maps/lib/python3.10/site-packages'
[0.473s] Level 1:colcon.colcon_core.environment:checking '/home/maria/Documentos/GitHub/IR2134/rmf_ws/install/project_maps/bin'
[0.473s] INFO:colcon.colcon_core.shell:Creating package script '/home/maria/Documentos/GitHub/IR2134/rmf_ws/install/project_maps/share/project_maps/package.ps1'
[0.473s] INFO:colcon.colcon_core.shell:Creating package descriptor '/home/maria/Documentos/GitHub/IR2134/rmf_ws/install/project_maps/share/project_maps/package.dsv'
[0.474s] INFO:colcon.colcon_core.shell:Creating package script '/home/maria/Documentos/GitHub/IR2134/rmf_ws/install/project_maps/share/project_maps/package.sh'
[0.474s] INFO:colcon.colcon_core.shell:Creating package script '/home/maria/Documentos/GitHub/IR2134/rmf_ws/install/project_maps/share/project_maps/package.bash'
[0.475s] INFO:colcon.colcon_core.shell:Creating package script '/home/maria/Documentos/GitHub/IR2134/rmf_ws/install/project_maps/share/project_maps/package.zsh'
[0.475s] Level 1:colcon.colcon_core.environment:create_file_with_runtime_dependencies(/home/maria/Documentos/GitHub/IR2134/rmf_ws/install/project_maps/share/colcon-core/packages/project_maps)
[0.475s] Level 1:colcon.colcon_core.environment:create_environment_scripts_only(project_maps)
[0.476s] Level 1:colcon.colcon_core.environment:checking '/home/maria/Documentos/GitHub/IR2134/rmf_ws/install/project_maps' for CMake module files
[0.476s] Level 1:colcon.colcon_core.environment:checking '/home/maria/Documentos/GitHub/IR2134/rmf_ws/install/project_maps' for CMake config files
[0.476s] Level 1:colcon.colcon_core.shell:create_environment_hook('project_maps', 'cmake_prefix_path')
[0.476s] INFO:colcon.colcon_core.shell:Creating environment hook '/home/maria/Documentos/GitHub/IR2134/rmf_ws/install/project_maps/share/project_maps/hook/cmake_prefix_path.ps1'
[0.477s] INFO:colcon.colcon_core.shell:Creating environment descriptor '/home/maria/Documentos/GitHub/IR2134/rmf_ws/install/project_maps/share/project_maps/hook/cmake_prefix_path.dsv'
[0.477s] INFO:colcon.colcon_core.shell:Creating environment hook '/home/maria/Documentos/GitHub/IR2134/rmf_ws/install/project_maps/share/project_maps/hook/cmake_prefix_path.sh'
[0.477s] Level 1:colcon.colcon_core.environment:checking '/home/maria/Documentos/GitHub/IR2134/rmf_ws/install/project_maps/bin'
[0.477s] Level 1:colcon.colcon_core.environment:checking '/home/maria/Documentos/GitHub/IR2134/rmf_ws/install/project_maps/lib/pkgconfig/project_maps.pc'
[0.477s] Level 1:colcon.colcon_core.environment:checking '/home/maria/Documentos/GitHub/IR2134/rmf_ws/install/project_maps/lib/python3.10/site-packages'
[0.478s] Level 1:colcon.colcon_core.environment:checking '/home/maria/Documentos/GitHub/IR2134/rmf_ws/install/project_maps/bin'
[0.478s] INFO:colcon.colcon_core.shell:Creating package script '/home/maria/Documentos/GitHub/IR2134/rmf_ws/install/project_maps/share/project_maps/package.ps1'
[0.478s] INFO:colcon.colcon_core.shell:Creating package descriptor '/home/maria/Documentos/GitHub/IR2134/rmf_ws/install/project_maps/share/project_maps/package.dsv'
[0.479s] INFO:colcon.colcon_core.shell:Creating package script '/home/maria/Documentos/GitHub/IR2134/rmf_ws/install/project_maps/share/project_maps/package.sh'
[0.479s] INFO:colcon.colcon_core.shell:Creating package script '/home/maria/Documentos/GitHub/IR2134/rmf_ws/install/project_maps/share/project_maps/package.bash'
[0.479s] INFO:colcon.colcon_core.shell:Creating package script '/home/maria/Documentos/GitHub/IR2134/rmf_ws/install/project_maps/share/project_maps/package.zsh'
[0.480s] Level 1:colcon.colcon_core.environment:create_file_with_runtime_dependencies(/home/maria/Documentos/GitHub/IR2134/rmf_ws/install/project_maps/share/colcon-core/packages/project_maps)
[0.876s] DEBUG:colcon.colcon_core.event_handler.log_command:Invoking command in '/home/maria/Documentos/GitHub/IR2134/rmf_ws/src/project/project_fleet_adapter': PYTHONPATH=/home/maria/Documentos/GitHub/IR2134/rmf_ws/build/project_fleet_adapter/prefix_override:/usr/lib/python3/dist-packages/colcon_core/task/python/colcon_distutils_commands:/home/maria/Documentos/GitHub/IR2134/rmf_ws/install/project_fleet_adapter/lib/python3.10/site-packages:${PYTHONPATH} /usr/bin/python3 -W ignore:setup.py install is deprecated -W ignore:easy_install command is deprecated setup.py egg_info --egg-base ../../../build/project_fleet_adapter build --build-base /home/maria/Documentos/GitHub/IR2134/rmf_ws/build/project_fleet_adapter/build install --record /home/maria/Documentos/GitHub/IR2134/rmf_ws/build/project_fleet_adapter/install.log --single-version-externally-managed install_data
[1.208s] Level 1:colcon.colcon_core.environment:checking '/home/maria/Documentos/GitHub/IR2134/rmf_ws/install/project_fleet_adapter' for CMake module files
[1.209s] DEBUG:colcon.colcon_core.event_handler.log_command:Invoked command in '/home/maria/Documentos/GitHub/IR2134/rmf_ws/src/project/project_fleet_adapter' returned '0': PYTHONPATH=/home/maria/Documentos/GitHub/IR2134/rmf_ws/build/project_fleet_adapter/prefix_override:/usr/lib/python3/dist-packages/colcon_core/task/python/colcon_distutils_commands:/home/maria/Documentos/GitHub/IR2134/rmf_ws/install/project_fleet_adapter/lib/python3.10/site-packages:${PYTHONPATH} /usr/bin/python3 -W ignore:setup.py install is deprecated -W ignore:easy_install command is deprecated setup.py egg_info --egg-base ../../../build/project_fleet_adapter build --build-base /home/maria/Documentos/GitHub/IR2134/rmf_ws/build/project_fleet_adapter/build install --record /home/maria/Documentos/GitHub/IR2134/rmf_ws/build/project_fleet_adapter/install.log --single-version-externally-managed install_data
[1.209s] Level 1:colcon.colcon_core.environment:checking '/home/maria/Documentos/GitHub/IR2134/rmf_ws/install/project_fleet_adapter' for CMake config files
[1.210s] Level 1:colcon.colcon_core.environment:checking '/home/maria/Documentos/GitHub/IR2134/rmf_ws/install/project_fleet_adapter/lib'
[1.210s] Level 1:colcon.colcon_core.environment:checking '/home/maria/Documentos/GitHub/IR2134/rmf_ws/install/project_fleet_adapter/bin'
[1.210s] Level 1:colcon.colcon_core.environment:checking '/home/maria/Documentos/GitHub/IR2134/rmf_ws/install/project_fleet_adapter/lib/pkgconfig/project_fleet_adapter.pc'
[1.210s] Level 1:colcon.colcon_core.environment:checking '/home/maria/Documentos/GitHub/IR2134/rmf_ws/install/project_fleet_adapter/lib/python3.10/site-packages'
[1.210s] Level 1:colcon.colcon_core.shell:create_environment_hook('project_fleet_adapter', 'pythonpath')
[1.211s] INFO:colcon.colcon_core.shell:Creating environment hook '/home/maria/Documentos/GitHub/IR2134/rmf_ws/install/project_fleet_adapter/share/project_fleet_adapter/hook/pythonpath.ps1'
[1.211s] INFO:colcon.colcon_core.shell:Creating environment descriptor '/home/maria/Documentos/GitHub/IR2134/rmf_ws/install/project_fleet_adapter/share/project_fleet_adapter/hook/pythonpath.dsv'
[1.211s] INFO:colcon.colcon_core.shell:Creating environment hook '/home/maria/Documentos/GitHub/IR2134/rmf_ws/install/project_fleet_adapter/share/project_fleet_adapter/hook/pythonpath.sh'
[1.212s] Level 1:colcon.colcon_core.environment:checking '/home/maria/Documentos/GitHub/IR2134/rmf_ws/install/project_fleet_adapter/bin'
[1.213s] Level 1:colcon.colcon_core.environment:create_environment_scripts_only(project_fleet_adapter)
[1.213s] INFO:colcon.colcon_core.shell:Creating package script '/home/maria/Documentos/GitHub/IR2134/rmf_ws/install/project_fleet_adapter/share/project_fleet_adapter/package.ps1'
[1.214s] INFO:colcon.colcon_core.shell:Creating package descriptor '/home/maria/Documentos/GitHub/IR2134/rmf_ws/install/project_fleet_adapter/share/project_fleet_adapter/package.dsv'
[1.214s] INFO:colcon.colcon_core.shell:Creating package script '/home/maria/Documentos/GitHub/IR2134/rmf_ws/install/project_fleet_adapter/share/project_fleet_adapter/package.sh'
[1.214s] INFO:colcon.colcon_core.shell:Creating package script '/home/maria/Documentos/GitHub/IR2134/rmf_ws/install/project_fleet_adapter/share/project_fleet_adapter/package.bash'
[1.215s] INFO:colcon.colcon_core.shell:Creating package script '/home/maria/Documentos/GitHub/IR2134/rmf_ws/install/project_fleet_adapter/share/project_fleet_adapter/package.zsh'
[1.215s] Level 1:colcon.colcon_core.environment:create_file_with_runtime_dependencies(/home/maria/Documentos/GitHub/IR2134/rmf_ws/install/project_fleet_adapter/share/colcon-core/packages/project_fleet_adapter)
[1.215s] INFO:colcon.colcon_ros.task.ament_cmake.build:Building ROS package in '/home/maria/Documentos/GitHub/IR2134/rmf_ws/src/project/project_config' with build type 'ament_cmake'
[1.216s] INFO:colcon.colcon_cmake.task.cmake.build:Building CMake package in '/home/maria/Documentos/GitHub/IR2134/rmf_ws/src/project/project_config'
[1.216s] INFO:colcon.colcon_core.shell:Skip shell extension 'powershell' for command environment: Not usable outside of PowerShell
[1.216s] DEBUG:colcon.colcon_core.shell:Skip shell extension 'dsv' for command environment
[1.225s] DEBUG:colcon.colcon_core.event_handler.log_command:Invoking command in '/home/maria/Documentos/GitHub/IR2134/rmf_ws/build/project_config': CMAKE_PREFIX_PATH=/home/maria/Documentos/GitHub/IR2134/rmf_ws/install/project_maps:/home/maria/Documentos/GitHub/IR2134/rmf_ws/install/project_assets:/home/maria/Documentos/GitHub/IR2134/rmf_ws/install/rmf_demos_assets:/home/maria/Documentos/GitHub/IR2134/rmf_ws/install/project_simulation:/home/maria/Documentos/GitHub/IR2134/rmf_ws/install/project_config:/home/maria/Documentos/GitHub/IR2134/rmf_ws/install/project_fleet_adapter:/home/maria/Documentos/GitHub/IR2134/rmf_ws/install/rmf_demos_fleet_adapter:/opt/ros/humble PYTHONPATH=/home/maria/Documentos/GitHub/IR2134/rmf_ws/install/project_fleet_adapter/lib/python3.10/site-packages:/home/maria/Documentos/GitHub/IR2134/rmf_ws/install/rmf_demos_fleet_adapter/lib/python3.10/site-packages:/opt/ros/humble/lib/python3.10/site-packages:/opt/ros/humble/local/lib/python3.10/dist-packages:/opt/spark/python:/opt/spark/python /usr/bin/cmake --build /home/maria/Documentos/GitHub/IR2134/rmf_ws/build/project_config -- -j8 -l8
[1.260s] DEBUG:colcon.colcon_core.event_handler.log_command:Invoked command in '/home/maria/Documentos/GitHub/IR2134/rmf_ws/build/project_config' returned '0': CMAKE_PREFIX_PATH=/home/maria/Documentos/GitHub/IR2134/rmf_ws/install/project_maps:/home/maria/Documentos/GitHub/IR2134/rmf_ws/install/project_assets:/home/maria/Documentos/GitHub/IR2134/rmf_ws/install/rmf_demos_assets:/home/maria/Documentos/GitHub/IR2134/rmf_ws/install/project_simulation:/home/maria/Documentos/GitHub/IR2134/rmf_ws/install/project_config:/home/maria/Documentos/GitHub/IR2134/rmf_ws/install/project_fleet_adapter:/home/maria/Documentos/GitHub/IR2134/rmf_ws/install/rmf_demos_fleet_adapter:/opt/ros/humble PYTHONPATH=/home/maria/Documentos/GitHub/IR2134/rmf_ws/install/project_fleet_adapter/lib/python3.10/site-packages:/home/maria/Documentos/GitHub/IR2134/rmf_ws/install/rmf_demos_fleet_adapter/lib/python3.10/site-packages:/opt/ros/humble/lib/python3.10/site-packages:/opt/ros/humble/local/lib/python3.10/dist-packages:/opt/spark/python:/opt/spark/python /usr/bin/cmake --build /home/maria/Documentos/GitHub/IR2134/rmf_ws/build/project_config -- -j8 -l8
[1.261s] DEBUG:colcon.colcon_core.event_handler.log_command:Invoking command in '/home/maria/Documentos/GitHub/IR2134/rmf_ws/build/project_config': CMAKE_PREFIX_PATH=/home/maria/Documentos/GitHub/IR2134/rmf_ws/install/project_maps:/home/maria/Documentos/GitHub/IR2134/rmf_ws/install/project_assets:/home/maria/Documentos/GitHub/IR2134/rmf_ws/install/rmf_demos_assets:/home/maria/Documentos/GitHub/IR2134/rmf_ws/install/project_simulation:/home/maria/Documentos/GitHub/IR2134/rmf_ws/install/project_config:/home/maria/Documentos/GitHub/IR2134/rmf_ws/install/project_fleet_adapter:/home/maria/Documentos/GitHub/IR2134/rmf_ws/install/rmf_demos_fleet_adapter:/opt/ros/humble PYTHONPATH=/home/maria/Documentos/GitHub/IR2134/rmf_ws/install/project_fleet_adapter/lib/python3.10/site-packages:/home/maria/Documentos/GitHub/IR2134/rmf_ws/install/rmf_demos_fleet_adapter/lib/python3.10/site-packages:/opt/ros/humble/lib/python3.10/site-packages:/opt/ros/humble/local/lib/python3.10/dist-packages:/opt/spark/python:/opt/spark/python /usr/bin/cmake --install /home/maria/Documentos/GitHub/IR2134/rmf_ws/build/project_config
[1.269s] Level 1:colcon.colcon_core.environment:create_environment_scripts_only(project_config)
[1.269s] Level 1:colcon.colcon_core.environment:checking '/home/maria/Documentos/GitHub/IR2134/rmf_ws/install/project_config' for CMake module files
[1.269s] DEBUG:colcon.colcon_core.event_handler.log_command:Invoked command in '/home/maria/Documentos/GitHub/IR2134/rmf_ws/build/project_config' returned '0': CMAKE_PREFIX_PATH=/home/maria/Documentos/GitHub/IR2134/rmf_ws/install/project_maps:/home/maria/Documentos/GitHub/IR2134/rmf_ws/install/project_assets:/home/maria/Documentos/GitHub/IR2134/rmf_ws/install/rmf_demos_assets:/home/maria/Documentos/GitHub/IR2134/rmf_ws/install/project_simulation:/home/maria/Documentos/GitHub/IR2134/rmf_ws/install/project_config:/home/maria/Documentos/GitHub/IR2134/rmf_ws/install/project_fleet_adapter:/home/maria/Documentos/GitHub/IR2134/rmf_ws/install/rmf_demos_fleet_adapter:/opt/ros/humble PYTHONPATH=/home/maria/Documentos/GitHub/IR2134/rmf_ws/install/project_fleet_adapter/lib/python3.10/site-packages:/home/maria/Documentos/GitHub/IR2134/rmf_ws/install/rmf_demos_fleet_adapter/lib/python3.10/site-packages:/opt/ros/humble/lib/python3.10/site-packages:/opt/ros/humble/local/lib/python3.10/dist-packages:/opt/spark/python:/opt/spark/python /usr/bin/cmake --install /home/maria/Documentos/GitHub/IR2134/rmf_ws/build/project_config
[1.270s] Level 1:colcon.colcon_core.environment:checking '/home/maria/Documentos/GitHub/IR2134/rmf_ws/install/project_config' for CMake config files
[1.270s] Level 1:colcon.colcon_core.shell:create_environment_hook('project_config', 'cmake_prefix_path')
[1.270s] INFO:colcon.colcon_core.shell:Creating environment hook '/home/maria/Documentos/GitHub/IR2134/rmf_ws/install/project_config/share/project_config/hook/cmake_prefix_path.ps1'
[1.270s] INFO:colcon.colcon_core.shell:Creating environment descriptor '/home/maria/Documentos/GitHub/IR2134/rmf_ws/install/project_config/share/project_config/hook/cmake_prefix_path.dsv'
[1.271s] INFO:colcon.colcon_core.shell:Creating environment hook '/home/maria/Documentos/GitHub/IR2134/rmf_ws/install/project_config/share/project_config/hook/cmake_prefix_path.sh'
[1.271s] Level 1:colcon.colcon_core.environment:checking '/home/maria/Documentos/GitHub/IR2134/rmf_ws/install/project_config/bin'
[1.271s] Level 1:colcon.colcon_core.environment:checking '/home/maria/Documentos/GitHub/IR2134/rmf_ws/install/project_config/lib/pkgconfig/project_config.pc'
[1.271s] Level 1:colcon.colcon_core.environment:checking '/home/maria/Documentos/GitHub/IR2134/rmf_ws/install/project_config/lib/python3.10/site-packages'
[1.272s] Level 1:colcon.colcon_core.environment:checking '/home/maria/Documentos/GitHub/IR2134/rmf_ws/install/project_config/bin'
[1.272s] INFO:colcon.colcon_core.shell:Creating package script '/home/maria/Documentos/GitHub/IR2134/rmf_ws/install/project_config/share/project_config/package.ps1'
[1.272s] INFO:colcon.colcon_core.shell:Creating package descriptor '/home/maria/Documentos/GitHub/IR2134/rmf_ws/install/project_config/share/project_config/package.dsv'
[1.273s] INFO:colcon.colcon_core.shell:Creating package script '/home/maria/Documentos/GitHub/IR2134/rmf_ws/install/project_config/share/project_config/package.sh'
[1.273s] INFO:colcon.colcon_core.shell:Creating package script '/home/maria/Documentos/GitHub/IR2134/rmf_ws/install/project_config/share/project_config/package.bash'
[1.273s] INFO:colcon.colcon_core.shell:Creating package script '/home/maria/Documentos/GitHub/IR2134/rmf_ws/install/project_config/share/project_config/package.zsh'
[1.273s] Level 1:colcon.colcon_core.environment:create_file_with_runtime_dependencies(/home/maria/Documentos/GitHub/IR2134/rmf_ws/install/project_config/share/colcon-core/packages/project_config)
[1.274s] Level 1:colcon.colcon_core.environment:create_environment_scripts_only(project_config)
[1.274s] Level 1:colcon.colcon_core.environment:checking '/home/maria/Documentos/GitHub/IR2134/rmf_ws/install/project_config' for CMake module files
[1.274s] Level 1:colcon.colcon_core.environment:checking '/home/maria/Documentos/GitHub/IR2134/rmf_ws/install/project_config' for CMake config files
[1.274s] Level 1:colcon.colcon_core.shell:create_environment_hook('project_config', 'cmake_prefix_path')
[1.275s] INFO:colcon.colcon_core.shell:Creating environment hook '/home/maria/Documentos/GitHub/IR2134/rmf_ws/install/project_config/share/project_config/hook/cmake_prefix_path.ps1'
[1.275s] INFO:colcon.colcon_core.shell:Creating environment descriptor '/home/maria/Documentos/GitHub/IR2134/rmf_ws/install/project_config/share/project_config/hook/cmake_prefix_path.dsv'
[1.275s] INFO:colcon.colcon_core.shell:Creating environment hook '/home/maria/Documentos/GitHub/IR2134/rmf_ws/install/project_config/share/project_config/hook/cmake_prefix_path.sh'
[1.276s] Level 1:colcon.colcon_core.environment:checking '/home/maria/Documentos/GitHub/IR2134/rmf_ws/install/project_config/bin'
[1.276s] Level 1:colcon.colcon_core.environment:checking '/home/maria/Documentos/GitHub/IR2134/rmf_ws/install/project_config/lib/pkgconfig/project_config.pc'
[1.276s] Level 1:colcon.colcon_core.environment:checking '/home/maria/Documentos/GitHub/IR2134/rmf_ws/install/project_config/lib/python3.10/site-packages'
[1.276s] Level 1:colcon.colcon_core.environment:checking '/home/maria/Documentos/GitHub/IR2134/rmf_ws/install/project_config/bin'
[1.276s] INFO:colcon.colcon_core.shell:Creating package script '/home/maria/Documentos/GitHub/IR2134/rmf_ws/install/project_config/share/project_config/package.ps1'
[1.277s] INFO:colcon.colcon_core.shell:Creating package descriptor '/home/maria/Documentos/GitHub/IR2134/rmf_ws/install/project_config/share/project_config/package.dsv'
[1.277s] INFO:colcon.colcon_core.shell:Creating package script '/home/maria/Documentos/GitHub/IR2134/rmf_ws/install/project_config/share/project_config/package.sh'
[1.277s] INFO:colcon.colcon_core.shell:Creating package script '/home/maria/Documentos/GitHub/IR2134/rmf_ws/install/project_config/share/project_config/package.bash'
[1.278s] INFO:colcon.colcon_core.shell:Creating package script '/home/maria/Documentos/GitHub/IR2134/rmf_ws/install/project_config/share/project_config/package.zsh'
[1.278s] Level 1:colcon.colcon_core.environment:create_file_with_runtime_dependencies(/home/maria/Documentos/GitHub/IR2134/rmf_ws/install/project_config/share/colcon-core/packages/project_config)
[1.278s] DEBUG:colcon.colcon_parallel_executor.executor.parallel:closing loop
[1.278s] DEBUG:colcon.colcon_parallel_executor.executor.parallel:loop closed
[1.279s] DEBUG:colcon.colcon_parallel_executor.executor.parallel:run_until_complete finished with '0'
[1.279s] DEBUG:colcon.colcon_core.event_reactor:joining thread
[1.283s] INFO:colcon.colcon_core.plugin_system:Skipping extension 'colcon_notification.desktop_notification.terminal_notifier': Not used on non-Darwin systems
[1.283s] INFO:colcon.colcon_core.plugin_system:Skipping extension 'colcon_notification.desktop_notification.win32': Not used on non-Windows systems
[1.283s] INFO:colcon.colcon_notification.desktop_notification:Sending desktop notification using 'notify2'
[1.294s] DEBUG:colcon.colcon_core.event_reactor:joined thread
[1.294s] INFO:colcon.colcon_core.shell:Creating prefix script '/home/maria/Documentos/GitHub/IR2134/rmf_ws/install/local_setup.ps1'
[1.295s] INFO:colcon.colcon_core.shell:Creating prefix util module '/home/maria/Documentos/GitHub/IR2134/rmf_ws/install/_local_setup_util_ps1.py'
[1.297s] INFO:colcon.colcon_core.shell:Creating prefix chain script '/home/maria/Documentos/GitHub/IR2134/rmf_ws/install/setup.ps1'
[1.298s] INFO:colcon.colcon_core.shell:Creating prefix script '/home/maria/Documentos/GitHub/IR2134/rmf_ws/install/local_setup.sh'
[1.299s] INFO:colcon.colcon_core.shell:Creating prefix util module '/home/maria/Documentos/GitHub/IR2134/rmf_ws/install/_local_setup_util_sh.py'
[1.299s] INFO:colcon.colcon_core.shell:Creating prefix chain script '/home/maria/Documentos/GitHub/IR2134/rmf_ws/install/setup.sh'
[1.300s] INFO:colcon.colcon_core.shell:Creating prefix script '/home/maria/Documentos/GitHub/IR2134/rmf_ws/install/local_setup.bash'
[1.310s] INFO:colcon.colcon_core.shell:Creating prefix chain script '/home/maria/Documentos/GitHub/IR2134/rmf_ws/install/setup.bash'
[1.311s] INFO:colcon.colcon_core.shell:Creating prefix script '/home/maria/Documentos/GitHub/IR2134/rmf_ws/install/local_setup.zsh'
[1.312s] INFO:colcon.colcon_core.shell:Creating prefix chain script '/home/maria/Documentos/GitHub/IR2134/rmf_ws/install/setup.zsh'
