[0.155s] Invoking command in '/home/maria/Documentos/GitHub/IR2134/rmf_ws/build/project_simulation': CMAKE_PREFIX_PATH=${CMAKE_PREFIX_PATH}:/home/maria/Documentos/GitHub/IR2134/rmf_ws/install/rmf_demos_fleet_adapter:/opt/ros/humble /usr/bin/cmake --build /home/maria/Documentos/GitHub/IR2134/rmf_ws/build/project_simulation -- -j8 -l8
[0.185s] Invoked command in '/home/maria/Documentos/GitHub/IR2134/rmf_ws/build/project_simulation' returned '0': CMAKE_PREFIX_PATH=${CMAKE_PREFIX_PATH}:/home/maria/Documentos/GitHub/IR2134/rmf_ws/install/rmf_demos_fleet_adapter:/opt/ros/humble /usr/bin/cmake --build /home/maria/Documentos/GitHub/IR2134/rmf_ws/build/project_simulation -- -j8 -l8
[0.186s] Invoking command in '/home/maria/Documentos/GitHub/IR2134/rmf_ws/build/project_simulation': CMAKE_PREFIX_PATH=${CMAKE_PREFIX_PATH}:/home/maria/Documentos/GitHub/IR2134/rmf_ws/install/rmf_demos_fleet_adapter:/opt/ros/humble /usr/bin/cmake --install /home/maria/Documentos/GitHub/IR2134/rmf_ws/build/project_simulation
[0.191s] -- Install configuration: ""
[0.191s] -- Up-to-date: /home/maria/Documentos/GitHub/IR2134/rmf_ws/install/project_simulation/share/project_simulation//launch
[0.191s] -- Up-to-date: /home/maria/Documentos/GitHub/IR2134/rmf_ws/install/project_simulation/share/project_simulation//launch/test1.launch.xml
[0.191s] -- Up-to-date: /home/maria/Documentos/GitHub/IR2134/rmf_ws/install/project_simulation/share/project_simulation//launch/simulation.launch.xml
[0.192s] -- Up-to-date: /home/maria/Documentos/GitHub/IR2134/rmf_ws/install/project_simulation/share/ament_index/resource_index/package_run_dependencies/project_simulation
[0.192s] -- Up-to-date: /home/maria/Documentos/GitHub/IR2134/rmf_ws/install/project_simulation/share/ament_index/resource_index/parent_prefix_path/project_simulation
[0.192s] -- Up-to-date: /home/maria/Documentos/GitHub/IR2134/rmf_ws/install/project_simulation/share/project_simulation/environment/ament_prefix_path.sh
[0.192s] -- Up-to-date: /home/maria/Documentos/GitHub/IR2134/rmf_ws/install/project_simulation/share/project_simulation/environment/ament_prefix_path.dsv
[0.192s] -- Up-to-date: /home/maria/Documentos/GitHub/IR2134/rmf_ws/install/project_simulation/share/project_simulation/environment/path.sh
[0.192s] -- Up-to-date: /home/maria/Documentos/GitHub/IR2134/rmf_ws/install/project_simulation/share/project_simulation/environment/path.dsv
[0.192s] -- Up-to-date: /home/maria/Documentos/GitHub/IR2134/rmf_ws/install/project_simulation/share/project_simulation/local_setup.bash
[0.192s] -- Up-to-date: /home/maria/Documentos/GitHub/IR2134/rmf_ws/install/project_simulation/share/project_simulation/local_setup.sh
[0.192s] -- Up-to-date: /home/maria/Documentos/GitHub/IR2134/rmf_ws/install/project_simulation/share/project_simulation/local_setup.zsh
[0.192s] -- Up-to-date: /home/maria/Documentos/GitHub/IR2134/rmf_ws/install/project_simulation/share/project_simulation/local_setup.dsv
[0.192s] -- Installing: /home/maria/Documentos/GitHub/IR2134/rmf_ws/install/project_simulation/share/project_simulation/package.dsv
[0.192s] -- Up-to-date: /home/maria/Documentos/GitHub/IR2134/rmf_ws/install/project_simulation/share/ament_index/resource_index/packages/project_simulation
[0.192s] -- Up-to-date: /home/maria/Documentos/GitHub/IR2134/rmf_ws/install/project_simulation/share/project_simulation/cmake/project_simulationConfig.cmake
[0.193s] -- Up-to-date: /home/maria/Documentos/GitHub/IR2134/rmf_ws/install/project_simulation/share/project_simulation/cmake/project_simulationConfig-version.cmake
[0.193s] -- Up-to-date: /home/maria/Documentos/GitHub/IR2134/rmf_ws/install/project_simulation/share/project_simulation/package.xml
[0.203s] Invoked command in '/home/maria/Documentos/GitHub/IR2134/rmf_ws/build/project_simulation' returned '0': CMAKE_PREFIX_PATH=${CMAKE_PREFIX_PATH}:/home/maria/Documentos/GitHub/IR2134/rmf_ws/install/rmf_demos_fleet_adapter:/opt/ros/humble /usr/bin/cmake --install /home/maria/Documentos/GitHub/IR2134/rmf_ws/build/project_simulation
