running develop
running egg_info
creating project_fleet_adapter.egg-info
writing project_fleet_adapter.egg-info/PKG-INFO
writing dependency_links to project_fleet_adapter.egg-info/dependency_links.txt
writing entry points to project_fleet_adapter.egg-info/entry_points.txt
writing requirements to project_fleet_adapter.egg-info/requires.txt
writing top-level names to project_fleet_adapter.egg-info/top_level.txt
writing manifest file 'project_fleet_adapter.egg-info/SOURCES.txt'
reading manifest file 'project_fleet_adapter.egg-info/SOURCES.txt'
writing manifest file 'project_fleet_adapter.egg-info/SOURCES.txt'
running build_ext
Creating /home/maria/rmf_ws/install/project_fleet_adapter/lib/python3.12/site-packages/project-fleet-adapter.egg-link (link to .)
Installing fleet_adapter script to /home/maria/rmf_ws/install/project_fleet_adapter/lib/project_fleet_adapter
Installing fleet_manager script to /home/maria/rmf_ws/install/project_fleet_adapter/lib/project_fleet_adapter
Installing manage_lane script to /home/maria/rmf_ws/install/project_fleet_adapter/lib/project_fleet_adapter

Installed /home/maria/rmf_ws/build/project_fleet_adapter
running symlink_data
creating /home/maria/rmf_ws/install/project_fleet_adapter/share/ament_index
creating /home/maria/rmf_ws/install/project_fleet_adapter/share/ament_index/resource_index
creating /home/maria/rmf_ws/install/project_fleet_adapter/share/ament_index/resource_index/packages
symbolically linking /home/maria/rmf_ws/build/project_fleet_adapter/resource/project_fleet_adapter -> /home/maria/rmf_ws/install/project_fleet_adapter/share/ament_index/resource_index/packages
symbolically linking /home/maria/rmf_ws/build/project_fleet_adapter/package.xml -> /home/maria/rmf_ws/install/project_fleet_adapter/share/project_fleet_adapter
symbolically linking /home/maria/rmf_ws/build/project_fleet_adapter/config.yaml -> /home/maria/rmf_ws/install/project_fleet_adapter/share/project_fleet_adapter
creating /home/maria/rmf_ws/install/project_fleet_adapter/share/project_fleet_adapter/launch
symbolically linking /home/maria/rmf_ws/build/project_fleet_adapter/launch/fleet_adapter.launch.xml -> /home/maria/rmf_ws/install/project_fleet_adapter/share/project_fleet_adapter/launch
