[4.055s] Invoking command in '/home/maria/rmf_ws/build/project_fleet_adapter': PYTHONPATH=/home/maria/rmf_ws/build/project_fleet_adapter/prefix_override:/usr/lib/python3/dist-packages/colcon_core/task/python/colcon_distutils_commands:/home/maria/rmf_ws/install/project_fleet_adapter/lib/python3.12/site-packages:${PYTHONPATH} /usr/bin/python3 -W ignore:setup.py install is deprecated -W ignore:easy_install command is deprecated setup.py develop --editable --build-directory /home/maria/rmf_ws/build/project_fleet_adapter/build --no-deps symlink_data
[15.198s] running develop
[15.199s] running egg_info
[15.199s] creating project_fleet_adapter.egg-info
[15.199s] writing project_fleet_adapter.egg-info/PKG-INFO
[15.199s] writing dependency_links to project_fleet_adapter.egg-info/dependency_links.txt
[15.199s] writing entry points to project_fleet_adapter.egg-info/entry_points.txt
[15.206s] writing requirements to project_fleet_adapter.egg-info/requires.txt
[15.207s] writing top-level names to project_fleet_adapter.egg-info/top_level.txt
[15.207s] writing manifest file 'project_fleet_adapter.egg-info/SOURCES.txt'
[15.207s] reading manifest file 'project_fleet_adapter.egg-info/SOURCES.txt'
[15.207s] writing manifest file 'project_fleet_adapter.egg-info/SOURCES.txt'
[15.207s] running build_ext
[15.207s] Creating /home/maria/rmf_ws/install/project_fleet_adapter/lib/python3.12/site-packages/project-fleet-adapter.egg-link (link to .)
[15.207s] Installing fleet_adapter script to /home/maria/rmf_ws/install/project_fleet_adapter/lib/project_fleet_adapter
[15.207s] Installing fleet_manager script to /home/maria/rmf_ws/install/project_fleet_adapter/lib/project_fleet_adapter
[15.207s] Installing manage_lane script to /home/maria/rmf_ws/install/project_fleet_adapter/lib/project_fleet_adapter
[15.207s] 
[15.208s] Installed /home/maria/rmf_ws/build/project_fleet_adapter
[15.208s] running symlink_data
[15.208s] creating /home/maria/rmf_ws/install/project_fleet_adapter/share/ament_index
[15.208s] creating /home/maria/rmf_ws/install/project_fleet_adapter/share/ament_index/resource_index
[15.208s] creating /home/maria/rmf_ws/install/project_fleet_adapter/share/ament_index/resource_index/packages
[15.208s] symbolically linking /home/maria/rmf_ws/build/project_fleet_adapter/resource/project_fleet_adapter -> /home/maria/rmf_ws/install/project_fleet_adapter/share/ament_index/resource_index/packages
[15.208s] symbolically linking /home/maria/rmf_ws/build/project_fleet_adapter/package.xml -> /home/maria/rmf_ws/install/project_fleet_adapter/share/project_fleet_adapter
[15.208s] symbolically linking /home/maria/rmf_ws/build/project_fleet_adapter/config.yaml -> /home/maria/rmf_ws/install/project_fleet_adapter/share/project_fleet_adapter
[15.209s] creating /home/maria/rmf_ws/install/project_fleet_adapter/share/project_fleet_adapter/launch
[15.209s] symbolically linking /home/maria/rmf_ws/build/project_fleet_adapter/launch/fleet_adapter.launch.xml -> /home/maria/rmf_ws/install/project_fleet_adapter/share/project_fleet_adapter/launch
[15.231s] Invoked command in '/home/maria/rmf_ws/build/project_fleet_adapter' returned '0': PYTHONPATH=/home/maria/rmf_ws/build/project_fleet_adapter/prefix_override:/usr/lib/python3/dist-packages/colcon_core/task/python/colcon_distutils_commands:/home/maria/rmf_ws/install/project_fleet_adapter/lib/python3.12/site-packages:${PYTHONPATH} /usr/bin/python3 -W ignore:setup.py install is deprecated -W ignore:easy_install command is deprecated setup.py develop --editable --build-directory /home/maria/rmf_ws/build/project_fleet_adapter/build --no-deps symlink_data
