[0.184s] Invoking command in '/home/maria/rmf_ws/build/project_maps': CMAKE_PREFIX_PATH=/home/maria/rmf_ws/install/project_simulation:/home/maria/rmf_ws/install/project_config:/home/maria/rmf_ws/install/project_maps:/home/maria/rmf_ws/install/project_assets:/home/maria/rmf_ws/src/project/install/project_simulation:/home/maria/rmf_ws/src/project/install/project_config:/home/maria/rmf_ws/src/project/install/project_maps:/home/maria/rmf_ws/src/project/install/project_assets:/home/maria/install/project_simulation:/home/maria/install/project_config:/home/maria/install/project_maps:/home/maria/install/project_assets:/rmf_demos_ws/install/rmf_workcell_msgs:/rmf_demos_ws/install/rmf_demos_gz:/rmf_demos_ws/install/rmf_demos:/rmf_demos_ws/install/rmf_reservation_node:/rmf_demos_ws/install/rmf_fleet_adapter_python:/rmf_demos_ws/install/rmf_fleet_adapter:/rmf_demos_ws/install/rmf_task_ros2:/rmf_demos_ws/install/rmf_websocket:/rmf_demos_ws/install/rmf_visualization:/rmf_demos_ws/install/rmf_visualization_schedule:/rmf_demos_ws/install/rmf_visualization_rviz2_plugins:/rmf_demos_ws/install/rmf_visualization_obstacles:/rmf_demos_ws/install/rmf_visualization_navgraphs:/rmf_demos_ws/install/rmf_visualization_floorplans:/rmf_demos_ws/install/rmf_visualization_fleet_states:/rmf_demos_ws/install/rmf_visualization_msgs:/rmf_demos_ws/install/rmf_traffic_ros2:/rmf_demos_ws/install/rmf_task_sequence:/rmf_demos_ws/install/rmf_task:/rmf_demos_ws/install/rmf_battery:/rmf_demos_ws/install/rmf_traffic:/rmf_demos_ws/install/rmf_utils:/rmf_demos_ws/install/rmf_traffic_msgs:/rmf_demos_ws/install/rmf_traffic_editor_test_maps:/rmf_demos_ws/install/rmf_traffic_editor_assets:/rmf_demos_ws/install/rmf_traffic_editor:/rmf_demos_ws/install/rmf_task_msgs:/rmf_demos_ws/install/rmf_site_map_msgs:/rmf_demos_ws/install/rmf_scheduler_msgs:/rmf_demos_ws/install/rmf_robot_sim_gz_plugins:/rmf_demos_ws/install/rmf_robot_sim_common:/rmf_demos_ws/install/rmf_reservation_msgs:/rmf_demos_ws/install/rmf_obstacle_msgs:/rmf_demos_ws/install/rmf_building_sim_gz_plugins:/rmf_demos_ws/install/rmf_lift_msgs:/rmf_demos_ws/install/rmf_ingestor_msgs:/rmf_demos_ws/install/rmf_fleet_msgs:/rmf_demos_ws/install/rmf_door_msgs:/rmf_demos_ws/install/rmf_dispenser_msgs:/rmf_demos_ws/install/rmf_demos_maps:/rmf_demos_ws/install/rmf_demos_assets:/rmf_demos_ws/install/rmf_charger_msgs:/rmf_demos_ws/install/rmf_building_map_msgs:/rmf_demos_ws/install/rmf_api_msgs:/rmf_demos_ws/install/nlohmann_json_schema_validator_vendor:/home/maria/rmf_ws/install/project_fleet_adapter:/home/maria/rmf_ws/src/project/install/project_fleet_adapter:/home/maria/install/project_fleet_adapter:/rmf_demos_ws/install/rmf_demos_fleet_adapter:/rmf_demos_ws/install/rmf_visualization_building_systems:/rmf_demos_ws/install/rmf_traffic_examples:/rmf_demos_ws/install/rmf_demos_bridges:/rmf_demos_ws/install/rmf_demos_tasks:/rmf_demos_ws/install/rmf_building_map_tools:/rmf_demos_ws/install/rmf_charging_schedule:/opt/ros/jazzy:/rmf_demos_ws/install/menge_vendor:/rmf_demos_ws/install/ament_cmake_catch2:/opt/ros/jazzy/opt/gz_sim_vendor:/opt/ros/jazzy/opt/gz_sensors_vendor:/opt/ros/jazzy/opt/gz_physics_vendor:/opt/ros/jazzy/opt/sdformat_vendor:/opt/ros/jazzy/opt/gz_gui_vendor:/opt/ros/jazzy/opt/gz_transport_vendor:/opt/ros/jazzy/opt/gz_rendering_vendor:/opt/ros/jazzy/opt/gz_plugin_vendor:/opt/ros/jazzy/opt/gz_fuel_tools_vendor:/opt/ros/jazzy/opt/gz_msgs_vendor:/opt/ros/jazzy/opt/gz_common_vendor:/opt/ros/jazzy/opt/gz_math_vendor:/opt/ros/jazzy/opt/gz_utils_vendor:/opt/ros/jazzy/opt/gz_tools_vendor:/opt/ros/jazzy/opt/gz_ogre_next_vendor:/opt/ros/jazzy/opt/gz_dartsim_vendor:/opt/ros/jazzy/opt/gz_cmake_vendor /usr/bin/cmake /home/maria/rmf_ws/src/project/project_maps -DCMAKE_INSTALL_PREFIX=/home/maria/rmf_ws/install/project_maps
[0.232s] -- The C compiler identification is GNU 13.3.0
[0.281s] -- The CXX compiler identification is GNU 13.3.0
[0.297s] -- Detecting C compiler ABI info
[0.383s] -- Detecting C compiler ABI info - done
[0.390s] -- Check for working C compiler: /usr/bin/cc - skipped
[0.391s] -- Detecting C compile features
[0.391s] -- Detecting C compile features - done
[0.400s] -- Detecting CXX compiler ABI info
[0.497s] -- Detecting CXX compiler ABI info - done
[0.510s] -- Check for working CXX compiler: /usr/bin/c++ - skipped
[0.510s] -- Detecting CXX compile features
[0.511s] -- Detecting CXX compile features - done
[0.521s] -- Found ament_cmake: 2.5.5 (/opt/ros/jazzy/share/ament_cmake/cmake)
[0.715s] -- Found Python3: /usr/bin/python3 (found version "3.12.3") found components: Interpreter 
[0.981s] [0mBUILDING WORLDFILE WITH COMMAND: ros2 run rmf_building_map_tools building_map_generator gazebo /home/maria/rmf_ws/src/project/project_maps/maps/test1/test1.building.yaml /home/maria/rmf_ws/build/project_maps/maps/test1/test1.world /home/maria/rmf_ws/build/project_maps/maps/test1/models[0m
[0.981s] -- Configuring done (0.8s)
[0.985s] -- Generating done (0.0s)
[0.986s] -- Build files have been written to: /home/maria/rmf_ws/build/project_maps
[0.990s] Invoked command in '/home/maria/rmf_ws/build/project_maps' returned '0': CMAKE_PREFIX_PATH=/home/maria/rmf_ws/install/project_simulation:/home/maria/rmf_ws/install/project_config:/home/maria/rmf_ws/install/project_maps:/home/maria/rmf_ws/install/project_assets:/home/maria/rmf_ws/src/project/install/project_simulation:/home/maria/rmf_ws/src/project/install/project_config:/home/maria/rmf_ws/src/project/install/project_maps:/home/maria/rmf_ws/src/project/install/project_assets:/home/maria/install/project_simulation:/home/maria/install/project_config:/home/maria/install/project_maps:/home/maria/install/project_assets:/rmf_demos_ws/install/rmf_workcell_msgs:/rmf_demos_ws/install/rmf_demos_gz:/rmf_demos_ws/install/rmf_demos:/rmf_demos_ws/install/rmf_reservation_node:/rmf_demos_ws/install/rmf_fleet_adapter_python:/rmf_demos_ws/install/rmf_fleet_adapter:/rmf_demos_ws/install/rmf_task_ros2:/rmf_demos_ws/install/rmf_websocket:/rmf_demos_ws/install/rmf_visualization:/rmf_demos_ws/install/rmf_visualization_schedule:/rmf_demos_ws/install/rmf_visualization_rviz2_plugins:/rmf_demos_ws/install/rmf_visualization_obstacles:/rmf_demos_ws/install/rmf_visualization_navgraphs:/rmf_demos_ws/install/rmf_visualization_floorplans:/rmf_demos_ws/install/rmf_visualization_fleet_states:/rmf_demos_ws/install/rmf_visualization_msgs:/rmf_demos_ws/install/rmf_traffic_ros2:/rmf_demos_ws/install/rmf_task_sequence:/rmf_demos_ws/install/rmf_task:/rmf_demos_ws/install/rmf_battery:/rmf_demos_ws/install/rmf_traffic:/rmf_demos_ws/install/rmf_utils:/rmf_demos_ws/install/rmf_traffic_msgs:/rmf_demos_ws/install/rmf_traffic_editor_test_maps:/rmf_demos_ws/install/rmf_traffic_editor_assets:/rmf_demos_ws/install/rmf_traffic_editor:/rmf_demos_ws/install/rmf_task_msgs:/rmf_demos_ws/install/rmf_site_map_msgs:/rmf_demos_ws/install/rmf_scheduler_msgs:/rmf_demos_ws/install/rmf_robot_sim_gz_plugins:/rmf_demos_ws/install/rmf_robot_sim_common:/rmf_demos_ws/install/rmf_reservation_msgs:/rmf_demos_ws/install/rmf_obstacle_msgs:/rmf_demos_ws/install/rmf_building_sim_gz_plugins:/rmf_demos_ws/install/rmf_lift_msgs:/rmf_demos_ws/install/rmf_ingestor_msgs:/rmf_demos_ws/install/rmf_fleet_msgs:/rmf_demos_ws/install/rmf_door_msgs:/rmf_demos_ws/install/rmf_dispenser_msgs:/rmf_demos_ws/install/rmf_demos_maps:/rmf_demos_ws/install/rmf_demos_assets:/rmf_demos_ws/install/rmf_charger_msgs:/rmf_demos_ws/install/rmf_building_map_msgs:/rmf_demos_ws/install/rmf_api_msgs:/rmf_demos_ws/install/nlohmann_json_schema_validator_vendor:/home/maria/rmf_ws/install/project_fleet_adapter:/home/maria/rmf_ws/src/project/install/project_fleet_adapter:/home/maria/install/project_fleet_adapter:/rmf_demos_ws/install/rmf_demos_fleet_adapter:/rmf_demos_ws/install/rmf_visualization_building_systems:/rmf_demos_ws/install/rmf_traffic_examples:/rmf_demos_ws/install/rmf_demos_bridges:/rmf_demos_ws/install/rmf_demos_tasks:/rmf_demos_ws/install/rmf_building_map_tools:/rmf_demos_ws/install/rmf_charging_schedule:/opt/ros/jazzy:/rmf_demos_ws/install/menge_vendor:/rmf_demos_ws/install/ament_cmake_catch2:/opt/ros/jazzy/opt/gz_sim_vendor:/opt/ros/jazzy/opt/gz_sensors_vendor:/opt/ros/jazzy/opt/gz_physics_vendor:/opt/ros/jazzy/opt/sdformat_vendor:/opt/ros/jazzy/opt/gz_gui_vendor:/opt/ros/jazzy/opt/gz_transport_vendor:/opt/ros/jazzy/opt/gz_rendering_vendor:/opt/ros/jazzy/opt/gz_plugin_vendor:/opt/ros/jazzy/opt/gz_fuel_tools_vendor:/opt/ros/jazzy/opt/gz_msgs_vendor:/opt/ros/jazzy/opt/gz_common_vendor:/opt/ros/jazzy/opt/gz_math_vendor:/opt/ros/jazzy/opt/gz_utils_vendor:/opt/ros/jazzy/opt/gz_tools_vendor:/opt/ros/jazzy/opt/gz_ogre_next_vendor:/opt/ros/jazzy/opt/gz_dartsim_vendor:/opt/ros/jazzy/opt/gz_cmake_vendor /usr/bin/cmake /home/maria/rmf_ws/src/project/project_maps -DCMAKE_INSTALL_PREFIX=/home/maria/rmf_ws/install/project_maps
[0.991s] Invoking command in '/home/maria/rmf_ws/build/project_maps': CMAKE_PREFIX_PATH=/home/maria/rmf_ws/install/project_simulation:/home/maria/rmf_ws/install/project_config:/home/maria/rmf_ws/install/project_maps:/home/maria/rmf_ws/install/project_assets:/home/maria/rmf_ws/src/project/install/project_simulation:/home/maria/rmf_ws/src/project/install/project_config:/home/maria/rmf_ws/src/project/install/project_maps:/home/maria/rmf_ws/src/project/install/project_assets:/home/maria/install/project_simulation:/home/maria/install/project_config:/home/maria/install/project_maps:/home/maria/install/project_assets:/rmf_demos_ws/install/rmf_workcell_msgs:/rmf_demos_ws/install/rmf_demos_gz:/rmf_demos_ws/install/rmf_demos:/rmf_demos_ws/install/rmf_reservation_node:/rmf_demos_ws/install/rmf_fleet_adapter_python:/rmf_demos_ws/install/rmf_fleet_adapter:/rmf_demos_ws/install/rmf_task_ros2:/rmf_demos_ws/install/rmf_websocket:/rmf_demos_ws/install/rmf_visualization:/rmf_demos_ws/install/rmf_visualization_schedule:/rmf_demos_ws/install/rmf_visualization_rviz2_plugins:/rmf_demos_ws/install/rmf_visualization_obstacles:/rmf_demos_ws/install/rmf_visualization_navgraphs:/rmf_demos_ws/install/rmf_visualization_floorplans:/rmf_demos_ws/install/rmf_visualization_fleet_states:/rmf_demos_ws/install/rmf_visualization_msgs:/rmf_demos_ws/install/rmf_traffic_ros2:/rmf_demos_ws/install/rmf_task_sequence:/rmf_demos_ws/install/rmf_task:/rmf_demos_ws/install/rmf_battery:/rmf_demos_ws/install/rmf_traffic:/rmf_demos_ws/install/rmf_utils:/rmf_demos_ws/install/rmf_traffic_msgs:/rmf_demos_ws/install/rmf_traffic_editor_test_maps:/rmf_demos_ws/install/rmf_traffic_editor_assets:/rmf_demos_ws/install/rmf_traffic_editor:/rmf_demos_ws/install/rmf_task_msgs:/rmf_demos_ws/install/rmf_site_map_msgs:/rmf_demos_ws/install/rmf_scheduler_msgs:/rmf_demos_ws/install/rmf_robot_sim_gz_plugins:/rmf_demos_ws/install/rmf_robot_sim_common:/rmf_demos_ws/install/rmf_reservation_msgs:/rmf_demos_ws/install/rmf_obstacle_msgs:/rmf_demos_ws/install/rmf_building_sim_gz_plugins:/rmf_demos_ws/install/rmf_lift_msgs:/rmf_demos_ws/install/rmf_ingestor_msgs:/rmf_demos_ws/install/rmf_fleet_msgs:/rmf_demos_ws/install/rmf_door_msgs:/rmf_demos_ws/install/rmf_dispenser_msgs:/rmf_demos_ws/install/rmf_demos_maps:/rmf_demos_ws/install/rmf_demos_assets:/rmf_demos_ws/install/rmf_charger_msgs:/rmf_demos_ws/install/rmf_building_map_msgs:/rmf_demos_ws/install/rmf_api_msgs:/rmf_demos_ws/install/nlohmann_json_schema_validator_vendor:/home/maria/rmf_ws/install/project_fleet_adapter:/home/maria/rmf_ws/src/project/install/project_fleet_adapter:/home/maria/install/project_fleet_adapter:/rmf_demos_ws/install/rmf_demos_fleet_adapter:/rmf_demos_ws/install/rmf_visualization_building_systems:/rmf_demos_ws/install/rmf_traffic_examples:/rmf_demos_ws/install/rmf_demos_bridges:/rmf_demos_ws/install/rmf_demos_tasks:/rmf_demos_ws/install/rmf_building_map_tools:/rmf_demos_ws/install/rmf_charging_schedule:/opt/ros/jazzy:/rmf_demos_ws/install/menge_vendor:/rmf_demos_ws/install/ament_cmake_catch2:/opt/ros/jazzy/opt/gz_sim_vendor:/opt/ros/jazzy/opt/gz_sensors_vendor:/opt/ros/jazzy/opt/gz_physics_vendor:/opt/ros/jazzy/opt/sdformat_vendor:/opt/ros/jazzy/opt/gz_gui_vendor:/opt/ros/jazzy/opt/gz_transport_vendor:/opt/ros/jazzy/opt/gz_rendering_vendor:/opt/ros/jazzy/opt/gz_plugin_vendor:/opt/ros/jazzy/opt/gz_fuel_tools_vendor:/opt/ros/jazzy/opt/gz_msgs_vendor:/opt/ros/jazzy/opt/gz_common_vendor:/opt/ros/jazzy/opt/gz_math_vendor:/opt/ros/jazzy/opt/gz_utils_vendor:/opt/ros/jazzy/opt/gz_tools_vendor:/opt/ros/jazzy/opt/gz_ogre_next_vendor:/opt/ros/jazzy/opt/gz_dartsim_vendor:/opt/ros/jazzy/opt/gz_cmake_vendor /usr/bin/cmake --build /home/maria/rmf_ws/build/project_maps -- -j8 -l8
[1.043s] [ 50%] [34m[1mGenerating maps/test1/nav_graphs/phony[0m
[1.315s] Load success!
[1.315s] 
[1.315s] Cache found! Model count: 3238 
[1.315s] Updating cache...
[1.315s] Topping up Fuel (updating cache) from: https://fuel.gazebosim.org/1.0/models
[1.315s] Fetching page: 1
[1.436s] building name: test1
[1.436s] coordinate system: reference_image
[1.436s] parsing level L1
[1.436s] parsing level L2
[1.437s] calculating levels relative to L1
[1.437s] level L1 scale: 0.06666666666666667
[1.437s] calculating level L2 offset and scale...
[1.437s]   2 common fiducials:
[1.437s] Transform.set_from_fiducials()
[1.437s]   2 fiducial pairs:
[1.437s]     (1.5, -1.5) -> (2.0, -2.0)   columna1
[1.437s]     (148.5, -1.5) -> (148.5, -1.5)   columna2
[1.437s]     calc dist columna1 <=> columna2
[1.437s] Bearings:
[1.437s] [(0.0, 0.003412956031538204)]
[1.437s]   0.003412956031538204
[1.437s]   Circular mean: -0.0034129560315382034
[1.437s] Distances:
[1.437s] [(147.0, 146.50085323983612)]
[1.437s] mean relative scale: 0.996604443808409
[1.437s] translation: (-0.03333, 0.034243)
[1.437s] generating nav data
[1.437s] hooray, we found an intersection: t=0.506, u=0.532
[1.437s]   (23.555,-48.923),(122.687,-48.923) and (73.7,-38.148),(73.7,-58.389)
[1.437s] found intersection with door null!
[1.438s] writing /home/maria/rmf_ws/build/project_maps/maps/test1/nav_graphs/0.yaml
[1.487s] [ 50%] Built target generate_test1_nav_graphs
[2.164s] Cached model found! Halting Fuel traversal...
[2.164s] Writing to cache: /home/maria/.pit_crew/model_cache.json
[2.211s] New models cached: 0
[2.211s] 
[2.249s] [ 50%] Built target update_model_cache
[2.603s] generating /home/maria/rmf_ws/build/project_maps/maps/test1/test1.world from /home/maria/rmf_ws/src/project/project_maps/maps/test1/test1.building.yaml
[2.605s] building name: test1
[2.605s] coordinate system: reference_image
[2.605s] parsing level L1
[2.605s] parsing level L2
[2.605s] calculating levels relative to L1
[2.605s] level L1 scale: 0.06666666666666667
[2.605s] calculating level L2 offset and scale...
[2.605s]   2 common fiducials:
[2.605s] Transform.set_from_fiducials()
[2.605s]   2 fiducial pairs:
[2.605s]     (1.5, -1.5) -> (2.0, -2.0)   columna1
[2.605s]     (148.5, -1.5) -> (148.5, -1.5)   columna2
[2.605s]     calc dist columna1 <=> columna2
[2.605s] Bearings:
[2.605s] [(0.0, 0.003412956031538204)]
[2.605s]   0.003412956031538204
[2.605s]   Circular mean: -0.0034129560315382034
[2.605s] Distances:
[2.605s] [(147.0, 146.50085323983612)]
[2.606s] mean relative scale: 0.996604443808409
[2.606s] translation: (-0.03333, 0.034243)
[2.606s] generating model of level L1 in /home/maria/rmf_ws/build/project_maps/maps/test1/models/test1_L1
[2.606s]   wrote /home/maria/rmf_ws/build/project_maps/maps/test1/models/test1_L1/model.config
[2.606s] generating floor polygon 1 on floor test1_L1
[2.606s] hole vertices: []
[2.606s] lift vertices: {}
[2.606s] [[0, 3, 1], [1, 3, 2]]
[2.606s]   wrote /home/maria/rmf_ws/build/project_maps/maps/test1/models/test1_L1/meshes/floor_1.obj
[2.607s]   wrote /home/maria/rmf_ws/build/project_maps/maps/test1/models/test1_L1/meshes/blue_linoleum.png
[2.607s]   wrote /home/maria/rmf_ws/build/project_maps/maps/test1/models/test1_L1/meshes/floor_1.mtl
[2.607s] Walls Generation, wall params list: [{'alpha': <building_map.param_value.ParamValue object at 0x761821c5b8f0>, 'texture_height': <building_map.param_value.ParamValue object at 0x761821c5ba10>, 'texture_name': <building_map.param_value.ParamValue object at 0x761821c5ba40>, 'texture_scale': <building_map.param_value.ParamValue object at 0x761821c5baa0>, 'texture_width': <building_map.param_value.ParamValue object at 0x761821c5bb00>}]
[2.607s] generating wall: 1 on floor: test1_L1
[2.608s]   wrote /home/maria/rmf_ws/build/project_maps/maps/test1/models/test1_L1/meshes/default.png
[2.608s] generate_wall_visual_mesh(test1_L1, /home/maria/rmf_ws/build/project_maps/maps/test1/models/test1_L1)
[2.608s]   generating /home/maria/rmf_ws/build/project_maps/maps/test1/models/test1_L1/meshes/wall_1.obj
[2.608s]   generating /home/maria/rmf_ws/build/project_maps/maps/test1/models/test1_L1/meshes/wall_1.mtl
[2.608s]   wrote /home/maria/rmf_ws/build/project_maps/maps/test1/models/test1_L1/model.sdf
[2.608s] generating model of level L2 in /home/maria/rmf_ws/build/project_maps/maps/test1/models/test1_L2
[2.608s]   wrote /home/maria/rmf_ws/build/project_maps/maps/test1/models/test1_L2/model.config
[2.608s] generating floor polygon 1 on floor test1_L2
[2.608s] hole vertices: []
[2.609s] lift vertices: {}
[2.609s] [[0, 3, 1], [1, 3, 2]]
[2.609s]   wrote /home/maria/rmf_ws/build/project_maps/maps/test1/models/test1_L2/meshes/floor_1.obj
[2.610s]   wrote /home/maria/rmf_ws/build/project_maps/maps/test1/models/test1_L2/meshes/blue_linoleum.png
[2.610s]   wrote /home/maria/rmf_ws/build/project_maps/maps/test1/models/test1_L2/meshes/floor_1.mtl
[2.610s] Walls Generation, wall params list: [{'alpha': <building_map.param_value.ParamValue object at 0x761821a40560>, 'texture_height': <building_map.param_value.ParamValue object at 0x761821a405c0>, 'texture_name': <building_map.param_value.ParamValue object at 0x761821a405f0>, 'texture_scale': <building_map.param_value.ParamValue object at 0x761821a40650>, 'texture_width': <building_map.param_value.ParamValue object at 0x761821a40680>}]
[2.610s] generating wall: 1 on floor: test1_L2
[2.610s]   wrote /home/maria/rmf_ws/build/project_maps/maps/test1/models/test1_L2/meshes/default.png
[2.610s] generate_wall_visual_mesh(test1_L2, /home/maria/rmf_ws/build/project_maps/maps/test1/models/test1_L2)
[2.610s]   generating /home/maria/rmf_ws/build/project_maps/maps/test1/models/test1_L2/meshes/wall_1.obj
[2.611s]   generating /home/maria/rmf_ws/build/project_maps/maps/test1/models/test1_L2/meshes/wall_1.mtl
[2.611s]   wrote /home/maria/rmf_ws/build/project_maps/maps/test1/models/test1_L2/model.sdf
[2.627s] spawning robot name tinyRobot1_charger of type TinyRobot
[2.627s] generate door name=null type=sliding
[2.627s] Door(null)
[2.628s] 13861 bytes written to /home/maria/rmf_ws/build/project_maps/maps/test1/test1.world
[2.678s] [ 50%] Built target test1
[2.698s] [100%] [34m[1mGenerating test1_crowdsim[0m
[3.044s] Creating output folder path:  /home/maria/rmf_ws/build/project_maps/maps/test1/config_resource/
[3.055s] crowdsim unable to parse, not attempting to proceed
[3.068s] crowdsim unable to parse, not attempting to proceed
[3.118s] [100%] Built target generate_test1_crowdsim
[3.130s] Invoked command in '/home/maria/rmf_ws/build/project_maps' returned '0': CMAKE_PREFIX_PATH=/home/maria/rmf_ws/install/project_simulation:/home/maria/rmf_ws/install/project_config:/home/maria/rmf_ws/install/project_maps:/home/maria/rmf_ws/install/project_assets:/home/maria/rmf_ws/src/project/install/project_simulation:/home/maria/rmf_ws/src/project/install/project_config:/home/maria/rmf_ws/src/project/install/project_maps:/home/maria/rmf_ws/src/project/install/project_assets:/home/maria/install/project_simulation:/home/maria/install/project_config:/home/maria/install/project_maps:/home/maria/install/project_assets:/rmf_demos_ws/install/rmf_workcell_msgs:/rmf_demos_ws/install/rmf_demos_gz:/rmf_demos_ws/install/rmf_demos:/rmf_demos_ws/install/rmf_reservation_node:/rmf_demos_ws/install/rmf_fleet_adapter_python:/rmf_demos_ws/install/rmf_fleet_adapter:/rmf_demos_ws/install/rmf_task_ros2:/rmf_demos_ws/install/rmf_websocket:/rmf_demos_ws/install/rmf_visualization:/rmf_demos_ws/install/rmf_visualization_schedule:/rmf_demos_ws/install/rmf_visualization_rviz2_plugins:/rmf_demos_ws/install/rmf_visualization_obstacles:/rmf_demos_ws/install/rmf_visualization_navgraphs:/rmf_demos_ws/install/rmf_visualization_floorplans:/rmf_demos_ws/install/rmf_visualization_fleet_states:/rmf_demos_ws/install/rmf_visualization_msgs:/rmf_demos_ws/install/rmf_traffic_ros2:/rmf_demos_ws/install/rmf_task_sequence:/rmf_demos_ws/install/rmf_task:/rmf_demos_ws/install/rmf_battery:/rmf_demos_ws/install/rmf_traffic:/rmf_demos_ws/install/rmf_utils:/rmf_demos_ws/install/rmf_traffic_msgs:/rmf_demos_ws/install/rmf_traffic_editor_test_maps:/rmf_demos_ws/install/rmf_traffic_editor_assets:/rmf_demos_ws/install/rmf_traffic_editor:/rmf_demos_ws/install/rmf_task_msgs:/rmf_demos_ws/install/rmf_site_map_msgs:/rmf_demos_ws/install/rmf_scheduler_msgs:/rmf_demos_ws/install/rmf_robot_sim_gz_plugins:/rmf_demos_ws/install/rmf_robot_sim_common:/rmf_demos_ws/install/rmf_reservation_msgs:/rmf_demos_ws/install/rmf_obstacle_msgs:/rmf_demos_ws/install/rmf_building_sim_gz_plugins:/rmf_demos_ws/install/rmf_lift_msgs:/rmf_demos_ws/install/rmf_ingestor_msgs:/rmf_demos_ws/install/rmf_fleet_msgs:/rmf_demos_ws/install/rmf_door_msgs:/rmf_demos_ws/install/rmf_dispenser_msgs:/rmf_demos_ws/install/rmf_demos_maps:/rmf_demos_ws/install/rmf_demos_assets:/rmf_demos_ws/install/rmf_charger_msgs:/rmf_demos_ws/install/rmf_building_map_msgs:/rmf_demos_ws/install/rmf_api_msgs:/rmf_demos_ws/install/nlohmann_json_schema_validator_vendor:/home/maria/rmf_ws/install/project_fleet_adapter:/home/maria/rmf_ws/src/project/install/project_fleet_adapter:/home/maria/install/project_fleet_adapter:/rmf_demos_ws/install/rmf_demos_fleet_adapter:/rmf_demos_ws/install/rmf_visualization_building_systems:/rmf_demos_ws/install/rmf_traffic_examples:/rmf_demos_ws/install/rmf_demos_bridges:/rmf_demos_ws/install/rmf_demos_tasks:/rmf_demos_ws/install/rmf_building_map_tools:/rmf_demos_ws/install/rmf_charging_schedule:/opt/ros/jazzy:/rmf_demos_ws/install/menge_vendor:/rmf_demos_ws/install/ament_cmake_catch2:/opt/ros/jazzy/opt/gz_sim_vendor:/opt/ros/jazzy/opt/gz_sensors_vendor:/opt/ros/jazzy/opt/gz_physics_vendor:/opt/ros/jazzy/opt/sdformat_vendor:/opt/ros/jazzy/opt/gz_gui_vendor:/opt/ros/jazzy/opt/gz_transport_vendor:/opt/ros/jazzy/opt/gz_rendering_vendor:/opt/ros/jazzy/opt/gz_plugin_vendor:/opt/ros/jazzy/opt/gz_fuel_tools_vendor:/opt/ros/jazzy/opt/gz_msgs_vendor:/opt/ros/jazzy/opt/gz_common_vendor:/opt/ros/jazzy/opt/gz_math_vendor:/opt/ros/jazzy/opt/gz_utils_vendor:/opt/ros/jazzy/opt/gz_tools_vendor:/opt/ros/jazzy/opt/gz_ogre_next_vendor:/opt/ros/jazzy/opt/gz_dartsim_vendor:/opt/ros/jazzy/opt/gz_cmake_vendor /usr/bin/cmake --build /home/maria/rmf_ws/build/project_maps -- -j8 -l8
[3.131s] Invoking command in '/home/maria/rmf_ws/build/project_maps': CMAKE_PREFIX_PATH=/home/maria/rmf_ws/install/project_simulation:/home/maria/rmf_ws/install/project_config:/home/maria/rmf_ws/install/project_maps:/home/maria/rmf_ws/install/project_assets:/home/maria/rmf_ws/src/project/install/project_simulation:/home/maria/rmf_ws/src/project/install/project_config:/home/maria/rmf_ws/src/project/install/project_maps:/home/maria/rmf_ws/src/project/install/project_assets:/home/maria/install/project_simulation:/home/maria/install/project_config:/home/maria/install/project_maps:/home/maria/install/project_assets:/rmf_demos_ws/install/rmf_workcell_msgs:/rmf_demos_ws/install/rmf_demos_gz:/rmf_demos_ws/install/rmf_demos:/rmf_demos_ws/install/rmf_reservation_node:/rmf_demos_ws/install/rmf_fleet_adapter_python:/rmf_demos_ws/install/rmf_fleet_adapter:/rmf_demos_ws/install/rmf_task_ros2:/rmf_demos_ws/install/rmf_websocket:/rmf_demos_ws/install/rmf_visualization:/rmf_demos_ws/install/rmf_visualization_schedule:/rmf_demos_ws/install/rmf_visualization_rviz2_plugins:/rmf_demos_ws/install/rmf_visualization_obstacles:/rmf_demos_ws/install/rmf_visualization_navgraphs:/rmf_demos_ws/install/rmf_visualization_floorplans:/rmf_demos_ws/install/rmf_visualization_fleet_states:/rmf_demos_ws/install/rmf_visualization_msgs:/rmf_demos_ws/install/rmf_traffic_ros2:/rmf_demos_ws/install/rmf_task_sequence:/rmf_demos_ws/install/rmf_task:/rmf_demos_ws/install/rmf_battery:/rmf_demos_ws/install/rmf_traffic:/rmf_demos_ws/install/rmf_utils:/rmf_demos_ws/install/rmf_traffic_msgs:/rmf_demos_ws/install/rmf_traffic_editor_test_maps:/rmf_demos_ws/install/rmf_traffic_editor_assets:/rmf_demos_ws/install/rmf_traffic_editor:/rmf_demos_ws/install/rmf_task_msgs:/rmf_demos_ws/install/rmf_site_map_msgs:/rmf_demos_ws/install/rmf_scheduler_msgs:/rmf_demos_ws/install/rmf_robot_sim_gz_plugins:/rmf_demos_ws/install/rmf_robot_sim_common:/rmf_demos_ws/install/rmf_reservation_msgs:/rmf_demos_ws/install/rmf_obstacle_msgs:/rmf_demos_ws/install/rmf_building_sim_gz_plugins:/rmf_demos_ws/install/rmf_lift_msgs:/rmf_demos_ws/install/rmf_ingestor_msgs:/rmf_demos_ws/install/rmf_fleet_msgs:/rmf_demos_ws/install/rmf_door_msgs:/rmf_demos_ws/install/rmf_dispenser_msgs:/rmf_demos_ws/install/rmf_demos_maps:/rmf_demos_ws/install/rmf_demos_assets:/rmf_demos_ws/install/rmf_charger_msgs:/rmf_demos_ws/install/rmf_building_map_msgs:/rmf_demos_ws/install/rmf_api_msgs:/rmf_demos_ws/install/nlohmann_json_schema_validator_vendor:/home/maria/rmf_ws/install/project_fleet_adapter:/home/maria/rmf_ws/src/project/install/project_fleet_adapter:/home/maria/install/project_fleet_adapter:/rmf_demos_ws/install/rmf_demos_fleet_adapter:/rmf_demos_ws/install/rmf_visualization_building_systems:/rmf_demos_ws/install/rmf_traffic_examples:/rmf_demos_ws/install/rmf_demos_bridges:/rmf_demos_ws/install/rmf_demos_tasks:/rmf_demos_ws/install/rmf_building_map_tools:/rmf_demos_ws/install/rmf_charging_schedule:/opt/ros/jazzy:/rmf_demos_ws/install/menge_vendor:/rmf_demos_ws/install/ament_cmake_catch2:/opt/ros/jazzy/opt/gz_sim_vendor:/opt/ros/jazzy/opt/gz_sensors_vendor:/opt/ros/jazzy/opt/gz_physics_vendor:/opt/ros/jazzy/opt/sdformat_vendor:/opt/ros/jazzy/opt/gz_gui_vendor:/opt/ros/jazzy/opt/gz_transport_vendor:/opt/ros/jazzy/opt/gz_rendering_vendor:/opt/ros/jazzy/opt/gz_plugin_vendor:/opt/ros/jazzy/opt/gz_fuel_tools_vendor:/opt/ros/jazzy/opt/gz_msgs_vendor:/opt/ros/jazzy/opt/gz_common_vendor:/opt/ros/jazzy/opt/gz_math_vendor:/opt/ros/jazzy/opt/gz_utils_vendor:/opt/ros/jazzy/opt/gz_tools_vendor:/opt/ros/jazzy/opt/gz_ogre_next_vendor:/opt/ros/jazzy/opt/gz_dartsim_vendor:/opt/ros/jazzy/opt/gz_cmake_vendor /usr/bin/cmake --install /home/maria/rmf_ws/build/project_maps
[3.138s] -- Install configuration: ""
[3.138s] -- Installing: /home/maria/rmf_ws/install/project_maps/share/project_maps
[3.138s] -- Installing: /home/maria/rmf_ws/install/project_maps/share/project_maps/test1
[3.139s] -- Installing: /home/maria/rmf_ws/install/project_maps/share/project_maps/test1/test1.building.yaml
[3.139s] -- Installing: /home/maria/rmf_ws/install/project_maps/share/ament_index/resource_index/package_run_dependencies/project_maps
[3.139s] -- Installing: /home/maria/rmf_ws/install/project_maps/share/ament_index/resource_index/parent_prefix_path/project_maps
[3.139s] -- Installing: /home/maria/rmf_ws/install/project_maps/share/project_maps/environment/ament_prefix_path.sh
[3.139s] -- Installing: /home/maria/rmf_ws/install/project_maps/share/project_maps/environment/ament_prefix_path.dsv
[3.139s] -- Installing: /home/maria/rmf_ws/install/project_maps/share/project_maps/environment/path.sh
[3.139s] -- Installing: /home/maria/rmf_ws/install/project_maps/share/project_maps/environment/path.dsv
[3.139s] -- Installing: /home/maria/rmf_ws/install/project_maps/share/project_maps/local_setup.bash
[3.139s] -- Installing: /home/maria/rmf_ws/install/project_maps/share/project_maps/local_setup.sh
[3.139s] -- Installing: /home/maria/rmf_ws/install/project_maps/share/project_maps/local_setup.zsh
[3.139s] -- Installing: /home/maria/rmf_ws/install/project_maps/share/project_maps/local_setup.dsv
[3.139s] -- Installing: /home/maria/rmf_ws/install/project_maps/share/project_maps/package.dsv
[3.140s] -- Installing: /home/maria/rmf_ws/install/project_maps/share/ament_index/resource_index/packages/project_maps
[3.140s] -- Installing: /home/maria/rmf_ws/install/project_maps/share/project_maps/cmake/project_mapsConfig.cmake
[3.140s] -- Installing: /home/maria/rmf_ws/install/project_maps/share/project_maps/cmake/project_mapsConfig-version.cmake
[3.140s] -- Installing: /home/maria/rmf_ws/install/project_maps/share/project_maps/package.xml
[3.140s] -- Installing: /home/maria/rmf_ws/install/project_maps/share/project_maps/maps/test1
[3.140s] -- Installing: /home/maria/rmf_ws/install/project_maps/share/project_maps/maps/test1/nav_graphs
[3.140s] -- Installing: /home/maria/rmf_ws/install/project_maps/share/project_maps/maps/test1/nav_graphs/0.yaml
[3.140s] -- Installing: /home/maria/rmf_ws/install/project_maps/share/project_maps/maps/test1/config_resource
[3.140s] -- Installing: /home/maria/rmf_ws/install/project_maps/share/project_maps/maps/test1/test1.world
[3.140s] -- Installing: /home/maria/rmf_ws/install/project_maps/share/project_maps/maps/test1/models
[3.140s] -- Installing: /home/maria/rmf_ws/install/project_maps/share/project_maps/maps/test1/models/test1_L2
[3.140s] -- Installing: /home/maria/rmf_ws/install/project_maps/share/project_maps/maps/test1/models/test1_L2/meshes
[3.140s] -- Installing: /home/maria/rmf_ws/install/project_maps/share/project_maps/maps/test1/models/test1_L2/meshes/floor_1.obj
[3.140s] -- Installing: /home/maria/rmf_ws/install/project_maps/share/project_maps/maps/test1/models/test1_L2/meshes/floor_1.mtl
[3.140s] -- Installing: /home/maria/rmf_ws/install/project_maps/share/project_maps/maps/test1/models/test1_L2/meshes/model.material
[3.141s] -- Installing: /home/maria/rmf_ws/install/project_maps/share/project_maps/maps/test1/models/test1_L2/meshes/wall_1.obj
[3.141s] -- Installing: /home/maria/rmf_ws/install/project_maps/share/project_maps/maps/test1/models/test1_L2/meshes/wall_1.mtl
[3.141s] -- Installing: /home/maria/rmf_ws/install/project_maps/share/project_maps/maps/test1/models/test1_L2/meshes/default.png
[3.141s] -- Installing: /home/maria/rmf_ws/install/project_maps/share/project_maps/maps/test1/models/test1_L2/meshes/blue_linoleum.png
[3.141s] -- Installing: /home/maria/rmf_ws/install/project_maps/share/project_maps/maps/test1/models/test1_L2/model.sdf
[3.141s] -- Installing: /home/maria/rmf_ws/install/project_maps/share/project_maps/maps/test1/models/test1_L2/model.config
[3.141s] -- Installing: /home/maria/rmf_ws/install/project_maps/share/project_maps/maps/test1/models/test1_L1
[3.141s] -- Installing: /home/maria/rmf_ws/install/project_maps/share/project_maps/maps/test1/models/test1_L1/meshes
[3.141s] -- Installing: /home/maria/rmf_ws/install/project_maps/share/project_maps/maps/test1/models/test1_L1/meshes/floor_1.obj
[3.141s] -- Installing: /home/maria/rmf_ws/install/project_maps/share/project_maps/maps/test1/models/test1_L1/meshes/floor_1.mtl
[3.141s] -- Installing: /home/maria/rmf_ws/install/project_maps/share/project_maps/maps/test1/models/test1_L1/meshes/model.material
[3.141s] -- Installing: /home/maria/rmf_ws/install/project_maps/share/project_maps/maps/test1/models/test1_L1/meshes/wall_1.obj
[3.141s] -- Installing: /home/maria/rmf_ws/install/project_maps/share/project_maps/maps/test1/models/test1_L1/meshes/wall_1.mtl
[3.141s] -- Installing: /home/maria/rmf_ws/install/project_maps/share/project_maps/maps/test1/models/test1_L1/meshes/default.png
[3.141s] -- Installing: /home/maria/rmf_ws/install/project_maps/share/project_maps/maps/test1/models/test1_L1/meshes/blue_linoleum.png
[3.142s] -- Installing: /home/maria/rmf_ws/install/project_maps/share/project_maps/maps/test1/models/test1_L1/model.sdf
[3.142s] -- Installing: /home/maria/rmf_ws/install/project_maps/share/project_maps/maps/test1/models/test1_L1/model.config
[3.144s] Invoked command in '/home/maria/rmf_ws/build/project_maps' returned '0': CMAKE_PREFIX_PATH=/home/maria/rmf_ws/install/project_simulation:/home/maria/rmf_ws/install/project_config:/home/maria/rmf_ws/install/project_maps:/home/maria/rmf_ws/install/project_assets:/home/maria/rmf_ws/src/project/install/project_simulation:/home/maria/rmf_ws/src/project/install/project_config:/home/maria/rmf_ws/src/project/install/project_maps:/home/maria/rmf_ws/src/project/install/project_assets:/home/maria/install/project_simulation:/home/maria/install/project_config:/home/maria/install/project_maps:/home/maria/install/project_assets:/rmf_demos_ws/install/rmf_workcell_msgs:/rmf_demos_ws/install/rmf_demos_gz:/rmf_demos_ws/install/rmf_demos:/rmf_demos_ws/install/rmf_reservation_node:/rmf_demos_ws/install/rmf_fleet_adapter_python:/rmf_demos_ws/install/rmf_fleet_adapter:/rmf_demos_ws/install/rmf_task_ros2:/rmf_demos_ws/install/rmf_websocket:/rmf_demos_ws/install/rmf_visualization:/rmf_demos_ws/install/rmf_visualization_schedule:/rmf_demos_ws/install/rmf_visualization_rviz2_plugins:/rmf_demos_ws/install/rmf_visualization_obstacles:/rmf_demos_ws/install/rmf_visualization_navgraphs:/rmf_demos_ws/install/rmf_visualization_floorplans:/rmf_demos_ws/install/rmf_visualization_fleet_states:/rmf_demos_ws/install/rmf_visualization_msgs:/rmf_demos_ws/install/rmf_traffic_ros2:/rmf_demos_ws/install/rmf_task_sequence:/rmf_demos_ws/install/rmf_task:/rmf_demos_ws/install/rmf_battery:/rmf_demos_ws/install/rmf_traffic:/rmf_demos_ws/install/rmf_utils:/rmf_demos_ws/install/rmf_traffic_msgs:/rmf_demos_ws/install/rmf_traffic_editor_test_maps:/rmf_demos_ws/install/rmf_traffic_editor_assets:/rmf_demos_ws/install/rmf_traffic_editor:/rmf_demos_ws/install/rmf_task_msgs:/rmf_demos_ws/install/rmf_site_map_msgs:/rmf_demos_ws/install/rmf_scheduler_msgs:/rmf_demos_ws/install/rmf_robot_sim_gz_plugins:/rmf_demos_ws/install/rmf_robot_sim_common:/rmf_demos_ws/install/rmf_reservation_msgs:/rmf_demos_ws/install/rmf_obstacle_msgs:/rmf_demos_ws/install/rmf_building_sim_gz_plugins:/rmf_demos_ws/install/rmf_lift_msgs:/rmf_demos_ws/install/rmf_ingestor_msgs:/rmf_demos_ws/install/rmf_fleet_msgs:/rmf_demos_ws/install/rmf_door_msgs:/rmf_demos_ws/install/rmf_dispenser_msgs:/rmf_demos_ws/install/rmf_demos_maps:/rmf_demos_ws/install/rmf_demos_assets:/rmf_demos_ws/install/rmf_charger_msgs:/rmf_demos_ws/install/rmf_building_map_msgs:/rmf_demos_ws/install/rmf_api_msgs:/rmf_demos_ws/install/nlohmann_json_schema_validator_vendor:/home/maria/rmf_ws/install/project_fleet_adapter:/home/maria/rmf_ws/src/project/install/project_fleet_adapter:/home/maria/install/project_fleet_adapter:/rmf_demos_ws/install/rmf_demos_fleet_adapter:/rmf_demos_ws/install/rmf_visualization_building_systems:/rmf_demos_ws/install/rmf_traffic_examples:/rmf_demos_ws/install/rmf_demos_bridges:/rmf_demos_ws/install/rmf_demos_tasks:/rmf_demos_ws/install/rmf_building_map_tools:/rmf_demos_ws/install/rmf_charging_schedule:/opt/ros/jazzy:/rmf_demos_ws/install/menge_vendor:/rmf_demos_ws/install/ament_cmake_catch2:/opt/ros/jazzy/opt/gz_sim_vendor:/opt/ros/jazzy/opt/gz_sensors_vendor:/opt/ros/jazzy/opt/gz_physics_vendor:/opt/ros/jazzy/opt/sdformat_vendor:/opt/ros/jazzy/opt/gz_gui_vendor:/opt/ros/jazzy/opt/gz_transport_vendor:/opt/ros/jazzy/opt/gz_rendering_vendor:/opt/ros/jazzy/opt/gz_plugin_vendor:/opt/ros/jazzy/opt/gz_fuel_tools_vendor:/opt/ros/jazzy/opt/gz_msgs_vendor:/opt/ros/jazzy/opt/gz_common_vendor:/opt/ros/jazzy/opt/gz_math_vendor:/opt/ros/jazzy/opt/gz_utils_vendor:/opt/ros/jazzy/opt/gz_tools_vendor:/opt/ros/jazzy/opt/gz_ogre_next_vendor:/opt/ros/jazzy/opt/gz_dartsim_vendor:/opt/ros/jazzy/opt/gz_cmake_vendor /usr/bin/cmake --install /home/maria/rmf_ws/build/project_maps
