[1.621s] Invoking command in '/home/maria/rmf_ws/src/project/rmf_demos_tasks': PYTHONPATH=/home/maria/rmf_ws/build/rmf_demos_tasks/prefix_override:/usr/lib/python3/dist-packages/colcon_core/task/python/colcon_distutils_commands:/home/maria/rmf_ws/install/rmf_demos_tasks/lib/python3.12/site-packages:${PYTHONPATH} /usr/bin/python3 -W ignore:setup.py install is deprecated -W ignore:easy_install command is deprecated setup.py egg_info --egg-base ../../../build/rmf_demos_tasks build --build-base /home/maria/rmf_ws/build/rmf_demos_tasks/build install --record /home/maria/rmf_ws/build/rmf_demos_tasks/install.log --single-version-externally-managed install_data
[2.003s] running egg_info
[2.003s] creating ../../../build/rmf_demos_tasks/rmf_demos_tasks.egg-info
[2.031s] writing ../../../build/rmf_demos_tasks/rmf_demos_tasks.egg-info/PKG-INFO
[2.032s] writing dependency_links to ../../../build/rmf_demos_tasks/rmf_demos_tasks.egg-info/dependency_links.txt
[2.032s] writing entry points to ../../../build/rmf_demos_tasks/rmf_demos_tasks.egg-info/entry_points.txt
[2.032s] writing requirements to ../../../build/rmf_demos_tasks/rmf_demos_tasks.egg-info/requires.txt
[2.032s] writing top-level names to ../../../build/rmf_demos_tasks/rmf_demos_tasks.egg-info/top_level.txt
[2.033s] writing manifest file '../../../build/rmf_demos_tasks/rmf_demos_tasks.egg-info/SOURCES.txt'
[2.095s] reading manifest file '../../../build/rmf_demos_tasks/rmf_demos_tasks.egg-info/SOURCES.txt'
[2.097s] writing manifest file '../../../build/rmf_demos_tasks/rmf_demos_tasks.egg-info/SOURCES.txt'
[2.097s] running build
[2.097s] running build_py
[2.098s] creating /home/maria/rmf_ws/build/rmf_demos_tasks/build
[2.098s] creating /home/maria/rmf_ws/build/rmf_demos_tasks/build/lib
[2.098s] creating /home/maria/rmf_ws/build/rmf_demos_tasks/build/lib/rmf_demos_tasks
[2.098s] copying rmf_demos_tasks/dispatch_loop.py -> /home/maria/rmf_ws/build/rmf_demos_tasks/build/lib/rmf_demos_tasks
[2.098s] copying rmf_demos_tasks/teleop_robot.py -> /home/maria/rmf_ws/build/rmf_demos_tasks/build/lib/rmf_demos_tasks
[2.099s] copying rmf_demos_tasks/request_lift.py -> /home/maria/rmf_ws/build/rmf_demos_tasks/build/lib/rmf_demos_tasks
[2.099s] copying rmf_demos_tasks/cancel_task.py -> /home/maria/rmf_ws/build/rmf_demos_tasks/build/lib/rmf_demos_tasks
[2.099s] copying rmf_demos_tasks/dispatch_dynamic_event.py -> /home/maria/rmf_ws/build/rmf_demos_tasks/build/lib/rmf_demos_tasks
[2.100s] copying rmf_demos_tasks/dispatch_action.py -> /home/maria/rmf_ws/build/rmf_demos_tasks/build/lib/rmf_demos_tasks
[2.100s] copying rmf_demos_tasks/dispatch_clean.py -> /home/maria/rmf_ws/build/rmf_demos_tasks/build/lib/rmf_demos_tasks
[2.102s] copying rmf_demos_tasks/api_request.py -> /home/maria/rmf_ws/build/rmf_demos_tasks/build/lib/rmf_demos_tasks
[2.102s] copying rmf_demos_tasks/dispatch_teleop.py -> /home/maria/rmf_ws/build/rmf_demos_tasks/build/lib/rmf_demos_tasks
[2.103s] copying rmf_demos_tasks/get_robot_location.py -> /home/maria/rmf_ws/build/rmf_demos_tasks/build/lib/rmf_demos_tasks
[2.103s] copying rmf_demos_tasks/dispatch_go_to_place.py -> /home/maria/rmf_ws/build/rmf_demos_tasks/build/lib/rmf_demos_tasks
[2.103s] copying rmf_demos_tasks/wait_for_task_complete.py -> /home/maria/rmf_ws/build/rmf_demos_tasks/build/lib/rmf_demos_tasks
[2.104s] copying rmf_demos_tasks/mock_docker.py -> /home/maria/rmf_ws/build/rmf_demos_tasks/build/lib/rmf_demos_tasks
[2.104s] copying rmf_demos_tasks/emergency_signal.py -> /home/maria/rmf_ws/build/rmf_demos_tasks/build/lib/rmf_demos_tasks
[2.104s] copying rmf_demos_tasks/dispatch_patrol.py -> /home/maria/rmf_ws/build/rmf_demos_tasks/build/lib/rmf_demos_tasks
[2.105s] copying rmf_demos_tasks/dynamic_event_client.py -> /home/maria/rmf_ws/build/rmf_demos_tasks/build/lib/rmf_demos_tasks
[2.105s] copying rmf_demos_tasks/cancel_robot_task.py -> /home/maria/rmf_ws/build/rmf_demos_tasks/build/lib/rmf_demos_tasks
[2.106s] copying rmf_demos_tasks/dispatch_delivery.py -> /home/maria/rmf_ws/build/rmf_demos_tasks/build/lib/rmf_demos_tasks
[2.106s] copying rmf_demos_tasks/dispatch_json.py -> /home/maria/rmf_ws/build/rmf_demos_tasks/build/lib/rmf_demos_tasks
[2.107s] copying rmf_demos_tasks/dispatch_cart_delivery.py -> /home/maria/rmf_ws/build/rmf_demos_tasks/build/lib/rmf_demos_tasks
[2.107s] copying rmf_demos_tasks/request_loop.py -> /home/maria/rmf_ws/build/rmf_demos_tasks/build/lib/rmf_demos_tasks
[2.107s] copying rmf_demos_tasks/__init__.py -> /home/maria/rmf_ws/build/rmf_demos_tasks/build/lib/rmf_demos_tasks
[2.107s] running install
[2.122s] running install_lib
[2.165s] creating /home/maria/rmf_ws/install/rmf_demos_tasks/lib/python3.12/site-packages/rmf_demos_tasks
[2.165s] copying /home/maria/rmf_ws/build/rmf_demos_tasks/build/lib/rmf_demos_tasks/dispatch_loop.py -> /home/maria/rmf_ws/install/rmf_demos_tasks/lib/python3.12/site-packages/rmf_demos_tasks
[2.165s] copying /home/maria/rmf_ws/build/rmf_demos_tasks/build/lib/rmf_demos_tasks/teleop_robot.py -> /home/maria/rmf_ws/install/rmf_demos_tasks/lib/python3.12/site-packages/rmf_demos_tasks
[2.166s] copying /home/maria/rmf_ws/build/rmf_demos_tasks/build/lib/rmf_demos_tasks/request_lift.py -> /home/maria/rmf_ws/install/rmf_demos_tasks/lib/python3.12/site-packages/rmf_demos_tasks
[2.166s] copying /home/maria/rmf_ws/build/rmf_demos_tasks/build/lib/rmf_demos_tasks/cancel_task.py -> /home/maria/rmf_ws/install/rmf_demos_tasks/lib/python3.12/site-packages/rmf_demos_tasks
[2.166s] copying /home/maria/rmf_ws/build/rmf_demos_tasks/build/lib/rmf_demos_tasks/dispatch_dynamic_event.py -> /home/maria/rmf_ws/install/rmf_demos_tasks/lib/python3.12/site-packages/rmf_demos_tasks
[2.166s] copying /home/maria/rmf_ws/build/rmf_demos_tasks/build/lib/rmf_demos_tasks/dispatch_action.py -> /home/maria/rmf_ws/install/rmf_demos_tasks/lib/python3.12/site-packages/rmf_demos_tasks
[2.166s] copying /home/maria/rmf_ws/build/rmf_demos_tasks/build/lib/rmf_demos_tasks/dispatch_clean.py -> /home/maria/rmf_ws/install/rmf_demos_tasks/lib/python3.12/site-packages/rmf_demos_tasks
[2.166s] copying /home/maria/rmf_ws/build/rmf_demos_tasks/build/lib/rmf_demos_tasks/api_request.py -> /home/maria/rmf_ws/install/rmf_demos_tasks/lib/python3.12/site-packages/rmf_demos_tasks
[2.166s] copying /home/maria/rmf_ws/build/rmf_demos_tasks/build/lib/rmf_demos_tasks/dispatch_teleop.py -> /home/maria/rmf_ws/install/rmf_demos_tasks/lib/python3.12/site-packages/rmf_demos_tasks
[2.167s] copying /home/maria/rmf_ws/build/rmf_demos_tasks/build/lib/rmf_demos_tasks/get_robot_location.py -> /home/maria/rmf_ws/install/rmf_demos_tasks/lib/python3.12/site-packages/rmf_demos_tasks
[2.167s] copying /home/maria/rmf_ws/build/rmf_demos_tasks/build/lib/rmf_demos_tasks/dispatch_go_to_place.py -> /home/maria/rmf_ws/install/rmf_demos_tasks/lib/python3.12/site-packages/rmf_demos_tasks
[2.167s] copying /home/maria/rmf_ws/build/rmf_demos_tasks/build/lib/rmf_demos_tasks/wait_for_task_complete.py -> /home/maria/rmf_ws/install/rmf_demos_tasks/lib/python3.12/site-packages/rmf_demos_tasks
[2.167s] copying /home/maria/rmf_ws/build/rmf_demos_tasks/build/lib/rmf_demos_tasks/mock_docker.py -> /home/maria/rmf_ws/install/rmf_demos_tasks/lib/python3.12/site-packages/rmf_demos_tasks
[2.167s] copying /home/maria/rmf_ws/build/rmf_demos_tasks/build/lib/rmf_demos_tasks/emergency_signal.py -> /home/maria/rmf_ws/install/rmf_demos_tasks/lib/python3.12/site-packages/rmf_demos_tasks
[2.167s] copying /home/maria/rmf_ws/build/rmf_demos_tasks/build/lib/rmf_demos_tasks/dispatch_patrol.py -> /home/maria/rmf_ws/install/rmf_demos_tasks/lib/python3.12/site-packages/rmf_demos_tasks
[2.167s] copying /home/maria/rmf_ws/build/rmf_demos_tasks/build/lib/rmf_demos_tasks/dynamic_event_client.py -> /home/maria/rmf_ws/install/rmf_demos_tasks/lib/python3.12/site-packages/rmf_demos_tasks
[2.167s] copying /home/maria/rmf_ws/build/rmf_demos_tasks/build/lib/rmf_demos_tasks/cancel_robot_task.py -> /home/maria/rmf_ws/install/rmf_demos_tasks/lib/python3.12/site-packages/rmf_demos_tasks
[2.168s] copying /home/maria/rmf_ws/build/rmf_demos_tasks/build/lib/rmf_demos_tasks/dispatch_delivery.py -> /home/maria/rmf_ws/install/rmf_demos_tasks/lib/python3.12/site-packages/rmf_demos_tasks
[2.168s] copying /home/maria/rmf_ws/build/rmf_demos_tasks/build/lib/rmf_demos_tasks/dispatch_json.py -> /home/maria/rmf_ws/install/rmf_demos_tasks/lib/python3.12/site-packages/rmf_demos_tasks
[2.169s] copying /home/maria/rmf_ws/build/rmf_demos_tasks/build/lib/rmf_demos_tasks/dispatch_cart_delivery.py -> /home/maria/rmf_ws/install/rmf_demos_tasks/lib/python3.12/site-packages/rmf_demos_tasks
[2.169s] copying /home/maria/rmf_ws/build/rmf_demos_tasks/build/lib/rmf_demos_tasks/request_loop.py -> /home/maria/rmf_ws/install/rmf_demos_tasks/lib/python3.12/site-packages/rmf_demos_tasks
[2.169s] copying /home/maria/rmf_ws/build/rmf_demos_tasks/build/lib/rmf_demos_tasks/__init__.py -> /home/maria/rmf_ws/install/rmf_demos_tasks/lib/python3.12/site-packages/rmf_demos_tasks
[2.169s] byte-compiling /home/maria/rmf_ws/install/rmf_demos_tasks/lib/python3.12/site-packages/rmf_demos_tasks/dispatch_loop.py to dispatch_loop.cpython-312.pyc
[2.170s] byte-compiling /home/maria/rmf_ws/install/rmf_demos_tasks/lib/python3.12/site-packages/rmf_demos_tasks/teleop_robot.py to teleop_robot.cpython-312.pyc
[2.172s] byte-compiling /home/maria/rmf_ws/install/rmf_demos_tasks/lib/python3.12/site-packages/rmf_demos_tasks/request_lift.py to request_lift.cpython-312.pyc
[2.173s] byte-compiling /home/maria/rmf_ws/install/rmf_demos_tasks/lib/python3.12/site-packages/rmf_demos_tasks/cancel_task.py to cancel_task.cpython-312.pyc
[2.175s] byte-compiling /home/maria/rmf_ws/install/rmf_demos_tasks/lib/python3.12/site-packages/rmf_demos_tasks/dispatch_dynamic_event.py to dispatch_dynamic_event.cpython-312.pyc
[2.178s] byte-compiling /home/maria/rmf_ws/install/rmf_demos_tasks/lib/python3.12/site-packages/rmf_demos_tasks/dispatch_action.py to dispatch_action.cpython-312.pyc
[2.181s] byte-compiling /home/maria/rmf_ws/install/rmf_demos_tasks/lib/python3.12/site-packages/rmf_demos_tasks/dispatch_clean.py to dispatch_clean.cpython-312.pyc
[2.183s] byte-compiling /home/maria/rmf_ws/install/rmf_demos_tasks/lib/python3.12/site-packages/rmf_demos_tasks/api_request.py to api_request.cpython-312.pyc
[2.185s] byte-compiling /home/maria/rmf_ws/install/rmf_demos_tasks/lib/python3.12/site-packages/rmf_demos_tasks/dispatch_teleop.py to dispatch_teleop.cpython-312.pyc
[2.187s] byte-compiling /home/maria/rmf_ws/install/rmf_demos_tasks/lib/python3.12/site-packages/rmf_demos_tasks/get_robot_location.py to get_robot_location.cpython-312.pyc
[2.188s] byte-compiling /home/maria/rmf_ws/install/rmf_demos_tasks/lib/python3.12/site-packages/rmf_demos_tasks/dispatch_go_to_place.py to dispatch_go_to_place.cpython-312.pyc
[2.191s] byte-compiling /home/maria/rmf_ws/install/rmf_demos_tasks/lib/python3.12/site-packages/rmf_demos_tasks/wait_for_task_complete.py to wait_for_task_complete.cpython-312.pyc
[2.192s] byte-compiling /home/maria/rmf_ws/install/rmf_demos_tasks/lib/python3.12/site-packages/rmf_demos_tasks/mock_docker.py to mock_docker.cpython-312.pyc
[2.195s] byte-compiling /home/maria/rmf_ws/install/rmf_demos_tasks/lib/python3.12/site-packages/rmf_demos_tasks/emergency_signal.py to emergency_signal.cpython-312.pyc
[2.196s] byte-compiling /home/maria/rmf_ws/install/rmf_demos_tasks/lib/python3.12/site-packages/rmf_demos_tasks/dispatch_patrol.py to dispatch_patrol.cpython-312.pyc
[2.199s] byte-compiling /home/maria/rmf_ws/install/rmf_demos_tasks/lib/python3.12/site-packages/rmf_demos_tasks/dynamic_event_client.py to dynamic_event_client.cpython-312.pyc
[2.201s] byte-compiling /home/maria/rmf_ws/install/rmf_demos_tasks/lib/python3.12/site-packages/rmf_demos_tasks/cancel_robot_task.py to cancel_robot_task.cpython-312.pyc
[2.203s] byte-compiling /home/maria/rmf_ws/install/rmf_demos_tasks/lib/python3.12/site-packages/rmf_demos_tasks/dispatch_delivery.py to dispatch_delivery.cpython-312.pyc
[2.206s] byte-compiling /home/maria/rmf_ws/install/rmf_demos_tasks/lib/python3.12/site-packages/rmf_demos_tasks/dispatch_json.py to dispatch_json.cpython-312.pyc
[2.210s] byte-compiling /home/maria/rmf_ws/install/rmf_demos_tasks/lib/python3.12/site-packages/rmf_demos_tasks/dispatch_cart_delivery.py to dispatch_cart_delivery.cpython-312.pyc
[2.211s] byte-compiling /home/maria/rmf_ws/install/rmf_demos_tasks/lib/python3.12/site-packages/rmf_demos_tasks/request_loop.py to request_loop.cpython-312.pyc
[2.212s] byte-compiling /home/maria/rmf_ws/install/rmf_demos_tasks/lib/python3.12/site-packages/rmf_demos_tasks/__init__.py to __init__.cpython-312.pyc
[2.213s] running install_data
[2.213s] creating /home/maria/rmf_ws/install/rmf_demos_tasks/share/ament_index
[2.213s] creating /home/maria/rmf_ws/install/rmf_demos_tasks/share/ament_index/resource_index
[2.213s] creating /home/maria/rmf_ws/install/rmf_demos_tasks/share/ament_index/resource_index/packages
[2.213s] copying resource/rmf_demos_tasks -> /home/maria/rmf_ws/install/rmf_demos_tasks/share/ament_index/resource_index/packages
[2.214s] copying package.xml -> /home/maria/rmf_ws/install/rmf_demos_tasks/share/rmf_demos_tasks
[2.214s] running install_egg_info
[2.253s] Copying ../../../build/rmf_demos_tasks/rmf_demos_tasks.egg-info to /home/maria/rmf_ws/install/rmf_demos_tasks/lib/python3.12/site-packages/rmf_demos_tasks-2.8.1-py3.12.egg-info
[2.255s] running install_scripts
[2.500s] Installing api_request script to /home/maria/rmf_ws/install/rmf_demos_tasks/lib/rmf_demos_tasks
[2.500s] Installing cancel_robot_task script to /home/maria/rmf_ws/install/rmf_demos_tasks/lib/rmf_demos_tasks
[2.500s] Installing cancel_task script to /home/maria/rmf_ws/install/rmf_demos_tasks/lib/rmf_demos_tasks
[2.501s] Installing dispatch_action script to /home/maria/rmf_ws/install/rmf_demos_tasks/lib/rmf_demos_tasks
[2.501s] Installing dispatch_cart_delivery script to /home/maria/rmf_ws/install/rmf_demos_tasks/lib/rmf_demos_tasks
[2.501s] Installing dispatch_clean script to /home/maria/rmf_ws/install/rmf_demos_tasks/lib/rmf_demos_tasks
[2.502s] Installing dispatch_delivery script to /home/maria/rmf_ws/install/rmf_demos_tasks/lib/rmf_demos_tasks
[2.502s] Installing dispatch_dynamic_event script to /home/maria/rmf_ws/install/rmf_demos_tasks/lib/rmf_demos_tasks
[2.503s] Installing dispatch_go_to_place script to /home/maria/rmf_ws/install/rmf_demos_tasks/lib/rmf_demos_tasks
[2.503s] Installing dispatch_json script to /home/maria/rmf_ws/install/rmf_demos_tasks/lib/rmf_demos_tasks
[2.503s] Installing dispatch_loop script to /home/maria/rmf_ws/install/rmf_demos_tasks/lib/rmf_demos_tasks
[2.503s] Installing dispatch_patrol script to /home/maria/rmf_ws/install/rmf_demos_tasks/lib/rmf_demos_tasks
[2.503s] Installing dispatch_teleop script to /home/maria/rmf_ws/install/rmf_demos_tasks/lib/rmf_demos_tasks
[2.503s] Installing dynamic_event_client script to /home/maria/rmf_ws/install/rmf_demos_tasks/lib/rmf_demos_tasks
[2.503s] Installing emergency_signal script to /home/maria/rmf_ws/install/rmf_demos_tasks/lib/rmf_demos_tasks
[2.504s] Installing get_robot_location script to /home/maria/rmf_ws/install/rmf_demos_tasks/lib/rmf_demos_tasks
[2.504s] Installing mock_docker script to /home/maria/rmf_ws/install/rmf_demos_tasks/lib/rmf_demos_tasks
[2.506s] Installing request_lift script to /home/maria/rmf_ws/install/rmf_demos_tasks/lib/rmf_demos_tasks
[2.506s] Installing request_loop script to /home/maria/rmf_ws/install/rmf_demos_tasks/lib/rmf_demos_tasks
[2.507s] Installing teleop_robot script to /home/maria/rmf_ws/install/rmf_demos_tasks/lib/rmf_demos_tasks
[2.507s] Installing wait_for_task_complete script to /home/maria/rmf_ws/install/rmf_demos_tasks/lib/rmf_demos_tasks
[2.507s] writing list of installed files to '/home/maria/rmf_ws/build/rmf_demos_tasks/install.log'
[2.569s] Invoked command in '/home/maria/rmf_ws/src/project/rmf_demos_tasks' returned '0': PYTHONPATH=/home/maria/rmf_ws/build/rmf_demos_tasks/prefix_override:/usr/lib/python3/dist-packages/colcon_core/task/python/colcon_distutils_commands:/home/maria/rmf_ws/install/rmf_demos_tasks/lib/python3.12/site-packages:${PYTHONPATH} /usr/bin/python3 -W ignore:setup.py install is deprecated -W ignore:easy_install command is deprecated setup.py egg_info --egg-base ../../../build/rmf_demos_tasks build --build-base /home/maria/rmf_ws/build/rmf_demos_tasks/build install --record /home/maria/rmf_ws/build/rmf_demos_tasks/install.log --single-version-externally-managed install_data
