[1.374s] Invoking command in '/home/maria/rmf_ws/src/rmf_visualization/rmf_visualization_building_systems': PYTHONPATH=/home/maria/rmf_ws/build/rmf_visualization_building_systems/prefix_override:/usr/lib/python3/dist-packages/colcon_core/task/python/colcon_distutils_commands:/home/maria/rmf_ws/install/rmf_visualization_building_systems/lib/python3.12/site-packages:${PYTHONPATH} /usr/bin/python3 -W ignore:setup.py install is deprecated -W ignore:easy_install command is deprecated setup.py egg_info --egg-base ../../../build/rmf_visualization_building_systems build --build-base /home/maria/rmf_ws/build/rmf_visualization_building_systems/build install --record /home/maria/rmf_ws/build/rmf_visualization_building_systems/install.log --single-version-externally-managed install_data
[1.994s] running egg_info
[2.016s] writing ../../../build/rmf_visualization_building_systems/rmf_visualization_building_systems.egg-info/PKG-INFO
[2.016s] writing dependency_links to ../../../build/rmf_visualization_building_systems/rmf_visualization_building_systems.egg-info/dependency_links.txt
[2.016s] writing entry points to ../../../build/rmf_visualization_building_systems/rmf_visualization_building_systems.egg-info/entry_points.txt
[2.016s] writing requirements to ../../../build/rmf_visualization_building_systems/rmf_visualization_building_systems.egg-info/requires.txt
[2.017s] writing top-level names to ../../../build/rmf_visualization_building_systems/rmf_visualization_building_systems.egg-info/top_level.txt
[2.060s] reading manifest file '../../../build/rmf_visualization_building_systems/rmf_visualization_building_systems.egg-info/SOURCES.txt'
[2.064s] writing manifest file '../../../build/rmf_visualization_building_systems/rmf_visualization_building_systems.egg-info/SOURCES.txt'
[2.064s] running build
[2.064s] running build_py
[2.064s] running install
[2.075s] running install_lib
[2.101s] running install_data
[2.102s] running install_egg_info
[2.133s] removing '/home/maria/rmf_ws/install/rmf_visualization_building_systems/lib/python3.12/site-packages/rmf_visualization_building_systems-2.5.1-py3.12.egg-info' (and everything under it)
[2.133s] Copying ../../../build/rmf_visualization_building_systems/rmf_visualization_building_systems.egg-info to /home/maria/rmf_ws/install/rmf_visualization_building_systems/lib/python3.12/site-packages/rmf_visualization_building_systems-2.5.1-py3.12.egg-info
[2.137s] running install_scripts
[2.358s] Installing rmf_visualization_building_systems script to /home/maria/rmf_ws/install/rmf_visualization_building_systems/lib/rmf_visualization_building_systems
[2.362s] writing list of installed files to '/home/maria/rmf_ws/build/rmf_visualization_building_systems/install.log'
[2.419s] Invoked command in '/home/maria/rmf_ws/src/rmf_visualization/rmf_visualization_building_systems' returned '0': PYTHONPATH=/home/maria/rmf_ws/build/rmf_visualization_building_systems/prefix_override:/usr/lib/python3/dist-packages/colcon_core/task/python/colcon_distutils_commands:/home/maria/rmf_ws/install/rmf_visualization_building_systems/lib/python3.12/site-packages:${PYTHONPATH} /usr/bin/python3 -W ignore:setup.py install is deprecated -W ignore:easy_install command is deprecated setup.py egg_info --egg-base ../../../build/rmf_visualization_building_systems build --build-base /home/maria/rmf_ws/build/rmf_visualization_building_systems/build install --record /home/maria/rmf_ws/build/rmf_visualization_building_systems/install.log --single-version-externally-managed install_data
