[0.176s] Invoking command in '/home/maria/rmf_ws/build/project_maps': CMAKE_PREFIX_PATH=/rmf_demos_ws/install/rmf_workcell_msgs:/rmf_demos_ws/install/rmf_demos_gz:/rmf_demos_ws/install/rmf_demos:/rmf_demos_ws/install/rmf_reservation_node:/rmf_demos_ws/install/rmf_fleet_adapter_python:/rmf_demos_ws/install/rmf_fleet_adapter:/rmf_demos_ws/install/rmf_task_ros2:/rmf_demos_ws/install/rmf_websocket:/rmf_demos_ws/install/rmf_visualization:/rmf_demos_ws/install/rmf_visualization_schedule:/rmf_demos_ws/install/rmf_visualization_rviz2_plugins:/rmf_demos_ws/install/rmf_visualization_obstacles:/rmf_demos_ws/install/rmf_visualization_navgraphs:/rmf_demos_ws/install/rmf_visualization_floorplans:/rmf_demos_ws/install/rmf_visualization_fleet_states:/rmf_demos_ws/install/rmf_visualization_msgs:/rmf_demos_ws/install/rmf_traffic_ros2:/rmf_demos_ws/install/rmf_task_sequence:/rmf_demos_ws/install/rmf_task:/rmf_demos_ws/install/rmf_battery:/rmf_demos_ws/install/rmf_traffic:/rmf_demos_ws/install/rmf_utils:/rmf_demos_ws/install/rmf_traffic_msgs:/rmf_demos_ws/install/rmf_traffic_editor_test_maps:/rmf_demos_ws/install/rmf_traffic_editor_assets:/rmf_demos_ws/install/rmf_traffic_editor:/rmf_demos_ws/install/rmf_task_msgs:/rmf_demos_ws/install/rmf_site_map_msgs:/rmf_demos_ws/install/rmf_scheduler_msgs:/rmf_demos_ws/install/rmf_robot_sim_gz_plugins:/rmf_demos_ws/install/rmf_robot_sim_common:/rmf_demos_ws/install/rmf_reservation_msgs:/rmf_demos_ws/install/rmf_obstacle_msgs:/rmf_demos_ws/install/rmf_building_sim_gz_plugins:/rmf_demos_ws/install/rmf_lift_msgs:/rmf_demos_ws/install/rmf_ingestor_msgs:/rmf_demos_ws/install/rmf_fleet_msgs:/rmf_demos_ws/install/rmf_door_msgs:/rmf_demos_ws/install/rmf_dispenser_msgs:/rmf_demos_ws/install/rmf_demos_maps:/rmf_demos_ws/install/rmf_demos_assets:/rmf_demos_ws/install/rmf_charger_msgs:/rmf_demos_ws/install/rmf_building_map_msgs:/rmf_demos_ws/install/rmf_api_msgs:/rmf_demos_ws/install/nlohmann_json_schema_validator_vendor:/rmf_demos_ws/install/rmf_demos_fleet_adapter:/rmf_demos_ws/install/rmf_visualization_building_systems:/rmf_demos_ws/install/rmf_traffic_examples:/rmf_demos_ws/install/rmf_demos_bridges:/rmf_demos_ws/install/rmf_demos_tasks:/rmf_demos_ws/install/rmf_building_map_tools:/rmf_demos_ws/install/rmf_charging_schedule:/opt/ros/jazzy:/rmf_demos_ws/install/menge_vendor:/rmf_demos_ws/install/ament_cmake_catch2:/opt/ros/jazzy/opt/gz_sim_vendor:/opt/ros/jazzy/opt/gz_sensors_vendor:/opt/ros/jazzy/opt/gz_physics_vendor:/opt/ros/jazzy/opt/sdformat_vendor:/opt/ros/jazzy/opt/gz_gui_vendor:/opt/ros/jazzy/opt/gz_transport_vendor:/opt/ros/jazzy/opt/gz_rendering_vendor:/opt/ros/jazzy/opt/gz_plugin_vendor:/opt/ros/jazzy/opt/gz_fuel_tools_vendor:/opt/ros/jazzy/opt/gz_msgs_vendor:/opt/ros/jazzy/opt/gz_common_vendor:/opt/ros/jazzy/opt/gz_math_vendor:/opt/ros/jazzy/opt/gz_utils_vendor:/opt/ros/jazzy/opt/gz_tools_vendor:/opt/ros/jazzy/opt/gz_ogre_next_vendor:/opt/ros/jazzy/opt/gz_dartsim_vendor:/opt/ros/jazzy/opt/gz_cmake_vendor /usr/bin/cmake --build /home/maria/rmf_ws/build/project_maps -- -j8 -l8
[0.228s] [ 25%] [34m[1mGenerating maps/classroom/nav_graphs/phony[0m
[0.235s] [ 50%] [34m[1mGenerating maps/test1/nav_graphs/phony[0m
[0.477s] Cache directory does not exist! Creating it: /home/maria/.pit_crew
[0.477s] Cache not found! Rebuilding cache...
[0.477s] Topping up Fuel (updating cache) from: https://fuel.gazebosim.org/1.0/models
[0.477s] Fetching page: 1
[0.621s] building name: test1
[0.621s] coordinate system: reference_image
[0.621s] parsing level L1
[0.621s] parsing level L2
[0.621s] calculating levels relative to L1
[0.621s] level L1 scale: 0.06666666666666667
[0.621s] calculating level L2 offset and scale...
[0.622s]   2 common fiducials:
[0.622s] Transform.set_from_fiducials()
[0.622s]   2 fiducial pairs:
[0.622s]     (1.5, -1.5) -> (2.0, -2.0)   columna1
[0.622s]     (148.5, -1.5) -> (148.5, -1.5)   columna2
[0.622s]     calc dist columna1 <=> columna2
[0.622s] Bearings:
[0.622s] [(0.0, 0.003412956031538204)]
[0.622s]   0.003412956031538204
[0.622s]   Circular mean: -0.0034129560315382034
[0.622s] Distances:
[0.622s] [(147.0, 146.50085323983612)]
[0.623s] mean relative scale: 0.996604443808409
[0.623s] translation: (-0.03333, 0.034243)
[0.623s] generating nav data
[0.623s] hooray, we found an intersection: t=0.506, u=0.532
[0.623s]   (23.555,-48.923),(122.687,-48.923) and (73.7,-38.148),(73.7,-58.389)
[0.623s] found intersection with door null!
[0.623s] writing /home/maria/rmf_ws/build/project_maps/maps/test1/nav_graphs/0.yaml
[0.688s] building name: classroom
[0.688s] coordinate system: reference_image
[0.688s] parsing level L1
[0.689s] parsing level L2
[0.689s] calculating levels relative to L1
[0.689s] level L1 scale: 0.02551020408163266
[0.689s] calculating level L2 offset and scale...
[0.689s]   0 common fiducials:
[0.689s] Transform.set_from_fiducials()
[0.690s]   0 fiducial pairs:
[0.690s] Bearings:
[0.690s] []
[0.690s] [ 50%] Built target generate_test1_nav_graphs
[0.694s] generating nav data
[0.694s] hooray, we found an intersection: t=0.459, u=0.62
[0.694s]   (732.006,-1378.531),(618.612,-1378.531) and (679.96,-1356.421),(679.96,-1392.105)
[0.694s] found intersection with door door2!
[0.695s] hooray, we found an intersection: t=0.604, u=0.561
[0.695s]   (741.803,-1033.459),(741.803,-1380.592) and (672.582,-1243.013),(795.893,-1243.013)
[0.695s] found intersection with door door6!
[0.695s] hooray, we found an intersection: t=0.303, u=0.684
[0.695s]   (741.803,-1380.592),(519.736,-1380.592) and (674.5,-1355.444),(674.5,-1392.191)
[0.695s] found intersection with door door9!
[0.695s] hooray, we found an intersection: t=0.183, u=0.481
[0.695s]   (877.736,-1373.216),(1134.021,-1373.216) and (924.619,-1355.521),(924.619,-1392.329)
[0.695s] found intersection with door door3!
[0.695s] hooray, we found an intersection: t=0.359, u=0.456
[0.696s]   (547.119,-1697.655),(878.052,-1697.655) and (665.966,-1673.474),(665.966,-1726.528)
[0.696s] found intersection with door door4!
[0.696s] hooray, we found an intersection: t=0.347, u=0.604
[0.696s]   (877.59,-1173.327),(877.59,-1374.102) and (808.137,-1243.013),(923.139,-1243.013)
[0.696s] found intersection with door door7!
[0.696s] hooray, we found an intersection: t=0.177, u=0.466
[0.696s]   (877.59,-1374.102),(1140.727,-1374.102) and (924.039,-1357.093),(924.039,-1393.624)
[0.696s] found intersection with door door8!
[0.696s] writing /home/maria/rmf_ws/build/project_maps/maps/classroom/nav_graphs/0.yaml
[0.698s] writing /home/maria/rmf_ws/build/project_maps/maps/classroom/nav_graphs/1.yaml
[0.760s] [ 50%] Built target generate_classroom_nav_graphs
[1.230s] Fetching page: 2
[2.166s] Fetching page: 3
[3.099s] Fetching page: 4
[4.224s] Fetching page: 5
[5.249s] Fetching page: 6
[6.171s] Fetching page: 7
[7.093s] Fetching page: 8
[8.013s] Fetching page: 9
[8.910s] Fetching page: 10
[9.857s] Fetching page: 11
[10.769s] Fetching page: 12
[11.803s] Fetching page: 13
[12.689s] Fetching page: 14
[13.646s] Fetching page: 15
[14.635s] Fetching page: 16
[15.695s] Fetching page: 17
[16.619s] Fetching page: 18
[17.538s] Fetching page: 19
[18.463s] Fetching page: 20
[19.688s] Fetching page: 21
[20.712s] Fetching page: 22
[21.839s] Fetching page: 23
[22.862s] Fetching page: 24
[23.783s] Fetching page: 25
[24.808s] Fetching page: 26
[25.835s] Fetching page: 27
[26.856s] Fetching page: 28
[27.778s] Fetching page: 29
[28.577s] Fetching page: 30
[29.404s] Fetching page: 31
[30.261s] Fetching page: 32
[31.100s] Fetching page: 33
[32.077s] Fetching page: 34
[32.892s] Writing to cache: /home/maria/.pit_crew/model_cache.json
[32.926s] New models cached: 3239
[32.926s] 
[32.964s] [ 50%] Built target update_model_cache
[33.334s] generating /home/maria/rmf_ws/build/project_maps/maps/test1/test1.world from /home/maria/rmf_ws/src/project/project_maps/maps/test1/test1.building.yaml
[33.335s] generating /home/maria/rmf_ws/build/project_maps/maps/classroom/classroom.world from /home/maria/rmf_ws/src/project/project_maps/maps/classroom/classroom.building.yaml
[33.336s] building name: test1
[33.336s] coordinate system: reference_image
[33.336s] parsing level L1
[33.336s] parsing level L2
[33.337s] calculating levels relative to L1
[33.337s] level L1 scale: 0.06666666666666667
[33.337s] calculating level L2 offset and scale...
[33.337s]   2 common fiducials:
[33.337s] Transform.set_from_fiducials()
[33.337s]   2 fiducial pairs:
[33.337s]     (1.5, -1.5) -> (2.0, -2.0)   columna1
[33.337s]     (148.5, -1.5) -> (148.5, -1.5)   columna2
[33.337s]     calc dist columna1 <=> columna2
[33.337s] Bearings:
[33.337s] [(0.0, 0.003412956031538204)]
[33.337s]   0.003412956031538204
[33.337s]   Circular mean: -0.0034129560315382034
[33.337s] Distances:
[33.337s] [(147.0, 146.50085323983612)]
[33.337s] mean relative scale: 0.996604443808409
[33.337s] translation: (-0.03333, 0.034243)
[33.337s] generating model of level L1 in /home/maria/rmf_ws/build/project_maps/maps/test1/models/test1_L1
[33.337s]   wrote /home/maria/rmf_ws/build/project_maps/maps/test1/models/test1_L1/model.config
[33.337s] generating floor polygon 1 on floor test1_L1
[33.338s] hole vertices: []
[33.338s] lift vertices: {}
[33.338s] [[0, 3, 1], [1, 3, 2]]
[33.338s]   wrote /home/maria/rmf_ws/build/project_maps/maps/test1/models/test1_L1/meshes/floor_1.obj
[33.339s]   wrote /home/maria/rmf_ws/build/project_maps/maps/test1/models/test1_L1/meshes/blue_linoleum.png
[33.341s]   wrote /home/maria/rmf_ws/build/project_maps/maps/test1/models/test1_L1/meshes/floor_1.mtl
[33.342s] Walls Generation, wall params list: [{'alpha': <building_map.param_value.ParamValue object at 0x74d87bea3890>, 'texture_height': <building_map.param_value.ParamValue object at 0x74d87bea3530>, 'texture_name': <building_map.param_value.ParamValue object at 0x74d87bea3830>, 'texture_scale': <building_map.param_value.ParamValue object at 0x74d87bea3800>, 'texture_width': <building_map.param_value.ParamValue object at 0x74d87bea37d0>}]
[33.342s] generating wall: 1 on floor: test1_L1
[33.342s]   wrote /home/maria/rmf_ws/build/project_maps/maps/test1/models/test1_L1/meshes/default.png
[33.342s] generate_wall_visual_mesh(test1_L1, /home/maria/rmf_ws/build/project_maps/maps/test1/models/test1_L1)
[33.342s]   generating /home/maria/rmf_ws/build/project_maps/maps/test1/models/test1_L1/meshes/wall_1.obj
[33.343s]   generating /home/maria/rmf_ws/build/project_maps/maps/test1/models/test1_L1/meshes/wall_1.mtl
[33.343s]   wrote /home/maria/rmf_ws/build/project_maps/maps/test1/models/test1_L1/model.sdf
[33.343s] generating model of level L2 in /home/maria/rmf_ws/build/project_maps/maps/test1/models/test1_L2
[33.343s]   wrote /home/maria/rmf_ws/build/project_maps/maps/test1/models/test1_L2/model.config
[33.343s] generating floor polygon 1 on floor test1_L2
[33.343s] hole vertices: []
[33.343s] lift vertices: {}
[33.344s] [[0, 3, 1], [1, 3, 2]]
[33.344s]   wrote /home/maria/rmf_ws/build/project_maps/maps/test1/models/test1_L2/meshes/floor_1.obj
[33.344s]   wrote /home/maria/rmf_ws/build/project_maps/maps/test1/models/test1_L2/meshes/blue_linoleum.png
[33.345s]   wrote /home/maria/rmf_ws/build/project_maps/maps/test1/models/test1_L2/meshes/floor_1.mtl
[33.345s] Walls Generation, wall params list: [{'alpha': <building_map.param_value.ParamValue object at 0x74d87bc84410>, 'texture_height': <building_map.param_value.ParamValue object at 0x74d87bc84440>, 'texture_name': <building_map.param_value.ParamValue object at 0x74d87bc84470>, 'texture_scale': <building_map.param_value.ParamValue object at 0x74d87bc844d0>, 'texture_width': <building_map.param_value.ParamValue object at 0x74d87bc84500>}]
[33.345s] generating wall: 1 on floor: test1_L2
[33.345s]   wrote /home/maria/rmf_ws/build/project_maps/maps/test1/models/test1_L2/meshes/default.png
[33.345s] generate_wall_visual_mesh(test1_L2, /home/maria/rmf_ws/build/project_maps/maps/test1/models/test1_L2)
[33.345s]   generating /home/maria/rmf_ws/build/project_maps/maps/test1/models/test1_L2/meshes/wall_1.obj
[33.345s]   generating /home/maria/rmf_ws/build/project_maps/maps/test1/models/test1_L2/meshes/wall_1.mtl
[33.346s]   wrote /home/maria/rmf_ws/build/project_maps/maps/test1/models/test1_L2/model.sdf
[33.362s] spawning robot name tinyRobot1_charger of type TinyRobot
[33.362s] generate door name=null type=sliding
[33.362s] Door(null)
[33.363s] 13861 bytes written to /home/maria/rmf_ws/build/project_maps/maps/test1/test1.world
[33.394s] building name: classroom
[33.394s] coordinate system: reference_image
[33.394s] parsing level L1
[33.395s] parsing level L2
[33.395s] calculating levels relative to L1
[33.395s] level L1 scale: 0.02551020408163266
[33.395s] calculating level L2 offset and scale...
[33.395s]   0 common fiducials:
[33.396s] Transform.set_from_fiducials()
[33.396s]   0 fiducial pairs:
[33.396s] Bearings:
[33.396s] []
[33.400s] generating model of level L1 in /home/maria/rmf_ws/build/project_maps/maps/classroom/models/classroom_L1
[33.400s]   wrote /home/maria/rmf_ws/build/project_maps/maps/classroom/models/classroom_L1/model.config
[33.400s] generating floor polygon 1 on floor classroom_L1
[33.400s] hole vertices: []
[33.400s] lift vertices: {}
[33.402s] [[0, 5, 2], [0, 2, 1], [4, 3, 2], [4, 2, 5]]
[33.403s]   wrote /home/maria/rmf_ws/build/project_maps/maps/classroom/models/classroom_L1/meshes/floor_1.obj
[33.403s]   wrote /home/maria/rmf_ws/build/project_maps/maps/classroom/models/classroom_L1/meshes/blue_linoleum.png
[33.404s]   wrote /home/maria/rmf_ws/build/project_maps/maps/classroom/models/classroom_L1/meshes/floor_1.mtl
[33.404s] Walls Generation, wall params list: [{'alpha': <building_map.param_value.ParamValue object at 0x73ea99d93fe0>, 'texture_height': <building_map.param_value.ParamValue object at 0x73ea99f7f080>, 'texture_name': <building_map.param_value.ParamValue object at 0x73ea99f7f590>, 'texture_scale': <building_map.param_value.ParamValue object at 0x73ea99f7f5c0>, 'texture_width': <building_map.param_value.ParamValue object at 0x73ea99f7c410>}]
[33.404s] generating wall: 1 on floor: classroom_L1
[33.404s]   wrote /home/maria/rmf_ws/build/project_maps/maps/classroom/models/classroom_L1/meshes/default.png
[33.404s] generate_wall_visual_mesh(classroom_L1, /home/maria/rmf_ws/build/project_maps/maps/classroom/models/classroom_L1)
[33.404s]   generating /home/maria/rmf_ws/build/project_maps/maps/classroom/models/classroom_L1/meshes/wall_1.obj
[33.413s]   generating /home/maria/rmf_ws/build/project_maps/maps/classroom/models/classroom_L1/meshes/wall_1.mtl
[33.413s]   wrote /home/maria/rmf_ws/build/project_maps/maps/classroom/models/classroom_L1/model.sdf
[33.413s] generating model of level L2 in /home/maria/rmf_ws/build/project_maps/maps/classroom/models/classroom_L2
[33.413s]   wrote /home/maria/rmf_ws/build/project_maps/maps/classroom/models/classroom_L2/model.config
[33.413s] generating floor polygon 1 on floor classroom_L2
[33.413s] hole vertices: []
[33.413s] lift vertices: {}
[33.414s] [[0, 3, 2], [0, 2, 1]]
[33.414s]   wrote /home/maria/rmf_ws/build/project_maps/maps/classroom/models/classroom_L2/meshes/floor_1.obj
[33.415s]   wrote /home/maria/rmf_ws/build/project_maps/maps/classroom/models/classroom_L2/meshes/blue_linoleum.png
[33.415s]   wrote /home/maria/rmf_ws/build/project_maps/maps/classroom/models/classroom_L2/meshes/floor_1.mtl
[33.415s] Walls Generation, wall params list: [{'alpha': <building_map.param_value.ParamValue object at 0x73ea99e04500>, 'texture_height': <building_map.param_value.ParamValue object at 0x73ea99e04530>, 'texture_name': <building_map.param_value.ParamValue object at 0x73ea99e04560>, 'texture_scale': <building_map.param_value.ParamValue object at 0x73ea99e04590>, 'texture_width': <building_map.param_value.ParamValue object at 0x73ea99e045c0>}]
[33.415s] generating wall: 1 on floor: classroom_L2
[33.415s]   wrote /home/maria/rmf_ws/build/project_maps/maps/classroom/models/classroom_L2/meshes/default.png
[33.415s] generate_wall_visual_mesh(classroom_L2, /home/maria/rmf_ws/build/project_maps/maps/classroom/models/classroom_L2)
[33.415s]   generating /home/maria/rmf_ws/build/project_maps/maps/classroom/models/classroom_L2/meshes/wall_1.obj
[33.418s]   generating /home/maria/rmf_ws/build/project_maps/maps/classroom/models/classroom_L2/meshes/wall_1.mtl
[33.418s]   wrote /home/maria/rmf_ws/build/project_maps/maps/classroom/models/classroom_L2/model.sdf
[33.422s] [ 50%] Built target test1
[33.433s] spawning robot name tinyRobot2 of type TinyRobot
[33.433s] spawning robot name tinyRobot1 of type TinyRobot
[33.433s] generate door name=door1 type=double_hinged
[33.433s] Door(door1)
[33.433s] generate door name=door2 type=hinged
[33.434s] Door(door2)
[33.434s] generate door name=door3 type=sliding
[33.434s] Door(door3)
[33.434s] generate door name=door4 type=double_hinged
[33.434s] Door(door4)
[33.434s] generate door name=door5 type=double_hinged
[33.434s] Door(door5)
[33.434s] generate door name=door6 type=double_hinged
[33.434s] Door(door6)
[33.434s] generate door name=door7 type=double_hinged
[33.434s] Door(door7)
[33.434s] generate door name=door8 type=sliding
[33.434s] Door(door8)
[33.434s] generate door name=door9 type=hinged
[33.434s] Door(door9)
[33.438s] 96466 bytes written to /home/maria/rmf_ws/build/project_maps/maps/classroom/classroom.world
[33.443s] [ 75%] [34m[1mGenerating test1_crowdsim[0m
[33.498s] [ 75%] Built target classroom
[33.518s] [100%] [34m[1mGenerating classroom_crowdsim[0m
[33.816s] crowdsim unable to parse, not attempting to proceed
[33.830s] crowdsim unable to parse, not attempting to proceed
[33.887s] [100%] Built target generate_test1_crowdsim
[34.189s] crowdsim unable to parse, not attempting to proceed
[34.495s] crowdsim unable to parse, not attempting to proceed
[34.546s] [100%] Built target generate_classroom_crowdsim
[34.558s] Invoked command in '/home/maria/rmf_ws/build/project_maps' returned '0': CMAKE_PREFIX_PATH=/rmf_demos_ws/install/rmf_workcell_msgs:/rmf_demos_ws/install/rmf_demos_gz:/rmf_demos_ws/install/rmf_demos:/rmf_demos_ws/install/rmf_reservation_node:/rmf_demos_ws/install/rmf_fleet_adapter_python:/rmf_demos_ws/install/rmf_fleet_adapter:/rmf_demos_ws/install/rmf_task_ros2:/rmf_demos_ws/install/rmf_websocket:/rmf_demos_ws/install/rmf_visualization:/rmf_demos_ws/install/rmf_visualization_schedule:/rmf_demos_ws/install/rmf_visualization_rviz2_plugins:/rmf_demos_ws/install/rmf_visualization_obstacles:/rmf_demos_ws/install/rmf_visualization_navgraphs:/rmf_demos_ws/install/rmf_visualization_floorplans:/rmf_demos_ws/install/rmf_visualization_fleet_states:/rmf_demos_ws/install/rmf_visualization_msgs:/rmf_demos_ws/install/rmf_traffic_ros2:/rmf_demos_ws/install/rmf_task_sequence:/rmf_demos_ws/install/rmf_task:/rmf_demos_ws/install/rmf_battery:/rmf_demos_ws/install/rmf_traffic:/rmf_demos_ws/install/rmf_utils:/rmf_demos_ws/install/rmf_traffic_msgs:/rmf_demos_ws/install/rmf_traffic_editor_test_maps:/rmf_demos_ws/install/rmf_traffic_editor_assets:/rmf_demos_ws/install/rmf_traffic_editor:/rmf_demos_ws/install/rmf_task_msgs:/rmf_demos_ws/install/rmf_site_map_msgs:/rmf_demos_ws/install/rmf_scheduler_msgs:/rmf_demos_ws/install/rmf_robot_sim_gz_plugins:/rmf_demos_ws/install/rmf_robot_sim_common:/rmf_demos_ws/install/rmf_reservation_msgs:/rmf_demos_ws/install/rmf_obstacle_msgs:/rmf_demos_ws/install/rmf_building_sim_gz_plugins:/rmf_demos_ws/install/rmf_lift_msgs:/rmf_demos_ws/install/rmf_ingestor_msgs:/rmf_demos_ws/install/rmf_fleet_msgs:/rmf_demos_ws/install/rmf_door_msgs:/rmf_demos_ws/install/rmf_dispenser_msgs:/rmf_demos_ws/install/rmf_demos_maps:/rmf_demos_ws/install/rmf_demos_assets:/rmf_demos_ws/install/rmf_charger_msgs:/rmf_demos_ws/install/rmf_building_map_msgs:/rmf_demos_ws/install/rmf_api_msgs:/rmf_demos_ws/install/nlohmann_json_schema_validator_vendor:/rmf_demos_ws/install/rmf_demos_fleet_adapter:/rmf_demos_ws/install/rmf_visualization_building_systems:/rmf_demos_ws/install/rmf_traffic_examples:/rmf_demos_ws/install/rmf_demos_bridges:/rmf_demos_ws/install/rmf_demos_tasks:/rmf_demos_ws/install/rmf_building_map_tools:/rmf_demos_ws/install/rmf_charging_schedule:/opt/ros/jazzy:/rmf_demos_ws/install/menge_vendor:/rmf_demos_ws/install/ament_cmake_catch2:/opt/ros/jazzy/opt/gz_sim_vendor:/opt/ros/jazzy/opt/gz_sensors_vendor:/opt/ros/jazzy/opt/gz_physics_vendor:/opt/ros/jazzy/opt/sdformat_vendor:/opt/ros/jazzy/opt/gz_gui_vendor:/opt/ros/jazzy/opt/gz_transport_vendor:/opt/ros/jazzy/opt/gz_rendering_vendor:/opt/ros/jazzy/opt/gz_plugin_vendor:/opt/ros/jazzy/opt/gz_fuel_tools_vendor:/opt/ros/jazzy/opt/gz_msgs_vendor:/opt/ros/jazzy/opt/gz_common_vendor:/opt/ros/jazzy/opt/gz_math_vendor:/opt/ros/jazzy/opt/gz_utils_vendor:/opt/ros/jazzy/opt/gz_tools_vendor:/opt/ros/jazzy/opt/gz_ogre_next_vendor:/opt/ros/jazzy/opt/gz_dartsim_vendor:/opt/ros/jazzy/opt/gz_cmake_vendor /usr/bin/cmake --build /home/maria/rmf_ws/build/project_maps -- -j8 -l8
[34.559s] Invoking command in '/home/maria/rmf_ws/build/project_maps': CMAKE_PREFIX_PATH=/rmf_demos_ws/install/rmf_workcell_msgs:/rmf_demos_ws/install/rmf_demos_gz:/rmf_demos_ws/install/rmf_demos:/rmf_demos_ws/install/rmf_reservation_node:/rmf_demos_ws/install/rmf_fleet_adapter_python:/rmf_demos_ws/install/rmf_fleet_adapter:/rmf_demos_ws/install/rmf_task_ros2:/rmf_demos_ws/install/rmf_websocket:/rmf_demos_ws/install/rmf_visualization:/rmf_demos_ws/install/rmf_visualization_schedule:/rmf_demos_ws/install/rmf_visualization_rviz2_plugins:/rmf_demos_ws/install/rmf_visualization_obstacles:/rmf_demos_ws/install/rmf_visualization_navgraphs:/rmf_demos_ws/install/rmf_visualization_floorplans:/rmf_demos_ws/install/rmf_visualization_fleet_states:/rmf_demos_ws/install/rmf_visualization_msgs:/rmf_demos_ws/install/rmf_traffic_ros2:/rmf_demos_ws/install/rmf_task_sequence:/rmf_demos_ws/install/rmf_task:/rmf_demos_ws/install/rmf_battery:/rmf_demos_ws/install/rmf_traffic:/rmf_demos_ws/install/rmf_utils:/rmf_demos_ws/install/rmf_traffic_msgs:/rmf_demos_ws/install/rmf_traffic_editor_test_maps:/rmf_demos_ws/install/rmf_traffic_editor_assets:/rmf_demos_ws/install/rmf_traffic_editor:/rmf_demos_ws/install/rmf_task_msgs:/rmf_demos_ws/install/rmf_site_map_msgs:/rmf_demos_ws/install/rmf_scheduler_msgs:/rmf_demos_ws/install/rmf_robot_sim_gz_plugins:/rmf_demos_ws/install/rmf_robot_sim_common:/rmf_demos_ws/install/rmf_reservation_msgs:/rmf_demos_ws/install/rmf_obstacle_msgs:/rmf_demos_ws/install/rmf_building_sim_gz_plugins:/rmf_demos_ws/install/rmf_lift_msgs:/rmf_demos_ws/install/rmf_ingestor_msgs:/rmf_demos_ws/install/rmf_fleet_msgs:/rmf_demos_ws/install/rmf_door_msgs:/rmf_demos_ws/install/rmf_dispenser_msgs:/rmf_demos_ws/install/rmf_demos_maps:/rmf_demos_ws/install/rmf_demos_assets:/rmf_demos_ws/install/rmf_charger_msgs:/rmf_demos_ws/install/rmf_building_map_msgs:/rmf_demos_ws/install/rmf_api_msgs:/rmf_demos_ws/install/nlohmann_json_schema_validator_vendor:/rmf_demos_ws/install/rmf_demos_fleet_adapter:/rmf_demos_ws/install/rmf_visualization_building_systems:/rmf_demos_ws/install/rmf_traffic_examples:/rmf_demos_ws/install/rmf_demos_bridges:/rmf_demos_ws/install/rmf_demos_tasks:/rmf_demos_ws/install/rmf_building_map_tools:/rmf_demos_ws/install/rmf_charging_schedule:/opt/ros/jazzy:/rmf_demos_ws/install/menge_vendor:/rmf_demos_ws/install/ament_cmake_catch2:/opt/ros/jazzy/opt/gz_sim_vendor:/opt/ros/jazzy/opt/gz_sensors_vendor:/opt/ros/jazzy/opt/gz_physics_vendor:/opt/ros/jazzy/opt/sdformat_vendor:/opt/ros/jazzy/opt/gz_gui_vendor:/opt/ros/jazzy/opt/gz_transport_vendor:/opt/ros/jazzy/opt/gz_rendering_vendor:/opt/ros/jazzy/opt/gz_plugin_vendor:/opt/ros/jazzy/opt/gz_fuel_tools_vendor:/opt/ros/jazzy/opt/gz_msgs_vendor:/opt/ros/jazzy/opt/gz_common_vendor:/opt/ros/jazzy/opt/gz_math_vendor:/opt/ros/jazzy/opt/gz_utils_vendor:/opt/ros/jazzy/opt/gz_tools_vendor:/opt/ros/jazzy/opt/gz_ogre_next_vendor:/opt/ros/jazzy/opt/gz_dartsim_vendor:/opt/ros/jazzy/opt/gz_cmake_vendor /usr/bin/cmake --install /home/maria/rmf_ws/build/project_maps
[34.567s] -- Install configuration: ""
[34.568s] -- Up-to-date: /home/maria/rmf_ws/install/project_maps/share/project_maps
[34.568s] -- Up-to-date: /home/maria/rmf_ws/install/project_maps/share/project_maps/classroom
[34.568s] -- Up-to-date: /home/maria/rmf_ws/install/project_maps/share/project_maps/classroom/classroom_world
[34.568s] -- Up-to-date: /home/maria/rmf_ws/install/project_maps/share/project_maps/classroom/classroom_world/classroom_L1
[34.568s] -- Up-to-date: /home/maria/rmf_ws/install/project_maps/share/project_maps/classroom/classroom_world/classroom_L1/meshes
[34.568s] -- Up-to-date: /home/maria/rmf_ws/install/project_maps/share/project_maps/classroom/classroom_world/classroom_L1/meshes/floor_1.obj
[34.568s] -- Up-to-date: /home/maria/rmf_ws/install/project_maps/share/project_maps/classroom/classroom_world/classroom_L1/meshes/floor_1.mtl
[34.568s] -- Up-to-date: /home/maria/rmf_ws/install/project_maps/share/project_maps/classroom/classroom_world/classroom_L1/meshes/model.material
[34.568s] -- Up-to-date: /home/maria/rmf_ws/install/project_maps/share/project_maps/classroom/classroom_world/classroom_L1/meshes/wall_1.obj
[34.568s] -- Up-to-date: /home/maria/rmf_ws/install/project_maps/share/project_maps/classroom/classroom_world/classroom_L1/meshes/wall_1.mtl
[34.568s] -- Up-to-date: /home/maria/rmf_ws/install/project_maps/share/project_maps/classroom/classroom_world/classroom_L1/meshes/default.png
[34.568s] -- Up-to-date: /home/maria/rmf_ws/install/project_maps/share/project_maps/classroom/classroom_world/classroom_L1/meshes/blue_linoleum.png
[34.568s] -- Up-to-date: /home/maria/rmf_ws/install/project_maps/share/project_maps/classroom/classroom_world/classroom_L1/model.sdf
[34.568s] -- Up-to-date: /home/maria/rmf_ws/install/project_maps/share/project_maps/classroom/classroom_world/classroom_L1/model.config
[34.568s] -- Up-to-date: /home/maria/rmf_ws/install/project_maps/share/project_maps/classroom/classroom_world/classroom_L2
[34.569s] -- Up-to-date: /home/maria/rmf_ws/install/project_maps/share/project_maps/classroom/classroom_world/classroom_L2/meshes
[34.569s] -- Up-to-date: /home/maria/rmf_ws/install/project_maps/share/project_maps/classroom/classroom_world/classroom_L2/meshes/floor_1.obj
[34.569s] -- Up-to-date: /home/maria/rmf_ws/install/project_maps/share/project_maps/classroom/classroom_world/classroom_L2/meshes/floor_1.mtl
[34.569s] -- Up-to-date: /home/maria/rmf_ws/install/project_maps/share/project_maps/classroom/classroom_world/classroom_L2/meshes/model.material
[34.569s] -- Up-to-date: /home/maria/rmf_ws/install/project_maps/share/project_maps/classroom/classroom_world/classroom_L2/meshes/wall_1.obj
[34.569s] -- Up-to-date: /home/maria/rmf_ws/install/project_maps/share/project_maps/classroom/classroom_world/classroom_L2/meshes/wall_1.mtl
[34.569s] -- Up-to-date: /home/maria/rmf_ws/install/project_maps/share/project_maps/classroom/classroom_world/classroom_L2/meshes/default.png
[34.569s] -- Up-to-date: /home/maria/rmf_ws/install/project_maps/share/project_maps/classroom/classroom_world/classroom_L2/meshes/blue_linoleum.png
[34.569s] -- Up-to-date: /home/maria/rmf_ws/install/project_maps/share/project_maps/classroom/classroom_world/classroom_L2/model.sdf
[34.569s] -- Up-to-date: /home/maria/rmf_ws/install/project_maps/share/project_maps/classroom/classroom_world/classroom_L2/model.config
[34.569s] -- Up-to-date: /home/maria/rmf_ws/install/project_maps/share/project_maps/classroom/classroom.building.yaml
[34.569s] -- Up-to-date: /home/maria/rmf_ws/install/project_maps/share/project_maps/classroom/models
[34.569s] -- Up-to-date: /home/maria/rmf_ws/install/project_maps/share/project_maps/classroom/models/AdjTable
[34.569s] -- Up-to-date: /home/maria/rmf_ws/install/project_maps/share/project_maps/classroom/models/AdjTable/meshes
[34.569s] -- Up-to-date: /home/maria/rmf_ws/install/project_maps/share/project_maps/classroom/models/AdjTable/meshes/AdjTable.obj
[34.570s] -- Up-to-date: /home/maria/rmf_ws/install/project_maps/share/project_maps/classroom/models/AdjTable/meshes/AdjTable_Diffuse.png
[34.570s] -- Up-to-date: /home/maria/rmf_ws/install/project_maps/share/project_maps/classroom/models/AdjTable/meshes/AdjTable_Col.mtl
[34.570s] -- Up-to-date: /home/maria/rmf_ws/install/project_maps/share/project_maps/classroom/models/AdjTable/meshes/AdjTable_Col.obj
[34.570s] -- Up-to-date: /home/maria/rmf_ws/install/project_maps/share/project_maps/classroom/models/AdjTable/meshes/AdjTable.mtl
[34.570s] -- Up-to-date: /home/maria/rmf_ws/install/project_maps/share/project_maps/classroom/models/AdjTable/model.sdf
[34.570s] -- Up-to-date: /home/maria/rmf_ws/install/project_maps/share/project_maps/classroom/models/AdjTable/thumbnails
[34.570s] -- Up-to-date: /home/maria/rmf_ws/install/project_maps/share/project_maps/classroom/models/AdjTable/thumbnails/3.png
[34.570s] -- Up-to-date: /home/maria/rmf_ws/install/project_maps/share/project_maps/classroom/models/AdjTable/thumbnails/2.png
[34.570s] -- Up-to-date: /home/maria/rmf_ws/install/project_maps/share/project_maps/classroom/models/AdjTable/thumbnails/1.png
[34.570s] -- Up-to-date: /home/maria/rmf_ws/install/project_maps/share/project_maps/classroom/models/AdjTable/thumbnails/5.png
[34.570s] -- Up-to-date: /home/maria/rmf_ws/install/project_maps/share/project_maps/classroom/models/AdjTable/thumbnails/4.png
[34.570s] -- Up-to-date: /home/maria/rmf_ws/install/project_maps/share/project_maps/classroom/models/AdjTable/model.config
[34.570s] -- Up-to-date: /home/maria/rmf_ws/install/project_maps/share/project_maps/classroom/models/TinyRobot
[34.571s] -- Up-to-date: /home/maria/rmf_ws/install/project_maps/share/project_maps/classroom/models/TinyRobot/meshes
[34.571s] -- Up-to-date: /home/maria/rmf_ws/install/project_maps/share/project_maps/classroom/models/TinyRobot/meshes/front_wheel.obj
[34.571s] -- Up-to-date: /home/maria/rmf_ws/install/project_maps/share/project_maps/classroom/models/TinyRobot/meshes/caster_wheel.mtl
[34.571s] -- Up-to-date: /home/maria/rmf_ws/install/project_maps/share/project_maps/classroom/models/TinyRobot/meshes/front_wheel.mtl
[34.571s] -- Up-to-date: /home/maria/rmf_ws/install/project_maps/share/project_maps/classroom/models/TinyRobot/meshes/caster_wheel.obj
[34.571s] -- Up-to-date: /home/maria/rmf_ws/install/project_maps/share/project_maps/classroom/models/TinyRobot/meshes/tinyRobot_body.mtl
[34.571s] -- Up-to-date: /home/maria/rmf_ws/install/project_maps/share/project_maps/classroom/models/TinyRobot/meshes/tinyRobot_body.obj
[34.571s] -- Up-to-date: /home/maria/rmf_ws/install/project_maps/share/project_maps/classroom/models/TinyRobot/model.sdf
[34.571s] -- Up-to-date: /home/maria/rmf_ws/install/project_maps/share/project_maps/classroom/models/TinyRobot/model.config
[34.571s] -- Up-to-date: /home/maria/rmf_ws/install/project_maps/share/project_maps/classroom/models/OfficeChairGrey
[34.571s] -- Up-to-date: /home/maria/rmf_ws/install/project_maps/share/project_maps/classroom/models/OfficeChairGrey/meshes
[34.571s] -- Up-to-date: /home/maria/rmf_ws/install/project_maps/share/project_maps/classroom/models/OfficeChairGrey/meshes/OfficeChairGrey_Col.mtl
[34.571s] -- Up-to-date: /home/maria/rmf_ws/install/project_maps/share/project_maps/classroom/models/OfficeChairGrey/meshes/OfficeChairGrey.obj
[34.571s] -- Up-to-date: /home/maria/rmf_ws/install/project_maps/share/project_maps/classroom/models/OfficeChairGrey/meshes/OfficeChairGrey.png
[34.571s] -- Up-to-date: /home/maria/rmf_ws/install/project_maps/share/project_maps/classroom/models/OfficeChairGrey/meshes/OfficeChairGrey.mtl
[34.571s] -- Up-to-date: /home/maria/rmf_ws/install/project_maps/share/project_maps/classroom/models/OfficeChairGrey/meshes/OfficeChairGrey_Col.obj
[34.571s] -- Up-to-date: /home/maria/rmf_ws/install/project_maps/share/project_maps/classroom/models/OfficeChairGrey/model.sdf
[34.572s] -- Up-to-date: /home/maria/rmf_ws/install/project_maps/share/project_maps/classroom/models/OfficeChairGrey/thumbnails
[34.572s] -- Up-to-date: /home/maria/rmf_ws/install/project_maps/share/project_maps/classroom/models/OfficeChairGrey/thumbnails/3.png
[34.572s] -- Up-to-date: /home/maria/rmf_ws/install/project_maps/share/project_maps/classroom/models/OfficeChairGrey/thumbnails/2.png
[34.572s] -- Up-to-date: /home/maria/rmf_ws/install/project_maps/share/project_maps/classroom/models/OfficeChairGrey/thumbnails/meta
[34.572s] -- Up-to-date: /home/maria/rmf_ws/install/project_maps/share/project_maps/classroom/models/OfficeChairGrey/thumbnails/meta/3.png
[34.572s] -- Up-to-date: /home/maria/rmf_ws/install/project_maps/share/project_maps/classroom/models/OfficeChairGrey/thumbnails/meta/2.png
[34.572s] -- Up-to-date: /home/maria/rmf_ws/install/project_maps/share/project_maps/classroom/models/OfficeChairGrey/thumbnails/meta/1.png
[34.572s] -- Up-to-date: /home/maria/rmf_ws/install/project_maps/share/project_maps/classroom/models/OfficeChairGrey/thumbnails/meta/5.png
[34.572s] -- Up-to-date: /home/maria/rmf_ws/install/project_maps/share/project_maps/classroom/models/OfficeChairGrey/thumbnails/meta/4.png
[34.572s] -- Up-to-date: /home/maria/rmf_ws/install/project_maps/share/project_maps/classroom/models/OfficeChairGrey/thumbnails/1.png
[34.572s] -- Up-to-date: /home/maria/rmf_ws/install/project_maps/share/project_maps/classroom/models/OfficeChairGrey/thumbnails/5.png
[34.572s] -- Up-to-date: /home/maria/rmf_ws/install/project_maps/share/project_maps/classroom/models/OfficeChairGrey/thumbnails/4.png
[34.572s] -- Up-to-date: /home/maria/rmf_ws/install/project_maps/share/project_maps/classroom/models/OfficeChairGrey/model.config
[34.572s] -- Up-to-date: /home/maria/rmf_ws/install/project_maps/share/project_maps/classroom/classroom.world
[34.572s] -- Up-to-date: /home/maria/rmf_ws/install/project_maps/share/project_maps/test1
[34.572s] -- Up-to-date: /home/maria/rmf_ws/install/project_maps/share/project_maps/test1/test1.building.yaml
[34.572s] -- Up-to-date: /home/maria/rmf_ws/install/project_maps/share/project_maps/test1/models
[34.573s] -- Up-to-date: /home/maria/rmf_ws/install/project_maps/share/project_maps/test1/models/Sofa
[34.573s] -- Up-to-date: /home/maria/rmf_ws/install/project_maps/share/project_maps/test1/models/Sofa/meshes
[34.573s] -- Up-to-date: /home/maria/rmf_ws/install/project_maps/share/project_maps/test1/models/Sofa/meshes/SofaDiffuse.png
[34.573s] -- Up-to-date: /home/maria/rmf_ws/install/project_maps/share/project_maps/test1/models/Sofa/meshes/Sofa.mtl
[34.573s] -- Up-to-date: /home/maria/rmf_ws/install/project_maps/share/project_maps/test1/models/Sofa/meshes/Sofa.obj
[34.573s] -- Up-to-date: /home/maria/rmf_ws/install/project_maps/share/project_maps/test1/models/Sofa/model.sdf
[34.573s] -- Up-to-date: /home/maria/rmf_ws/install/project_maps/share/project_maps/test1/models/Sofa/thumbnails
[34.573s] -- Up-to-date: /home/maria/rmf_ws/install/project_maps/share/project_maps/test1/models/Sofa/thumbnails/3.png
[34.573s] -- Up-to-date: /home/maria/rmf_ws/install/project_maps/share/project_maps/test1/models/Sofa/thumbnails/2.png
[34.573s] -- Up-to-date: /home/maria/rmf_ws/install/project_maps/share/project_maps/test1/models/Sofa/thumbnails/1.png
[34.573s] -- Up-to-date: /home/maria/rmf_ws/install/project_maps/share/project_maps/test1/models/Sofa/thumbnails/5.png
[34.573s] -- Up-to-date: /home/maria/rmf_ws/install/project_maps/share/project_maps/test1/models/Sofa/thumbnails/4.png
[34.573s] -- Up-to-date: /home/maria/rmf_ws/install/project_maps/share/project_maps/test1/models/Sofa/model.config
[34.573s] -- Up-to-date: /home/maria/rmf_ws/install/project_maps/share/ament_index/resource_index/package_run_dependencies/project_maps
[34.573s] -- Up-to-date: /home/maria/rmf_ws/install/project_maps/share/ament_index/resource_index/parent_prefix_path/project_maps
[34.573s] -- Up-to-date: /home/maria/rmf_ws/install/project_maps/share/project_maps/environment/ament_prefix_path.sh
[34.573s] -- Up-to-date: /home/maria/rmf_ws/install/project_maps/share/project_maps/environment/ament_prefix_path.dsv
[34.574s] -- Up-to-date: /home/maria/rmf_ws/install/project_maps/share/project_maps/environment/path.sh
[34.574s] -- Up-to-date: /home/maria/rmf_ws/install/project_maps/share/project_maps/environment/path.dsv
[34.574s] -- Up-to-date: /home/maria/rmf_ws/install/project_maps/share/project_maps/local_setup.bash
[34.574s] -- Up-to-date: /home/maria/rmf_ws/install/project_maps/share/project_maps/local_setup.sh
[34.574s] -- Up-to-date: /home/maria/rmf_ws/install/project_maps/share/project_maps/local_setup.zsh
[34.574s] -- Up-to-date: /home/maria/rmf_ws/install/project_maps/share/project_maps/local_setup.dsv
[34.574s] -- Installing: /home/maria/rmf_ws/install/project_maps/share/project_maps/package.dsv
[34.574s] -- Up-to-date: /home/maria/rmf_ws/install/project_maps/share/ament_index/resource_index/packages/project_maps
[34.574s] -- Up-to-date: /home/maria/rmf_ws/install/project_maps/share/project_maps/cmake/project_mapsConfig.cmake
[34.574s] -- Up-to-date: /home/maria/rmf_ws/install/project_maps/share/project_maps/cmake/project_mapsConfig-version.cmake
[34.574s] -- Up-to-date: /home/maria/rmf_ws/install/project_maps/share/project_maps/package.xml
[34.574s] -- Up-to-date: /home/maria/rmf_ws/install/project_maps/share/project_maps/maps/classroom
[34.574s] -- Up-to-date: /home/maria/rmf_ws/install/project_maps/share/project_maps/maps/classroom/nav_graphs
[34.574s] -- Installing: /home/maria/rmf_ws/install/project_maps/share/project_maps/maps/classroom/nav_graphs/0.yaml
[34.574s] -- Installing: /home/maria/rmf_ws/install/project_maps/share/project_maps/maps/classroom/nav_graphs/1.yaml
[34.574s] -- Up-to-date: /home/maria/rmf_ws/install/project_maps/share/project_maps/maps/classroom/config_resource
[34.574s] -- Up-to-date: /home/maria/rmf_ws/install/project_maps/share/project_maps/maps/classroom/models
[34.575s] -- Up-to-date: /home/maria/rmf_ws/install/project_maps/share/project_maps/maps/classroom/models/classroom_L1
[34.575s] -- Up-to-date: /home/maria/rmf_ws/install/project_maps/share/project_maps/maps/classroom/models/classroom_L1/meshes
[34.575s] -- Installing: /home/maria/rmf_ws/install/project_maps/share/project_maps/maps/classroom/models/classroom_L1/meshes/floor_1.obj
[34.575s] -- Installing: /home/maria/rmf_ws/install/project_maps/share/project_maps/maps/classroom/models/classroom_L1/meshes/floor_1.mtl
[34.575s] -- Installing: /home/maria/rmf_ws/install/project_maps/share/project_maps/maps/classroom/models/classroom_L1/meshes/model.material
[34.575s] -- Installing: /home/maria/rmf_ws/install/project_maps/share/project_maps/maps/classroom/models/classroom_L1/meshes/wall_1.obj
[34.575s] -- Installing: /home/maria/rmf_ws/install/project_maps/share/project_maps/maps/classroom/models/classroom_L1/meshes/wall_1.mtl
[34.575s] -- Installing: /home/maria/rmf_ws/install/project_maps/share/project_maps/maps/classroom/models/classroom_L1/meshes/default.png
[34.575s] -- Installing: /home/maria/rmf_ws/install/project_maps/share/project_maps/maps/classroom/models/classroom_L1/meshes/blue_linoleum.png
[34.575s] -- Installing: /home/maria/rmf_ws/install/project_maps/share/project_maps/maps/classroom/models/classroom_L1/model.sdf
[34.575s] -- Installing: /home/maria/rmf_ws/install/project_maps/share/project_maps/maps/classroom/models/classroom_L1/model.config
[34.575s] -- Up-to-date: /home/maria/rmf_ws/install/project_maps/share/project_maps/maps/classroom/models/classroom_L2
[34.575s] -- Up-to-date: /home/maria/rmf_ws/install/project_maps/share/project_maps/maps/classroom/models/classroom_L2/meshes
[34.575s] -- Installing: /home/maria/rmf_ws/install/project_maps/share/project_maps/maps/classroom/models/classroom_L2/meshes/floor_1.obj
[34.575s] -- Installing: /home/maria/rmf_ws/install/project_maps/share/project_maps/maps/classroom/models/classroom_L2/meshes/floor_1.mtl
[34.575s] -- Installing: /home/maria/rmf_ws/install/project_maps/share/project_maps/maps/classroom/models/classroom_L2/meshes/model.material
[34.575s] -- Installing: /home/maria/rmf_ws/install/project_maps/share/project_maps/maps/classroom/models/classroom_L2/meshes/wall_1.obj
[34.575s] -- Installing: /home/maria/rmf_ws/install/project_maps/share/project_maps/maps/classroom/models/classroom_L2/meshes/wall_1.mtl
[34.575s] -- Installing: /home/maria/rmf_ws/install/project_maps/share/project_maps/maps/classroom/models/classroom_L2/meshes/default.png
[34.575s] -- Installing: /home/maria/rmf_ws/install/project_maps/share/project_maps/maps/classroom/models/classroom_L2/meshes/blue_linoleum.png
[34.575s] -- Installing: /home/maria/rmf_ws/install/project_maps/share/project_maps/maps/classroom/models/classroom_L2/model.sdf
[34.576s] -- Installing: /home/maria/rmf_ws/install/project_maps/share/project_maps/maps/classroom/models/classroom_L2/model.config
[34.576s] -- Installing: /home/maria/rmf_ws/install/project_maps/share/project_maps/maps/classroom/classroom.world
[34.576s] -- Up-to-date: /home/maria/rmf_ws/install/project_maps/share/project_maps/maps/test1
[34.576s] -- Up-to-date: /home/maria/rmf_ws/install/project_maps/share/project_maps/maps/test1/nav_graphs
[34.576s] -- Installing: /home/maria/rmf_ws/install/project_maps/share/project_maps/maps/test1/nav_graphs/0.yaml
[34.576s] -- Up-to-date: /home/maria/rmf_ws/install/project_maps/share/project_maps/maps/test1/config_resource
[34.576s] -- Installing: /home/maria/rmf_ws/install/project_maps/share/project_maps/maps/test1/test1.world
[34.576s] -- Up-to-date: /home/maria/rmf_ws/install/project_maps/share/project_maps/maps/test1/models
[34.576s] -- Up-to-date: /home/maria/rmf_ws/install/project_maps/share/project_maps/maps/test1/models/test1_L2
[34.576s] -- Up-to-date: /home/maria/rmf_ws/install/project_maps/share/project_maps/maps/test1/models/test1_L2/meshes
[34.576s] -- Installing: /home/maria/rmf_ws/install/project_maps/share/project_maps/maps/test1/models/test1_L2/meshes/floor_1.obj
[34.576s] -- Installing: /home/maria/rmf_ws/install/project_maps/share/project_maps/maps/test1/models/test1_L2/meshes/floor_1.mtl
[34.576s] -- Installing: /home/maria/rmf_ws/install/project_maps/share/project_maps/maps/test1/models/test1_L2/meshes/model.material
[34.576s] -- Installing: /home/maria/rmf_ws/install/project_maps/share/project_maps/maps/test1/models/test1_L2/meshes/wall_1.obj
[34.576s] -- Installing: /home/maria/rmf_ws/install/project_maps/share/project_maps/maps/test1/models/test1_L2/meshes/wall_1.mtl
[34.576s] -- Installing: /home/maria/rmf_ws/install/project_maps/share/project_maps/maps/test1/models/test1_L2/meshes/default.png
[34.576s] -- Installing: /home/maria/rmf_ws/install/project_maps/share/project_maps/maps/test1/models/test1_L2/meshes/blue_linoleum.png
[34.576s] -- Installing: /home/maria/rmf_ws/install/project_maps/share/project_maps/maps/test1/models/test1_L2/model.sdf
[34.576s] -- Installing: /home/maria/rmf_ws/install/project_maps/share/project_maps/maps/test1/models/test1_L2/model.config
[34.577s] -- Up-to-date: /home/maria/rmf_ws/install/project_maps/share/project_maps/maps/test1/models/test1_L1
[34.577s] -- Up-to-date: /home/maria/rmf_ws/install/project_maps/share/project_maps/maps/test1/models/test1_L1/meshes
[34.577s] -- Installing: /home/maria/rmf_ws/install/project_maps/share/project_maps/maps/test1/models/test1_L1/meshes/floor_1.obj
[34.577s] -- Installing: /home/maria/rmf_ws/install/project_maps/share/project_maps/maps/test1/models/test1_L1/meshes/floor_1.mtl
[34.577s] -- Installing: /home/maria/rmf_ws/install/project_maps/share/project_maps/maps/test1/models/test1_L1/meshes/model.material
[34.577s] -- Installing: /home/maria/rmf_ws/install/project_maps/share/project_maps/maps/test1/models/test1_L1/meshes/wall_1.obj
[34.577s] -- Installing: /home/maria/rmf_ws/install/project_maps/share/project_maps/maps/test1/models/test1_L1/meshes/wall_1.mtl
[34.577s] -- Installing: /home/maria/rmf_ws/install/project_maps/share/project_maps/maps/test1/models/test1_L1/meshes/default.png
[34.577s] -- Installing: /home/maria/rmf_ws/install/project_maps/share/project_maps/maps/test1/models/test1_L1/meshes/blue_linoleum.png
[34.577s] -- Installing: /home/maria/rmf_ws/install/project_maps/share/project_maps/maps/test1/models/test1_L1/model.sdf
[34.577s] -- Installing: /home/maria/rmf_ws/install/project_maps/share/project_maps/maps/test1/models/test1_L1/model.config
[34.578s] Invoked command in '/home/maria/rmf_ws/build/project_maps' returned '0': CMAKE_PREFIX_PATH=/rmf_demos_ws/install/rmf_workcell_msgs:/rmf_demos_ws/install/rmf_demos_gz:/rmf_demos_ws/install/rmf_demos:/rmf_demos_ws/install/rmf_reservation_node:/rmf_demos_ws/install/rmf_fleet_adapter_python:/rmf_demos_ws/install/rmf_fleet_adapter:/rmf_demos_ws/install/rmf_task_ros2:/rmf_demos_ws/install/rmf_websocket:/rmf_demos_ws/install/rmf_visualization:/rmf_demos_ws/install/rmf_visualization_schedule:/rmf_demos_ws/install/rmf_visualization_rviz2_plugins:/rmf_demos_ws/install/rmf_visualization_obstacles:/rmf_demos_ws/install/rmf_visualization_navgraphs:/rmf_demos_ws/install/rmf_visualization_floorplans:/rmf_demos_ws/install/rmf_visualization_fleet_states:/rmf_demos_ws/install/rmf_visualization_msgs:/rmf_demos_ws/install/rmf_traffic_ros2:/rmf_demos_ws/install/rmf_task_sequence:/rmf_demos_ws/install/rmf_task:/rmf_demos_ws/install/rmf_battery:/rmf_demos_ws/install/rmf_traffic:/rmf_demos_ws/install/rmf_utils:/rmf_demos_ws/install/rmf_traffic_msgs:/rmf_demos_ws/install/rmf_traffic_editor_test_maps:/rmf_demos_ws/install/rmf_traffic_editor_assets:/rmf_demos_ws/install/rmf_traffic_editor:/rmf_demos_ws/install/rmf_task_msgs:/rmf_demos_ws/install/rmf_site_map_msgs:/rmf_demos_ws/install/rmf_scheduler_msgs:/rmf_demos_ws/install/rmf_robot_sim_gz_plugins:/rmf_demos_ws/install/rmf_robot_sim_common:/rmf_demos_ws/install/rmf_reservation_msgs:/rmf_demos_ws/install/rmf_obstacle_msgs:/rmf_demos_ws/install/rmf_building_sim_gz_plugins:/rmf_demos_ws/install/rmf_lift_msgs:/rmf_demos_ws/install/rmf_ingestor_msgs:/rmf_demos_ws/install/rmf_fleet_msgs:/rmf_demos_ws/install/rmf_door_msgs:/rmf_demos_ws/install/rmf_dispenser_msgs:/rmf_demos_ws/install/rmf_demos_maps:/rmf_demos_ws/install/rmf_demos_assets:/rmf_demos_ws/install/rmf_charger_msgs:/rmf_demos_ws/install/rmf_building_map_msgs:/rmf_demos_ws/install/rmf_api_msgs:/rmf_demos_ws/install/nlohmann_json_schema_validator_vendor:/rmf_demos_ws/install/rmf_demos_fleet_adapter:/rmf_demos_ws/install/rmf_visualization_building_systems:/rmf_demos_ws/install/rmf_traffic_examples:/rmf_demos_ws/install/rmf_demos_bridges:/rmf_demos_ws/install/rmf_demos_tasks:/rmf_demos_ws/install/rmf_building_map_tools:/rmf_demos_ws/install/rmf_charging_schedule:/opt/ros/jazzy:/rmf_demos_ws/install/menge_vendor:/rmf_demos_ws/install/ament_cmake_catch2:/opt/ros/jazzy/opt/gz_sim_vendor:/opt/ros/jazzy/opt/gz_sensors_vendor:/opt/ros/jazzy/opt/gz_physics_vendor:/opt/ros/jazzy/opt/sdformat_vendor:/opt/ros/jazzy/opt/gz_gui_vendor:/opt/ros/jazzy/opt/gz_transport_vendor:/opt/ros/jazzy/opt/gz_rendering_vendor:/opt/ros/jazzy/opt/gz_plugin_vendor:/opt/ros/jazzy/opt/gz_fuel_tools_vendor:/opt/ros/jazzy/opt/gz_msgs_vendor:/opt/ros/jazzy/opt/gz_common_vendor:/opt/ros/jazzy/opt/gz_math_vendor:/opt/ros/jazzy/opt/gz_utils_vendor:/opt/ros/jazzy/opt/gz_tools_vendor:/opt/ros/jazzy/opt/gz_ogre_next_vendor:/opt/ros/jazzy/opt/gz_dartsim_vendor:/opt/ros/jazzy/opt/gz_cmake_vendor /usr/bin/cmake --install /home/maria/rmf_ws/build/project_maps
