[0.012s] Invoking command in '/home/maria/Documentos/GitHub/IR2134/rmf_ws/build/project_maps': /usr/bin/cmake /home/maria/Documentos/GitHub/IR2134/rmf_ws/src/project/project_maps -DCMAKE_INSTALL_PREFIX=/home/maria/Documentos/GitHub/IR2134/rmf_ws/install/project_maps
[0.138s] -- The C compiler identification is GNU 11.4.0
[0.218s] -- The CXX compiler identification is GNU 11.4.0
[0.227s] -- Detecting C compiler ABI info
[0.284s] -- Detecting C compiler ABI info - done
[0.289s] -- Check for working C compiler: /usr/lib/ccache/cc - skipped
[0.289s] -- Detecting C compile features
[0.290s] -- Detecting C compile features - done
[0.292s] -- Detecting CXX compiler ABI info
[0.365s] -- Detecting CXX compiler ABI info - done
[0.371s] -- Check for working CXX compiler: /usr/lib/ccache/c++ - skipped
[0.371s] -- Detecting CXX compile features
[0.372s] -- Detecting CXX compile features - done
[0.380s] [31mCMake Error at CMakeLists.txt:9 (find_package):
[0.380s]   By not providing "Findament_cmake.cmake" in CMAKE_MODULE_PATH this project
[0.380s]   has asked CMake to find a package configuration file provided by
[0.380s]   "ament_cmake", but CMake did not find one.
[0.380s] 
[0.380s]   Could not find a package configuration file provided by "ament_cmake" with
[0.380s]   any of the following names:
[0.380s] 
[0.380s]     ament_cmakeConfig.cmake
[0.380s]     ament_cmake-config.cmake
[0.380s] 
[0.380s]   Add the installation prefix of "ament_cmake" to CMAKE_PREFIX_PATH or set
[0.380s]   "ament_cmake_DIR" to a directory containing one of the above files.  If
[0.380s]   "ament_cmake" provides a separate development package or SDK, be sure it
[0.380s]   has been installed.
[0.380s] 
[0.380s] [0m
[0.380s] -- Configuring incomplete, errors occurred!
[0.380s] See also "/home/maria/Documentos/GitHub/IR2134/rmf_ws/build/project_maps/CMakeFiles/CMakeOutput.log".
[0.385s] Invoked command in '/home/maria/Documentos/GitHub/IR2134/rmf_ws/build/project_maps' returned '1': /usr/bin/cmake /home/maria/Documentos/GitHub/IR2134/rmf_ws/src/project/project_maps -DCMAKE_INSTALL_PREFIX=/home/maria/Documentos/GitHub/IR2134/rmf_ws/install/project_maps
