[0.082s] DEBUG:colcon:Command line arguments: ['/usr/bin/colcon', 'build']
[0.082s] DEBUG:colcon:Parsed command line arguments: Namespace(log_base=None, log_level=None, verb_name='build', build_base='build', install_base='install', merge_install=False, symlink_install=False, test_result_base=None, continue_on_error=False, executor='parallel', parallel_workers=8, event_handlers=None, ignore_user_meta=False, metas=['./colcon.meta'], base_paths=['.'], packages_ignore=None, packages_ignore_regex=None, paths=None, packages_up_to=None, packages_up_to_regex=None, packages_above=None, packages_above_and_dependencies=None, packages_above_depth=None, packages_select_by_dep=None, packages_skip_by_dep=None, packages_skip_up_to=None, packages_select_build_failed=False, packages_skip_build_finished=False, packages_select_test_failures=False, packages_skip_test_passed=False, packages_select=None, packages_skip=None, packages_select_regex=None, packages_skip_regex=None, packages_start=None, packages_end=None, allow_overriding=[], cmake_args=None, cmake_target=None, cmake_target_skip_unavailable=False, cmake_clean_cache=False, cmake_clean_first=False, cmake_force_configure=False, ament_cmake_args=None, catkin_cmake_args=None, catkin_skip_building_tests=False, mixin_files=None, mixin=None, verb_parser=<colcon_mixin.mixin.mixin_argument.MixinArgumentDecorator object at 0x7445eaf9dd80>, verb_extension=<colcon_core.verb.build.BuildVerb object at 0x7445eaf9d7b0>, main=<bound method BuildVerb.main of <colcon_core.verb.build.BuildVerb object at 0x7445eaf9d7b0>>, mixin_verb=('build',))
[0.111s] Level 1:colcon.colcon_core.package_discovery:discover_packages(colcon_meta) check parameters
[0.111s] Level 1:colcon.colcon_core.package_discovery:discover_packages(recursive) check parameters
[0.111s] Level 1:colcon.colcon_core.package_discovery:discover_packages(ignore) check parameters
[0.111s] Level 1:colcon.colcon_core.package_discovery:discover_packages(path) check parameters
[0.111s] Level 1:colcon.colcon_core.package_discovery:discover_packages(colcon_meta) discover
[0.112s] Level 1:colcon.colcon_core.package_discovery:discover_packages(recursive) discover
[0.112s] INFO:colcon.colcon_core.package_discovery:Crawling recursively for packages in '/home/maria/Documentos/GitHub/IR2134/rmf_ws'
[0.112s] Level 1:colcon.colcon_core.package_identification:_identify(.) by extensions ['ignore', 'ignore_ament_install']
[0.112s] Level 1:colcon.colcon_core.package_identification:_identify(.) by extension 'ignore'
[0.112s] Level 1:colcon.colcon_core.package_identification:_identify(.) by extension 'ignore_ament_install'
[0.112s] Level 1:colcon.colcon_core.package_identification:_identify(.) by extensions ['colcon_pkg']
[0.112s] Level 1:colcon.colcon_core.package_identification:_identify(.) by extension 'colcon_pkg'
[0.112s] Level 1:colcon.colcon_core.package_identification:_identify(.) by extensions ['colcon_meta']
[0.112s] Level 1:colcon.colcon_core.package_identification:_identify(.) by extension 'colcon_meta'
[0.112s] Level 1:colcon.colcon_core.package_identification:_identify(.) by extensions ['ros']
[0.112s] Level 1:colcon.colcon_core.package_identification:_identify(.) by extension 'ros'
[0.121s] Level 1:colcon.colcon_core.package_identification:_identify(.) by extensions ['cmake', 'python']
[0.121s] Level 1:colcon.colcon_core.package_identification:_identify(.) by extension 'cmake'
[0.121s] Level 1:colcon.colcon_core.package_identification:_identify(.) by extension 'python'
[0.121s] Level 1:colcon.colcon_core.package_identification:_identify(.) by extensions ['python_setup_py']
[0.121s] Level 1:colcon.colcon_core.package_identification:_identify(.) by extension 'python_setup_py'
[0.122s] Level 1:colcon.colcon_core.package_identification:_identify(build) by extensions ['ignore', 'ignore_ament_install']
[0.122s] Level 1:colcon.colcon_core.package_identification:_identify(build) by extension 'ignore'
[0.122s] Level 1:colcon.colcon_core.package_identification:_identify(build) ignored
[0.122s] Level 1:colcon.colcon_core.package_identification:_identify(install) by extensions ['ignore', 'ignore_ament_install']
[0.122s] Level 1:colcon.colcon_core.package_identification:_identify(install) by extension 'ignore'
[0.122s] Level 1:colcon.colcon_core.package_identification:_identify(install) ignored
[0.122s] Level 1:colcon.colcon_core.package_identification:_identify(log) by extensions ['ignore', 'ignore_ament_install']
[0.122s] Level 1:colcon.colcon_core.package_identification:_identify(log) by extension 'ignore'
[0.122s] Level 1:colcon.colcon_core.package_identification:_identify(log) ignored
[0.122s] Level 1:colcon.colcon_core.package_identification:_identify(src) by extensions ['ignore', 'ignore_ament_install']
[0.122s] Level 1:colcon.colcon_core.package_identification:_identify(src) by extension 'ignore'
[0.122s] Level 1:colcon.colcon_core.package_identification:_identify(src) by extension 'ignore_ament_install'
[0.122s] Level 1:colcon.colcon_core.package_identification:_identify(src) by extensions ['colcon_pkg']
[0.122s] Level 1:colcon.colcon_core.package_identification:_identify(src) by extension 'colcon_pkg'
[0.122s] Level 1:colcon.colcon_core.package_identification:_identify(src) by extensions ['colcon_meta']
[0.122s] Level 1:colcon.colcon_core.package_identification:_identify(src) by extension 'colcon_meta'
[0.122s] Level 1:colcon.colcon_core.package_identification:_identify(src) by extensions ['ros']
[0.122s] Level 1:colcon.colcon_core.package_identification:_identify(src) by extension 'ros'
[0.122s] Level 1:colcon.colcon_core.package_identification:_identify(src) by extensions ['cmake', 'python']
[0.122s] Level 1:colcon.colcon_core.package_identification:_identify(src) by extension 'cmake'
[0.122s] Level 1:colcon.colcon_core.package_identification:_identify(src) by extension 'python'
[0.122s] Level 1:colcon.colcon_core.package_identification:_identify(src) by extensions ['python_setup_py']
[0.122s] Level 1:colcon.colcon_core.package_identification:_identify(src) by extension 'python_setup_py'
[0.122s] Level 1:colcon.colcon_core.package_identification:_identify(src/project) by extensions ['ignore', 'ignore_ament_install']
[0.122s] Level 1:colcon.colcon_core.package_identification:_identify(src/project) by extension 'ignore'
[0.123s] Level 1:colcon.colcon_core.package_identification:_identify(src/project) by extension 'ignore_ament_install'
[0.123s] Level 1:colcon.colcon_core.package_identification:_identify(src/project) by extensions ['colcon_pkg']
[0.123s] Level 1:colcon.colcon_core.package_identification:_identify(src/project) by extension 'colcon_pkg'
[0.123s] Level 1:colcon.colcon_core.package_identification:_identify(src/project) by extensions ['colcon_meta']
[0.123s] Level 1:colcon.colcon_core.package_identification:_identify(src/project) by extension 'colcon_meta'
[0.123s] Level 1:colcon.colcon_core.package_identification:_identify(src/project) by extensions ['ros']
[0.123s] Level 1:colcon.colcon_core.package_identification:_identify(src/project) by extension 'ros'
[0.123s] Level 1:colcon.colcon_core.package_identification:_identify(src/project) by extensions ['cmake', 'python']
[0.123s] Level 1:colcon.colcon_core.package_identification:_identify(src/project) by extension 'cmake'
[0.123s] Level 1:colcon.colcon_core.package_identification:_identify(src/project) by extension 'python'
[0.123s] Level 1:colcon.colcon_core.package_identification:_identify(src/project) by extensions ['python_setup_py']
[0.123s] Level 1:colcon.colcon_core.package_identification:_identify(src/project) by extension 'python_setup_py'
[0.123s] Level 1:colcon.colcon_core.package_identification:_identify(src/project/project_assets) by extensions ['ignore', 'ignore_ament_install']
[0.123s] Level 1:colcon.colcon_core.package_identification:_identify(src/project/project_assets) by extension 'ignore'
[0.123s] Level 1:colcon.colcon_core.package_identification:_identify(src/project/project_assets) by extension 'ignore_ament_install'
[0.123s] Level 1:colcon.colcon_core.package_identification:_identify(src/project/project_assets) by extensions ['colcon_pkg']
[0.123s] Level 1:colcon.colcon_core.package_identification:_identify(src/project/project_assets) by extension 'colcon_pkg'
[0.123s] Level 1:colcon.colcon_core.package_identification:_identify(src/project/project_assets) by extensions ['colcon_meta']
[0.123s] Level 1:colcon.colcon_core.package_identification:_identify(src/project/project_assets) by extension 'colcon_meta'
[0.123s] Level 1:colcon.colcon_core.package_identification:_identify(src/project/project_assets) by extensions ['ros']
[0.123s] Level 1:colcon.colcon_core.package_identification:_identify(src/project/project_assets) by extension 'ros'
[0.125s] DEBUG:colcon.colcon_core.package_identification:Package 'src/project/project_assets' with type 'ros.ament_cmake' and name 'rmf_demos_assets'
[0.125s] Level 1:colcon.colcon_core.package_identification:_identify(src/project/project_config) by extensions ['ignore', 'ignore_ament_install']
[0.125s] Level 1:colcon.colcon_core.package_identification:_identify(src/project/project_config) by extension 'ignore'
[0.125s] Level 1:colcon.colcon_core.package_identification:_identify(src/project/project_config) by extension 'ignore_ament_install'
[0.125s] Level 1:colcon.colcon_core.package_identification:_identify(src/project/project_config) by extensions ['colcon_pkg']
[0.125s] Level 1:colcon.colcon_core.package_identification:_identify(src/project/project_config) by extension 'colcon_pkg'
[0.125s] Level 1:colcon.colcon_core.package_identification:_identify(src/project/project_config) by extensions ['colcon_meta']
[0.125s] Level 1:colcon.colcon_core.package_identification:_identify(src/project/project_config) by extension 'colcon_meta'
[0.125s] Level 1:colcon.colcon_core.package_identification:_identify(src/project/project_config) by extensions ['ros']
[0.125s] Level 1:colcon.colcon_core.package_identification:_identify(src/project/project_config) by extension 'ros'
[0.126s] DEBUG:colcon.colcon_core.package_identification:Package 'src/project/project_config' with type 'ros.ament_cmake' and name 'project_config'
[0.126s] Level 1:colcon.colcon_core.package_identification:_identify(src/project/project_fleet_adapter) by extensions ['ignore', 'ignore_ament_install']
[0.126s] Level 1:colcon.colcon_core.package_identification:_identify(src/project/project_fleet_adapter) by extension 'ignore'
[0.126s] Level 1:colcon.colcon_core.package_identification:_identify(src/project/project_fleet_adapter) by extension 'ignore_ament_install'
[0.126s] Level 1:colcon.colcon_core.package_identification:_identify(src/project/project_fleet_adapter) by extensions ['colcon_pkg']
[0.126s] Level 1:colcon.colcon_core.package_identification:_identify(src/project/project_fleet_adapter) by extension 'colcon_pkg'
[0.126s] Level 1:colcon.colcon_core.package_identification:_identify(src/project/project_fleet_adapter) by extensions ['colcon_meta']
[0.126s] Level 1:colcon.colcon_core.package_identification:_identify(src/project/project_fleet_adapter) by extension 'colcon_meta'
[0.126s] Level 1:colcon.colcon_core.package_identification:_identify(src/project/project_fleet_adapter) by extensions ['ros']
[0.126s] Level 1:colcon.colcon_core.package_identification:_identify(src/project/project_fleet_adapter) by extension 'ros'
[0.126s] DEBUG:colcon.colcon_core.package_identification:Package 'src/project/project_fleet_adapter' with type 'ros.ament_python' and name 'project_fleet_adapter'
[0.126s] Level 1:colcon.colcon_core.package_identification:_identify(src/project/project_maps) by extensions ['ignore', 'ignore_ament_install']
[0.127s] Level 1:colcon.colcon_core.package_identification:_identify(src/project/project_maps) by extension 'ignore'
[0.127s] Level 1:colcon.colcon_core.package_identification:_identify(src/project/project_maps) by extension 'ignore_ament_install'
[0.127s] Level 1:colcon.colcon_core.package_identification:_identify(src/project/project_maps) by extensions ['colcon_pkg']
[0.127s] Level 1:colcon.colcon_core.package_identification:_identify(src/project/project_maps) by extension 'colcon_pkg'
[0.127s] Level 1:colcon.colcon_core.package_identification:_identify(src/project/project_maps) by extensions ['colcon_meta']
[0.127s] Level 1:colcon.colcon_core.package_identification:_identify(src/project/project_maps) by extension 'colcon_meta'
[0.127s] Level 1:colcon.colcon_core.package_identification:_identify(src/project/project_maps) by extensions ['ros']
[0.127s] Level 1:colcon.colcon_core.package_identification:_identify(src/project/project_maps) by extension 'ros'
[0.127s] DEBUG:colcon.colcon_core.package_identification:Package 'src/project/project_maps' with type 'ros.ament_cmake' and name 'project_maps'
[0.127s] Level 1:colcon.colcon_core.package_identification:_identify(src/project/project_simulation) by extensions ['ignore', 'ignore_ament_install']
[0.127s] Level 1:colcon.colcon_core.package_identification:_identify(src/project/project_simulation) by extension 'ignore'
[0.127s] Level 1:colcon.colcon_core.package_identification:_identify(src/project/project_simulation) by extension 'ignore_ament_install'
[0.127s] Level 1:colcon.colcon_core.package_identification:_identify(src/project/project_simulation) by extensions ['colcon_pkg']
[0.127s] Level 1:colcon.colcon_core.package_identification:_identify(src/project/project_simulation) by extension 'colcon_pkg'
[0.127s] Level 1:colcon.colcon_core.package_identification:_identify(src/project/project_simulation) by extensions ['colcon_meta']
[0.127s] Level 1:colcon.colcon_core.package_identification:_identify(src/project/project_simulation) by extension 'colcon_meta'
[0.127s] Level 1:colcon.colcon_core.package_identification:_identify(src/project/project_simulation) by extensions ['ros']
[0.127s] Level 1:colcon.colcon_core.package_identification:_identify(src/project/project_simulation) by extension 'ros'
[0.128s] DEBUG:colcon.colcon_core.package_identification:Package 'src/project/project_simulation' with type 'ros.ament_cmake' and name 'project_simulation'
[0.128s] Level 1:colcon.colcon_core.package_discovery:discover_packages(recursive) using defaults
[0.128s] Level 1:colcon.colcon_core.package_discovery:discover_packages(ignore) discover
[0.128s] Level 1:colcon.colcon_core.package_discovery:discover_packages(ignore) using defaults
[0.128s] Level 1:colcon.colcon_core.package_discovery:discover_packages(path) discover
[0.128s] Level 1:colcon.colcon_core.package_discovery:discover_packages(path) using defaults
[0.143s] Level 1:colcon.colcon_core.package_discovery:discover_packages(prefix_path) check parameters
[0.143s] Level 1:colcon.colcon_core.package_discovery:discover_packages(prefix_path) discover
[0.144s] DEBUG:colcon.colcon_installed_package_information.package_discovery:Found 5 installed packages in /home/maria/Documentos/GitHub/IR2134/rmf_ws/install
[0.145s] DEBUG:colcon.colcon_installed_package_information.package_discovery:Found 301 installed packages in /opt/ros/humble
[0.146s] Level 1:colcon.colcon_core.package_discovery:discover_packages(prefix_path) using defaults
[0.170s] Level 5:colcon.colcon_core.verb:set package 'project_fleet_adapter' build argument 'cmake_args' from command line to 'None'
[0.170s] Level 5:colcon.colcon_core.verb:set package 'project_fleet_adapter' build argument 'cmake_target' from command line to 'None'
[0.170s] Level 5:colcon.colcon_core.verb:set package 'project_fleet_adapter' build argument 'cmake_target_skip_unavailable' from command line to 'False'
[0.170s] Level 5:colcon.colcon_core.verb:set package 'project_fleet_adapter' build argument 'cmake_clean_cache' from command line to 'False'
[0.170s] Level 5:colcon.colcon_core.verb:set package 'project_fleet_adapter' build argument 'cmake_clean_first' from command line to 'False'
[0.170s] Level 5:colcon.colcon_core.verb:set package 'project_fleet_adapter' build argument 'cmake_force_configure' from command line to 'False'
[0.170s] Level 5:colcon.colcon_core.verb:set package 'project_fleet_adapter' build argument 'ament_cmake_args' from command line to 'None'
[0.170s] Level 5:colcon.colcon_core.verb:set package 'project_fleet_adapter' build argument 'catkin_cmake_args' from command line to 'None'
[0.170s] Level 5:colcon.colcon_core.verb:set package 'project_fleet_adapter' build argument 'catkin_skip_building_tests' from command line to 'False'
[0.170s] DEBUG:colcon.colcon_core.verb:Building package 'project_fleet_adapter' with the following arguments: {'ament_cmake_args': None, 'build_base': '/home/maria/Documentos/GitHub/IR2134/rmf_ws/build/project_fleet_adapter', 'catkin_cmake_args': None, 'catkin_skip_building_tests': False, 'cmake_args': None, 'cmake_clean_cache': False, 'cmake_clean_first': False, 'cmake_force_configure': False, 'cmake_target': None, 'cmake_target_skip_unavailable': False, 'install_base': '/home/maria/Documentos/GitHub/IR2134/rmf_ws/install/project_fleet_adapter', 'merge_install': False, 'path': '/home/maria/Documentos/GitHub/IR2134/rmf_ws/src/project/project_fleet_adapter', 'symlink_install': False, 'test_result_base': None}
[0.170s] Level 5:colcon.colcon_core.verb:set package 'project_maps' build argument 'cmake_args' from command line to 'None'
[0.170s] Level 5:colcon.colcon_core.verb:set package 'project_maps' build argument 'cmake_target' from command line to 'None'
[0.170s] Level 5:colcon.colcon_core.verb:set package 'project_maps' build argument 'cmake_target_skip_unavailable' from command line to 'False'
[0.170s] Level 5:colcon.colcon_core.verb:set package 'project_maps' build argument 'cmake_clean_cache' from command line to 'False'
[0.170s] Level 5:colcon.colcon_core.verb:set package 'project_maps' build argument 'cmake_clean_first' from command line to 'False'
[0.170s] Level 5:colcon.colcon_core.verb:set package 'project_maps' build argument 'cmake_force_configure' from command line to 'False'
[0.170s] Level 5:colcon.colcon_core.verb:set package 'project_maps' build argument 'ament_cmake_args' from command line to 'None'
[0.170s] Level 5:colcon.colcon_core.verb:set package 'project_maps' build argument 'catkin_cmake_args' from command line to 'None'
[0.170s] Level 5:colcon.colcon_core.verb:set package 'project_maps' build argument 'catkin_skip_building_tests' from command line to 'False'
[0.170s] DEBUG:colcon.colcon_core.verb:Building package 'project_maps' with the following arguments: {'ament_cmake_args': None, 'build_base': '/home/maria/Documentos/GitHub/IR2134/rmf_ws/build/project_maps', 'catkin_cmake_args': None, 'catkin_skip_building_tests': False, 'cmake_args': None, 'cmake_clean_cache': False, 'cmake_clean_first': False, 'cmake_force_configure': False, 'cmake_target': None, 'cmake_target_skip_unavailable': False, 'install_base': '/home/maria/Documentos/GitHub/IR2134/rmf_ws/install/project_maps', 'merge_install': False, 'path': '/home/maria/Documentos/GitHub/IR2134/rmf_ws/src/project/project_maps', 'symlink_install': False, 'test_result_base': None}
[0.170s] Level 5:colcon.colcon_core.verb:set package 'project_simulation' build argument 'cmake_args' from command line to 'None'
[0.170s] Level 5:colcon.colcon_core.verb:set package 'project_simulation' build argument 'cmake_target' from command line to 'None'
[0.170s] Level 5:colcon.colcon_core.verb:set package 'project_simulation' build argument 'cmake_target_skip_unavailable' from command line to 'False'
[0.170s] Level 5:colcon.colcon_core.verb:set package 'project_simulation' build argument 'cmake_clean_cache' from command line to 'False'
[0.170s] Level 5:colcon.colcon_core.verb:set package 'project_simulation' build argument 'cmake_clean_first' from command line to 'False'
[0.170s] Level 5:colcon.colcon_core.verb:set package 'project_simulation' build argument 'cmake_force_configure' from command line to 'False'
[0.170s] Level 5:colcon.colcon_core.verb:set package 'project_simulation' build argument 'ament_cmake_args' from command line to 'None'
[0.170s] Level 5:colcon.colcon_core.verb:set package 'project_simulation' build argument 'catkin_cmake_args' from command line to 'None'
[0.170s] Level 5:colcon.colcon_core.verb:set package 'project_simulation' build argument 'catkin_skip_building_tests' from command line to 'False'
[0.170s] DEBUG:colcon.colcon_core.verb:Building package 'project_simulation' with the following arguments: {'ament_cmake_args': None, 'build_base': '/home/maria/Documentos/GitHub/IR2134/rmf_ws/build/project_simulation', 'catkin_cmake_args': None, 'catkin_skip_building_tests': False, 'cmake_args': None, 'cmake_clean_cache': False, 'cmake_clean_first': False, 'cmake_force_configure': False, 'cmake_target': None, 'cmake_target_skip_unavailable': False, 'install_base': '/home/maria/Documentos/GitHub/IR2134/rmf_ws/install/project_simulation', 'merge_install': False, 'path': '/home/maria/Documentos/GitHub/IR2134/rmf_ws/src/project/project_simulation', 'symlink_install': False, 'test_result_base': None}
[0.171s] Level 5:colcon.colcon_core.verb:set package 'rmf_demos_assets' build argument 'cmake_args' from command line to 'None'
[0.171s] Level 5:colcon.colcon_core.verb:set package 'rmf_demos_assets' build argument 'cmake_target' from command line to 'None'
[0.171s] Level 5:colcon.colcon_core.verb:set package 'rmf_demos_assets' build argument 'cmake_target_skip_unavailable' from command line to 'False'
[0.171s] Level 5:colcon.colcon_core.verb:set package 'rmf_demos_assets' build argument 'cmake_clean_cache' from command line to 'False'
[0.171s] Level 5:colcon.colcon_core.verb:set package 'rmf_demos_assets' build argument 'cmake_clean_first' from command line to 'False'
[0.171s] Level 5:colcon.colcon_core.verb:set package 'rmf_demos_assets' build argument 'cmake_force_configure' from command line to 'False'
[0.171s] Level 5:colcon.colcon_core.verb:set package 'rmf_demos_assets' build argument 'ament_cmake_args' from command line to 'None'
[0.171s] Level 5:colcon.colcon_core.verb:set package 'rmf_demos_assets' build argument 'catkin_cmake_args' from command line to 'None'
[0.171s] Level 5:colcon.colcon_core.verb:set package 'rmf_demos_assets' build argument 'catkin_skip_building_tests' from command line to 'False'
[0.171s] DEBUG:colcon.colcon_core.verb:Building package 'rmf_demos_assets' with the following arguments: {'ament_cmake_args': None, 'build_base': '/home/maria/Documentos/GitHub/IR2134/rmf_ws/build/rmf_demos_assets', 'catkin_cmake_args': None, 'catkin_skip_building_tests': False, 'cmake_args': None, 'cmake_clean_cache': False, 'cmake_clean_first': False, 'cmake_force_configure': False, 'cmake_target': None, 'cmake_target_skip_unavailable': False, 'install_base': '/home/maria/Documentos/GitHub/IR2134/rmf_ws/install/rmf_demos_assets', 'merge_install': False, 'path': '/home/maria/Documentos/GitHub/IR2134/rmf_ws/src/project/project_assets', 'symlink_install': False, 'test_result_base': None}
[0.171s] Level 5:colcon.colcon_core.verb:set package 'project_config' build argument 'cmake_args' from command line to 'None'
[0.171s] Level 5:colcon.colcon_core.verb:set package 'project_config' build argument 'cmake_target' from command line to 'None'
[0.171s] Level 5:colcon.colcon_core.verb:set package 'project_config' build argument 'cmake_target_skip_unavailable' from command line to 'False'
[0.171s] Level 5:colcon.colcon_core.verb:set package 'project_config' build argument 'cmake_clean_cache' from command line to 'False'
[0.171s] Level 5:colcon.colcon_core.verb:set package 'project_config' build argument 'cmake_clean_first' from command line to 'False'
[0.171s] Level 5:colcon.colcon_core.verb:set package 'project_config' build argument 'cmake_force_configure' from command line to 'False'
[0.171s] Level 5:colcon.colcon_core.verb:set package 'project_config' build argument 'ament_cmake_args' from command line to 'None'
[0.171s] Level 5:colcon.colcon_core.verb:set package 'project_config' build argument 'catkin_cmake_args' from command line to 'None'
[0.171s] Level 5:colcon.colcon_core.verb:set package 'project_config' build argument 'catkin_skip_building_tests' from command line to 'False'
[0.171s] DEBUG:colcon.colcon_core.verb:Building package 'project_config' with the following arguments: {'ament_cmake_args': None, 'build_base': '/home/maria/Documentos/GitHub/IR2134/rmf_ws/build/project_config', 'catkin_cmake_args': None, 'catkin_skip_building_tests': False, 'cmake_args': None, 'cmake_clean_cache': False, 'cmake_clean_first': False, 'cmake_force_configure': False, 'cmake_target': None, 'cmake_target_skip_unavailable': False, 'install_base': '/home/maria/Documentos/GitHub/IR2134/rmf_ws/install/project_config', 'merge_install': False, 'path': '/home/maria/Documentos/GitHub/IR2134/rmf_ws/src/project/project_config', 'symlink_install': False, 'test_result_base': None}
[0.171s] INFO:colcon.colcon_core.executor:Executing jobs using 'parallel' executor
[0.173s] DEBUG:colcon.colcon_parallel_executor.executor.parallel:run_until_complete
[0.173s] INFO:colcon.colcon_ros.task.ament_python.build:Building ROS package in '/home/maria/Documentos/GitHub/IR2134/rmf_ws/src/project/project_fleet_adapter' with build type 'ament_python'
[0.173s] Level 1:colcon.colcon_core.shell:create_environment_hook('project_fleet_adapter', 'ament_prefix_path')
[0.174s] INFO:colcon.colcon_core.plugin_system:Skipping extension 'colcon_core.shell.bat': Not used on non-Windows systems
[0.175s] INFO:colcon.colcon_core.shell:Creating environment hook '/home/maria/Documentos/GitHub/IR2134/rmf_ws/install/project_fleet_adapter/share/project_fleet_adapter/hook/ament_prefix_path.ps1'
[0.175s] INFO:colcon.colcon_core.shell:Creating environment descriptor '/home/maria/Documentos/GitHub/IR2134/rmf_ws/install/project_fleet_adapter/share/project_fleet_adapter/hook/ament_prefix_path.dsv'
[0.175s] INFO:colcon.colcon_core.shell:Creating environment hook '/home/maria/Documentos/GitHub/IR2134/rmf_ws/install/project_fleet_adapter/share/project_fleet_adapter/hook/ament_prefix_path.sh'
[0.176s] INFO:colcon.colcon_core.shell:Skip shell extension 'powershell' for command environment: Not usable outside of PowerShell
[0.176s] DEBUG:colcon.colcon_core.shell:Skip shell extension 'dsv' for command environment
[0.178s] INFO:colcon.colcon_ros.task.ament_cmake.build:Building ROS package in '/home/maria/Documentos/GitHub/IR2134/rmf_ws/src/project/project_maps' with build type 'ament_cmake'
[0.179s] INFO:colcon.colcon_cmake.task.cmake.build:Building CMake package in '/home/maria/Documentos/GitHub/IR2134/rmf_ws/src/project/project_maps'
[0.179s] INFO:colcon.colcon_core.shell:Skip shell extension 'powershell' for command environment: Not usable outside of PowerShell
[0.179s] DEBUG:colcon.colcon_core.shell:Skip shell extension 'dsv' for command environment
[0.181s] INFO:colcon.colcon_ros.task.ament_cmake.build:Building ROS package in '/home/maria/Documentos/GitHub/IR2134/rmf_ws/src/project/project_simulation' with build type 'ament_cmake'
[0.181s] INFO:colcon.colcon_cmake.task.cmake.build:Building CMake package in '/home/maria/Documentos/GitHub/IR2134/rmf_ws/src/project/project_simulation'
[0.182s] INFO:colcon.colcon_core.shell:Skip shell extension 'powershell' for command environment: Not usable outside of PowerShell
[0.182s] DEBUG:colcon.colcon_core.shell:Skip shell extension 'dsv' for command environment
[0.184s] INFO:colcon.colcon_ros.task.ament_cmake.build:Building ROS package in '/home/maria/Documentos/GitHub/IR2134/rmf_ws/src/project/project_assets' with build type 'ament_cmake'
[0.184s] INFO:colcon.colcon_cmake.task.cmake.build:Building CMake package in '/home/maria/Documentos/GitHub/IR2134/rmf_ws/src/project/project_assets'
[0.185s] INFO:colcon.colcon_core.shell:Skip shell extension 'powershell' for command environment: Not usable outside of PowerShell
[0.185s] DEBUG:colcon.colcon_core.shell:Skip shell extension 'dsv' for command environment
[0.362s] WARNING:colcon.colcon_ros.task.ament_python.build:Package 'project_fleet_adapter' doesn't explicitly install a marker in the package index (colcon-ros currently does it implicitly but that fallback will be removed in the future)
[0.362s] WARNING:colcon.colcon_ros.task.ament_python.build:Package 'project_fleet_adapter' doesn't explicitly install the 'package.xml' file (colcon-ros currently does it implicitly but that fallback will be removed in the future)
[0.362s] INFO:colcon.colcon_core.task.python.build:Building Python package in '/home/maria/Documentos/GitHub/IR2134/rmf_ws/src/project/project_fleet_adapter'
[0.362s] INFO:colcon.colcon_core.shell:Skip shell extension 'powershell' for command environment: Not usable outside of PowerShell
[0.362s] DEBUG:colcon.colcon_core.shell:Skip shell extension 'dsv' for command environment
[0.368s] DEBUG:colcon.colcon_core.event_handler.log_command:Invoking command in '/home/maria/Documentos/GitHub/IR2134/rmf_ws/build/project_maps': CMAKE_PREFIX_PATH=${CMAKE_PREFIX_PATH}:/home/maria/Documentos/GitHub/IR2134/rmf_ws/install/rmf_demos_fleet_adapter:/opt/ros/humble /usr/bin/cmake --build /home/maria/Documentos/GitHub/IR2134/rmf_ws/build/project_maps -- -j8 -l8
[0.372s] DEBUG:colcon.colcon_core.event_handler.log_command:Invoking command in '/home/maria/Documentos/GitHub/IR2134/rmf_ws/build/project_simulation': CMAKE_PREFIX_PATH=${CMAKE_PREFIX_PATH}:/home/maria/Documentos/GitHub/IR2134/rmf_ws/install/rmf_demos_fleet_adapter:/opt/ros/humble /usr/bin/cmake --build /home/maria/Documentos/GitHub/IR2134/rmf_ws/build/project_simulation -- -j8 -l8
[0.375s] DEBUG:colcon.colcon_core.event_handler.log_command:Invoking command in '/home/maria/Documentos/GitHub/IR2134/rmf_ws/build/rmf_demos_assets': CMAKE_PREFIX_PATH=${CMAKE_PREFIX_PATH}:/home/maria/Documentos/GitHub/IR2134/rmf_ws/install/rmf_demos_fleet_adapter:/opt/ros/humble /usr/bin/cmake --build /home/maria/Documentos/GitHub/IR2134/rmf_ws/build/rmf_demos_assets -- -j8 -l8
[0.406s] DEBUG:colcon.colcon_core.event_handler.log_command:Invoked command in '/home/maria/Documentos/GitHub/IR2134/rmf_ws/build/project_simulation' returned '0': CMAKE_PREFIX_PATH=${CMAKE_PREFIX_PATH}:/home/maria/Documentos/GitHub/IR2134/rmf_ws/install/rmf_demos_fleet_adapter:/opt/ros/humble /usr/bin/cmake --build /home/maria/Documentos/GitHub/IR2134/rmf_ws/build/project_simulation -- -j8 -l8
[0.415s] DEBUG:colcon.colcon_core.event_handler.log_command:Invoking command in '/home/maria/Documentos/GitHub/IR2134/rmf_ws/build/project_simulation': CMAKE_PREFIX_PATH=${CMAKE_PREFIX_PATH}:/home/maria/Documentos/GitHub/IR2134/rmf_ws/install/rmf_demos_fleet_adapter:/opt/ros/humble /usr/bin/cmake --install /home/maria/Documentos/GitHub/IR2134/rmf_ws/build/project_simulation
[0.416s] DEBUG:colcon.colcon_core.event_handler.log_command:Invoked command in '/home/maria/Documentos/GitHub/IR2134/rmf_ws/build/project_maps' returned '0': CMAKE_PREFIX_PATH=${CMAKE_PREFIX_PATH}:/home/maria/Documentos/GitHub/IR2134/rmf_ws/install/rmf_demos_fleet_adapter:/opt/ros/humble /usr/bin/cmake --build /home/maria/Documentos/GitHub/IR2134/rmf_ws/build/project_maps -- -j8 -l8
[0.418s] DEBUG:colcon.colcon_core.event_handler.log_command:Invoking command in '/home/maria/Documentos/GitHub/IR2134/rmf_ws/build/project_maps': CMAKE_PREFIX_PATH=${CMAKE_PREFIX_PATH}:/home/maria/Documentos/GitHub/IR2134/rmf_ws/install/rmf_demos_fleet_adapter:/opt/ros/humble /usr/bin/cmake --install /home/maria/Documentos/GitHub/IR2134/rmf_ws/build/project_maps
[0.424s] Level 1:colcon.colcon_core.environment:create_environment_scripts_only(project_simulation)
[0.425s] DEBUG:colcon.colcon_core.event_handler.log_command:Invoked command in '/home/maria/Documentos/GitHub/IR2134/rmf_ws/build/project_simulation' returned '0': CMAKE_PREFIX_PATH=${CMAKE_PREFIX_PATH}:/home/maria/Documentos/GitHub/IR2134/rmf_ws/install/rmf_demos_fleet_adapter:/opt/ros/humble /usr/bin/cmake --install /home/maria/Documentos/GitHub/IR2134/rmf_ws/build/project_simulation
[0.430s] Level 1:colcon.colcon_core.environment:checking '/home/maria/Documentos/GitHub/IR2134/rmf_ws/install/project_simulation' for CMake module files
[0.430s] Level 1:colcon.colcon_core.environment:checking '/home/maria/Documentos/GitHub/IR2134/rmf_ws/install/project_simulation' for CMake config files
[0.431s] Level 1:colcon.colcon_core.shell:create_environment_hook('project_simulation', 'cmake_prefix_path')
[0.431s] INFO:colcon.colcon_core.shell:Creating environment hook '/home/maria/Documentos/GitHub/IR2134/rmf_ws/install/project_simulation/share/project_simulation/hook/cmake_prefix_path.ps1'
[0.432s] INFO:colcon.colcon_core.shell:Creating environment descriptor '/home/maria/Documentos/GitHub/IR2134/rmf_ws/install/project_simulation/share/project_simulation/hook/cmake_prefix_path.dsv'
[0.432s] INFO:colcon.colcon_core.shell:Creating environment hook '/home/maria/Documentos/GitHub/IR2134/rmf_ws/install/project_simulation/share/project_simulation/hook/cmake_prefix_path.sh'
[0.433s] Level 1:colcon.colcon_core.environment:checking '/home/maria/Documentos/GitHub/IR2134/rmf_ws/install/project_simulation/bin'
[0.433s] Level 1:colcon.colcon_core.environment:checking '/home/maria/Documentos/GitHub/IR2134/rmf_ws/install/project_simulation/lib/pkgconfig/project_simulation.pc'
[0.433s] Level 1:colcon.colcon_core.environment:checking '/home/maria/Documentos/GitHub/IR2134/rmf_ws/install/project_simulation/lib/python3.10/site-packages'
[0.434s] Level 1:colcon.colcon_core.environment:checking '/home/maria/Documentos/GitHub/IR2134/rmf_ws/install/project_simulation/bin'
[0.434s] INFO:colcon.colcon_core.shell:Creating package script '/home/maria/Documentos/GitHub/IR2134/rmf_ws/install/project_simulation/share/project_simulation/package.ps1'
[0.435s] INFO:colcon.colcon_core.shell:Creating package descriptor '/home/maria/Documentos/GitHub/IR2134/rmf_ws/install/project_simulation/share/project_simulation/package.dsv'
[0.436s] INFO:colcon.colcon_core.shell:Creating package script '/home/maria/Documentos/GitHub/IR2134/rmf_ws/install/project_simulation/share/project_simulation/package.sh'
[0.437s] INFO:colcon.colcon_core.shell:Creating package script '/home/maria/Documentos/GitHub/IR2134/rmf_ws/install/project_simulation/share/project_simulation/package.bash'
[0.439s] INFO:colcon.colcon_core.shell:Creating package script '/home/maria/Documentos/GitHub/IR2134/rmf_ws/install/project_simulation/share/project_simulation/package.zsh'
[0.439s] Level 1:colcon.colcon_core.environment:create_file_with_runtime_dependencies(/home/maria/Documentos/GitHub/IR2134/rmf_ws/install/project_simulation/share/colcon-core/packages/project_simulation)
[0.440s] Level 1:colcon.colcon_core.environment:create_environment_scripts_only(project_simulation)
[0.440s] Level 1:colcon.colcon_core.environment:checking '/home/maria/Documentos/GitHub/IR2134/rmf_ws/install/project_simulation' for CMake module files
[0.441s] Level 1:colcon.colcon_core.environment:checking '/home/maria/Documentos/GitHub/IR2134/rmf_ws/install/project_simulation' for CMake config files
[0.441s] Level 1:colcon.colcon_core.shell:create_environment_hook('project_simulation', 'cmake_prefix_path')
[0.442s] INFO:colcon.colcon_core.shell:Creating environment hook '/home/maria/Documentos/GitHub/IR2134/rmf_ws/install/project_simulation/share/project_simulation/hook/cmake_prefix_path.ps1'
[0.442s] INFO:colcon.colcon_core.shell:Creating environment descriptor '/home/maria/Documentos/GitHub/IR2134/rmf_ws/install/project_simulation/share/project_simulation/hook/cmake_prefix_path.dsv'
[0.443s] INFO:colcon.colcon_core.shell:Creating environment hook '/home/maria/Documentos/GitHub/IR2134/rmf_ws/install/project_simulation/share/project_simulation/hook/cmake_prefix_path.sh'
[0.443s] Level 1:colcon.colcon_core.environment:checking '/home/maria/Documentos/GitHub/IR2134/rmf_ws/install/project_simulation/bin'
[0.443s] Level 1:colcon.colcon_core.environment:checking '/home/maria/Documentos/GitHub/IR2134/rmf_ws/install/project_simulation/lib/pkgconfig/project_simulation.pc'
[0.444s] Level 1:colcon.colcon_core.environment:checking '/home/maria/Documentos/GitHub/IR2134/rmf_ws/install/project_simulation/lib/python3.10/site-packages'
[0.444s] Level 1:colcon.colcon_core.environment:checking '/home/maria/Documentos/GitHub/IR2134/rmf_ws/install/project_simulation/bin'
[0.445s] INFO:colcon.colcon_core.shell:Creating package script '/home/maria/Documentos/GitHub/IR2134/rmf_ws/install/project_simulation/share/project_simulation/package.ps1'
[0.445s] INFO:colcon.colcon_core.shell:Creating package descriptor '/home/maria/Documentos/GitHub/IR2134/rmf_ws/install/project_simulation/share/project_simulation/package.dsv'
[0.446s] INFO:colcon.colcon_core.shell:Creating package script '/home/maria/Documentos/GitHub/IR2134/rmf_ws/install/project_simulation/share/project_simulation/package.sh'
[0.446s] INFO:colcon.colcon_core.shell:Creating package script '/home/maria/Documentos/GitHub/IR2134/rmf_ws/install/project_simulation/share/project_simulation/package.bash'
[0.447s] INFO:colcon.colcon_core.shell:Creating package script '/home/maria/Documentos/GitHub/IR2134/rmf_ws/install/project_simulation/share/project_simulation/package.zsh'
[0.447s] Level 1:colcon.colcon_core.environment:create_file_with_runtime_dependencies(/home/maria/Documentos/GitHub/IR2134/rmf_ws/install/project_simulation/share/colcon-core/packages/project_simulation)
[0.448s] Level 1:colcon.colcon_core.environment:create_environment_scripts_only(project_maps)
[0.449s] DEBUG:colcon.colcon_core.event_handler.log_command:Invoked command in '/home/maria/Documentos/GitHub/IR2134/rmf_ws/build/project_maps' returned '0': CMAKE_PREFIX_PATH=${CMAKE_PREFIX_PATH}:/home/maria/Documentos/GitHub/IR2134/rmf_ws/install/rmf_demos_fleet_adapter:/opt/ros/humble /usr/bin/cmake --install /home/maria/Documentos/GitHub/IR2134/rmf_ws/build/project_maps
[0.449s] Level 1:colcon.colcon_core.environment:checking '/home/maria/Documentos/GitHub/IR2134/rmf_ws/install/project_maps' for CMake module files
[0.450s] Level 1:colcon.colcon_core.environment:checking '/home/maria/Documentos/GitHub/IR2134/rmf_ws/install/project_maps' for CMake config files
[0.450s] Level 1:colcon.colcon_core.shell:create_environment_hook('project_maps', 'cmake_prefix_path')
[0.451s] INFO:colcon.colcon_core.shell:Creating environment hook '/home/maria/Documentos/GitHub/IR2134/rmf_ws/install/project_maps/share/project_maps/hook/cmake_prefix_path.ps1'
[0.451s] INFO:colcon.colcon_core.shell:Creating environment descriptor '/home/maria/Documentos/GitHub/IR2134/rmf_ws/install/project_maps/share/project_maps/hook/cmake_prefix_path.dsv'
[0.452s] INFO:colcon.colcon_core.shell:Creating environment hook '/home/maria/Documentos/GitHub/IR2134/rmf_ws/install/project_maps/share/project_maps/hook/cmake_prefix_path.sh'
[0.452s] Level 1:colcon.colcon_core.environment:checking '/home/maria/Documentos/GitHub/IR2134/rmf_ws/install/project_maps/bin'
[0.452s] Level 1:colcon.colcon_core.environment:checking '/home/maria/Documentos/GitHub/IR2134/rmf_ws/install/project_maps/lib/pkgconfig/project_maps.pc'
[0.453s] Level 1:colcon.colcon_core.environment:checking '/home/maria/Documentos/GitHub/IR2134/rmf_ws/install/project_maps/lib/python3.10/site-packages'
[0.453s] Level 1:colcon.colcon_core.environment:checking '/home/maria/Documentos/GitHub/IR2134/rmf_ws/install/project_maps/bin'
[0.454s] INFO:colcon.colcon_core.shell:Creating package script '/home/maria/Documentos/GitHub/IR2134/rmf_ws/install/project_maps/share/project_maps/package.ps1'
[0.454s] INFO:colcon.colcon_core.shell:Creating package descriptor '/home/maria/Documentos/GitHub/IR2134/rmf_ws/install/project_maps/share/project_maps/package.dsv'
[0.455s] INFO:colcon.colcon_core.shell:Creating package script '/home/maria/Documentos/GitHub/IR2134/rmf_ws/install/project_maps/share/project_maps/package.sh'
[0.455s] INFO:colcon.colcon_core.shell:Creating package script '/home/maria/Documentos/GitHub/IR2134/rmf_ws/install/project_maps/share/project_maps/package.bash'
[0.456s] INFO:colcon.colcon_core.shell:Creating package script '/home/maria/Documentos/GitHub/IR2134/rmf_ws/install/project_maps/share/project_maps/package.zsh'
[0.456s] Level 1:colcon.colcon_core.environment:create_file_with_runtime_dependencies(/home/maria/Documentos/GitHub/IR2134/rmf_ws/install/project_maps/share/colcon-core/packages/project_maps)
[0.457s] Level 1:colcon.colcon_core.environment:create_environment_scripts_only(project_maps)
[0.457s] Level 1:colcon.colcon_core.environment:checking '/home/maria/Documentos/GitHub/IR2134/rmf_ws/install/project_maps' for CMake module files
[0.458s] Level 1:colcon.colcon_core.environment:checking '/home/maria/Documentos/GitHub/IR2134/rmf_ws/install/project_maps' for CMake config files
[0.458s] Level 1:colcon.colcon_core.shell:create_environment_hook('project_maps', 'cmake_prefix_path')
[0.458s] INFO:colcon.colcon_core.shell:Creating environment hook '/home/maria/Documentos/GitHub/IR2134/rmf_ws/install/project_maps/share/project_maps/hook/cmake_prefix_path.ps1'
[0.459s] INFO:colcon.colcon_core.shell:Creating environment descriptor '/home/maria/Documentos/GitHub/IR2134/rmf_ws/install/project_maps/share/project_maps/hook/cmake_prefix_path.dsv'
[0.459s] INFO:colcon.colcon_core.shell:Creating environment hook '/home/maria/Documentos/GitHub/IR2134/rmf_ws/install/project_maps/share/project_maps/hook/cmake_prefix_path.sh'
[0.460s] Level 1:colcon.colcon_core.environment:checking '/home/maria/Documentos/GitHub/IR2134/rmf_ws/install/project_maps/bin'
[0.460s] Level 1:colcon.colcon_core.environment:checking '/home/maria/Documentos/GitHub/IR2134/rmf_ws/install/project_maps/lib/pkgconfig/project_maps.pc'
[0.461s] Level 1:colcon.colcon_core.environment:checking '/home/maria/Documentos/GitHub/IR2134/rmf_ws/install/project_maps/lib/python3.10/site-packages'
[0.461s] Level 1:colcon.colcon_core.environment:checking '/home/maria/Documentos/GitHub/IR2134/rmf_ws/install/project_maps/bin'
[0.462s] INFO:colcon.colcon_core.shell:Creating package script '/home/maria/Documentos/GitHub/IR2134/rmf_ws/install/project_maps/share/project_maps/package.ps1'
[0.462s] INFO:colcon.colcon_core.shell:Creating package descriptor '/home/maria/Documentos/GitHub/IR2134/rmf_ws/install/project_maps/share/project_maps/package.dsv'
[0.463s] INFO:colcon.colcon_core.shell:Creating package script '/home/maria/Documentos/GitHub/IR2134/rmf_ws/install/project_maps/share/project_maps/package.sh'
[0.464s] INFO:colcon.colcon_core.shell:Creating package script '/home/maria/Documentos/GitHub/IR2134/rmf_ws/install/project_maps/share/project_maps/package.bash'
[0.464s] INFO:colcon.colcon_core.shell:Creating package script '/home/maria/Documentos/GitHub/IR2134/rmf_ws/install/project_maps/share/project_maps/package.zsh'
[0.465s] Level 1:colcon.colcon_core.environment:create_file_with_runtime_dependencies(/home/maria/Documentos/GitHub/IR2134/rmf_ws/install/project_maps/share/colcon-core/packages/project_maps)
[0.526s] DEBUG:colcon.colcon_core.event_handler.log_command:Invoked command in '/home/maria/Documentos/GitHub/IR2134/rmf_ws/build/rmf_demos_assets' returned '2': CMAKE_PREFIX_PATH=${CMAKE_PREFIX_PATH}:/home/maria/Documentos/GitHub/IR2134/rmf_ws/install/rmf_demos_fleet_adapter:/opt/ros/humble /usr/bin/cmake --build /home/maria/Documentos/GitHub/IR2134/rmf_ws/build/rmf_demos_assets -- -j8 -l8
[0.526s] Level 1:colcon.colcon_core.environment:create_environment_scripts_only(rmf_demos_assets)
[0.527s] Level 1:colcon.colcon_core.environment:checking '/home/maria/Documentos/GitHub/IR2134/rmf_ws/install/rmf_demos_assets' for CMake module files
[0.527s] Level 1:colcon.colcon_core.environment:checking '/home/maria/Documentos/GitHub/IR2134/rmf_ws/install/rmf_demos_assets' for CMake config files
[0.528s] Level 1:colcon.colcon_core.shell:create_environment_hook('rmf_demos_assets', 'cmake_prefix_path')
[0.528s] INFO:colcon.colcon_core.shell:Creating environment hook '/home/maria/Documentos/GitHub/IR2134/rmf_ws/install/rmf_demos_assets/share/rmf_demos_assets/hook/cmake_prefix_path.ps1'
[0.529s] INFO:colcon.colcon_core.shell:Creating environment descriptor '/home/maria/Documentos/GitHub/IR2134/rmf_ws/install/rmf_demos_assets/share/rmf_demos_assets/hook/cmake_prefix_path.dsv'
[0.529s] INFO:colcon.colcon_core.shell:Creating environment hook '/home/maria/Documentos/GitHub/IR2134/rmf_ws/install/rmf_demos_assets/share/rmf_demos_assets/hook/cmake_prefix_path.sh'
[0.530s] Level 1:colcon.colcon_core.environment:checking '/home/maria/Documentos/GitHub/IR2134/rmf_ws/install/rmf_demos_assets/bin'
[0.530s] Level 1:colcon.colcon_core.environment:checking '/home/maria/Documentos/GitHub/IR2134/rmf_ws/install/rmf_demos_assets/lib/pkgconfig/rmf_demos_assets.pc'
[0.530s] Level 1:colcon.colcon_core.environment:checking '/home/maria/Documentos/GitHub/IR2134/rmf_ws/install/rmf_demos_assets/lib/python3.10/site-packages'
[0.531s] Level 1:colcon.colcon_core.environment:checking '/home/maria/Documentos/GitHub/IR2134/rmf_ws/install/rmf_demos_assets/bin'
[0.531s] INFO:colcon.colcon_core.shell:Creating package script '/home/maria/Documentos/GitHub/IR2134/rmf_ws/install/rmf_demos_assets/share/rmf_demos_assets/package.ps1'
[0.531s] INFO:colcon.colcon_core.shell:Creating package descriptor '/home/maria/Documentos/GitHub/IR2134/rmf_ws/install/rmf_demos_assets/share/rmf_demos_assets/package.dsv'
[0.532s] INFO:colcon.colcon_core.shell:Creating package script '/home/maria/Documentos/GitHub/IR2134/rmf_ws/install/rmf_demos_assets/share/rmf_demos_assets/package.sh'
[0.533s] INFO:colcon.colcon_core.shell:Creating package script '/home/maria/Documentos/GitHub/IR2134/rmf_ws/install/rmf_demos_assets/share/rmf_demos_assets/package.bash'
[0.533s] INFO:colcon.colcon_core.shell:Creating package script '/home/maria/Documentos/GitHub/IR2134/rmf_ws/install/rmf_demos_assets/share/rmf_demos_assets/package.zsh'
[0.534s] Level 1:colcon.colcon_core.environment:create_file_with_runtime_dependencies(/home/maria/Documentos/GitHub/IR2134/rmf_ws/install/rmf_demos_assets/share/colcon-core/packages/rmf_demos_assets)
[0.861s] DEBUG:colcon.colcon_parallel_executor.executor.parallel:closing loop
[0.861s] DEBUG:colcon.colcon_parallel_executor.executor.parallel:loop closed
[0.861s] DEBUG:colcon.colcon_parallel_executor.executor.parallel:run_until_complete finished with '2'
[0.861s] DEBUG:colcon.colcon_core.event_reactor:joining thread
[0.866s] INFO:colcon.colcon_core.plugin_system:Skipping extension 'colcon_notification.desktop_notification.terminal_notifier': Not used on non-Darwin systems
[0.866s] INFO:colcon.colcon_core.plugin_system:Skipping extension 'colcon_notification.desktop_notification.win32': Not used on non-Windows systems
[0.866s] INFO:colcon.colcon_notification.desktop_notification:Sending desktop notification using 'notify2'
[0.877s] DEBUG:colcon.colcon_core.event_reactor:joined thread
[0.877s] INFO:colcon.colcon_core.shell:Creating prefix script '/home/maria/Documentos/GitHub/IR2134/rmf_ws/install/local_setup.ps1'
[0.878s] INFO:colcon.colcon_core.shell:Creating prefix util module '/home/maria/Documentos/GitHub/IR2134/rmf_ws/install/_local_setup_util_ps1.py'
[0.880s] INFO:colcon.colcon_core.shell:Creating prefix chain script '/home/maria/Documentos/GitHub/IR2134/rmf_ws/install/setup.ps1'
[0.881s] INFO:colcon.colcon_core.shell:Creating prefix script '/home/maria/Documentos/GitHub/IR2134/rmf_ws/install/local_setup.sh'
[0.882s] INFO:colcon.colcon_core.shell:Creating prefix util module '/home/maria/Documentos/GitHub/IR2134/rmf_ws/install/_local_setup_util_sh.py'
[0.882s] INFO:colcon.colcon_core.shell:Creating prefix chain script '/home/maria/Documentos/GitHub/IR2134/rmf_ws/install/setup.sh'
[0.884s] INFO:colcon.colcon_core.shell:Creating prefix script '/home/maria/Documentos/GitHub/IR2134/rmf_ws/install/local_setup.bash'
[0.884s] INFO:colcon.colcon_core.shell:Creating prefix chain script '/home/maria/Documentos/GitHub/IR2134/rmf_ws/install/setup.bash'
[0.885s] INFO:colcon.colcon_core.shell:Creating prefix script '/home/maria/Documentos/GitHub/IR2134/rmf_ws/install/local_setup.zsh'
[0.885s] INFO:colcon.colcon_core.shell:Creating prefix chain script '/home/maria/Documentos/GitHub/IR2134/rmf_ws/install/setup.zsh'
