[0.237s] Invoking command in '/home/maria/Documentos/GitHub/IR2134/rmf_ws/build/project_maps': CMAKE_PREFIX_PATH=${CMAKE_PREFIX_PATH}:/home/maria/Documentos/GitHub/IR2134/rmf_ws/install/rmf_demos_fleet_adapter:/opt/ros/humble /usr/bin/cmake --build /home/maria/Documentos/GitHub/IR2134/rmf_ws/build/project_maps -- -j8 -l8
[0.277s] Invoked command in '/home/maria/Documentos/GitHub/IR2134/rmf_ws/build/project_maps' returned '0': CMAKE_PREFIX_PATH=${CMAKE_PREFIX_PATH}:/home/maria/Documentos/GitHub/IR2134/rmf_ws/install/rmf_demos_fleet_adapter:/opt/ros/humble /usr/bin/cmake --build /home/maria/Documentos/GitHub/IR2134/rmf_ws/build/project_maps -- -j8 -l8
[0.286s] Invoking command in '/home/maria/Documentos/GitHub/IR2134/rmf_ws/build/project_maps': CMAKE_PREFIX_PATH=${CMAKE_PREFIX_PATH}:/home/maria/Documentos/GitHub/IR2134/rmf_ws/install/rmf_demos_fleet_adapter:/opt/ros/humble /usr/bin/cmake --install /home/maria/Documentos/GitHub/IR2134/rmf_ws/build/project_maps
[0.293s] -- Install configuration: ""
[0.293s] -- Up-to-date: /home/maria/Documentos/GitHub/IR2134/rmf_ws/install/project_maps/share/ament_index/resource_index/package_run_dependencies/project_maps
[0.294s] -- Up-to-date: /home/maria/Documentos/GitHub/IR2134/rmf_ws/install/project_maps/share/ament_index/resource_index/parent_prefix_path/project_maps
[0.294s] -- Up-to-date: /home/maria/Documentos/GitHub/IR2134/rmf_ws/install/project_maps/share/project_maps/environment/ament_prefix_path.sh
[0.294s] -- Up-to-date: /home/maria/Documentos/GitHub/IR2134/rmf_ws/install/project_maps/share/project_maps/environment/ament_prefix_path.dsv
[0.294s] -- Up-to-date: /home/maria/Documentos/GitHub/IR2134/rmf_ws/install/project_maps/share/project_maps/environment/path.sh
[0.294s] -- Up-to-date: /home/maria/Documentos/GitHub/IR2134/rmf_ws/install/project_maps/share/project_maps/environment/path.dsv
[0.294s] -- Up-to-date: /home/maria/Documentos/GitHub/IR2134/rmf_ws/install/project_maps/share/project_maps/local_setup.bash
[0.294s] -- Up-to-date: /home/maria/Documentos/GitHub/IR2134/rmf_ws/install/project_maps/share/project_maps/local_setup.sh
[0.294s] -- Up-to-date: /home/maria/Documentos/GitHub/IR2134/rmf_ws/install/project_maps/share/project_maps/local_setup.zsh
[0.294s] -- Up-to-date: /home/maria/Documentos/GitHub/IR2134/rmf_ws/install/project_maps/share/project_maps/local_setup.dsv
[0.294s] -- Installing: /home/maria/Documentos/GitHub/IR2134/rmf_ws/install/project_maps/share/project_maps/package.dsv
[0.294s] -- Up-to-date: /home/maria/Documentos/GitHub/IR2134/rmf_ws/install/project_maps/share/ament_index/resource_index/packages/project_maps
[0.295s] -- Up-to-date: /home/maria/Documentos/GitHub/IR2134/rmf_ws/install/project_maps/share/project_maps/cmake/project_mapsConfig.cmake
[0.295s] -- Up-to-date: /home/maria/Documentos/GitHub/IR2134/rmf_ws/install/project_maps/share/project_maps/cmake/project_mapsConfig-version.cmake
[0.295s] -- Up-to-date: /home/maria/Documentos/GitHub/IR2134/rmf_ws/install/project_maps/share/project_maps/package.xml
[0.297s] Invoked command in '/home/maria/Documentos/GitHub/IR2134/rmf_ws/build/project_maps' returned '0': CMAKE_PREFIX_PATH=${CMAKE_PREFIX_PATH}:/home/maria/Documentos/GitHub/IR2134/rmf_ws/install/rmf_demos_fleet_adapter:/opt/ros/humble /usr/bin/cmake --install /home/maria/Documentos/GitHub/IR2134/rmf_ws/build/project_maps
