[1.787s] Invoking command in '/home/maria/rmf_ws/src/project/project_tasks': PYTHONPATH=/home/maria/rmf_ws/build/project_tasks/prefix_override:/usr/lib/python3/dist-packages/colcon_core/task/python/colcon_distutils_commands:/home/maria/rmf_ws/install/project_tasks/lib/python3.12/site-packages:${PYTHONPATH} /usr/bin/python3 -W ignore:setup.py install is deprecated -W ignore:easy_install command is deprecated setup.py egg_info --egg-base ../../../build/project_tasks build --build-base /home/maria/rmf_ws/build/project_tasks/build install --record /home/maria/rmf_ws/build/project_tasks/install.log --single-version-externally-managed install_data
[2.214s] running egg_info
[2.233s] writing ../../../build/project_tasks/project_tasks.egg-info/PKG-INFO
[2.233s] writing dependency_links to ../../../build/project_tasks/project_tasks.egg-info/dependency_links.txt
[2.234s] writing entry points to ../../../build/project_tasks/project_tasks.egg-info/entry_points.txt
[2.234s] writing requirements to ../../../build/project_tasks/project_tasks.egg-info/requires.txt
[2.234s] writing top-level names to ../../../build/project_tasks/project_tasks.egg-info/top_level.txt
[2.280s] reading manifest file '../../../build/project_tasks/project_tasks.egg-info/SOURCES.txt'
[2.282s] writing manifest file '../../../build/project_tasks/project_tasks.egg-info/SOURCES.txt'
[2.282s] running build
[2.282s] running build_py
[2.283s] running install
[2.290s] running install_lib
[2.311s] running install_data
[2.311s] running install_egg_info
[2.331s] removing '/home/maria/rmf_ws/install/project_tasks/lib/python3.12/site-packages/project_tasks-2.8.1-py3.12.egg-info' (and everything under it)
[2.331s] Copying ../../../build/project_tasks/project_tasks.egg-info to /home/maria/rmf_ws/install/project_tasks/lib/python3.12/site-packages/project_tasks-2.8.1-py3.12.egg-info
[2.332s] running install_scripts
[2.471s] Installing api_request script to /home/maria/rmf_ws/install/project_tasks/lib/project_tasks
[2.471s] Installing cancel_robot_task script to /home/maria/rmf_ws/install/project_tasks/lib/project_tasks
[2.471s] Installing cancel_task script to /home/maria/rmf_ws/install/project_tasks/lib/project_tasks
[2.471s] Installing dispatch_action script to /home/maria/rmf_ws/install/project_tasks/lib/project_tasks
[2.472s] Installing dispatch_cart_delivery script to /home/maria/rmf_ws/install/project_tasks/lib/project_tasks
[2.472s] Installing dispatch_clean script to /home/maria/rmf_ws/install/project_tasks/lib/project_tasks
[2.472s] Installing dispatch_delivery script to /home/maria/rmf_ws/install/project_tasks/lib/project_tasks
[2.472s] Installing dispatch_dynamic_event script to /home/maria/rmf_ws/install/project_tasks/lib/project_tasks
[2.472s] Installing dispatch_go_to_place script to /home/maria/rmf_ws/install/project_tasks/lib/project_tasks
[2.472s] Installing dispatch_json script to /home/maria/rmf_ws/install/project_tasks/lib/project_tasks
[2.472s] Installing dispatch_loop script to /home/maria/rmf_ws/install/project_tasks/lib/project_tasks
[2.473s] Installing dispatch_patrol script to /home/maria/rmf_ws/install/project_tasks/lib/project_tasks
[2.473s] Installing dispatch_teleop script to /home/maria/rmf_ws/install/project_tasks/lib/project_tasks
[2.473s] Installing dynamic_event_client script to /home/maria/rmf_ws/install/project_tasks/lib/project_tasks
[2.473s] Installing emergency_signal script to /home/maria/rmf_ws/install/project_tasks/lib/project_tasks
[2.473s] Installing get_robot_location script to /home/maria/rmf_ws/install/project_tasks/lib/project_tasks
[2.473s] Installing mock_docker script to /home/maria/rmf_ws/install/project_tasks/lib/project_tasks
[2.473s] Installing request_lift script to /home/maria/rmf_ws/install/project_tasks/lib/project_tasks
[2.474s] Installing request_loop script to /home/maria/rmf_ws/install/project_tasks/lib/project_tasks
[2.474s] Installing teleop_robot script to /home/maria/rmf_ws/install/project_tasks/lib/project_tasks
[2.474s] Installing wait_for_task_complete script to /home/maria/rmf_ws/install/project_tasks/lib/project_tasks
[2.474s] writing list of installed files to '/home/maria/rmf_ws/build/project_tasks/install.log'
[2.506s] Invoked command in '/home/maria/rmf_ws/src/project/project_tasks' returned '0': PYTHONPATH=/home/maria/rmf_ws/build/project_tasks/prefix_override:/usr/lib/python3/dist-packages/colcon_core/task/python/colcon_distutils_commands:/home/maria/rmf_ws/install/project_tasks/lib/python3.12/site-packages:${PYTHONPATH} /usr/bin/python3 -W ignore:setup.py install is deprecated -W ignore:easy_install command is deprecated setup.py egg_info --egg-base ../../../build/project_tasks build --build-base /home/maria/rmf_ws/build/project_tasks/build install --record /home/maria/rmf_ws/build/project_tasks/install.log --single-version-externally-managed install_data
