[0.078s] DEBUG:colcon:Command line arguments: ['/usr/bin/colcon', 'build']
[0.078s] DEBUG:colcon:Parsed command line arguments: Namespace(log_base=None, log_level=None, verb_name='build', build_base='build', install_base='install', merge_install=False, symlink_install=False, test_result_base=None, continue_on_error=False, executor='parallel', parallel_workers=8, event_handlers=None, ignore_user_meta=False, metas=['./colcon.meta'], base_paths=['.'], packages_ignore=None, packages_ignore_regex=None, paths=None, packages_up_to=None, packages_up_to_regex=None, packages_above=None, packages_above_and_dependencies=None, packages_above_depth=None, packages_select_by_dep=None, packages_skip_by_dep=None, packages_skip_up_to=None, packages_select_build_failed=False, packages_skip_build_finished=False, packages_select_test_failures=False, packages_skip_test_passed=False, packages_select=None, packages_skip=None, packages_select_regex=None, packages_skip_regex=None, packages_start=None, packages_end=None, allow_overriding=[], cmake_args=None, cmake_target=None, cmake_target_skip_unavailable=False, cmake_clean_cache=False, cmake_clean_first=False, cmake_force_configure=False, ament_cmake_args=None, catkin_cmake_args=None, catkin_skip_building_tests=False, mixin_files=None, mixin=None, verb_parser=<colcon_mixin.mixin.mixin_argument.MixinArgumentDecorator object at 0x73a27bc99d80>, verb_extension=<colcon_core.verb.build.BuildVerb object at 0x73a27bc997b0>, main=<bound method BuildVerb.main of <colcon_core.verb.build.BuildVerb object at 0x73a27bc997b0>>, mixin_verb=('build',))
[0.106s] Level 1:colcon.colcon_core.package_discovery:discover_packages(colcon_meta) check parameters
[0.106s] Level 1:colcon.colcon_core.package_discovery:discover_packages(recursive) check parameters
[0.106s] Level 1:colcon.colcon_core.package_discovery:discover_packages(ignore) check parameters
[0.106s] Level 1:colcon.colcon_core.package_discovery:discover_packages(path) check parameters
[0.106s] Level 1:colcon.colcon_core.package_discovery:discover_packages(colcon_meta) discover
[0.106s] Level 1:colcon.colcon_core.package_discovery:discover_packages(recursive) discover
[0.106s] INFO:colcon.colcon_core.package_discovery:Crawling recursively for packages in '/home/maria/Documentos/GitHub/IR2134/rmf_ws'
[0.106s] Level 1:colcon.colcon_core.package_identification:_identify(.) by extensions ['ignore', 'ignore_ament_install']
[0.107s] Level 1:colcon.colcon_core.package_identification:_identify(.) by extension 'ignore'
[0.107s] Level 1:colcon.colcon_core.package_identification:_identify(.) by extension 'ignore_ament_install'
[0.107s] Level 1:colcon.colcon_core.package_identification:_identify(.) by extensions ['colcon_pkg']
[0.107s] Level 1:colcon.colcon_core.package_identification:_identify(.) by extension 'colcon_pkg'
[0.107s] Level 1:colcon.colcon_core.package_identification:_identify(.) by extensions ['colcon_meta']
[0.107s] Level 1:colcon.colcon_core.package_identification:_identify(.) by extension 'colcon_meta'
[0.107s] Level 1:colcon.colcon_core.package_identification:_identify(.) by extensions ['ros']
[0.107s] Level 1:colcon.colcon_core.package_identification:_identify(.) by extension 'ros'
[0.116s] Level 1:colcon.colcon_core.package_identification:_identify(.) by extensions ['cmake', 'python']
[0.116s] Level 1:colcon.colcon_core.package_identification:_identify(.) by extension 'cmake'
[0.116s] Level 1:colcon.colcon_core.package_identification:_identify(.) by extension 'python'
[0.116s] Level 1:colcon.colcon_core.package_identification:_identify(.) by extensions ['python_setup_py']
[0.116s] Level 1:colcon.colcon_core.package_identification:_identify(.) by extension 'python_setup_py'
[0.116s] Level 1:colcon.colcon_core.package_identification:_identify(build) by extensions ['ignore', 'ignore_ament_install']
[0.116s] Level 1:colcon.colcon_core.package_identification:_identify(build) by extension 'ignore'
[0.116s] Level 1:colcon.colcon_core.package_identification:_identify(build) ignored
[0.116s] Level 1:colcon.colcon_core.package_identification:_identify(install) by extensions ['ignore', 'ignore_ament_install']
[0.116s] Level 1:colcon.colcon_core.package_identification:_identify(install) by extension 'ignore'
[0.116s] Level 1:colcon.colcon_core.package_identification:_identify(install) ignored
[0.117s] Level 1:colcon.colcon_core.package_identification:_identify(log) by extensions ['ignore', 'ignore_ament_install']
[0.117s] Level 1:colcon.colcon_core.package_identification:_identify(log) by extension 'ignore'
[0.117s] Level 1:colcon.colcon_core.package_identification:_identify(log) ignored
[0.117s] Level 1:colcon.colcon_core.package_identification:_identify(src) by extensions ['ignore', 'ignore_ament_install']
[0.117s] Level 1:colcon.colcon_core.package_identification:_identify(src) by extension 'ignore'
[0.117s] Level 1:colcon.colcon_core.package_identification:_identify(src) by extension 'ignore_ament_install'
[0.117s] Level 1:colcon.colcon_core.package_identification:_identify(src) by extensions ['colcon_pkg']
[0.117s] Level 1:colcon.colcon_core.package_identification:_identify(src) by extension 'colcon_pkg'
[0.117s] Level 1:colcon.colcon_core.package_identification:_identify(src) by extensions ['colcon_meta']
[0.117s] Level 1:colcon.colcon_core.package_identification:_identify(src) by extension 'colcon_meta'
[0.117s] Level 1:colcon.colcon_core.package_identification:_identify(src) by extensions ['ros']
[0.117s] Level 1:colcon.colcon_core.package_identification:_identify(src) by extension 'ros'
[0.117s] Level 1:colcon.colcon_core.package_identification:_identify(src) by extensions ['cmake', 'python']
[0.117s] Level 1:colcon.colcon_core.package_identification:_identify(src) by extension 'cmake'
[0.117s] Level 1:colcon.colcon_core.package_identification:_identify(src) by extension 'python'
[0.117s] Level 1:colcon.colcon_core.package_identification:_identify(src) by extensions ['python_setup_py']
[0.117s] Level 1:colcon.colcon_core.package_identification:_identify(src) by extension 'python_setup_py'
[0.117s] Level 1:colcon.colcon_core.package_identification:_identify(src/project) by extensions ['ignore', 'ignore_ament_install']
[0.117s] Level 1:colcon.colcon_core.package_identification:_identify(src/project) by extension 'ignore'
[0.117s] Level 1:colcon.colcon_core.package_identification:_identify(src/project) by extension 'ignore_ament_install'
[0.117s] Level 1:colcon.colcon_core.package_identification:_identify(src/project) by extensions ['colcon_pkg']
[0.117s] Level 1:colcon.colcon_core.package_identification:_identify(src/project) by extension 'colcon_pkg'
[0.117s] Level 1:colcon.colcon_core.package_identification:_identify(src/project) by extensions ['colcon_meta']
[0.117s] Level 1:colcon.colcon_core.package_identification:_identify(src/project) by extension 'colcon_meta'
[0.117s] Level 1:colcon.colcon_core.package_identification:_identify(src/project) by extensions ['ros']
[0.117s] Level 1:colcon.colcon_core.package_identification:_identify(src/project) by extension 'ros'
[0.117s] Level 1:colcon.colcon_core.package_identification:_identify(src/project) by extensions ['cmake', 'python']
[0.117s] Level 1:colcon.colcon_core.package_identification:_identify(src/project) by extension 'cmake'
[0.117s] Level 1:colcon.colcon_core.package_identification:_identify(src/project) by extension 'python'
[0.117s] Level 1:colcon.colcon_core.package_identification:_identify(src/project) by extensions ['python_setup_py']
[0.117s] Level 1:colcon.colcon_core.package_identification:_identify(src/project) by extension 'python_setup_py'
[0.117s] Level 1:colcon.colcon_core.package_identification:_identify(src/project/project_assets) by extensions ['ignore', 'ignore_ament_install']
[0.117s] Level 1:colcon.colcon_core.package_identification:_identify(src/project/project_assets) by extension 'ignore'
[0.117s] Level 1:colcon.colcon_core.package_identification:_identify(src/project/project_assets) by extension 'ignore_ament_install'
[0.118s] Level 1:colcon.colcon_core.package_identification:_identify(src/project/project_assets) by extensions ['colcon_pkg']
[0.118s] Level 1:colcon.colcon_core.package_identification:_identify(src/project/project_assets) by extension 'colcon_pkg'
[0.118s] Level 1:colcon.colcon_core.package_identification:_identify(src/project/project_assets) by extensions ['colcon_meta']
[0.118s] Level 1:colcon.colcon_core.package_identification:_identify(src/project/project_assets) by extension 'colcon_meta'
[0.118s] Level 1:colcon.colcon_core.package_identification:_identify(src/project/project_assets) by extensions ['ros']
[0.118s] Level 1:colcon.colcon_core.package_identification:_identify(src/project/project_assets) by extension 'ros'
[0.119s] DEBUG:colcon.colcon_core.package_identification:Package 'src/project/project_assets' with type 'ros.ament_cmake' and name 'rmf_demos_assets'
[0.119s] Level 1:colcon.colcon_core.package_identification:_identify(src/project/project_config) by extensions ['ignore', 'ignore_ament_install']
[0.119s] Level 1:colcon.colcon_core.package_identification:_identify(src/project/project_config) by extension 'ignore'
[0.119s] Level 1:colcon.colcon_core.package_identification:_identify(src/project/project_config) by extension 'ignore_ament_install'
[0.119s] Level 1:colcon.colcon_core.package_identification:_identify(src/project/project_config) by extensions ['colcon_pkg']
[0.119s] Level 1:colcon.colcon_core.package_identification:_identify(src/project/project_config) by extension 'colcon_pkg'
[0.119s] Level 1:colcon.colcon_core.package_identification:_identify(src/project/project_config) by extensions ['colcon_meta']
[0.119s] Level 1:colcon.colcon_core.package_identification:_identify(src/project/project_config) by extension 'colcon_meta'
[0.120s] Level 1:colcon.colcon_core.package_identification:_identify(src/project/project_config) by extensions ['ros']
[0.120s] Level 1:colcon.colcon_core.package_identification:_identify(src/project/project_config) by extension 'ros'
[0.120s] DEBUG:colcon.colcon_core.package_identification:Package 'src/project/project_config' with type 'ros.ament_cmake' and name 'project_config'
[0.120s] Level 1:colcon.colcon_core.package_identification:_identify(src/project/project_fleet_adapter) by extensions ['ignore', 'ignore_ament_install']
[0.120s] Level 1:colcon.colcon_core.package_identification:_identify(src/project/project_fleet_adapter) by extension 'ignore'
[0.120s] Level 1:colcon.colcon_core.package_identification:_identify(src/project/project_fleet_adapter) by extension 'ignore_ament_install'
[0.120s] Level 1:colcon.colcon_core.package_identification:_identify(src/project/project_fleet_adapter) by extensions ['colcon_pkg']
[0.120s] Level 1:colcon.colcon_core.package_identification:_identify(src/project/project_fleet_adapter) by extension 'colcon_pkg'
[0.120s] Level 1:colcon.colcon_core.package_identification:_identify(src/project/project_fleet_adapter) by extensions ['colcon_meta']
[0.120s] Level 1:colcon.colcon_core.package_identification:_identify(src/project/project_fleet_adapter) by extension 'colcon_meta'
[0.120s] Level 1:colcon.colcon_core.package_identification:_identify(src/project/project_fleet_adapter) by extensions ['ros']
[0.120s] Level 1:colcon.colcon_core.package_identification:_identify(src/project/project_fleet_adapter) by extension 'ros'
[0.121s] DEBUG:colcon.colcon_core.package_identification:Package 'src/project/project_fleet_adapter' with type 'ros.ament_python' and name 'rmf_demos_fleet_adapter'
[0.121s] Level 1:colcon.colcon_core.package_identification:_identify(src/project/project_maps) by extensions ['ignore', 'ignore_ament_install']
[0.121s] Level 1:colcon.colcon_core.package_identification:_identify(src/project/project_maps) by extension 'ignore'
[0.121s] Level 1:colcon.colcon_core.package_identification:_identify(src/project/project_maps) by extension 'ignore_ament_install'
[0.121s] Level 1:colcon.colcon_core.package_identification:_identify(src/project/project_maps) by extensions ['colcon_pkg']
[0.121s] Level 1:colcon.colcon_core.package_identification:_identify(src/project/project_maps) by extension 'colcon_pkg'
[0.121s] Level 1:colcon.colcon_core.package_identification:_identify(src/project/project_maps) by extensions ['colcon_meta']
[0.121s] Level 1:colcon.colcon_core.package_identification:_identify(src/project/project_maps) by extension 'colcon_meta'
[0.121s] Level 1:colcon.colcon_core.package_identification:_identify(src/project/project_maps) by extensions ['ros']
[0.121s] Level 1:colcon.colcon_core.package_identification:_identify(src/project/project_maps) by extension 'ros'
[0.121s] DEBUG:colcon.colcon_core.package_identification:Package 'src/project/project_maps' with type 'ros.ament_cmake' and name 'project_maps'
[0.121s] Level 1:colcon.colcon_core.package_identification:_identify(src/project/project_simulation) by extensions ['ignore', 'ignore_ament_install']
[0.121s] Level 1:colcon.colcon_core.package_identification:_identify(src/project/project_simulation) by extension 'ignore'
[0.121s] Level 1:colcon.colcon_core.package_identification:_identify(src/project/project_simulation) by extension 'ignore_ament_install'
[0.121s] Level 1:colcon.colcon_core.package_identification:_identify(src/project/project_simulation) by extensions ['colcon_pkg']
[0.121s] Level 1:colcon.colcon_core.package_identification:_identify(src/project/project_simulation) by extension 'colcon_pkg'
[0.122s] Level 1:colcon.colcon_core.package_identification:_identify(src/project/project_simulation) by extensions ['colcon_meta']
[0.122s] Level 1:colcon.colcon_core.package_identification:_identify(src/project/project_simulation) by extension 'colcon_meta'
[0.122s] Level 1:colcon.colcon_core.package_identification:_identify(src/project/project_simulation) by extensions ['ros']
[0.122s] Level 1:colcon.colcon_core.package_identification:_identify(src/project/project_simulation) by extension 'ros'
[0.122s] DEBUG:colcon.colcon_core.package_identification:Package 'src/project/project_simulation' with type 'ros.ament_cmake' and name 'project_simulation'
[0.122s] Level 1:colcon.colcon_core.package_discovery:discover_packages(recursive) using defaults
[0.122s] Level 1:colcon.colcon_core.package_discovery:discover_packages(ignore) discover
[0.122s] Level 1:colcon.colcon_core.package_discovery:discover_packages(ignore) using defaults
[0.122s] Level 1:colcon.colcon_core.package_discovery:discover_packages(path) discover
[0.122s] Level 1:colcon.colcon_core.package_discovery:discover_packages(path) using defaults
[0.138s] Level 1:colcon.colcon_core.package_discovery:discover_packages(prefix_path) check parameters
[0.138s] Level 1:colcon.colcon_core.package_discovery:discover_packages(prefix_path) discover
[0.139s] DEBUG:colcon.colcon_installed_package_information.package_discovery:Found 5 installed packages in /home/maria/Documentos/GitHub/IR2134/rmf_ws/install
[0.140s] DEBUG:colcon.colcon_installed_package_information.package_discovery:Found 294 installed packages in /opt/ros/humble
[0.141s] Level 1:colcon.colcon_core.package_discovery:discover_packages(prefix_path) using defaults
[0.164s] Level 5:colcon.colcon_core.verb:set package 'project_maps' build argument 'cmake_args' from command line to 'None'
[0.164s] Level 5:colcon.colcon_core.verb:set package 'project_maps' build argument 'cmake_target' from command line to 'None'
[0.164s] Level 5:colcon.colcon_core.verb:set package 'project_maps' build argument 'cmake_target_skip_unavailable' from command line to 'False'
[0.164s] Level 5:colcon.colcon_core.verb:set package 'project_maps' build argument 'cmake_clean_cache' from command line to 'False'
[0.164s] Level 5:colcon.colcon_core.verb:set package 'project_maps' build argument 'cmake_clean_first' from command line to 'False'
[0.164s] Level 5:colcon.colcon_core.verb:set package 'project_maps' build argument 'cmake_force_configure' from command line to 'False'
[0.164s] Level 5:colcon.colcon_core.verb:set package 'project_maps' build argument 'ament_cmake_args' from command line to 'None'
[0.164s] Level 5:colcon.colcon_core.verb:set package 'project_maps' build argument 'catkin_cmake_args' from command line to 'None'
[0.164s] Level 5:colcon.colcon_core.verb:set package 'project_maps' build argument 'catkin_skip_building_tests' from command line to 'False'
[0.165s] DEBUG:colcon.colcon_core.verb:Building package 'project_maps' with the following arguments: {'ament_cmake_args': None, 'build_base': '/home/maria/Documentos/GitHub/IR2134/rmf_ws/build/project_maps', 'catkin_cmake_args': None, 'catkin_skip_building_tests': False, 'cmake_args': None, 'cmake_clean_cache': False, 'cmake_clean_first': False, 'cmake_force_configure': False, 'cmake_target': None, 'cmake_target_skip_unavailable': False, 'install_base': '/home/maria/Documentos/GitHub/IR2134/rmf_ws/install/project_maps', 'merge_install': False, 'path': '/home/maria/Documentos/GitHub/IR2134/rmf_ws/src/project/project_maps', 'symlink_install': False, 'test_result_base': None}
[0.165s] Level 5:colcon.colcon_core.verb:set package 'project_simulation' build argument 'cmake_args' from command line to 'None'
[0.165s] Level 5:colcon.colcon_core.verb:set package 'project_simulation' build argument 'cmake_target' from command line to 'None'
[0.165s] Level 5:colcon.colcon_core.verb:set package 'project_simulation' build argument 'cmake_target_skip_unavailable' from command line to 'False'
[0.165s] Level 5:colcon.colcon_core.verb:set package 'project_simulation' build argument 'cmake_clean_cache' from command line to 'False'
[0.165s] Level 5:colcon.colcon_core.verb:set package 'project_simulation' build argument 'cmake_clean_first' from command line to 'False'
[0.165s] Level 5:colcon.colcon_core.verb:set package 'project_simulation' build argument 'cmake_force_configure' from command line to 'False'
[0.165s] Level 5:colcon.colcon_core.verb:set package 'project_simulation' build argument 'ament_cmake_args' from command line to 'None'
[0.165s] Level 5:colcon.colcon_core.verb:set package 'project_simulation' build argument 'catkin_cmake_args' from command line to 'None'
[0.165s] Level 5:colcon.colcon_core.verb:set package 'project_simulation' build argument 'catkin_skip_building_tests' from command line to 'False'
[0.165s] DEBUG:colcon.colcon_core.verb:Building package 'project_simulation' with the following arguments: {'ament_cmake_args': None, 'build_base': '/home/maria/Documentos/GitHub/IR2134/rmf_ws/build/project_simulation', 'catkin_cmake_args': None, 'catkin_skip_building_tests': False, 'cmake_args': None, 'cmake_clean_cache': False, 'cmake_clean_first': False, 'cmake_force_configure': False, 'cmake_target': None, 'cmake_target_skip_unavailable': False, 'install_base': '/home/maria/Documentos/GitHub/IR2134/rmf_ws/install/project_simulation', 'merge_install': False, 'path': '/home/maria/Documentos/GitHub/IR2134/rmf_ws/src/project/project_simulation', 'symlink_install': False, 'test_result_base': None}
[0.165s] Level 5:colcon.colcon_core.verb:set package 'rmf_demos_assets' build argument 'cmake_args' from command line to 'None'
[0.165s] Level 5:colcon.colcon_core.verb:set package 'rmf_demos_assets' build argument 'cmake_target' from command line to 'None'
[0.165s] Level 5:colcon.colcon_core.verb:set package 'rmf_demos_assets' build argument 'cmake_target_skip_unavailable' from command line to 'False'
[0.165s] Level 5:colcon.colcon_core.verb:set package 'rmf_demos_assets' build argument 'cmake_clean_cache' from command line to 'False'
[0.165s] Level 5:colcon.colcon_core.verb:set package 'rmf_demos_assets' build argument 'cmake_clean_first' from command line to 'False'
[0.165s] Level 5:colcon.colcon_core.verb:set package 'rmf_demos_assets' build argument 'cmake_force_configure' from command line to 'False'
[0.165s] Level 5:colcon.colcon_core.verb:set package 'rmf_demos_assets' build argument 'ament_cmake_args' from command line to 'None'
[0.165s] Level 5:colcon.colcon_core.verb:set package 'rmf_demos_assets' build argument 'catkin_cmake_args' from command line to 'None'
[0.165s] Level 5:colcon.colcon_core.verb:set package 'rmf_demos_assets' build argument 'catkin_skip_building_tests' from command line to 'False'
[0.165s] DEBUG:colcon.colcon_core.verb:Building package 'rmf_demos_assets' with the following arguments: {'ament_cmake_args': None, 'build_base': '/home/maria/Documentos/GitHub/IR2134/rmf_ws/build/rmf_demos_assets', 'catkin_cmake_args': None, 'catkin_skip_building_tests': False, 'cmake_args': None, 'cmake_clean_cache': False, 'cmake_clean_first': False, 'cmake_force_configure': False, 'cmake_target': None, 'cmake_target_skip_unavailable': False, 'install_base': '/home/maria/Documentos/GitHub/IR2134/rmf_ws/install/rmf_demos_assets', 'merge_install': False, 'path': '/home/maria/Documentos/GitHub/IR2134/rmf_ws/src/project/project_assets', 'symlink_install': False, 'test_result_base': None}
[0.165s] Level 5:colcon.colcon_core.verb:set package 'rmf_demos_fleet_adapter' build argument 'cmake_args' from command line to 'None'
[0.165s] Level 5:colcon.colcon_core.verb:set package 'rmf_demos_fleet_adapter' build argument 'cmake_target' from command line to 'None'
[0.165s] Level 5:colcon.colcon_core.verb:set package 'rmf_demos_fleet_adapter' build argument 'cmake_target_skip_unavailable' from command line to 'False'
[0.165s] Level 5:colcon.colcon_core.verb:set package 'rmf_demos_fleet_adapter' build argument 'cmake_clean_cache' from command line to 'False'
[0.165s] Level 5:colcon.colcon_core.verb:set package 'rmf_demos_fleet_adapter' build argument 'cmake_clean_first' from command line to 'False'
[0.166s] Level 5:colcon.colcon_core.verb:set package 'rmf_demos_fleet_adapter' build argument 'cmake_force_configure' from command line to 'False'
[0.166s] Level 5:colcon.colcon_core.verb:set package 'rmf_demos_fleet_adapter' build argument 'ament_cmake_args' from command line to 'None'
[0.166s] Level 5:colcon.colcon_core.verb:set package 'rmf_demos_fleet_adapter' build argument 'catkin_cmake_args' from command line to 'None'
[0.166s] Level 5:colcon.colcon_core.verb:set package 'rmf_demos_fleet_adapter' build argument 'catkin_skip_building_tests' from command line to 'False'
[0.166s] DEBUG:colcon.colcon_core.verb:Building package 'rmf_demos_fleet_adapter' with the following arguments: {'ament_cmake_args': None, 'build_base': '/home/maria/Documentos/GitHub/IR2134/rmf_ws/build/rmf_demos_fleet_adapter', 'catkin_cmake_args': None, 'catkin_skip_building_tests': False, 'cmake_args': None, 'cmake_clean_cache': False, 'cmake_clean_first': False, 'cmake_force_configure': False, 'cmake_target': None, 'cmake_target_skip_unavailable': False, 'install_base': '/home/maria/Documentos/GitHub/IR2134/rmf_ws/install/rmf_demos_fleet_adapter', 'merge_install': False, 'path': '/home/maria/Documentos/GitHub/IR2134/rmf_ws/src/project/project_fleet_adapter', 'symlink_install': False, 'test_result_base': None}
[0.166s] Level 5:colcon.colcon_core.verb:set package 'project_config' build argument 'cmake_args' from command line to 'None'
[0.166s] Level 5:colcon.colcon_core.verb:set package 'project_config' build argument 'cmake_target' from command line to 'None'
[0.166s] Level 5:colcon.colcon_core.verb:set package 'project_config' build argument 'cmake_target_skip_unavailable' from command line to 'False'
[0.166s] Level 5:colcon.colcon_core.verb:set package 'project_config' build argument 'cmake_clean_cache' from command line to 'False'
[0.166s] Level 5:colcon.colcon_core.verb:set package 'project_config' build argument 'cmake_clean_first' from command line to 'False'
[0.166s] Level 5:colcon.colcon_core.verb:set package 'project_config' build argument 'cmake_force_configure' from command line to 'False'
[0.166s] Level 5:colcon.colcon_core.verb:set package 'project_config' build argument 'ament_cmake_args' from command line to 'None'
[0.166s] Level 5:colcon.colcon_core.verb:set package 'project_config' build argument 'catkin_cmake_args' from command line to 'None'
[0.166s] Level 5:colcon.colcon_core.verb:set package 'project_config' build argument 'catkin_skip_building_tests' from command line to 'False'
[0.166s] DEBUG:colcon.colcon_core.verb:Building package 'project_config' with the following arguments: {'ament_cmake_args': None, 'build_base': '/home/maria/Documentos/GitHub/IR2134/rmf_ws/build/project_config', 'catkin_cmake_args': None, 'catkin_skip_building_tests': False, 'cmake_args': None, 'cmake_clean_cache': False, 'cmake_clean_first': False, 'cmake_force_configure': False, 'cmake_target': None, 'cmake_target_skip_unavailable': False, 'install_base': '/home/maria/Documentos/GitHub/IR2134/rmf_ws/install/project_config', 'merge_install': False, 'path': '/home/maria/Documentos/GitHub/IR2134/rmf_ws/src/project/project_config', 'symlink_install': False, 'test_result_base': None}
[0.166s] INFO:colcon.colcon_core.executor:Executing jobs using 'parallel' executor
[0.167s] DEBUG:colcon.colcon_parallel_executor.executor.parallel:run_until_complete
[0.167s] INFO:colcon.colcon_ros.task.ament_cmake.build:Building ROS package in '/home/maria/Documentos/GitHub/IR2134/rmf_ws/src/project/project_maps' with build type 'ament_cmake'
[0.167s] INFO:colcon.colcon_cmake.task.cmake.build:Building CMake package in '/home/maria/Documentos/GitHub/IR2134/rmf_ws/src/project/project_maps'
[0.168s] INFO:colcon.colcon_core.plugin_system:Skipping extension 'colcon_core.shell.bat': Not used on non-Windows systems
[0.168s] INFO:colcon.colcon_core.shell:Skip shell extension 'powershell' for command environment: Not usable outside of PowerShell
[0.168s] DEBUG:colcon.colcon_core.shell:Skip shell extension 'dsv' for command environment
[0.171s] INFO:colcon.colcon_ros.task.ament_cmake.build:Building ROS package in '/home/maria/Documentos/GitHub/IR2134/rmf_ws/src/project/project_simulation' with build type 'ament_cmake'
[0.171s] INFO:colcon.colcon_cmake.task.cmake.build:Building CMake package in '/home/maria/Documentos/GitHub/IR2134/rmf_ws/src/project/project_simulation'
[0.171s] INFO:colcon.colcon_core.shell:Skip shell extension 'powershell' for command environment: Not usable outside of PowerShell
[0.171s] DEBUG:colcon.colcon_core.shell:Skip shell extension 'dsv' for command environment
[0.173s] INFO:colcon.colcon_ros.task.ament_cmake.build:Building ROS package in '/home/maria/Documentos/GitHub/IR2134/rmf_ws/src/project/project_assets' with build type 'ament_cmake'
[0.173s] INFO:colcon.colcon_cmake.task.cmake.build:Building CMake package in '/home/maria/Documentos/GitHub/IR2134/rmf_ws/src/project/project_assets'
[0.173s] INFO:colcon.colcon_core.shell:Skip shell extension 'powershell' for command environment: Not usable outside of PowerShell
[0.173s] DEBUG:colcon.colcon_core.shell:Skip shell extension 'dsv' for command environment
[0.176s] INFO:colcon.colcon_ros.task.ament_python.build:Building ROS package in '/home/maria/Documentos/GitHub/IR2134/rmf_ws/src/project/project_fleet_adapter' with build type 'ament_python'
[0.176s] Level 1:colcon.colcon_core.shell:create_environment_hook('rmf_demos_fleet_adapter', 'ament_prefix_path')
[0.176s] INFO:colcon.colcon_core.shell:Creating environment hook '/home/maria/Documentos/GitHub/IR2134/rmf_ws/install/rmf_demos_fleet_adapter/share/rmf_demos_fleet_adapter/hook/ament_prefix_path.ps1'
[0.176s] INFO:colcon.colcon_core.shell:Creating environment descriptor '/home/maria/Documentos/GitHub/IR2134/rmf_ws/install/rmf_demos_fleet_adapter/share/rmf_demos_fleet_adapter/hook/ament_prefix_path.dsv'
[0.177s] INFO:colcon.colcon_core.shell:Creating environment hook '/home/maria/Documentos/GitHub/IR2134/rmf_ws/install/rmf_demos_fleet_adapter/share/rmf_demos_fleet_adapter/hook/ament_prefix_path.sh'
[0.177s] INFO:colcon.colcon_core.shell:Skip shell extension 'powershell' for command environment: Not usable outside of PowerShell
[0.177s] DEBUG:colcon.colcon_core.shell:Skip shell extension 'dsv' for command environment
[0.182s] DEBUG:colcon.colcon_core.event_handler.log_command:Invoking command in '/home/maria/Documentos/GitHub/IR2134/rmf_ws/build/project_maps': CMAKE_PREFIX_PATH=${CMAKE_PREFIX_PATH}:/home/maria/Documentos/GitHub/IR2134/rmf_ws/install/rmf_demos_fleet_adapter:/opt/ros/humble /usr/bin/cmake --build /home/maria/Documentos/GitHub/IR2134/rmf_ws/build/project_maps -- -j8 -l8
[0.184s] DEBUG:colcon.colcon_core.event_handler.log_command:Invoking command in '/home/maria/Documentos/GitHub/IR2134/rmf_ws/build/project_simulation': CMAKE_PREFIX_PATH=${CMAKE_PREFIX_PATH}:/home/maria/Documentos/GitHub/IR2134/rmf_ws/install/rmf_demos_fleet_adapter:/opt/ros/humble /usr/bin/cmake --build /home/maria/Documentos/GitHub/IR2134/rmf_ws/build/project_simulation -- -j8 -l8
[0.186s] DEBUG:colcon.colcon_core.event_handler.log_command:Invoking command in '/home/maria/Documentos/GitHub/IR2134/rmf_ws/build/rmf_demos_assets': CMAKE_PREFIX_PATH=${CMAKE_PREFIX_PATH}:/home/maria/Documentos/GitHub/IR2134/rmf_ws/install/rmf_demos_fleet_adapter:/opt/ros/humble /usr/bin/cmake --build /home/maria/Documentos/GitHub/IR2134/rmf_ws/build/rmf_demos_assets -- -j8 -l8
[0.349s] INFO:colcon.colcon_core.task.python.build:Building Python package in '/home/maria/Documentos/GitHub/IR2134/rmf_ws/src/project/project_fleet_adapter'
[0.349s] INFO:colcon.colcon_core.shell:Skip shell extension 'powershell' for command environment: Not usable outside of PowerShell
[0.349s] DEBUG:colcon.colcon_core.shell:Skip shell extension 'dsv' for command environment
[0.352s] DEBUG:colcon.colcon_core.event_handler.log_command:Invoked command in '/home/maria/Documentos/GitHub/IR2134/rmf_ws/build/project_maps' returned '0': CMAKE_PREFIX_PATH=${CMAKE_PREFIX_PATH}:/home/maria/Documentos/GitHub/IR2134/rmf_ws/install/rmf_demos_fleet_adapter:/opt/ros/humble /usr/bin/cmake --build /home/maria/Documentos/GitHub/IR2134/rmf_ws/build/project_maps -- -j8 -l8
[0.359s] DEBUG:colcon.colcon_core.event_handler.log_command:Invoking command in '/home/maria/Documentos/GitHub/IR2134/rmf_ws/build/project_maps': CMAKE_PREFIX_PATH=${CMAKE_PREFIX_PATH}:/home/maria/Documentos/GitHub/IR2134/rmf_ws/install/rmf_demos_fleet_adapter:/opt/ros/humble /usr/bin/cmake --install /home/maria/Documentos/GitHub/IR2134/rmf_ws/build/project_maps
[0.360s] DEBUG:colcon.colcon_core.event_handler.log_command:Invoked command in '/home/maria/Documentos/GitHub/IR2134/rmf_ws/build/rmf_demos_assets' returned '0': CMAKE_PREFIX_PATH=${CMAKE_PREFIX_PATH}:/home/maria/Documentos/GitHub/IR2134/rmf_ws/install/rmf_demos_fleet_adapter:/opt/ros/humble /usr/bin/cmake --build /home/maria/Documentos/GitHub/IR2134/rmf_ws/build/rmf_demos_assets -- -j8 -l8
[0.361s] DEBUG:colcon.colcon_core.event_handler.log_command:Invoking command in '/home/maria/Documentos/GitHub/IR2134/rmf_ws/build/rmf_demos_assets': CMAKE_PREFIX_PATH=${CMAKE_PREFIX_PATH}:/home/maria/Documentos/GitHub/IR2134/rmf_ws/install/rmf_demos_fleet_adapter:/opt/ros/humble /usr/bin/cmake --install /home/maria/Documentos/GitHub/IR2134/rmf_ws/build/rmf_demos_assets
[0.363s] DEBUG:colcon.colcon_core.event_handler.log_command:Invoked command in '/home/maria/Documentos/GitHub/IR2134/rmf_ws/build/project_simulation' returned '0': CMAKE_PREFIX_PATH=${CMAKE_PREFIX_PATH}:/home/maria/Documentos/GitHub/IR2134/rmf_ws/install/rmf_demos_fleet_adapter:/opt/ros/humble /usr/bin/cmake --build /home/maria/Documentos/GitHub/IR2134/rmf_ws/build/project_simulation -- -j8 -l8
[0.364s] DEBUG:colcon.colcon_core.event_handler.log_command:Invoking command in '/home/maria/Documentos/GitHub/IR2134/rmf_ws/build/project_simulation': CMAKE_PREFIX_PATH=${CMAKE_PREFIX_PATH}:/home/maria/Documentos/GitHub/IR2134/rmf_ws/install/rmf_demos_fleet_adapter:/opt/ros/humble /usr/bin/cmake --install /home/maria/Documentos/GitHub/IR2134/rmf_ws/build/project_simulation
[0.367s] Level 1:colcon.colcon_core.environment:create_environment_scripts_only(project_maps)
[0.374s] DEBUG:colcon.colcon_core.event_handler.log_command:Invoked command in '/home/maria/Documentos/GitHub/IR2134/rmf_ws/build/project_maps' returned '0': CMAKE_PREFIX_PATH=${CMAKE_PREFIX_PATH}:/home/maria/Documentos/GitHub/IR2134/rmf_ws/install/rmf_demos_fleet_adapter:/opt/ros/humble /usr/bin/cmake --install /home/maria/Documentos/GitHub/IR2134/rmf_ws/build/project_maps
[0.378s] Level 1:colcon.colcon_core.environment:checking '/home/maria/Documentos/GitHub/IR2134/rmf_ws/install/project_maps' for CMake module files
[0.378s] Level 1:colcon.colcon_core.environment:checking '/home/maria/Documentos/GitHub/IR2134/rmf_ws/install/project_maps' for CMake config files
[0.378s] Level 1:colcon.colcon_core.shell:create_environment_hook('project_maps', 'cmake_prefix_path')
[0.379s] INFO:colcon.colcon_core.shell:Creating environment hook '/home/maria/Documentos/GitHub/IR2134/rmf_ws/install/project_maps/share/project_maps/hook/cmake_prefix_path.ps1'
[0.379s] INFO:colcon.colcon_core.shell:Creating environment descriptor '/home/maria/Documentos/GitHub/IR2134/rmf_ws/install/project_maps/share/project_maps/hook/cmake_prefix_path.dsv'
[0.380s] INFO:colcon.colcon_core.shell:Creating environment hook '/home/maria/Documentos/GitHub/IR2134/rmf_ws/install/project_maps/share/project_maps/hook/cmake_prefix_path.sh'
[0.380s] Level 1:colcon.colcon_core.environment:checking '/home/maria/Documentos/GitHub/IR2134/rmf_ws/install/project_maps/bin'
[0.380s] Level 1:colcon.colcon_core.environment:checking '/home/maria/Documentos/GitHub/IR2134/rmf_ws/install/project_maps/lib/pkgconfig/project_maps.pc'
[0.381s] Level 1:colcon.colcon_core.environment:checking '/home/maria/Documentos/GitHub/IR2134/rmf_ws/install/project_maps/lib/python3.10/site-packages'
[0.381s] Level 1:colcon.colcon_core.environment:checking '/home/maria/Documentos/GitHub/IR2134/rmf_ws/install/project_maps/bin'
[0.381s] INFO:colcon.colcon_core.shell:Creating package script '/home/maria/Documentos/GitHub/IR2134/rmf_ws/install/project_maps/share/project_maps/package.ps1'
[0.382s] INFO:colcon.colcon_core.shell:Creating package descriptor '/home/maria/Documentos/GitHub/IR2134/rmf_ws/install/project_maps/share/project_maps/package.dsv'
[0.383s] INFO:colcon.colcon_core.shell:Creating package script '/home/maria/Documentos/GitHub/IR2134/rmf_ws/install/project_maps/share/project_maps/package.sh'
[0.384s] INFO:colcon.colcon_core.shell:Creating package script '/home/maria/Documentos/GitHub/IR2134/rmf_ws/install/project_maps/share/project_maps/package.bash'
[0.384s] INFO:colcon.colcon_core.shell:Creating package script '/home/maria/Documentos/GitHub/IR2134/rmf_ws/install/project_maps/share/project_maps/package.zsh'
[0.385s] Level 1:colcon.colcon_core.environment:create_file_with_runtime_dependencies(/home/maria/Documentos/GitHub/IR2134/rmf_ws/install/project_maps/share/colcon-core/packages/project_maps)
[0.386s] Level 1:colcon.colcon_core.environment:create_environment_scripts_only(project_maps)
[0.386s] Level 1:colcon.colcon_core.environment:checking '/home/maria/Documentos/GitHub/IR2134/rmf_ws/install/project_maps' for CMake module files
[0.386s] Level 1:colcon.colcon_core.environment:checking '/home/maria/Documentos/GitHub/IR2134/rmf_ws/install/project_maps' for CMake config files
[0.387s] Level 1:colcon.colcon_core.shell:create_environment_hook('project_maps', 'cmake_prefix_path')
[0.387s] INFO:colcon.colcon_core.shell:Creating environment hook '/home/maria/Documentos/GitHub/IR2134/rmf_ws/install/project_maps/share/project_maps/hook/cmake_prefix_path.ps1'
[0.387s] INFO:colcon.colcon_core.shell:Creating environment descriptor '/home/maria/Documentos/GitHub/IR2134/rmf_ws/install/project_maps/share/project_maps/hook/cmake_prefix_path.dsv'
[0.388s] INFO:colcon.colcon_core.shell:Creating environment hook '/home/maria/Documentos/GitHub/IR2134/rmf_ws/install/project_maps/share/project_maps/hook/cmake_prefix_path.sh'
[0.388s] Level 1:colcon.colcon_core.environment:checking '/home/maria/Documentos/GitHub/IR2134/rmf_ws/install/project_maps/bin'
[0.388s] Level 1:colcon.colcon_core.environment:checking '/home/maria/Documentos/GitHub/IR2134/rmf_ws/install/project_maps/lib/pkgconfig/project_maps.pc'
[0.389s] Level 1:colcon.colcon_core.environment:checking '/home/maria/Documentos/GitHub/IR2134/rmf_ws/install/project_maps/lib/python3.10/site-packages'
[0.389s] Level 1:colcon.colcon_core.environment:checking '/home/maria/Documentos/GitHub/IR2134/rmf_ws/install/project_maps/bin'
[0.389s] INFO:colcon.colcon_core.shell:Creating package script '/home/maria/Documentos/GitHub/IR2134/rmf_ws/install/project_maps/share/project_maps/package.ps1'
[0.390s] INFO:colcon.colcon_core.shell:Creating package descriptor '/home/maria/Documentos/GitHub/IR2134/rmf_ws/install/project_maps/share/project_maps/package.dsv'
[0.390s] INFO:colcon.colcon_core.shell:Creating package script '/home/maria/Documentos/GitHub/IR2134/rmf_ws/install/project_maps/share/project_maps/package.sh'
[0.391s] INFO:colcon.colcon_core.shell:Creating package script '/home/maria/Documentos/GitHub/IR2134/rmf_ws/install/project_maps/share/project_maps/package.bash'
[0.391s] INFO:colcon.colcon_core.shell:Creating package script '/home/maria/Documentos/GitHub/IR2134/rmf_ws/install/project_maps/share/project_maps/package.zsh'
[0.391s] Level 1:colcon.colcon_core.environment:create_file_with_runtime_dependencies(/home/maria/Documentos/GitHub/IR2134/rmf_ws/install/project_maps/share/colcon-core/packages/project_maps)
[0.392s] INFO:colcon.colcon_ros.task.ament_cmake.build:Building ROS package in '/home/maria/Documentos/GitHub/IR2134/rmf_ws/src/project/project_config' with build type 'ament_cmake'
[0.392s] INFO:colcon.colcon_cmake.task.cmake.build:Building CMake package in '/home/maria/Documentos/GitHub/IR2134/rmf_ws/src/project/project_config'
[0.392s] INFO:colcon.colcon_core.shell:Skip shell extension 'powershell' for command environment: Not usable outside of PowerShell
[0.392s] DEBUG:colcon.colcon_core.shell:Skip shell extension 'dsv' for command environment
[0.397s] Level 1:colcon.colcon_core.environment:create_environment_scripts_only(rmf_demos_assets)
[0.397s] Level 1:colcon.colcon_core.environment:checking '/home/maria/Documentos/GitHub/IR2134/rmf_ws/install/rmf_demos_assets' for CMake module files
[0.397s] DEBUG:colcon.colcon_core.event_handler.log_command:Invoked command in '/home/maria/Documentos/GitHub/IR2134/rmf_ws/build/rmf_demos_assets' returned '0': CMAKE_PREFIX_PATH=${CMAKE_PREFIX_PATH}:/home/maria/Documentos/GitHub/IR2134/rmf_ws/install/rmf_demos_fleet_adapter:/opt/ros/humble /usr/bin/cmake --install /home/maria/Documentos/GitHub/IR2134/rmf_ws/build/rmf_demos_assets
[0.398s] Level 1:colcon.colcon_core.environment:checking '/home/maria/Documentos/GitHub/IR2134/rmf_ws/install/rmf_demos_assets' for CMake config files
[0.398s] Level 1:colcon.colcon_core.shell:create_environment_hook('rmf_demos_assets', 'cmake_prefix_path')
[0.399s] INFO:colcon.colcon_core.shell:Creating environment hook '/home/maria/Documentos/GitHub/IR2134/rmf_ws/install/rmf_demos_assets/share/rmf_demos_assets/hook/cmake_prefix_path.ps1'
[0.399s] INFO:colcon.colcon_core.shell:Creating environment descriptor '/home/maria/Documentos/GitHub/IR2134/rmf_ws/install/rmf_demos_assets/share/rmf_demos_assets/hook/cmake_prefix_path.dsv'
[0.399s] INFO:colcon.colcon_core.shell:Creating environment hook '/home/maria/Documentos/GitHub/IR2134/rmf_ws/install/rmf_demos_assets/share/rmf_demos_assets/hook/cmake_prefix_path.sh'
[0.400s] Level 1:colcon.colcon_core.environment:checking '/home/maria/Documentos/GitHub/IR2134/rmf_ws/install/rmf_demos_assets/bin'
[0.400s] Level 1:colcon.colcon_core.environment:checking '/home/maria/Documentos/GitHub/IR2134/rmf_ws/install/rmf_demos_assets/lib/pkgconfig/rmf_demos_assets.pc'
[0.400s] Level 1:colcon.colcon_core.environment:checking '/home/maria/Documentos/GitHub/IR2134/rmf_ws/install/rmf_demos_assets/lib/python3.10/site-packages'
[0.401s] Level 1:colcon.colcon_core.environment:checking '/home/maria/Documentos/GitHub/IR2134/rmf_ws/install/rmf_demos_assets/bin'
[0.401s] INFO:colcon.colcon_core.shell:Creating package script '/home/maria/Documentos/GitHub/IR2134/rmf_ws/install/rmf_demos_assets/share/rmf_demos_assets/package.ps1'
[0.401s] INFO:colcon.colcon_core.shell:Creating package descriptor '/home/maria/Documentos/GitHub/IR2134/rmf_ws/install/rmf_demos_assets/share/rmf_demos_assets/package.dsv'
[0.402s] INFO:colcon.colcon_core.shell:Creating package script '/home/maria/Documentos/GitHub/IR2134/rmf_ws/install/rmf_demos_assets/share/rmf_demos_assets/package.sh'
[0.402s] INFO:colcon.colcon_core.shell:Creating package script '/home/maria/Documentos/GitHub/IR2134/rmf_ws/install/rmf_demos_assets/share/rmf_demos_assets/package.bash'
[0.402s] INFO:colcon.colcon_core.shell:Creating package script '/home/maria/Documentos/GitHub/IR2134/rmf_ws/install/rmf_demos_assets/share/rmf_demos_assets/package.zsh'
[0.403s] Level 1:colcon.colcon_core.environment:create_file_with_runtime_dependencies(/home/maria/Documentos/GitHub/IR2134/rmf_ws/install/rmf_demos_assets/share/colcon-core/packages/rmf_demos_assets)
[0.403s] Level 1:colcon.colcon_core.environment:create_environment_scripts_only(rmf_demos_assets)
[0.403s] Level 1:colcon.colcon_core.environment:checking '/home/maria/Documentos/GitHub/IR2134/rmf_ws/install/rmf_demos_assets' for CMake module files
[0.404s] Level 1:colcon.colcon_core.environment:checking '/home/maria/Documentos/GitHub/IR2134/rmf_ws/install/rmf_demos_assets' for CMake config files
[0.404s] Level 1:colcon.colcon_core.shell:create_environment_hook('rmf_demos_assets', 'cmake_prefix_path')
[0.405s] INFO:colcon.colcon_core.shell:Creating environment hook '/home/maria/Documentos/GitHub/IR2134/rmf_ws/install/rmf_demos_assets/share/rmf_demos_assets/hook/cmake_prefix_path.ps1'
[0.405s] INFO:colcon.colcon_core.shell:Creating environment descriptor '/home/maria/Documentos/GitHub/IR2134/rmf_ws/install/rmf_demos_assets/share/rmf_demos_assets/hook/cmake_prefix_path.dsv'
[0.406s] INFO:colcon.colcon_core.shell:Creating environment hook '/home/maria/Documentos/GitHub/IR2134/rmf_ws/install/rmf_demos_assets/share/rmf_demos_assets/hook/cmake_prefix_path.sh'
[0.406s] Level 1:colcon.colcon_core.environment:checking '/home/maria/Documentos/GitHub/IR2134/rmf_ws/install/rmf_demos_assets/bin'
[0.406s] Level 1:colcon.colcon_core.environment:checking '/home/maria/Documentos/GitHub/IR2134/rmf_ws/install/rmf_demos_assets/lib/pkgconfig/rmf_demos_assets.pc'
[0.406s] Level 1:colcon.colcon_core.environment:checking '/home/maria/Documentos/GitHub/IR2134/rmf_ws/install/rmf_demos_assets/lib/python3.10/site-packages'
[0.407s] Level 1:colcon.colcon_core.environment:checking '/home/maria/Documentos/GitHub/IR2134/rmf_ws/install/rmf_demos_assets/bin'
[0.407s] INFO:colcon.colcon_core.shell:Creating package script '/home/maria/Documentos/GitHub/IR2134/rmf_ws/install/rmf_demos_assets/share/rmf_demos_assets/package.ps1'
[0.408s] INFO:colcon.colcon_core.shell:Creating package descriptor '/home/maria/Documentos/GitHub/IR2134/rmf_ws/install/rmf_demos_assets/share/rmf_demos_assets/package.dsv'
[0.408s] INFO:colcon.colcon_core.shell:Creating package script '/home/maria/Documentos/GitHub/IR2134/rmf_ws/install/rmf_demos_assets/share/rmf_demos_assets/package.sh'
[0.409s] INFO:colcon.colcon_core.shell:Creating package script '/home/maria/Documentos/GitHub/IR2134/rmf_ws/install/rmf_demos_assets/share/rmf_demos_assets/package.bash'
[0.409s] INFO:colcon.colcon_core.shell:Creating package script '/home/maria/Documentos/GitHub/IR2134/rmf_ws/install/rmf_demos_assets/share/rmf_demos_assets/package.zsh'
[0.409s] Level 1:colcon.colcon_core.environment:create_file_with_runtime_dependencies(/home/maria/Documentos/GitHub/IR2134/rmf_ws/install/rmf_demos_assets/share/colcon-core/packages/rmf_demos_assets)
[0.410s] Level 1:colcon.colcon_core.environment:create_environment_scripts_only(project_simulation)
[0.410s] Level 1:colcon.colcon_core.environment:checking '/home/maria/Documentos/GitHub/IR2134/rmf_ws/install/project_simulation' for CMake module files
[0.411s] DEBUG:colcon.colcon_core.event_handler.log_command:Invoked command in '/home/maria/Documentos/GitHub/IR2134/rmf_ws/build/project_simulation' returned '0': CMAKE_PREFIX_PATH=${CMAKE_PREFIX_PATH}:/home/maria/Documentos/GitHub/IR2134/rmf_ws/install/rmf_demos_fleet_adapter:/opt/ros/humble /usr/bin/cmake --install /home/maria/Documentos/GitHub/IR2134/rmf_ws/build/project_simulation
[0.411s] Level 1:colcon.colcon_core.environment:checking '/home/maria/Documentos/GitHub/IR2134/rmf_ws/install/project_simulation' for CMake config files
[0.411s] Level 1:colcon.colcon_core.shell:create_environment_hook('project_simulation', 'cmake_prefix_path')
[0.412s] INFO:colcon.colcon_core.shell:Creating environment hook '/home/maria/Documentos/GitHub/IR2134/rmf_ws/install/project_simulation/share/project_simulation/hook/cmake_prefix_path.ps1'
[0.412s] INFO:colcon.colcon_core.shell:Creating environment descriptor '/home/maria/Documentos/GitHub/IR2134/rmf_ws/install/project_simulation/share/project_simulation/hook/cmake_prefix_path.dsv'
[0.412s] INFO:colcon.colcon_core.shell:Creating environment hook '/home/maria/Documentos/GitHub/IR2134/rmf_ws/install/project_simulation/share/project_simulation/hook/cmake_prefix_path.sh'
[0.413s] Level 1:colcon.colcon_core.environment:checking '/home/maria/Documentos/GitHub/IR2134/rmf_ws/install/project_simulation/bin'
[0.413s] Level 1:colcon.colcon_core.environment:checking '/home/maria/Documentos/GitHub/IR2134/rmf_ws/install/project_simulation/lib/pkgconfig/project_simulation.pc'
[0.413s] Level 1:colcon.colcon_core.environment:checking '/home/maria/Documentos/GitHub/IR2134/rmf_ws/install/project_simulation/lib/python3.10/site-packages'
[0.413s] Level 1:colcon.colcon_core.environment:checking '/home/maria/Documentos/GitHub/IR2134/rmf_ws/install/project_simulation/bin'
[0.414s] INFO:colcon.colcon_core.shell:Creating package script '/home/maria/Documentos/GitHub/IR2134/rmf_ws/install/project_simulation/share/project_simulation/package.ps1'
[0.414s] INFO:colcon.colcon_core.shell:Creating package descriptor '/home/maria/Documentos/GitHub/IR2134/rmf_ws/install/project_simulation/share/project_simulation/package.dsv'
[0.415s] INFO:colcon.colcon_core.shell:Creating package script '/home/maria/Documentos/GitHub/IR2134/rmf_ws/install/project_simulation/share/project_simulation/package.sh'
[0.415s] INFO:colcon.colcon_core.shell:Creating package script '/home/maria/Documentos/GitHub/IR2134/rmf_ws/install/project_simulation/share/project_simulation/package.bash'
[0.415s] INFO:colcon.colcon_core.shell:Creating package script '/home/maria/Documentos/GitHub/IR2134/rmf_ws/install/project_simulation/share/project_simulation/package.zsh'
[0.415s] Level 1:colcon.colcon_core.environment:create_file_with_runtime_dependencies(/home/maria/Documentos/GitHub/IR2134/rmf_ws/install/project_simulation/share/colcon-core/packages/project_simulation)
[0.416s] Level 1:colcon.colcon_core.environment:create_environment_scripts_only(project_simulation)
[0.416s] Level 1:colcon.colcon_core.environment:checking '/home/maria/Documentos/GitHub/IR2134/rmf_ws/install/project_simulation' for CMake module files
[0.416s] Level 1:colcon.colcon_core.environment:checking '/home/maria/Documentos/GitHub/IR2134/rmf_ws/install/project_simulation' for CMake config files
[0.416s] Level 1:colcon.colcon_core.shell:create_environment_hook('project_simulation', 'cmake_prefix_path')
[0.416s] INFO:colcon.colcon_core.shell:Creating environment hook '/home/maria/Documentos/GitHub/IR2134/rmf_ws/install/project_simulation/share/project_simulation/hook/cmake_prefix_path.ps1'
[0.417s] INFO:colcon.colcon_core.shell:Creating environment descriptor '/home/maria/Documentos/GitHub/IR2134/rmf_ws/install/project_simulation/share/project_simulation/hook/cmake_prefix_path.dsv'
[0.417s] INFO:colcon.colcon_core.shell:Creating environment hook '/home/maria/Documentos/GitHub/IR2134/rmf_ws/install/project_simulation/share/project_simulation/hook/cmake_prefix_path.sh'
[0.417s] Level 1:colcon.colcon_core.environment:checking '/home/maria/Documentos/GitHub/IR2134/rmf_ws/install/project_simulation/bin'
[0.417s] Level 1:colcon.colcon_core.environment:checking '/home/maria/Documentos/GitHub/IR2134/rmf_ws/install/project_simulation/lib/pkgconfig/project_simulation.pc'
[0.417s] Level 1:colcon.colcon_core.environment:checking '/home/maria/Documentos/GitHub/IR2134/rmf_ws/install/project_simulation/lib/python3.10/site-packages'
[0.418s] Level 1:colcon.colcon_core.environment:checking '/home/maria/Documentos/GitHub/IR2134/rmf_ws/install/project_simulation/bin'
[0.418s] INFO:colcon.colcon_core.shell:Creating package script '/home/maria/Documentos/GitHub/IR2134/rmf_ws/install/project_simulation/share/project_simulation/package.ps1'
[0.418s] INFO:colcon.colcon_core.shell:Creating package descriptor '/home/maria/Documentos/GitHub/IR2134/rmf_ws/install/project_simulation/share/project_simulation/package.dsv'
[0.418s] INFO:colcon.colcon_core.shell:Creating package script '/home/maria/Documentos/GitHub/IR2134/rmf_ws/install/project_simulation/share/project_simulation/package.sh'
[0.419s] INFO:colcon.colcon_core.shell:Creating package script '/home/maria/Documentos/GitHub/IR2134/rmf_ws/install/project_simulation/share/project_simulation/package.bash'
[0.419s] INFO:colcon.colcon_core.shell:Creating package script '/home/maria/Documentos/GitHub/IR2134/rmf_ws/install/project_simulation/share/project_simulation/package.zsh'
[0.419s] Level 1:colcon.colcon_core.environment:create_file_with_runtime_dependencies(/home/maria/Documentos/GitHub/IR2134/rmf_ws/install/project_simulation/share/colcon-core/packages/project_simulation)
[0.422s] DEBUG:colcon.colcon_core.event_handler.log_command:Invoking command in '/home/maria/Documentos/GitHub/IR2134/rmf_ws/build/project_config': CMAKE_PREFIX_PATH=/home/maria/Documentos/GitHub/IR2134/rmf_ws/install/project_maps:/home/maria/Documentos/GitHub/IR2134/rmf_ws/install/rmf_demos_assets:/home/maria/Documentos/GitHub/IR2134/rmf_ws/install/project_simulation:/home/maria/Documentos/GitHub/IR2134/rmf_ws/install/project_config:/home/maria/Documentos/GitHub/IR2134/rmf_ws/install/rmf_demos_fleet_adapter:/opt/ros/humble /usr/bin/cmake --build /home/maria/Documentos/GitHub/IR2134/rmf_ws/build/project_config -- -j8 -l8
[0.449s] DEBUG:colcon.colcon_core.event_handler.log_command:Invoked command in '/home/maria/Documentos/GitHub/IR2134/rmf_ws/build/project_config' returned '0': CMAKE_PREFIX_PATH=/home/maria/Documentos/GitHub/IR2134/rmf_ws/install/project_maps:/home/maria/Documentos/GitHub/IR2134/rmf_ws/install/rmf_demos_assets:/home/maria/Documentos/GitHub/IR2134/rmf_ws/install/project_simulation:/home/maria/Documentos/GitHub/IR2134/rmf_ws/install/project_config:/home/maria/Documentos/GitHub/IR2134/rmf_ws/install/rmf_demos_fleet_adapter:/opt/ros/humble /usr/bin/cmake --build /home/maria/Documentos/GitHub/IR2134/rmf_ws/build/project_config -- -j8 -l8
[0.450s] DEBUG:colcon.colcon_core.event_handler.log_command:Invoking command in '/home/maria/Documentos/GitHub/IR2134/rmf_ws/build/project_config': CMAKE_PREFIX_PATH=/home/maria/Documentos/GitHub/IR2134/rmf_ws/install/project_maps:/home/maria/Documentos/GitHub/IR2134/rmf_ws/install/rmf_demos_assets:/home/maria/Documentos/GitHub/IR2134/rmf_ws/install/project_simulation:/home/maria/Documentos/GitHub/IR2134/rmf_ws/install/project_config:/home/maria/Documentos/GitHub/IR2134/rmf_ws/install/rmf_demos_fleet_adapter:/opt/ros/humble /usr/bin/cmake --install /home/maria/Documentos/GitHub/IR2134/rmf_ws/build/project_config
[0.456s] Level 1:colcon.colcon_core.environment:create_environment_scripts_only(project_config)
[0.457s] Level 1:colcon.colcon_core.environment:checking '/home/maria/Documentos/GitHub/IR2134/rmf_ws/install/project_config' for CMake module files
[0.457s] DEBUG:colcon.colcon_core.event_handler.log_command:Invoked command in '/home/maria/Documentos/GitHub/IR2134/rmf_ws/build/project_config' returned '0': CMAKE_PREFIX_PATH=/home/maria/Documentos/GitHub/IR2134/rmf_ws/install/project_maps:/home/maria/Documentos/GitHub/IR2134/rmf_ws/install/rmf_demos_assets:/home/maria/Documentos/GitHub/IR2134/rmf_ws/install/project_simulation:/home/maria/Documentos/GitHub/IR2134/rmf_ws/install/project_config:/home/maria/Documentos/GitHub/IR2134/rmf_ws/install/rmf_demos_fleet_adapter:/opt/ros/humble /usr/bin/cmake --install /home/maria/Documentos/GitHub/IR2134/rmf_ws/build/project_config
[0.457s] Level 1:colcon.colcon_core.environment:checking '/home/maria/Documentos/GitHub/IR2134/rmf_ws/install/project_config' for CMake config files
[0.458s] Level 1:colcon.colcon_core.shell:create_environment_hook('project_config', 'cmake_prefix_path')
[0.458s] INFO:colcon.colcon_core.shell:Creating environment hook '/home/maria/Documentos/GitHub/IR2134/rmf_ws/install/project_config/share/project_config/hook/cmake_prefix_path.ps1'
[0.458s] INFO:colcon.colcon_core.shell:Creating environment descriptor '/home/maria/Documentos/GitHub/IR2134/rmf_ws/install/project_config/share/project_config/hook/cmake_prefix_path.dsv'
[0.458s] INFO:colcon.colcon_core.shell:Creating environment hook '/home/maria/Documentos/GitHub/IR2134/rmf_ws/install/project_config/share/project_config/hook/cmake_prefix_path.sh'
[0.459s] Level 1:colcon.colcon_core.environment:checking '/home/maria/Documentos/GitHub/IR2134/rmf_ws/install/project_config/bin'
[0.459s] Level 1:colcon.colcon_core.environment:checking '/home/maria/Documentos/GitHub/IR2134/rmf_ws/install/project_config/lib/pkgconfig/project_config.pc'
[0.459s] Level 1:colcon.colcon_core.environment:checking '/home/maria/Documentos/GitHub/IR2134/rmf_ws/install/project_config/lib/python3.10/site-packages'
[0.459s] Level 1:colcon.colcon_core.environment:checking '/home/maria/Documentos/GitHub/IR2134/rmf_ws/install/project_config/bin'
[0.459s] INFO:colcon.colcon_core.shell:Creating package script '/home/maria/Documentos/GitHub/IR2134/rmf_ws/install/project_config/share/project_config/package.ps1'
[0.460s] INFO:colcon.colcon_core.shell:Creating package descriptor '/home/maria/Documentos/GitHub/IR2134/rmf_ws/install/project_config/share/project_config/package.dsv'
[0.460s] INFO:colcon.colcon_core.shell:Creating package script '/home/maria/Documentos/GitHub/IR2134/rmf_ws/install/project_config/share/project_config/package.sh'
[0.460s] INFO:colcon.colcon_core.shell:Creating package script '/home/maria/Documentos/GitHub/IR2134/rmf_ws/install/project_config/share/project_config/package.bash'
[0.460s] INFO:colcon.colcon_core.shell:Creating package script '/home/maria/Documentos/GitHub/IR2134/rmf_ws/install/project_config/share/project_config/package.zsh'
[0.461s] Level 1:colcon.colcon_core.environment:create_file_with_runtime_dependencies(/home/maria/Documentos/GitHub/IR2134/rmf_ws/install/project_config/share/colcon-core/packages/project_config)
[0.461s] Level 1:colcon.colcon_core.environment:create_environment_scripts_only(project_config)
[0.461s] Level 1:colcon.colcon_core.environment:checking '/home/maria/Documentos/GitHub/IR2134/rmf_ws/install/project_config' for CMake module files
[0.461s] Level 1:colcon.colcon_core.environment:checking '/home/maria/Documentos/GitHub/IR2134/rmf_ws/install/project_config' for CMake config files
[0.461s] Level 1:colcon.colcon_core.shell:create_environment_hook('project_config', 'cmake_prefix_path')
[0.462s] INFO:colcon.colcon_core.shell:Creating environment hook '/home/maria/Documentos/GitHub/IR2134/rmf_ws/install/project_config/share/project_config/hook/cmake_prefix_path.ps1'
[0.462s] INFO:colcon.colcon_core.shell:Creating environment descriptor '/home/maria/Documentos/GitHub/IR2134/rmf_ws/install/project_config/share/project_config/hook/cmake_prefix_path.dsv'
[0.462s] INFO:colcon.colcon_core.shell:Creating environment hook '/home/maria/Documentos/GitHub/IR2134/rmf_ws/install/project_config/share/project_config/hook/cmake_prefix_path.sh'
[0.462s] Level 1:colcon.colcon_core.environment:checking '/home/maria/Documentos/GitHub/IR2134/rmf_ws/install/project_config/bin'
[0.462s] Level 1:colcon.colcon_core.environment:checking '/home/maria/Documentos/GitHub/IR2134/rmf_ws/install/project_config/lib/pkgconfig/project_config.pc'
[0.463s] Level 1:colcon.colcon_core.environment:checking '/home/maria/Documentos/GitHub/IR2134/rmf_ws/install/project_config/lib/python3.10/site-packages'
[0.463s] Level 1:colcon.colcon_core.environment:checking '/home/maria/Documentos/GitHub/IR2134/rmf_ws/install/project_config/bin'
[0.463s] INFO:colcon.colcon_core.shell:Creating package script '/home/maria/Documentos/GitHub/IR2134/rmf_ws/install/project_config/share/project_config/package.ps1'
[0.463s] INFO:colcon.colcon_core.shell:Creating package descriptor '/home/maria/Documentos/GitHub/IR2134/rmf_ws/install/project_config/share/project_config/package.dsv'
[0.464s] INFO:colcon.colcon_core.shell:Creating package script '/home/maria/Documentos/GitHub/IR2134/rmf_ws/install/project_config/share/project_config/package.sh'
[0.464s] INFO:colcon.colcon_core.shell:Creating package script '/home/maria/Documentos/GitHub/IR2134/rmf_ws/install/project_config/share/project_config/package.bash'
[0.464s] INFO:colcon.colcon_core.shell:Creating package script '/home/maria/Documentos/GitHub/IR2134/rmf_ws/install/project_config/share/project_config/package.zsh'
[0.464s] Level 1:colcon.colcon_core.environment:create_file_with_runtime_dependencies(/home/maria/Documentos/GitHub/IR2134/rmf_ws/install/project_config/share/colcon-core/packages/project_config)
[0.820s] DEBUG:colcon.colcon_core.event_handler.log_command:Invoking command in '/home/maria/Documentos/GitHub/IR2134/rmf_ws/src/project/project_fleet_adapter': PYTHONPATH=/home/maria/Documentos/GitHub/IR2134/rmf_ws/build/rmf_demos_fleet_adapter/prefix_override:/usr/lib/python3/dist-packages/colcon_core/task/python/colcon_distutils_commands:/home/maria/Documentos/GitHub/IR2134/rmf_ws/install/rmf_demos_fleet_adapter/lib/python3.10/site-packages:${PYTHONPATH} /usr/bin/python3 -W ignore:setup.py install is deprecated -W ignore:easy_install command is deprecated setup.py egg_info --egg-base ../../../build/rmf_demos_fleet_adapter build --build-base /home/maria/Documentos/GitHub/IR2134/rmf_ws/build/rmf_demos_fleet_adapter/build install --record /home/maria/Documentos/GitHub/IR2134/rmf_ws/build/rmf_demos_fleet_adapter/install.log --single-version-externally-managed install_data
[1.125s] Level 1:colcon.colcon_core.environment:checking '/home/maria/Documentos/GitHub/IR2134/rmf_ws/install/rmf_demos_fleet_adapter' for CMake module files
[1.126s] DEBUG:colcon.colcon_core.event_handler.log_command:Invoked command in '/home/maria/Documentos/GitHub/IR2134/rmf_ws/src/project/project_fleet_adapter' returned '0': PYTHONPATH=/home/maria/Documentos/GitHub/IR2134/rmf_ws/build/rmf_demos_fleet_adapter/prefix_override:/usr/lib/python3/dist-packages/colcon_core/task/python/colcon_distutils_commands:/home/maria/Documentos/GitHub/IR2134/rmf_ws/install/rmf_demos_fleet_adapter/lib/python3.10/site-packages:${PYTHONPATH} /usr/bin/python3 -W ignore:setup.py install is deprecated -W ignore:easy_install command is deprecated setup.py egg_info --egg-base ../../../build/rmf_demos_fleet_adapter build --build-base /home/maria/Documentos/GitHub/IR2134/rmf_ws/build/rmf_demos_fleet_adapter/build install --record /home/maria/Documentos/GitHub/IR2134/rmf_ws/build/rmf_demos_fleet_adapter/install.log --single-version-externally-managed install_data
[1.126s] Level 1:colcon.colcon_core.environment:checking '/home/maria/Documentos/GitHub/IR2134/rmf_ws/install/rmf_demos_fleet_adapter' for CMake config files
[1.126s] Level 1:colcon.colcon_core.environment:checking '/home/maria/Documentos/GitHub/IR2134/rmf_ws/install/rmf_demos_fleet_adapter/lib'
[1.126s] Level 1:colcon.colcon_core.environment:checking '/home/maria/Documentos/GitHub/IR2134/rmf_ws/install/rmf_demos_fleet_adapter/bin'
[1.126s] Level 1:colcon.colcon_core.environment:checking '/home/maria/Documentos/GitHub/IR2134/rmf_ws/install/rmf_demos_fleet_adapter/lib/pkgconfig/rmf_demos_fleet_adapter.pc'
[1.126s] Level 1:colcon.colcon_core.environment:checking '/home/maria/Documentos/GitHub/IR2134/rmf_ws/install/rmf_demos_fleet_adapter/lib/python3.10/site-packages'
[1.127s] Level 1:colcon.colcon_core.shell:create_environment_hook('rmf_demos_fleet_adapter', 'pythonpath')
[1.127s] INFO:colcon.colcon_core.shell:Creating environment hook '/home/maria/Documentos/GitHub/IR2134/rmf_ws/install/rmf_demos_fleet_adapter/share/rmf_demos_fleet_adapter/hook/pythonpath.ps1'
[1.127s] INFO:colcon.colcon_core.shell:Creating environment descriptor '/home/maria/Documentos/GitHub/IR2134/rmf_ws/install/rmf_demos_fleet_adapter/share/rmf_demos_fleet_adapter/hook/pythonpath.dsv'
[1.127s] INFO:colcon.colcon_core.shell:Creating environment hook '/home/maria/Documentos/GitHub/IR2134/rmf_ws/install/rmf_demos_fleet_adapter/share/rmf_demos_fleet_adapter/hook/pythonpath.sh'
[1.128s] Level 1:colcon.colcon_core.environment:checking '/home/maria/Documentos/GitHub/IR2134/rmf_ws/install/rmf_demos_fleet_adapter/bin'
[1.128s] Level 1:colcon.colcon_core.environment:create_environment_scripts_only(rmf_demos_fleet_adapter)
[1.128s] INFO:colcon.colcon_core.shell:Creating package script '/home/maria/Documentos/GitHub/IR2134/rmf_ws/install/rmf_demos_fleet_adapter/share/rmf_demos_fleet_adapter/package.ps1'
[1.128s] INFO:colcon.colcon_core.shell:Creating package descriptor '/home/maria/Documentos/GitHub/IR2134/rmf_ws/install/rmf_demos_fleet_adapter/share/rmf_demos_fleet_adapter/package.dsv'
[1.128s] INFO:colcon.colcon_core.shell:Creating package script '/home/maria/Documentos/GitHub/IR2134/rmf_ws/install/rmf_demos_fleet_adapter/share/rmf_demos_fleet_adapter/package.sh'
[1.129s] INFO:colcon.colcon_core.shell:Creating package script '/home/maria/Documentos/GitHub/IR2134/rmf_ws/install/rmf_demos_fleet_adapter/share/rmf_demos_fleet_adapter/package.bash'
[1.129s] INFO:colcon.colcon_core.shell:Creating package script '/home/maria/Documentos/GitHub/IR2134/rmf_ws/install/rmf_demos_fleet_adapter/share/rmf_demos_fleet_adapter/package.zsh'
[1.129s] Level 1:colcon.colcon_core.environment:create_file_with_runtime_dependencies(/home/maria/Documentos/GitHub/IR2134/rmf_ws/install/rmf_demos_fleet_adapter/share/colcon-core/packages/rmf_demos_fleet_adapter)
[1.129s] DEBUG:colcon.colcon_parallel_executor.executor.parallel:closing loop
[1.130s] DEBUG:colcon.colcon_parallel_executor.executor.parallel:loop closed
[1.130s] DEBUG:colcon.colcon_parallel_executor.executor.parallel:run_until_complete finished with '0'
[1.130s] DEBUG:colcon.colcon_core.event_reactor:joining thread
[1.133s] INFO:colcon.colcon_core.plugin_system:Skipping extension 'colcon_notification.desktop_notification.terminal_notifier': Not used on non-Darwin systems
[1.133s] INFO:colcon.colcon_core.plugin_system:Skipping extension 'colcon_notification.desktop_notification.win32': Not used on non-Windows systems
[1.133s] INFO:colcon.colcon_notification.desktop_notification:Sending desktop notification using 'notify2'
[1.140s] DEBUG:colcon.colcon_core.event_reactor:joined thread
[1.141s] INFO:colcon.colcon_core.shell:Creating prefix script '/home/maria/Documentos/GitHub/IR2134/rmf_ws/install/local_setup.ps1'
[1.141s] INFO:colcon.colcon_core.shell:Creating prefix util module '/home/maria/Documentos/GitHub/IR2134/rmf_ws/install/_local_setup_util_ps1.py'
[1.142s] INFO:colcon.colcon_core.shell:Creating prefix chain script '/home/maria/Documentos/GitHub/IR2134/rmf_ws/install/setup.ps1'
[1.143s] INFO:colcon.colcon_core.shell:Creating prefix script '/home/maria/Documentos/GitHub/IR2134/rmf_ws/install/local_setup.sh'
[1.143s] INFO:colcon.colcon_core.shell:Creating prefix util module '/home/maria/Documentos/GitHub/IR2134/rmf_ws/install/_local_setup_util_sh.py'
[1.144s] INFO:colcon.colcon_core.shell:Creating prefix chain script '/home/maria/Documentos/GitHub/IR2134/rmf_ws/install/setup.sh'
[1.145s] INFO:colcon.colcon_core.shell:Creating prefix script '/home/maria/Documentos/GitHub/IR2134/rmf_ws/install/local_setup.bash'
[1.145s] INFO:colcon.colcon_core.shell:Creating prefix chain script '/home/maria/Documentos/GitHub/IR2134/rmf_ws/install/setup.bash'
[1.146s] INFO:colcon.colcon_core.shell:Creating prefix script '/home/maria/Documentos/GitHub/IR2134/rmf_ws/install/local_setup.zsh'
[1.146s] INFO:colcon.colcon_core.shell:Creating prefix chain script '/home/maria/Documentos/GitHub/IR2134/rmf_ws/install/setup.zsh'
