[0.016s] Invoking command in '/home/maria/Documentos/GitHub/IR2134/rmf_ws/build/project_config': AMENT_PREFIX_PATH=/home/maria/Documentos/GitHub/IR2134/rmf_ws/install/project_maps:${AMENT_PREFIX_PATH} CMAKE_PREFIX_PATH=/home/maria/Documentos/GitHub/IR2134/rmf_ws/install/project_maps:/opt/ros/humble /usr/bin/cmake /home/maria/Documentos/GitHub/IR2134/rmf_ws/src/project/project_config -DCMAKE_INSTALL_PREFIX=/home/maria/Documentos/GitHub/IR2134/rmf_ws/install/project_config
[0.055s] -- The C compiler identification is GNU 11.4.0
[0.097s] -- The CXX compiler identification is GNU 11.4.0
[0.103s] -- Detecting C compiler ABI info
[0.143s] -- Detecting C compiler ABI info - done
[0.148s] -- Check for working C compiler: /usr/lib/ccache/cc - skipped
[0.148s] -- Detecting C compile features
[0.148s] -- Detecting C compile features - done
[0.150s] -- Detecting CXX compiler ABI info
[0.195s] -- Detecting CXX compiler ABI info - done
[0.205s] -- Check for working CXX compiler: /usr/lib/ccache/c++ - skipped
[0.205s] -- Detecting CXX compile features
[0.206s] -- Detecting CXX compile features - done
[0.208s] -- Found ament_cmake: 1.3.12 (/opt/ros/humble/share/ament_cmake/cmake)
[0.473s] -- Found Python3: /usr/bin/python3 (found version "3.10.12") found components: Interpreter 
[0.575s] -- Configuring done
[0.577s] -- Generating done
[0.578s] -- Build files have been written to: /home/maria/Documentos/GitHub/IR2134/rmf_ws/build/project_config
[0.580s] Invoked command in '/home/maria/Documentos/GitHub/IR2134/rmf_ws/build/project_config' returned '0': AMENT_PREFIX_PATH=/home/maria/Documentos/GitHub/IR2134/rmf_ws/install/project_maps:${AMENT_PREFIX_PATH} CMAKE_PREFIX_PATH=/home/maria/Documentos/GitHub/IR2134/rmf_ws/install/project_maps:/opt/ros/humble /usr/bin/cmake /home/maria/Documentos/GitHub/IR2134/rmf_ws/src/project/project_config -DCMAKE_INSTALL_PREFIX=/home/maria/Documentos/GitHub/IR2134/rmf_ws/install/project_config
[0.581s] Invoking command in '/home/maria/Documentos/GitHub/IR2134/rmf_ws/build/project_config': AMENT_PREFIX_PATH=/home/maria/Documentos/GitHub/IR2134/rmf_ws/install/project_maps:${AMENT_PREFIX_PATH} CMAKE_PREFIX_PATH=/home/maria/Documentos/GitHub/IR2134/rmf_ws/install/project_maps:/opt/ros/humble /usr/bin/cmake --build /home/maria/Documentos/GitHub/IR2134/rmf_ws/build/project_config -- -j8 -l8
[0.605s] Invoked command in '/home/maria/Documentos/GitHub/IR2134/rmf_ws/build/project_config' returned '0': AMENT_PREFIX_PATH=/home/maria/Documentos/GitHub/IR2134/rmf_ws/install/project_maps:${AMENT_PREFIX_PATH} CMAKE_PREFIX_PATH=/home/maria/Documentos/GitHub/IR2134/rmf_ws/install/project_maps:/opt/ros/humble /usr/bin/cmake --build /home/maria/Documentos/GitHub/IR2134/rmf_ws/build/project_config -- -j8 -l8
[0.606s] Invoking command in '/home/maria/Documentos/GitHub/IR2134/rmf_ws/build/project_config': AMENT_PREFIX_PATH=/home/maria/Documentos/GitHub/IR2134/rmf_ws/install/project_maps:${AMENT_PREFIX_PATH} CMAKE_PREFIX_PATH=/home/maria/Documentos/GitHub/IR2134/rmf_ws/install/project_maps:/opt/ros/humble /usr/bin/cmake --install /home/maria/Documentos/GitHub/IR2134/rmf_ws/build/project_config
[0.611s] -- Install configuration: ""
[0.611s] -- Installing: /home/maria/Documentos/GitHub/IR2134/rmf_ws/install/project_config/share/project_config
[0.611s] -- Installing: /home/maria/Documentos/GitHub/IR2134/rmf_ws/install/project_config/share/project_config/test1.launch.xml
[0.611s] -- Installing: /home/maria/Documentos/GitHub/IR2134/rmf_ws/install/project_config/share/project_config/common.launch.xml
[0.611s] -- Up-to-date: /home/maria/Documentos/GitHub/IR2134/rmf_ws/install/project_config/share/project_config
[0.611s] -- Installing: /home/maria/Documentos/GitHub/IR2134/rmf_ws/install/project_config/share/project_config/test1
[0.612s] -- Installing: /home/maria/Documentos/GitHub/IR2134/rmf_ws/install/project_config/share/ament_index/resource_index/package_run_dependencies/project_config
[0.612s] -- Installing: /home/maria/Documentos/GitHub/IR2134/rmf_ws/install/project_config/share/ament_index/resource_index/parent_prefix_path/project_config
[0.612s] -- Installing: /home/maria/Documentos/GitHub/IR2134/rmf_ws/install/project_config/share/project_config/environment/ament_prefix_path.sh
[0.612s] -- Installing: /home/maria/Documentos/GitHub/IR2134/rmf_ws/install/project_config/share/project_config/environment/ament_prefix_path.dsv
[0.612s] -- Installing: /home/maria/Documentos/GitHub/IR2134/rmf_ws/install/project_config/share/project_config/environment/path.sh
[0.612s] -- Installing: /home/maria/Documentos/GitHub/IR2134/rmf_ws/install/project_config/share/project_config/environment/path.dsv
[0.612s] -- Installing: /home/maria/Documentos/GitHub/IR2134/rmf_ws/install/project_config/share/project_config/local_setup.bash
[0.612s] -- Installing: /home/maria/Documentos/GitHub/IR2134/rmf_ws/install/project_config/share/project_config/local_setup.sh
[0.612s] -- Installing: /home/maria/Documentos/GitHub/IR2134/rmf_ws/install/project_config/share/project_config/local_setup.zsh
[0.612s] -- Installing: /home/maria/Documentos/GitHub/IR2134/rmf_ws/install/project_config/share/project_config/local_setup.dsv
[0.612s] -- Installing: /home/maria/Documentos/GitHub/IR2134/rmf_ws/install/project_config/share/project_config/package.dsv
[0.612s] -- Installing: /home/maria/Documentos/GitHub/IR2134/rmf_ws/install/project_config/share/ament_index/resource_index/packages/project_config
[0.612s] -- Installing: /home/maria/Documentos/GitHub/IR2134/rmf_ws/install/project_config/share/project_config/cmake/project_configConfig.cmake
[0.613s] -- Installing: /home/maria/Documentos/GitHub/IR2134/rmf_ws/install/project_config/share/project_config/cmake/project_configConfig-version.cmake
[0.613s] -- Installing: /home/maria/Documentos/GitHub/IR2134/rmf_ws/install/project_config/share/project_config/package.xml
[0.614s] Invoked command in '/home/maria/Documentos/GitHub/IR2134/rmf_ws/build/project_config' returned '0': AMENT_PREFIX_PATH=/home/maria/Documentos/GitHub/IR2134/rmf_ws/install/project_maps:${AMENT_PREFIX_PATH} CMAKE_PREFIX_PATH=/home/maria/Documentos/GitHub/IR2134/rmf_ws/install/project_maps:/opt/ros/humble /usr/bin/cmake --install /home/maria/Documentos/GitHub/IR2134/rmf_ws/build/project_config
