[0.321s] Invoking command in '/home/maria/rmf_ws/build/project_maps': CMAKE_PREFIX_PATH=/home/maria/rmf_ws/install/project_config:/home/maria/rmf_ws/install/rmf_visualization:/home/maria/rmf_ws/install/rmf_visualization_schedule:/home/maria/rmf_ws/install/rmf_visualization_rviz2_plugins:/home/maria/rmf_ws/install/rmf_visualization_obstacles:/home/maria/rmf_ws/install/rmf_visualization_navgraphs:/home/maria/rmf_ws/install/rmf_visualization_floorplans:/home/maria/rmf_ws/install/rmf_visualization_fleet_states:/home/maria/rmf_ws/install/rmf_robot_sim_gz_plugins:/home/maria/rmf_ws/install/rmf_robot_sim_common:/home/maria/rmf_ws/install/rmf_building_sim_gz_plugins:/home/maria/rmf_ws/install/project_simulation:/home/maria/rmf_ws/install/project_maps:/home/maria/rmf_ws/install/project_assets:/rmf_demos_ws/install/rmf_workcell_msgs:/rmf_demos_ws/install/rmf_demos_gz:/rmf_demos_ws/install/rmf_demos:/rmf_demos_ws/install/rmf_reservation_node:/rmf_demos_ws/install/rmf_fleet_adapter_python:/rmf_demos_ws/install/rmf_fleet_adapter:/rmf_demos_ws/install/rmf_task_ros2:/rmf_demos_ws/install/rmf_websocket:/rmf_demos_ws/install/rmf_visualization:/rmf_demos_ws/install/rmf_visualization_schedule:/rmf_demos_ws/install/rmf_visualization_rviz2_plugins:/rmf_demos_ws/install/rmf_visualization_obstacles:/rmf_demos_ws/install/rmf_visualization_navgraphs:/rmf_demos_ws/install/rmf_visualization_floorplans:/rmf_demos_ws/install/rmf_visualization_fleet_states:/rmf_demos_ws/install/rmf_visualization_msgs:/rmf_demos_ws/install/rmf_traffic_ros2:/rmf_demos_ws/install/rmf_task_sequence:/rmf_demos_ws/install/rmf_task:/rmf_demos_ws/install/rmf_battery:/rmf_demos_ws/install/rmf_traffic:/rmf_demos_ws/install/rmf_utils:/rmf_demos_ws/install/rmf_traffic_msgs:/rmf_demos_ws/install/rmf_traffic_editor_test_maps:/rmf_demos_ws/install/rmf_traffic_editor_assets:/rmf_demos_ws/install/rmf_traffic_editor:/rmf_demos_ws/install/rmf_task_msgs:/rmf_demos_ws/install/rmf_site_map_msgs:/rmf_demos_ws/install/rmf_scheduler_msgs:/rmf_demos_ws/install/rmf_robot_sim_gz_plugins:/rmf_demos_ws/install/rmf_robot_sim_common:/rmf_demos_ws/install/rmf_reservation_msgs:/rmf_demos_ws/install/rmf_obstacle_msgs:/rmf_demos_ws/install/rmf_building_sim_gz_plugins:/rmf_demos_ws/install/rmf_lift_msgs:/rmf_demos_ws/install/rmf_ingestor_msgs:/rmf_demos_ws/install/rmf_fleet_msgs:/rmf_demos_ws/install/rmf_door_msgs:/rmf_demos_ws/install/rmf_dispenser_msgs:/rmf_demos_ws/install/rmf_demos_maps:/rmf_demos_ws/install/rmf_demos_assets:/rmf_demos_ws/install/rmf_charger_msgs:/rmf_demos_ws/install/rmf_building_map_msgs:/rmf_demos_ws/install/rmf_api_msgs:/rmf_demos_ws/install/nlohmann_json_schema_validator_vendor:/home/maria/rmf_ws/install/rmf_visualization_building_systems:/home/maria/rmf_ws/install/rmf_demos_tasks:/home/maria/rmf_ws/install/project_tasks:/home/maria/rmf_ws/install/project_fleet_adapter:/rmf_demos_ws/install/rmf_demos_fleet_adapter:/rmf_demos_ws/install/rmf_visualization_building_systems:/rmf_demos_ws/install/rmf_traffic_examples:/rmf_demos_ws/install/rmf_demos_bridges:/rmf_demos_ws/install/rmf_demos_tasks:/rmf_demos_ws/install/rmf_building_map_tools:/rmf_demos_ws/install/rmf_charging_schedule:/opt/ros/jazzy:/rmf_demos_ws/install/menge_vendor:/rmf_demos_ws/install/ament_cmake_catch2:/opt/ros/jazzy/opt/gz_sim_vendor:/opt/ros/jazzy/opt/gz_sensors_vendor:/opt/ros/jazzy/opt/gz_physics_vendor:/opt/ros/jazzy/opt/sdformat_vendor:/opt/ros/jazzy/opt/gz_gui_vendor:/opt/ros/jazzy/opt/gz_transport_vendor:/opt/ros/jazzy/opt/gz_rendering_vendor:/opt/ros/jazzy/opt/gz_plugin_vendor:/opt/ros/jazzy/opt/gz_fuel_tools_vendor:/opt/ros/jazzy/opt/gz_msgs_vendor:/opt/ros/jazzy/opt/gz_common_vendor:/opt/ros/jazzy/opt/gz_math_vendor:/opt/ros/jazzy/opt/gz_utils_vendor:/opt/ros/jazzy/opt/gz_tools_vendor:/opt/ros/jazzy/opt/gz_ogre_next_vendor:/opt/ros/jazzy/opt/gz_dartsim_vendor:/opt/ros/jazzy/opt/gz_cmake_vendor /usr/bin/cmake --build /home/maria/rmf_ws/build/project_maps -- -j8 -l8
[0.407s] [ 16%] [34m[1mGenerating maps/test1/nav_graphs/phony[0m
[0.413s] [ 50%] [34m[1mGenerating maps/classroom/nav_graphs/phony[0m
[0.413s] [ 50%] [34m[1mGenerating maps/estce/nav_graphs/phony[0m
[0.772s] Load success!
[0.772s] 
[0.772s] Cache found! Model count: 3238 
[0.772s] Updating cache...
[0.772s] Topping up Fuel (updating cache) from: https://fuel.gazebosim.org/1.0/models
[0.773s] Fetching page: 1
[1.291s] building name: test1
[1.291s] coordinate system: reference_image
[1.291s] parsing level L1
[1.291s] parsing level L2
[1.291s] calculating levels relative to L1
[1.294s] level L1 scale: 0.06666666666666667
[1.295s] calculating level L2 offset and scale...
[1.295s]   2 common fiducials:
[1.295s] Transform.set_from_fiducials()
[1.295s]   2 fiducial pairs:
[1.295s]     (1.5, -1.5) -> (2.0, -2.0)   columna1
[1.295s]     (148.5, -1.5) -> (148.5, -1.5)   columna2
[1.295s]     calc dist columna1 <=> columna2
[1.295s] Bearings:
[1.296s] [(0.0, 0.003412956031538204)]
[1.296s]   0.003412956031538204
[1.296s]   Circular mean: -0.0034129560315382034
[1.296s] Distances:
[1.296s] [(147.0, 146.50085323983612)]
[1.296s] mean relative scale: 0.996604443808409
[1.296s] translation: (-0.03333, 0.034243)
[1.296s] parsing lift lift1
[1.296s] generating nav data
[1.297s] hooray, we found an intersection: t=0.506, u=0.532
[1.297s]   (23.555,-48.923),(122.687,-48.923) and (73.7,-38.148),(73.7,-58.389)
[1.297s] found intersection with door door1!
[1.297s] writing /home/maria/rmf_ws/build/project_maps/maps/test1/nav_graphs/0.yaml
[1.415s] [ 50%] Built target generate_test1_nav_graphs
[1.510s] building name: classroom
[1.510s] coordinate system: reference_image
[1.511s] parsing level L1
[1.512s] parsing level L2
[1.513s] calculating levels relative to L1
[1.513s] level L1 scale: 0.02551020408163266
[1.514s] calculating level L2 offset and scale...
[1.514s]   0 common fiducials:
[1.514s] Transform.set_from_fiducials()
[1.514s]   0 fiducial pairs:
[1.514s] Bearings:
[1.514s] []
[1.527s] generating nav data
[1.527s] hooray, we found an intersection: t=0.459, u=0.62
[1.527s]   (732.006,-1378.531),(618.612,-1378.531) and (679.96,-1356.421),(679.96,-1392.105)
[1.527s] found intersection with door door2!
[1.528s] hooray, we found an intersection: t=0.604, u=0.561
[1.528s]   (741.803,-1033.459),(741.803,-1380.592) and (672.582,-1243.013),(795.893,-1243.013)
[1.528s] found intersection with door door6!
[1.528s] hooray, we found an intersection: t=0.303, u=0.684
[1.528s]   (741.803,-1380.592),(519.736,-1380.592) and (674.5,-1355.444),(674.5,-1392.191)
[1.528s] found intersection with door door9!
[1.528s] hooray, we found an intersection: t=0.183, u=0.481
[1.529s]   (877.736,-1373.216),(1134.021,-1373.216) and (924.619,-1355.521),(924.619,-1392.329)
[1.529s] found intersection with door door3!
[1.529s] hooray, we found an intersection: t=0.359, u=0.456
[1.529s]   (547.119,-1697.655),(878.052,-1697.655) and (665.966,-1673.474),(665.966,-1726.528)
[1.529s] found intersection with door door4!
[1.529s] hooray, we found an intersection: t=0.347, u=0.604
[1.529s]   (877.59,-1173.327),(877.59,-1374.102) and (808.137,-1243.013),(923.139,-1243.013)
[1.529s] found intersection with door door7!
[1.530s] hooray, we found an intersection: t=0.177, u=0.466
[1.530s]   (877.59,-1374.102),(1140.727,-1374.102) and (924.039,-1357.093),(924.039,-1393.624)
[1.530s] found intersection with door door8!
[1.530s] writing /home/maria/rmf_ws/build/project_maps/maps/classroom/nav_graphs/0.yaml
[1.536s] writing /home/maria/rmf_ws/build/project_maps/maps/classroom/nav_graphs/1.yaml
[1.643s] Cached model found! Halting Fuel traversal...
[1.643s] Writing to cache: /home/maria/.pit_crew/model_cache.json
[1.695s] [ 50%] Built target generate_classroom_nav_graphs
[1.757s] New models cached: 0
[1.757s] 
[1.873s] [ 50%] Built target update_model_cache
[2.117s] building name: estce
[2.118s] coordinate system: reference_image
[2.118s] parsing level L1
[2.125s] parsing level L2
[2.131s] calculating levels relative to L1
[2.131s] level L1 scale: 0.022444889534645907
[2.131s] calculating level L2 offset and scale...
[2.131s]   3 common fiducials:
[2.131s] Transform.set_from_fiducials()
[2.131s]   3 fiducial pairs:
[2.131s]     (3963.9, -2197.6) -> (3837.1, -2354.5)   c3
[2.131s]     (2516.2, -2123.7) -> (2388.7, -2279.7)   c4
[2.132s]     (2369.6, -2222.5) -> (2242.3, -2378.6)   c1
[2.132s]     calc dist c3 <=> c4
[2.132s]     calc dist c3 <=> c1
[2.132s]     calc dist c4 <=> c1
[2.132s] Bearings:
[2.132s] [(3.090626667763035, 3.090030514435309), (-3.1259350542154625, -3.1264943407908756), (-2.5484125455389486, -2.5477943015529716)]
[2.133s]   -0.0005961533277258901
[2.133s]   -0.0005592865754131537
[2.133s]   0.000618243985976985
[2.133s]   Circular mean: 0.00017906532679433574
[2.133s] Distances:
[2.133s] [(1449.6723774715445, 1450.2914846695473), (1594.5624578062157, 1594.9407871394474), (176.77616935831585, 176.63032569182434)]
[2.133s] mean relative scale: 0.999946436772245
[2.134s] translation: (2.8426, 3.5003)
[2.206s] parsing lift lift1td1
[2.207s] parsing lift lift2td0
[2.207s] parsing lift lift3td2
[2.207s] parsing lift lift4td2
[2.209s] generating nav data
[2.233s] hooray, we found an intersection: t=0.539, u=0.761
[2.233s]   (2445.248,-2169.012),(2467.795,-2086.239) and (2490.877,-2124.279),(2446.927,-2124.383)
[2.233s] found intersection with door bano06!
[2.233s] hooray, we found an intersection: t=0.132, u=0.619
[2.234s]   (2467.795,-2086.239),(2637.26,-2086.239) and (2491.186,-2062.14),(2489.601,-2101.067)
[2.234s] found intersection with door TD0008CW!
[2.234s] hooray, we found an intersection: t=0.781, u=0.548
[2.234s]   (2644.009,-2172.471),(2726.492,-2161.224) and (2708.389,-2150.226),(2708.413,-2174.781)
[2.234s] found intersection with door bano08!
[2.235s] hooray, we found an intersection: t=0.776, u=0.502
[2.235s]   (2638.01,-2212.963),(2728.741,-2203.215) and (2708.413,-2193.344),(2708.413,-2217.344)
[2.235s] found intersection with door bano09!
[2.235s] hooray, we found an intersection: t=0.715, u=0.57
[2.235s]   (2637.26,-2272.95),(2736.989,-2242.207) and (2708.413,-2236.658),(2708.601,-2261.784)
[2.235s] found intersection with door bano010!
[2.235s] hooray, we found an intersection: t=0.514, u=0.617
[2.236s]   (2467.795,-2086.239),(2137.114,-2086.239) and (2299.303,-2060.164),(2297.039,-2102.424)
[2.236s] found intersection with door TD0007CW!
[2.236s] hooray, we found an intersection: t=0.449, u=0.663
[2.236s]   (2137.114,-2086.239),(2068.128,-2059.245) and (2106.114,-2049.599),(2106.114,-2086.576)
[2.236s] found intersection with door bano01!
[2.236s] hooray, we found an intersection: t=0.668, u=0.527
[2.236s]   (2130.365,-2146.977),(2046.383,-2168.722) and (2073.969,-2146.952),(2074.55,-2174.577)
[2.236s] found intersection with door bano02!
[2.237s] hooray, we found an intersection: t=0.743, u=0.329
[2.237s]   (2131.115,-2200.965),(2055.381,-2203.215) and (2074.55,-2194.953),(2075.539,-2218.297)
[2.237s] found intersection with door bano03!
[2.237s] hooray, we found an intersection: t=0.715, u=0.45
[2.237s]   (2135.614,-2246.706),(2050.882,-2250.455) and (2075.539,-2238.079),(2074.352,-2263.203)
[2.237s] found intersection with door bano04!
[2.237s] hooray, we found an intersection: t=0.388, u=0.636
[2.238s]   (3920.014,-2154.451),(3920.014,-2081.472) and (3892.755,-2125.876),(3935.63,-2126.325)
[2.238s] found intersection with door bano015!
[2.238s] hooray, we found an intersection: t=0.375, u=0.489
[2.238s]   (3920.014,-2081.472),(3845.912,-2081.472) and (3892.66,-2062.712),(3891.817,-2101.048)
[2.238s] found intersection with door TD0009CW!
[2.238s] hooray, we found an intersection: t=0.449, u=0.449
[2.238s]   (3753.846,-2059.017),(3639.749,-2076.266) and (3702.398,-2049.41),(3702.805,-2088.103)
[2.238s] found intersection with door bano011!
[2.239s] hooray, we found an intersection: t=0.55, u=0.609
[2.239s]   (3701.076,-2169.047),(3650.045,-2159.717) and (3674.766,-2146.262),(3671.851,-2175.263)
[2.239s] found intersection with door bano012!
[2.239s] hooray, we found an intersection: t=0.574, u=0.537
[2.239s]   (3698.273,-2207.945),(3651.129,-2206.319) and (3671.851,-2195.628),(3670.629,-2216.807)
[2.239s] found intersection with door bano013!
[2.239s] hooray, we found an intersection: t=0.746, u=0.517
[2.239s]   (3920.014,-2081.472),(4143.019,-2081.472) and (4086.446,-2062.291),(4086.446,-2099.363)
[2.240s] found intersection with door TD0010CW!
[2.240s] hooray, we found an intersection: t=0.471, u=0.603
[2.240s]   (4202.88,-2079.54),(4350.68,-2065.108) and (4272.198,-2050.632),(4272.605,-2087.289)
[2.240s] found intersection with door bano017!
[2.240s] hooray, we found an intersection: t=0.732, u=0.612
[2.240s]   (4265.135,-2180.905),(4318.939,-2154.511) and (4304.088,-2143.244),(4304.781,-2173.227)
[2.241s] found intersection with door bano018!
[2.241s] hooray, we found an intersection: t=0.629, u=0.69
[2.241s]   (4266.396,-2221.591),(4325.154,-2202.689) and (4304.781,-2191.148),(4302.745,-2218.029)
[2.241s] found intersection with door bano019!
[2.241s] hooray, we found an intersection: t=0.472, u=0.53
[2.241s]   (4272.148,-2252.408),(4337.481,-2245.012) and (4302.745,-2235.542),(4303.152,-2260.794)
[2.241s] found intersection with door bano020!
[2.250s] hooray, we found an intersection: t=0.533, u=0.537
[2.250s]   (2191.773,-2333.949),(2202.468,-2238.956) and (2178.941,-2282.645),(2213.479,-2283.861)
[2.250s] found intersection with door bano5!
[2.250s] hooray, we found an intersection: t=0.32, u=0.498
[2.251s]   (2202.468,-2238.956),(2093.425,-2238.956) and (2166.915,-2219.974),(2168.236,-2258.064)
[2.251s] found intersection with door TD0114CW!
[2.251s] hooray, we found an intersection: t=0.464, u=0.434
[2.251s]   (2045.334,-2221.83),(1903.297,-2221.83) and (1979.331,-2205.396),(1979.539,-2243.253)
[2.251s] found intersection with door bano1!
[2.251s] hooray, we found an intersection: t=0.722, u=0.51
[2.251s]   (2202.468,-2238.956),(2424.469,-2238.956) and (2363.879,-2220.501),(2361.836,-2256.667)
[2.252s] found intersection with door TD0115CW!
[2.252s] hooray, we found an intersection: t=0.426, u=0.501
[2.252s]   (3793.468,-2314.561),(3793.468,-2239.389) and (3777.013,-2281.951),(3809.872,-2283.078)
[2.252s] found intersection with door bano15!
[2.252s] hooray, we found an intersection: t=0.342, u=0.544
[2.252s]   (3793.468,-2239.389),(3706.996,-2239.389) and (3763.517,-2219.277),(3764.209,-2256.22)
[2.253s] found intersection with door TD0116CW!
[2.253s] hooray, we found an intersection: t=0.784, u=0.549
[2.253s]   (3793.468,-2239.389),(4005.5,-2239.389) and (3960.322,-2217.639),(3959.184,-2257.234)
[2.253s] found intersection with door TD0117CW!
[2.300s] hooray, we found an intersection: t=0.245, u=0.751
[2.300s]   (1440.92,-570.091),(1852.513,-570.091) and (1542.627,-523.898),(1541.634,-585.427)
[2.300s] found intersection with door TD1021AA!
[2.300s] hooray, we found an intersection: t=0.329, u=0.231
[2.300s]   (1440.92,-570.091),(1110.062,-570.091) and (1331.889,-582.739),(1332.052,-528.089)
[2.300s] found intersection with door TD1007AA!
[2.301s] hooray, we found an intersection: t=0.304, u=0.549
[2.301s]   (1599.91,-1107.702),(1599.91,-799.15) and (1565.948,-1014.146),(1627.779,-1013.571)
[2.301s] found intersection with door TD1019AA!
[2.302s] hooray, we found an intersection: t=0.306, u=0.674
[2.302s]   (1284.956,-1107.702),(1284.956,-796.419) and (1245.117,-1012.508),(1304.259,-1012.508)
[2.302s] found intersection with door TD1022AA!
[2.302s] hooray, we found an intersection: t=0.635, u=0.551
[2.302s]   (1442.255,-1271.182),(1591.564,-1271.182) and (1536.87,-1230.708),(1537.163,-1304.196)
[2.302s] found intersection with door TD1016AA!
[2.303s] hooray, we found an intersection: t=0.572, u=0.534
[2.303s]   (1442.255,-1271.182),(1253.821,-1271.182) and (1333.679,-1303.11),(1335.273,-1243.345)
[2.303s] found intersection with door TD1017AA!
[2.303s] hooray, we found an intersection: t=0.721, u=0.412
[2.303s]   (1441.382,-1645.562),(1293.227,-1645.562) and (1335.25,-1668.863),(1333.679,-1612.293)
[2.304s] found intersection with door TD1018AA!
[2.304s] hooray, we found an intersection: t=0.656, u=0.617
[2.304s]   (1441.382,-1645.562),(1589.537,-1645.562) and (1537.163,-1608.181),(1539.473,-1668.813)
[2.304s] found intersection with door TD1015AA!
[2.305s] hooray, we found an intersection: t=0.877, u=0.496
[2.305s]   (1117.809,-1982.484),(562.03,-1961.511) and (631.461,-1933.536),(629.573,-1995.198)
[2.305s] found intersection with door TD1023CP2!
[2.305s] hooray, we found an intersection: t=0.166, u=0.651
[2.305s]   (1117.809,-1982.484),(562.03,-1961.511) and (1025.417,-1936.595),(1025.974,-2001.742)
[2.305s] found intersection with door TD1005CP2!
[2.305s] hooray, we found an intersection: t=0.769, u=0.581
[2.305s]   (562.03,-2286.59),(1164.998,-2286.59) and (1025.974,-2248.895),(1025.974,-2313.829)
[2.306s] found intersection with door TD1005CP1!
[2.306s] hooray, we found an intersection: t=0.113, u=0.594
[2.306s]   (562.03,-2286.59),(1164.998,-2286.59) and (629.573,-2253.802),(630.071,-2308.965)
[2.306s] found intersection with door TD1023CP1!
[2.306s] hooray, we found an intersection: t=0.476, u=0.556
[2.306s]   (1430.654,-2508.552),(1430.654,-2791.996) and (1473.142,-2643.664),(1396.722,-2643.094)
[2.306s] found intersection with door TD1002CP!
[2.306s] hooray, we found an intersection: t=0.259, u=0.719
[2.307s]   (1430.654,-2791.996),(1852.106,-2791.996) and (1540.591,-2748.633),(1539.748,-2808.928)
[2.307s] found intersection with door TD1008AL!
[2.307s] hooray, we found an intersection: t=0.691, u=0.284
[2.307s]   (1430.654,-2791.996),(1280.367,-2791.996) and (1327.145,-2809.622),(1326.005,-2747.459)
[2.307s] found intersection with door TD1014AL!
[2.307s] hooray, we found an intersection: t=0.666, u=0.722
[2.307s]   (1604.205,-3272.864),(1604.205,-3137.018) and (1561.556,-3182.148),(1620.592,-3182.497)
[2.307s] found intersection with door TD1010AL2!
[2.308s] hooray, we found an intersection: t=0.64, u=0.279
[2.309s]   (1261.535,-3272.864),(1261.535,-3131.935) and (1244.626,-3182.825),(1305.219,-3182.492)
[2.309s] found intersection with door TD1013AL2!
[2.309s] hooray, we found an intersection: t=0.67, u=0.42
[2.310s]   (1261.535,-3272.864),(1297.844,-3455.67) and (1312.127,-3395.906),(1249.646,-3394.709)
[2.310s] found intersection with door TD1012AL!
[2.310s] hooray, we found an intersection: t=0.543, u=0.267
[2.310s]   (1604.205,-3272.864),(1604.205,-3490.633) and (1620.048,-3390.7),(1560.608,-3392.515)
[2.311s] found intersection with door TD1011AL!
[2.312s] hooray, we found an intersection: t=0.761, u=0.535
[2.312s]   (4945.573,-1788.951),(4945.573,-1645.325) and (4906.11,-1679.0),(4979.838,-1680.17)
[2.312s] found intersection with door TD2014CP!
[2.313s] hooray, we found an intersection: t=0.289, u=0.394
[2.313s]   (4945.573,-1645.325),(4590.732,-1645.325) and (4843.501,-1669.053),(4842.33,-1608.783)
[2.313s] found intersection with door TD2022CE1!
[2.313s] hooray, we found an intersection: t=0.318, u=0.478
[2.313s]   (4590.732,-1337.797),(4409.932,-1337.797) and (4532.933,-1351.963),(4533.436,-1322.346)
[2.313s] found intersection with door TD2023CE!
[2.313s] hooray, we found an intersection: t=0.364, u=0.591
[2.313s]   (4580.888,-1384.976),(4448.696,-1384.976) and (4532.933,-1368.052),(4532.566,-1396.684)
[2.314s] found intersection with door TD2024CE!
[2.314s] hooray, we found an intersection: t=0.312, u=0.419
[2.314s]   (4588.502,-1530.319),(4412.014,-1530.319) and (4534.097,-1542.822),(4532.566,-1513.001)
[2.314s] found intersection with door TD2025CE!
[2.314s] hooray, we found an intersection: t=0.347, u=0.323
[2.314s]   (4587.117,-1570.461),(4433.469,-1570.461) and (4534.097,-1560.562),(4532.952,-1591.178)
[2.314s] found intersection with door TD2026CE!
[2.315s] hooray, we found an intersection: t=0.672, u=0.614
[2.315s]   (5112.567,-1093.102),(5112.567,-974.274) and (5077.806,-1013.288),(5134.377,-1013.288)
[2.315s] found intersection with door TD2046AA!
[2.315s] hooray, we found an intersection: t=0.833, u=0.459
[2.315s]   (4945.573,-1093.102),(4945.573,-557.393) and (4981.331,-646.227),(4903.499,-647.073)
[2.315s] found intersection with door TD2040CP1!
[2.315s] hooray, we found an intersection: t=0.363, u=0.595
[2.316s]   (4945.573,-557.393),(5241.15,-557.393) and (5052.395,-520.173),(5053.241,-582.777)
[2.316s] found intersection with door TD2040CP2!
[2.316s] hooray, we found an intersection: t=0.383, u=0.343
[2.316s]   (5241.15,-557.393),(5241.15,-427.771) and (5219.281,-507.566),(5283.082,-508.186)
[2.316s] found intersection with door TD2043AA!
[2.316s] hooray, we found an intersection: t=0.746, u=0.462
[2.316s]   (5264.117,-1987.349),(5385.303,-1964.728) and (5354.109,-1997.627),(5354.876,-1938.882)
[2.317s] found intersection with door TD2011CP2!
[2.317s] hooray, we found an intersection: t=0.214, u=0.487
[2.317s]   (5385.303,-1964.728),(5813.493,-1964.728) and (5477.326,-1996.042),(5476.103,-1931.729)
[2.317s] found intersection with door TD2011CP3!
[2.317s] hooray, we found an intersection: t=0.506, u=0.621
[2.317s]   (5448.32,-2274.964),(5262.501,-2274.964) and (5354.508,-2312.402),(5354.109,-2252.16)
[2.317s] found intersection with door TD2011CP1!
[2.318s] hooray, we found an intersection: t=0.127, u=0.585
[2.318s]   (4952.222,-2770.497),(5445.87,-2770.497) and (5013.672,-2730.433),(5015.54,-2798.956)
[2.318s] found intersection with door TD2002AA!
[2.318s] hooray, we found an intersection: t=0.148, u=0.428
[2.319s]   (4952.222,-2770.497),(4423.047,-2770.497) and (4873.617,-2797.592),(4874.23,-2734.224)
[2.319s] found intersection with door TD2003AA!
[2.320s] hooray, we found an intersection: t=0.871, u=0.425
[2.320s]   (4789.252,-3292.859),(4789.252,-3426.12) and (4813.887,-3409.422),(4755.98,-3408.264)
[2.320s] found intersection with door TD2006CI!
[2.321s] hooray, we found an intersection: t=0.827, u=0.596
[2.321s]   (5100.412,-3292.859),(5100.412,-3435.492) and (5136.994,-3412.139),(5075.585,-3409.865)
[2.321s] found intersection with door TD2010CP!
[2.321s] hooray, we found an intersection: t=0.157, u=0.281
[2.321s]   (5064.883,-3435.492),(5064.883,-3668.966) and (5053.751,-3472.184),(5093.326,-3471.729)
[2.321s] found intersection with door TD2007CI!
[2.321s] hooray, we found an intersection: t=0.13, u=0.45
[2.322s]   (4953.253,-2974.907),(5434.537,-2974.907) and (5015.54,-2947.703),(5015.995,-3008.203)
[2.322s] found intersection with door TD2047AA!
[2.322s] hooray, we found an intersection: t=0.15, u=0.587
[2.322s]   (4953.253,-2974.907),(4427.618,-2974.907) and (4875.268,-3014.884),(4873.617,-2946.794)
[2.322s] found intersection with door TD2048AA!
[2.323s] hooray, we found an intersection: t=0.296, u=0.634
[2.323s]   (4945.573,-1645.325),(5299.788,-1645.325) and (5050.055,-1608.198),(5050.64,-1666.712)
[2.323s] found intersection with door TD2016CE2!
[2.323s] hooray, we found an intersection: t=0.273, u=0.545
[2.324s]   (5306.467,-1343.123),(5475.817,-1317.438) and (5353.439,-1351.963),(5352.193,-1322.839)
[2.324s] found intersection with door TD2020CE!
[2.324s] hooray, we found an intersection: t=0.29, u=0.541
[2.324s]   (5299.502,-1377.08),(5485.395,-1401.46) and (5353.439,-1368.16),(5353.439,-1397.75)
[2.324s] found intersection with door TD2019CE!
[2.324s] hooray, we found an intersection: t=0.279, u=0.491
[2.324s]   (5307.007,-1533.752),(5472.185,-1524.005) and (5352.816,-1545.858),(5353.439,-1515.645)
[2.325s] found intersection with door TD2018CE!
[2.325s] hooray, we found an intersection: t=0.284, u=0.544
[2.325s]   (5300.338,-1575.303),(5482.958,-1579.92) and (5352.816,-1560.186),(5351.701,-1590.358)
[2.325s] found intersection with door TD2017CE!
[2.327s] hooray, we found an intersection: t=0.856, u=0.444
[2.327s]   (2401.75,-1931.732),(2841.734,-1932.631) and (2776.652,-1906.294),(2780.262,-1965.266)
[2.327s] found intersection with door TD0013CP1!
[2.354s] hooray, we found an intersection: t=0.795, u=0.543
[2.354s]   (1304.231,-3579.071),(1304.231,-2600.959) and (1345.431,-2801.484),(1269.572,-2801.422)
[2.354s] found intersection with door TD1118CP2!
[2.355s] hooray, we found an intersection: t=0.589, u=0.583
[2.355s]   (1342.156,-1967.187),(1289.209,-1746.761) and (1270.868,-1837.227),(1339.686,-1837.542)
[2.355s] found intersection with door TD118CP1!
[2.355s] hooray, we found an intersection: t=0.65, u=0.621
[2.355s]   (1293.494,-715.088),(1476.752,-715.088) and (1413.231,-677.612),(1412.225,-737.942)
[2.355s] found intersection with door TD1103!
[2.356s] hooray, we found an intersection: t=0.186, u=0.623
[2.356s]   (1293.494,-715.088),(801.383,-715.088) and (1202.746,-675.601),(1201.741,-738.947)
[2.356s] found intersection with door TD1104!
[2.357s] hooray, we found an intersection: t=0.474, u=0.267
[2.357s]   (1455.659,-1267.289),(1455.659,-1060.566) and (1439.709,-1168.631),(1499.369,-1171.312)
[2.357s] found intersection with door TD1102!
[2.357s] hooray, we found an intersection: t=0.414, u=0.479
[2.357s]   (1146.523,-1267.289),(1146.523,-1039.704) and (1118.284,-1172.318),(1177.273,-1173.659)
[2.358s] found intersection with door TD1105!
[2.358s] hooray, we found an intersection: t=0.764, u=0.417
[2.358s]   (1604.797,-2145.3),(1957.508,-2081.472) and (1874.169,-2121.927),(1874.653,-2060.943)
[2.358s] found intersection with door TD1118CP3!
[2.359s] hooray, we found an intersection: t=0.822, u=0.318
[2.359s]   (2260.144,-2081.472),(2742.159,-2081.472) and (2656.486,-2062.649),(2655.492,-2121.842)
[2.359s] found intersection with door TD0119CP1!
[2.359s] hooray, we found an intersection: t=0.55, u=0.314
[2.359s]   (2742.159,-1658.43),(2700.802,-1546.116) and (2735.005,-1596.635),(2685.264,-1596.635)
[2.359s] found intersection with door TD0113ER!
[2.360s] hooray, we found an intersection: t=0.213, u=0.354
[2.360s]   (3341.182,-1655.652),(3012.227,-1655.652) and (3270.907,-1680.562),(3271.603,-1610.236)
[2.360s] found intersection with door TD0112FR!
[2.362s] hooray, we found an intersection: t=0.116, u=0.634
[2.362s]   (3017.809,-2085.243),(3017.809,-3374.879) and (3055.56,-2234.626),(2995.984,-2235.638)
[2.362s] found intersection with door TD0118CP1!
[2.362s] hooray, we found an intersection: t=0.709, u=0.665
[2.362s]   (3341.182,-2100.99),(4623.858,-2100.99) and (4250.94,-2061.953),(4251.066,-2120.647)
[2.362s] found intersection with door TD0123CP3!
[2.362s] hooray, we found an intersection: t=0.101, u=0.352
[2.367s]   (3341.182,-2100.99),(4623.858,-2100.99) and (3470.994,-2121.992),(3471.614,-2062.297)
[2.367s] found intersection with door TD0123CP1!
[2.367s] hooray, we found an intersection: t=0.074, u=0.498
[2.367s]   (4816.684,-1925.605),(4816.684,-714.493) and (4779.059,-1836.677),(4854.558,-1835.459)
[2.367s] found intersection with door TD2116CP!
[2.367s] hooray, we found an intersection: t=0.216, u=0.461
[2.368s]   (5190.508,-2249.525),(5357.491,-2249.525) and (5227.167,-2277.818),(5225.973,-2216.431)
[2.368s] found intersection with door TD2112CP1!
[2.368s] hooray, we found an intersection: t=0.724, u=0.351
[2.368s]   (4902.428,-2565.654),(4799.099,-2888.811) and (4854.321,-2799.459),(4778.232,-2799.771)
[2.368s] found intersection with door TD2113CP!
[2.368s] hooray, we found an intersection: t=0.281, u=0.606
[2.369s]   (4984.765,-3462.131),(4984.765,-3020.409) and (4949.433,-3337.384),(5007.747,-3338.32)
[2.369s] found intersection with door TD2107AL2!
[2.369s] hooray, we found an intersection: t=0.193, u=0.461
[2.369s]   (4799.364,-2938.284),(4317.34,-2938.284) and (4705.553,-2966.367),(4707.598,-2905.426)
[2.369s] found intersection with door TD2110AL1!
[2.369s] hooray, we found an intersection: t=0.39, u=0.561
[2.369s]   (4650.795,-3390.594),(4650.795,-3803.286) and (4684.368,-3551.619),(4624.495,-3551.307)
[2.370s] found intersection with door TD2109AL!
[2.370s] hooray, we found an intersection: t=0.347, u=0.378
[2.370s]   (4984.765,-3462.131),(4984.765,-3722.327) and (5006.811,-3552.866),(4948.497,-3551.619)
[2.370s] found intersection with door TD2108AL!
[2.370s] hooray, we found an intersection: t=0.233, u=0.547
[2.370s]   (3017.047,-2725.149),(2803.517,-2725.149) and (2967.233,-2756.71),(2967.394,-2698.96)
[2.371s] found intersection with door TD0120AI!
[2.371s] hooray, we found an intersection: t=0.109, u=0.546
[2.371s]   (3015.032,-2817.813),(2567.828,-2817.813) and (2965.993,-2850.767),(2966.912,-2790.397)
[2.371s] found intersection with door TD0108AI!
[2.371s] hooray, we found an intersection: t=0.309, u=0.639
[2.371s]   (3015.032,-3144.151),(3480.367,-3144.151) and (3158.638,-3102.929),(3159.255,-3167.423)
[2.371s] found intersection with door TD0104AI!
[2.372s] hooray, we found an intersection: t=0.272, u=0.464
[2.372s]   (3017.047,-2725.149),(3538.785,-2725.149) and (3158.569,-2697.011),(3158.928,-2757.591)
[2.372s] found intersection with door TD0102AI!
[2.372s] hooray, we found an intersection: t=0.288, u=0.471
[2.372s]   (3015.032,-2817.813),(3514.612,-2817.813) and (3158.928,-2788.871),(3159.05,-2850.3)
[2.372s] found intersection with door TD0103AI!
[2.372s] hooray, we found an intersection: t=0.349, u=0.455
[2.372s]   (1145.077,-3390.171),(1145.077,-3224.609) and (1117.028,-3332.602),(1178.659,-3332.262)
[2.372s] found intersection with door TD1111AL2!
[2.373s] hooray, we found an intersection: t=0.292, u=0.447
[2.373s]   (1151.753,-3480.221),(1151.753,-3722.332) and (1179.599,-3552.278),(1117.369,-3549.501)
[2.373s] found intersection with door TD1109AL1!
[2.373s] hooray, we found an intersection: t=0.366, u=0.559
[2.373s]   (1466.688,-3480.221),(1466.688,-3674.859) and (1500.494,-3552.278),(1439.997,-3550.963)
[2.373s] found intersection with door TD1108AL2!
[2.373s] hooray, we found an intersection: t=0.217, u=0.482
[2.373s]   (1302.541,-2934.124),(820.307,-2934.124) and (1198.093,-2960.385),(1197.386,-2905.956)
[2.374s] found intersection with door door!
[2.374s] hooray, we found an intersection: t=0.284, u=0.73
[2.374s]   (4817.2,-1780.809),(4446.666,-1780.809) and (4713.438,-1825.213),(4711.478,-1764.359)
[2.374s] found intersection with door TD2106AA2!
[2.377s] hooray, we found an intersection: t=0.59, u=0.352
[2.378s]   (2973.126,-1995.406),(2645.816,-1995.406) and (2780.112,-1972.337),(2780.195,-2037.924)
[2.378s] found intersection with door TD0013CP2!
[2.378s] hooray, we found an intersection: t=0.781, u=0.643
[2.378s]   (2645.816,-1995.406),(1819.967,-1995.406) and (2002.62,-2036.541),(2000.32,-1972.523)
[2.378s] found intersection with door TD1001CP2!
[2.378s] hooray, we found an intersection: t=0.535, u=0.61
[2.379s]   (1426.502,-2571.467),(1426.502,-2705.795) and (1473.142,-2643.664),(1396.722,-2643.094)
[2.379s] found intersection with door TD1002CP!
[2.379s] hooray, we found an intersection: t=0.698, u=0.526
[2.379s]   (3278.902,-2049.203),(3374.282,-2135.202) and (3376.752,-2107.869),(3317.26,-2110.412)
[2.379s] found intersection with door TD0001EC2!
[2.380s] hooray, we found an intersection: t=0.307, u=0.326
[2.380s]   (4280.96,-1982.531),(4597.109,-2020.523) and (4378.527,-1973.027),(4376.943,-2038.006)
[2.380s] found intersection with door TD0014CP2!
[2.385s] writing /home/maria/rmf_ws/build/project_maps/maps/estce/nav_graphs/0.yaml
[2.420s] writing /home/maria/rmf_ws/build/project_maps/maps/estce/nav_graphs/1.yaml
[2.474s] writing /home/maria/rmf_ws/build/project_maps/maps/estce/nav_graphs/2.yaml
[2.573s] generating /home/maria/rmf_ws/build/project_maps/maps/classroom/classroom.world from /home/maria/rmf_ws/src/project/project_maps/maps/classroom/classroom.building.yaml
[2.592s] generating /home/maria/rmf_ws/build/project_maps/maps/test1/test1.world from /home/maria/rmf_ws/src/project/project_maps/maps/test1/test1.building.yaml
[2.595s] building name: test1
[2.595s] coordinate system: reference_image
[2.595s] parsing level L1
[2.596s] parsing level L2
[2.596s] calculating levels relative to L1
[2.596s] level L1 scale: 0.06666666666666667
[2.596s] calculating level L2 offset and scale...
[2.596s]   2 common fiducials:
[2.596s] Transform.set_from_fiducials()
[2.596s]   2 fiducial pairs:
[2.596s]     (1.5, -1.5) -> (2.0, -2.0)   columna1
[2.597s]     (148.5, -1.5) -> (148.5, -1.5)   columna2
[2.597s]     calc dist columna1 <=> columna2
[2.597s] Bearings:
[2.597s] [(0.0, 0.003412956031538204)]
[2.597s]   0.003412956031538204
[2.597s]   Circular mean: -0.0034129560315382034
[2.597s] Distances:
[2.598s] [(147.0, 146.50085323983612)]
[2.598s] mean relative scale: 0.996604443808409
[2.598s] translation: (-0.03333, 0.034243)
[2.598s] parsing lift lift1
[2.598s] generating model of level L1 in /home/maria/rmf_ws/build/project_maps/maps/test1/models/test1_L1
[2.598s]   wrote /home/maria/rmf_ws/build/project_maps/maps/test1/models/test1_L1/model.config
[2.598s] generating floor polygon 1 on floor test1_L1
[2.599s] hole vertices: []
[2.599s] lift vertices: {'lift1': [(5.616666666666667, -1.2833333333333337), (5.616666666666667, -5.383333333333333), (9.716666666666667, -5.383333333333333), (9.716666666666667, -1.2833333333333337)]}
[2.602s] [[0, 3, 4], [0, 4, 5], [0, 5, 1], [1, 5, 6], [1, 6, 7], [1, 7, 2], [2, 7, 4], [2, 4, 3]]
[2.602s]   wrote /home/maria/rmf_ws/build/project_maps/maps/test1/models/test1_L1/meshes/floor_1.obj
[2.604s]   wrote /home/maria/rmf_ws/build/project_maps/maps/test1/models/test1_L1/meshes/blue_linoleum.png
[2.604s]   wrote /home/maria/rmf_ws/build/project_maps/maps/test1/models/test1_L1/meshes/floor_1.mtl
[2.604s] Walls Generation, wall params list: [{'alpha': <building_map.param_value.ParamValue object at 0x7864047679e0>, 'texture_height': <building_map.param_value.ParamValue object at 0x786404767950>, 'texture_name': <building_map.param_value.ParamValue object at 0x786404767a70>, 'texture_scale': <building_map.param_value.ParamValue object at 0x786404767ad0>, 'texture_width': <building_map.param_value.ParamValue object at 0x786404767b00>}]
[2.604s] generating wall: 1 on floor: test1_L1
[2.604s]   wrote /home/maria/rmf_ws/build/project_maps/maps/test1/models/test1_L1/meshes/default.png
[2.605s] generate_wall_visual_mesh(test1_L1, /home/maria/rmf_ws/build/project_maps/maps/test1/models/test1_L1)
[2.605s]   generating /home/maria/rmf_ws/build/project_maps/maps/test1/models/test1_L1/meshes/wall_1.obj
[2.605s]   generating /home/maria/rmf_ws/build/project_maps/maps/test1/models/test1_L1/meshes/wall_1.mtl
[2.606s]   wrote /home/maria/rmf_ws/build/project_maps/maps/test1/models/test1_L1/model.sdf
[2.606s] generating model of level L2 in /home/maria/rmf_ws/build/project_maps/maps/test1/models/test1_L2
[2.606s]   wrote /home/maria/rmf_ws/build/project_maps/maps/test1/models/test1_L2/model.config
[2.606s] generating floor polygon 1 on floor test1_L2
[2.606s] hole vertices: []
[2.606s] lift vertices: {'lift1': [(5.616666666666667, -1.2833333333333337), (5.616666666666667, -5.383333333333333), (9.716666666666667, -5.383333333333333), (9.716666666666667, -1.2833333333333337)]}
[2.612s] [[0, 3, 4], [0, 4, 1], [1, 4, 5], [1, 5, 6], [1, 6, 2], [2, 6, 7], [2, 7, 3], [3, 7, 4]]
[2.612s]   wrote /home/maria/rmf_ws/build/project_maps/maps/test1/models/test1_L2/meshes/floor_1.obj
[2.613s]   wrote /home/maria/rmf_ws/build/project_maps/maps/test1/models/test1_L2/meshes/blue_linoleum.png
[2.613s]   wrote /home/maria/rmf_ws/build/project_maps/maps/test1/models/test1_L2/meshes/floor_1.mtl
[2.613s] Walls Generation, wall params list: [{'alpha': <building_map.param_value.ParamValue object at 0x786404520650>, 'texture_height': <building_map.param_value.ParamValue object at 0x786404520680>, 'texture_name': <building_map.param_value.ParamValue object at 0x7864045206e0>, 'texture_scale': <building_map.param_value.ParamValue object at 0x786404520710>, 'texture_width': <building_map.param_value.ParamValue object at 0x786404520770>}]
[2.614s] generating wall: 1 on floor: test1_L2
[2.614s]   wrote /home/maria/rmf_ws/build/project_maps/maps/test1/models/test1_L2/meshes/default.png
[2.614s] generate_wall_visual_mesh(test1_L2, /home/maria/rmf_ws/build/project_maps/maps/test1/models/test1_L2)
[2.614s]   generating /home/maria/rmf_ws/build/project_maps/maps/test1/models/test1_L2/meshes/wall_1.obj
[2.615s]   generating /home/maria/rmf_ws/build/project_maps/maps/test1/models/test1_L2/meshes/wall_1.mtl
[2.615s]   wrote /home/maria/rmf_ws/build/project_maps/maps/test1/models/test1_L2/model.sdf
[2.623s] [ 50%] Built target generate_estce_nav_graphs
[2.638s] spawning robot name tinyRobot1_charger of type TinyRobot
[2.638s] generate door name=door1 type=sliding
[2.638s] Door(door1)
[2.638s] generate door name=door2 type=sliding
[2.638s] Door(door2)
[2.641s] 33015 bytes written to /home/maria/rmf_ws/build/project_maps/maps/test1/test1.world
[2.671s] generating /home/maria/rmf_ws/build/project_maps/maps/estce/estce.world from /home/maria/rmf_ws/src/project/project_maps/maps/estce/estce.building.yaml
[2.675s] building name: classroom
[2.676s] coordinate system: reference_image
[2.676s] parsing level L1
[2.677s] parsing level L2
[2.677s] calculating levels relative to L1
[2.677s] level L1 scale: 0.02551020408163266
[2.677s] calculating level L2 offset and scale...
[2.678s]   0 common fiducials:
[2.678s] Transform.set_from_fiducials()
[2.678s]   0 fiducial pairs:
[2.678s] Bearings:
[2.678s] []
[2.684s] generating model of level L1 in /home/maria/rmf_ws/build/project_maps/maps/classroom/models/classroom_L1
[2.684s]   wrote /home/maria/rmf_ws/build/project_maps/maps/classroom/models/classroom_L1/model.config
[2.685s] generating floor polygon 1 on floor classroom_L1
[2.685s] hole vertices: []
[2.685s] lift vertices: {}
[2.688s] [[0, 5, 2], [0, 2, 1], [4, 3, 2], [4, 2, 5]]
[2.688s]   wrote /home/maria/rmf_ws/build/project_maps/maps/classroom/models/classroom_L1/meshes/floor_1.obj
[2.689s]   wrote /home/maria/rmf_ws/build/project_maps/maps/classroom/models/classroom_L1/meshes/blue_linoleum.png
[2.689s]   wrote /home/maria/rmf_ws/build/project_maps/maps/classroom/models/classroom_L1/meshes/floor_1.mtl
[2.690s] Walls Generation, wall params list: [{'alpha': <building_map.param_value.ParamValue object at 0x73dc9bb3bdd0>, 'texture_height': <building_map.param_value.ParamValue object at 0x73dc9bb3bda0>, 'texture_name': <building_map.param_value.ParamValue object at 0x73dc9bb3bf20>, 'texture_scale': <building_map.param_value.ParamValue object at 0x73dc9bb3be60>, 'texture_width': <building_map.param_value.ParamValue object at 0x73dc9bb3bec0>}]
[2.690s] generating wall: 1 on floor: classroom_L1
[2.691s]   wrote /home/maria/rmf_ws/build/project_maps/maps/classroom/models/classroom_L1/meshes/default.png
[2.691s] generate_wall_visual_mesh(classroom_L1, /home/maria/rmf_ws/build/project_maps/maps/classroom/models/classroom_L1)
[2.691s]   generating /home/maria/rmf_ws/build/project_maps/maps/classroom/models/classroom_L1/meshes/wall_1.obj
[2.702s]   generating /home/maria/rmf_ws/build/project_maps/maps/classroom/models/classroom_L1/meshes/wall_1.mtl
[2.703s]   wrote /home/maria/rmf_ws/build/project_maps/maps/classroom/models/classroom_L1/model.sdf
[2.703s] generating model of level L2 in /home/maria/rmf_ws/build/project_maps/maps/classroom/models/classroom_L2
[2.703s]   wrote /home/maria/rmf_ws/build/project_maps/maps/classroom/models/classroom_L2/model.config
[2.703s] generating floor polygon 1 on floor classroom_L2
[2.703s] hole vertices: []
[2.703s] lift vertices: {}
[2.704s] [[0, 3, 2], [0, 2, 1]]
[2.704s]   wrote /home/maria/rmf_ws/build/project_maps/maps/classroom/models/classroom_L2/meshes/floor_1.obj
[2.705s]   wrote /home/maria/rmf_ws/build/project_maps/maps/classroom/models/classroom_L2/meshes/blue_linoleum.png
[2.705s]   wrote /home/maria/rmf_ws/build/project_maps/maps/classroom/models/classroom_L2/meshes/floor_1.mtl
[2.706s] Walls Generation, wall params list: [{'alpha': <building_map.param_value.ParamValue object at 0x73dc9b9c4e30>, 'texture_height': <building_map.param_value.ParamValue object at 0x73dc9b9c4e60>, 'texture_name': <building_map.param_value.ParamValue object at 0x73dc9b9c4e90>, 'texture_scale': <building_map.param_value.ParamValue object at 0x73dc9b9c4ec0>, 'texture_width': <building_map.param_value.ParamValue object at 0x73dc9b9c4ef0>}]
[2.706s] generating wall: 1 on floor: classroom_L2
[2.706s]   wrote /home/maria/rmf_ws/build/project_maps/maps/classroom/models/classroom_L2/meshes/default.png
[2.706s] generate_wall_visual_mesh(classroom_L2, /home/maria/rmf_ws/build/project_maps/maps/classroom/models/classroom_L2)
[2.707s]   generating /home/maria/rmf_ws/build/project_maps/maps/classroom/models/classroom_L2/meshes/wall_1.obj
[2.710s]   generating /home/maria/rmf_ws/build/project_maps/maps/classroom/models/classroom_L2/meshes/wall_1.mtl
[2.710s]   wrote /home/maria/rmf_ws/build/project_maps/maps/classroom/models/classroom_L2/model.sdf
[2.727s] [ 50%] Built target test1
[2.732s] spawning robot name tinyRobot2 of type TinyRobot
[2.732s] spawning robot name tinyRobot1 of type TinyRobot
[2.732s] generate door name=door1 type=double_hinged
[2.732s] Door(door1)
[2.732s] generate door name=door2 type=hinged
[2.732s] Door(door2)
[2.733s] generate door name=door3 type=sliding
[2.733s] Door(door3)
[2.733s] generate door name=door4 type=double_hinged
[2.733s] Door(door4)
[2.733s] generate door name=door5 type=double_hinged
[2.733s] Door(door5)
[2.733s] generate door name=door6 type=double_hinged
[2.733s] Door(door6)
[2.734s] generate door name=door7 type=double_hinged
[2.734s] Door(door7)
[2.734s] generate door name=door8 type=sliding
[2.734s] Door(door8)
[2.734s] generate door name=door9 type=hinged
[2.734s] Door(door9)
[2.739s] 96466 bytes written to /home/maria/rmf_ws/build/project_maps/maps/classroom/classroom.world
[2.757s] [ 66%] [34m[1mGenerating test1_crowdsim[0m
[2.817s] [ 66%] Built target classroom
[2.848s] [ 83%] [34m[1mGenerating classroom_crowdsim[0m
[3.099s] building name: estce
[3.099s] coordinate system: reference_image
[3.099s] parsing level L1
[3.103s] parsing level L2
[3.106s] calculating levels relative to L1
[3.106s] level L1 scale: 0.022444889534645907
[3.106s] calculating level L2 offset and scale...
[3.106s]   3 common fiducials:
[3.107s] Transform.set_from_fiducials()
[3.107s]   3 fiducial pairs:
[3.107s]     (3963.9, -2197.6) -> (3837.1, -2354.5)   c3
[3.107s]     (2516.2, -2123.7) -> (2388.7, -2279.7)   c4
[3.107s]     (2369.6, -2222.5) -> (2242.3, -2378.6)   c1
[3.107s]     calc dist c3 <=> c4
[3.107s]     calc dist c3 <=> c1
[3.107s]     calc dist c4 <=> c1
[3.107s] Bearings:
[3.107s] [(3.090626667763035, 3.090030514435309), (-3.1259350542154625, -3.1264943407908756), (-2.5484125455389486, -2.5477943015529716)]
[3.107s]   -0.0005961533277258901
[3.107s]   -0.0005592865754131537
[3.107s]   0.000618243985976985
[3.107s]   Circular mean: 0.00017906532679433574
[3.107s] Distances:
[3.107s] [(1449.6723774715445, 1450.2914846695473), (1594.5624578062157, 1594.9407871394474), (176.77616935831585, 176.63032569182434)]
[3.108s] mean relative scale: 0.999946436772245
[3.108s] translation: (2.8426, 3.5003)
[3.145s] parsing lift lift1td1
[3.145s] parsing lift lift2td0
[3.145s] parsing lift lift3td2
[3.145s] parsing lift lift4td2
[3.147s] generating model of level L1 in /home/maria/rmf_ws/build/project_maps/maps/estce/models/estce_L1
[3.147s]   wrote /home/maria/rmf_ws/build/project_maps/maps/estce/models/estce_L1/model.config
[3.147s] generating floor polygon 1 on floor estce_L1
[3.148s] hole vertices: []
[3.148s] lift vertices: {'lift1td1': [(31.270640929890103, -76.33376668522129), (31.270640929890103, -79.43376668522129), (33.3706409298901, -79.43376668522129), (33.3706409298901, -76.33376668522129)], 'lift2td0': [(53.205510435476945, -47.68096139483516), (53.205510435476945, -49.28096139483515), (54.30551043547694, -49.28096139483515), (54.30551043547694, -47.68096139483516)], 'lift3td2': [(89.00510924323717, -47.879859185528076), (89.00510924323717, -49.97985918552807), (90.10510924323717, -49.97985918552807), (90.10510924323717, -47.879859185528076)], 'lift4td2': [(123.64138525089626, -48.633173343512695), (127.7413852508686, -48.63315828337177), (127.74137753713788, -46.533158283385944), (123.64137753716554, -46.53317334352687)]}
[3.289s] crowdsim unable to parse, not attempting to proceed
[3.309s] crowdsim unable to parse, not attempting to proceed
[3.380s] [ 83%] Built target generate_test1_crowdsim
[3.723s] crowdsim unable to parse, not attempting to proceed
[3.868s] [[95, 96, 94], [93, 94, 92], [50, 51, 49], [49, 51, 48], [47, 48, 46], [45, 46, 100], [45, 100, 101], [45, 101, 44], [42, 43, 40], [42, 40, 41], [102, 103, 35], [102, 35, 36], [103, 34, 35], [4, 5, 3], [1, 2, 0], [0, 2, 104], [0, 104, 105], [0, 105, 99], [98, 99, 96], [98, 96, 97], [96, 99, 6], [96, 6, 89], [96, 89, 91], [96, 91, 94], [94, 91, 92], [91, 106, 90], [52, 107, 51], [51, 107, 53], [51, 53, 48], [48, 53, 46], [46, 53, 108], [46, 108, 100], [101, 109, 43], [101, 43, 44], [43, 109, 33], [33, 110, 43], [110, 111, 43], [111, 112, 43], [43, 112, 40], [112, 113, 40], [40, 113, 39], [38, 39, 37], [37, 39, 36], [114, 102, 36], [114, 36, 39], [113, 114, 39], [21, 22, 23], [21, 23, 20], [115, 20, 23], [13, 14, 12], [5, 6, 116], [5, 116, 117], [5, 117, 3], [3, 117, 104], [3, 104, 2], [105, 116, 99], [99, 116, 6], [6, 7, 8], [6, 8, 89], [89, 8, 118], [89, 118, 88], [91, 89, 106], [87, 88, 85], [87, 85, 86], [79, 80, 78], [76, 77, 75], [75, 77, 70], [75, 70, 72], [75, 72, 73], [75, 73, 74], [72, 70, 71], [67, 68, 66], [59, 60, 58], [53, 54, 33], [53, 33, 108], [108, 33, 109], [33, 54, 55], [55, 119, 33], [25, 26, 24], [120, 121, 24], [24, 121, 23], [121, 122, 23], [122, 123, 23], [123, 124, 23], [124, 115, 23], [14, 15, 27], [14, 27, 11], [14, 11, 12], [125, 126, 127], [8, 126, 125], [8, 125, 118], [118, 128, 85], [118, 85, 88], [85, 128, 84], [80, 81, 11], [80, 11, 66], [80, 66, 78], [78, 66, 68], [78, 68, 70], [78, 70, 77], [70, 68, 69], [66, 11, 28], [66, 28, 65], [60, 61, 58], [58, 61, 129], [58, 129, 130], [58, 130, 57], [57, 130, 56], [56, 130, 31], [56, 31, 55], [55, 31, 131], [55, 131, 119], [31, 32, 131], [132, 24, 26], [19, 24, 132], [19, 132, 133], [19, 120, 24], [134, 18, 19], [134, 19, 135], [136, 17, 18], [136, 18, 134], [27, 17, 136], [17, 27, 16], [16, 27, 15], [27, 28, 11], [28, 29, 30], [28, 30, 129], [28, 129, 63], [28, 63, 64], [28, 64, 65], [63, 129, 62], [62, 129, 61], [129, 30, 137], [130, 138, 31], [138, 139, 31], [137, 140, 138], [138, 140, 139], [137, 141, 140], [135, 19, 133], [30, 141, 137], [11, 81, 82], [11, 82, 83], [11, 83, 128], [11, 128, 9], [11, 9, 10], [142, 9, 143], [125, 127, 143], [143, 127, 142], [143, 9, 128], [128, 83, 84]]
[3.873s]   wrote /home/maria/rmf_ws/build/project_maps/maps/estce/models/estce_L1/meshes/floor_1.obj
[3.875s]   wrote /home/maria/rmf_ws/build/project_maps/maps/estce/models/estce_L1/meshes/blue_linoleum.png
[3.875s]   wrote /home/maria/rmf_ws/build/project_maps/maps/estce/models/estce_L1/meshes/floor_1.mtl
[3.875s] Walls Generation, wall params list: [{'alpha': <building_map.param_value.ParamValue object at 0x7d640bcc5d00>, 'texture_height': <building_map.param_value.ParamValue object at 0x7d640bcc5d60>, 'texture_name': <building_map.param_value.ParamValue object at 0x7d640bcc5d90>, 'texture_scale': <building_map.param_value.ParamValue object at 0x7d640bcc5dc0>, 'texture_width': <building_map.param_value.ParamValue object at 0x7d640bcc5e20>}]
[3.876s] generating wall: 1 on floor: estce_L1
[3.876s]   wrote /home/maria/rmf_ws/build/project_maps/maps/estce/models/estce_L1/meshes/default.png
[3.876s] generate_wall_visual_mesh(estce_L1, /home/maria/rmf_ws/build/project_maps/maps/estce/models/estce_L1)
[3.877s]   generating /home/maria/rmf_ws/build/project_maps/maps/estce/models/estce_L1/meshes/wall_1.obj
[3.909s]   generating /home/maria/rmf_ws/build/project_maps/maps/estce/models/estce_L1/meshes/wall_1.mtl
[3.909s]   wrote /home/maria/rmf_ws/build/project_maps/maps/estce/models/estce_L1/model.sdf
[3.909s] generating model of level L2 in /home/maria/rmf_ws/build/project_maps/maps/estce/models/estce_L2
[3.909s]   wrote /home/maria/rmf_ws/build/project_maps/maps/estce/models/estce_L2/model.config
[3.910s] generating floor polygon 1 on floor estce_L2
[3.910s] hole vertices: [[(32.038756741414744, -42.76915216128614), (31.11673500280745, -42.874342528720355), (29.881747866515727, -43.35818717420026), (29.14116076436808, -43.85547828335986), (28.446281434405638, -44.52016416331792), (28.18828671567239, -44.89993090262992), (27.902443415164427, -45.318893505603), (27.659816875330964, -45.78271810821972), (27.49702381768832, -46.33130730559018), (27.35746824671091, -46.786830843755695), (27.30272430051249, -47.42516261590286), (27.306182355823804, -48.18484998650477), (27.520795314795677, -49.22045180384088), (27.979793576379052, -50.21277868670446), (28.568030152623294, -51.04466020665891), (29.157538206306413, -51.581442725050174), (29.951253484935357, -52.077336789240654), (30.593241501695815, -52.36899858368847), (31.36939239777892, -52.54975265884881), (32.27394380183291, -52.65463839645499), (33.114261763506796, -52.54944021324229), (33.86116482227765, -52.35090546002476), (34.61973930420733, -52.0239769695925), (35.255761762454966, -51.592022712577965), (35.88589653422498, -50.99668440486839), (36.387631298646134, -50.35465877132251), (36.807655483657385, -49.54928511042502), (37.08176230477987, -48.64470340474208), (37.13997793752946, -47.839372085119734), (37.098954679464335, -46.88234539869987), (36.877069716975065, -46.100408171249505), (36.53846716893895, -45.330163811805384), (36.03646125516407, -44.58329264810546), (35.48198214906801, -43.99400244763602), (34.85166137537696, -43.55060298085515), (34.01124518964044, -43.10726358097049), (33.00747106670977, -42.81564412377851)], [(110.09102272666154, -42.75955269459609), (111.44045567773574, -42.7390871288873), (112.83541074658372, -43.10273338721559), (113.86148077122128, -43.68376876454881), (114.89267627942866, -44.68427579473863), (115.61563246114594, -45.881937155334136), (115.88875829247449, -47.14540122285116), (115.82331198059556, -48.560526823481574), (115.34848752224677, -49.9403731343614), (114.49963822914278, -51.1635902506152), (113.35253107123509, -52.0431886571492), (111.88190966988071, -52.553898576710914), (110.27473277632299, -52.59968459521777), (108.93534156104337, -52.16527830477956), (107.77784496651485, -51.43264310871486), (106.82750824825862, -50.3512707754882), (106.22077593676646, -49.01711636277498), (106.03352686402847, -47.61718712334794), (106.22531950767716, -46.18686534015669), (106.83411373287781, -44.99652984230133), (107.61732055938776, -44.09300172515975), (108.54587957595648, -43.39157464055808)]]
[3.910s] lift vertices: {'lift1td1': [(31.270640929890103, -76.33376668522129), (31.270640929890103, -79.43376668522129), (33.3706409298901, -79.43376668522129), (33.3706409298901, -76.33376668522129)], 'lift2td0': [(53.205510435476945, -47.68096139483516), (53.205510435476945, -49.28096139483515), (54.30551043547694, -49.28096139483515), (54.30551043547694, -47.68096139483516)], 'lift3td2': [(89.00510924323717, -47.879859185528076), (89.00510924323717, -49.97985918552807), (90.10510924323717, -49.97985918552807), (90.10510924323717, -47.879859185528076)], 'lift4td2': [(123.64138525089626, -48.633173343512695), (127.7413852508686, -48.63315828337177), (127.74137753713788, -46.533158283385944), (123.64137753716554, -46.53317334352687)]}
[4.093s] crowdsim unable to parse, not attempting to proceed
[4.158s] [ 83%] Built target generate_classroom_crowdsim
[4.747s] [[5, 6, 4], [3, 4, 2], [54, 55, 53], [52, 53, 51], [50, 51, 89], [50, 89, 90], [50, 90, 49], [47, 48, 45], [47, 45, 46], [29, 30, 31], [29, 31, 26], [29, 26, 28], [28, 26, 27], [10, 11, 12], [10, 12, 91], [10, 91, 92], [10, 92, 9], [8, 9, 7], [7, 9, 6], [6, 9, 93], [6, 93, 94], [6, 94, 95], [6, 95, 96], [6, 96, 97], [6, 97, 98], [6, 98, 99], [6, 99, 100], [6, 100, 101], [6, 101, 102], [6, 102, 4], [4, 102, 103], [4, 103, 1], [4, 1, 2], [55, 56, 53], [53, 56, 104], [53, 104, 51], [51, 104, 105], [51, 105, 106], [51, 106, 107], [51, 107, 108], [51, 108, 109], [51, 109, 89], [90, 110, 48], [90, 48, 49], [48, 110, 111], [48, 111, 112], [48, 112, 113], [48, 113, 114], [48, 114, 45], [45, 114, 115], [45, 115, 44], [43, 44, 42], [42, 44, 41], [35, 36, 34], [31, 32, 25], [31, 25, 26], [22, 23, 21], [15, 16, 116], [15, 116, 117], [15, 117, 13], [15, 13, 14], [12, 13, 91], [91, 13, 117], [92, 116, 118], [92, 118, 119], [92, 119, 120], [92, 120, 9], [9, 120, 121], [9, 121, 122], [9, 122, 123], [9, 123, 124], [9, 124, 125], [9, 125, 126], [9, 126, 93], [103, 127, 1], [1, 127, 128], [128, 127, 129], [128, 0, 1], [130, 56, 57], [130, 131, 56], [132, 131, 130], [56, 131, 104], [108, 133, 109], [109, 133, 110], [110, 133, 134], [110, 134, 111], [115, 135, 44], [44, 135, 41], [41, 135, 136], [41, 136, 137], [41, 137, 138], [41, 138, 139], [41, 139, 58], [41, 58, 140], [41, 140, 39], [41, 39, 40], [141, 39, 142], [143, 142, 144], [141, 142, 143], [144, 145, 143], [38, 145, 144], [37, 38, 36], [36, 38, 146], [36, 146, 67], [36, 67, 79], [36, 79, 21], [36, 21, 34], [34, 21, 23], [34, 23, 32], [34, 32, 33], [32, 23, 25], [25, 23, 24], [21, 79, 147], [21, 147, 19], [21, 19, 20], [148, 149, 19], [150, 149, 148], [150, 148, 18], [17, 18, 16], [16, 18, 88], [16, 88, 151], [16, 151, 152], [16, 152, 153], [16, 153, 154], [16, 154, 155], [16, 155, 156], [16, 156, 157], [16, 157, 158], [16, 158, 116], [116, 158, 159], [116, 159, 160], [116, 160, 118], [161, 162, 88], [161, 88, 163], [163, 88, 164], [127, 163, 129], [129, 163, 164], [84, 85, 86], [84, 86, 81], [84, 81, 83], [78, 79, 77], [74, 75, 77], [74, 77, 73], [73, 77, 72], [72, 77, 69], [72, 69, 71], [71, 69, 70], [68, 69, 67], [62, 63, 60], [62, 60, 61], [132, 58, 131], [131, 58, 165], [165, 58, 166], [166, 58, 167], [139, 168, 58], [58, 168, 167], [58, 59, 140], [140, 59, 146], [140, 142, 39], [144, 146, 38], [146, 59, 66], [146, 66, 67], [63, 64, 65], [63, 65, 60], [60, 65, 59], [59, 65, 66], [67, 69, 77], [67, 77, 79], [77, 75, 76], [79, 80, 147], [147, 80, 169], [147, 170, 19], [19, 170, 148], [148, 169, 18], [18, 169, 88], [88, 169, 87], [86, 87, 80], [86, 80, 81], [81, 82, 83], [80, 87, 169], [88, 162, 171], [88, 171, 172], [88, 172, 173], [88, 173, 151]]
[4.753s]   wrote /home/maria/rmf_ws/build/project_maps/maps/estce/models/estce_L2/meshes/floor_1.obj
[4.753s]   wrote /home/maria/rmf_ws/build/project_maps/maps/estce/models/estce_L2/meshes/blue_linoleum.png
[4.753s]   wrote /home/maria/rmf_ws/build/project_maps/maps/estce/models/estce_L2/meshes/floor_1.mtl
[4.754s] Walls Generation, wall params list: [{'alpha': <building_map.param_value.ParamValue object at 0x7d640bac15e0>, 'texture_height': <building_map.param_value.ParamValue object at 0x7d640bac1610>, 'texture_name': <building_map.param_value.ParamValue object at 0x7d640bac1670>, 'texture_scale': <building_map.param_value.ParamValue object at 0x7d640bac1640>, 'texture_width': <building_map.param_value.ParamValue object at 0x7d640bac16d0>}]
[4.754s] generating wall: 1 on floor: estce_L2
[4.755s]   wrote /home/maria/rmf_ws/build/project_maps/maps/estce/models/estce_L2/meshes/default.png
[4.755s] generate_wall_visual_mesh(estce_L2, /home/maria/rmf_ws/build/project_maps/maps/estce/models/estce_L2)
[4.755s]   generating /home/maria/rmf_ws/build/project_maps/maps/estce/models/estce_L2/meshes/wall_1.obj
[4.780s]   generating /home/maria/rmf_ws/build/project_maps/maps/estce/models/estce_L2/meshes/wall_1.mtl
[4.780s]   wrote /home/maria/rmf_ws/build/project_maps/maps/estce/models/estce_L2/model.sdf
[4.800s] Traceback (most recent call last):
[4.800s]   File "/rmf_demos_ws/install/rmf_building_map_tools/lib/rmf_building_map_tools/building_map_generator", line 33, in <module>
[4.800s]     sys.exit(load_entry_point('rmf-building-map-tools==1.14.0', 'console_scripts', 'building_map_generator')())
[4.800s]              ^^^^^^^^^^^^^^^^^^^^^^^^^^^^^^^^^^^^^^^^^^^^^^^^^^^^^^^^^^^^^^^^^^^^^^^^^^^^^^^^^^^^^^^^^^^^^^^^^
[4.800s] spawning robot name cleaner_robot1 of type CleanerBotA
[4.800s] spawning robot name patrol_robot1 of type TinyRobot
[4.800s]   File "/rmf_demos_ws/install/rmf_building_map_tools/lib/python3.12/site-packages/building_map_generator/building_map_generator.py", line 16, in main
[4.800s]     g.generate_sdf(
[4.800s]   File "/rmf_demos_ws/install/rmf_building_map_tools/lib/python3.12/site-packages/building_map/generator.py", line 38, in generate_sdf
[4.800s]     sdf = building.generate_sdf_world(template_file, skip_camera_pose)
[4.800s]           ^^^^^^^^^^^^^^^^^^^^^^^^^^^^^^^^^^^^^^^^^^^^^^^^^^^^^^^^^^^^
[4.800s]   File "/rmf_demos_ws/install/rmf_building_map_tools/lib/python3.12/site-packages/building_map/building.py", line 430, in generate_sdf_world
[4.800s]     level.generate_sdf_models(world, model_author_cache)
[4.800s]   File "/rmf_demos_ws/install/rmf_building_map_tools/lib/python3.12/site-packages/building_map/level.py", line 258, in generate_sdf_models
[4.800s]     self.generate_robot_at_vertex_idx(vertex_idx, world_ele)
[4.801s]   File "/rmf_demos_ws/install/rmf_building_map_tools/lib/python3.12/site-packages/building_map/level.py", line 288, in generate_robot_at_vertex_idx
[4.801s]     robot_name = vertex.params['spawn_robot_name'].value
[4.801s]                  ~~~~~~~~~~~~~^^^^^^^^^^^^^^^^^^^^
[4.801s] KeyError: 'spawn_robot_name'
[4.838s] [ros2run]: Process exited with failure 1
[4.853s] gmake[2]: *** [CMakeFiles/estce.dir/build.make:70: CMakeFiles/estce] Error 1
[4.853s] gmake[1]: *** [CMakeFiles/Makefile2:255: CMakeFiles/estce.dir/all] Error 2
[4.853s] gmake: *** [Makefile:146: all] Error 2
[4.855s] Invoked command in '/home/maria/rmf_ws/build/project_maps' returned '2': CMAKE_PREFIX_PATH=/home/maria/rmf_ws/install/project_config:/home/maria/rmf_ws/install/rmf_visualization:/home/maria/rmf_ws/install/rmf_visualization_schedule:/home/maria/rmf_ws/install/rmf_visualization_rviz2_plugins:/home/maria/rmf_ws/install/rmf_visualization_obstacles:/home/maria/rmf_ws/install/rmf_visualization_navgraphs:/home/maria/rmf_ws/install/rmf_visualization_floorplans:/home/maria/rmf_ws/install/rmf_visualization_fleet_states:/home/maria/rmf_ws/install/rmf_robot_sim_gz_plugins:/home/maria/rmf_ws/install/rmf_robot_sim_common:/home/maria/rmf_ws/install/rmf_building_sim_gz_plugins:/home/maria/rmf_ws/install/project_simulation:/home/maria/rmf_ws/install/project_maps:/home/maria/rmf_ws/install/project_assets:/rmf_demos_ws/install/rmf_workcell_msgs:/rmf_demos_ws/install/rmf_demos_gz:/rmf_demos_ws/install/rmf_demos:/rmf_demos_ws/install/rmf_reservation_node:/rmf_demos_ws/install/rmf_fleet_adapter_python:/rmf_demos_ws/install/rmf_fleet_adapter:/rmf_demos_ws/install/rmf_task_ros2:/rmf_demos_ws/install/rmf_websocket:/rmf_demos_ws/install/rmf_visualization:/rmf_demos_ws/install/rmf_visualization_schedule:/rmf_demos_ws/install/rmf_visualization_rviz2_plugins:/rmf_demos_ws/install/rmf_visualization_obstacles:/rmf_demos_ws/install/rmf_visualization_navgraphs:/rmf_demos_ws/install/rmf_visualization_floorplans:/rmf_demos_ws/install/rmf_visualization_fleet_states:/rmf_demos_ws/install/rmf_visualization_msgs:/rmf_demos_ws/install/rmf_traffic_ros2:/rmf_demos_ws/install/rmf_task_sequence:/rmf_demos_ws/install/rmf_task:/rmf_demos_ws/install/rmf_battery:/rmf_demos_ws/install/rmf_traffic:/rmf_demos_ws/install/rmf_utils:/rmf_demos_ws/install/rmf_traffic_msgs:/rmf_demos_ws/install/rmf_traffic_editor_test_maps:/rmf_demos_ws/install/rmf_traffic_editor_assets:/rmf_demos_ws/install/rmf_traffic_editor:/rmf_demos_ws/install/rmf_task_msgs:/rmf_demos_ws/install/rmf_site_map_msgs:/rmf_demos_ws/install/rmf_scheduler_msgs:/rmf_demos_ws/install/rmf_robot_sim_gz_plugins:/rmf_demos_ws/install/rmf_robot_sim_common:/rmf_demos_ws/install/rmf_reservation_msgs:/rmf_demos_ws/install/rmf_obstacle_msgs:/rmf_demos_ws/install/rmf_building_sim_gz_plugins:/rmf_demos_ws/install/rmf_lift_msgs:/rmf_demos_ws/install/rmf_ingestor_msgs:/rmf_demos_ws/install/rmf_fleet_msgs:/rmf_demos_ws/install/rmf_door_msgs:/rmf_demos_ws/install/rmf_dispenser_msgs:/rmf_demos_ws/install/rmf_demos_maps:/rmf_demos_ws/install/rmf_demos_assets:/rmf_demos_ws/install/rmf_charger_msgs:/rmf_demos_ws/install/rmf_building_map_msgs:/rmf_demos_ws/install/rmf_api_msgs:/rmf_demos_ws/install/nlohmann_json_schema_validator_vendor:/home/maria/rmf_ws/install/rmf_visualization_building_systems:/home/maria/rmf_ws/install/rmf_demos_tasks:/home/maria/rmf_ws/install/project_tasks:/home/maria/rmf_ws/install/project_fleet_adapter:/rmf_demos_ws/install/rmf_demos_fleet_adapter:/rmf_demos_ws/install/rmf_visualization_building_systems:/rmf_demos_ws/install/rmf_traffic_examples:/rmf_demos_ws/install/rmf_demos_bridges:/rmf_demos_ws/install/rmf_demos_tasks:/rmf_demos_ws/install/rmf_building_map_tools:/rmf_demos_ws/install/rmf_charging_schedule:/opt/ros/jazzy:/rmf_demos_ws/install/menge_vendor:/rmf_demos_ws/install/ament_cmake_catch2:/opt/ros/jazzy/opt/gz_sim_vendor:/opt/ros/jazzy/opt/gz_sensors_vendor:/opt/ros/jazzy/opt/gz_physics_vendor:/opt/ros/jazzy/opt/sdformat_vendor:/opt/ros/jazzy/opt/gz_gui_vendor:/opt/ros/jazzy/opt/gz_transport_vendor:/opt/ros/jazzy/opt/gz_rendering_vendor:/opt/ros/jazzy/opt/gz_plugin_vendor:/opt/ros/jazzy/opt/gz_fuel_tools_vendor:/opt/ros/jazzy/opt/gz_msgs_vendor:/opt/ros/jazzy/opt/gz_common_vendor:/opt/ros/jazzy/opt/gz_math_vendor:/opt/ros/jazzy/opt/gz_utils_vendor:/opt/ros/jazzy/opt/gz_tools_vendor:/opt/ros/jazzy/opt/gz_ogre_next_vendor:/opt/ros/jazzy/opt/gz_dartsim_vendor:/opt/ros/jazzy/opt/gz_cmake_vendor /usr/bin/cmake --build /home/maria/rmf_ws/build/project_maps -- -j8 -l8
