[0.175s] Invoking command in '/home/maria/rmf_ws/build/rmf_visualization_rviz2_plugins': CMAKE_PREFIX_PATH=/home/maria/rmf_ws/install/project_config:/home/maria/rmf_ws/install/rmf_visualization:/home/maria/rmf_ws/install/rmf_visualization_schedule:/home/maria/rmf_ws/install/rmf_visualization_rviz2_plugins:/home/maria/rmf_ws/install/rmf_visualization_obstacles:/home/maria/rmf_ws/install/rmf_visualization_navgraphs:/home/maria/rmf_ws/install/rmf_visualization_floorplans:/home/maria/rmf_ws/install/rmf_visualization_fleet_states:/home/maria/rmf_ws/install/rmf_robot_sim_gz_plugins:/home/maria/rmf_ws/install/rmf_robot_sim_common:/home/maria/rmf_ws/install/rmf_building_sim_gz_plugins:/home/maria/rmf_ws/install/project_simulation:/home/maria/rmf_ws/install/project_maps:/home/maria/rmf_ws/install/project_assets:/rmf_demos_ws/install/rmf_workcell_msgs:/rmf_demos_ws/install/rmf_demos_gz:/rmf_demos_ws/install/rmf_demos:/rmf_demos_ws/install/rmf_reservation_node:/rmf_demos_ws/install/rmf_fleet_adapter_python:/rmf_demos_ws/install/rmf_fleet_adapter:/rmf_demos_ws/install/rmf_task_ros2:/rmf_demos_ws/install/rmf_websocket:/rmf_demos_ws/install/rmf_visualization:/rmf_demos_ws/install/rmf_visualization_schedule:/rmf_demos_ws/install/rmf_visualization_rviz2_plugins:/rmf_demos_ws/install/rmf_visualization_obstacles:/rmf_demos_ws/install/rmf_visualization_navgraphs:/rmf_demos_ws/install/rmf_visualization_floorplans:/rmf_demos_ws/install/rmf_visualization_fleet_states:/rmf_demos_ws/install/rmf_visualization_msgs:/rmf_demos_ws/install/rmf_traffic_ros2:/rmf_demos_ws/install/rmf_task_sequence:/rmf_demos_ws/install/rmf_task:/rmf_demos_ws/install/rmf_battery:/rmf_demos_ws/install/rmf_traffic:/rmf_demos_ws/install/rmf_utils:/rmf_demos_ws/install/rmf_traffic_msgs:/rmf_demos_ws/install/rmf_traffic_editor_test_maps:/rmf_demos_ws/install/rmf_traffic_editor_assets:/rmf_demos_ws/install/rmf_traffic_editor:/rmf_demos_ws/install/rmf_task_msgs:/rmf_demos_ws/install/rmf_site_map_msgs:/rmf_demos_ws/install/rmf_scheduler_msgs:/rmf_demos_ws/install/rmf_robot_sim_gz_plugins:/rmf_demos_ws/install/rmf_robot_sim_common:/rmf_demos_ws/install/rmf_reservation_msgs:/rmf_demos_ws/install/rmf_obstacle_msgs:/rmf_demos_ws/install/rmf_building_sim_gz_plugins:/rmf_demos_ws/install/rmf_lift_msgs:/rmf_demos_ws/install/rmf_ingestor_msgs:/rmf_demos_ws/install/rmf_fleet_msgs:/rmf_demos_ws/install/rmf_door_msgs:/rmf_demos_ws/install/rmf_dispenser_msgs:/rmf_demos_ws/install/rmf_demos_maps:/rmf_demos_ws/install/rmf_demos_assets:/rmf_demos_ws/install/rmf_charger_msgs:/rmf_demos_ws/install/rmf_building_map_msgs:/rmf_demos_ws/install/rmf_api_msgs:/rmf_demos_ws/install/nlohmann_json_schema_validator_vendor:/home/maria/rmf_ws/install/rmf_visualization_building_systems:/home/maria/rmf_ws/install/project_tasks:/home/maria/rmf_ws/install/project_fleet_adapter:/rmf_demos_ws/install/rmf_demos_fleet_adapter:/rmf_demos_ws/install/rmf_visualization_building_systems:/rmf_demos_ws/install/rmf_traffic_examples:/rmf_demos_ws/install/rmf_demos_bridges:/rmf_demos_ws/install/rmf_demos_tasks:/rmf_demos_ws/install/rmf_building_map_tools:/rmf_demos_ws/install/rmf_charging_schedule:/opt/ros/jazzy:/rmf_demos_ws/install/menge_vendor:/rmf_demos_ws/install/ament_cmake_catch2:/opt/ros/jazzy/opt/gz_sim_vendor:/opt/ros/jazzy/opt/gz_sensors_vendor:/opt/ros/jazzy/opt/gz_physics_vendor:/opt/ros/jazzy/opt/sdformat_vendor:/opt/ros/jazzy/opt/gz_gui_vendor:/opt/ros/jazzy/opt/gz_transport_vendor:/opt/ros/jazzy/opt/gz_rendering_vendor:/opt/ros/jazzy/opt/gz_plugin_vendor:/opt/ros/jazzy/opt/gz_fuel_tools_vendor:/opt/ros/jazzy/opt/gz_msgs_vendor:/opt/ros/jazzy/opt/gz_common_vendor:/opt/ros/jazzy/opt/gz_math_vendor:/opt/ros/jazzy/opt/gz_utils_vendor:/opt/ros/jazzy/opt/gz_tools_vendor:/opt/ros/jazzy/opt/gz_ogre_next_vendor:/opt/ros/jazzy/opt/gz_dartsim_vendor:/opt/ros/jazzy/opt/gz_cmake_vendor /usr/bin/cmake /home/maria/rmf_ws/src/rmf_visualization/rmf_visualization_rviz2_plugins -DCMAKE_INSTALL_PREFIX=/home/maria/rmf_ws/install/rmf_visualization_rviz2_plugins
[0.329s] -- The C compiler identification is GNU 13.3.0
[0.458s] -- The CXX compiler identification is GNU 13.3.0
[0.481s] -- Detecting C compiler ABI info
[0.616s] -- Detecting C compiler ABI info - done
[0.637s] -- Check for working C compiler: /usr/bin/cc - skipped
[0.638s] -- Detecting C compile features
[0.638s] -- Detecting C compile features - done
[0.655s] -- Detecting CXX compiler ABI info
[0.800s] -- Detecting CXX compiler ABI info - done
[0.813s] -- Check for working CXX compiler: /usr/bin/c++ - skipped
[0.816s] -- Detecting CXX compile features
[0.816s] -- Detecting CXX compile features - done
[0.833s] -- Found ament_cmake: 2.5.5 (/opt/ros/jazzy/share/ament_cmake/cmake)
[1.130s] -- Found Python3: /usr/bin/python3 (found version "3.12.3") found components: Interpreter 
[1.412s] -- Found rclcpp: 28.1.16 (/opt/ros/jazzy/share/rclcpp/cmake)
[1.517s] -- Found rosidl_generator_c: 4.6.7 (/opt/ros/jazzy/share/rosidl_generator_c/cmake)
[1.552s] -- Found rosidl_generator_cpp: 4.6.7 (/opt/ros/jazzy/share/rosidl_generator_cpp/cmake)
[1.595s] -- Using all available rosidl_typesupport_c: rosidl_typesupport_fastrtps_c;rosidl_typesupport_introspection_c
[1.641s] -- Using all available rosidl_typesupport_cpp: rosidl_typesupport_fastrtps_cpp;rosidl_typesupport_introspection_cpp
[1.802s] -- Found rmw_implementation_cmake: 7.3.3 (/opt/ros/jazzy/share/rmw_implementation_cmake/cmake)
[1.816s] -- Found rmw_fastrtps_cpp: 8.4.3 (/opt/ros/jazzy/share/rmw_fastrtps_cpp/cmake)
[1.958s] -- Found OpenSSL: /usr/lib/x86_64-linux-gnu/libcrypto.so (found version "3.0.13")  
[1.979s] -- Found FastRTPS: /opt/ros/jazzy/include (Required is at least version "2.13") 
[2.006s] -- Using RMW implementation 'rmw_fastrtps_cpp' as default
[2.118s] -- Found rmf_door_msgs: 4.0.0 (/rmf_demos_ws/install/rmf_door_msgs/share/rmf_door_msgs/cmake)
[2.141s] -- Found rmf_lift_msgs: 4.0.0 (/rmf_demos_ws/install/rmf_lift_msgs/share/rmf_lift_msgs/cmake)
[2.162s] -- Found rmf_visualization_msgs: 1.6.0 (/rmf_demos_ws/install/rmf_visualization_msgs/share/rmf_visualization_msgs/cmake)
[2.191s] -- Found rviz_common: 14.1.19 (/opt/ros/jazzy/share/rviz_common/cmake)
[2.359s] -- Setting OGRE_DIR to: '/opt/ros/jazzy/share/rviz_ogre_vendor/cmake/../../../opt/rviz_ogre_vendor/lib/OGRE/cmake'
[2.362s] -- Found OGRE
[2.362s] --   static     : OFF
[2.362s] --   components : MeshLodGenerator;Overlay;Paging;Property;RTShaderSystem;Terrain;Volume
[2.362s] --   plugins    : Plugin_BSPSceneManager;Plugin_OctreeSceneManager;Plugin_PCZSceneManager;Plugin_ParticleFX;RenderSystem_GL;RenderSystem_GL3Plus;Codec_STBI
[2.362s] --   media      : /opt/ros/jazzy/opt/rviz_ogre_vendor/share/OGRE/Media
[2.363s] -- OGRE_LIBRARIES: OgreMeshLodGenerator;OgreOverlay;OgrePaging;OgreProperty;OgreRTShaderSystem;OgreTerrain;OgreVolume;OgreMain
[2.363s] -- OGRE_LIBRARY_DIRS: /opt/ros/jazzy/opt/rviz_ogre_vendor/lib
[2.363s] -- OGRE_PLUGINS: Plugin_BSPSceneManager;Plugin_OctreeSceneManager;Plugin_PCZSceneManager;Plugin_ParticleFX;RenderSystem_GL;RenderSystem_GL3Plus;Codec_STBI
[2.363s] -- OGRE_PLUGIN_DIR: /opt/ros/jazzy/opt/rviz_ogre_vendor/lib/OGRE
[2.363s] -- rviz_ogre_vendor::OgreOverlay for IMPORTED_LOCATION_RELEASE: /opt/ros/jazzy/opt/rviz_ogre_vendor/lib/libOgreOverlay.so
[2.363s] -- rviz_ogre_vendor::OgreOverlay for IMPORTED_LOCATION_DEBUG: /opt/ros/jazzy/opt/rviz_ogre_vendor/lib/libOgreOverlay.so
[2.363s] -- rviz_ogre_vendor::OgreMain for IMPORTED_LOCATION_RELEASE: /opt/ros/jazzy/opt/rviz_ogre_vendor/lib/libOgreMain.so
[2.363s] -- rviz_ogre_vendor::OgreMain for IMPORTED_LOCATION_DEBUG: /opt/ros/jazzy/opt/rviz_ogre_vendor/lib/libOgreMain.so
[2.420s] -- Found ZLIB: /usr/lib/x86_64-linux-gnu/libz.so (found version "1.3")  
[2.452s] -- Found OpenGL: /usr/lib/x86_64-linux-gnu/libOpenGL.so   
[2.717s] -- Found X11: /usr/include   
[2.717s] -- Looking for XOpenDisplay in /usr/lib/x86_64-linux-gnu/libX11.so;/usr/lib/x86_64-linux-gnu/libXext.so
[2.911s] -- Looking for XOpenDisplay in /usr/lib/x86_64-linux-gnu/libX11.so;/usr/lib/x86_64-linux-gnu/libXext.so - found
[2.912s] -- Looking for gethostbyname
[3.059s] -- Looking for gethostbyname - found
[3.059s] -- Looking for connect
[3.289s] -- Looking for connect - found
[3.297s] -- Looking for remove
[3.608s] -- Looking for remove - found
[3.608s] -- Looking for shmat
[3.862s] -- Looking for shmat - found
[3.862s] -- Looking for IceConnectionNumber in ICE
[4.105s] -- Looking for IceConnectionNumber in ICE - found
[4.976s] -- Setting yaml-cpp_DIR to: '/opt/ros/jazzy/share/yaml_cpp_vendor/cmake/../../../opt/yaml_cpp_vendor/share/cmake/yaml-cpp'
[5.034s] -- Found rviz_default_plugins: 14.1.19 (/opt/ros/jazzy/share/rviz_default_plugins/cmake)
[5.648s] -- Found eigen3_cmake_module: 0.3.0 (/opt/ros/jazzy/share/eigen3_cmake_module/cmake)
[5.656s] -- Found Eigen3: TRUE (found version "3.4.0") 
[5.656s] -- Ensuring Eigen3 include directory is part of orocos-kdl CMake target
[5.827s] -- Found rmf_traffic_ros2: 2.11.1 (/rmf_demos_ws/install/rmf_traffic_ros2/share/rmf_traffic_ros2/cmake)
[5.847s] -- Found PkgConfig: /usr/bin/pkg-config (found version "1.8.1") 
[5.859s] -- Checking for module 'proj'
[5.939s] --   Found proj, version 9.4.0
[6.895s] -- Found ament_cmake_uncrustify: 0.17.4 (/opt/ros/jazzy/share/ament_cmake_uncrustify/cmake)
[7.066s] -- Configuring done (6.9s)
[7.403s] -- Generating done (0.2s)
[7.434s] -- Build files have been written to: /home/maria/rmf_ws/build/rmf_visualization_rviz2_plugins
[7.553s] Invoked command in '/home/maria/rmf_ws/build/rmf_visualization_rviz2_plugins' returned '0': CMAKE_PREFIX_PATH=/home/maria/rmf_ws/install/project_config:/home/maria/rmf_ws/install/rmf_visualization:/home/maria/rmf_ws/install/rmf_visualization_schedule:/home/maria/rmf_ws/install/rmf_visualization_rviz2_plugins:/home/maria/rmf_ws/install/rmf_visualization_obstacles:/home/maria/rmf_ws/install/rmf_visualization_navgraphs:/home/maria/rmf_ws/install/rmf_visualization_floorplans:/home/maria/rmf_ws/install/rmf_visualization_fleet_states:/home/maria/rmf_ws/install/rmf_robot_sim_gz_plugins:/home/maria/rmf_ws/install/rmf_robot_sim_common:/home/maria/rmf_ws/install/rmf_building_sim_gz_plugins:/home/maria/rmf_ws/install/project_simulation:/home/maria/rmf_ws/install/project_maps:/home/maria/rmf_ws/install/project_assets:/rmf_demos_ws/install/rmf_workcell_msgs:/rmf_demos_ws/install/rmf_demos_gz:/rmf_demos_ws/install/rmf_demos:/rmf_demos_ws/install/rmf_reservation_node:/rmf_demos_ws/install/rmf_fleet_adapter_python:/rmf_demos_ws/install/rmf_fleet_adapter:/rmf_demos_ws/install/rmf_task_ros2:/rmf_demos_ws/install/rmf_websocket:/rmf_demos_ws/install/rmf_visualization:/rmf_demos_ws/install/rmf_visualization_schedule:/rmf_demos_ws/install/rmf_visualization_rviz2_plugins:/rmf_demos_ws/install/rmf_visualization_obstacles:/rmf_demos_ws/install/rmf_visualization_navgraphs:/rmf_demos_ws/install/rmf_visualization_floorplans:/rmf_demos_ws/install/rmf_visualization_fleet_states:/rmf_demos_ws/install/rmf_visualization_msgs:/rmf_demos_ws/install/rmf_traffic_ros2:/rmf_demos_ws/install/rmf_task_sequence:/rmf_demos_ws/install/rmf_task:/rmf_demos_ws/install/rmf_battery:/rmf_demos_ws/install/rmf_traffic:/rmf_demos_ws/install/rmf_utils:/rmf_demos_ws/install/rmf_traffic_msgs:/rmf_demos_ws/install/rmf_traffic_editor_test_maps:/rmf_demos_ws/install/rmf_traffic_editor_assets:/rmf_demos_ws/install/rmf_traffic_editor:/rmf_demos_ws/install/rmf_task_msgs:/rmf_demos_ws/install/rmf_site_map_msgs:/rmf_demos_ws/install/rmf_scheduler_msgs:/rmf_demos_ws/install/rmf_robot_sim_gz_plugins:/rmf_demos_ws/install/rmf_robot_sim_common:/rmf_demos_ws/install/rmf_reservation_msgs:/rmf_demos_ws/install/rmf_obstacle_msgs:/rmf_demos_ws/install/rmf_building_sim_gz_plugins:/rmf_demos_ws/install/rmf_lift_msgs:/rmf_demos_ws/install/rmf_ingestor_msgs:/rmf_demos_ws/install/rmf_fleet_msgs:/rmf_demos_ws/install/rmf_door_msgs:/rmf_demos_ws/install/rmf_dispenser_msgs:/rmf_demos_ws/install/rmf_demos_maps:/rmf_demos_ws/install/rmf_demos_assets:/rmf_demos_ws/install/rmf_charger_msgs:/rmf_demos_ws/install/rmf_building_map_msgs:/rmf_demos_ws/install/rmf_api_msgs:/rmf_demos_ws/install/nlohmann_json_schema_validator_vendor:/home/maria/rmf_ws/install/rmf_visualization_building_systems:/home/maria/rmf_ws/install/project_tasks:/home/maria/rmf_ws/install/project_fleet_adapter:/rmf_demos_ws/install/rmf_demos_fleet_adapter:/rmf_demos_ws/install/rmf_visualization_building_systems:/rmf_demos_ws/install/rmf_traffic_examples:/rmf_demos_ws/install/rmf_demos_bridges:/rmf_demos_ws/install/rmf_demos_tasks:/rmf_demos_ws/install/rmf_building_map_tools:/rmf_demos_ws/install/rmf_charging_schedule:/opt/ros/jazzy:/rmf_demos_ws/install/menge_vendor:/rmf_demos_ws/install/ament_cmake_catch2:/opt/ros/jazzy/opt/gz_sim_vendor:/opt/ros/jazzy/opt/gz_sensors_vendor:/opt/ros/jazzy/opt/gz_physics_vendor:/opt/ros/jazzy/opt/sdformat_vendor:/opt/ros/jazzy/opt/gz_gui_vendor:/opt/ros/jazzy/opt/gz_transport_vendor:/opt/ros/jazzy/opt/gz_rendering_vendor:/opt/ros/jazzy/opt/gz_plugin_vendor:/opt/ros/jazzy/opt/gz_fuel_tools_vendor:/opt/ros/jazzy/opt/gz_msgs_vendor:/opt/ros/jazzy/opt/gz_common_vendor:/opt/ros/jazzy/opt/gz_math_vendor:/opt/ros/jazzy/opt/gz_utils_vendor:/opt/ros/jazzy/opt/gz_tools_vendor:/opt/ros/jazzy/opt/gz_ogre_next_vendor:/opt/ros/jazzy/opt/gz_dartsim_vendor:/opt/ros/jazzy/opt/gz_cmake_vendor /usr/bin/cmake /home/maria/rmf_ws/src/rmf_visualization/rmf_visualization_rviz2_plugins -DCMAKE_INSTALL_PREFIX=/home/maria/rmf_ws/install/rmf_visualization_rviz2_plugins
[7.553s] Invoking command in '/home/maria/rmf_ws/build/rmf_visualization_rviz2_plugins': CMAKE_PREFIX_PATH=/home/maria/rmf_ws/install/project_config:/home/maria/rmf_ws/install/rmf_visualization:/home/maria/rmf_ws/install/rmf_visualization_schedule:/home/maria/rmf_ws/install/rmf_visualization_rviz2_plugins:/home/maria/rmf_ws/install/rmf_visualization_obstacles:/home/maria/rmf_ws/install/rmf_visualization_navgraphs:/home/maria/rmf_ws/install/rmf_visualization_floorplans:/home/maria/rmf_ws/install/rmf_visualization_fleet_states:/home/maria/rmf_ws/install/rmf_robot_sim_gz_plugins:/home/maria/rmf_ws/install/rmf_robot_sim_common:/home/maria/rmf_ws/install/rmf_building_sim_gz_plugins:/home/maria/rmf_ws/install/project_simulation:/home/maria/rmf_ws/install/project_maps:/home/maria/rmf_ws/install/project_assets:/rmf_demos_ws/install/rmf_workcell_msgs:/rmf_demos_ws/install/rmf_demos_gz:/rmf_demos_ws/install/rmf_demos:/rmf_demos_ws/install/rmf_reservation_node:/rmf_demos_ws/install/rmf_fleet_adapter_python:/rmf_demos_ws/install/rmf_fleet_adapter:/rmf_demos_ws/install/rmf_task_ros2:/rmf_demos_ws/install/rmf_websocket:/rmf_demos_ws/install/rmf_visualization:/rmf_demos_ws/install/rmf_visualization_schedule:/rmf_demos_ws/install/rmf_visualization_rviz2_plugins:/rmf_demos_ws/install/rmf_visualization_obstacles:/rmf_demos_ws/install/rmf_visualization_navgraphs:/rmf_demos_ws/install/rmf_visualization_floorplans:/rmf_demos_ws/install/rmf_visualization_fleet_states:/rmf_demos_ws/install/rmf_visualization_msgs:/rmf_demos_ws/install/rmf_traffic_ros2:/rmf_demos_ws/install/rmf_task_sequence:/rmf_demos_ws/install/rmf_task:/rmf_demos_ws/install/rmf_battery:/rmf_demos_ws/install/rmf_traffic:/rmf_demos_ws/install/rmf_utils:/rmf_demos_ws/install/rmf_traffic_msgs:/rmf_demos_ws/install/rmf_traffic_editor_test_maps:/rmf_demos_ws/install/rmf_traffic_editor_assets:/rmf_demos_ws/install/rmf_traffic_editor:/rmf_demos_ws/install/rmf_task_msgs:/rmf_demos_ws/install/rmf_site_map_msgs:/rmf_demos_ws/install/rmf_scheduler_msgs:/rmf_demos_ws/install/rmf_robot_sim_gz_plugins:/rmf_demos_ws/install/rmf_robot_sim_common:/rmf_demos_ws/install/rmf_reservation_msgs:/rmf_demos_ws/install/rmf_obstacle_msgs:/rmf_demos_ws/install/rmf_building_sim_gz_plugins:/rmf_demos_ws/install/rmf_lift_msgs:/rmf_demos_ws/install/rmf_ingestor_msgs:/rmf_demos_ws/install/rmf_fleet_msgs:/rmf_demos_ws/install/rmf_door_msgs:/rmf_demos_ws/install/rmf_dispenser_msgs:/rmf_demos_ws/install/rmf_demos_maps:/rmf_demos_ws/install/rmf_demos_assets:/rmf_demos_ws/install/rmf_charger_msgs:/rmf_demos_ws/install/rmf_building_map_msgs:/rmf_demos_ws/install/rmf_api_msgs:/rmf_demos_ws/install/nlohmann_json_schema_validator_vendor:/home/maria/rmf_ws/install/rmf_visualization_building_systems:/home/maria/rmf_ws/install/project_tasks:/home/maria/rmf_ws/install/project_fleet_adapter:/rmf_demos_ws/install/rmf_demos_fleet_adapter:/rmf_demos_ws/install/rmf_visualization_building_systems:/rmf_demos_ws/install/rmf_traffic_examples:/rmf_demos_ws/install/rmf_demos_bridges:/rmf_demos_ws/install/rmf_demos_tasks:/rmf_demos_ws/install/rmf_building_map_tools:/rmf_demos_ws/install/rmf_charging_schedule:/opt/ros/jazzy:/rmf_demos_ws/install/menge_vendor:/rmf_demos_ws/install/ament_cmake_catch2:/opt/ros/jazzy/opt/gz_sim_vendor:/opt/ros/jazzy/opt/gz_sensors_vendor:/opt/ros/jazzy/opt/gz_physics_vendor:/opt/ros/jazzy/opt/sdformat_vendor:/opt/ros/jazzy/opt/gz_gui_vendor:/opt/ros/jazzy/opt/gz_transport_vendor:/opt/ros/jazzy/opt/gz_rendering_vendor:/opt/ros/jazzy/opt/gz_plugin_vendor:/opt/ros/jazzy/opt/gz_fuel_tools_vendor:/opt/ros/jazzy/opt/gz_msgs_vendor:/opt/ros/jazzy/opt/gz_common_vendor:/opt/ros/jazzy/opt/gz_math_vendor:/opt/ros/jazzy/opt/gz_utils_vendor:/opt/ros/jazzy/opt/gz_tools_vendor:/opt/ros/jazzy/opt/gz_ogre_next_vendor:/opt/ros/jazzy/opt/gz_dartsim_vendor:/opt/ros/jazzy/opt/gz_cmake_vendor /usr/bin/cmake --build /home/maria/rmf_ws/build/rmf_visualization_rviz2_plugins -- -j8 -l8
[24.890s] [01m[K/home/maria/rmf_ws/src/rmf_visualization/rmf_visualization_rviz2_plugins/src/NegotiationModel.cpp:[m[K In member function ‘[01m[Kuint64_t NegotiationModel::[01;32m[Kget_negotiation_id[m[K(std::size_t)[m[K’:
[24.890s] [01m[K/home/maria/rmf_ws/src/rmf_visualization/rmf_visualization_rviz2_plugins/src/NegotiationModel.cpp:66:1:[m[K [01;35m[Kwarning: [m[Kcontrol reaches end of non-void function [[01;35m[K]8;;https://gcc.gnu.org/onlinedocs/gcc/Warning-Options.html#index-Wreturn-type-Wreturn-type]8;;[m[K]
[24.890s]    66 | [01;35m[K}[m[K
[24.891s]       | [01;35m[K^[m[K
[24.891s] [01m[K/home/maria/rmf_ws/src/rmf_visualization/rmf_visualization_rviz2_plugins/src/LiftPanel.cpp:[m[K In member function ‘[01m[Kvoid rmf_visualization_rviz2_plugins::LiftPanel::[01;32m[Kdisplay_state[m[K(const LiftState&)[m[K’:
[24.891s] [01m[K/home/maria/rmf_ws/src/rmf_visualization/rmf_visualization_rviz2_plugins/src/LiftPanel.cpp:380:19:[m[K [01;35m[Kwarning: [m[Kloop variable ‘[01m[Kf[m[K’ creates a copy from type ‘[01m[Kconst std::__cxx11::basic_string<char>[m[K’ [[01;35m[K]8;;https://gcc.gnu.org/onlinedocs/gcc/Warning-Options.html#index-Wrange-loop-construct-Wrange-loop-construct]8;;[m[K]
[24.891s]   380 |   for (const auto [01;35m[Kf[m[K : msg.available_floors)
[24.891s]       |                   [01;35m[K^[m[K
[24.892s] [01m[K/home/maria/rmf_ws/src/rmf_visualization/rmf_visualization_rviz2_plugins/src/LiftPanel.cpp:380:19:[m[K [01;36m[Knote: [m[Kuse reference type to prevent copying
[24.892s]   380 |   for (const auto [01;36m[Kf[m[K : msg.available_floors)
[24.894s]       |                   [01;36m[K^[m[K
[24.894s]       |                   [32m[K&[m[K
[24.894s] [  0%] Built target rmf_visualization_rviz2_plugins_autogen_timestamp_deps
[24.895s] [ 12%] [34m[1mAutomatic MOC for target rmf_visualization_rviz2_plugins[0m
[24.895s] [ 12%] Built target rmf_visualization_rviz2_plugins_autogen
[24.895s] [ 37%] [32mBuilding CXX object CMakeFiles/rmf_visualization_rviz2_plugins.dir/src/SchedulePanel.cpp.o[0m
[24.895s] [ 37%] [32mBuilding CXX object CMakeFiles/rmf_visualization_rviz2_plugins.dir/rmf_visualization_rviz2_plugins_autogen/mocs_compilation.cpp.o[0m
[24.895s] [ 50%] [32mBuilding CXX object CMakeFiles/rmf_visualization_rviz2_plugins.dir/src/NegotiationModel.cpp.o[0m
[24.895s] [ 62%] [32mBuilding CXX object CMakeFiles/rmf_visualization_rviz2_plugins.dir/src/LiftPanel.cpp.o[0m
[24.895s] [ 75%] [32mBuilding CXX object CMakeFiles/rmf_visualization_rviz2_plugins.dir/src/DoorPanel.cpp.o[0m
[34.601s] [ 87%] [32m[1mLinking CXX shared library librmf_visualization_rviz2_plugins.so[0m
[40.702s] [100%] Built target rmf_visualization_rviz2_plugins
[40.722s] Invoked command in '/home/maria/rmf_ws/build/rmf_visualization_rviz2_plugins' returned '0': CMAKE_PREFIX_PATH=/home/maria/rmf_ws/install/project_config:/home/maria/rmf_ws/install/rmf_visualization:/home/maria/rmf_ws/install/rmf_visualization_schedule:/home/maria/rmf_ws/install/rmf_visualization_rviz2_plugins:/home/maria/rmf_ws/install/rmf_visualization_obstacles:/home/maria/rmf_ws/install/rmf_visualization_navgraphs:/home/maria/rmf_ws/install/rmf_visualization_floorplans:/home/maria/rmf_ws/install/rmf_visualization_fleet_states:/home/maria/rmf_ws/install/rmf_robot_sim_gz_plugins:/home/maria/rmf_ws/install/rmf_robot_sim_common:/home/maria/rmf_ws/install/rmf_building_sim_gz_plugins:/home/maria/rmf_ws/install/project_simulation:/home/maria/rmf_ws/install/project_maps:/home/maria/rmf_ws/install/project_assets:/rmf_demos_ws/install/rmf_workcell_msgs:/rmf_demos_ws/install/rmf_demos_gz:/rmf_demos_ws/install/rmf_demos:/rmf_demos_ws/install/rmf_reservation_node:/rmf_demos_ws/install/rmf_fleet_adapter_python:/rmf_demos_ws/install/rmf_fleet_adapter:/rmf_demos_ws/install/rmf_task_ros2:/rmf_demos_ws/install/rmf_websocket:/rmf_demos_ws/install/rmf_visualization:/rmf_demos_ws/install/rmf_visualization_schedule:/rmf_demos_ws/install/rmf_visualization_rviz2_plugins:/rmf_demos_ws/install/rmf_visualization_obstacles:/rmf_demos_ws/install/rmf_visualization_navgraphs:/rmf_demos_ws/install/rmf_visualization_floorplans:/rmf_demos_ws/install/rmf_visualization_fleet_states:/rmf_demos_ws/install/rmf_visualization_msgs:/rmf_demos_ws/install/rmf_traffic_ros2:/rmf_demos_ws/install/rmf_task_sequence:/rmf_demos_ws/install/rmf_task:/rmf_demos_ws/install/rmf_battery:/rmf_demos_ws/install/rmf_traffic:/rmf_demos_ws/install/rmf_utils:/rmf_demos_ws/install/rmf_traffic_msgs:/rmf_demos_ws/install/rmf_traffic_editor_test_maps:/rmf_demos_ws/install/rmf_traffic_editor_assets:/rmf_demos_ws/install/rmf_traffic_editor:/rmf_demos_ws/install/rmf_task_msgs:/rmf_demos_ws/install/rmf_site_map_msgs:/rmf_demos_ws/install/rmf_scheduler_msgs:/rmf_demos_ws/install/rmf_robot_sim_gz_plugins:/rmf_demos_ws/install/rmf_robot_sim_common:/rmf_demos_ws/install/rmf_reservation_msgs:/rmf_demos_ws/install/rmf_obstacle_msgs:/rmf_demos_ws/install/rmf_building_sim_gz_plugins:/rmf_demos_ws/install/rmf_lift_msgs:/rmf_demos_ws/install/rmf_ingestor_msgs:/rmf_demos_ws/install/rmf_fleet_msgs:/rmf_demos_ws/install/rmf_door_msgs:/rmf_demos_ws/install/rmf_dispenser_msgs:/rmf_demos_ws/install/rmf_demos_maps:/rmf_demos_ws/install/rmf_demos_assets:/rmf_demos_ws/install/rmf_charger_msgs:/rmf_demos_ws/install/rmf_building_map_msgs:/rmf_demos_ws/install/rmf_api_msgs:/rmf_demos_ws/install/nlohmann_json_schema_validator_vendor:/home/maria/rmf_ws/install/rmf_visualization_building_systems:/home/maria/rmf_ws/install/project_tasks:/home/maria/rmf_ws/install/project_fleet_adapter:/rmf_demos_ws/install/rmf_demos_fleet_adapter:/rmf_demos_ws/install/rmf_visualization_building_systems:/rmf_demos_ws/install/rmf_traffic_examples:/rmf_demos_ws/install/rmf_demos_bridges:/rmf_demos_ws/install/rmf_demos_tasks:/rmf_demos_ws/install/rmf_building_map_tools:/rmf_demos_ws/install/rmf_charging_schedule:/opt/ros/jazzy:/rmf_demos_ws/install/menge_vendor:/rmf_demos_ws/install/ament_cmake_catch2:/opt/ros/jazzy/opt/gz_sim_vendor:/opt/ros/jazzy/opt/gz_sensors_vendor:/opt/ros/jazzy/opt/gz_physics_vendor:/opt/ros/jazzy/opt/sdformat_vendor:/opt/ros/jazzy/opt/gz_gui_vendor:/opt/ros/jazzy/opt/gz_transport_vendor:/opt/ros/jazzy/opt/gz_rendering_vendor:/opt/ros/jazzy/opt/gz_plugin_vendor:/opt/ros/jazzy/opt/gz_fuel_tools_vendor:/opt/ros/jazzy/opt/gz_msgs_vendor:/opt/ros/jazzy/opt/gz_common_vendor:/opt/ros/jazzy/opt/gz_math_vendor:/opt/ros/jazzy/opt/gz_utils_vendor:/opt/ros/jazzy/opt/gz_tools_vendor:/opt/ros/jazzy/opt/gz_ogre_next_vendor:/opt/ros/jazzy/opt/gz_dartsim_vendor:/opt/ros/jazzy/opt/gz_cmake_vendor /usr/bin/cmake --build /home/maria/rmf_ws/build/rmf_visualization_rviz2_plugins -- -j8 -l8
[40.724s] Invoking command in '/home/maria/rmf_ws/build/rmf_visualization_rviz2_plugins': CMAKE_PREFIX_PATH=/home/maria/rmf_ws/install/project_config:/home/maria/rmf_ws/install/rmf_visualization:/home/maria/rmf_ws/install/rmf_visualization_schedule:/home/maria/rmf_ws/install/rmf_visualization_rviz2_plugins:/home/maria/rmf_ws/install/rmf_visualization_obstacles:/home/maria/rmf_ws/install/rmf_visualization_navgraphs:/home/maria/rmf_ws/install/rmf_visualization_floorplans:/home/maria/rmf_ws/install/rmf_visualization_fleet_states:/home/maria/rmf_ws/install/rmf_robot_sim_gz_plugins:/home/maria/rmf_ws/install/rmf_robot_sim_common:/home/maria/rmf_ws/install/rmf_building_sim_gz_plugins:/home/maria/rmf_ws/install/project_simulation:/home/maria/rmf_ws/install/project_maps:/home/maria/rmf_ws/install/project_assets:/rmf_demos_ws/install/rmf_workcell_msgs:/rmf_demos_ws/install/rmf_demos_gz:/rmf_demos_ws/install/rmf_demos:/rmf_demos_ws/install/rmf_reservation_node:/rmf_demos_ws/install/rmf_fleet_adapter_python:/rmf_demos_ws/install/rmf_fleet_adapter:/rmf_demos_ws/install/rmf_task_ros2:/rmf_demos_ws/install/rmf_websocket:/rmf_demos_ws/install/rmf_visualization:/rmf_demos_ws/install/rmf_visualization_schedule:/rmf_demos_ws/install/rmf_visualization_rviz2_plugins:/rmf_demos_ws/install/rmf_visualization_obstacles:/rmf_demos_ws/install/rmf_visualization_navgraphs:/rmf_demos_ws/install/rmf_visualization_floorplans:/rmf_demos_ws/install/rmf_visualization_fleet_states:/rmf_demos_ws/install/rmf_visualization_msgs:/rmf_demos_ws/install/rmf_traffic_ros2:/rmf_demos_ws/install/rmf_task_sequence:/rmf_demos_ws/install/rmf_task:/rmf_demos_ws/install/rmf_battery:/rmf_demos_ws/install/rmf_traffic:/rmf_demos_ws/install/rmf_utils:/rmf_demos_ws/install/rmf_traffic_msgs:/rmf_demos_ws/install/rmf_traffic_editor_test_maps:/rmf_demos_ws/install/rmf_traffic_editor_assets:/rmf_demos_ws/install/rmf_traffic_editor:/rmf_demos_ws/install/rmf_task_msgs:/rmf_demos_ws/install/rmf_site_map_msgs:/rmf_demos_ws/install/rmf_scheduler_msgs:/rmf_demos_ws/install/rmf_robot_sim_gz_plugins:/rmf_demos_ws/install/rmf_robot_sim_common:/rmf_demos_ws/install/rmf_reservation_msgs:/rmf_demos_ws/install/rmf_obstacle_msgs:/rmf_demos_ws/install/rmf_building_sim_gz_plugins:/rmf_demos_ws/install/rmf_lift_msgs:/rmf_demos_ws/install/rmf_ingestor_msgs:/rmf_demos_ws/install/rmf_fleet_msgs:/rmf_demos_ws/install/rmf_door_msgs:/rmf_demos_ws/install/rmf_dispenser_msgs:/rmf_demos_ws/install/rmf_demos_maps:/rmf_demos_ws/install/rmf_demos_assets:/rmf_demos_ws/install/rmf_charger_msgs:/rmf_demos_ws/install/rmf_building_map_msgs:/rmf_demos_ws/install/rmf_api_msgs:/rmf_demos_ws/install/nlohmann_json_schema_validator_vendor:/home/maria/rmf_ws/install/rmf_visualization_building_systems:/home/maria/rmf_ws/install/project_tasks:/home/maria/rmf_ws/install/project_fleet_adapter:/rmf_demos_ws/install/rmf_demos_fleet_adapter:/rmf_demos_ws/install/rmf_visualization_building_systems:/rmf_demos_ws/install/rmf_traffic_examples:/rmf_demos_ws/install/rmf_demos_bridges:/rmf_demos_ws/install/rmf_demos_tasks:/rmf_demos_ws/install/rmf_building_map_tools:/rmf_demos_ws/install/rmf_charging_schedule:/opt/ros/jazzy:/rmf_demos_ws/install/menge_vendor:/rmf_demos_ws/install/ament_cmake_catch2:/opt/ros/jazzy/opt/gz_sim_vendor:/opt/ros/jazzy/opt/gz_sensors_vendor:/opt/ros/jazzy/opt/gz_physics_vendor:/opt/ros/jazzy/opt/sdformat_vendor:/opt/ros/jazzy/opt/gz_gui_vendor:/opt/ros/jazzy/opt/gz_transport_vendor:/opt/ros/jazzy/opt/gz_rendering_vendor:/opt/ros/jazzy/opt/gz_plugin_vendor:/opt/ros/jazzy/opt/gz_fuel_tools_vendor:/opt/ros/jazzy/opt/gz_msgs_vendor:/opt/ros/jazzy/opt/gz_common_vendor:/opt/ros/jazzy/opt/gz_math_vendor:/opt/ros/jazzy/opt/gz_utils_vendor:/opt/ros/jazzy/opt/gz_tools_vendor:/opt/ros/jazzy/opt/gz_ogre_next_vendor:/opt/ros/jazzy/opt/gz_dartsim_vendor:/opt/ros/jazzy/opt/gz_cmake_vendor /usr/bin/cmake --install /home/maria/rmf_ws/build/rmf_visualization_rviz2_plugins
[40.746s] -- Install configuration: ""
[40.747s] -- Installing: /home/maria/rmf_ws/install/rmf_visualization_rviz2_plugins/share/rmf_visualization_rviz2_plugins/plugin_description.xml
[40.747s] -- Installing: /home/maria/rmf_ws/install/rmf_visualization_rviz2_plugins/share/rmf_visualization_rviz2_plugins/environment/library_path.sh
[40.748s] -- Installing: /home/maria/rmf_ws/install/rmf_visualization_rviz2_plugins/share/rmf_visualization_rviz2_plugins/environment/library_path.dsv
[40.749s] -- Installing: /home/maria/rmf_ws/install/rmf_visualization_rviz2_plugins/lib/librmf_visualization_rviz2_plugins.so
[40.765s] -- Set non-toolchain portion of runtime path of "/home/maria/rmf_ws/install/rmf_visualization_rviz2_plugins/lib/librmf_visualization_rviz2_plugins.so" to ""
[40.765s] -- Installing: /home/maria/rmf_ws/install/rmf_visualization_rviz2_plugins/share/ament_index/resource_index/package_run_dependencies/rmf_visualization_rviz2_plugins
[40.766s] -- Installing: /home/maria/rmf_ws/install/rmf_visualization_rviz2_plugins/share/ament_index/resource_index/parent_prefix_path/rmf_visualization_rviz2_plugins
[40.766s] -- Installing: /home/maria/rmf_ws/install/rmf_visualization_rviz2_plugins/share/rmf_visualization_rviz2_plugins/environment/ament_prefix_path.sh
[40.767s] -- Installing: /home/maria/rmf_ws/install/rmf_visualization_rviz2_plugins/share/rmf_visualization_rviz2_plugins/environment/ament_prefix_path.dsv
[40.767s] -- Installing: /home/maria/rmf_ws/install/rmf_visualization_rviz2_plugins/share/rmf_visualization_rviz2_plugins/environment/path.sh
[40.767s] -- Installing: /home/maria/rmf_ws/install/rmf_visualization_rviz2_plugins/share/rmf_visualization_rviz2_plugins/environment/path.dsv
[40.768s] -- Installing: /home/maria/rmf_ws/install/rmf_visualization_rviz2_plugins/share/rmf_visualization_rviz2_plugins/local_setup.bash
[40.768s] -- Installing: /home/maria/rmf_ws/install/rmf_visualization_rviz2_plugins/share/rmf_visualization_rviz2_plugins/local_setup.sh
[40.769s] -- Installing: /home/maria/rmf_ws/install/rmf_visualization_rviz2_plugins/share/rmf_visualization_rviz2_plugins/local_setup.zsh
[40.769s] -- Installing: /home/maria/rmf_ws/install/rmf_visualization_rviz2_plugins/share/rmf_visualization_rviz2_plugins/local_setup.dsv
[40.769s] -- Installing: /home/maria/rmf_ws/install/rmf_visualization_rviz2_plugins/share/rmf_visualization_rviz2_plugins/package.dsv
[40.770s] -- Installing: /home/maria/rmf_ws/install/rmf_visualization_rviz2_plugins/share/ament_index/resource_index/packages/rmf_visualization_rviz2_plugins
[40.770s] -- Installing: /home/maria/rmf_ws/install/rmf_visualization_rviz2_plugins/share/ament_index/resource_index/rviz_common__pluginlib__plugin/rmf_visualization_rviz2_plugins
[40.771s] -- Installing: /home/maria/rmf_ws/install/rmf_visualization_rviz2_plugins/share/rmf_visualization_rviz2_plugins/cmake/rmf_visualization_rviz2_pluginsExport.cmake
[40.771s] -- Installing: /home/maria/rmf_ws/install/rmf_visualization_rviz2_plugins/share/rmf_visualization_rviz2_plugins/cmake/rmf_visualization_rviz2_pluginsExport-noconfig.cmake
[40.771s] -- Installing: /home/maria/rmf_ws/install/rmf_visualization_rviz2_plugins/share/rmf_visualization_rviz2_plugins/cmake/ament_cmake_export_include_directories-extras.cmake
[40.772s] -- Installing: /home/maria/rmf_ws/install/rmf_visualization_rviz2_plugins/share/rmf_visualization_rviz2_plugins/cmake/ament_cmake_export_targets-extras.cmake
[40.772s] -- Installing: /home/maria/rmf_ws/install/rmf_visualization_rviz2_plugins/share/rmf_visualization_rviz2_plugins/cmake/ament_cmake_export_dependencies-extras.cmake
[40.772s] -- Installing: /home/maria/rmf_ws/install/rmf_visualization_rviz2_plugins/share/rmf_visualization_rviz2_plugins/cmake/rmf_visualization_rviz2_pluginsConfig.cmake
[40.772s] -- Installing: /home/maria/rmf_ws/install/rmf_visualization_rviz2_plugins/share/rmf_visualization_rviz2_plugins/cmake/rmf_visualization_rviz2_pluginsConfig-version.cmake
[40.772s] -- Installing: /home/maria/rmf_ws/install/rmf_visualization_rviz2_plugins/share/rmf_visualization_rviz2_plugins/package.xml
[40.778s] Invoked command in '/home/maria/rmf_ws/build/rmf_visualization_rviz2_plugins' returned '0': CMAKE_PREFIX_PATH=/home/maria/rmf_ws/install/project_config:/home/maria/rmf_ws/install/rmf_visualization:/home/maria/rmf_ws/install/rmf_visualization_schedule:/home/maria/rmf_ws/install/rmf_visualization_rviz2_plugins:/home/maria/rmf_ws/install/rmf_visualization_obstacles:/home/maria/rmf_ws/install/rmf_visualization_navgraphs:/home/maria/rmf_ws/install/rmf_visualization_floorplans:/home/maria/rmf_ws/install/rmf_visualization_fleet_states:/home/maria/rmf_ws/install/rmf_robot_sim_gz_plugins:/home/maria/rmf_ws/install/rmf_robot_sim_common:/home/maria/rmf_ws/install/rmf_building_sim_gz_plugins:/home/maria/rmf_ws/install/project_simulation:/home/maria/rmf_ws/install/project_maps:/home/maria/rmf_ws/install/project_assets:/rmf_demos_ws/install/rmf_workcell_msgs:/rmf_demos_ws/install/rmf_demos_gz:/rmf_demos_ws/install/rmf_demos:/rmf_demos_ws/install/rmf_reservation_node:/rmf_demos_ws/install/rmf_fleet_adapter_python:/rmf_demos_ws/install/rmf_fleet_adapter:/rmf_demos_ws/install/rmf_task_ros2:/rmf_demos_ws/install/rmf_websocket:/rmf_demos_ws/install/rmf_visualization:/rmf_demos_ws/install/rmf_visualization_schedule:/rmf_demos_ws/install/rmf_visualization_rviz2_plugins:/rmf_demos_ws/install/rmf_visualization_obstacles:/rmf_demos_ws/install/rmf_visualization_navgraphs:/rmf_demos_ws/install/rmf_visualization_floorplans:/rmf_demos_ws/install/rmf_visualization_fleet_states:/rmf_demos_ws/install/rmf_visualization_msgs:/rmf_demos_ws/install/rmf_traffic_ros2:/rmf_demos_ws/install/rmf_task_sequence:/rmf_demos_ws/install/rmf_task:/rmf_demos_ws/install/rmf_battery:/rmf_demos_ws/install/rmf_traffic:/rmf_demos_ws/install/rmf_utils:/rmf_demos_ws/install/rmf_traffic_msgs:/rmf_demos_ws/install/rmf_traffic_editor_test_maps:/rmf_demos_ws/install/rmf_traffic_editor_assets:/rmf_demos_ws/install/rmf_traffic_editor:/rmf_demos_ws/install/rmf_task_msgs:/rmf_demos_ws/install/rmf_site_map_msgs:/rmf_demos_ws/install/rmf_scheduler_msgs:/rmf_demos_ws/install/rmf_robot_sim_gz_plugins:/rmf_demos_ws/install/rmf_robot_sim_common:/rmf_demos_ws/install/rmf_reservation_msgs:/rmf_demos_ws/install/rmf_obstacle_msgs:/rmf_demos_ws/install/rmf_building_sim_gz_plugins:/rmf_demos_ws/install/rmf_lift_msgs:/rmf_demos_ws/install/rmf_ingestor_msgs:/rmf_demos_ws/install/rmf_fleet_msgs:/rmf_demos_ws/install/rmf_door_msgs:/rmf_demos_ws/install/rmf_dispenser_msgs:/rmf_demos_ws/install/rmf_demos_maps:/rmf_demos_ws/install/rmf_demos_assets:/rmf_demos_ws/install/rmf_charger_msgs:/rmf_demos_ws/install/rmf_building_map_msgs:/rmf_demos_ws/install/rmf_api_msgs:/rmf_demos_ws/install/nlohmann_json_schema_validator_vendor:/home/maria/rmf_ws/install/rmf_visualization_building_systems:/home/maria/rmf_ws/install/project_tasks:/home/maria/rmf_ws/install/project_fleet_adapter:/rmf_demos_ws/install/rmf_demos_fleet_adapter:/rmf_demos_ws/install/rmf_visualization_building_systems:/rmf_demos_ws/install/rmf_traffic_examples:/rmf_demos_ws/install/rmf_demos_bridges:/rmf_demos_ws/install/rmf_demos_tasks:/rmf_demos_ws/install/rmf_building_map_tools:/rmf_demos_ws/install/rmf_charging_schedule:/opt/ros/jazzy:/rmf_demos_ws/install/menge_vendor:/rmf_demos_ws/install/ament_cmake_catch2:/opt/ros/jazzy/opt/gz_sim_vendor:/opt/ros/jazzy/opt/gz_sensors_vendor:/opt/ros/jazzy/opt/gz_physics_vendor:/opt/ros/jazzy/opt/sdformat_vendor:/opt/ros/jazzy/opt/gz_gui_vendor:/opt/ros/jazzy/opt/gz_transport_vendor:/opt/ros/jazzy/opt/gz_rendering_vendor:/opt/ros/jazzy/opt/gz_plugin_vendor:/opt/ros/jazzy/opt/gz_fuel_tools_vendor:/opt/ros/jazzy/opt/gz_msgs_vendor:/opt/ros/jazzy/opt/gz_common_vendor:/opt/ros/jazzy/opt/gz_math_vendor:/opt/ros/jazzy/opt/gz_utils_vendor:/opt/ros/jazzy/opt/gz_tools_vendor:/opt/ros/jazzy/opt/gz_ogre_next_vendor:/opt/ros/jazzy/opt/gz_dartsim_vendor:/opt/ros/jazzy/opt/gz_cmake_vendor /usr/bin/cmake --install /home/maria/rmf_ws/build/rmf_visualization_rviz2_plugins
