[1.745s] Invoking command in '/home/maria/rmf_ws/src/project/project_tasks': PYTHONPATH=/home/maria/rmf_ws/build/project_tasks/prefix_override:/usr/lib/python3/dist-packages/colcon_core/task/python/colcon_distutils_commands:/home/maria/rmf_ws/install/project_tasks/lib/python3.12/site-packages:${PYTHONPATH} /usr/bin/python3 -W ignore:setup.py install is deprecated -W ignore:easy_install command is deprecated setup.py egg_info --egg-base ../../../build/project_tasks build --build-base /home/maria/rmf_ws/build/project_tasks/build install --record /home/maria/rmf_ws/build/project_tasks/install.log --single-version-externally-managed install_data
[2.061s] running egg_info
[2.062s] creating ../../../build/project_tasks/project_tasks.egg-info
[2.080s] writing ../../../build/project_tasks/project_tasks.egg-info/PKG-INFO
[2.080s] writing dependency_links to ../../../build/project_tasks/project_tasks.egg-info/dependency_links.txt
[2.082s] writing entry points to ../../../build/project_tasks/project_tasks.egg-info/entry_points.txt
[2.082s] writing requirements to ../../../build/project_tasks/project_tasks.egg-info/requires.txt
[2.082s] writing top-level names to ../../../build/project_tasks/project_tasks.egg-info/top_level.txt
[2.082s] writing manifest file '../../../build/project_tasks/project_tasks.egg-info/SOURCES.txt'
[2.131s] reading manifest file '../../../build/project_tasks/project_tasks.egg-info/SOURCES.txt'
[2.132s] writing manifest file '../../../build/project_tasks/project_tasks.egg-info/SOURCES.txt'
[2.132s] running build
[2.132s] running build_py
[2.133s] creating /home/maria/rmf_ws/build/project_tasks/build
[2.133s] creating /home/maria/rmf_ws/build/project_tasks/build/lib
[2.133s] creating /home/maria/rmf_ws/build/project_tasks/build/lib/project_tasks
[2.134s] copying project_tasks/dispatch_loop.py -> /home/maria/rmf_ws/build/project_tasks/build/lib/project_tasks
[2.134s] copying project_tasks/teleop_robot.py -> /home/maria/rmf_ws/build/project_tasks/build/lib/project_tasks
[2.135s] copying project_tasks/request_lift.py -> /home/maria/rmf_ws/build/project_tasks/build/lib/project_tasks
[2.135s] copying project_tasks/cancel_task.py -> /home/maria/rmf_ws/build/project_tasks/build/lib/project_tasks
[2.136s] copying project_tasks/dispatch_dynamic_event.py -> /home/maria/rmf_ws/build/project_tasks/build/lib/project_tasks
[2.136s] copying project_tasks/dispatch_action.py -> /home/maria/rmf_ws/build/project_tasks/build/lib/project_tasks
[2.136s] copying project_tasks/dispatch_clean.py -> /home/maria/rmf_ws/build/project_tasks/build/lib/project_tasks
[2.136s] copying project_tasks/api_request.py -> /home/maria/rmf_ws/build/project_tasks/build/lib/project_tasks
[2.136s] copying project_tasks/dispatch_teleop.py -> /home/maria/rmf_ws/build/project_tasks/build/lib/project_tasks
[2.136s] copying project_tasks/get_robot_location.py -> /home/maria/rmf_ws/build/project_tasks/build/lib/project_tasks
[2.136s] copying project_tasks/dispatch_go_to_place.py -> /home/maria/rmf_ws/build/project_tasks/build/lib/project_tasks
[2.138s] copying project_tasks/wait_for_task_complete.py -> /home/maria/rmf_ws/build/project_tasks/build/lib/project_tasks
[2.138s] copying project_tasks/mock_docker.py -> /home/maria/rmf_ws/build/project_tasks/build/lib/project_tasks
[2.138s] copying project_tasks/emergency_signal.py -> /home/maria/rmf_ws/build/project_tasks/build/lib/project_tasks
[2.138s] copying project_tasks/dispatch_patrol.py -> /home/maria/rmf_ws/build/project_tasks/build/lib/project_tasks
[2.138s] copying project_tasks/dynamic_event_client.py -> /home/maria/rmf_ws/build/project_tasks/build/lib/project_tasks
[2.139s] copying project_tasks/cancel_robot_task.py -> /home/maria/rmf_ws/build/project_tasks/build/lib/project_tasks
[2.140s] copying project_tasks/dispatch_delivery.py -> /home/maria/rmf_ws/build/project_tasks/build/lib/project_tasks
[2.140s] copying project_tasks/dispatch_json.py -> /home/maria/rmf_ws/build/project_tasks/build/lib/project_tasks
[2.140s] copying project_tasks/dispatch_cart_delivery.py -> /home/maria/rmf_ws/build/project_tasks/build/lib/project_tasks
[2.140s] copying project_tasks/request_loop.py -> /home/maria/rmf_ws/build/project_tasks/build/lib/project_tasks
[2.140s] copying project_tasks/__init__.py -> /home/maria/rmf_ws/build/project_tasks/build/lib/project_tasks
[2.140s] running install
[2.149s] running install_lib
[2.169s] creating /home/maria/rmf_ws/install/project_tasks/lib/python3.12/site-packages/project_tasks
[2.169s] copying /home/maria/rmf_ws/build/project_tasks/build/lib/project_tasks/dispatch_loop.py -> /home/maria/rmf_ws/install/project_tasks/lib/python3.12/site-packages/project_tasks
[2.170s] copying /home/maria/rmf_ws/build/project_tasks/build/lib/project_tasks/teleop_robot.py -> /home/maria/rmf_ws/install/project_tasks/lib/python3.12/site-packages/project_tasks
[2.170s] copying /home/maria/rmf_ws/build/project_tasks/build/lib/project_tasks/request_lift.py -> /home/maria/rmf_ws/install/project_tasks/lib/python3.12/site-packages/project_tasks
[2.170s] copying /home/maria/rmf_ws/build/project_tasks/build/lib/project_tasks/cancel_task.py -> /home/maria/rmf_ws/install/project_tasks/lib/python3.12/site-packages/project_tasks
[2.170s] copying /home/maria/rmf_ws/build/project_tasks/build/lib/project_tasks/dispatch_dynamic_event.py -> /home/maria/rmf_ws/install/project_tasks/lib/python3.12/site-packages/project_tasks
[2.170s] copying /home/maria/rmf_ws/build/project_tasks/build/lib/project_tasks/dispatch_action.py -> /home/maria/rmf_ws/install/project_tasks/lib/python3.12/site-packages/project_tasks
[2.170s] copying /home/maria/rmf_ws/build/project_tasks/build/lib/project_tasks/dispatch_clean.py -> /home/maria/rmf_ws/install/project_tasks/lib/python3.12/site-packages/project_tasks
[2.171s] copying /home/maria/rmf_ws/build/project_tasks/build/lib/project_tasks/api_request.py -> /home/maria/rmf_ws/install/project_tasks/lib/python3.12/site-packages/project_tasks
[2.171s] copying /home/maria/rmf_ws/build/project_tasks/build/lib/project_tasks/dispatch_teleop.py -> /home/maria/rmf_ws/install/project_tasks/lib/python3.12/site-packages/project_tasks
[2.171s] copying /home/maria/rmf_ws/build/project_tasks/build/lib/project_tasks/get_robot_location.py -> /home/maria/rmf_ws/install/project_tasks/lib/python3.12/site-packages/project_tasks
[2.171s] copying /home/maria/rmf_ws/build/project_tasks/build/lib/project_tasks/dispatch_go_to_place.py -> /home/maria/rmf_ws/install/project_tasks/lib/python3.12/site-packages/project_tasks
[2.171s] copying /home/maria/rmf_ws/build/project_tasks/build/lib/project_tasks/wait_for_task_complete.py -> /home/maria/rmf_ws/install/project_tasks/lib/python3.12/site-packages/project_tasks
[2.171s] copying /home/maria/rmf_ws/build/project_tasks/build/lib/project_tasks/mock_docker.py -> /home/maria/rmf_ws/install/project_tasks/lib/python3.12/site-packages/project_tasks
[2.171s] copying /home/maria/rmf_ws/build/project_tasks/build/lib/project_tasks/emergency_signal.py -> /home/maria/rmf_ws/install/project_tasks/lib/python3.12/site-packages/project_tasks
[2.172s] copying /home/maria/rmf_ws/build/project_tasks/build/lib/project_tasks/dispatch_patrol.py -> /home/maria/rmf_ws/install/project_tasks/lib/python3.12/site-packages/project_tasks
[2.172s] copying /home/maria/rmf_ws/build/project_tasks/build/lib/project_tasks/dynamic_event_client.py -> /home/maria/rmf_ws/install/project_tasks/lib/python3.12/site-packages/project_tasks
[2.172s] copying /home/maria/rmf_ws/build/project_tasks/build/lib/project_tasks/cancel_robot_task.py -> /home/maria/rmf_ws/install/project_tasks/lib/python3.12/site-packages/project_tasks
[2.172s] copying /home/maria/rmf_ws/build/project_tasks/build/lib/project_tasks/dispatch_delivery.py -> /home/maria/rmf_ws/install/project_tasks/lib/python3.12/site-packages/project_tasks
[2.172s] copying /home/maria/rmf_ws/build/project_tasks/build/lib/project_tasks/dispatch_json.py -> /home/maria/rmf_ws/install/project_tasks/lib/python3.12/site-packages/project_tasks
[2.173s] copying /home/maria/rmf_ws/build/project_tasks/build/lib/project_tasks/dispatch_cart_delivery.py -> /home/maria/rmf_ws/install/project_tasks/lib/python3.12/site-packages/project_tasks
[2.173s] copying /home/maria/rmf_ws/build/project_tasks/build/lib/project_tasks/request_loop.py -> /home/maria/rmf_ws/install/project_tasks/lib/python3.12/site-packages/project_tasks
[2.173s] copying /home/maria/rmf_ws/build/project_tasks/build/lib/project_tasks/__init__.py -> /home/maria/rmf_ws/install/project_tasks/lib/python3.12/site-packages/project_tasks
[2.174s] byte-compiling /home/maria/rmf_ws/install/project_tasks/lib/python3.12/site-packages/project_tasks/dispatch_loop.py to dispatch_loop.cpython-312.pyc
[2.175s] byte-compiling /home/maria/rmf_ws/install/project_tasks/lib/python3.12/site-packages/project_tasks/teleop_robot.py to teleop_robot.cpython-312.pyc
[2.176s] byte-compiling /home/maria/rmf_ws/install/project_tasks/lib/python3.12/site-packages/project_tasks/request_lift.py to request_lift.cpython-312.pyc
[2.177s] byte-compiling /home/maria/rmf_ws/install/project_tasks/lib/python3.12/site-packages/project_tasks/cancel_task.py to cancel_task.cpython-312.pyc
[2.178s] byte-compiling /home/maria/rmf_ws/install/project_tasks/lib/python3.12/site-packages/project_tasks/dispatch_dynamic_event.py to dispatch_dynamic_event.cpython-312.pyc
[2.180s] byte-compiling /home/maria/rmf_ws/install/project_tasks/lib/python3.12/site-packages/project_tasks/dispatch_action.py to dispatch_action.cpython-312.pyc
[2.181s] byte-compiling /home/maria/rmf_ws/install/project_tasks/lib/python3.12/site-packages/project_tasks/dispatch_clean.py to dispatch_clean.cpython-312.pyc
[2.183s] byte-compiling /home/maria/rmf_ws/install/project_tasks/lib/python3.12/site-packages/project_tasks/api_request.py to api_request.cpython-312.pyc
[2.183s] byte-compiling /home/maria/rmf_ws/install/project_tasks/lib/python3.12/site-packages/project_tasks/dispatch_teleop.py to dispatch_teleop.cpython-312.pyc
[2.185s] byte-compiling /home/maria/rmf_ws/install/project_tasks/lib/python3.12/site-packages/project_tasks/get_robot_location.py to get_robot_location.cpython-312.pyc
[2.186s] byte-compiling /home/maria/rmf_ws/install/project_tasks/lib/python3.12/site-packages/project_tasks/dispatch_go_to_place.py to dispatch_go_to_place.cpython-312.pyc
[2.187s] byte-compiling /home/maria/rmf_ws/install/project_tasks/lib/python3.12/site-packages/project_tasks/wait_for_task_complete.py to wait_for_task_complete.cpython-312.pyc
[2.188s] byte-compiling /home/maria/rmf_ws/install/project_tasks/lib/python3.12/site-packages/project_tasks/mock_docker.py to mock_docker.cpython-312.pyc
[2.190s] byte-compiling /home/maria/rmf_ws/install/project_tasks/lib/python3.12/site-packages/project_tasks/emergency_signal.py to emergency_signal.cpython-312.pyc
[2.191s] byte-compiling /home/maria/rmf_ws/install/project_tasks/lib/python3.12/site-packages/project_tasks/dispatch_patrol.py to dispatch_patrol.cpython-312.pyc
[2.192s] byte-compiling /home/maria/rmf_ws/install/project_tasks/lib/python3.12/site-packages/project_tasks/dynamic_event_client.py to dynamic_event_client.cpython-312.pyc
[2.193s] byte-compiling /home/maria/rmf_ws/install/project_tasks/lib/python3.12/site-packages/project_tasks/cancel_robot_task.py to cancel_robot_task.cpython-312.pyc
[2.194s] byte-compiling /home/maria/rmf_ws/install/project_tasks/lib/python3.12/site-packages/project_tasks/dispatch_delivery.py to dispatch_delivery.cpython-312.pyc
[2.196s] byte-compiling /home/maria/rmf_ws/install/project_tasks/lib/python3.12/site-packages/project_tasks/dispatch_json.py to dispatch_json.cpython-312.pyc
[2.197s] byte-compiling /home/maria/rmf_ws/install/project_tasks/lib/python3.12/site-packages/project_tasks/dispatch_cart_delivery.py to dispatch_cart_delivery.cpython-312.pyc
[2.199s] byte-compiling /home/maria/rmf_ws/install/project_tasks/lib/python3.12/site-packages/project_tasks/request_loop.py to request_loop.cpython-312.pyc
[2.200s] byte-compiling /home/maria/rmf_ws/install/project_tasks/lib/python3.12/site-packages/project_tasks/__init__.py to __init__.cpython-312.pyc
[2.200s] running install_data
[2.200s] creating /home/maria/rmf_ws/install/project_tasks/share/ament_index
[2.200s] creating /home/maria/rmf_ws/install/project_tasks/share/ament_index/resource_index
[2.200s] creating /home/maria/rmf_ws/install/project_tasks/share/ament_index/resource_index/packages
[2.201s] error: can't copy 'resource/project_tasks': doesn't exist or not a regular file
[2.224s] Invoked command in '/home/maria/rmf_ws/src/project/project_tasks' returned '1': PYTHONPATH=/home/maria/rmf_ws/build/project_tasks/prefix_override:/usr/lib/python3/dist-packages/colcon_core/task/python/colcon_distutils_commands:/home/maria/rmf_ws/install/project_tasks/lib/python3.12/site-packages:${PYTHONPATH} /usr/bin/python3 -W ignore:setup.py install is deprecated -W ignore:easy_install command is deprecated setup.py egg_info --egg-base ../../../build/project_tasks build --build-base /home/maria/rmf_ws/build/project_tasks/build install --record /home/maria/rmf_ws/build/project_tasks/install.log --single-version-externally-managed install_data
