/home/maria/rmf_ws/install/rmf_demos_tasks/lib/python3.12/site-packages/rmf_demos_tasks/dispatch_loop.py
/home/maria/rmf_ws/install/rmf_demos_tasks/lib/python3.12/site-packages/rmf_demos_tasks/teleop_robot.py
/home/maria/rmf_ws/install/rmf_demos_tasks/lib/python3.12/site-packages/rmf_demos_tasks/request_lift.py
/home/maria/rmf_ws/install/rmf_demos_tasks/lib/python3.12/site-packages/rmf_demos_tasks/cancel_task.py
/home/maria/rmf_ws/install/rmf_demos_tasks/lib/python3.12/site-packages/rmf_demos_tasks/dispatch_dynamic_event.py
/home/maria/rmf_ws/install/rmf_demos_tasks/lib/python3.12/site-packages/rmf_demos_tasks/dispatch_action.py
/home/maria/rmf_ws/install/rmf_demos_tasks/lib/python3.12/site-packages/rmf_demos_tasks/dispatch_clean.py
/home/maria/rmf_ws/install/rmf_demos_tasks/lib/python3.12/site-packages/rmf_demos_tasks/api_request.py
/home/maria/rmf_ws/install/rmf_demos_tasks/lib/python3.12/site-packages/rmf_demos_tasks/dispatch_teleop.py
/home/maria/rmf_ws/install/rmf_demos_tasks/lib/python3.12/site-packages/rmf_demos_tasks/get_robot_location.py
/home/maria/rmf_ws/install/rmf_demos_tasks/lib/python3.12/site-packages/rmf_demos_tasks/dispatch_go_to_place.py
/home/maria/rmf_ws/install/rmf_demos_tasks/lib/python3.12/site-packages/rmf_demos_tasks/wait_for_task_complete.py
/home/maria/rmf_ws/install/rmf_demos_tasks/lib/python3.12/site-packages/rmf_demos_tasks/mock_docker.py
/home/maria/rmf_ws/install/rmf_demos_tasks/lib/python3.12/site-packages/rmf_demos_tasks/emergency_signal.py
/home/maria/rmf_ws/install/rmf_demos_tasks/lib/python3.12/site-packages/rmf_demos_tasks/dispatch_patrol.py
/home/maria/rmf_ws/install/rmf_demos_tasks/lib/python3.12/site-packages/rmf_demos_tasks/dynamic_event_client.py
/home/maria/rmf_ws/install/rmf_demos_tasks/lib/python3.12/site-packages/rmf_demos_tasks/cancel_robot_task.py
/home/maria/rmf_ws/install/rmf_demos_tasks/lib/python3.12/site-packages/rmf_demos_tasks/dispatch_delivery.py
/home/maria/rmf_ws/install/rmf_demos_tasks/lib/python3.12/site-packages/rmf_demos_tasks/dispatch_json.py
/home/maria/rmf_ws/install/rmf_demos_tasks/lib/python3.12/site-packages/rmf_demos_tasks/dispatch_cart_delivery.py
/home/maria/rmf_ws/install/rmf_demos_tasks/lib/python3.12/site-packages/rmf_demos_tasks/request_loop.py
/home/maria/rmf_ws/install/rmf_demos_tasks/lib/python3.12/site-packages/rmf_demos_tasks/__init__.py
/home/maria/rmf_ws/install/rmf_demos_tasks/lib/python3.12/site-packages/rmf_demos_tasks/__pycache__/dispatch_loop.cpython-312.pyc
/home/maria/rmf_ws/install/rmf_demos_tasks/lib/python3.12/site-packages/rmf_demos_tasks/__pycache__/teleop_robot.cpython-312.pyc
/home/maria/rmf_ws/install/rmf_demos_tasks/lib/python3.12/site-packages/rmf_demos_tasks/__pycache__/request_lift.cpython-312.pyc
/home/maria/rmf_ws/install/rmf_demos_tasks/lib/python3.12/site-packages/rmf_demos_tasks/__pycache__/cancel_task.cpython-312.pyc
/home/maria/rmf_ws/install/rmf_demos_tasks/lib/python3.12/site-packages/rmf_demos_tasks/__pycache__/dispatch_dynamic_event.cpython-312.pyc
/home/maria/rmf_ws/install/rmf_demos_tasks/lib/python3.12/site-packages/rmf_demos_tasks/__pycache__/dispatch_action.cpython-312.pyc
/home/maria/rmf_ws/install/rmf_demos_tasks/lib/python3.12/site-packages/rmf_demos_tasks/__pycache__/dispatch_clean.cpython-312.pyc
/home/maria/rmf_ws/install/rmf_demos_tasks/lib/python3.12/site-packages/rmf_demos_tasks/__pycache__/api_request.cpython-312.pyc
/home/maria/rmf_ws/install/rmf_demos_tasks/lib/python3.12/site-packages/rmf_demos_tasks/__pycache__/dispatch_teleop.cpython-312.pyc
/home/maria/rmf_ws/install/rmf_demos_tasks/lib/python3.12/site-packages/rmf_demos_tasks/__pycache__/get_robot_location.cpython-312.pyc
/home/maria/rmf_ws/install/rmf_demos_tasks/lib/python3.12/site-packages/rmf_demos_tasks/__pycache__/dispatch_go_to_place.cpython-312.pyc
/home/maria/rmf_ws/install/rmf_demos_tasks/lib/python3.12/site-packages/rmf_demos_tasks/__pycache__/wait_for_task_complete.cpython-312.pyc
/home/maria/rmf_ws/install/rmf_demos_tasks/lib/python3.12/site-packages/rmf_demos_tasks/__pycache__/mock_docker.cpython-312.pyc
/home/maria/rmf_ws/install/rmf_demos_tasks/lib/python3.12/site-packages/rmf_demos_tasks/__pycache__/emergency_signal.cpython-312.pyc
/home/maria/rmf_ws/install/rmf_demos_tasks/lib/python3.12/site-packages/rmf_demos_tasks/__pycache__/dispatch_patrol.cpython-312.pyc
/home/maria/rmf_ws/install/rmf_demos_tasks/lib/python3.12/site-packages/rmf_demos_tasks/__pycache__/dynamic_event_client.cpython-312.pyc
/home/maria/rmf_ws/install/rmf_demos_tasks/lib/python3.12/site-packages/rmf_demos_tasks/__pycache__/cancel_robot_task.cpython-312.pyc
/home/maria/rmf_ws/install/rmf_demos_tasks/lib/python3.12/site-packages/rmf_demos_tasks/__pycache__/dispatch_delivery.cpython-312.pyc
/home/maria/rmf_ws/install/rmf_demos_tasks/lib/python3.12/site-packages/rmf_demos_tasks/__pycache__/dispatch_json.cpython-312.pyc
/home/maria/rmf_ws/install/rmf_demos_tasks/lib/python3.12/site-packages/rmf_demos_tasks/__pycache__/dispatch_cart_delivery.cpython-312.pyc
/home/maria/rmf_ws/install/rmf_demos_tasks/lib/python3.12/site-packages/rmf_demos_tasks/__pycache__/request_loop.cpython-312.pyc
/home/maria/rmf_ws/install/rmf_demos_tasks/lib/python3.12/site-packages/rmf_demos_tasks/__pycache__/__init__.cpython-312.pyc
/home/maria/rmf_ws/install/rmf_demos_tasks/share/ament_index/resource_index/packages/rmf_demos_tasks
/home/maria/rmf_ws/install/rmf_demos_tasks/share/rmf_demos_tasks/package.xml
/home/maria/rmf_ws/install/rmf_demos_tasks/lib/python3.12/site-packages/rmf_demos_tasks-2.8.1-py3.12.egg-info/PKG-INFO
/home/maria/rmf_ws/install/rmf_demos_tasks/lib/python3.12/site-packages/rmf_demos_tasks-2.8.1-py3.12.egg-info/dependency_links.txt
/home/maria/rmf_ws/install/rmf_demos_tasks/lib/python3.12/site-packages/rmf_demos_tasks-2.8.1-py3.12.egg-info/zip-safe
/home/maria/rmf_ws/install/rmf_demos_tasks/lib/python3.12/site-packages/rmf_demos_tasks-2.8.1-py3.12.egg-info/top_level.txt
/home/maria/rmf_ws/install/rmf_demos_tasks/lib/python3.12/site-packages/rmf_demos_tasks-2.8.1-py3.12.egg-info/SOURCES.txt
/home/maria/rmf_ws/install/rmf_demos_tasks/lib/python3.12/site-packages/rmf_demos_tasks-2.8.1-py3.12.egg-info/entry_points.txt
/home/maria/rmf_ws/install/rmf_demos_tasks/lib/python3.12/site-packages/rmf_demos_tasks-2.8.1-py3.12.egg-info/requires.txt
/home/maria/rmf_ws/install/rmf_demos_tasks/lib/rmf_demos_tasks/api_request
/home/maria/rmf_ws/install/rmf_demos_tasks/lib/rmf_demos_tasks/cancel_robot_task
/home/maria/rmf_ws/install/rmf_demos_tasks/lib/rmf_demos_tasks/cancel_task
/home/maria/rmf_ws/install/rmf_demos_tasks/lib/rmf_demos_tasks/dispatch_action
/home/maria/rmf_ws/install/rmf_demos_tasks/lib/rmf_demos_tasks/dispatch_cart_delivery
/home/maria/rmf_ws/install/rmf_demos_tasks/lib/rmf_demos_tasks/dispatch_clean
/home/maria/rmf_ws/install/rmf_demos_tasks/lib/rmf_demos_tasks/dispatch_delivery
/home/maria/rmf_ws/install/rmf_demos_tasks/lib/rmf_demos_tasks/dispatch_dynamic_event
/home/maria/rmf_ws/install/rmf_demos_tasks/lib/rmf_demos_tasks/dispatch_go_to_place
/home/maria/rmf_ws/install/rmf_demos_tasks/lib/rmf_demos_tasks/dispatch_json
/home/maria/rmf_ws/install/rmf_demos_tasks/lib/rmf_demos_tasks/dispatch_loop
/home/maria/rmf_ws/install/rmf_demos_tasks/lib/rmf_demos_tasks/dispatch_patrol
/home/maria/rmf_ws/install/rmf_demos_tasks/lib/rmf_demos_tasks/dispatch_teleop
/home/maria/rmf_ws/install/rmf_demos_tasks/lib/rmf_demos_tasks/dynamic_event_client
/home/maria/rmf_ws/install/rmf_demos_tasks/lib/rmf_demos_tasks/emergency_signal
/home/maria/rmf_ws/install/rmf_demos_tasks/lib/rmf_demos_tasks/get_robot_location
/home/maria/rmf_ws/install/rmf_demos_tasks/lib/rmf_demos_tasks/mock_docker
/home/maria/rmf_ws/install/rmf_demos_tasks/lib/rmf_demos_tasks/request_lift
/home/maria/rmf_ws/install/rmf_demos_tasks/lib/rmf_demos_tasks/request_loop
/home/maria/rmf_ws/install/rmf_demos_tasks/lib/rmf_demos_tasks/teleop_robot
/home/maria/rmf_ws/install/rmf_demos_tasks/lib/rmf_demos_tasks/wait_for_task_complete
