-- The C compiler identification is GNU 13.3.0
-- The CXX compiler identification is GNU 13.3.0
-- Detecting C compiler ABI info
-- Detecting C compiler ABI info - done
-- Check for working C compiler: /usr/bin/cc - skipped
-- Detecting C compile features
-- Detecting C compile features - done
-- Detecting CXX compiler ABI info
-- Detecting CXX compiler ABI info - done
-- Check for working CXX compiler: /usr/bin/c++ - skipped
-- Detecting CXX compile features
-- Detecting CXX compile features - done
-- Found eigen3_cmake_module: 0.3.0 (/opt/ros/jazzy/share/eigen3_cmake_module/cmake)
-- Found Eigen3: TRUE (found version "3.4.0") 
-- Found ament_cmake: 2.5.5 (/opt/ros/jazzy/share/ament_cmake/cmake)
-- Found Python3: /usr/bin/python3 (found version "3.12.3") found components: Interpreter 
-- Found rclcpp: 28.1.16 (/opt/ros/jazzy/share/rclcpp/cmake)
-- Found rosidl_generator_c: 4.6.7 (/opt/ros/jazzy/share/rosidl_generator_c/cmake)
-- Found rosidl_generator_cpp: 4.6.7 (/opt/ros/jazzy/share/rosidl_generator_cpp/cmake)
-- Using all available rosidl_typesupport_c: rosidl_typesupport_fastrtps_c;rosidl_typesupport_introspection_c
-- Using all available rosidl_typesupport_cpp: rosidl_typesupport_fastrtps_cpp;rosidl_typesupport_introspection_cpp
-- Found rmw_implementation_cmake: 7.3.3 (/opt/ros/jazzy/share/rmw_implementation_cmake/cmake)
-- Found rmw_fastrtps_cpp: 8.4.3 (/opt/ros/jazzy/share/rmw_fastrtps_cpp/cmake)
-- Found OpenSSL: /usr/lib/x86_64-linux-gnu/libcrypto.so (found version "3.0.13")  
-- Found FastRTPS: /opt/ros/jazzy/include (Required is at least version "2.13") 
-- Using RMW implementation 'rmw_fastrtps_cpp' as default
-- Found geometry_msgs: 5.3.6 (/opt/ros/jazzy/share/geometry_msgs/cmake)
-- Found tf2_ros: 0.36.19 (/opt/ros/jazzy/share/tf2_ros/cmake)
-- Found rmf_fleet_msgs: 4.0.0 (/rmf_demos_ws/install/rmf_fleet_msgs/share/rmf_fleet_msgs/cmake)
-- Found rmf_building_map_msgs: 1.6.0 (/rmf_demos_ws/install/rmf_building_map_msgs/share/rmf_building_map_msgs/cmake)
-- Configuring done (3.4s)
-- Generating done (0.0s)
-- Build files have been written to: /home/maria/rmf_ws/build/rmf_robot_sim_common
[ 33%] [32mBuilding CXX object CMakeFiles/slotcar_common.dir/src/slotcar_common.cpp.o[0m
[ 33%] [32mBuilding CXX object CMakeFiles/rmf_robot_sim_utils.dir/src/utils.cpp.o[0m
[ 50%] [32m[1mLinking CXX shared library librmf_robot_sim_utils.so[0m
[ 50%] Built target rmf_robot_sim_utils
[ 66%] [32mBuilding CXX object CMakeFiles/readonly_common.dir/src/readonly_common.cpp.o[0m
[ 83%] [32m[1mLinking CXX shared library libreadonly_common.so[0m
[ 83%] Built target readonly_common
[100%] [32m[1mLinking CXX shared library libslotcar_common.so[0m
[100%] Built target slotcar_common
-- Install configuration: ""
-- Installing: /home/maria/rmf_ws/install/rmf_robot_sim_common/share/rmf_robot_sim_common/environment/library_path.sh
-- Installing: /home/maria/rmf_ws/install/rmf_robot_sim_common/share/rmf_robot_sim_common/environment/library_path.dsv
-- Installing: /home/maria/rmf_ws/install/rmf_robot_sim_common/lib/libreadonly_common.so
-- Set non-toolchain portion of runtime path of "/home/maria/rmf_ws/install/rmf_robot_sim_common/lib/libreadonly_common.so" to ""
-- Installing: /home/maria/rmf_ws/install/rmf_robot_sim_common/lib/librmf_robot_sim_utils.so
-- Set non-toolchain portion of runtime path of "/home/maria/rmf_ws/install/rmf_robot_sim_common/lib/librmf_robot_sim_utils.so" to ""
-- Installing: /home/maria/rmf_ws/install/rmf_robot_sim_common/lib/libslotcar_common.so
-- Set non-toolchain portion of runtime path of "/home/maria/rmf_ws/install/rmf_robot_sim_common/lib/libslotcar_common.so" to ""
-- Installing: /home/maria/rmf_ws/install/rmf_robot_sim_common/include
-- Installing: /home/maria/rmf_ws/install/rmf_robot_sim_common/include/rmf_robot_sim_common
-- Installing: /home/maria/rmf_ws/install/rmf_robot_sim_common/include/rmf_robot_sim_common/utils.hpp
-- Installing: /home/maria/rmf_ws/install/rmf_robot_sim_common/include/rmf_robot_sim_common/slotcar_common.hpp
-- Installing: /home/maria/rmf_ws/install/rmf_robot_sim_common/include/rmf_robot_sim_common/readonly_common.hpp
-- Installing: /home/maria/rmf_ws/install/rmf_robot_sim_common/share/ament_index/resource_index/package_run_dependencies/rmf_robot_sim_common
-- Installing: /home/maria/rmf_ws/install/rmf_robot_sim_common/share/ament_index/resource_index/parent_prefix_path/rmf_robot_sim_common
-- Installing: /home/maria/rmf_ws/install/rmf_robot_sim_common/share/rmf_robot_sim_common/environment/ament_prefix_path.sh
-- Installing: /home/maria/rmf_ws/install/rmf_robot_sim_common/share/rmf_robot_sim_common/environment/ament_prefix_path.dsv
-- Installing: /home/maria/rmf_ws/install/rmf_robot_sim_common/share/rmf_robot_sim_common/environment/path.sh
-- Installing: /home/maria/rmf_ws/install/rmf_robot_sim_common/share/rmf_robot_sim_common/environment/path.dsv
-- Installing: /home/maria/rmf_ws/install/rmf_robot_sim_common/share/rmf_robot_sim_common/local_setup.bash
-- Installing: /home/maria/rmf_ws/install/rmf_robot_sim_common/share/rmf_robot_sim_common/local_setup.sh
-- Installing: /home/maria/rmf_ws/install/rmf_robot_sim_common/share/rmf_robot_sim_common/local_setup.zsh
-- Installing: /home/maria/rmf_ws/install/rmf_robot_sim_common/share/rmf_robot_sim_common/local_setup.dsv
-- Installing: /home/maria/rmf_ws/install/rmf_robot_sim_common/share/rmf_robot_sim_common/package.dsv
-- Installing: /home/maria/rmf_ws/install/rmf_robot_sim_common/share/ament_index/resource_index/packages/rmf_robot_sim_common
-- Installing: /home/maria/rmf_ws/install/rmf_robot_sim_common/share/rmf_robot_sim_common/cmake/rmf_robot_sim_utilsExport.cmake
-- Installing: /home/maria/rmf_ws/install/rmf_robot_sim_common/share/rmf_robot_sim_common/cmake/rmf_robot_sim_utilsExport-noconfig.cmake
-- Installing: /home/maria/rmf_ws/install/rmf_robot_sim_common/share/rmf_robot_sim_common/cmake/readonly_commonExport.cmake
-- Installing: /home/maria/rmf_ws/install/rmf_robot_sim_common/share/rmf_robot_sim_common/cmake/readonly_commonExport-noconfig.cmake
-- Installing: /home/maria/rmf_ws/install/rmf_robot_sim_common/share/rmf_robot_sim_common/cmake/slotcar_commonExport.cmake
-- Installing: /home/maria/rmf_ws/install/rmf_robot_sim_common/share/rmf_robot_sim_common/cmake/slotcar_commonExport-noconfig.cmake
-- Installing: /home/maria/rmf_ws/install/rmf_robot_sim_common/share/rmf_robot_sim_common/cmake/ament_cmake_export_dependencies-extras.cmake
-- Installing: /home/maria/rmf_ws/install/rmf_robot_sim_common/share/rmf_robot_sim_common/cmake/ament_cmake_export_include_directories-extras.cmake
-- Installing: /home/maria/rmf_ws/install/rmf_robot_sim_common/share/rmf_robot_sim_common/cmake/ament_cmake_export_targets-extras.cmake
-- Installing: /home/maria/rmf_ws/install/rmf_robot_sim_common/share/rmf_robot_sim_common/cmake/rmf_robot_sim_commonConfig.cmake
-- Installing: /home/maria/rmf_ws/install/rmf_robot_sim_common/share/rmf_robot_sim_common/cmake/rmf_robot_sim_commonConfig-version.cmake
-- Installing: /home/maria/rmf_ws/install/rmf_robot_sim_common/share/rmf_robot_sim_common/package.xml
