running egg_info
writing ../../../build/rmf_demos_fleet_adapter/rmf_demos_fleet_adapter.egg-info/PKG-INFO
writing dependency_links to ../../../build/rmf_demos_fleet_adapter/rmf_demos_fleet_adapter.egg-info/dependency_links.txt
writing entry points to ../../../build/rmf_demos_fleet_adapter/rmf_demos_fleet_adapter.egg-info/entry_points.txt
writing requirements to ../../../build/rmf_demos_fleet_adapter/rmf_demos_fleet_adapter.egg-info/requires.txt
writing top-level names to ../../../build/rmf_demos_fleet_adapter/rmf_demos_fleet_adapter.egg-info/top_level.txt
reading manifest file '../../../build/rmf_demos_fleet_adapter/rmf_demos_fleet_adapter.egg-info/SOURCES.txt'
writing manifest file '../../../build/rmf_demos_fleet_adapter/rmf_demos_fleet_adapter.egg-info/SOURCES.txt'
running build
running build_py
copying test/test_copyright.py -> /home/maria/Documentos/GitHub/IR2134/rmf_ws/build/rmf_demos_fleet_adapter/build/lib/test
copying test/test_pep257.py -> /home/maria/Documentos/GitHub/IR2134/rmf_ws/build/rmf_demos_fleet_adapter/build/lib/test
copying test/test_flake8.py -> /home/maria/Documentos/GitHub/IR2134/rmf_ws/build/rmf_demos_fleet_adapter/build/lib/test
copying test/__init__.py -> /home/maria/Documentos/GitHub/IR2134/rmf_ws/build/rmf_demos_fleet_adapter/build/lib/test
copying rmf_demos_fleet_adapter/fleet_adapter.py -> /home/maria/Documentos/GitHub/IR2134/rmf_ws/build/rmf_demos_fleet_adapter/build/lib/rmf_demos_fleet_adapter
copying rmf_demos_fleet_adapter/RobotClientAPI.py -> /home/maria/Documentos/GitHub/IR2134/rmf_ws/build/rmf_demos_fleet_adapter/build/lib/rmf_demos_fleet_adapter
copying rmf_demos_fleet_adapter/manage_lane.py -> /home/maria/Documentos/GitHub/IR2134/rmf_ws/build/rmf_demos_fleet_adapter/build/lib/rmf_demos_fleet_adapter
copying rmf_demos_fleet_adapter/fleet_manager.py -> /home/maria/Documentos/GitHub/IR2134/rmf_ws/build/rmf_demos_fleet_adapter/build/lib/rmf_demos_fleet_adapter
copying rmf_demos_fleet_adapter/__init__.py -> /home/maria/Documentos/GitHub/IR2134/rmf_ws/build/rmf_demos_fleet_adapter/build/lib/rmf_demos_fleet_adapter
running install
running install_lib
running install_data
copying resource/rmf_demos_fleet_adapter -> /home/maria/Documentos/GitHub/IR2134/rmf_ws/install/rmf_demos_fleet_adapter/share/ament_index/resource_index/packages
copying package.xml -> /home/maria/Documentos/GitHub/IR2134/rmf_ws/install/rmf_demos_fleet_adapter/share/rmf_demos_fleet_adapter
copying config.yaml -> /home/maria/Documentos/GitHub/IR2134/rmf_ws/install/rmf_demos_fleet_adapter/share/rmf_demos_fleet_adapter
copying launch/fleet_adapter.launch.xml -> /home/maria/Documentos/GitHub/IR2134/rmf_ws/install/rmf_demos_fleet_adapter/share/rmf_demos_fleet_adapter/launch
running install_egg_info
removing '/home/maria/Documentos/GitHub/IR2134/rmf_ws/install/rmf_demos_fleet_adapter/lib/python3.10/site-packages/rmf_demos_fleet_adapter-2.8.1-py3.10.egg-info' (and everything under it)
Copying ../../../build/rmf_demos_fleet_adapter/rmf_demos_fleet_adapter.egg-info to /home/maria/Documentos/GitHub/IR2134/rmf_ws/install/rmf_demos_fleet_adapter/lib/python3.10/site-packages/rmf_demos_fleet_adapter-2.8.1-py3.10.egg-info
running install_scripts
Installing fleet_adapter script to /home/maria/Documentos/GitHub/IR2134/rmf_ws/install/rmf_demos_fleet_adapter/lib/rmf_demos_fleet_adapter
Installing fleet_manager script to /home/maria/Documentos/GitHub/IR2134/rmf_ws/install/rmf_demos_fleet_adapter/lib/rmf_demos_fleet_adapter
Installing manage_lane script to /home/maria/Documentos/GitHub/IR2134/rmf_ws/install/rmf_demos_fleet_adapter/lib/rmf_demos_fleet_adapter
writing list of installed files to '/home/maria/Documentos/GitHub/IR2134/rmf_ws/build/rmf_demos_fleet_adapter/install.log'
