[0.016s] Invoking command in '/home/maria/rmf_ws/build/project_maps': CMAKE_PREFIX_PATH=/home/maria/rmf_ws/install/project_config:/home/maria/rmf_ws/install/rmf_visualization:/home/maria/rmf_ws/install/rmf_visualization_schedule:/home/maria/rmf_ws/install/rmf_visualization_rviz2_plugins:/home/maria/rmf_ws/install/rmf_visualization_obstacles:/home/maria/rmf_ws/install/rmf_visualization_navgraphs:/home/maria/rmf_ws/install/rmf_visualization_floorplans:/home/maria/rmf_ws/install/rmf_visualization_fleet_states:/home/maria/rmf_ws/install/rmf_robot_sim_gz_plugins:/home/maria/rmf_ws/install/rmf_robot_sim_common:/home/maria/rmf_ws/install/rmf_building_sim_gz_plugins:/home/maria/rmf_ws/install/project_simulation:/home/maria/rmf_ws/install/project_maps:/home/maria/rmf_ws/install/project_assets:/rmf_demos_ws/install/rmf_workcell_msgs:/rmf_demos_ws/install/rmf_demos_gz:/rmf_demos_ws/install/rmf_demos:/rmf_demos_ws/install/rmf_reservation_node:/rmf_demos_ws/install/rmf_fleet_adapter_python:/rmf_demos_ws/install/rmf_fleet_adapter:/rmf_demos_ws/install/rmf_task_ros2:/rmf_demos_ws/install/rmf_websocket:/rmf_demos_ws/install/rmf_visualization:/rmf_demos_ws/install/rmf_visualization_schedule:/rmf_demos_ws/install/rmf_visualization_rviz2_plugins:/rmf_demos_ws/install/rmf_visualization_obstacles:/rmf_demos_ws/install/rmf_visualization_navgraphs:/rmf_demos_ws/install/rmf_visualization_floorplans:/rmf_demos_ws/install/rmf_visualization_fleet_states:/rmf_demos_ws/install/rmf_visualization_msgs:/rmf_demos_ws/install/rmf_traffic_ros2:/rmf_demos_ws/install/rmf_task_sequence:/rmf_demos_ws/install/rmf_task:/rmf_demos_ws/install/rmf_battery:/rmf_demos_ws/install/rmf_traffic:/rmf_demos_ws/install/rmf_utils:/rmf_demos_ws/install/rmf_traffic_msgs:/rmf_demos_ws/install/rmf_traffic_editor_test_maps:/rmf_demos_ws/install/rmf_traffic_editor_assets:/rmf_demos_ws/install/rmf_traffic_editor:/rmf_demos_ws/install/rmf_task_msgs:/rmf_demos_ws/install/rmf_site_map_msgs:/rmf_demos_ws/install/rmf_scheduler_msgs:/rmf_demos_ws/install/rmf_robot_sim_gz_plugins:/rmf_demos_ws/install/rmf_robot_sim_common:/rmf_demos_ws/install/rmf_reservation_msgs:/rmf_demos_ws/install/rmf_obstacle_msgs:/rmf_demos_ws/install/rmf_building_sim_gz_plugins:/rmf_demos_ws/install/rmf_lift_msgs:/rmf_demos_ws/install/rmf_ingestor_msgs:/rmf_demos_ws/install/rmf_fleet_msgs:/rmf_demos_ws/install/rmf_door_msgs:/rmf_demos_ws/install/rmf_dispenser_msgs:/rmf_demos_ws/install/rmf_demos_maps:/rmf_demos_ws/install/rmf_demos_assets:/rmf_demos_ws/install/rmf_charger_msgs:/rmf_demos_ws/install/rmf_building_map_msgs:/rmf_demos_ws/install/rmf_api_msgs:/rmf_demos_ws/install/nlohmann_json_schema_validator_vendor:/home/maria/rmf_ws/install/rmf_visualization_building_systems:/home/maria/rmf_ws/install/rmf_demos_tasks:/home/maria/rmf_ws/install/project_tasks:/home/maria/rmf_ws/install/project_fleet_adapter:/rmf_demos_ws/install/rmf_demos_fleet_adapter:/rmf_demos_ws/install/rmf_visualization_building_systems:/rmf_demos_ws/install/rmf_traffic_examples:/rmf_demos_ws/install/rmf_demos_bridges:/rmf_demos_ws/install/rmf_demos_tasks:/rmf_demos_ws/install/rmf_building_map_tools:/rmf_demos_ws/install/rmf_charging_schedule:/opt/ros/jazzy:/rmf_demos_ws/install/menge_vendor:/rmf_demos_ws/install/ament_cmake_catch2:/opt/ros/jazzy/opt/gz_sim_vendor:/opt/ros/jazzy/opt/gz_sensors_vendor:/opt/ros/jazzy/opt/gz_physics_vendor:/opt/ros/jazzy/opt/sdformat_vendor:/opt/ros/jazzy/opt/gz_gui_vendor:/opt/ros/jazzy/opt/gz_transport_vendor:/opt/ros/jazzy/opt/gz_rendering_vendor:/opt/ros/jazzy/opt/gz_plugin_vendor:/opt/ros/jazzy/opt/gz_fuel_tools_vendor:/opt/ros/jazzy/opt/gz_msgs_vendor:/opt/ros/jazzy/opt/gz_common_vendor:/opt/ros/jazzy/opt/gz_math_vendor:/opt/ros/jazzy/opt/gz_utils_vendor:/opt/ros/jazzy/opt/gz_tools_vendor:/opt/ros/jazzy/opt/gz_ogre_next_vendor:/opt/ros/jazzy/opt/gz_dartsim_vendor:/opt/ros/jazzy/opt/gz_cmake_vendor /usr/bin/cmake --build /home/maria/rmf_ws/build/project_maps -- -j8 -l8
[0.084s] [ 50%] [34m[1mGenerating maps/estce/nav_graphs/phony[0m
[0.084s] [ 50%] [34m[1mGenerating maps/classroom/nav_graphs/phony[0m
[0.084s] [ 50%] [34m[1mGenerating maps/test1/nav_graphs/phony[0m
[0.451s] Load success!
[0.451s] 
[0.451s] Cache found! Model count: 3238 
[0.451s] Updating cache...
[0.451s] Topping up Fuel (updating cache) from: https://fuel.gazebosim.org/1.0/models
[0.452s] Fetching page: 1
[0.613s] building name: test1
[0.613s] coordinate system: reference_image
[0.614s] parsing level L1
[0.614s] parsing level L2
[0.614s] calculating levels relative to L1
[0.614s] level L1 scale: 0.06666666666666667
[0.614s] calculating level L2 offset and scale...
[0.614s]   2 common fiducials:
[0.614s] Transform.set_from_fiducials()
[0.614s]   2 fiducial pairs:
[0.614s]     (1.5, -1.5) -> (2.0, -2.0)   columna1
[0.614s]     (148.5, -1.5) -> (148.5, -1.5)   columna2
[0.615s]     calc dist columna1 <=> columna2
[0.615s] Bearings:
[0.615s] [(0.0, 0.003412956031538204)]
[0.615s]   0.003412956031538204
[0.615s]   Circular mean: -0.0034129560315382034
[0.615s] Distances:
[0.615s] [(147.0, 146.50085323983612)]
[0.615s] mean relative scale: 0.996604443808409
[0.615s] translation: (-0.03333, 0.034243)
[0.615s] parsing lift lift1
[0.615s] generating nav data
[0.615s] hooray, we found an intersection: t=0.506, u=0.532
[0.615s]   (23.555,-48.923),(122.687,-48.923) and (73.7,-38.148),(73.7,-58.389)
[0.615s] found intersection with door door1!
[0.616s] writing /home/maria/rmf_ws/build/project_maps/maps/test1/nav_graphs/0.yaml
[0.692s] [ 50%] Built target generate_test1_nav_graphs
[0.695s] building name: classroom
[0.695s] coordinate system: reference_image
[0.695s] parsing level L1
[0.696s] parsing level L2
[0.697s] calculating levels relative to L1
[0.697s] level L1 scale: 0.02551020408163266
[0.697s] calculating level L2 offset and scale...
[0.697s]   0 common fiducials:
[0.697s] Transform.set_from_fiducials()
[0.697s]   0 fiducial pairs:
[0.697s] Bearings:
[0.697s] []
[0.702s] generating nav data
[0.703s] hooray, we found an intersection: t=0.459, u=0.62
[0.703s]   (732.006,-1378.531),(618.612,-1378.531) and (679.96,-1356.421),(679.96,-1392.105)
[0.703s] found intersection with door door2!
[0.703s] hooray, we found an intersection: t=0.604, u=0.561
[0.703s]   (741.803,-1033.459),(741.803,-1380.592) and (672.582,-1243.013),(795.893,-1243.013)
[0.703s] found intersection with door door6!
[0.703s] hooray, we found an intersection: t=0.303, u=0.684
[0.703s]   (741.803,-1380.592),(519.736,-1380.592) and (674.5,-1355.444),(674.5,-1392.191)
[0.703s] found intersection with door door9!
[0.703s] hooray, we found an intersection: t=0.183, u=0.481
[0.703s]   (877.736,-1373.216),(1134.021,-1373.216) and (924.619,-1355.521),(924.619,-1392.329)
[0.703s] found intersection with door door3!
[0.703s] hooray, we found an intersection: t=0.359, u=0.456
[0.703s]   (547.119,-1697.655),(878.052,-1697.655) and (665.966,-1673.474),(665.966,-1726.528)
[0.704s] found intersection with door door4!
[0.704s] hooray, we found an intersection: t=0.347, u=0.604
[0.704s]   (877.59,-1173.327),(877.59,-1374.102) and (808.137,-1243.013),(923.139,-1243.013)
[0.704s] found intersection with door door7!
[0.704s] hooray, we found an intersection: t=0.177, u=0.466
[0.704s]   (877.59,-1374.102),(1140.727,-1374.102) and (924.039,-1357.093),(924.039,-1393.624)
[0.704s] found intersection with door door8!
[0.704s] writing /home/maria/rmf_ws/build/project_maps/maps/classroom/nav_graphs/0.yaml
[0.707s] writing /home/maria/rmf_ws/build/project_maps/maps/classroom/nav_graphs/1.yaml
[0.780s] [ 50%] Built target generate_classroom_nav_graphs
[0.956s] building name: estce
[0.956s] coordinate system: reference_image
[0.956s] parsing level L1
[0.960s] parsing level L2
[0.962s] calculating levels relative to L1
[0.962s] level L1 scale: 0.022444889534645907
[0.962s] calculating level L2 offset and scale...
[0.962s]   3 common fiducials:
[0.962s] Transform.set_from_fiducials()
[0.962s]   3 fiducial pairs:
[0.963s]     (3963.9, -2197.6) -> (3837.1, -2354.5)   c3
[0.963s]     (2516.2, -2123.7) -> (2388.7, -2279.7)   c4
[0.963s]     (2369.6, -2222.5) -> (2242.3, -2378.6)   c1
[0.963s]     calc dist c3 <=> c4
[0.963s]     calc dist c3 <=> c1
[0.963s]     calc dist c4 <=> c1
[0.963s] Bearings:
[0.963s] [(3.090626667763035, 3.090030514435309), (-3.1259350542154625, -3.1264943407908756), (-2.5484125455389486, -2.5477943015529716)]
[0.963s]   -0.0005961533277258901
[0.963s]   -0.0005592865754131537
[0.963s]   0.000618243985976985
[0.963s]   Circular mean: 0.00017906532679433574
[0.963s] Distances:
[0.963s] [(1449.6723774715445, 1450.2914846695473), (1594.5624578062157, 1594.9407871394474), (176.77616935831585, 176.63032569182434)]
[0.963s] mean relative scale: 0.999946436772245
[0.963s] translation: (2.8426, 3.5003)
[0.994s] parsing lift lift1td1
[0.994s] parsing lift lift2td0
[0.994s] parsing lift lift3td2
[0.994s] parsing lift lift4td2
[0.994s] generating nav data
[1.003s] hooray, we found an intersection: t=0.539, u=0.761
[1.003s]   (2445.248,-2169.012),(2467.795,-2086.239) and (2490.877,-2124.279),(2446.927,-2124.383)
[1.003s] found intersection with door bano06!
[1.003s] hooray, we found an intersection: t=0.132, u=0.619
[1.004s]   (2467.795,-2086.239),(2637.26,-2086.239) and (2491.186,-2062.14),(2489.601,-2101.067)
[1.004s] found intersection with door TD0008CW!
[1.004s] hooray, we found an intersection: t=0.781, u=0.548
[1.004s]   (2644.009,-2172.471),(2726.492,-2161.224) and (2708.389,-2150.226),(2708.413,-2174.781)
[1.004s] found intersection with door bano08!
[1.004s] hooray, we found an intersection: t=0.776, u=0.502
[1.004s]   (2638.01,-2212.963),(2728.741,-2203.215) and (2708.413,-2193.344),(2708.413,-2217.344)
[1.004s] found intersection with door bano09!
[1.004s] hooray, we found an intersection: t=0.715, u=0.57
[1.004s]   (2637.26,-2272.95),(2736.989,-2242.207) and (2708.413,-2236.658),(2708.601,-2261.784)
[1.004s] found intersection with door bano010!
[1.004s] hooray, we found an intersection: t=0.514, u=0.617
[1.004s]   (2467.795,-2086.239),(2137.114,-2086.239) and (2299.303,-2060.164),(2297.039,-2102.424)
[1.004s] found intersection with door TD0007CW!
[1.004s] hooray, we found an intersection: t=0.449, u=0.663
[1.004s]   (2137.114,-2086.239),(2068.128,-2059.245) and (2106.114,-2049.599),(2106.114,-2086.576)
[1.005s] found intersection with door bano01!
[1.005s] hooray, we found an intersection: t=0.668, u=0.527
[1.005s]   (2130.365,-2146.977),(2046.383,-2168.722) and (2073.969,-2146.952),(2074.55,-2174.577)
[1.005s] found intersection with door bano02!
[1.005s] hooray, we found an intersection: t=0.743, u=0.329
[1.005s]   (2131.115,-2200.965),(2055.381,-2203.215) and (2074.55,-2194.953),(2075.539,-2218.297)
[1.005s] found intersection with door bano03!
[1.005s] hooray, we found an intersection: t=0.715, u=0.45
[1.005s]   (2135.614,-2246.706),(2050.882,-2250.455) and (2075.539,-2238.079),(2074.352,-2263.203)
[1.005s] found intersection with door bano04!
[1.005s] hooray, we found an intersection: t=0.388, u=0.636
[1.005s]   (3920.014,-2154.451),(3920.014,-2081.472) and (3892.755,-2125.876),(3935.63,-2126.325)
[1.005s] found intersection with door bano015!
[1.005s] hooray, we found an intersection: t=0.375, u=0.489
[1.006s]   (3920.014,-2081.472),(3845.912,-2081.472) and (3892.66,-2062.712),(3891.817,-2101.048)
[1.006s] found intersection with door TD0009CW!
[1.006s] hooray, we found an intersection: t=0.449, u=0.449
[1.006s]   (3753.846,-2059.017),(3639.749,-2076.266) and (3702.398,-2049.41),(3702.805,-2088.103)
[1.006s] found intersection with door bano011!
[1.006s] hooray, we found an intersection: t=0.55, u=0.609
[1.006s]   (3701.076,-2169.047),(3650.045,-2159.717) and (3674.766,-2146.262),(3671.851,-2175.263)
[1.006s] found intersection with door bano012!
[1.006s] hooray, we found an intersection: t=0.574, u=0.537
[1.006s]   (3698.273,-2207.945),(3651.129,-2206.319) and (3671.851,-2195.628),(3670.629,-2216.807)
[1.006s] found intersection with door bano013!
[1.006s] hooray, we found an intersection: t=0.746, u=0.517
[1.006s]   (3920.014,-2081.472),(4143.019,-2081.472) and (4086.446,-2062.291),(4086.446,-2099.363)
[1.006s] found intersection with door TD0010CW!
[1.006s] hooray, we found an intersection: t=0.471, u=0.603
[1.007s]   (4202.88,-2079.54),(4350.68,-2065.108) and (4272.198,-2050.632),(4272.605,-2087.289)
[1.007s] found intersection with door bano017!
[1.007s] hooray, we found an intersection: t=0.732, u=0.612
[1.007s]   (4265.135,-2180.905),(4318.939,-2154.511) and (4304.088,-2143.244),(4304.781,-2173.227)
[1.007s] found intersection with door bano018!
[1.007s] hooray, we found an intersection: t=0.629, u=0.69
[1.007s]   (4266.396,-2221.591),(4325.154,-2202.689) and (4304.781,-2191.148),(4302.745,-2218.029)
[1.007s] found intersection with door bano019!
[1.007s] hooray, we found an intersection: t=0.472, u=0.53
[1.007s]   (4272.148,-2252.408),(4337.481,-2245.012) and (4302.745,-2235.542),(4303.152,-2260.794)
[1.007s] found intersection with door bano020!
[1.010s] hooray, we found an intersection: t=0.533, u=0.537
[1.011s]   (2191.773,-2333.949),(2202.468,-2238.956) and (2178.941,-2282.645),(2213.479,-2283.861)
[1.011s] found intersection with door bano5!
[1.011s] hooray, we found an intersection: t=0.32, u=0.498
[1.011s]   (2202.468,-2238.956),(2093.425,-2238.956) and (2166.915,-2219.974),(2168.236,-2258.064)
[1.011s] found intersection with door TD0114CW!
[1.011s] hooray, we found an intersection: t=0.464, u=0.434
[1.011s]   (2045.334,-2221.83),(1903.297,-2221.83) and (1979.331,-2205.396),(1979.539,-2243.253)
[1.011s] found intersection with door bano1!
[1.011s] hooray, we found an intersection: t=0.722, u=0.51
[1.011s]   (2202.468,-2238.956),(2424.469,-2238.956) and (2363.879,-2220.501),(2361.836,-2256.667)
[1.011s] found intersection with door TD0115CW!
[1.011s] hooray, we found an intersection: t=0.426, u=0.501
[1.011s]   (3793.468,-2314.561),(3793.468,-2239.389) and (3777.013,-2281.951),(3809.872,-2283.078)
[1.011s] found intersection with door bano15!
[1.012s] hooray, we found an intersection: t=0.342, u=0.544
[1.012s]   (3793.468,-2239.389),(3706.996,-2239.389) and (3763.517,-2219.277),(3764.209,-2256.22)
[1.012s] found intersection with door TD0116CW!
[1.012s] hooray, we found an intersection: t=0.784, u=0.549
[1.012s]   (3793.468,-2239.389),(4005.5,-2239.389) and (3960.322,-2217.639),(3959.184,-2257.234)
[1.012s] found intersection with door TD0117CW!
[1.029s] hooray, we found an intersection: t=0.245, u=0.751
[1.029s]   (1440.92,-570.091),(1852.513,-570.091) and (1542.627,-523.898),(1541.634,-585.427)
[1.029s] found intersection with door TD1021AA!
[1.029s] hooray, we found an intersection: t=0.329, u=0.231
[1.029s]   (1440.92,-570.091),(1110.062,-570.091) and (1331.889,-582.739),(1332.052,-528.089)
[1.029s] found intersection with door TD1007AA!
[1.029s] hooray, we found an intersection: t=0.304, u=0.549
[1.029s]   (1599.91,-1107.702),(1599.91,-799.15) and (1565.948,-1014.146),(1627.779,-1013.571)
[1.029s] found intersection with door TD1019AA!
[1.029s] hooray, we found an intersection: t=0.306, u=0.674
[1.029s]   (1284.956,-1107.702),(1284.956,-796.419) and (1245.117,-1012.508),(1304.259,-1012.508)
[1.030s] found intersection with door TD1022AA!
[1.030s] hooray, we found an intersection: t=0.635, u=0.551
[1.030s]   (1442.255,-1271.182),(1591.564,-1271.182) and (1536.87,-1230.708),(1537.163,-1304.196)
[1.030s] found intersection with door TD1016AA!
[1.030s] hooray, we found an intersection: t=0.572, u=0.534
[1.030s]   (1442.255,-1271.182),(1253.821,-1271.182) and (1333.679,-1303.11),(1335.273,-1243.345)
[1.030s] found intersection with door TD1017AA!
[1.030s] hooray, we found an intersection: t=0.721, u=0.412
[1.030s]   (1441.382,-1645.562),(1293.227,-1645.562) and (1335.25,-1668.863),(1333.679,-1612.293)
[1.030s] found intersection with door TD1018AA!
[1.030s] hooray, we found an intersection: t=0.656, u=0.617
[1.030s]   (1441.382,-1645.562),(1589.537,-1645.562) and (1537.163,-1608.181),(1539.473,-1668.813)
[1.030s] found intersection with door TD1015AA!
[1.030s] hooray, we found an intersection: t=0.877, u=0.496
[1.031s]   (1117.809,-1982.484),(562.03,-1961.511) and (631.461,-1933.536),(629.573,-1995.198)
[1.031s] found intersection with door TD1023CP2!
[1.031s] hooray, we found an intersection: t=0.166, u=0.651
[1.031s]   (1117.809,-1982.484),(562.03,-1961.511) and (1025.417,-1936.595),(1025.974,-2001.742)
[1.031s] found intersection with door TD1005CP2!
[1.031s] hooray, we found an intersection: t=0.769, u=0.581
[1.031s]   (562.03,-2286.59),(1164.998,-2286.59) and (1025.974,-2248.895),(1025.974,-2313.829)
[1.031s] found intersection with door TD1005CP1!
[1.031s] hooray, we found an intersection: t=0.113, u=0.594
[1.031s]   (562.03,-2286.59),(1164.998,-2286.59) and (629.573,-2253.802),(630.071,-2308.965)
[1.031s] found intersection with door TD1023CP1!
[1.031s] hooray, we found an intersection: t=0.476, u=0.556
[1.031s]   (1430.654,-2508.552),(1430.654,-2791.996) and (1473.142,-2643.664),(1396.722,-2643.094)
[1.031s] found intersection with door TD1002CP!
[1.032s] hooray, we found an intersection: t=0.259, u=0.719
[1.032s]   (1430.654,-2791.996),(1852.106,-2791.996) and (1540.591,-2748.633),(1539.748,-2808.928)
[1.032s] found intersection with door TD1008AL!
[1.032s] hooray, we found an intersection: t=0.691, u=0.284
[1.032s]   (1430.654,-2791.996),(1280.367,-2791.996) and (1327.145,-2809.622),(1326.005,-2747.459)
[1.032s] found intersection with door TD1014AL!
[1.032s] hooray, we found an intersection: t=0.666, u=0.722
[1.032s]   (1604.205,-3272.864),(1604.205,-3137.018) and (1561.556,-3182.148),(1620.592,-3182.497)
[1.032s] found intersection with door TD1010AL2!
[1.032s] hooray, we found an intersection: t=0.64, u=0.279
[1.033s]   (1261.535,-3272.864),(1261.535,-3131.935) and (1244.626,-3182.825),(1305.219,-3182.492)
[1.033s] found intersection with door TD1013AL2!
[1.033s] hooray, we found an intersection: t=0.67, u=0.42
[1.033s]   (1261.535,-3272.864),(1297.844,-3455.67) and (1312.127,-3395.906),(1249.646,-3394.709)
[1.033s] found intersection with door TD1012AL!
[1.033s] hooray, we found an intersection: t=0.543, u=0.267
[1.033s]   (1604.205,-3272.864),(1604.205,-3490.633) and (1620.048,-3390.7),(1560.608,-3392.515)
[1.034s] found intersection with door TD1011AL!
[1.034s] hooray, we found an intersection: t=0.761, u=0.535
[1.034s]   (4945.573,-1788.951),(4945.573,-1645.325) and (4906.11,-1679.0),(4979.838,-1680.17)
[1.034s] found intersection with door TD2014CP!
[1.034s] hooray, we found an intersection: t=0.289, u=0.394
[1.034s]   (4945.573,-1645.325),(4590.732,-1645.325) and (4843.501,-1669.053),(4842.33,-1608.783)
[1.035s] found intersection with door TD2022CE1!
[1.035s] hooray, we found an intersection: t=0.318, u=0.478
[1.035s]   (4590.732,-1337.797),(4409.932,-1337.797) and (4532.933,-1351.963),(4533.436,-1322.346)
[1.035s] found intersection with door TD2023CE!
[1.035s] hooray, we found an intersection: t=0.364, u=0.591
[1.035s]   (4580.888,-1384.976),(4448.696,-1384.976) and (4532.933,-1368.052),(4532.566,-1396.684)
[1.035s] found intersection with door TD2024CE!
[1.035s] hooray, we found an intersection: t=0.312, u=0.419
[1.035s]   (4588.502,-1530.319),(4412.014,-1530.319) and (4534.097,-1542.822),(4532.566,-1513.001)
[1.035s] found intersection with door TD2025CE!
[1.035s] hooray, we found an intersection: t=0.347, u=0.323
[1.035s]   (4587.117,-1570.461),(4433.469,-1570.461) and (4534.097,-1560.562),(4532.952,-1591.178)
[1.035s] found intersection with door TD2026CE!
[1.035s] hooray, we found an intersection: t=0.672, u=0.614
[1.036s]   (5112.567,-1093.102),(5112.567,-974.274) and (5077.806,-1013.288),(5134.377,-1013.288)
[1.036s] found intersection with door TD2046AA!
[1.036s] hooray, we found an intersection: t=0.833, u=0.459
[1.036s]   (4945.573,-1093.102),(4945.573,-557.393) and (4981.331,-646.227),(4903.499,-647.073)
[1.036s] found intersection with door TD2040CP1!
[1.036s] hooray, we found an intersection: t=0.363, u=0.595
[1.036s]   (4945.573,-557.393),(5241.15,-557.393) and (5052.395,-520.173),(5053.241,-582.777)
[1.036s] found intersection with door TD2040CP2!
[1.036s] hooray, we found an intersection: t=0.383, u=0.343
[1.036s]   (5241.15,-557.393),(5241.15,-427.771) and (5219.281,-507.566),(5283.082,-508.186)
[1.036s] found intersection with door TD2043AA!
[1.036s] hooray, we found an intersection: t=0.746, u=0.462
[1.036s]   (5264.117,-1987.349),(5385.303,-1964.728) and (5354.109,-1997.627),(5354.876,-1938.882)
[1.036s] found intersection with door TD2011CP2!
[1.036s] hooray, we found an intersection: t=0.214, u=0.487
[1.037s]   (5385.303,-1964.728),(5813.493,-1964.728) and (5477.326,-1996.042),(5476.103,-1931.729)
[1.037s] found intersection with door TD2011CP3!
[1.037s] hooray, we found an intersection: t=0.506, u=0.621
[1.037s]   (5448.32,-2274.964),(5262.501,-2274.964) and (5354.508,-2312.402),(5354.109,-2252.16)
[1.037s] found intersection with door TD2011CP1!
[1.037s] hooray, we found an intersection: t=0.127, u=0.585
[1.037s]   (4952.222,-2770.497),(5445.87,-2770.497) and (5013.672,-2730.433),(5015.54,-2798.956)
[1.037s] found intersection with door TD2002AA!
[1.037s] hooray, we found an intersection: t=0.148, u=0.428
[1.037s]   (4952.222,-2770.497),(4423.047,-2770.497) and (4873.617,-2797.592),(4874.23,-2734.224)
[1.037s] found intersection with door TD2003AA!
[1.038s] hooray, we found an intersection: t=0.871, u=0.425
[1.038s]   (4789.252,-3292.859),(4789.252,-3426.12) and (4813.887,-3409.422),(4755.98,-3408.264)
[1.038s] found intersection with door TD2006CI!
[1.038s] hooray, we found an intersection: t=0.827, u=0.596
[1.038s]   (5100.412,-3292.859),(5100.412,-3435.492) and (5136.994,-3412.139),(5075.585,-3409.865)
[1.039s] found intersection with door TD2010CP!
[1.039s] hooray, we found an intersection: t=0.157, u=0.281
[1.039s]   (5064.883,-3435.492),(5064.883,-3668.966) and (5053.751,-3472.184),(5093.326,-3471.729)
[1.039s] found intersection with door TD2007CI!
[1.039s] hooray, we found an intersection: t=0.13, u=0.45
[1.039s]   (4953.253,-2974.907),(5434.537,-2974.907) and (5015.54,-2947.703),(5015.995,-3008.203)
[1.039s] found intersection with door TD2047AA!
[1.039s] hooray, we found an intersection: t=0.15, u=0.587
[1.039s]   (4953.253,-2974.907),(4427.618,-2974.907) and (4875.268,-3014.884),(4873.617,-2946.794)
[1.039s] found intersection with door TD2048AA!
[1.039s] hooray, we found an intersection: t=0.296, u=0.634
[1.039s]   (4945.573,-1645.325),(5299.788,-1645.325) and (5050.055,-1608.198),(5050.64,-1666.712)
[1.039s] found intersection with door TD2016CE2!
[1.040s] hooray, we found an intersection: t=0.273, u=0.545
[1.040s]   (5306.467,-1343.123),(5475.817,-1317.438) and (5353.439,-1351.963),(5352.193,-1322.839)
[1.040s] found intersection with door TD2020CE!
[1.040s] hooray, we found an intersection: t=0.29, u=0.541
[1.040s]   (5299.502,-1377.08),(5485.395,-1401.46) and (5353.439,-1368.16),(5353.439,-1397.75)
[1.040s] found intersection with door TD2019CE!
[1.040s] hooray, we found an intersection: t=0.279, u=0.491
[1.040s]   (5307.007,-1533.752),(5472.185,-1524.005) and (5352.816,-1545.858),(5353.439,-1515.645)
[1.040s] found intersection with door TD2018CE!
[1.040s] hooray, we found an intersection: t=0.284, u=0.544
[1.040s]   (5300.338,-1575.303),(5482.958,-1579.92) and (5352.816,-1560.186),(5351.701,-1590.358)
[1.040s] found intersection with door TD2017CE!
[1.041s] hooray, we found an intersection: t=0.856, u=0.444
[1.041s]   (2401.75,-1931.732),(2841.734,-1932.631) and (2776.652,-1906.294),(2780.262,-1965.266)
[1.041s] found intersection with door TD0013CP1!
[1.054s] hooray, we found an intersection: t=0.795, u=0.543
[1.054s]   (1304.231,-3579.071),(1304.231,-2600.959) and (1345.431,-2801.484),(1269.572,-2801.422)
[1.054s] found intersection with door TD1118CP2!
[1.054s] hooray, we found an intersection: t=0.589, u=0.583
[1.054s]   (1342.156,-1967.187),(1289.209,-1746.761) and (1270.868,-1837.227),(1339.686,-1837.542)
[1.054s] found intersection with door TD118CP1!
[1.054s] hooray, we found an intersection: t=0.65, u=0.621
[1.054s]   (1293.494,-715.088),(1476.752,-715.088) and (1413.231,-677.612),(1412.225,-737.942)
[1.054s] found intersection with door TD1103!
[1.054s] hooray, we found an intersection: t=0.186, u=0.623
[1.054s]   (1293.494,-715.088),(801.383,-715.088) and (1202.746,-675.601),(1201.741,-738.947)
[1.054s] found intersection with door TD1104!
[1.055s] hooray, we found an intersection: t=0.474, u=0.267
[1.055s]   (1455.659,-1267.289),(1455.659,-1060.566) and (1439.709,-1168.631),(1499.369,-1171.312)
[1.055s] found intersection with door TD1102!
[1.055s] hooray, we found an intersection: t=0.414, u=0.479
[1.055s]   (1146.523,-1267.289),(1146.523,-1039.704) and (1118.284,-1172.318),(1177.273,-1173.659)
[1.055s] found intersection with door TD1105!
[1.055s] hooray, we found an intersection: t=0.764, u=0.417
[1.055s]   (1604.797,-2145.3),(1957.508,-2081.472) and (1874.169,-2121.927),(1874.653,-2060.943)
[1.055s] found intersection with door TD1118CP3!
[1.055s] hooray, we found an intersection: t=0.822, u=0.318
[1.055s]   (2260.144,-2081.472),(2742.159,-2081.472) and (2656.486,-2062.649),(2655.492,-2121.842)
[1.055s] found intersection with door TD0119CP1!
[1.055s] hooray, we found an intersection: t=0.55, u=0.314
[1.056s]   (2742.159,-1658.43),(2700.802,-1546.116) and (2735.005,-1596.635),(2685.264,-1596.635)
[1.056s] found intersection with door TD0113ER!
[1.056s] hooray, we found an intersection: t=0.213, u=0.354
[1.056s]   (3341.182,-1655.652),(3012.227,-1655.652) and (3270.907,-1680.562),(3271.603,-1610.236)
[1.056s] found intersection with door TD0112FR!
[1.056s] hooray, we found an intersection: t=0.116, u=0.634
[1.056s]   (3017.809,-2085.243),(3017.809,-3374.879) and (3055.56,-2234.626),(2995.984,-2235.638)
[1.056s] found intersection with door TD0118CP1!
[1.056s] hooray, we found an intersection: t=0.709, u=0.665
[1.056s]   (3341.182,-2100.99),(4623.858,-2100.99) and (4250.94,-2061.953),(4251.066,-2120.647)
[1.056s] found intersection with door TD0123CP3!
[1.057s] hooray, we found an intersection: t=0.101, u=0.352
[1.057s]   (3341.182,-2100.99),(4623.858,-2100.99) and (3470.994,-2121.992),(3471.614,-2062.297)
[1.057s] found intersection with door TD0123CP1!
[1.057s] hooray, we found an intersection: t=0.074, u=0.498
[1.057s]   (4816.684,-1925.605),(4816.684,-714.493) and (4779.059,-1836.677),(4854.558,-1835.459)
[1.057s] found intersection with door TD2116CP!
[1.057s] hooray, we found an intersection: t=0.216, u=0.461
[1.057s]   (5190.508,-2249.525),(5357.491,-2249.525) and (5227.167,-2277.818),(5225.973,-2216.431)
[1.057s] found intersection with door TD2112CP1!
[1.057s] hooray, we found an intersection: t=0.724, u=0.351
[1.057s]   (4902.428,-2565.654),(4799.099,-2888.811) and (4854.321,-2799.459),(4778.232,-2799.771)
[1.057s] found intersection with door TD2113CP!
[1.057s] hooray, we found an intersection: t=0.281, u=0.606
[1.057s]   (4984.765,-3462.131),(4984.765,-3020.409) and (4949.433,-3337.384),(5007.747,-3338.32)
[1.058s] found intersection with door TD2107AL2!
[1.058s] hooray, we found an intersection: t=0.193, u=0.461
[1.058s]   (4799.364,-2938.284),(4317.34,-2938.284) and (4705.553,-2966.367),(4707.598,-2905.426)
[1.058s] found intersection with door TD2110AL1!
[1.058s] hooray, we found an intersection: t=0.39, u=0.561
[1.058s]   (4650.795,-3390.594),(4650.795,-3803.286) and (4684.368,-3551.619),(4624.495,-3551.307)
[1.058s] found intersection with door TD2109AL!
[1.058s] hooray, we found an intersection: t=0.347, u=0.378
[1.058s]   (4984.765,-3462.131),(4984.765,-3722.327) and (5006.811,-3552.866),(4948.497,-3551.619)
[1.058s] found intersection with door TD2108AL!
[1.058s] hooray, we found an intersection: t=0.233, u=0.547
[1.058s]   (3017.047,-2725.149),(2803.517,-2725.149) and (2967.233,-2756.71),(2967.394,-2698.96)
[1.058s] found intersection with door TD0120AI!
[1.058s] hooray, we found an intersection: t=0.109, u=0.546
[1.059s]   (3015.032,-2817.813),(2567.828,-2817.813) and (2965.993,-2850.767),(2966.912,-2790.397)
[1.059s] found intersection with door TD0108AI!
[1.059s] hooray, we found an intersection: t=0.309, u=0.639
[1.059s]   (3015.032,-3144.151),(3480.367,-3144.151) and (3158.638,-3102.929),(3159.255,-3167.423)
[1.059s] found intersection with door TD0104AI!
[1.059s] hooray, we found an intersection: t=0.272, u=0.464
[1.059s]   (3017.047,-2725.149),(3538.785,-2725.149) and (3158.569,-2697.011),(3158.928,-2757.591)
[1.059s] found intersection with door TD0102AI!
[1.059s] hooray, we found an intersection: t=0.288, u=0.471
[1.059s]   (3015.032,-2817.813),(3514.612,-2817.813) and (3158.928,-2788.871),(3159.05,-2850.3)
[1.059s] found intersection with door TD0103AI!
[1.059s] hooray, we found an intersection: t=0.349, u=0.455
[1.059s]   (1145.077,-3390.171),(1145.077,-3224.609) and (1117.028,-3332.602),(1178.659,-3332.262)
[1.059s] found intersection with door TD1111AL2!
[1.059s] hooray, we found an intersection: t=0.292, u=0.447
[1.060s]   (1151.753,-3480.221),(1151.753,-3722.332) and (1179.599,-3552.278),(1117.369,-3549.501)
[1.060s] found intersection with door TD1109AL1!
[1.060s] hooray, we found an intersection: t=0.366, u=0.559
[1.060s]   (1466.688,-3480.221),(1466.688,-3674.859) and (1500.494,-3552.278),(1439.997,-3550.963)
[1.060s] found intersection with door TD1108AL2!
[1.060s] hooray, we found an intersection: t=0.217, u=0.482
[1.060s]   (1302.541,-2934.124),(820.307,-2934.124) and (1198.093,-2960.385),(1197.386,-2905.956)
[1.060s] found intersection with door door!
[1.060s] hooray, we found an intersection: t=0.284, u=0.73
[1.060s]   (4817.2,-1780.809),(4446.666,-1780.809) and (4713.438,-1825.213),(4711.478,-1764.359)
[1.060s] found intersection with door TD2106AA2!
[1.063s] hooray, we found an intersection: t=0.59, u=0.352
[1.063s]   (2973.126,-1995.406),(2645.816,-1995.406) and (2780.112,-1972.337),(2780.195,-2037.924)
[1.063s] found intersection with door TD0013CP2!
[1.063s] hooray, we found an intersection: t=0.781, u=0.643
[1.063s]   (2645.816,-1995.406),(1819.967,-1995.406) and (2002.62,-2036.541),(2000.32,-1972.523)
[1.063s] found intersection with door TD1001CP2!
[1.063s] hooray, we found an intersection: t=0.535, u=0.61
[1.064s]   (1426.502,-2571.467),(1426.502,-2705.795) and (1473.142,-2643.664),(1396.722,-2643.094)
[1.064s] found intersection with door TD1002CP!
[1.064s] hooray, we found an intersection: t=0.698, u=0.526
[1.064s]   (3278.902,-2049.203),(3374.282,-2135.202) and (3376.752,-2107.869),(3317.26,-2110.412)
[1.064s] found intersection with door TD0001EC2!
[1.064s] hooray, we found an intersection: t=0.307, u=0.326
[1.064s]   (4280.96,-1982.531),(4597.109,-2020.523) and (4378.527,-1973.027),(4376.943,-2038.006)
[1.064s] found intersection with door TD0014CP2!
[1.066s] writing /home/maria/rmf_ws/build/project_maps/maps/estce/nav_graphs/0.yaml
[1.081s] writing /home/maria/rmf_ws/build/project_maps/maps/estce/nav_graphs/1.yaml
[1.098s] writing /home/maria/rmf_ws/build/project_maps/maps/estce/nav_graphs/2.yaml
[1.171s] [ 50%] Built target generate_estce_nav_graphs
[1.436s] Cached model found! Halting Fuel traversal...
[1.437s] Writing to cache: /home/maria/.pit_crew/model_cache.json
[1.477s] New models cached: 0
[1.477s] 
[1.520s] [ 50%] Built target update_model_cache
[2.037s] generating /home/maria/rmf_ws/build/project_maps/maps/test1/test1.world from /home/maria/rmf_ws/src/project/project_maps/maps/test1/test1.building.yaml
[2.040s] building name: test1
[2.040s] coordinate system: reference_image
[2.040s] parsing level L1
[2.041s] parsing level L2
[2.041s] calculating levels relative to L1
[2.041s] level L1 scale: 0.06666666666666667
[2.041s] calculating level L2 offset and scale...
[2.041s]   2 common fiducials:
[2.041s] Transform.set_from_fiducials()
[2.041s]   2 fiducial pairs:
[2.041s]     (1.5, -1.5) -> (2.0, -2.0)   columna1
[2.041s]     (148.5, -1.5) -> (148.5, -1.5)   columna2
[2.041s]     calc dist columna1 <=> columna2
[2.042s] Bearings:
[2.042s] [(0.0, 0.003412956031538204)]
[2.042s]   0.003412956031538204
[2.042s]   Circular mean: -0.0034129560315382034
[2.042s] Distances:
[2.042s] [(147.0, 146.50085323983612)]
[2.042s] mean relative scale: 0.996604443808409
[2.042s] translation: (-0.03333, 0.034243)
[2.042s] parsing lift lift1
[2.042s] generating model of level L1 in /home/maria/rmf_ws/build/project_maps/maps/test1/models/test1_L1
[2.042s]   wrote /home/maria/rmf_ws/build/project_maps/maps/test1/models/test1_L1/model.config
[2.042s] generating floor polygon 1 on floor test1_L1
[2.042s] hole vertices: []
[2.042s] lift vertices: {'lift1': [(5.616666666666667, -1.2833333333333337), (5.616666666666667, -5.383333333333333), (9.716666666666667, -5.383333333333333), (9.716666666666667, -1.2833333333333337)]}
[2.044s] generating /home/maria/rmf_ws/build/project_maps/maps/estce/estce.world from /home/maria/rmf_ws/src/project/project_maps/maps/estce/estce.building.yaml
[2.044s] generating /home/maria/rmf_ws/build/project_maps/maps/classroom/classroom.world from /home/maria/rmf_ws/src/project/project_maps/maps/classroom/classroom.building.yaml
[2.048s] [[0, 3, 4], [0, 4, 5], [0, 5, 1], [1, 5, 6], [1, 6, 7], [1, 7, 2], [2, 7, 4], [2, 4, 3]]
[2.048s]   wrote /home/maria/rmf_ws/build/project_maps/maps/test1/models/test1_L1/meshes/floor_1.obj
[2.049s]   wrote /home/maria/rmf_ws/build/project_maps/maps/test1/models/test1_L1/meshes/blue_linoleum.png
[2.050s]   wrote /home/maria/rmf_ws/build/project_maps/maps/test1/models/test1_L1/meshes/floor_1.mtl
[2.050s] Walls Generation, wall params list: [{'alpha': <building_map.param_value.ParamValue object at 0x708c104dfa40>, 'texture_height': <building_map.param_value.ParamValue object at 0x708c104dfa10>, 'texture_name': <building_map.param_value.ParamValue object at 0x708c104df9e0>, 'texture_scale': <building_map.param_value.ParamValue object at 0x708c104dfb60>, 'texture_width': <building_map.param_value.ParamValue object at 0x708c104dfb30>}]
[2.050s] generating wall: 1 on floor: test1_L1
[2.050s]   wrote /home/maria/rmf_ws/build/project_maps/maps/test1/models/test1_L1/meshes/default.png
[2.051s] generate_wall_visual_mesh(test1_L1, /home/maria/rmf_ws/build/project_maps/maps/test1/models/test1_L1)
[2.051s]   generating /home/maria/rmf_ws/build/project_maps/maps/test1/models/test1_L1/meshes/wall_1.obj
[2.051s]   generating /home/maria/rmf_ws/build/project_maps/maps/test1/models/test1_L1/meshes/wall_1.mtl
[2.052s]   wrote /home/maria/rmf_ws/build/project_maps/maps/test1/models/test1_L1/model.sdf
[2.052s] generating model of level L2 in /home/maria/rmf_ws/build/project_maps/maps/test1/models/test1_L2
[2.052s]   wrote /home/maria/rmf_ws/build/project_maps/maps/test1/models/test1_L2/model.config
[2.052s] generating floor polygon 1 on floor test1_L2
[2.052s] hole vertices: []
[2.052s] lift vertices: {'lift1': [(5.616666666666667, -1.2833333333333337), (5.616666666666667, -5.383333333333333), (9.716666666666667, -5.383333333333333), (9.716666666666667, -1.2833333333333337)]}
[2.057s] [[0, 3, 4], [0, 4, 1], [1, 4, 5], [1, 5, 6], [1, 6, 2], [2, 6, 7], [2, 7, 3], [3, 7, 4]]
[2.057s]   wrote /home/maria/rmf_ws/build/project_maps/maps/test1/models/test1_L2/meshes/floor_1.obj
[2.058s]   wrote /home/maria/rmf_ws/build/project_maps/maps/test1/models/test1_L2/meshes/blue_linoleum.png
[2.058s]   wrote /home/maria/rmf_ws/build/project_maps/maps/test1/models/test1_L2/meshes/floor_1.mtl
[2.058s] Walls Generation, wall params list: [{'alpha': <building_map.param_value.ParamValue object at 0x708c1029c7a0>, 'texture_height': <building_map.param_value.ParamValue object at 0x708c1029c800>, 'texture_name': <building_map.param_value.ParamValue object at 0x708c1029c830>, 'texture_scale': <building_map.param_value.ParamValue object at 0x708c1029c890>, 'texture_width': <building_map.param_value.ParamValue object at 0x708c1029c8c0>}]
[2.058s] generating wall: 1 on floor: test1_L2
[2.059s]   wrote /home/maria/rmf_ws/build/project_maps/maps/test1/models/test1_L2/meshes/default.png
[2.059s] generate_wall_visual_mesh(test1_L2, /home/maria/rmf_ws/build/project_maps/maps/test1/models/test1_L2)
[2.059s]   generating /home/maria/rmf_ws/build/project_maps/maps/test1/models/test1_L2/meshes/wall_1.obj
[2.059s]   generating /home/maria/rmf_ws/build/project_maps/maps/test1/models/test1_L2/meshes/wall_1.mtl
[2.059s]   wrote /home/maria/rmf_ws/build/project_maps/maps/test1/models/test1_L2/model.sdf
[2.079s] spawning robot name tinyRobot1_charger of type TinyRobot
[2.079s] generate door name=door1 type=sliding
[2.079s] Door(door1)
[2.079s] generate door name=door2 type=sliding
[2.079s] Door(door2)
[2.082s] 33015 bytes written to /home/maria/rmf_ws/build/project_maps/maps/test1/test1.world
[2.159s] building name: classroom
[2.159s] coordinate system: reference_image
[2.159s] parsing level L1
[2.159s] [ 50%] Built target test1
[2.160s] parsing level L2
[2.161s] calculating levels relative to L1
[2.161s] level L1 scale: 0.02551020408163266
[2.161s] calculating level L2 offset and scale...
[2.161s]   0 common fiducials:
[2.161s] Transform.set_from_fiducials()
[2.161s]   0 fiducial pairs:
[2.161s] Bearings:
[2.161s] []
[2.167s] generating model of level L1 in /home/maria/rmf_ws/build/project_maps/maps/classroom/models/classroom_L1
[2.167s]   wrote /home/maria/rmf_ws/build/project_maps/maps/classroom/models/classroom_L1/model.config
[2.167s] generating floor polygon 1 on floor classroom_L1
[2.167s] hole vertices: []
[2.167s] lift vertices: {}
[2.170s] [[0, 5, 2], [0, 2, 1], [4, 3, 2], [4, 2, 5]]
[2.170s]   wrote /home/maria/rmf_ws/build/project_maps/maps/classroom/models/classroom_L1/meshes/floor_1.obj
[2.171s]   wrote /home/maria/rmf_ws/build/project_maps/maps/classroom/models/classroom_L1/meshes/blue_linoleum.png
[2.171s]   wrote /home/maria/rmf_ws/build/project_maps/maps/classroom/models/classroom_L1/meshes/floor_1.mtl
[2.171s] Walls Generation, wall params list: [{'alpha': <building_map.param_value.ParamValue object at 0x78336fce1490>, 'texture_height': <building_map.param_value.ParamValue object at 0x78336fce3920>, 'texture_name': <building_map.param_value.ParamValue object at 0x78336fce3950>, 'texture_scale': <building_map.param_value.ParamValue object at 0x78336fce01d0>, 'texture_width': <building_map.param_value.ParamValue object at 0x78336fce34d0>}]
[2.172s] generating wall: 1 on floor: classroom_L1
[2.172s]   wrote /home/maria/rmf_ws/build/project_maps/maps/classroom/models/classroom_L1/meshes/default.png
[2.172s] generate_wall_visual_mesh(classroom_L1, /home/maria/rmf_ws/build/project_maps/maps/classroom/models/classroom_L1)
[2.173s]   generating /home/maria/rmf_ws/build/project_maps/maps/classroom/models/classroom_L1/meshes/wall_1.obj
[2.184s]   generating /home/maria/rmf_ws/build/project_maps/maps/classroom/models/classroom_L1/meshes/wall_1.mtl
[2.184s]   wrote /home/maria/rmf_ws/build/project_maps/maps/classroom/models/classroom_L1/model.sdf
[2.184s] generating model of level L2 in /home/maria/rmf_ws/build/project_maps/maps/classroom/models/classroom_L2
[2.185s]   wrote /home/maria/rmf_ws/build/project_maps/maps/classroom/models/classroom_L2/model.config
[2.185s] generating floor polygon 1 on floor classroom_L2
[2.185s] hole vertices: []
[2.185s] lift vertices: {}
[2.186s] [[0, 3, 2], [0, 2, 1]]
[2.186s]   wrote /home/maria/rmf_ws/build/project_maps/maps/classroom/models/classroom_L2/meshes/floor_1.obj
[2.187s]   wrote /home/maria/rmf_ws/build/project_maps/maps/classroom/models/classroom_L2/meshes/blue_linoleum.png
[2.187s]   wrote /home/maria/rmf_ws/build/project_maps/maps/classroom/models/classroom_L2/meshes/floor_1.mtl
[2.187s] Walls Generation, wall params list: [{'alpha': <building_map.param_value.ParamValue object at 0x78336fb44830>, 'texture_height': <building_map.param_value.ParamValue object at 0x78336fb44860>, 'texture_name': <building_map.param_value.ParamValue object at 0x78336fb44890>, 'texture_scale': <building_map.param_value.ParamValue object at 0x78336fb448c0>, 'texture_width': <building_map.param_value.ParamValue object at 0x78336fb448f0>}]
[2.187s] generating wall: 1 on floor: classroom_L2
[2.188s]   wrote /home/maria/rmf_ws/build/project_maps/maps/classroom/models/classroom_L2/meshes/default.png
[2.188s] generate_wall_visual_mesh(classroom_L2, /home/maria/rmf_ws/build/project_maps/maps/classroom/models/classroom_L2)
[2.188s]   generating /home/maria/rmf_ws/build/project_maps/maps/classroom/models/classroom_L2/meshes/wall_1.obj
[2.189s] [ 66%] [34m[1mGenerating test1_crowdsim[0m
[2.191s]   generating /home/maria/rmf_ws/build/project_maps/maps/classroom/models/classroom_L2/meshes/wall_1.mtl
[2.191s]   wrote /home/maria/rmf_ws/build/project_maps/maps/classroom/models/classroom_L2/model.sdf
[2.211s] spawning robot name tinyRobot2 of type TinyRobot
[2.211s] spawning robot name tinyRobot1 of type TinyRobot
[2.211s] generate door name=door1 type=double_hinged
[2.211s] Door(door1)
[2.211s] generate door name=door2 type=hinged
[2.211s] Door(door2)
[2.212s] generate door name=door3 type=sliding
[2.212s] Door(door3)
[2.212s] generate door name=door4 type=double_hinged
[2.212s] Door(door4)
[2.212s] generate door name=door5 type=double_hinged
[2.212s] Door(door5)
[2.212s] generate door name=door6 type=double_hinged
[2.212s] Door(door6)
[2.213s] generate door name=door7 type=double_hinged
[2.213s] Door(door7)
[2.213s] generate door name=door8 type=sliding
[2.213s] Door(door8)
[2.213s] generate door name=door9 type=hinged
[2.213s] Door(door9)
[2.217s] 96466 bytes written to /home/maria/rmf_ws/build/project_maps/maps/classroom/classroom.world
[2.293s] [ 66%] Built target classroom
[2.321s] [ 83%] [34m[1mGenerating classroom_crowdsim[0m
[2.470s] building name: estce
[2.470s] coordinate system: reference_image
[2.471s] parsing level L1
[2.475s] parsing level L2
[2.477s] calculating levels relative to L1
[2.478s] level L1 scale: 0.022444889534645907
[2.478s] calculating level L2 offset and scale...
[2.478s]   3 common fiducials:
[2.478s] Transform.set_from_fiducials()
[2.478s]   3 fiducial pairs:
[2.478s]     (3963.9, -2197.6) -> (3837.1, -2354.5)   c3
[2.478s]     (2516.2, -2123.7) -> (2388.7, -2279.7)   c4
[2.478s]     (2369.6, -2222.5) -> (2242.3, -2378.6)   c1
[2.478s]     calc dist c3 <=> c4
[2.479s]     calc dist c3 <=> c1
[2.479s]     calc dist c4 <=> c1
[2.479s] Bearings:
[2.479s] [(3.090626667763035, 3.090030514435309), (-3.1259350542154625, -3.1264943407908756), (-2.5484125455389486, -2.5477943015529716)]
[2.479s]   -0.0005961533277258901
[2.479s]   -0.0005592865754131537
[2.479s]   0.000618243985976985
[2.479s]   Circular mean: 0.00017906532679433574
[2.479s] Distances:
[2.480s] [(1449.6723774715445, 1450.2914846695473), (1594.5624578062157, 1594.9407871394474), (176.77616935831585, 176.63032569182434)]
[2.480s] mean relative scale: 0.999946436772245
[2.480s] translation: (2.8426, 3.5003)
[2.518s] parsing lift lift1td1
[2.518s] parsing lift lift2td0
[2.518s] parsing lift lift3td2
[2.518s] parsing lift lift4td2
[2.519s] generating model of level L1 in /home/maria/rmf_ws/build/project_maps/maps/estce/models/estce_L1
[2.519s]   wrote /home/maria/rmf_ws/build/project_maps/maps/estce/models/estce_L1/model.config
[2.519s] generating floor polygon 1 on floor estce_L1
[2.520s] hole vertices: []
[2.520s] lift vertices: {'lift1td1': [(31.270640929890103, -76.33376668522129), (31.270640929890103, -79.43376668522129), (33.3706409298901, -79.43376668522129), (33.3706409298901, -76.33376668522129)], 'lift2td0': [(53.205510435476945, -47.68096139483516), (53.205510435476945, -49.28096139483515), (54.30551043547694, -49.28096139483515), (54.30551043547694, -47.68096139483516)], 'lift3td2': [(89.00510924323717, -47.879859185528076), (89.00510924323717, -49.97985918552807), (90.10510924323717, -49.97985918552807), (90.10510924323717, -47.879859185528076)], 'lift4td2': [(123.64138525089626, -48.633173343512695), (127.7413852508686, -48.63315828337177), (127.74137753713788, -46.533158283385944), (123.64137753716554, -46.53317334352687)]}
[2.721s] crowdsim unable to parse, not attempting to proceed
[2.741s] crowdsim unable to parse, not attempting to proceed
[2.816s] [ 83%] Built target generate_test1_crowdsim
[3.199s] crowdsim unable to parse, not attempting to proceed
[3.257s] [[95, 96, 94], [93, 94, 92], [50, 51, 49], [49, 51, 48], [47, 48, 46], [45, 46, 100], [45, 100, 101], [45, 101, 44], [42, 43, 40], [42, 40, 41], [102, 103, 35], [102, 35, 36], [103, 34, 35], [4, 5, 3], [1, 2, 0], [0, 2, 104], [0, 104, 105], [0, 105, 99], [98, 99, 96], [98, 96, 97], [96, 99, 6], [96, 6, 89], [96, 89, 91], [96, 91, 94], [94, 91, 92], [91, 106, 90], [52, 107, 51], [51, 107, 53], [51, 53, 48], [48, 53, 46], [46, 53, 108], [46, 108, 100], [101, 109, 43], [101, 43, 44], [43, 109, 33], [33, 110, 43], [110, 111, 43], [111, 112, 43], [43, 112, 40], [112, 113, 40], [40, 113, 39], [38, 39, 37], [37, 39, 36], [114, 102, 36], [114, 36, 39], [113, 114, 39], [21, 22, 23], [21, 23, 20], [115, 20, 23], [13, 14, 12], [5, 6, 116], [5, 116, 117], [5, 117, 3], [3, 117, 104], [3, 104, 2], [105, 116, 99], [99, 116, 6], [6, 7, 8], [6, 8, 89], [89, 8, 118], [89, 118, 88], [91, 89, 106], [87, 88, 85], [87, 85, 86], [79, 80, 78], [76, 77, 75], [75, 77, 70], [75, 70, 72], [75, 72, 73], [75, 73, 74], [72, 70, 71], [67, 68, 66], [59, 60, 58], [53, 54, 33], [53, 33, 108], [108, 33, 109], [33, 54, 55], [55, 119, 33], [25, 26, 24], [120, 121, 24], [24, 121, 23], [121, 122, 23], [122, 123, 23], [123, 124, 23], [124, 115, 23], [14, 15, 27], [14, 27, 11], [14, 11, 12], [125, 126, 127], [8, 126, 125], [8, 125, 118], [118, 128, 85], [118, 85, 88], [85, 128, 84], [80, 81, 11], [80, 11, 66], [80, 66, 78], [78, 66, 68], [78, 68, 70], [78, 70, 77], [70, 68, 69], [66, 11, 28], [66, 28, 65], [60, 61, 58], [58, 61, 129], [58, 129, 130], [58, 130, 57], [57, 130, 56], [56, 130, 31], [56, 31, 55], [55, 31, 131], [55, 131, 119], [31, 32, 131], [132, 24, 26], [19, 24, 132], [19, 132, 133], [19, 120, 24], [134, 18, 19], [134, 19, 135], [136, 17, 18], [136, 18, 134], [27, 17, 136], [17, 27, 16], [16, 27, 15], [27, 28, 11], [28, 29, 30], [28, 30, 129], [28, 129, 63], [28, 63, 64], [28, 64, 65], [63, 129, 62], [62, 129, 61], [129, 30, 137], [130, 138, 31], [138, 139, 31], [137, 140, 138], [138, 140, 139], [137, 141, 140], [135, 19, 133], [30, 141, 137], [11, 81, 82], [11, 82, 83], [11, 83, 128], [11, 128, 9], [11, 9, 10], [142, 9, 143], [125, 127, 143], [143, 127, 142], [143, 9, 128], [128, 83, 84]]
[3.262s]   wrote /home/maria/rmf_ws/build/project_maps/maps/estce/models/estce_L1/meshes/floor_1.obj
[3.263s]   wrote /home/maria/rmf_ws/build/project_maps/maps/estce/models/estce_L1/meshes/blue_linoleum.png
[3.263s]   wrote /home/maria/rmf_ws/build/project_maps/maps/estce/models/estce_L1/meshes/floor_1.mtl
[3.264s] Walls Generation, wall params list: [{'alpha': <building_map.param_value.ParamValue object at 0x7a9b35879d90>, 'texture_height': <building_map.param_value.ParamValue object at 0x7a9b35879df0>, 'texture_name': <building_map.param_value.ParamValue object at 0x7a9b35879dc0>, 'texture_scale': <building_map.param_value.ParamValue object at 0x7a9b35879e20>, 'texture_width': <building_map.param_value.ParamValue object at 0x7a9b35879e50>}]
[3.264s] generating wall: 1 on floor: estce_L1
[3.265s]   wrote /home/maria/rmf_ws/build/project_maps/maps/estce/models/estce_L1/meshes/default.png
[3.266s] generate_wall_visual_mesh(estce_L1, /home/maria/rmf_ws/build/project_maps/maps/estce/models/estce_L1)
[3.266s]   generating /home/maria/rmf_ws/build/project_maps/maps/estce/models/estce_L1/meshes/wall_1.obj
[3.294s]   generating /home/maria/rmf_ws/build/project_maps/maps/estce/models/estce_L1/meshes/wall_1.mtl
[3.294s]   wrote /home/maria/rmf_ws/build/project_maps/maps/estce/models/estce_L1/model.sdf
[3.295s] generating model of level L2 in /home/maria/rmf_ws/build/project_maps/maps/estce/models/estce_L2
[3.295s]   wrote /home/maria/rmf_ws/build/project_maps/maps/estce/models/estce_L2/model.config
[3.295s] generating floor polygon 1 on floor estce_L2
[3.295s] hole vertices: [[(32.038756741414744, -42.76915216128614), (31.11673500280745, -42.874342528720355), (29.881747866515727, -43.35818717420026), (29.14116076436808, -43.85547828335986), (28.446281434405638, -44.52016416331792), (28.18828671567239, -44.89993090262992), (27.902443415164427, -45.318893505603), (27.659816875330964, -45.78271810821972), (27.49702381768832, -46.33130730559018), (27.35746824671091, -46.786830843755695), (27.30272430051249, -47.42516261590286), (27.306182355823804, -48.18484998650477), (27.520795314795677, -49.22045180384088), (27.979793576379052, -50.21277868670446), (28.568030152623294, -51.04466020665891), (29.157538206306413, -51.581442725050174), (29.951253484935357, -52.077336789240654), (30.593241501695815, -52.36899858368847), (31.36939239777892, -52.54975265884881), (32.27394380183291, -52.65463839645499), (33.114261763506796, -52.54944021324229), (33.86116482227765, -52.35090546002476), (34.61973930420733, -52.0239769695925), (35.255761762454966, -51.592022712577965), (35.88589653422498, -50.99668440486839), (36.387631298646134, -50.35465877132251), (36.807655483657385, -49.54928511042502), (37.08176230477987, -48.64470340474208), (37.13997793752946, -47.839372085119734), (37.098954679464335, -46.88234539869987), (36.877069716975065, -46.100408171249505), (36.53846716893895, -45.330163811805384), (36.03646125516407, -44.58329264810546), (35.48198214906801, -43.99400244763602), (34.85166137537696, -43.55060298085515), (34.01124518964044, -43.10726358097049), (33.00747106670977, -42.81564412377851)], [(110.09102272666154, -42.75955269459609), (111.44045567773574, -42.7390871288873), (112.83541074658372, -43.10273338721559), (113.86148077122128, -43.68376876454881), (114.89267627942866, -44.68427579473863), (115.61563246114594, -45.881937155334136), (115.88875829247449, -47.14540122285116), (115.82331198059556, -48.560526823481574), (115.34848752224677, -49.9403731343614), (114.49963822914278, -51.1635902506152), (113.35253107123509, -52.0431886571492), (111.88190966988071, -52.553898576710914), (110.27473277632299, -52.59968459521777), (108.93534156104337, -52.16527830477956), (107.77784496651485, -51.43264310871486), (106.82750824825862, -50.3512707754882), (106.22077593676646, -49.01711636277498), (106.03352686402847, -47.61718712334794), (106.22531950767716, -46.18686534015669), (106.83411373287781, -44.99652984230133), (107.61732055938776, -44.09300172515975), (108.54587957595648, -43.39157464055808)]]
[3.295s] lift vertices: {'lift1td1': [(31.270640929890103, -76.33376668522129), (31.270640929890103, -79.43376668522129), (33.3706409298901, -79.43376668522129), (33.3706409298901, -76.33376668522129)], 'lift2td0': [(53.205510435476945, -47.68096139483516), (53.205510435476945, -49.28096139483515), (54.30551043547694, -49.28096139483515), (54.30551043547694, -47.68096139483516)], 'lift3td2': [(89.00510924323717, -47.879859185528076), (89.00510924323717, -49.97985918552807), (90.10510924323717, -49.97985918552807), (90.10510924323717, -47.879859185528076)], 'lift4td2': [(123.64138525089626, -48.633173343512695), (127.7413852508686, -48.63315828337177), (127.74137753713788, -46.533158283385944), (123.64137753716554, -46.53317334352687)]}
[3.587s] crowdsim unable to parse, not attempting to proceed
[3.659s] [ 83%] Built target generate_classroom_crowdsim
[4.283s] [[5, 6, 4], [3, 4, 2], [54, 55, 53], [52, 53, 51], [50, 51, 89], [50, 89, 90], [50, 90, 49], [47, 48, 45], [47, 45, 46], [29, 30, 31], [29, 31, 26], [29, 26, 28], [28, 26, 27], [10, 11, 12], [10, 12, 91], [10, 91, 92], [10, 92, 9], [8, 9, 7], [7, 9, 6], [6, 9, 93], [6, 93, 94], [6, 94, 95], [6, 95, 96], [6, 96, 97], [6, 97, 98], [6, 98, 99], [6, 99, 100], [6, 100, 101], [6, 101, 102], [6, 102, 4], [4, 102, 103], [4, 103, 1], [4, 1, 2], [55, 56, 53], [53, 56, 104], [53, 104, 51], [51, 104, 105], [51, 105, 106], [51, 106, 107], [51, 107, 108], [51, 108, 109], [51, 109, 89], [90, 110, 48], [90, 48, 49], [48, 110, 111], [48, 111, 112], [48, 112, 113], [48, 113, 114], [48, 114, 45], [45, 114, 115], [45, 115, 44], [43, 44, 42], [42, 44, 41], [35, 36, 34], [31, 32, 25], [31, 25, 26], [22, 23, 21], [15, 16, 116], [15, 116, 117], [15, 117, 13], [15, 13, 14], [12, 13, 91], [91, 13, 117], [92, 116, 118], [92, 118, 119], [92, 119, 120], [92, 120, 9], [9, 120, 121], [9, 121, 122], [9, 122, 123], [9, 123, 124], [9, 124, 125], [9, 125, 126], [9, 126, 93], [103, 127, 1], [1, 127, 128], [128, 127, 129], [128, 0, 1], [130, 56, 57], [130, 131, 56], [132, 131, 130], [56, 131, 104], [108, 133, 109], [109, 133, 110], [110, 133, 134], [110, 134, 111], [115, 135, 44], [44, 135, 41], [41, 135, 136], [41, 136, 137], [41, 137, 138], [41, 138, 139], [41, 139, 58], [41, 58, 140], [41, 140, 39], [41, 39, 40], [141, 39, 142], [143, 142, 144], [141, 142, 143], [144, 145, 143], [38, 145, 144], [37, 38, 36], [36, 38, 146], [36, 146, 67], [36, 67, 79], [36, 79, 21], [36, 21, 34], [34, 21, 23], [34, 23, 32], [34, 32, 33], [32, 23, 25], [25, 23, 24], [21, 79, 147], [21, 147, 19], [21, 19, 20], [148, 149, 19], [150, 149, 148], [150, 148, 18], [17, 18, 16], [16, 18, 88], [16, 88, 151], [16, 151, 152], [16, 152, 153], [16, 153, 154], [16, 154, 155], [16, 155, 156], [16, 156, 157], [16, 157, 158], [16, 158, 116], [116, 158, 159], [116, 159, 160], [116, 160, 118], [161, 162, 88], [161, 88, 163], [163, 88, 164], [127, 163, 129], [129, 163, 164], [84, 85, 86], [84, 86, 81], [84, 81, 83], [78, 79, 77], [74, 75, 77], [74, 77, 73], [73, 77, 72], [72, 77, 69], [72, 69, 71], [71, 69, 70], [68, 69, 67], [62, 63, 60], [62, 60, 61], [132, 58, 131], [131, 58, 165], [165, 58, 166], [166, 58, 167], [139, 168, 58], [58, 168, 167], [58, 59, 140], [140, 59, 146], [140, 142, 39], [144, 146, 38], [146, 59, 66], [146, 66, 67], [63, 64, 65], [63, 65, 60], [60, 65, 59], [59, 65, 66], [67, 69, 77], [67, 77, 79], [77, 75, 76], [79, 80, 147], [147, 80, 169], [147, 170, 19], [19, 170, 148], [148, 169, 18], [18, 169, 88], [88, 169, 87], [86, 87, 80], [86, 80, 81], [81, 82, 83], [80, 87, 169], [88, 162, 171], [88, 171, 172], [88, 172, 173], [88, 173, 151]]
[4.290s]   wrote /home/maria/rmf_ws/build/project_maps/maps/estce/models/estce_L2/meshes/floor_1.obj
[4.291s]   wrote /home/maria/rmf_ws/build/project_maps/maps/estce/models/estce_L2/meshes/blue_linoleum.png
[4.291s]   wrote /home/maria/rmf_ws/build/project_maps/maps/estce/models/estce_L2/meshes/floor_1.mtl
[4.291s] Walls Generation, wall params list: [{'alpha': <building_map.param_value.ParamValue object at 0x7a9b35675610>, 'texture_height': <building_map.param_value.ParamValue object at 0x7a9b35675640>, 'texture_name': <building_map.param_value.ParamValue object at 0x7a9b35675670>, 'texture_scale': <building_map.param_value.ParamValue object at 0x7a9b356756a0>, 'texture_width': <building_map.param_value.ParamValue object at 0x7a9b356756d0>}]
[4.292s] generating wall: 1 on floor: estce_L2
[4.293s]   wrote /home/maria/rmf_ws/build/project_maps/maps/estce/models/estce_L2/meshes/default.png
[4.293s] generate_wall_visual_mesh(estce_L2, /home/maria/rmf_ws/build/project_maps/maps/estce/models/estce_L2)
[4.293s]   generating /home/maria/rmf_ws/build/project_maps/maps/estce/models/estce_L2/meshes/wall_1.obj
[4.320s]   generating /home/maria/rmf_ws/build/project_maps/maps/estce/models/estce_L2/meshes/wall_1.mtl
[4.320s]   wrote /home/maria/rmf_ws/build/project_maps/maps/estce/models/estce_L2/model.sdf
[4.343s] spawning robot name cleaner_robot1 of type CleanerBotA
[4.343s] spawning robot name patrol_robot1 of type TinyRobot
[4.343s] Traceback (most recent call last):
[4.344s]   File "/rmf_demos_ws/install/rmf_building_map_tools/lib/rmf_building_map_tools/building_map_generator", line 33, in <module>
[4.344s]     sys.exit(load_entry_point('rmf-building-map-tools==1.14.0', 'console_scripts', 'building_map_generator')())
[4.344s]              ^^^^^^^^^^^^^^^^^^^^^^^^^^^^^^^^^^^^^^^^^^^^^^^^^^^^^^^^^^^^^^^^^^^^^^^^^^^^^^^^^^^^^^^^^^^^^^^^^
[4.344s]   File "/rmf_demos_ws/install/rmf_building_map_tools/lib/python3.12/site-packages/building_map_generator/building_map_generator.py", line 16, in main
[4.344s]     g.generate_sdf(
[4.344s]   File "/rmf_demos_ws/install/rmf_building_map_tools/lib/python3.12/site-packages/building_map/generator.py", line 38, in generate_sdf
[4.344s]     sdf = building.generate_sdf_world(template_file, skip_camera_pose)
[4.344s]           ^^^^^^^^^^^^^^^^^^^^^^^^^^^^^^^^^^^^^^^^^^^^^^^^^^^^^^^^^^^^
[4.344s]   File "/rmf_demos_ws/install/rmf_building_map_tools/lib/python3.12/site-packages/building_map/building.py", line 430, in generate_sdf_world
[4.344s]     level.generate_sdf_models(world, model_author_cache)
[4.344s]   File "/rmf_demos_ws/install/rmf_building_map_tools/lib/python3.12/site-packages/building_map/level.py", line 258, in generate_sdf_models
[4.344s]     self.generate_robot_at_vertex_idx(vertex_idx, world_ele)
[4.344s]   File "/rmf_demos_ws/install/rmf_building_map_tools/lib/python3.12/site-packages/building_map/level.py", line 288, in generate_robot_at_vertex_idx
[4.344s]     robot_name = vertex.params['spawn_robot_name'].value
[4.344s]                  ~~~~~~~~~~~~~^^^^^^^^^^^^^^^^^^^^
[4.344s] KeyError: 'spawn_robot_name'
[4.390s] [ros2run]: Process exited with failure 1
[4.404s] gmake[2]: *** [CMakeFiles/estce.dir/build.make:70: CMakeFiles/estce] Error 1
[4.404s] gmake[1]: *** [CMakeFiles/Makefile2:255: CMakeFiles/estce.dir/all] Error 2
[4.404s] gmake: *** [Makefile:146: all] Error 2
[4.407s] Invoked command in '/home/maria/rmf_ws/build/project_maps' returned '2': CMAKE_PREFIX_PATH=/home/maria/rmf_ws/install/project_config:/home/maria/rmf_ws/install/rmf_visualization:/home/maria/rmf_ws/install/rmf_visualization_schedule:/home/maria/rmf_ws/install/rmf_visualization_rviz2_plugins:/home/maria/rmf_ws/install/rmf_visualization_obstacles:/home/maria/rmf_ws/install/rmf_visualization_navgraphs:/home/maria/rmf_ws/install/rmf_visualization_floorplans:/home/maria/rmf_ws/install/rmf_visualization_fleet_states:/home/maria/rmf_ws/install/rmf_robot_sim_gz_plugins:/home/maria/rmf_ws/install/rmf_robot_sim_common:/home/maria/rmf_ws/install/rmf_building_sim_gz_plugins:/home/maria/rmf_ws/install/project_simulation:/home/maria/rmf_ws/install/project_maps:/home/maria/rmf_ws/install/project_assets:/rmf_demos_ws/install/rmf_workcell_msgs:/rmf_demos_ws/install/rmf_demos_gz:/rmf_demos_ws/install/rmf_demos:/rmf_demos_ws/install/rmf_reservation_node:/rmf_demos_ws/install/rmf_fleet_adapter_python:/rmf_demos_ws/install/rmf_fleet_adapter:/rmf_demos_ws/install/rmf_task_ros2:/rmf_demos_ws/install/rmf_websocket:/rmf_demos_ws/install/rmf_visualization:/rmf_demos_ws/install/rmf_visualization_schedule:/rmf_demos_ws/install/rmf_visualization_rviz2_plugins:/rmf_demos_ws/install/rmf_visualization_obstacles:/rmf_demos_ws/install/rmf_visualization_navgraphs:/rmf_demos_ws/install/rmf_visualization_floorplans:/rmf_demos_ws/install/rmf_visualization_fleet_states:/rmf_demos_ws/install/rmf_visualization_msgs:/rmf_demos_ws/install/rmf_traffic_ros2:/rmf_demos_ws/install/rmf_task_sequence:/rmf_demos_ws/install/rmf_task:/rmf_demos_ws/install/rmf_battery:/rmf_demos_ws/install/rmf_traffic:/rmf_demos_ws/install/rmf_utils:/rmf_demos_ws/install/rmf_traffic_msgs:/rmf_demos_ws/install/rmf_traffic_editor_test_maps:/rmf_demos_ws/install/rmf_traffic_editor_assets:/rmf_demos_ws/install/rmf_traffic_editor:/rmf_demos_ws/install/rmf_task_msgs:/rmf_demos_ws/install/rmf_site_map_msgs:/rmf_demos_ws/install/rmf_scheduler_msgs:/rmf_demos_ws/install/rmf_robot_sim_gz_plugins:/rmf_demos_ws/install/rmf_robot_sim_common:/rmf_demos_ws/install/rmf_reservation_msgs:/rmf_demos_ws/install/rmf_obstacle_msgs:/rmf_demos_ws/install/rmf_building_sim_gz_plugins:/rmf_demos_ws/install/rmf_lift_msgs:/rmf_demos_ws/install/rmf_ingestor_msgs:/rmf_demos_ws/install/rmf_fleet_msgs:/rmf_demos_ws/install/rmf_door_msgs:/rmf_demos_ws/install/rmf_dispenser_msgs:/rmf_demos_ws/install/rmf_demos_maps:/rmf_demos_ws/install/rmf_demos_assets:/rmf_demos_ws/install/rmf_charger_msgs:/rmf_demos_ws/install/rmf_building_map_msgs:/rmf_demos_ws/install/rmf_api_msgs:/rmf_demos_ws/install/nlohmann_json_schema_validator_vendor:/home/maria/rmf_ws/install/rmf_visualization_building_systems:/home/maria/rmf_ws/install/rmf_demos_tasks:/home/maria/rmf_ws/install/project_tasks:/home/maria/rmf_ws/install/project_fleet_adapter:/rmf_demos_ws/install/rmf_demos_fleet_adapter:/rmf_demos_ws/install/rmf_visualization_building_systems:/rmf_demos_ws/install/rmf_traffic_examples:/rmf_demos_ws/install/rmf_demos_bridges:/rmf_demos_ws/install/rmf_demos_tasks:/rmf_demos_ws/install/rmf_building_map_tools:/rmf_demos_ws/install/rmf_charging_schedule:/opt/ros/jazzy:/rmf_demos_ws/install/menge_vendor:/rmf_demos_ws/install/ament_cmake_catch2:/opt/ros/jazzy/opt/gz_sim_vendor:/opt/ros/jazzy/opt/gz_sensors_vendor:/opt/ros/jazzy/opt/gz_physics_vendor:/opt/ros/jazzy/opt/sdformat_vendor:/opt/ros/jazzy/opt/gz_gui_vendor:/opt/ros/jazzy/opt/gz_transport_vendor:/opt/ros/jazzy/opt/gz_rendering_vendor:/opt/ros/jazzy/opt/gz_plugin_vendor:/opt/ros/jazzy/opt/gz_fuel_tools_vendor:/opt/ros/jazzy/opt/gz_msgs_vendor:/opt/ros/jazzy/opt/gz_common_vendor:/opt/ros/jazzy/opt/gz_math_vendor:/opt/ros/jazzy/opt/gz_utils_vendor:/opt/ros/jazzy/opt/gz_tools_vendor:/opt/ros/jazzy/opt/gz_ogre_next_vendor:/opt/ros/jazzy/opt/gz_dartsim_vendor:/opt/ros/jazzy/opt/gz_cmake_vendor /usr/bin/cmake --build /home/maria/rmf_ws/build/project_maps -- -j8 -l8
