[0.012s] Invoking command in '/home/maria/Documentos/GitHub/IR2134/rmf_ws/build/project_maps': CMAKE_PREFIX_PATH=/opt/ros/humble /usr/bin/cmake /home/maria/Documentos/GitHub/IR2134/rmf_ws/src/project/project_maps -DCMAKE_INSTALL_PREFIX=/home/maria/Documentos/GitHub/IR2134/rmf_ws/install/project_maps
[0.023s] -- Found ament_cmake: 1.3.12 (/opt/ros/humble/share/ament_cmake/cmake)
[0.317s] -- Found Python3: /usr/bin/python3 (found version "3.10.12") found components: Interpreter 
[0.397s] -- Found ament_lint_auto: 0.12.14 (/opt/ros/humble/share/ament_lint_auto/cmake)
[0.460s] -- Added test 'lint_cmake' to check CMake code style
[0.461s] -- Added test 'xmllint' to check XML markup files
[0.462s] -- Configuring done
[0.463s] -- Generating done
[0.464s] -- Build files have been written to: /home/maria/Documentos/GitHub/IR2134/rmf_ws/build/project_maps
[0.466s] Invoked command in '/home/maria/Documentos/GitHub/IR2134/rmf_ws/build/project_maps' returned '0': CMAKE_PREFIX_PATH=/opt/ros/humble /usr/bin/cmake /home/maria/Documentos/GitHub/IR2134/rmf_ws/src/project/project_maps -DCMAKE_INSTALL_PREFIX=/home/maria/Documentos/GitHub/IR2134/rmf_ws/install/project_maps
[0.468s] Invoking command in '/home/maria/Documentos/GitHub/IR2134/rmf_ws/build/project_maps': CMAKE_PREFIX_PATH=/opt/ros/humble /usr/bin/cmake --build /home/maria/Documentos/GitHub/IR2134/rmf_ws/build/project_maps -- -j8 -l8
[0.493s] Invoked command in '/home/maria/Documentos/GitHub/IR2134/rmf_ws/build/project_maps' returned '0': CMAKE_PREFIX_PATH=/opt/ros/humble /usr/bin/cmake --build /home/maria/Documentos/GitHub/IR2134/rmf_ws/build/project_maps -- -j8 -l8
[0.495s] Invoking command in '/home/maria/Documentos/GitHub/IR2134/rmf_ws/build/project_maps': CMAKE_PREFIX_PATH=/opt/ros/humble /usr/bin/cmake --install /home/maria/Documentos/GitHub/IR2134/rmf_ws/build/project_maps
[0.500s] -- Install configuration: ""
[0.500s] -- Installing: /home/maria/Documentos/GitHub/IR2134/rmf_ws/install/project_maps/share/ament_index/resource_index/package_run_dependencies/project_maps
[0.501s] -- Installing: /home/maria/Documentos/GitHub/IR2134/rmf_ws/install/project_maps/share/ament_index/resource_index/parent_prefix_path/project_maps
[0.501s] -- Installing: /home/maria/Documentos/GitHub/IR2134/rmf_ws/install/project_maps/share/project_maps/environment/ament_prefix_path.sh
[0.501s] -- Installing: /home/maria/Documentos/GitHub/IR2134/rmf_ws/install/project_maps/share/project_maps/environment/ament_prefix_path.dsv
[0.501s] -- Installing: /home/maria/Documentos/GitHub/IR2134/rmf_ws/install/project_maps/share/project_maps/environment/path.sh
[0.501s] -- Installing: /home/maria/Documentos/GitHub/IR2134/rmf_ws/install/project_maps/share/project_maps/environment/path.dsv
[0.501s] -- Installing: /home/maria/Documentos/GitHub/IR2134/rmf_ws/install/project_maps/share/project_maps/local_setup.bash
[0.501s] -- Installing: /home/maria/Documentos/GitHub/IR2134/rmf_ws/install/project_maps/share/project_maps/local_setup.sh
[0.501s] -- Installing: /home/maria/Documentos/GitHub/IR2134/rmf_ws/install/project_maps/share/project_maps/local_setup.zsh
[0.501s] -- Installing: /home/maria/Documentos/GitHub/IR2134/rmf_ws/install/project_maps/share/project_maps/local_setup.dsv
[0.502s] -- Installing: /home/maria/Documentos/GitHub/IR2134/rmf_ws/install/project_maps/share/project_maps/package.dsv
[0.502s] -- Installing: /home/maria/Documentos/GitHub/IR2134/rmf_ws/install/project_maps/share/ament_index/resource_index/packages/project_maps
[0.502s] -- Installing: /home/maria/Documentos/GitHub/IR2134/rmf_ws/install/project_maps/share/project_maps/cmake/project_mapsConfig.cmake
[0.502s] -- Installing: /home/maria/Documentos/GitHub/IR2134/rmf_ws/install/project_maps/share/project_maps/cmake/project_mapsConfig-version.cmake
[0.502s] -- Installing: /home/maria/Documentos/GitHub/IR2134/rmf_ws/install/project_maps/share/project_maps/package.xml
[0.503s] Invoked command in '/home/maria/Documentos/GitHub/IR2134/rmf_ws/build/project_maps' returned '0': CMAKE_PREFIX_PATH=/opt/ros/humble /usr/bin/cmake --install /home/maria/Documentos/GitHub/IR2134/rmf_ws/build/project_maps
