-- Found ament_cmake: 2.5.5 (/opt/ros/jazzy/share/ament_cmake/cmake)
-- Override CMake install command with custom implementation using symlinks instead of copying resources
-- Found eigen3_cmake_module: 0.3.0 (/opt/ros/jazzy/share/eigen3_cmake_module/cmake)
-- Found rmf_traffic_ros2: 2.12.0 (/rmf_demos_ws/install/rmf_traffic_ros2/share/rmf_traffic_ros2/cmake)
-- Found rosidl_generator_c: 4.6.7 (/opt/ros/jazzy/share/rosidl_generator_c/cmake)
-- Found rosidl_generator_cpp: 4.6.7 (/opt/ros/jazzy/share/rosidl_generator_cpp/cmake)
-- Using all available rosidl_typesupport_c: rosidl_typesupport_fastrtps_c;rosidl_typesupport_introspection_c
-- Using all available rosidl_typesupport_cpp: rosidl_typesupport_fastrtps_cpp;rosidl_typesupport_introspection_cpp
-- Found rmw_implementation_cmake: 7.3.3 (/opt/ros/jazzy/share/rmw_implementation_cmake/cmake)
-- Found rmw_fastrtps_cpp: 8.4.3 (/opt/ros/jazzy/share/rmw_fastrtps_cpp/cmake)
-- Using RMW implementation 'rmw_fastrtps_cpp' as default
-- Found rclcpp_components: 28.1.16 (/opt/ros/jazzy/share/rclcpp_components/cmake)
-- Found geometry_msgs: 5.3.6 (/opt/ros/jazzy/share/geometry_msgs/cmake)
-- Found visualization_msgs: 5.3.6 (/opt/ros/jazzy/share/visualization_msgs/cmake)
-- Found rosidl_default_generators: 1.6.0 (/opt/ros/jazzy/share/rosidl_default_generators/cmake)
-- Found rosidl_adapter: 4.6.7 (/opt/ros/jazzy/share/rosidl_adapter/cmake)
-- Found rmf_visualization_msgs: 1.6.0 (/rmf_demos_ws/install/rmf_visualization_msgs/share/rmf_visualization_msgs/cmake)
-- Found ament_cmake_uncrustify: 0.17.4 (/opt/ros/jazzy/share/ament_cmake_uncrustify/cmake)
-- Configuring done (1.6s)
-- Generating done (0.2s)
-- Build files have been written to: /home/maria/rmf_ws/build/rmf_visualization_schedule
[ 22%] Built target schedule_visualizer_node
[ 44%] Built target test_submit_trajectory
[ 77%] Built target rmf_visualization_schedule
[100%] Built target schedule_visualizer
-- Install configuration: ""
-- Execute custom install script
-- Up-to-date symlink: /home/maria/rmf_ws/install/rmf_visualization_schedule/share/rmf_visualization_schedule/environment/library_path.sh
-- Up-to-date symlink: /home/maria/rmf_ws/install/rmf_visualization_schedule/share/rmf_visualization_schedule/environment/library_path.dsv
-- Up-to-date symlink: /home/maria/rmf_ws/install/rmf_visualization_schedule/lib/rmf_visualization_schedule/schedule_visualizer_node
-- Up-to-date symlink: /home/maria/rmf_ws/install/rmf_visualization_schedule/include/json.hpp
-- Up-to-date symlink: /home/maria/rmf_ws/install/rmf_visualization_schedule/include/jwt/algorithm.hpp
-- Up-to-date symlink: /home/maria/rmf_ws/install/rmf_visualization_schedule/include/jwt/assertions.hpp
-- Up-to-date symlink: /home/maria/rmf_ws/install/rmf_visualization_schedule/include/jwt/base64.hpp
-- Up-to-date symlink: /home/maria/rmf_ws/install/rmf_visualization_schedule/include/jwt/config.hpp
-- Up-to-date symlink: /home/maria/rmf_ws/install/rmf_visualization_schedule/include/jwt/detail/meta.hpp
-- Up-to-date symlink: /home/maria/rmf_ws/install/rmf_visualization_schedule/include/jwt/error_codes.hpp
-- Up-to-date symlink: /home/maria/rmf_ws/install/rmf_visualization_schedule/include/jwt/exceptions.hpp
-- Up-to-date symlink: /home/maria/rmf_ws/install/rmf_visualization_schedule/include/jwt/impl/algorithm.ipp
-- Up-to-date symlink: /home/maria/rmf_ws/install/rmf_visualization_schedule/include/jwt/impl/error_codes.ipp
-- Up-to-date symlink: /home/maria/rmf_ws/install/rmf_visualization_schedule/include/jwt/impl/jwt.ipp
-- Up-to-date symlink: /home/maria/rmf_ws/install/rmf_visualization_schedule/include/jwt/impl/stack_alloc.ipp
-- Up-to-date symlink: /home/maria/rmf_ws/install/rmf_visualization_schedule/include/jwt/impl/string_view.ipp
-- Up-to-date symlink: /home/maria/rmf_ws/install/rmf_visualization_schedule/include/jwt/json/json.hpp
-- Up-to-date symlink: /home/maria/rmf_ws/install/rmf_visualization_schedule/include/jwt/jwt.hpp
-- Up-to-date symlink: /home/maria/rmf_ws/install/rmf_visualization_schedule/include/jwt/parameters.hpp
-- Up-to-date symlink: /home/maria/rmf_ws/install/rmf_visualization_schedule/include/jwt/short_string.hpp
-- Up-to-date symlink: /home/maria/rmf_ws/install/rmf_visualization_schedule/include/jwt/stack_alloc.hpp
-- Up-to-date symlink: /home/maria/rmf_ws/install/rmf_visualization_schedule/include/jwt/string_view.hpp
-- Up-to-date symlink: /home/maria/rmf_ws/install/rmf_visualization_schedule/include/rmf_visualization_schedule/CommonData.hpp
-- Up-to-date symlink: /home/maria/rmf_ws/install/rmf_visualization_schedule/include/rmf_visualization_schedule/ScheduleDataNode.hpp
-- Up-to-date symlink: /home/maria/rmf_ws/install/rmf_visualization_schedule/include/rmf_visualization_schedule/TrajectoryServer.hpp
-- Up-to-date symlink: /home/maria/rmf_ws/install/rmf_visualization_schedule/share/rmf_visualization_schedule/config/rmf.rviz
-- Up-to-date symlink: /home/maria/rmf_ws/install/rmf_visualization_schedule/lib/libschedule_visualizer.so
-- Up-to-date symlink: /home/maria/rmf_ws/install/rmf_visualization_schedule/share/ament_index/resource_index/package_run_dependencies/rmf_visualization_schedule
-- Up-to-date symlink: /home/maria/rmf_ws/install/rmf_visualization_schedule/share/ament_index/resource_index/parent_prefix_path/rmf_visualization_schedule
-- Up-to-date symlink: /home/maria/rmf_ws/install/rmf_visualization_schedule/share/rmf_visualization_schedule/environment/ament_prefix_path.sh
-- Up-to-date symlink: /home/maria/rmf_ws/install/rmf_visualization_schedule/share/rmf_visualization_schedule/environment/ament_prefix_path.dsv
-- Up-to-date symlink: /home/maria/rmf_ws/install/rmf_visualization_schedule/share/rmf_visualization_schedule/environment/path.sh
-- Up-to-date symlink: /home/maria/rmf_ws/install/rmf_visualization_schedule/share/rmf_visualization_schedule/environment/path.dsv
-- Up-to-date symlink: /home/maria/rmf_ws/install/rmf_visualization_schedule/share/rmf_visualization_schedule/local_setup.bash
-- Up-to-date symlink: /home/maria/rmf_ws/install/rmf_visualization_schedule/share/rmf_visualization_schedule/local_setup.sh
-- Up-to-date symlink: /home/maria/rmf_ws/install/rmf_visualization_schedule/share/rmf_visualization_schedule/local_setup.zsh
-- Up-to-date symlink: /home/maria/rmf_ws/install/rmf_visualization_schedule/share/rmf_visualization_schedule/local_setup.dsv
-- Symlinking: /home/maria/rmf_ws/install/rmf_visualization_schedule/share/rmf_visualization_schedule/package.dsv
-- Up-to-date symlink: /home/maria/rmf_ws/install/rmf_visualization_schedule/share/ament_index/resource_index/packages/rmf_visualization_schedule
-- Up-to-date symlink: /home/maria/rmf_ws/install/rmf_visualization_schedule/share/ament_index/resource_index/rclcpp_components/rmf_visualization_schedule
-- Up-to-date symlink: /home/maria/rmf_ws/install/rmf_visualization_schedule/share/rmf_visualization_schedule/cmake/ament_cmake_export_dependencies-extras.cmake
-- Up-to-date symlink: /home/maria/rmf_ws/install/rmf_visualization_schedule/share/rmf_visualization_schedule/cmake/ament_cmake_export_include_directories-extras.cmake
-- Up-to-date symlink: /home/maria/rmf_ws/install/rmf_visualization_schedule/share/rmf_visualization_schedule/cmake/ament_cmake_export_targets-extras.cmake
-- Up-to-date symlink: /home/maria/rmf_ws/install/rmf_visualization_schedule/share/rmf_visualization_schedule/cmake/rmf_visualization_scheduleConfig.cmake
-- Up-to-date symlink: /home/maria/rmf_ws/install/rmf_visualization_schedule/share/rmf_visualization_schedule/cmake/rmf_visualization_scheduleConfig-version.cmake
-- Up-to-date symlink: /home/maria/rmf_ws/install/rmf_visualization_schedule/share/rmf_visualization_schedule/package.xml
-- Up-to-date: /home/maria/rmf_ws/install/rmf_visualization_schedule/lib/librmf_visualization_schedule.so
-- Up-to-date: /home/maria/rmf_ws/install/rmf_visualization_schedule/share/rmf_visualization_schedule/cmake/rmf_visualization_scheduleExport.cmake
-- Up-to-date: /home/maria/rmf_ws/install/rmf_visualization_schedule/share/rmf_visualization_schedule/cmake/rmf_visualization_scheduleExport-noconfig.cmake
-- Up-to-date: /home/maria/rmf_ws/install/rmf_visualization_schedule/lib/rmf_visualization_schedule/test_submit_trajectory
