[0.016s] Invoking command in '/home/maria/rmf_ws/build/rmf_robot_sim_gz_plugins': AMENT_PREFIX_PATH=/home/maria/rmf_ws/install/rmf_robot_sim_common:/home/maria/rmf_ws/install/rmf_building_sim_gz_plugins:${AMENT_PREFIX_PATH} CMAKE_PREFIX_PATH=/home/maria/rmf_ws/install/rmf_robot_sim_common:/home/maria/rmf_ws/install/rmf_building_sim_gz_plugins:/rmf_demos_ws/install/rmf_workcell_msgs:/rmf_demos_ws/install/rmf_demos_gz:/rmf_demos_ws/install/rmf_demos:/rmf_demos_ws/install/rmf_reservation_node:/rmf_demos_ws/install/rmf_fleet_adapter_python:/rmf_demos_ws/install/rmf_fleet_adapter:/rmf_demos_ws/install/rmf_task_ros2:/rmf_demos_ws/install/rmf_websocket:/rmf_demos_ws/install/rmf_visualization:/rmf_demos_ws/install/rmf_visualization_schedule:/rmf_demos_ws/install/rmf_visualization_rviz2_plugins:/rmf_demos_ws/install/rmf_visualization_obstacles:/rmf_demos_ws/install/rmf_visualization_navgraphs:/rmf_demos_ws/install/rmf_visualization_floorplans:/rmf_demos_ws/install/rmf_visualization_fleet_states:/rmf_demos_ws/install/rmf_visualization_msgs:/rmf_demos_ws/install/rmf_traffic_ros2:/rmf_demos_ws/install/rmf_task_sequence:/rmf_demos_ws/install/rmf_task:/rmf_demos_ws/install/rmf_battery:/rmf_demos_ws/install/rmf_traffic:/rmf_demos_ws/install/rmf_utils:/rmf_demos_ws/install/rmf_traffic_msgs:/rmf_demos_ws/install/rmf_traffic_editor_test_maps:/rmf_demos_ws/install/rmf_traffic_editor_assets:/rmf_demos_ws/install/rmf_traffic_editor:/rmf_demos_ws/install/rmf_task_msgs:/rmf_demos_ws/install/rmf_site_map_msgs:/rmf_demos_ws/install/rmf_scheduler_msgs:/rmf_demos_ws/install/rmf_robot_sim_gz_plugins:/rmf_demos_ws/install/rmf_robot_sim_common:/rmf_demos_ws/install/rmf_reservation_msgs:/rmf_demos_ws/install/rmf_obstacle_msgs:/rmf_demos_ws/install/rmf_building_sim_gz_plugins:/rmf_demos_ws/install/rmf_lift_msgs:/rmf_demos_ws/install/rmf_ingestor_msgs:/rmf_demos_ws/install/rmf_fleet_msgs:/rmf_demos_ws/install/rmf_door_msgs:/rmf_demos_ws/install/rmf_dispenser_msgs:/rmf_demos_ws/install/rmf_demos_maps:/rmf_demos_ws/install/rmf_demos_assets:/rmf_demos_ws/install/rmf_charger_msgs:/rmf_demos_ws/install/rmf_building_map_msgs:/rmf_demos_ws/install/rmf_api_msgs:/rmf_demos_ws/install/nlohmann_json_schema_validator_vendor:/rmf_demos_ws/install/rmf_demos_fleet_adapter:/rmf_demos_ws/install/rmf_visualization_building_systems:/rmf_demos_ws/install/rmf_traffic_examples:/rmf_demos_ws/install/rmf_demos_bridges:/rmf_demos_ws/install/rmf_demos_tasks:/rmf_demos_ws/install/rmf_building_map_tools:/rmf_demos_ws/install/rmf_charging_schedule:/opt/ros/jazzy:/rmf_demos_ws/install/menge_vendor:/rmf_demos_ws/install/ament_cmake_catch2:/opt/ros/jazzy/opt/gz_sim_vendor:/opt/ros/jazzy/opt/gz_sensors_vendor:/opt/ros/jazzy/opt/gz_physics_vendor:/opt/ros/jazzy/opt/sdformat_vendor:/opt/ros/jazzy/opt/gz_gui_vendor:/opt/ros/jazzy/opt/gz_transport_vendor:/opt/ros/jazzy/opt/gz_rendering_vendor:/opt/ros/jazzy/opt/gz_plugin_vendor:/opt/ros/jazzy/opt/gz_fuel_tools_vendor:/opt/ros/jazzy/opt/gz_msgs_vendor:/opt/ros/jazzy/opt/gz_common_vendor:/opt/ros/jazzy/opt/gz_math_vendor:/opt/ros/jazzy/opt/gz_utils_vendor:/opt/ros/jazzy/opt/gz_tools_vendor:/opt/ros/jazzy/opt/gz_ogre_next_vendor:/opt/ros/jazzy/opt/gz_dartsim_vendor:/opt/ros/jazzy/opt/gz_cmake_vendor LD_LIBRARY_PATH=/home/maria/rmf_ws/install/rmf_robot_sim_common/lib:${LD_LIBRARY_PATH} /usr/bin/cmake /home/maria/rmf_ws/src/rmf_simulation/rmf_robot_sim_gz_plugins -DCMAKE_INSTALL_PREFIX=/home/maria/rmf_ws/install/rmf_robot_sim_gz_plugins
[0.032s] -- Found ament_cmake: 2.5.5 (/opt/ros/jazzy/share/ament_cmake/cmake)
[0.220s] -- Override CMake install command with custom implementation using symlinks instead of copying resources
[0.226s] -- Found rclcpp: 28.1.16 (/opt/ros/jazzy/share/rclcpp/cmake)
[0.251s] -- Found rosidl_generator_c: 4.6.7 (/opt/ros/jazzy/share/rosidl_generator_c/cmake)
[0.259s] -- Found rosidl_generator_cpp: 4.6.7 (/opt/ros/jazzy/share/rosidl_generator_cpp/cmake)
[0.275s] -- Using all available rosidl_typesupport_c: rosidl_typesupport_fastrtps_c;rosidl_typesupport_introspection_c
[0.288s] -- Using all available rosidl_typesupport_cpp: rosidl_typesupport_fastrtps_cpp;rosidl_typesupport_introspection_cpp
[0.341s] -- Found rmw_implementation_cmake: 7.3.3 (/opt/ros/jazzy/share/rmw_implementation_cmake/cmake)
[0.344s] -- Found rmw_fastrtps_cpp: 8.4.3 (/opt/ros/jazzy/share/rmw_fastrtps_cpp/cmake)
[0.398s] -- Using RMW implementation 'rmw_fastrtps_cpp' as default
[0.449s] -- Found gz_sim_vendor: 0.0.9 (/opt/ros/jazzy/share/gz_sim_vendor/cmake)
[0.460s] -- Looking for gz-sim8 -- found version 8.10.0
[0.465s] -- Searching for dependencies of gz-sim8
[0.465s] -- Looking for sdformat14 -- found version 14.8.0
[0.465s] -- Searching for dependencies of sdformat14
[0.469s] -- Checking for module 'tinyxml2'
[0.485s] --   Found tinyxml2, version 10.0.0
[0.510s] -- Looking for gz-math7 -- found version 7.5.2
[0.510s] -- Searching for dependencies of gz-math7
[0.510s] -- Looking for gz-utils2 -- found version 2.2.1
[0.510s] -- Searching for dependencies of gz-utils2
[0.512s] -- Looking for gz-utils2 -- found version 2.2.1
[0.512s] -- Searching for dependencies of gz-utils2
[0.512s] -- Searching for <gz-utils2> component [cli]
[0.512s] -- Looking for gz-utils2-cli -- found version 2.2.1
[0.512s] -- Searching for dependencies of gz-utils2-cli
[0.513s] -- Looking for gz-plugin2 -- found version 2.0.4
[0.513s] -- Searching for dependencies of gz-plugin2
[0.514s] -- Looking for gz-utils2 -- found version 2.2.1
[0.514s] -- Searching for <gz-plugin2> component [loader]
[0.515s] -- Looking for gz-plugin2-loader -- found version 2.0.4
[0.515s] -- Searching for dependencies of gz-plugin2-loader
[0.515s] -- Searching for <gz-plugin2> component [register]
[0.515s] -- Looking for gz-plugin2-register -- found version 2.0.4
[0.516s] -- Searching for dependencies of gz-plugin2-register
[0.516s] -- Looking for gz-transport13 -- found version 13.5.0
[0.516s] -- Searching for dependencies of gz-transport13
[0.554s] -- Config-file not installed for ZeroMQ -- checking for pkg-config
[0.558s] -- Checking for module 'libzmq >= 4'
[0.574s] --   Found libzmq, version 4.3.5
[0.623s] -- Checking for module 'uuid'
[0.641s] --   Found uuid, version 2.39.3
[0.668s] -- Looking for gz-utils2 -- found version 2.2.1
[0.668s] -- Looking for gz-msgs10 -- found version 10.3.2
[0.669s] -- Searching for dependencies of gz-msgs10
[0.695s] -- Looking for gz-utils2 -- found version 2.2.1
[0.695s] -- Looking for gz-math7 -- found version 7.5.2
[0.701s] -- Searching for <gz-transport13> component [log]
[0.701s] -- Looking for gz-transport13-log -- found version 13.5.0
[0.701s] -- Searching for dependencies of gz-transport13-log
[0.702s] -- Searching for <gz-transport13> component [parameters]
[0.702s] -- Looking for gz-transport13-parameters -- found version 13.5.0
[0.702s] -- Searching for dependencies of gz-transport13-parameters
[0.703s] -- Looking for gz-msgs10 -- found version 10.3.2
[0.703s] -- Looking for gz-common5 -- found version 5.7.1
[0.703s] -- Searching for dependencies of gz-common5
[0.703s] -- Looking for gz-utils2 -- found version 2.2.1
[0.704s] -- Looking for dlfcn.h - found
[0.704s] -- Looking for libdl - found
[0.709s] -- Searching for <gz-common5> component [av]
[0.710s] -- Looking for gz-common5-av -- found version 5.7.1
[0.710s] -- Searching for dependencies of gz-common5-av
[0.714s] -- Checking for module 'libswscale'
[0.730s] --   Found libswscale, version 7.5.100
[0.762s] -- Checking for module 'libavdevice >= 56.4.100'
[0.778s] --   Found libavdevice, version 60.3.100
[0.819s] -- Checking for module 'libavformat'
[0.835s] --   Found libavformat, version 60.16.100
[0.878s] -- Checking for module 'libavcodec'
[0.893s] --   Found libavcodec, version 60.31.102
[0.927s] -- Checking for module 'libavutil'
[0.941s] --   Found libavutil, version 58.29.100
[0.976s] -- Searching for <gz-common5> component [events]
[0.977s] -- Looking for gz-common5-events -- found version 5.7.1
[0.977s] -- Searching for dependencies of gz-common5-events
[0.978s] -- Looking for gz-math7 -- found version 7.5.2
[0.979s] -- Searching for <gz-common5> component [graphics]
[0.979s] -- Looking for gz-common5-graphics -- found version 5.7.1
[0.979s] -- Searching for dependencies of gz-common5-graphics
[0.980s] -- Looking for gz-math7 -- found version 7.5.2
[0.982s] -- Searching for <gz-common5> component [io]
[0.983s] -- Looking for gz-common5-io -- found version 5.7.1
[0.983s] -- Searching for dependencies of gz-common5-io
[0.983s] -- Searching for <gz-common5> component [profiler]
[0.984s] -- Looking for gz-common5-profiler -- found version 5.7.1
[0.984s] -- Searching for dependencies of gz-common5-profiler
[0.985s] -- Looking for gz-fuel_tools9 -- found version 9.1.1
[0.985s] -- Searching for dependencies of gz-fuel_tools9
[1.023s] -- Checking for module 'jsoncpp'
[1.038s] --   Found jsoncpp, version 1.9.5
[1.088s] -- Checking for module 'yaml-0.1'
[1.102s] --   Found yaml-0.1, version 0.2.5
[1.132s] -- Checking for module 'libzip'
[1.150s] --   Found libzip, version 1.7.3
[1.183s] -- Looking for gz-utils2 -- found version 2.2.1
[1.184s] -- Looking for gz-common5 -- found version 5.7.1
[1.184s] -- Searching for dependencies of gz-common5
[1.184s] -- Looking for gz-utils2 -- found version 2.2.1
[1.184s] -- Looking for dlfcn.h - found
[1.184s] -- Looking for libdl - found
[1.193s] -- Searching for <gz-common5> component [testing]
[1.193s] -- Looking for gz-common5-testing -- found version 5.7.1
[1.193s] -- Searching for dependencies of gz-common5-testing
[1.194s] -- Looking for gz-math7 -- found version 7.5.2
[1.194s] -- Looking for gz-msgs10 -- found version 10.3.2
[1.195s] -- Looking for gz-gui8 -- found version 8.4.0
[1.195s] -- Searching for dependencies of gz-gui8
[1.222s] -- Looking for gz-utils2 -- found version 2.2.1
[1.222s] -- Looking for gz-math7 -- found version 7.5.2
[1.222s] -- Looking for gz-common5 -- found version 5.7.1
[1.223s] -- Looking for gz-plugin2 -- found version 2.0.4
[1.223s] -- Looking for gz-transport13 -- found version 13.5.0
[1.223s] -- Looking for gz-rendering8 -- found version 8.2.3
[1.223s] -- Searching for dependencies of gz-rendering8
[1.224s] -- Looking for gz-math7 -- found version 7.5.2
[1.224s] -- Searching for dependencies of gz-math7
[1.224s] -- Looking for gz-utils2 -- found version 2.2.1
[1.224s] -- Searching for <gz-math7> component [eigen3]
[1.224s] -- Looking for gz-math7-eigen3 -- found version 7.5.2
[1.225s] -- Searching for dependencies of gz-math7-eigen3
[1.226s] -- Looking for gz-common5 -- found version 5.7.1
[1.226s] -- Searching for dependencies of gz-common5
[1.226s] -- Looking for gz-utils2 -- found version 2.2.1
[1.226s] -- Looking for dlfcn.h - found
[1.226s] -- Looking for libdl - found
[1.234s] -- Searching for <gz-common5> component [graphics]
[1.234s] -- Searching for <gz-common5> component [events]
[1.234s] -- Searching for <gz-common5> component [geospatial]
[1.234s] -- Looking for gz-common5-geospatial -- found version 5.7.1
[1.234s] -- Searching for dependencies of gz-common5-geospatial
[1.234s] -- Looking for gz-math7 -- found version 7.5.2
[1.235s] -- Looking for gz-common5 -- found version 5.7.1
[1.236s] -- Looking for gz-plugin2 -- found version 2.0.4
[1.236s] -- Searching for dependencies of gz-plugin2
[1.236s] -- Looking for gz-utils2 -- found version 2.2.1
[1.236s] -- Searching for <gz-plugin2> component [all]
[1.236s] -- Looking for all libraries of gz-plugin2 -- found version 2.0.4
[1.237s] -- Looking for gz-plugin2 -- found version 2.0.4
[1.237s] -- Looking for gz-utils2 -- found version 2.2.1
[1.240s] -- Looking for gz-msgs10 -- found version 10.3.2
[1.254s] -- Looking for gz-physics7 -- found version 7.6.0
[1.254s] -- Searching for dependencies of gz-physics7
[1.254s] -- Looking for gz-common5 -- found version 5.7.1
[1.255s] -- Looking for gz-math7 -- found version 7.5.2
[1.255s] -- Looking for gz-plugin2 -- found version 2.0.4
[1.255s] -- Looking for gz-utils2 -- found version 2.2.1
[1.256s] -- Searching for <gz-physics7> component [heightmap]
[1.256s] -- Looking for gz-physics7-heightmap -- found version 7.6.0
[1.257s] -- Searching for dependencies of gz-physics7-heightmap
[1.257s] -- Looking for gz-common5 -- found version 5.7.1
[1.257s] -- Searching for <gz-physics7> component [mesh]
[1.258s] -- Looking for gz-physics7-mesh -- found version 7.6.0
[1.258s] -- Searching for dependencies of gz-physics7-mesh
[1.258s] -- Looking for gz-common5 -- found version 5.7.1
[1.258s] -- Searching for <gz-physics7> component [sdf]
[1.259s] -- Looking for gz-physics7-sdf -- found version 7.6.0
[1.259s] -- Searching for dependencies of gz-physics7-sdf
[1.259s] -- Looking for sdformat14 -- found version 14.8.0
[1.260s] -- Looking for gz-sensors8 -- found version 8.2.2
[1.260s] -- Searching for dependencies of gz-sensors8
[1.284s] -- Looking for gz-math7 -- found version 7.5.2
[1.284s] -- Looking for gz-common5 -- found version 5.7.1
[1.284s] -- Looking for gz-transport13 -- found version 13.5.0
[1.285s] -- Looking for gz-rendering8 -- found version 8.2.3
[1.285s] -- Looking for gz-msgs10 -- found version 10.3.2
[1.285s] -- Looking for sdformat14 -- found version 14.8.0
[1.286s] -- Searching for <gz-sensors8> component [air_pressure]
[1.286s] -- Looking for gz-sensors8-air_pressure -- found version 8.2.2
[1.286s] -- Searching for dependencies of gz-sensors8-air_pressure
[1.287s] -- Searching for <gz-sensors8> component [air_speed]
[1.287s] -- Looking for gz-sensors8-air_speed -- found version 8.2.2
[1.287s] -- Searching for dependencies of gz-sensors8-air_speed
[1.287s] -- Searching for <gz-sensors8> component [altimeter]
[1.288s] -- Looking for gz-sensors8-altimeter -- found version 8.2.2
[1.288s] -- Searching for dependencies of gz-sensors8-altimeter
[1.288s] -- Searching for <gz-sensors8> component [imu]
[1.289s] -- Looking for gz-sensors8-imu -- found version 8.2.2
[1.289s] -- Searching for dependencies of gz-sensors8-imu
[1.289s] -- Searching for <gz-sensors8> component [force_torque]
[1.289s] -- Looking for gz-sensors8-force_torque -- found version 8.2.2
[1.289s] -- Searching for dependencies of gz-sensors8-force_torque
[1.290s] -- Searching for <gz-sensors8> component [logical_camera]
[1.290s] -- Looking for gz-sensors8-logical_camera -- found version 8.2.2
[1.290s] -- Searching for dependencies of gz-sensors8-logical_camera
[1.291s] -- Searching for <gz-sensors8> component [magnetometer]
[1.291s] -- Looking for gz-sensors8-magnetometer -- found version 8.2.2
[1.291s] -- Searching for dependencies of gz-sensors8-magnetometer
[1.292s] -- Searching for <gz-sensors8> component [navsat]
[1.292s] -- Looking for gz-sensors8-navsat -- found version 8.2.2
[1.292s] -- Searching for dependencies of gz-sensors8-navsat
[1.293s] -- Searching for <gz-sensors8> component [dvl]
[1.293s] -- Looking for gz-sensors8-dvl -- found version 8.2.2
[1.293s] -- Searching for dependencies of gz-sensors8-dvl
[1.293s] -- Looking for gz-sensors8 -- found version 8.2.2
[1.293s] -- Searching for dependencies of gz-sensors8
[1.317s] -- Looking for gz-math7 -- found version 7.5.2
[1.317s] -- Looking for gz-common5 -- found version 5.7.1
[1.318s] -- Looking for gz-transport13 -- found version 13.5.0
[1.318s] -- Looking for gz-rendering8 -- found version 8.2.3
[1.318s] -- Looking for gz-msgs10 -- found version 10.3.2
[1.318s] -- Looking for sdformat14 -- found version 14.8.0
[1.318s] -- Searching for <gz-sensors8> component [rendering]
[1.319s] -- Looking for gz-sensors8-rendering -- found version 8.2.2
[1.319s] -- Searching for dependencies of gz-sensors8-rendering
[1.320s] -- Searching for <gz-sensors8> component [rendering]
[1.320s] -- Searching for <gz-sensors8> component [lidar]
[1.320s] -- Looking for gz-sensors8-lidar -- found version 8.2.2
[1.320s] -- Searching for dependencies of gz-sensors8-lidar
[1.321s] -- Looking for gz-sensors8 -- found version 8.2.2
[1.321s] -- Searching for <gz-sensors8> component [gpu_lidar]
[1.321s] -- Looking for gz-sensors8-gpu_lidar -- found version 8.2.2
[1.321s] -- Searching for dependencies of gz-sensors8-gpu_lidar
[1.322s] -- Looking for gz-sensors8 -- found version 8.2.2
[1.322s] -- Searching for <gz-sensors8> component [camera]
[1.322s] -- Looking for gz-sensors8-camera -- found version 8.2.2
[1.322s] -- Searching for dependencies of gz-sensors8-camera
[1.323s] -- Looking for gz-sensors8 -- found version 8.2.2
[1.323s] -- Searching for <gz-sensors8> component [boundingbox_camera]
[1.324s] -- Looking for gz-sensors8-boundingbox_camera -- found version 8.2.2
[1.324s] -- Searching for dependencies of gz-sensors8-boundingbox_camera
[1.324s] -- Searching for <gz-sensors8> component [segmentation_camera]
[1.324s] -- Looking for gz-sensors8-segmentation_camera -- found version 8.2.2
[1.325s] -- Searching for dependencies of gz-sensors8-segmentation_camera
[1.325s] -- Searching for <gz-sensors8> component [depth_camera]
[1.325s] -- Looking for gz-sensors8-depth_camera -- found version 8.2.2
[1.326s] -- Searching for dependencies of gz-sensors8-depth_camera
[1.326s] -- Looking for gz-sensors8 -- found version 8.2.2
[1.326s] -- Searching for <gz-sensors8> component [rgbd_camera]
[1.327s] -- Looking for gz-sensors8-rgbd_camera -- found version 8.2.2
[1.327s] -- Searching for dependencies of gz-sensors8-rgbd_camera
[1.327s] -- Looking for gz-sensors8 -- found version 8.2.2
[1.327s] -- Searching for <gz-sensors8> component [thermal_camera]
[1.328s] -- Looking for gz-sensors8-thermal_camera -- found version 8.2.2
[1.328s] -- Searching for dependencies of gz-sensors8-thermal_camera
[1.328s] -- Looking for gz-sensors8 -- found version 8.2.2
[1.329s] -- Searching for <gz-sensors8> component [wide_angle_camera]
[1.329s] -- Looking for gz-sensors8-wide_angle_camera -- found version 8.2.2
[1.329s] -- Searching for dependencies of gz-sensors8-wide_angle_camera
[1.330s] -- Looking for gz-rendering8 -- found version 8.2.3
[1.330s] -- Looking for gz-math7 -- found version 7.5.2
[1.331s] -- Looking for gz-utils2 -- found version 2.2.1
[1.354s] -- Looking for gz-plugin2 -- found version 2.0.4
[1.354s] -- Looking for gz-msgs10 -- found version 10.3.2
[1.355s] -- Looking for gz-transport13 -- found version 13.5.0
[1.356s] -- Looking for gz-rendering8 -- found version 8.2.3
[1.356s] -- Found rmf_fleet_msgs: 4.0.0 (/rmf_demos_ws/install/rmf_fleet_msgs/share/rmf_fleet_msgs/cmake)
[1.370s] -- Found rmf_dispenser_msgs: 4.0.0 (/rmf_demos_ws/install/rmf_dispenser_msgs/share/rmf_dispenser_msgs/cmake)
[1.380s] -- Found rmf_ingestor_msgs: 4.0.0 (/rmf_demos_ws/install/rmf_ingestor_msgs/share/rmf_ingestor_msgs/cmake)
[1.391s] -- Found rmf_building_map_msgs: 1.6.0 (/rmf_demos_ws/install/rmf_building_map_msgs/share/rmf_building_map_msgs/cmake)
[1.405s] -- Found rmf_robot_sim_common: 2.6.1 (/home/maria/rmf_ws/install/rmf_robot_sim_common/share/rmf_robot_sim_common/cmake)
[1.534s] -- Found rmf_building_sim_gz_plugins: 2.6.1 (/home/maria/rmf_ws/install/rmf_building_sim_gz_plugins/share/rmf_building_sim_gz_plugins/cmake)
[1.616s] -- Configuring done (1.6s)
[1.705s] -- Generating done (0.1s)
[1.718s] -- Build files have been written to: /home/maria/rmf_ws/build/rmf_robot_sim_gz_plugins
[1.728s] Invoked command in '/home/maria/rmf_ws/build/rmf_robot_sim_gz_plugins' returned '0': AMENT_PREFIX_PATH=/home/maria/rmf_ws/install/rmf_robot_sim_common:/home/maria/rmf_ws/install/rmf_building_sim_gz_plugins:${AMENT_PREFIX_PATH} CMAKE_PREFIX_PATH=/home/maria/rmf_ws/install/rmf_robot_sim_common:/home/maria/rmf_ws/install/rmf_building_sim_gz_plugins:/rmf_demos_ws/install/rmf_workcell_msgs:/rmf_demos_ws/install/rmf_demos_gz:/rmf_demos_ws/install/rmf_demos:/rmf_demos_ws/install/rmf_reservation_node:/rmf_demos_ws/install/rmf_fleet_adapter_python:/rmf_demos_ws/install/rmf_fleet_adapter:/rmf_demos_ws/install/rmf_task_ros2:/rmf_demos_ws/install/rmf_websocket:/rmf_demos_ws/install/rmf_visualization:/rmf_demos_ws/install/rmf_visualization_schedule:/rmf_demos_ws/install/rmf_visualization_rviz2_plugins:/rmf_demos_ws/install/rmf_visualization_obstacles:/rmf_demos_ws/install/rmf_visualization_navgraphs:/rmf_demos_ws/install/rmf_visualization_floorplans:/rmf_demos_ws/install/rmf_visualization_fleet_states:/rmf_demos_ws/install/rmf_visualization_msgs:/rmf_demos_ws/install/rmf_traffic_ros2:/rmf_demos_ws/install/rmf_task_sequence:/rmf_demos_ws/install/rmf_task:/rmf_demos_ws/install/rmf_battery:/rmf_demos_ws/install/rmf_traffic:/rmf_demos_ws/install/rmf_utils:/rmf_demos_ws/install/rmf_traffic_msgs:/rmf_demos_ws/install/rmf_traffic_editor_test_maps:/rmf_demos_ws/install/rmf_traffic_editor_assets:/rmf_demos_ws/install/rmf_traffic_editor:/rmf_demos_ws/install/rmf_task_msgs:/rmf_demos_ws/install/rmf_site_map_msgs:/rmf_demos_ws/install/rmf_scheduler_msgs:/rmf_demos_ws/install/rmf_robot_sim_gz_plugins:/rmf_demos_ws/install/rmf_robot_sim_common:/rmf_demos_ws/install/rmf_reservation_msgs:/rmf_demos_ws/install/rmf_obstacle_msgs:/rmf_demos_ws/install/rmf_building_sim_gz_plugins:/rmf_demos_ws/install/rmf_lift_msgs:/rmf_demos_ws/install/rmf_ingestor_msgs:/rmf_demos_ws/install/rmf_fleet_msgs:/rmf_demos_ws/install/rmf_door_msgs:/rmf_demos_ws/install/rmf_dispenser_msgs:/rmf_demos_ws/install/rmf_demos_maps:/rmf_demos_ws/install/rmf_demos_assets:/rmf_demos_ws/install/rmf_charger_msgs:/rmf_demos_ws/install/rmf_building_map_msgs:/rmf_demos_ws/install/rmf_api_msgs:/rmf_demos_ws/install/nlohmann_json_schema_validator_vendor:/rmf_demos_ws/install/rmf_demos_fleet_adapter:/rmf_demos_ws/install/rmf_visualization_building_systems:/rmf_demos_ws/install/rmf_traffic_examples:/rmf_demos_ws/install/rmf_demos_bridges:/rmf_demos_ws/install/rmf_demos_tasks:/rmf_demos_ws/install/rmf_building_map_tools:/rmf_demos_ws/install/rmf_charging_schedule:/opt/ros/jazzy:/rmf_demos_ws/install/menge_vendor:/rmf_demos_ws/install/ament_cmake_catch2:/opt/ros/jazzy/opt/gz_sim_vendor:/opt/ros/jazzy/opt/gz_sensors_vendor:/opt/ros/jazzy/opt/gz_physics_vendor:/opt/ros/jazzy/opt/sdformat_vendor:/opt/ros/jazzy/opt/gz_gui_vendor:/opt/ros/jazzy/opt/gz_transport_vendor:/opt/ros/jazzy/opt/gz_rendering_vendor:/opt/ros/jazzy/opt/gz_plugin_vendor:/opt/ros/jazzy/opt/gz_fuel_tools_vendor:/opt/ros/jazzy/opt/gz_msgs_vendor:/opt/ros/jazzy/opt/gz_common_vendor:/opt/ros/jazzy/opt/gz_math_vendor:/opt/ros/jazzy/opt/gz_utils_vendor:/opt/ros/jazzy/opt/gz_tools_vendor:/opt/ros/jazzy/opt/gz_ogre_next_vendor:/opt/ros/jazzy/opt/gz_dartsim_vendor:/opt/ros/jazzy/opt/gz_cmake_vendor LD_LIBRARY_PATH=/home/maria/rmf_ws/install/rmf_robot_sim_common/lib:${LD_LIBRARY_PATH} /usr/bin/cmake /home/maria/rmf_ws/src/rmf_simulation/rmf_robot_sim_gz_plugins -DCMAKE_INSTALL_PREFIX=/home/maria/rmf_ws/install/rmf_robot_sim_gz_plugins
[1.729s] Invoking command in '/home/maria/rmf_ws/build/rmf_robot_sim_gz_plugins': AMENT_PREFIX_PATH=/home/maria/rmf_ws/install/rmf_robot_sim_common:/home/maria/rmf_ws/install/rmf_building_sim_gz_plugins:${AMENT_PREFIX_PATH} CMAKE_PREFIX_PATH=/home/maria/rmf_ws/install/rmf_robot_sim_common:/home/maria/rmf_ws/install/rmf_building_sim_gz_plugins:/rmf_demos_ws/install/rmf_workcell_msgs:/rmf_demos_ws/install/rmf_demos_gz:/rmf_demos_ws/install/rmf_demos:/rmf_demos_ws/install/rmf_reservation_node:/rmf_demos_ws/install/rmf_fleet_adapter_python:/rmf_demos_ws/install/rmf_fleet_adapter:/rmf_demos_ws/install/rmf_task_ros2:/rmf_demos_ws/install/rmf_websocket:/rmf_demos_ws/install/rmf_visualization:/rmf_demos_ws/install/rmf_visualization_schedule:/rmf_demos_ws/install/rmf_visualization_rviz2_plugins:/rmf_demos_ws/install/rmf_visualization_obstacles:/rmf_demos_ws/install/rmf_visualization_navgraphs:/rmf_demos_ws/install/rmf_visualization_floorplans:/rmf_demos_ws/install/rmf_visualization_fleet_states:/rmf_demos_ws/install/rmf_visualization_msgs:/rmf_demos_ws/install/rmf_traffic_ros2:/rmf_demos_ws/install/rmf_task_sequence:/rmf_demos_ws/install/rmf_task:/rmf_demos_ws/install/rmf_battery:/rmf_demos_ws/install/rmf_traffic:/rmf_demos_ws/install/rmf_utils:/rmf_demos_ws/install/rmf_traffic_msgs:/rmf_demos_ws/install/rmf_traffic_editor_test_maps:/rmf_demos_ws/install/rmf_traffic_editor_assets:/rmf_demos_ws/install/rmf_traffic_editor:/rmf_demos_ws/install/rmf_task_msgs:/rmf_demos_ws/install/rmf_site_map_msgs:/rmf_demos_ws/install/rmf_scheduler_msgs:/rmf_demos_ws/install/rmf_robot_sim_gz_plugins:/rmf_demos_ws/install/rmf_robot_sim_common:/rmf_demos_ws/install/rmf_reservation_msgs:/rmf_demos_ws/install/rmf_obstacle_msgs:/rmf_demos_ws/install/rmf_building_sim_gz_plugins:/rmf_demos_ws/install/rmf_lift_msgs:/rmf_demos_ws/install/rmf_ingestor_msgs:/rmf_demos_ws/install/rmf_fleet_msgs:/rmf_demos_ws/install/rmf_door_msgs:/rmf_demos_ws/install/rmf_dispenser_msgs:/rmf_demos_ws/install/rmf_demos_maps:/rmf_demos_ws/install/rmf_demos_assets:/rmf_demos_ws/install/rmf_charger_msgs:/rmf_demos_ws/install/rmf_building_map_msgs:/rmf_demos_ws/install/rmf_api_msgs:/rmf_demos_ws/install/nlohmann_json_schema_validator_vendor:/rmf_demos_ws/install/rmf_demos_fleet_adapter:/rmf_demos_ws/install/rmf_visualization_building_systems:/rmf_demos_ws/install/rmf_traffic_examples:/rmf_demos_ws/install/rmf_demos_bridges:/rmf_demos_ws/install/rmf_demos_tasks:/rmf_demos_ws/install/rmf_building_map_tools:/rmf_demos_ws/install/rmf_charging_schedule:/opt/ros/jazzy:/rmf_demos_ws/install/menge_vendor:/rmf_demos_ws/install/ament_cmake_catch2:/opt/ros/jazzy/opt/gz_sim_vendor:/opt/ros/jazzy/opt/gz_sensors_vendor:/opt/ros/jazzy/opt/gz_physics_vendor:/opt/ros/jazzy/opt/sdformat_vendor:/opt/ros/jazzy/opt/gz_gui_vendor:/opt/ros/jazzy/opt/gz_transport_vendor:/opt/ros/jazzy/opt/gz_rendering_vendor:/opt/ros/jazzy/opt/gz_plugin_vendor:/opt/ros/jazzy/opt/gz_fuel_tools_vendor:/opt/ros/jazzy/opt/gz_msgs_vendor:/opt/ros/jazzy/opt/gz_common_vendor:/opt/ros/jazzy/opt/gz_math_vendor:/opt/ros/jazzy/opt/gz_utils_vendor:/opt/ros/jazzy/opt/gz_tools_vendor:/opt/ros/jazzy/opt/gz_ogre_next_vendor:/opt/ros/jazzy/opt/gz_dartsim_vendor:/opt/ros/jazzy/opt/gz_cmake_vendor LD_LIBRARY_PATH=/home/maria/rmf_ws/install/rmf_robot_sim_common/lib:${LD_LIBRARY_PATH} /usr/bin/cmake --build /home/maria/rmf_ws/build/rmf_robot_sim_gz_plugins -- -j8 -l8
[1.788s] [  0%] Built target teleport_ingestor_autogen_timestamp_deps
[1.788s] [  0%] Built target readonly_autogen_timestamp_deps
[1.788s] [  0%] Built target teleport_dispenser_autogen_timestamp_deps
[1.788s] [  0%] Built target slotcar_autogen_timestamp_deps
[1.825s] [ 15%] [34m[1mAutomatic MOC for target readonly[0m
[1.825s] [ 15%] [34m[1mAutomatic MOC for target slotcar[0m
[1.826s] [ 15%] [34m[1mAutomatic MOC for target teleport_dispenser[0m
[1.858s] [ 15%] Built target slotcar_autogen
[1.860s] [ 15%] Built target teleport_dispenser_autogen
[1.860s] [ 15%] Built target readonly_autogen
[1.898s] [ 20%] [34m[1mAutomatic MOC for target teleport_ingestor[0m
[1.913s] [ 40%] Built target slotcar
[1.917s] [ 60%] Built target readonly
[1.920s] [ 80%] Built target teleport_dispenser
[1.931s] [ 80%] Built target teleport_ingestor_autogen
[1.980s] [100%] Built target teleport_ingestor
[1.991s] Invoked command in '/home/maria/rmf_ws/build/rmf_robot_sim_gz_plugins' returned '0': AMENT_PREFIX_PATH=/home/maria/rmf_ws/install/rmf_robot_sim_common:/home/maria/rmf_ws/install/rmf_building_sim_gz_plugins:${AMENT_PREFIX_PATH} CMAKE_PREFIX_PATH=/home/maria/rmf_ws/install/rmf_robot_sim_common:/home/maria/rmf_ws/install/rmf_building_sim_gz_plugins:/rmf_demos_ws/install/rmf_workcell_msgs:/rmf_demos_ws/install/rmf_demos_gz:/rmf_demos_ws/install/rmf_demos:/rmf_demos_ws/install/rmf_reservation_node:/rmf_demos_ws/install/rmf_fleet_adapter_python:/rmf_demos_ws/install/rmf_fleet_adapter:/rmf_demos_ws/install/rmf_task_ros2:/rmf_demos_ws/install/rmf_websocket:/rmf_demos_ws/install/rmf_visualization:/rmf_demos_ws/install/rmf_visualization_schedule:/rmf_demos_ws/install/rmf_visualization_rviz2_plugins:/rmf_demos_ws/install/rmf_visualization_obstacles:/rmf_demos_ws/install/rmf_visualization_navgraphs:/rmf_demos_ws/install/rmf_visualization_floorplans:/rmf_demos_ws/install/rmf_visualization_fleet_states:/rmf_demos_ws/install/rmf_visualization_msgs:/rmf_demos_ws/install/rmf_traffic_ros2:/rmf_demos_ws/install/rmf_task_sequence:/rmf_demos_ws/install/rmf_task:/rmf_demos_ws/install/rmf_battery:/rmf_demos_ws/install/rmf_traffic:/rmf_demos_ws/install/rmf_utils:/rmf_demos_ws/install/rmf_traffic_msgs:/rmf_demos_ws/install/rmf_traffic_editor_test_maps:/rmf_demos_ws/install/rmf_traffic_editor_assets:/rmf_demos_ws/install/rmf_traffic_editor:/rmf_demos_ws/install/rmf_task_msgs:/rmf_demos_ws/install/rmf_site_map_msgs:/rmf_demos_ws/install/rmf_scheduler_msgs:/rmf_demos_ws/install/rmf_robot_sim_gz_plugins:/rmf_demos_ws/install/rmf_robot_sim_common:/rmf_demos_ws/install/rmf_reservation_msgs:/rmf_demos_ws/install/rmf_obstacle_msgs:/rmf_demos_ws/install/rmf_building_sim_gz_plugins:/rmf_demos_ws/install/rmf_lift_msgs:/rmf_demos_ws/install/rmf_ingestor_msgs:/rmf_demos_ws/install/rmf_fleet_msgs:/rmf_demos_ws/install/rmf_door_msgs:/rmf_demos_ws/install/rmf_dispenser_msgs:/rmf_demos_ws/install/rmf_demos_maps:/rmf_demos_ws/install/rmf_demos_assets:/rmf_demos_ws/install/rmf_charger_msgs:/rmf_demos_ws/install/rmf_building_map_msgs:/rmf_demos_ws/install/rmf_api_msgs:/rmf_demos_ws/install/nlohmann_json_schema_validator_vendor:/rmf_demos_ws/install/rmf_demos_fleet_adapter:/rmf_demos_ws/install/rmf_visualization_building_systems:/rmf_demos_ws/install/rmf_traffic_examples:/rmf_demos_ws/install/rmf_demos_bridges:/rmf_demos_ws/install/rmf_demos_tasks:/rmf_demos_ws/install/rmf_building_map_tools:/rmf_demos_ws/install/rmf_charging_schedule:/opt/ros/jazzy:/rmf_demos_ws/install/menge_vendor:/rmf_demos_ws/install/ament_cmake_catch2:/opt/ros/jazzy/opt/gz_sim_vendor:/opt/ros/jazzy/opt/gz_sensors_vendor:/opt/ros/jazzy/opt/gz_physics_vendor:/opt/ros/jazzy/opt/sdformat_vendor:/opt/ros/jazzy/opt/gz_gui_vendor:/opt/ros/jazzy/opt/gz_transport_vendor:/opt/ros/jazzy/opt/gz_rendering_vendor:/opt/ros/jazzy/opt/gz_plugin_vendor:/opt/ros/jazzy/opt/gz_fuel_tools_vendor:/opt/ros/jazzy/opt/gz_msgs_vendor:/opt/ros/jazzy/opt/gz_common_vendor:/opt/ros/jazzy/opt/gz_math_vendor:/opt/ros/jazzy/opt/gz_utils_vendor:/opt/ros/jazzy/opt/gz_tools_vendor:/opt/ros/jazzy/opt/gz_ogre_next_vendor:/opt/ros/jazzy/opt/gz_dartsim_vendor:/opt/ros/jazzy/opt/gz_cmake_vendor LD_LIBRARY_PATH=/home/maria/rmf_ws/install/rmf_robot_sim_common/lib:${LD_LIBRARY_PATH} /usr/bin/cmake --build /home/maria/rmf_ws/build/rmf_robot_sim_gz_plugins -- -j8 -l8
[1.992s] Invoking command in '/home/maria/rmf_ws/build/rmf_robot_sim_gz_plugins': AMENT_PREFIX_PATH=/home/maria/rmf_ws/install/rmf_robot_sim_common:/home/maria/rmf_ws/install/rmf_building_sim_gz_plugins:${AMENT_PREFIX_PATH} CMAKE_PREFIX_PATH=/home/maria/rmf_ws/install/rmf_robot_sim_common:/home/maria/rmf_ws/install/rmf_building_sim_gz_plugins:/rmf_demos_ws/install/rmf_workcell_msgs:/rmf_demos_ws/install/rmf_demos_gz:/rmf_demos_ws/install/rmf_demos:/rmf_demos_ws/install/rmf_reservation_node:/rmf_demos_ws/install/rmf_fleet_adapter_python:/rmf_demos_ws/install/rmf_fleet_adapter:/rmf_demos_ws/install/rmf_task_ros2:/rmf_demos_ws/install/rmf_websocket:/rmf_demos_ws/install/rmf_visualization:/rmf_demos_ws/install/rmf_visualization_schedule:/rmf_demos_ws/install/rmf_visualization_rviz2_plugins:/rmf_demos_ws/install/rmf_visualization_obstacles:/rmf_demos_ws/install/rmf_visualization_navgraphs:/rmf_demos_ws/install/rmf_visualization_floorplans:/rmf_demos_ws/install/rmf_visualization_fleet_states:/rmf_demos_ws/install/rmf_visualization_msgs:/rmf_demos_ws/install/rmf_traffic_ros2:/rmf_demos_ws/install/rmf_task_sequence:/rmf_demos_ws/install/rmf_task:/rmf_demos_ws/install/rmf_battery:/rmf_demos_ws/install/rmf_traffic:/rmf_demos_ws/install/rmf_utils:/rmf_demos_ws/install/rmf_traffic_msgs:/rmf_demos_ws/install/rmf_traffic_editor_test_maps:/rmf_demos_ws/install/rmf_traffic_editor_assets:/rmf_demos_ws/install/rmf_traffic_editor:/rmf_demos_ws/install/rmf_task_msgs:/rmf_demos_ws/install/rmf_site_map_msgs:/rmf_demos_ws/install/rmf_scheduler_msgs:/rmf_demos_ws/install/rmf_robot_sim_gz_plugins:/rmf_demos_ws/install/rmf_robot_sim_common:/rmf_demos_ws/install/rmf_reservation_msgs:/rmf_demos_ws/install/rmf_obstacle_msgs:/rmf_demos_ws/install/rmf_building_sim_gz_plugins:/rmf_demos_ws/install/rmf_lift_msgs:/rmf_demos_ws/install/rmf_ingestor_msgs:/rmf_demos_ws/install/rmf_fleet_msgs:/rmf_demos_ws/install/rmf_door_msgs:/rmf_demos_ws/install/rmf_dispenser_msgs:/rmf_demos_ws/install/rmf_demos_maps:/rmf_demos_ws/install/rmf_demos_assets:/rmf_demos_ws/install/rmf_charger_msgs:/rmf_demos_ws/install/rmf_building_map_msgs:/rmf_demos_ws/install/rmf_api_msgs:/rmf_demos_ws/install/nlohmann_json_schema_validator_vendor:/rmf_demos_ws/install/rmf_demos_fleet_adapter:/rmf_demos_ws/install/rmf_visualization_building_systems:/rmf_demos_ws/install/rmf_traffic_examples:/rmf_demos_ws/install/rmf_demos_bridges:/rmf_demos_ws/install/rmf_demos_tasks:/rmf_demos_ws/install/rmf_building_map_tools:/rmf_demos_ws/install/rmf_charging_schedule:/opt/ros/jazzy:/rmf_demos_ws/install/menge_vendor:/rmf_demos_ws/install/ament_cmake_catch2:/opt/ros/jazzy/opt/gz_sim_vendor:/opt/ros/jazzy/opt/gz_sensors_vendor:/opt/ros/jazzy/opt/gz_physics_vendor:/opt/ros/jazzy/opt/sdformat_vendor:/opt/ros/jazzy/opt/gz_gui_vendor:/opt/ros/jazzy/opt/gz_transport_vendor:/opt/ros/jazzy/opt/gz_rendering_vendor:/opt/ros/jazzy/opt/gz_plugin_vendor:/opt/ros/jazzy/opt/gz_fuel_tools_vendor:/opt/ros/jazzy/opt/gz_msgs_vendor:/opt/ros/jazzy/opt/gz_common_vendor:/opt/ros/jazzy/opt/gz_math_vendor:/opt/ros/jazzy/opt/gz_utils_vendor:/opt/ros/jazzy/opt/gz_tools_vendor:/opt/ros/jazzy/opt/gz_ogre_next_vendor:/opt/ros/jazzy/opt/gz_dartsim_vendor:/opt/ros/jazzy/opt/gz_cmake_vendor LD_LIBRARY_PATH=/home/maria/rmf_ws/install/rmf_robot_sim_common/lib:${LD_LIBRARY_PATH} /usr/bin/cmake --install /home/maria/rmf_ws/build/rmf_robot_sim_gz_plugins
[2.000s] -- Install configuration: ""
[2.000s] -- Execute custom install script
[2.001s] -- Up-to-date symlink: /home/maria/rmf_ws/install/rmf_robot_sim_gz_plugins/share/rmf_robot_sim_gz_plugins/environment/rmf_robot_sim_gz_plugins.dsv
[2.001s] -- Up-to-date symlink: /home/maria/rmf_ws/install/rmf_robot_sim_gz_plugins/lib/rmf_robot_sim_gz_plugins/libteleport_dispenser.so
[2.001s] -- Up-to-date symlink: /home/maria/rmf_ws/install/rmf_robot_sim_gz_plugins/lib/rmf_robot_sim_gz_plugins/libteleport_ingestor.so
[2.002s] -- Up-to-date symlink: /home/maria/rmf_ws/install/rmf_robot_sim_gz_plugins/lib/rmf_robot_sim_gz_plugins/libreadonly.so
[2.002s] -- Up-to-date symlink: /home/maria/rmf_ws/install/rmf_robot_sim_gz_plugins/lib/rmf_robot_sim_gz_plugins/libslotcar.so
[2.002s] -- Up-to-date symlink: /home/maria/rmf_ws/install/rmf_robot_sim_gz_plugins/share/ament_index/resource_index/package_run_dependencies/rmf_robot_sim_gz_plugins
[2.002s] -- Up-to-date symlink: /home/maria/rmf_ws/install/rmf_robot_sim_gz_plugins/share/ament_index/resource_index/parent_prefix_path/rmf_robot_sim_gz_plugins
[2.003s] -- Up-to-date symlink: /home/maria/rmf_ws/install/rmf_robot_sim_gz_plugins/share/rmf_robot_sim_gz_plugins/environment/ament_prefix_path.sh
[2.003s] -- Up-to-date symlink: /home/maria/rmf_ws/install/rmf_robot_sim_gz_plugins/share/rmf_robot_sim_gz_plugins/environment/ament_prefix_path.dsv
[2.003s] -- Up-to-date symlink: /home/maria/rmf_ws/install/rmf_robot_sim_gz_plugins/share/rmf_robot_sim_gz_plugins/environment/path.sh
[2.003s] -- Up-to-date symlink: /home/maria/rmf_ws/install/rmf_robot_sim_gz_plugins/share/rmf_robot_sim_gz_plugins/environment/path.dsv
[2.003s] -- Up-to-date symlink: /home/maria/rmf_ws/install/rmf_robot_sim_gz_plugins/share/rmf_robot_sim_gz_plugins/local_setup.bash
[2.004s] -- Up-to-date symlink: /home/maria/rmf_ws/install/rmf_robot_sim_gz_plugins/share/rmf_robot_sim_gz_plugins/local_setup.sh
[2.004s] -- Up-to-date symlink: /home/maria/rmf_ws/install/rmf_robot_sim_gz_plugins/share/rmf_robot_sim_gz_plugins/local_setup.zsh
[2.004s] -- Up-to-date symlink: /home/maria/rmf_ws/install/rmf_robot_sim_gz_plugins/share/rmf_robot_sim_gz_plugins/local_setup.dsv
[2.004s] -- Symlinking: /home/maria/rmf_ws/install/rmf_robot_sim_gz_plugins/share/rmf_robot_sim_gz_plugins/package.dsv
[2.014s] -- Up-to-date symlink: /home/maria/rmf_ws/install/rmf_robot_sim_gz_plugins/share/ament_index/resource_index/packages/rmf_robot_sim_gz_plugins
[2.014s] -- Up-to-date symlink: /home/maria/rmf_ws/install/rmf_robot_sim_gz_plugins/share/rmf_robot_sim_gz_plugins/cmake/rmf_robot_sim_gz_pluginsConfig.cmake
[2.015s] -- Up-to-date symlink: /home/maria/rmf_ws/install/rmf_robot_sim_gz_plugins/share/rmf_robot_sim_gz_plugins/cmake/rmf_robot_sim_gz_pluginsConfig-version.cmake
[2.015s] -- Up-to-date symlink: /home/maria/rmf_ws/install/rmf_robot_sim_gz_plugins/share/rmf_robot_sim_gz_plugins/package.xml
[2.016s] Invoked command in '/home/maria/rmf_ws/build/rmf_robot_sim_gz_plugins' returned '0': AMENT_PREFIX_PATH=/home/maria/rmf_ws/install/rmf_robot_sim_common:/home/maria/rmf_ws/install/rmf_building_sim_gz_plugins:${AMENT_PREFIX_PATH} CMAKE_PREFIX_PATH=/home/maria/rmf_ws/install/rmf_robot_sim_common:/home/maria/rmf_ws/install/rmf_building_sim_gz_plugins:/rmf_demos_ws/install/rmf_workcell_msgs:/rmf_demos_ws/install/rmf_demos_gz:/rmf_demos_ws/install/rmf_demos:/rmf_demos_ws/install/rmf_reservation_node:/rmf_demos_ws/install/rmf_fleet_adapter_python:/rmf_demos_ws/install/rmf_fleet_adapter:/rmf_demos_ws/install/rmf_task_ros2:/rmf_demos_ws/install/rmf_websocket:/rmf_demos_ws/install/rmf_visualization:/rmf_demos_ws/install/rmf_visualization_schedule:/rmf_demos_ws/install/rmf_visualization_rviz2_plugins:/rmf_demos_ws/install/rmf_visualization_obstacles:/rmf_demos_ws/install/rmf_visualization_navgraphs:/rmf_demos_ws/install/rmf_visualization_floorplans:/rmf_demos_ws/install/rmf_visualization_fleet_states:/rmf_demos_ws/install/rmf_visualization_msgs:/rmf_demos_ws/install/rmf_traffic_ros2:/rmf_demos_ws/install/rmf_task_sequence:/rmf_demos_ws/install/rmf_task:/rmf_demos_ws/install/rmf_battery:/rmf_demos_ws/install/rmf_traffic:/rmf_demos_ws/install/rmf_utils:/rmf_demos_ws/install/rmf_traffic_msgs:/rmf_demos_ws/install/rmf_traffic_editor_test_maps:/rmf_demos_ws/install/rmf_traffic_editor_assets:/rmf_demos_ws/install/rmf_traffic_editor:/rmf_demos_ws/install/rmf_task_msgs:/rmf_demos_ws/install/rmf_site_map_msgs:/rmf_demos_ws/install/rmf_scheduler_msgs:/rmf_demos_ws/install/rmf_robot_sim_gz_plugins:/rmf_demos_ws/install/rmf_robot_sim_common:/rmf_demos_ws/install/rmf_reservation_msgs:/rmf_demos_ws/install/rmf_obstacle_msgs:/rmf_demos_ws/install/rmf_building_sim_gz_plugins:/rmf_demos_ws/install/rmf_lift_msgs:/rmf_demos_ws/install/rmf_ingestor_msgs:/rmf_demos_ws/install/rmf_fleet_msgs:/rmf_demos_ws/install/rmf_door_msgs:/rmf_demos_ws/install/rmf_dispenser_msgs:/rmf_demos_ws/install/rmf_demos_maps:/rmf_demos_ws/install/rmf_demos_assets:/rmf_demos_ws/install/rmf_charger_msgs:/rmf_demos_ws/install/rmf_building_map_msgs:/rmf_demos_ws/install/rmf_api_msgs:/rmf_demos_ws/install/nlohmann_json_schema_validator_vendor:/rmf_demos_ws/install/rmf_demos_fleet_adapter:/rmf_demos_ws/install/rmf_visualization_building_systems:/rmf_demos_ws/install/rmf_traffic_examples:/rmf_demos_ws/install/rmf_demos_bridges:/rmf_demos_ws/install/rmf_demos_tasks:/rmf_demos_ws/install/rmf_building_map_tools:/rmf_demos_ws/install/rmf_charging_schedule:/opt/ros/jazzy:/rmf_demos_ws/install/menge_vendor:/rmf_demos_ws/install/ament_cmake_catch2:/opt/ros/jazzy/opt/gz_sim_vendor:/opt/ros/jazzy/opt/gz_sensors_vendor:/opt/ros/jazzy/opt/gz_physics_vendor:/opt/ros/jazzy/opt/sdformat_vendor:/opt/ros/jazzy/opt/gz_gui_vendor:/opt/ros/jazzy/opt/gz_transport_vendor:/opt/ros/jazzy/opt/gz_rendering_vendor:/opt/ros/jazzy/opt/gz_plugin_vendor:/opt/ros/jazzy/opt/gz_fuel_tools_vendor:/opt/ros/jazzy/opt/gz_msgs_vendor:/opt/ros/jazzy/opt/gz_common_vendor:/opt/ros/jazzy/opt/gz_math_vendor:/opt/ros/jazzy/opt/gz_utils_vendor:/opt/ros/jazzy/opt/gz_tools_vendor:/opt/ros/jazzy/opt/gz_ogre_next_vendor:/opt/ros/jazzy/opt/gz_dartsim_vendor:/opt/ros/jazzy/opt/gz_cmake_vendor LD_LIBRARY_PATH=/home/maria/rmf_ws/install/rmf_robot_sim_common/lib:${LD_LIBRARY_PATH} /usr/bin/cmake --install /home/maria/rmf_ws/build/rmf_robot_sim_gz_plugins
