[100%] Built target generate_icc_kyoto_nav_graphs
[100%] Built target generate_icc_kyoto_world
-- Install configuration: ""
-- Execute custom install script
-- Up-to-date symlink: /home/maria/rmf_ws/install/first_project/share/first_project/launch/common.launch.xml
-- Up-to-date symlink: /home/maria/rmf_ws/install/first_project/share/first_project/launch/icc_kyoto.launch.xml
-- Up-to-date symlink: /home/maria/rmf_ws/install/first_project/share/first_project/launch/simulation.launch.xml
-- Up-to-date symlink: /home/maria/rmf_ws/install/first_project/share/first_project/config/icc_kyoto.rviz
-- Up-to-date symlink: /home/maria/rmf_ws/install/first_project/share/first_project/config/tinyRobot_config.yaml
-- Symlinking: /home/maria/rmf_ws/install/first_project/share/first_project/maps/icc_kyoto/conference_room_b1.png
-- Symlinking: /home/maria/rmf_ws/install/first_project/share/first_project/maps/icc_kyoto/conference_room_b1_balcony.png
-- Up-to-date symlink: /home/maria/rmf_ws/install/first_project/share/first_project/maps/icc_kyoto/icc_kyoto.building.yaml
-- Symlinking: /home/maria/rmf_ws/install/first_project/share/first_project/maps/icc_kyoto/icc_kyoto.world
-- Up-to-date symlink: /home/maria/rmf_ws/install/first_project/share/first_project/maps/icc_kyoto/icc_kyoto_world/icc_kyoto_L1/meshes/blue_linoleum.png
-- Up-to-date symlink: /home/maria/rmf_ws/install/first_project/share/first_project/maps/icc_kyoto/icc_kyoto_world/icc_kyoto_L1/meshes/default.png
-- Up-to-date symlink: /home/maria/rmf_ws/install/first_project/share/first_project/maps/icc_kyoto/icc_kyoto_world/icc_kyoto_L1/meshes/floor_1.mtl
-- Up-to-date symlink: /home/maria/rmf_ws/install/first_project/share/first_project/maps/icc_kyoto/icc_kyoto_world/icc_kyoto_L1/meshes/floor_1.obj
-- Up-to-date symlink: /home/maria/rmf_ws/install/first_project/share/first_project/maps/icc_kyoto/icc_kyoto_world/icc_kyoto_L1/meshes/model.material
-- Up-to-date symlink: /home/maria/rmf_ws/install/first_project/share/first_project/maps/icc_kyoto/icc_kyoto_world/icc_kyoto_L1/meshes/wall_1.mtl
-- Up-to-date symlink: /home/maria/rmf_ws/install/first_project/share/first_project/maps/icc_kyoto/icc_kyoto_world/icc_kyoto_L1/meshes/wall_1.obj
-- Up-to-date symlink: /home/maria/rmf_ws/install/first_project/share/first_project/maps/icc_kyoto/icc_kyoto_world/icc_kyoto_L1/model.config
-- Up-to-date symlink: /home/maria/rmf_ws/install/first_project/share/first_project/maps/icc_kyoto/icc_kyoto_world/icc_kyoto_L1/model.sdf
-- Up-to-date symlink: /home/maria/rmf_ws/install/first_project/share/first_project/maps/icc_kyoto/icc_kyoto_world/icc_kyoto_L2/meshes/blue_linoleum.png
-- Up-to-date symlink: /home/maria/rmf_ws/install/first_project/share/first_project/maps/icc_kyoto/icc_kyoto_world/icc_kyoto_L2/meshes/default.png
-- Up-to-date symlink: /home/maria/rmf_ws/install/first_project/share/first_project/maps/icc_kyoto/icc_kyoto_world/icc_kyoto_L2/meshes/floor_1.mtl
-- Up-to-date symlink: /home/maria/rmf_ws/install/first_project/share/first_project/maps/icc_kyoto/icc_kyoto_world/icc_kyoto_L2/meshes/floor_1.obj
-- Up-to-date symlink: /home/maria/rmf_ws/install/first_project/share/first_project/maps/icc_kyoto/icc_kyoto_world/icc_kyoto_L2/meshes/model.material
-- Up-to-date symlink: /home/maria/rmf_ws/install/first_project/share/first_project/maps/icc_kyoto/icc_kyoto_world/icc_kyoto_L2/meshes/wall_1.mtl
-- Up-to-date symlink: /home/maria/rmf_ws/install/first_project/share/first_project/maps/icc_kyoto/icc_kyoto_world/icc_kyoto_L2/meshes/wall_1.obj
-- Up-to-date symlink: /home/maria/rmf_ws/install/first_project/share/first_project/maps/icc_kyoto/icc_kyoto_world/icc_kyoto_L2/model.config
-- Up-to-date symlink: /home/maria/rmf_ws/install/first_project/share/first_project/maps/icc_kyoto/icc_kyoto_world/icc_kyoto_L2/model.sdf
-- Up-to-date symlink: /home/maria/rmf_ws/install/first_project/share/first_project/maps/icc_kyoto/models/AdjTable/meshes/AdjTable.mtl
-- Up-to-date symlink: /home/maria/rmf_ws/install/first_project/share/first_project/maps/icc_kyoto/models/AdjTable/meshes/AdjTable.obj
-- Up-to-date symlink: /home/maria/rmf_ws/install/first_project/share/first_project/maps/icc_kyoto/models/AdjTable/meshes/AdjTable_Col.mtl
-- Up-to-date symlink: /home/maria/rmf_ws/install/first_project/share/first_project/maps/icc_kyoto/models/AdjTable/meshes/AdjTable_Col.obj
-- Up-to-date symlink: /home/maria/rmf_ws/install/first_project/share/first_project/maps/icc_kyoto/models/AdjTable/meshes/AdjTable_Diffuse.png
-- Up-to-date symlink: /home/maria/rmf_ws/install/first_project/share/first_project/maps/icc_kyoto/models/AdjTable/model.config
-- Up-to-date symlink: /home/maria/rmf_ws/install/first_project/share/first_project/maps/icc_kyoto/models/AdjTable/model.sdf
-- Up-to-date symlink: /home/maria/rmf_ws/install/first_project/share/first_project/maps/icc_kyoto/models/AdjTable/thumbnails/1.png
-- Up-to-date symlink: /home/maria/rmf_ws/install/first_project/share/first_project/maps/icc_kyoto/models/AdjTable/thumbnails/2.png
-- Up-to-date symlink: /home/maria/rmf_ws/install/first_project/share/first_project/maps/icc_kyoto/models/AdjTable/thumbnails/3.png
-- Up-to-date symlink: /home/maria/rmf_ws/install/first_project/share/first_project/maps/icc_kyoto/models/AdjTable/thumbnails/4.png
-- Up-to-date symlink: /home/maria/rmf_ws/install/first_project/share/first_project/maps/icc_kyoto/models/AdjTable/thumbnails/5.png
-- Up-to-date symlink: /home/maria/rmf_ws/install/first_project/share/first_project/maps/icc_kyoto/models/OfficeChairGrey/meshes/OfficeChairGrey.mtl
-- Up-to-date symlink: /home/maria/rmf_ws/install/first_project/share/first_project/maps/icc_kyoto/models/OfficeChairGrey/meshes/OfficeChairGrey.obj
-- Up-to-date symlink: /home/maria/rmf_ws/install/first_project/share/first_project/maps/icc_kyoto/models/OfficeChairGrey/meshes/OfficeChairGrey.png
-- Up-to-date symlink: /home/maria/rmf_ws/install/first_project/share/first_project/maps/icc_kyoto/models/OfficeChairGrey/meshes/OfficeChairGrey_Col.mtl
-- Up-to-date symlink: /home/maria/rmf_ws/install/first_project/share/first_project/maps/icc_kyoto/models/OfficeChairGrey/meshes/OfficeChairGrey_Col.obj
-- Up-to-date symlink: /home/maria/rmf_ws/install/first_project/share/first_project/maps/icc_kyoto/models/OfficeChairGrey/model.config
-- Up-to-date symlink: /home/maria/rmf_ws/install/first_project/share/first_project/maps/icc_kyoto/models/OfficeChairGrey/model.sdf
-- Up-to-date symlink: /home/maria/rmf_ws/install/first_project/share/first_project/maps/icc_kyoto/models/OfficeChairGrey/thumbnails/1.png
-- Up-to-date symlink: /home/maria/rmf_ws/install/first_project/share/first_project/maps/icc_kyoto/models/OfficeChairGrey/thumbnails/2.png
-- Up-to-date symlink: /home/maria/rmf_ws/install/first_project/share/first_project/maps/icc_kyoto/models/OfficeChairGrey/thumbnails/3.png
-- Up-to-date symlink: /home/maria/rmf_ws/install/first_project/share/first_project/maps/icc_kyoto/models/OfficeChairGrey/thumbnails/4.png
-- Up-to-date symlink: /home/maria/rmf_ws/install/first_project/share/first_project/maps/icc_kyoto/models/OfficeChairGrey/thumbnails/5.png
-- Up-to-date symlink: /home/maria/rmf_ws/install/first_project/share/first_project/maps/icc_kyoto/models/OfficeChairGrey/thumbnails/meta/1.png
-- Up-to-date symlink: /home/maria/rmf_ws/install/first_project/share/first_project/maps/icc_kyoto/models/OfficeChairGrey/thumbnails/meta/2.png
-- Up-to-date symlink: /home/maria/rmf_ws/install/first_project/share/first_project/maps/icc_kyoto/models/OfficeChairGrey/thumbnails/meta/3.png
-- Up-to-date symlink: /home/maria/rmf_ws/install/first_project/share/first_project/maps/icc_kyoto/models/OfficeChairGrey/thumbnails/meta/4.png
-- Up-to-date symlink: /home/maria/rmf_ws/install/first_project/share/first_project/maps/icc_kyoto/models/OfficeChairGrey/thumbnails/meta/5.png
-- Up-to-date symlink: /home/maria/rmf_ws/install/first_project/share/first_project/maps/icc_kyoto/models/TinyRobot/meshes/caster_wheel.mtl
-- Up-to-date symlink: /home/maria/rmf_ws/install/first_project/share/first_project/maps/icc_kyoto/models/TinyRobot/meshes/caster_wheel.obj
-- Up-to-date symlink: /home/maria/rmf_ws/install/first_project/share/first_project/maps/icc_kyoto/models/TinyRobot/meshes/front_wheel.mtl
-- Up-to-date symlink: /home/maria/rmf_ws/install/first_project/share/first_project/maps/icc_kyoto/models/TinyRobot/meshes/front_wheel.obj
-- Up-to-date symlink: /home/maria/rmf_ws/install/first_project/share/first_project/maps/icc_kyoto/models/TinyRobot/meshes/tinyRobot_body.mtl
-- Up-to-date symlink: /home/maria/rmf_ws/install/first_project/share/first_project/maps/icc_kyoto/models/TinyRobot/meshes/tinyRobot_body.obj
-- Up-to-date symlink: /home/maria/rmf_ws/install/first_project/share/first_project/maps/icc_kyoto/models/TinyRobot/model.config
-- Up-to-date symlink: /home/maria/rmf_ws/install/first_project/share/first_project/maps/icc_kyoto/models/TinyRobot/model.sdf
-- Symlinking: /home/maria/rmf_ws/install/first_project/share/first_project/maps/icc_kyoto/sim_hall.png
-- Symlinking: /home/maria/rmf_ws/install/first_project/share/first_project/maps/icc_kyoto/icc_kyoto.world
-- Up-to-date symlink: /home/maria/rmf_ws/install/first_project/share/first_project/maps/icc_kyoto/models/icc_kyoto_L1/meshes/blue_linoleum.png
-- Up-to-date symlink: /home/maria/rmf_ws/install/first_project/share/first_project/maps/icc_kyoto/models/icc_kyoto_L1/meshes/default.png
-- Up-to-date symlink: /home/maria/rmf_ws/install/first_project/share/first_project/maps/icc_kyoto/models/icc_kyoto_L1/meshes/floor_1.mtl
-- Up-to-date symlink: /home/maria/rmf_ws/install/first_project/share/first_project/maps/icc_kyoto/models/icc_kyoto_L1/meshes/floor_1.obj
-- Up-to-date symlink: /home/maria/rmf_ws/install/first_project/share/first_project/maps/icc_kyoto/models/icc_kyoto_L1/meshes/model.material
-- Up-to-date symlink: /home/maria/rmf_ws/install/first_project/share/first_project/maps/icc_kyoto/models/icc_kyoto_L1/meshes/wall_1.mtl
-- Up-to-date symlink: /home/maria/rmf_ws/install/first_project/share/first_project/maps/icc_kyoto/models/icc_kyoto_L1/meshes/wall_1.obj
-- Up-to-date symlink: /home/maria/rmf_ws/install/first_project/share/first_project/maps/icc_kyoto/models/icc_kyoto_L1/model.config
-- Up-to-date symlink: /home/maria/rmf_ws/install/first_project/share/first_project/maps/icc_kyoto/models/icc_kyoto_L1/model.sdf
-- Up-to-date symlink: /home/maria/rmf_ws/install/first_project/share/first_project/maps/icc_kyoto/models/icc_kyoto_L2/meshes/blue_linoleum.png
-- Up-to-date symlink: /home/maria/rmf_ws/install/first_project/share/first_project/maps/icc_kyoto/models/icc_kyoto_L2/meshes/default.png
-- Up-to-date symlink: /home/maria/rmf_ws/install/first_project/share/first_project/maps/icc_kyoto/models/icc_kyoto_L2/meshes/floor_1.mtl
-- Up-to-date symlink: /home/maria/rmf_ws/install/first_project/share/first_project/maps/icc_kyoto/models/icc_kyoto_L2/meshes/floor_1.obj
-- Up-to-date symlink: /home/maria/rmf_ws/install/first_project/share/first_project/maps/icc_kyoto/models/icc_kyoto_L2/meshes/model.material
-- Up-to-date symlink: /home/maria/rmf_ws/install/first_project/share/first_project/maps/icc_kyoto/models/icc_kyoto_L2/meshes/wall_1.mtl
-- Up-to-date symlink: /home/maria/rmf_ws/install/first_project/share/first_project/maps/icc_kyoto/models/icc_kyoto_L2/meshes/wall_1.obj
-- Up-to-date symlink: /home/maria/rmf_ws/install/first_project/share/first_project/maps/icc_kyoto/models/icc_kyoto_L2/model.config
-- Up-to-date symlink: /home/maria/rmf_ws/install/first_project/share/first_project/maps/icc_kyoto/models/icc_kyoto_L2/model.sdf
-- Up-to-date symlink: /home/maria/rmf_ws/install/first_project/share/first_project/maps/icc_kyoto/nav_graphs/.generated
-- Up-to-date symlink: /home/maria/rmf_ws/install/first_project/share/first_project/maps/icc_kyoto/nav_graphs/0.yaml
-- Up-to-date symlink: /home/maria/rmf_ws/install/first_project/share/first_project/maps/icc_kyoto/nav_graphs/1.yaml
-- Up-to-date symlink: /home/maria/rmf_ws/install/first_project/share/ament_index/resource_index/package_run_dependencies/first_project
-- Up-to-date symlink: /home/maria/rmf_ws/install/first_project/share/ament_index/resource_index/parent_prefix_path/first_project
-- Up-to-date symlink: /home/maria/rmf_ws/install/first_project/share/first_project/environment/ament_prefix_path.sh
-- Up-to-date symlink: /home/maria/rmf_ws/install/first_project/share/first_project/environment/ament_prefix_path.dsv
-- Up-to-date symlink: /home/maria/rmf_ws/install/first_project/share/first_project/environment/path.sh
-- Up-to-date symlink: /home/maria/rmf_ws/install/first_project/share/first_project/environment/path.dsv
-- Up-to-date symlink: /home/maria/rmf_ws/install/first_project/share/first_project/local_setup.bash
-- Up-to-date symlink: /home/maria/rmf_ws/install/first_project/share/first_project/local_setup.sh
-- Up-to-date symlink: /home/maria/rmf_ws/install/first_project/share/first_project/local_setup.zsh
-- Up-to-date symlink: /home/maria/rmf_ws/install/first_project/share/first_project/local_setup.dsv
-- Symlinking: /home/maria/rmf_ws/install/first_project/share/first_project/package.dsv
-- Up-to-date symlink: /home/maria/rmf_ws/install/first_project/share/ament_index/resource_index/packages/first_project
-- Up-to-date symlink: /home/maria/rmf_ws/install/first_project/share/first_project/cmake/first_projectConfig.cmake
-- Up-to-date symlink: /home/maria/rmf_ws/install/first_project/share/first_project/cmake/first_projectConfig-version.cmake
-- Up-to-date symlink: /home/maria/rmf_ws/install/first_project/share/first_project/package.xml
