[0.112s] Invoking command in '/home/maria/rmf_ws/build/project_assets': CMAKE_PREFIX_PATH=/rmf_demos_ws/install/rmf_workcell_msgs:/rmf_demos_ws/install/rmf_demos_gz:/rmf_demos_ws/install/rmf_demos:/rmf_demos_ws/install/rmf_reservation_node:/rmf_demos_ws/install/rmf_fleet_adapter_python:/rmf_demos_ws/install/rmf_fleet_adapter:/rmf_demos_ws/install/rmf_task_ros2:/rmf_demos_ws/install/rmf_websocket:/rmf_demos_ws/install/rmf_visualization:/rmf_demos_ws/install/rmf_visualization_schedule:/rmf_demos_ws/install/rmf_visualization_rviz2_plugins:/rmf_demos_ws/install/rmf_visualization_obstacles:/rmf_demos_ws/install/rmf_visualization_navgraphs:/rmf_demos_ws/install/rmf_visualization_floorplans:/rmf_demos_ws/install/rmf_visualization_fleet_states:/rmf_demos_ws/install/rmf_visualization_msgs:/rmf_demos_ws/install/rmf_traffic_ros2:/rmf_demos_ws/install/rmf_task_sequence:/rmf_demos_ws/install/rmf_task:/rmf_demos_ws/install/rmf_battery:/rmf_demos_ws/install/rmf_traffic:/rmf_demos_ws/install/rmf_utils:/rmf_demos_ws/install/rmf_traffic_msgs:/rmf_demos_ws/install/rmf_traffic_editor_test_maps:/rmf_demos_ws/install/rmf_traffic_editor_assets:/rmf_demos_ws/install/rmf_traffic_editor:/rmf_demos_ws/install/rmf_task_msgs:/rmf_demos_ws/install/rmf_site_map_msgs:/rmf_demos_ws/install/rmf_scheduler_msgs:/rmf_demos_ws/install/rmf_robot_sim_gz_plugins:/rmf_demos_ws/install/rmf_robot_sim_common:/rmf_demos_ws/install/rmf_reservation_msgs:/rmf_demos_ws/install/rmf_obstacle_msgs:/rmf_demos_ws/install/rmf_building_sim_gz_plugins:/rmf_demos_ws/install/rmf_lift_msgs:/rmf_demos_ws/install/rmf_ingestor_msgs:/rmf_demos_ws/install/rmf_fleet_msgs:/rmf_demos_ws/install/rmf_door_msgs:/rmf_demos_ws/install/rmf_dispenser_msgs:/rmf_demos_ws/install/rmf_demos_maps:/rmf_demos_ws/install/rmf_demos_assets:/rmf_demos_ws/install/rmf_charger_msgs:/rmf_demos_ws/install/rmf_building_map_msgs:/rmf_demos_ws/install/rmf_api_msgs:/rmf_demos_ws/install/nlohmann_json_schema_validator_vendor:/rmf_demos_ws/install/rmf_demos_fleet_adapter:/rmf_demos_ws/install/rmf_visualization_building_systems:/rmf_demos_ws/install/rmf_traffic_examples:/rmf_demos_ws/install/rmf_demos_bridges:/rmf_demos_ws/install/rmf_demos_tasks:/rmf_demos_ws/install/rmf_building_map_tools:/rmf_demos_ws/install/rmf_charging_schedule:/opt/ros/jazzy:/rmf_demos_ws/install/menge_vendor:/rmf_demos_ws/install/ament_cmake_catch2:/opt/ros/jazzy/opt/gz_sim_vendor:/opt/ros/jazzy/opt/gz_sensors_vendor:/opt/ros/jazzy/opt/gz_physics_vendor:/opt/ros/jazzy/opt/sdformat_vendor:/opt/ros/jazzy/opt/gz_gui_vendor:/opt/ros/jazzy/opt/gz_transport_vendor:/opt/ros/jazzy/opt/gz_rendering_vendor:/opt/ros/jazzy/opt/gz_plugin_vendor:/opt/ros/jazzy/opt/gz_fuel_tools_vendor:/opt/ros/jazzy/opt/gz_msgs_vendor:/opt/ros/jazzy/opt/gz_common_vendor:/opt/ros/jazzy/opt/gz_math_vendor:/opt/ros/jazzy/opt/gz_utils_vendor:/opt/ros/jazzy/opt/gz_tools_vendor:/opt/ros/jazzy/opt/gz_ogre_next_vendor:/opt/ros/jazzy/opt/gz_dartsim_vendor:/opt/ros/jazzy/opt/gz_cmake_vendor /usr/bin/cmake /home/maria/rmf_ws/src/project/project_assets -DAMENT_CMAKE_SYMLINK_INSTALL=1 -DCMAKE_INSTALL_PREFIX=/home/maria/rmf_ws/install/project_assets
[1.344s] -- The C compiler identification is GNU 13.3.0
[1.344s] -- The CXX compiler identification is GNU 13.3.0
[1.344s] -- Detecting C compiler ABI info
[1.344s] -- Detecting C compiler ABI info - done
[1.344s] -- Check for working C compiler: /usr/bin/cc - skipped
[1.344s] -- Detecting C compile features
[1.345s] -- Detecting C compile features - done
[1.345s] -- Detecting CXX compiler ABI info
[1.678s] -- Detecting CXX compiler ABI info - done
[1.717s] -- Check for working CXX compiler: /usr/bin/c++ - skipped
[1.722s] -- Detecting CXX compile features
[1.722s] -- Detecting CXX compile features - done
[1.774s] -- Found ament_cmake: 2.5.5 (/opt/ros/jazzy/share/ament_cmake/cmake)
[2.533s] -- Found Python3: /usr/bin/python3 (found version "3.12.3") found components: Interpreter 
[2.953s] -- Override CMake install command with custom implementation using symlinks instead of copying resources
[3.889s] -- Configuring done (3.7s)
[3.911s] -- Generating done (0.0s)
[3.919s] -- Build files have been written to: /home/maria/rmf_ws/build/project_assets
[3.937s] Invoked command in '/home/maria/rmf_ws/build/project_assets' returned '0': CMAKE_PREFIX_PATH=/rmf_demos_ws/install/rmf_workcell_msgs:/rmf_demos_ws/install/rmf_demos_gz:/rmf_demos_ws/install/rmf_demos:/rmf_demos_ws/install/rmf_reservation_node:/rmf_demos_ws/install/rmf_fleet_adapter_python:/rmf_demos_ws/install/rmf_fleet_adapter:/rmf_demos_ws/install/rmf_task_ros2:/rmf_demos_ws/install/rmf_websocket:/rmf_demos_ws/install/rmf_visualization:/rmf_demos_ws/install/rmf_visualization_schedule:/rmf_demos_ws/install/rmf_visualization_rviz2_plugins:/rmf_demos_ws/install/rmf_visualization_obstacles:/rmf_demos_ws/install/rmf_visualization_navgraphs:/rmf_demos_ws/install/rmf_visualization_floorplans:/rmf_demos_ws/install/rmf_visualization_fleet_states:/rmf_demos_ws/install/rmf_visualization_msgs:/rmf_demos_ws/install/rmf_traffic_ros2:/rmf_demos_ws/install/rmf_task_sequence:/rmf_demos_ws/install/rmf_task:/rmf_demos_ws/install/rmf_battery:/rmf_demos_ws/install/rmf_traffic:/rmf_demos_ws/install/rmf_utils:/rmf_demos_ws/install/rmf_traffic_msgs:/rmf_demos_ws/install/rmf_traffic_editor_test_maps:/rmf_demos_ws/install/rmf_traffic_editor_assets:/rmf_demos_ws/install/rmf_traffic_editor:/rmf_demos_ws/install/rmf_task_msgs:/rmf_demos_ws/install/rmf_site_map_msgs:/rmf_demos_ws/install/rmf_scheduler_msgs:/rmf_demos_ws/install/rmf_robot_sim_gz_plugins:/rmf_demos_ws/install/rmf_robot_sim_common:/rmf_demos_ws/install/rmf_reservation_msgs:/rmf_demos_ws/install/rmf_obstacle_msgs:/rmf_demos_ws/install/rmf_building_sim_gz_plugins:/rmf_demos_ws/install/rmf_lift_msgs:/rmf_demos_ws/install/rmf_ingestor_msgs:/rmf_demos_ws/install/rmf_fleet_msgs:/rmf_demos_ws/install/rmf_door_msgs:/rmf_demos_ws/install/rmf_dispenser_msgs:/rmf_demos_ws/install/rmf_demos_maps:/rmf_demos_ws/install/rmf_demos_assets:/rmf_demos_ws/install/rmf_charger_msgs:/rmf_demos_ws/install/rmf_building_map_msgs:/rmf_demos_ws/install/rmf_api_msgs:/rmf_demos_ws/install/nlohmann_json_schema_validator_vendor:/rmf_demos_ws/install/rmf_demos_fleet_adapter:/rmf_demos_ws/install/rmf_visualization_building_systems:/rmf_demos_ws/install/rmf_traffic_examples:/rmf_demos_ws/install/rmf_demos_bridges:/rmf_demos_ws/install/rmf_demos_tasks:/rmf_demos_ws/install/rmf_building_map_tools:/rmf_demos_ws/install/rmf_charging_schedule:/opt/ros/jazzy:/rmf_demos_ws/install/menge_vendor:/rmf_demos_ws/install/ament_cmake_catch2:/opt/ros/jazzy/opt/gz_sim_vendor:/opt/ros/jazzy/opt/gz_sensors_vendor:/opt/ros/jazzy/opt/gz_physics_vendor:/opt/ros/jazzy/opt/sdformat_vendor:/opt/ros/jazzy/opt/gz_gui_vendor:/opt/ros/jazzy/opt/gz_transport_vendor:/opt/ros/jazzy/opt/gz_rendering_vendor:/opt/ros/jazzy/opt/gz_plugin_vendor:/opt/ros/jazzy/opt/gz_fuel_tools_vendor:/opt/ros/jazzy/opt/gz_msgs_vendor:/opt/ros/jazzy/opt/gz_common_vendor:/opt/ros/jazzy/opt/gz_math_vendor:/opt/ros/jazzy/opt/gz_utils_vendor:/opt/ros/jazzy/opt/gz_tools_vendor:/opt/ros/jazzy/opt/gz_ogre_next_vendor:/opt/ros/jazzy/opt/gz_dartsim_vendor:/opt/ros/jazzy/opt/gz_cmake_vendor /usr/bin/cmake /home/maria/rmf_ws/src/project/project_assets -DAMENT_CMAKE_SYMLINK_INSTALL=1 -DCMAKE_INSTALL_PREFIX=/home/maria/rmf_ws/install/project_assets
[3.938s] Invoking command in '/home/maria/rmf_ws/build/project_assets': CMAKE_PREFIX_PATH=/rmf_demos_ws/install/rmf_workcell_msgs:/rmf_demos_ws/install/rmf_demos_gz:/rmf_demos_ws/install/rmf_demos:/rmf_demos_ws/install/rmf_reservation_node:/rmf_demos_ws/install/rmf_fleet_adapter_python:/rmf_demos_ws/install/rmf_fleet_adapter:/rmf_demos_ws/install/rmf_task_ros2:/rmf_demos_ws/install/rmf_websocket:/rmf_demos_ws/install/rmf_visualization:/rmf_demos_ws/install/rmf_visualization_schedule:/rmf_demos_ws/install/rmf_visualization_rviz2_plugins:/rmf_demos_ws/install/rmf_visualization_obstacles:/rmf_demos_ws/install/rmf_visualization_navgraphs:/rmf_demos_ws/install/rmf_visualization_floorplans:/rmf_demos_ws/install/rmf_visualization_fleet_states:/rmf_demos_ws/install/rmf_visualization_msgs:/rmf_demos_ws/install/rmf_traffic_ros2:/rmf_demos_ws/install/rmf_task_sequence:/rmf_demos_ws/install/rmf_task:/rmf_demos_ws/install/rmf_battery:/rmf_demos_ws/install/rmf_traffic:/rmf_demos_ws/install/rmf_utils:/rmf_demos_ws/install/rmf_traffic_msgs:/rmf_demos_ws/install/rmf_traffic_editor_test_maps:/rmf_demos_ws/install/rmf_traffic_editor_assets:/rmf_demos_ws/install/rmf_traffic_editor:/rmf_demos_ws/install/rmf_task_msgs:/rmf_demos_ws/install/rmf_site_map_msgs:/rmf_demos_ws/install/rmf_scheduler_msgs:/rmf_demos_ws/install/rmf_robot_sim_gz_plugins:/rmf_demos_ws/install/rmf_robot_sim_common:/rmf_demos_ws/install/rmf_reservation_msgs:/rmf_demos_ws/install/rmf_obstacle_msgs:/rmf_demos_ws/install/rmf_building_sim_gz_plugins:/rmf_demos_ws/install/rmf_lift_msgs:/rmf_demos_ws/install/rmf_ingestor_msgs:/rmf_demos_ws/install/rmf_fleet_msgs:/rmf_demos_ws/install/rmf_door_msgs:/rmf_demos_ws/install/rmf_dispenser_msgs:/rmf_demos_ws/install/rmf_demos_maps:/rmf_demos_ws/install/rmf_demos_assets:/rmf_demos_ws/install/rmf_charger_msgs:/rmf_demos_ws/install/rmf_building_map_msgs:/rmf_demos_ws/install/rmf_api_msgs:/rmf_demos_ws/install/nlohmann_json_schema_validator_vendor:/rmf_demos_ws/install/rmf_demos_fleet_adapter:/rmf_demos_ws/install/rmf_visualization_building_systems:/rmf_demos_ws/install/rmf_traffic_examples:/rmf_demos_ws/install/rmf_demos_bridges:/rmf_demos_ws/install/rmf_demos_tasks:/rmf_demos_ws/install/rmf_building_map_tools:/rmf_demos_ws/install/rmf_charging_schedule:/opt/ros/jazzy:/rmf_demos_ws/install/menge_vendor:/rmf_demos_ws/install/ament_cmake_catch2:/opt/ros/jazzy/opt/gz_sim_vendor:/opt/ros/jazzy/opt/gz_sensors_vendor:/opt/ros/jazzy/opt/gz_physics_vendor:/opt/ros/jazzy/opt/sdformat_vendor:/opt/ros/jazzy/opt/gz_gui_vendor:/opt/ros/jazzy/opt/gz_transport_vendor:/opt/ros/jazzy/opt/gz_rendering_vendor:/opt/ros/jazzy/opt/gz_plugin_vendor:/opt/ros/jazzy/opt/gz_fuel_tools_vendor:/opt/ros/jazzy/opt/gz_msgs_vendor:/opt/ros/jazzy/opt/gz_common_vendor:/opt/ros/jazzy/opt/gz_math_vendor:/opt/ros/jazzy/opt/gz_utils_vendor:/opt/ros/jazzy/opt/gz_tools_vendor:/opt/ros/jazzy/opt/gz_ogre_next_vendor:/opt/ros/jazzy/opt/gz_dartsim_vendor:/opt/ros/jazzy/opt/gz_cmake_vendor /usr/bin/cmake --build /home/maria/rmf_ws/build/project_assets -- -j8 -l8
[4.088s] Invoked command in '/home/maria/rmf_ws/build/project_assets' returned '0': CMAKE_PREFIX_PATH=/rmf_demos_ws/install/rmf_workcell_msgs:/rmf_demos_ws/install/rmf_demos_gz:/rmf_demos_ws/install/rmf_demos:/rmf_demos_ws/install/rmf_reservation_node:/rmf_demos_ws/install/rmf_fleet_adapter_python:/rmf_demos_ws/install/rmf_fleet_adapter:/rmf_demos_ws/install/rmf_task_ros2:/rmf_demos_ws/install/rmf_websocket:/rmf_demos_ws/install/rmf_visualization:/rmf_demos_ws/install/rmf_visualization_schedule:/rmf_demos_ws/install/rmf_visualization_rviz2_plugins:/rmf_demos_ws/install/rmf_visualization_obstacles:/rmf_demos_ws/install/rmf_visualization_navgraphs:/rmf_demos_ws/install/rmf_visualization_floorplans:/rmf_demos_ws/install/rmf_visualization_fleet_states:/rmf_demos_ws/install/rmf_visualization_msgs:/rmf_demos_ws/install/rmf_traffic_ros2:/rmf_demos_ws/install/rmf_task_sequence:/rmf_demos_ws/install/rmf_task:/rmf_demos_ws/install/rmf_battery:/rmf_demos_ws/install/rmf_traffic:/rmf_demos_ws/install/rmf_utils:/rmf_demos_ws/install/rmf_traffic_msgs:/rmf_demos_ws/install/rmf_traffic_editor_test_maps:/rmf_demos_ws/install/rmf_traffic_editor_assets:/rmf_demos_ws/install/rmf_traffic_editor:/rmf_demos_ws/install/rmf_task_msgs:/rmf_demos_ws/install/rmf_site_map_msgs:/rmf_demos_ws/install/rmf_scheduler_msgs:/rmf_demos_ws/install/rmf_robot_sim_gz_plugins:/rmf_demos_ws/install/rmf_robot_sim_common:/rmf_demos_ws/install/rmf_reservation_msgs:/rmf_demos_ws/install/rmf_obstacle_msgs:/rmf_demos_ws/install/rmf_building_sim_gz_plugins:/rmf_demos_ws/install/rmf_lift_msgs:/rmf_demos_ws/install/rmf_ingestor_msgs:/rmf_demos_ws/install/rmf_fleet_msgs:/rmf_demos_ws/install/rmf_door_msgs:/rmf_demos_ws/install/rmf_dispenser_msgs:/rmf_demos_ws/install/rmf_demos_maps:/rmf_demos_ws/install/rmf_demos_assets:/rmf_demos_ws/install/rmf_charger_msgs:/rmf_demos_ws/install/rmf_building_map_msgs:/rmf_demos_ws/install/rmf_api_msgs:/rmf_demos_ws/install/nlohmann_json_schema_validator_vendor:/rmf_demos_ws/install/rmf_demos_fleet_adapter:/rmf_demos_ws/install/rmf_visualization_building_systems:/rmf_demos_ws/install/rmf_traffic_examples:/rmf_demos_ws/install/rmf_demos_bridges:/rmf_demos_ws/install/rmf_demos_tasks:/rmf_demos_ws/install/rmf_building_map_tools:/rmf_demos_ws/install/rmf_charging_schedule:/opt/ros/jazzy:/rmf_demos_ws/install/menge_vendor:/rmf_demos_ws/install/ament_cmake_catch2:/opt/ros/jazzy/opt/gz_sim_vendor:/opt/ros/jazzy/opt/gz_sensors_vendor:/opt/ros/jazzy/opt/gz_physics_vendor:/opt/ros/jazzy/opt/sdformat_vendor:/opt/ros/jazzy/opt/gz_gui_vendor:/opt/ros/jazzy/opt/gz_transport_vendor:/opt/ros/jazzy/opt/gz_rendering_vendor:/opt/ros/jazzy/opt/gz_plugin_vendor:/opt/ros/jazzy/opt/gz_fuel_tools_vendor:/opt/ros/jazzy/opt/gz_msgs_vendor:/opt/ros/jazzy/opt/gz_common_vendor:/opt/ros/jazzy/opt/gz_math_vendor:/opt/ros/jazzy/opt/gz_utils_vendor:/opt/ros/jazzy/opt/gz_tools_vendor:/opt/ros/jazzy/opt/gz_ogre_next_vendor:/opt/ros/jazzy/opt/gz_dartsim_vendor:/opt/ros/jazzy/opt/gz_cmake_vendor /usr/bin/cmake --build /home/maria/rmf_ws/build/project_assets -- -j8 -l8
[4.089s] Invoking command in '/home/maria/rmf_ws/build/project_assets': CMAKE_PREFIX_PATH=/rmf_demos_ws/install/rmf_workcell_msgs:/rmf_demos_ws/install/rmf_demos_gz:/rmf_demos_ws/install/rmf_demos:/rmf_demos_ws/install/rmf_reservation_node:/rmf_demos_ws/install/rmf_fleet_adapter_python:/rmf_demos_ws/install/rmf_fleet_adapter:/rmf_demos_ws/install/rmf_task_ros2:/rmf_demos_ws/install/rmf_websocket:/rmf_demos_ws/install/rmf_visualization:/rmf_demos_ws/install/rmf_visualization_schedule:/rmf_demos_ws/install/rmf_visualization_rviz2_plugins:/rmf_demos_ws/install/rmf_visualization_obstacles:/rmf_demos_ws/install/rmf_visualization_navgraphs:/rmf_demos_ws/install/rmf_visualization_floorplans:/rmf_demos_ws/install/rmf_visualization_fleet_states:/rmf_demos_ws/install/rmf_visualization_msgs:/rmf_demos_ws/install/rmf_traffic_ros2:/rmf_demos_ws/install/rmf_task_sequence:/rmf_demos_ws/install/rmf_task:/rmf_demos_ws/install/rmf_battery:/rmf_demos_ws/install/rmf_traffic:/rmf_demos_ws/install/rmf_utils:/rmf_demos_ws/install/rmf_traffic_msgs:/rmf_demos_ws/install/rmf_traffic_editor_test_maps:/rmf_demos_ws/install/rmf_traffic_editor_assets:/rmf_demos_ws/install/rmf_traffic_editor:/rmf_demos_ws/install/rmf_task_msgs:/rmf_demos_ws/install/rmf_site_map_msgs:/rmf_demos_ws/install/rmf_scheduler_msgs:/rmf_demos_ws/install/rmf_robot_sim_gz_plugins:/rmf_demos_ws/install/rmf_robot_sim_common:/rmf_demos_ws/install/rmf_reservation_msgs:/rmf_demos_ws/install/rmf_obstacle_msgs:/rmf_demos_ws/install/rmf_building_sim_gz_plugins:/rmf_demos_ws/install/rmf_lift_msgs:/rmf_demos_ws/install/rmf_ingestor_msgs:/rmf_demos_ws/install/rmf_fleet_msgs:/rmf_demos_ws/install/rmf_door_msgs:/rmf_demos_ws/install/rmf_dispenser_msgs:/rmf_demos_ws/install/rmf_demos_maps:/rmf_demos_ws/install/rmf_demos_assets:/rmf_demos_ws/install/rmf_charger_msgs:/rmf_demos_ws/install/rmf_building_map_msgs:/rmf_demos_ws/install/rmf_api_msgs:/rmf_demos_ws/install/nlohmann_json_schema_validator_vendor:/rmf_demos_ws/install/rmf_demos_fleet_adapter:/rmf_demos_ws/install/rmf_visualization_building_systems:/rmf_demos_ws/install/rmf_traffic_examples:/rmf_demos_ws/install/rmf_demos_bridges:/rmf_demos_ws/install/rmf_demos_tasks:/rmf_demos_ws/install/rmf_building_map_tools:/rmf_demos_ws/install/rmf_charging_schedule:/opt/ros/jazzy:/rmf_demos_ws/install/menge_vendor:/rmf_demos_ws/install/ament_cmake_catch2:/opt/ros/jazzy/opt/gz_sim_vendor:/opt/ros/jazzy/opt/gz_sensors_vendor:/opt/ros/jazzy/opt/gz_physics_vendor:/opt/ros/jazzy/opt/sdformat_vendor:/opt/ros/jazzy/opt/gz_gui_vendor:/opt/ros/jazzy/opt/gz_transport_vendor:/opt/ros/jazzy/opt/gz_rendering_vendor:/opt/ros/jazzy/opt/gz_plugin_vendor:/opt/ros/jazzy/opt/gz_fuel_tools_vendor:/opt/ros/jazzy/opt/gz_msgs_vendor:/opt/ros/jazzy/opt/gz_common_vendor:/opt/ros/jazzy/opt/gz_math_vendor:/opt/ros/jazzy/opt/gz_utils_vendor:/opt/ros/jazzy/opt/gz_tools_vendor:/opt/ros/jazzy/opt/gz_ogre_next_vendor:/opt/ros/jazzy/opt/gz_dartsim_vendor:/opt/ros/jazzy/opt/gz_cmake_vendor /usr/bin/cmake --install /home/maria/rmf_ws/build/project_assets
[15.241s] -- Install configuration: ""
[15.241s] -- Execute custom install script
[15.241s] -- Symlinking: /home/maria/rmf_ws/install/project_assets/share/project_assets/environment/project_assets.dsv
[15.241s] -- Symlinking: /home/maria/rmf_ws/install/project_assets/share/project_assets/models/Caddy/materials/scripts/polaris.material
[15.241s] -- Symlinking: /home/maria/rmf_ws/install/project_assets/share/project_assets/models/Caddy/materials/textures/FNR_switch_F.png
[15.241s] -- Symlinking: /home/maria/rmf_ws/install/project_assets/share/project_assets/models/Caddy/materials/textures/FNR_switch_R.png
[15.241s] -- Symlinking: /home/maria/rmf_ws/install/project_assets/share/project_assets/models/Caddy/materials/textures/Ranger_Diffuse.png
[15.242s] -- Symlinking: /home/maria/rmf_ws/install/project_assets/share/project_assets/models/Caddy/materials/textures/Ranger_Spec.png
[15.242s] -- Symlinking: /home/maria/rmf_ws/install/project_assets/share/project_assets/models/Caddy/meshes/polaris.dae
[15.242s] -- Symlinking: /home/maria/rmf_ws/install/project_assets/share/project_assets/models/Caddy/model-1_3.sdf
[15.242s] -- Symlinking: /home/maria/rmf_ws/install/project_assets/share/project_assets/models/Caddy/model-1_4.sdf
[15.242s] -- Symlinking: /home/maria/rmf_ws/install/project_assets/share/project_assets/models/Caddy/model.config
[15.242s] -- Symlinking: /home/maria/rmf_ws/install/project_assets/share/project_assets/models/Caddy/model.sdf
[15.242s] -- Symlinking: /home/maria/rmf_ws/install/project_assets/share/project_assets/models/CleanerBotA/meshes/CleanerBotA.mtl
[15.242s] -- Symlinking: /home/maria/rmf_ws/install/project_assets/share/project_assets/models/CleanerBotA/meshes/CleanerBotA.obj
[15.242s] -- Symlinking: /home/maria/rmf_ws/install/project_assets/share/project_assets/models/CleanerBotA/meshes/CleanerBotA_Diffuse.png
[15.242s] -- Symlinking: /home/maria/rmf_ws/install/project_assets/share/project_assets/models/CleanerBotA/meshes/CleanerBotA_WheelBack.mtl
[15.242s] -- Symlinking: /home/maria/rmf_ws/install/project_assets/share/project_assets/models/CleanerBotA/meshes/CleanerBotA_WheelBack.obj
[15.243s] -- Symlinking: /home/maria/rmf_ws/install/project_assets/share/project_assets/models/CleanerBotA/meshes/CleanerBotA_WheelFront.mtl
[15.243s] -- Symlinking: /home/maria/rmf_ws/install/project_assets/share/project_assets/models/CleanerBotA/meshes/CleanerBotA_WheelFront.obj
[15.243s] -- Symlinking: /home/maria/rmf_ws/install/project_assets/share/project_assets/models/CleanerBotA/model.config
[15.243s] -- Symlinking: /home/maria/rmf_ws/install/project_assets/share/project_assets/models/CleanerBotA/model.sdf
[15.243s] -- Symlinking: /home/maria/rmf_ws/install/project_assets/share/project_assets/models/CleanerBotE/meshes/CleanerBotE.mtl
[15.243s] -- Symlinking: /home/maria/rmf_ws/install/project_assets/share/project_assets/models/CleanerBotE/meshes/CleanerBotE.obj
[15.243s] -- Symlinking: /home/maria/rmf_ws/install/project_assets/share/project_assets/models/CleanerBotE/meshes/CleanerBotE_Col.mtl
[15.243s] -- Symlinking: /home/maria/rmf_ws/install/project_assets/share/project_assets/models/CleanerBotE/meshes/CleanerBotE_Col.obj
[15.243s] -- Symlinking: /home/maria/rmf_ws/install/project_assets/share/project_assets/models/CleanerBotE/meshes/CleanerBotE_Diffuse.png
[15.243s] -- Symlinking: /home/maria/rmf_ws/install/project_assets/share/project_assets/models/CleanerBotE/meshes/CleanerBotE_Wheel.mtl
[15.244s] -- Symlinking: /home/maria/rmf_ws/install/project_assets/share/project_assets/models/CleanerBotE/meshes/CleanerBotE_Wheel.obj
[15.244s] -- Symlinking: /home/maria/rmf_ws/install/project_assets/share/project_assets/models/CleanerBotE/model.config
[15.244s] -- Symlinking: /home/maria/rmf_ws/install/project_assets/share/project_assets/models/CleanerBotE/model.sdf
[15.244s] -- Symlinking: /home/maria/rmf_ws/install/project_assets/share/project_assets/models/DeliveryRobot/meshes/DeliveryRobot_Diffuse.png
[15.244s] -- Symlinking: /home/maria/rmf_ws/install/project_assets/share/project_assets/models/DeliveryRobot/meshes/WheelMain.mtl
[15.244s] -- Symlinking: /home/maria/rmf_ws/install/project_assets/share/project_assets/models/DeliveryRobot/meshes/WheelMain.obj
[15.244s] -- Symlinking: /home/maria/rmf_ws/install/project_assets/share/project_assets/models/DeliveryRobot/meshes/WheelSide.mtl
[15.244s] -- Symlinking: /home/maria/rmf_ws/install/project_assets/share/project_assets/models/DeliveryRobot/meshes/WheelSide.obj
[15.244s] -- Symlinking: /home/maria/rmf_ws/install/project_assets/share/project_assets/models/DeliveryRobot/meshes/body.mtl
[15.244s] -- Symlinking: /home/maria/rmf_ws/install/project_assets/share/project_assets/models/DeliveryRobot/meshes/body.obj
[15.244s] -- Symlinking: /home/maria/rmf_ws/install/project_assets/share/project_assets/models/DeliveryRobot/model.config
[15.245s] -- Symlinking: /home/maria/rmf_ws/install/project_assets/share/project_assets/models/DeliveryRobot/model.sdf
[15.245s] -- Symlinking: /home/maria/rmf_ws/install/project_assets/share/project_assets/models/HospitalRobot/meshes/FatWheel.mtl
[15.245s] -- Symlinking: /home/maria/rmf_ws/install/project_assets/share/project_assets/models/HospitalRobot/meshes/FatWheel.obj
[15.245s] -- Symlinking: /home/maria/rmf_ws/install/project_assets/share/project_assets/models/HospitalRobot/meshes/HospitalRobot.mtl
[15.245s] -- Symlinking: /home/maria/rmf_ws/install/project_assets/share/project_assets/models/HospitalRobot/meshes/HospitalRobot.obj
[15.245s] -- Symlinking: /home/maria/rmf_ws/install/project_assets/share/project_assets/models/HospitalRobot/meshes/HospitalRobot_Diffuse.png
[15.245s] -- Symlinking: /home/maria/rmf_ws/install/project_assets/share/project_assets/models/HospitalRobot/meshes/SmallWheel.mtl
[15.245s] -- Symlinking: /home/maria/rmf_ws/install/project_assets/share/project_assets/models/HospitalRobot/meshes/SmallWheel.obj
[15.245s] -- Symlinking: /home/maria/rmf_ws/install/project_assets/share/project_assets/models/HospitalRobot/model.config
[15.245s] -- Symlinking: /home/maria/rmf_ws/install/project_assets/share/project_assets/models/HospitalRobot/model.sdf
[15.245s] -- Symlinking: /home/maria/rmf_ws/install/project_assets/share/project_assets/models/HospitalRobot/thumbnails/1.png
[15.245s] -- Symlinking: /home/maria/rmf_ws/install/project_assets/share/project_assets/models/HospitalRobot/thumbnails/2.png
[15.245s] -- Symlinking: /home/maria/rmf_ws/install/project_assets/share/project_assets/models/HospitalRobot/thumbnails/3.png
[15.245s] -- Symlinking: /home/maria/rmf_ws/install/project_assets/share/project_assets/models/HospitalRobot/thumbnails/4.png
[15.246s] -- Symlinking: /home/maria/rmf_ws/install/project_assets/share/project_assets/models/HospitalRobot/thumbnails/5.png
[15.246s] -- Symlinking: /home/maria/rmf_ws/install/project_assets/share/project_assets/models/RobotPlaceholder/model.config
[15.246s] -- Symlinking: /home/maria/rmf_ws/install/project_assets/share/project_assets/models/RobotPlaceholder/model.sdf
[15.246s] -- Symlinking: /home/maria/rmf_ws/install/project_assets/share/project_assets/models/Sofa/meshes/Sofa.mtl
[15.246s] -- Symlinking: /home/maria/rmf_ws/install/project_assets/share/project_assets/models/Sofa/meshes/Sofa.obj
[15.246s] -- Symlinking: /home/maria/rmf_ws/install/project_assets/share/project_assets/models/Sofa/meshes/SofaDiffuse.png
[15.246s] -- Symlinking: /home/maria/rmf_ws/install/project_assets/share/project_assets/models/Sofa/model.config
[15.246s] -- Symlinking: /home/maria/rmf_ws/install/project_assets/share/project_assets/models/Sofa/model.sdf
[15.246s] -- Symlinking: /home/maria/rmf_ws/install/project_assets/share/project_assets/models/Sofa/thumbnails/1.png
[15.246s] -- Symlinking: /home/maria/rmf_ws/install/project_assets/share/project_assets/models/Sofa/thumbnails/2.png
[15.248s] -- Symlinking: /home/maria/rmf_ws/install/project_assets/share/project_assets/models/Sofa/thumbnails/3.png
[15.248s] -- Symlinking: /home/maria/rmf_ws/install/project_assets/share/project_assets/models/Sofa/thumbnails/4.png
[15.248s] -- Symlinking: /home/maria/rmf_ws/install/project_assets/share/project_assets/models/Sofa/thumbnails/5.png
[15.248s] -- Symlinking: /home/maria/rmf_ws/install/project_assets/share/project_assets/models/TeleportDispenser/model.config
[15.248s] -- Symlinking: /home/maria/rmf_ws/install/project_assets/share/project_assets/models/TeleportDispenser/model.sdf
[15.248s] -- Symlinking: /home/maria/rmf_ws/install/project_assets/share/project_assets/models/TeleportIngestor/model.config
[15.248s] -- Symlinking: /home/maria/rmf_ws/install/project_assets/share/project_assets/models/TeleportIngestor/model.sdf
[15.248s] -- Symlinking: /home/maria/rmf_ws/install/project_assets/share/project_assets/models/TinyRobot/meshes/caster_wheel.dae
[15.248s] -- Symlinking: /home/maria/rmf_ws/install/project_assets/share/project_assets/models/TinyRobot/meshes/front_wheel.dae
[15.249s] -- Symlinking: /home/maria/rmf_ws/install/project_assets/share/project_assets/models/TinyRobot/meshes/sensors/raspi_camera.dae
[15.249s] -- Symlinking: /home/maria/rmf_ws/install/project_assets/share/project_assets/models/TinyRobot/meshes/sensors/sonar_hc-sr04.dae
[15.249s] -- Symlinking: /home/maria/rmf_ws/install/project_assets/share/project_assets/models/TinyRobot/meshes/tinyRobot_body.dae
[15.249s] -- Symlinking: /home/maria/rmf_ws/install/project_assets/share/project_assets/models/TinyRobot/model.config
[15.249s] -- Symlinking: /home/maria/rmf_ws/install/project_assets/share/project_assets/models/TinyRobot/model.sdf
[15.249s] -- Symlinking: /home/maria/rmf_ws/install/project_assets/share/ament_index/resource_index/package_run_dependencies/project_assets
[15.249s] -- Symlinking: /home/maria/rmf_ws/install/project_assets/share/ament_index/resource_index/parent_prefix_path/project_assets
[15.249s] -- Symlinking: /home/maria/rmf_ws/install/project_assets/share/project_assets/environment/ament_prefix_path.sh
[15.250s] -- Symlinking: /home/maria/rmf_ws/install/project_assets/share/project_assets/environment/ament_prefix_path.dsv
[15.250s] -- Symlinking: /home/maria/rmf_ws/install/project_assets/share/project_assets/environment/path.sh
[15.250s] -- Symlinking: /home/maria/rmf_ws/install/project_assets/share/project_assets/environment/path.dsv
[15.250s] -- Symlinking: /home/maria/rmf_ws/install/project_assets/share/project_assets/local_setup.bash
[15.250s] -- Symlinking: /home/maria/rmf_ws/install/project_assets/share/project_assets/local_setup.sh
[15.250s] -- Symlinking: /home/maria/rmf_ws/install/project_assets/share/project_assets/local_setup.zsh
[15.250s] -- Symlinking: /home/maria/rmf_ws/install/project_assets/share/project_assets/local_setup.dsv
[15.250s] -- Symlinking: /home/maria/rmf_ws/install/project_assets/share/project_assets/package.dsv
[15.250s] -- Symlinking: /home/maria/rmf_ws/install/project_assets/share/ament_index/resource_index/packages/project_assets
[15.251s] -- Symlinking: /home/maria/rmf_ws/install/project_assets/share/project_assets/cmake/project_assetsConfig.cmake
[15.251s] -- Symlinking: /home/maria/rmf_ws/install/project_assets/share/project_assets/cmake/project_assetsConfig-version.cmake
[15.251s] -- Symlinking: /home/maria/rmf_ws/install/project_assets/share/project_assets/package.xml
[15.262s] Invoked command in '/home/maria/rmf_ws/build/project_assets' returned '0': CMAKE_PREFIX_PATH=/rmf_demos_ws/install/rmf_workcell_msgs:/rmf_demos_ws/install/rmf_demos_gz:/rmf_demos_ws/install/rmf_demos:/rmf_demos_ws/install/rmf_reservation_node:/rmf_demos_ws/install/rmf_fleet_adapter_python:/rmf_demos_ws/install/rmf_fleet_adapter:/rmf_demos_ws/install/rmf_task_ros2:/rmf_demos_ws/install/rmf_websocket:/rmf_demos_ws/install/rmf_visualization:/rmf_demos_ws/install/rmf_visualization_schedule:/rmf_demos_ws/install/rmf_visualization_rviz2_plugins:/rmf_demos_ws/install/rmf_visualization_obstacles:/rmf_demos_ws/install/rmf_visualization_navgraphs:/rmf_demos_ws/install/rmf_visualization_floorplans:/rmf_demos_ws/install/rmf_visualization_fleet_states:/rmf_demos_ws/install/rmf_visualization_msgs:/rmf_demos_ws/install/rmf_traffic_ros2:/rmf_demos_ws/install/rmf_task_sequence:/rmf_demos_ws/install/rmf_task:/rmf_demos_ws/install/rmf_battery:/rmf_demos_ws/install/rmf_traffic:/rmf_demos_ws/install/rmf_utils:/rmf_demos_ws/install/rmf_traffic_msgs:/rmf_demos_ws/install/rmf_traffic_editor_test_maps:/rmf_demos_ws/install/rmf_traffic_editor_assets:/rmf_demos_ws/install/rmf_traffic_editor:/rmf_demos_ws/install/rmf_task_msgs:/rmf_demos_ws/install/rmf_site_map_msgs:/rmf_demos_ws/install/rmf_scheduler_msgs:/rmf_demos_ws/install/rmf_robot_sim_gz_plugins:/rmf_demos_ws/install/rmf_robot_sim_common:/rmf_demos_ws/install/rmf_reservation_msgs:/rmf_demos_ws/install/rmf_obstacle_msgs:/rmf_demos_ws/install/rmf_building_sim_gz_plugins:/rmf_demos_ws/install/rmf_lift_msgs:/rmf_demos_ws/install/rmf_ingestor_msgs:/rmf_demos_ws/install/rmf_fleet_msgs:/rmf_demos_ws/install/rmf_door_msgs:/rmf_demos_ws/install/rmf_dispenser_msgs:/rmf_demos_ws/install/rmf_demos_maps:/rmf_demos_ws/install/rmf_demos_assets:/rmf_demos_ws/install/rmf_charger_msgs:/rmf_demos_ws/install/rmf_building_map_msgs:/rmf_demos_ws/install/rmf_api_msgs:/rmf_demos_ws/install/nlohmann_json_schema_validator_vendor:/rmf_demos_ws/install/rmf_demos_fleet_adapter:/rmf_demos_ws/install/rmf_visualization_building_systems:/rmf_demos_ws/install/rmf_traffic_examples:/rmf_demos_ws/install/rmf_demos_bridges:/rmf_demos_ws/install/rmf_demos_tasks:/rmf_demos_ws/install/rmf_building_map_tools:/rmf_demos_ws/install/rmf_charging_schedule:/opt/ros/jazzy:/rmf_demos_ws/install/menge_vendor:/rmf_demos_ws/install/ament_cmake_catch2:/opt/ros/jazzy/opt/gz_sim_vendor:/opt/ros/jazzy/opt/gz_sensors_vendor:/opt/ros/jazzy/opt/gz_physics_vendor:/opt/ros/jazzy/opt/sdformat_vendor:/opt/ros/jazzy/opt/gz_gui_vendor:/opt/ros/jazzy/opt/gz_transport_vendor:/opt/ros/jazzy/opt/gz_rendering_vendor:/opt/ros/jazzy/opt/gz_plugin_vendor:/opt/ros/jazzy/opt/gz_fuel_tools_vendor:/opt/ros/jazzy/opt/gz_msgs_vendor:/opt/ros/jazzy/opt/gz_common_vendor:/opt/ros/jazzy/opt/gz_math_vendor:/opt/ros/jazzy/opt/gz_utils_vendor:/opt/ros/jazzy/opt/gz_tools_vendor:/opt/ros/jazzy/opt/gz_ogre_next_vendor:/opt/ros/jazzy/opt/gz_dartsim_vendor:/opt/ros/jazzy/opt/gz_cmake_vendor /usr/bin/cmake --install /home/maria/rmf_ws/build/project_assets
