[0.013s] Invoking command in '/home/maria/rmf_ws/build/rmf_robot_sim_gz_plugins': CMAKE_PREFIX_PATH=/home/maria/rmf_ws/install/rmf_robot_sim_common:/home/maria/rmf_ws/install/rmf_building_sim_gz_plugins:/home/maria/rmf_ws/install/project_config:/home/maria/rmf_ws/install/rmf_visualization:/home/maria/rmf_ws/install/rmf_visualization_schedule:/home/maria/rmf_ws/install/rmf_visualization_rviz2_plugins:/home/maria/rmf_ws/install/rmf_visualization_obstacles:/home/maria/rmf_ws/install/rmf_visualization_navgraphs:/home/maria/rmf_ws/install/rmf_visualization_floorplans:/home/maria/rmf_ws/install/rmf_visualization_fleet_states:/home/maria/rmf_ws/install/rmf_robot_sim_gz_plugins:/home/maria/rmf_ws/install/project_simulation:/home/maria/rmf_ws/install/project_maps:/home/maria/rmf_ws/install/project_assets:/rmf_demos_ws/install/rmf_workcell_msgs:/rmf_demos_ws/install/rmf_demos_gz:/rmf_demos_ws/install/rmf_demos:/rmf_demos_ws/install/rmf_reservation_node:/rmf_demos_ws/install/rmf_fleet_adapter_python:/rmf_demos_ws/install/rmf_fleet_adapter:/rmf_demos_ws/install/rmf_task_ros2:/rmf_demos_ws/install/rmf_websocket:/rmf_demos_ws/install/rmf_visualization:/rmf_demos_ws/install/rmf_visualization_schedule:/rmf_demos_ws/install/rmf_visualization_rviz2_plugins:/rmf_demos_ws/install/rmf_visualization_obstacles:/rmf_demos_ws/install/rmf_visualization_navgraphs:/rmf_demos_ws/install/rmf_visualization_floorplans:/rmf_demos_ws/install/rmf_visualization_fleet_states:/rmf_demos_ws/install/rmf_visualization_msgs:/rmf_demos_ws/install/rmf_traffic_ros2:/rmf_demos_ws/install/rmf_task_sequence:/rmf_demos_ws/install/rmf_task:/rmf_demos_ws/install/rmf_battery:/rmf_demos_ws/install/rmf_traffic:/rmf_demos_ws/install/rmf_utils:/rmf_demos_ws/install/rmf_traffic_msgs:/rmf_demos_ws/install/rmf_traffic_editor_test_maps:/rmf_demos_ws/install/rmf_traffic_editor_assets:/rmf_demos_ws/install/rmf_traffic_editor:/rmf_demos_ws/install/rmf_task_msgs:/rmf_demos_ws/install/rmf_site_map_msgs:/rmf_demos_ws/install/rmf_scheduler_msgs:/rmf_demos_ws/install/rmf_robot_sim_gz_plugins:/rmf_demos_ws/install/rmf_robot_sim_common:/rmf_demos_ws/install/rmf_reservation_msgs:/rmf_demos_ws/install/rmf_obstacle_msgs:/rmf_demos_ws/install/rmf_building_sim_gz_plugins:/rmf_demos_ws/install/rmf_lift_msgs:/rmf_demos_ws/install/rmf_ingestor_msgs:/rmf_demos_ws/install/rmf_fleet_msgs:/rmf_demos_ws/install/rmf_door_msgs:/rmf_demos_ws/install/rmf_dispenser_msgs:/rmf_demos_ws/install/rmf_demos_maps:/rmf_demos_ws/install/rmf_demos_assets:/rmf_demos_ws/install/rmf_charger_msgs:/rmf_demos_ws/install/rmf_building_map_msgs:/rmf_demos_ws/install/rmf_api_msgs:/rmf_demos_ws/install/nlohmann_json_schema_validator_vendor:/home/maria/rmf_ws/install/rmf_visualization_building_systems:/home/maria/rmf_ws/install/project_tasks:/home/maria/rmf_ws/install/project_fleet_adapter:/rmf_demos_ws/install/rmf_demos_fleet_adapter:/rmf_demos_ws/install/rmf_visualization_building_systems:/rmf_demos_ws/install/rmf_traffic_examples:/rmf_demos_ws/install/rmf_demos_bridges:/rmf_demos_ws/install/rmf_demos_tasks:/rmf_demos_ws/install/rmf_building_map_tools:/rmf_demos_ws/install/rmf_charging_schedule:/opt/ros/jazzy:/rmf_demos_ws/install/menge_vendor:/rmf_demos_ws/install/ament_cmake_catch2:/opt/ros/jazzy/opt/gz_sim_vendor:/opt/ros/jazzy/opt/gz_sensors_vendor:/opt/ros/jazzy/opt/gz_physics_vendor:/opt/ros/jazzy/opt/sdformat_vendor:/opt/ros/jazzy/opt/gz_gui_vendor:/opt/ros/jazzy/opt/gz_transport_vendor:/opt/ros/jazzy/opt/gz_rendering_vendor:/opt/ros/jazzy/opt/gz_plugin_vendor:/opt/ros/jazzy/opt/gz_fuel_tools_vendor:/opt/ros/jazzy/opt/gz_msgs_vendor:/opt/ros/jazzy/opt/gz_common_vendor:/opt/ros/jazzy/opt/gz_math_vendor:/opt/ros/jazzy/opt/gz_utils_vendor:/opt/ros/jazzy/opt/gz_tools_vendor:/opt/ros/jazzy/opt/gz_ogre_next_vendor:/opt/ros/jazzy/opt/gz_dartsim_vendor:/opt/ros/jazzy/opt/gz_cmake_vendor LD_LIBRARY_PATH=/home/maria/rmf_ws/install/rmf_robot_sim_common/lib:/home/maria/rmf_ws/install/rmf_visualization_schedule/lib:/home/maria/rmf_ws/install/rmf_visualization_rviz2_plugins/lib:/home/maria/rmf_ws/install/rmf_visualization_obstacles/lib:/home/maria/rmf_ws/install/rmf_visualization_navgraphs/lib:/home/maria/rmf_ws/install/rmf_visualization_floorplans/lib:/home/maria/rmf_ws/install/rmf_visualization_fleet_states/lib:/rmf_demos_ws/install/rmf_workcell_msgs/lib:/rmf_demos_ws/install/rmf_fleet_adapter/lib:/rmf_demos_ws/install/rmf_task_ros2/lib:/rmf_demos_ws/install/rmf_websocket/lib:/rmf_demos_ws/install/rmf_visualization_schedule/lib:/rmf_demos_ws/install/rmf_visualization_rviz2_plugins/lib:/rmf_demos_ws/install/rmf_visualization_obstacles/lib:/rmf_demos_ws/install/rmf_visualization_navgraphs/lib:/rmf_demos_ws/install/rmf_visualization_floorplans/lib:/rmf_demos_ws/install/rmf_visualization_fleet_states/lib:/rmf_demos_ws/install/rmf_visualization_msgs/lib:/rmf_demos_ws/install/rmf_traffic_ros2/lib:/rmf_demos_ws/install/rmf_task_sequence/lib:/rmf_demos_ws/install/rmf_task/lib:/rmf_demos_ws/install/rmf_battery/lib:/rmf_demos_ws/install/rmf_traffic/lib:/rmf_demos_ws/install/rmf_utils/lib:/rmf_demos_ws/install/rmf_traffic_msgs/lib:/rmf_demos_ws/install/rmf_task_msgs/lib:/rmf_demos_ws/install/rmf_site_map_msgs/lib:/rmf_demos_ws/install/rmf_scheduler_msgs/lib:/rmf_demos_ws/install/rmf_robot_sim_common/lib:/rmf_demos_ws/install/rmf_reservation_msgs/lib:/rmf_demos_ws/install/rmf_obstacle_msgs/lib:/rmf_demos_ws/install/rmf_lift_msgs/lib:/rmf_demos_ws/install/rmf_ingestor_msgs/lib:/rmf_demos_ws/install/rmf_fleet_msgs/lib:/rmf_demos_ws/install/rmf_door_msgs/lib:/rmf_demos_ws/install/rmf_dispenser_msgs/lib:/rmf_demos_ws/install/rmf_charger_msgs/lib:/rmf_demos_ws/install/rmf_building_map_msgs/lib:/rmf_demos_ws/install/nlohmann_json_schema_validator_vendor/lib:/rmf_demos_ws/install/menge_vendor/lib:/opt/ros/jazzy/opt/zenoh_cpp_vendor/lib:/opt/ros/jazzy/opt/gz_sim_vendor/lib:/opt/ros/jazzy/opt/gz_sensors_vendor/lib:/opt/ros/jazzy/opt/gz_physics_vendor/lib:/opt/ros/jazzy/opt/sdformat_vendor/lib:/opt/ros/jazzy/opt/rviz_ogre_vendor/lib:/opt/ros/jazzy/lib/x86_64-linux-gnu:/opt/ros/jazzy/opt/gz_gui_vendor/lib:/opt/ros/jazzy/opt/gz_transport_vendor/lib:/opt/ros/jazzy/opt/gz_rendering_vendor/lib:/opt/ros/jazzy/opt/gz_plugin_vendor/lib:/opt/ros/jazzy/opt/gz_fuel_tools_vendor/lib:/opt/ros/jazzy/opt/gz_msgs_vendor/lib:/opt/ros/jazzy/opt/gz_common_vendor/lib:/opt/ros/jazzy/opt/gz_math_vendor/lib:/opt/ros/jazzy/opt/gz_utils_vendor/lib:/opt/ros/jazzy/opt/gz_tools_vendor/lib:/opt/ros/jazzy/opt/gz_ogre_next_vendor/lib:/opt/ros/jazzy/opt/gz_dartsim_vendor/lib:/opt/ros/jazzy/opt/gz_cmake_vendor/lib:/opt/ros/jazzy/lib /usr/bin/cmake /home/maria/rmf_ws/src/rmf_simulation/rmf_robot_sim_gz_plugins -DCMAKE_INSTALL_PREFIX=/home/maria/rmf_ws/install/rmf_robot_sim_gz_plugins
[0.062s] -- The C compiler identification is GNU 13.3.0
[0.111s] -- The CXX compiler identification is GNU 13.3.0
[0.124s] -- Detecting C compiler ABI info
[0.208s] -- Detecting C compiler ABI info - done
[0.219s] -- Check for working C compiler: /usr/bin/cc - skipped
[0.220s] -- Detecting C compile features
[0.220s] -- Detecting C compile features - done
[0.230s] -- Detecting CXX compiler ABI info
[0.343s] -- Detecting CXX compiler ABI info - done
[0.349s] -- Check for working CXX compiler: /usr/bin/c++ - skipped
[0.350s] -- Detecting CXX compile features
[0.350s] -- Detecting CXX compile features - done
[0.357s] -- Found ament_cmake: 2.5.5 (/opt/ros/jazzy/share/ament_cmake/cmake)
[0.505s] -- Found Python3: /usr/bin/python3 (found version "3.12.3") found components: Interpreter 
[0.645s] -- Found rclcpp: 28.1.16 (/opt/ros/jazzy/share/rclcpp/cmake)
[0.711s] -- Found rosidl_generator_c: 4.6.7 (/opt/ros/jazzy/share/rosidl_generator_c/cmake)
[0.733s] -- Found rosidl_generator_cpp: 4.6.7 (/opt/ros/jazzy/share/rosidl_generator_cpp/cmake)
[0.759s] -- Using all available rosidl_typesupport_c: rosidl_typesupport_fastrtps_c;rosidl_typesupport_introspection_c
[0.787s] -- Using all available rosidl_typesupport_cpp: rosidl_typesupport_fastrtps_cpp;rosidl_typesupport_introspection_cpp
[0.887s] -- Found rmw_implementation_cmake: 7.3.3 (/opt/ros/jazzy/share/rmw_implementation_cmake/cmake)
[0.895s] -- Found rmw_fastrtps_cpp: 8.4.3 (/opt/ros/jazzy/share/rmw_fastrtps_cpp/cmake)
[1.000s] -- Found OpenSSL: /usr/lib/x86_64-linux-gnu/libcrypto.so (found version "3.0.13")  
[1.017s] -- Found FastRTPS: /opt/ros/jazzy/include (Required is at least version "2.13") 
[1.037s] -- Using RMW implementation 'rmw_fastrtps_cpp' as default
[1.123s] -- Found gz_sim_vendor: 0.0.9 (/opt/ros/jazzy/share/gz_sim_vendor/cmake)
[1.227s] -- Looking for gz-sim8 -- found version 8.10.0
[1.239s] -- Searching for dependencies of gz-sim8
[1.245s] -- Looking for sdformat14 -- found version 14.8.0
[1.246s] -- Searching for dependencies of sdformat14
[1.250s] -- Checking for module 'tinyxml2'
[1.265s] --   Found tinyxml2, version 10.0.0
[1.302s] -- Looking for gz-math7 -- found version 7.5.2
[1.303s] -- Searching for dependencies of gz-math7
[1.311s] -- Looking for gz-utils2 -- found version 2.2.1
[1.311s] -- Searching for dependencies of gz-utils2
[1.312s] -- Looking for gz-utils2 -- found version 2.2.1
[1.312s] -- Searching for dependencies of gz-utils2
[1.312s] -- Searching for <gz-utils2> component [cli]
[1.320s] -- Looking for gz-utils2-cli -- found version 2.2.1
[1.320s] -- Searching for dependencies of gz-utils2-cli
[1.329s] -- Looking for gz-plugin2 -- found version 2.0.4
[1.329s] -- Searching for dependencies of gz-plugin2
[1.329s] -- Looking for gz-utils2 -- found version 2.2.1
[1.329s] -- Searching for <gz-plugin2> component [loader]
[1.337s] -- Looking for gz-plugin2-loader -- found version 2.0.4
[1.337s] -- Searching for dependencies of gz-plugin2-loader
[1.337s] -- Searching for <gz-plugin2> component [register]
[1.344s] -- Looking for gz-plugin2-register -- found version 2.0.4
[1.344s] -- Searching for dependencies of gz-plugin2-register
[1.352s] -- Looking for gz-transport13 -- found version 13.5.0
[1.352s] -- Searching for dependencies of gz-transport13
[1.478s] -- Found Protobuf: /usr/lib/x86_64-linux-gnu/libprotobuf.so (found version "3.21.12") 
[1.493s] -- Config-file not installed for ZeroMQ -- checking for pkg-config
[1.496s] -- Checking for module 'libzmq >= 4'
[1.512s] --   Found libzmq, version 4.3.5
[1.553s] -- Found ZeroMQ: TRUE (Required is at least version "4") 
[1.562s] -- Checking for module 'uuid'
[1.581s] --   Found uuid, version 2.39.3
[1.614s] -- Found UUID: TRUE  
[1.614s] -- Looking for gz-utils2 -- found version 2.2.1
[1.624s] -- Looking for gz-msgs10 -- found version 10.3.2
[1.624s] -- Searching for dependencies of gz-msgs10
[1.645s] -- Looking for gz-utils2 -- found version 2.2.1
[1.645s] -- Looking for gz-math7 -- found version 7.5.2
[1.651s] -- Searching for <gz-transport13> component [log]
[1.658s] -- Looking for gz-transport13-log -- found version 13.5.0
[1.658s] -- Searching for dependencies of gz-transport13-log
[1.658s] -- Searching for <gz-transport13> component [parameters]
[1.665s] -- Looking for gz-transport13-parameters -- found version 13.5.0
[1.665s] -- Searching for dependencies of gz-transport13-parameters
[1.666s] -- Looking for gz-msgs10 -- found version 10.3.2
[1.674s] -- Looking for gz-common5 -- found version 5.7.1
[1.674s] -- Searching for dependencies of gz-common5
[1.674s] -- Looking for gz-utils2 -- found version 2.2.1
[1.675s] -- Looking for dlfcn.h - found
[1.676s] -- Looking for libdl - found
[1.677s] -- Found DL: TRUE  
[1.683s] -- Searching for <gz-common5> component [av]
[1.690s] -- Looking for gz-common5-av -- found version 5.7.1
[1.690s] -- Searching for dependencies of gz-common5-av
[1.694s] -- Checking for module 'libswscale'
[1.708s] --   Found libswscale, version 7.5.100
[1.739s] -- Found SWSCALE: TRUE  
[1.744s] -- Checking for module 'libavdevice >= 56.4.100'
[1.760s] --   Found libavdevice, version 60.3.100
[1.812s] -- Found AVDEVICE: TRUE (Required is at least version "56.4.100") 
[1.819s] -- Checking for module 'libavformat'
[1.844s] --   Found libavformat, version 60.16.100
[1.882s] -- Found AVFORMAT: TRUE  
[1.886s] -- Checking for module 'libavcodec'
[1.905s] --   Found libavcodec, version 60.31.102
[1.941s] -- Found AVCODEC: TRUE  
[1.946s] -- Checking for module 'libavutil'
[1.966s] --   Found libavutil, version 58.29.100
[2.004s] -- Found AVUTIL: TRUE  
[2.004s] -- Searching for <gz-common5> component [events]
[2.015s] -- Looking for gz-common5-events -- found version 5.7.1
[2.015s] -- Searching for dependencies of gz-common5-events
[2.015s] -- Looking for gz-math7 -- found version 7.5.2
[2.016s] -- Searching for <gz-common5> component [graphics]
[2.023s] -- Looking for gz-common5-graphics -- found version 5.7.1
[2.023s] -- Searching for dependencies of gz-common5-graphics
[2.024s] -- Looking for gz-math7 -- found version 7.5.2
[2.033s] -- Found GzAssimp: TRUE (found version "5.3.0") 
[2.033s] -- Searching for <gz-common5> component [io]
[2.040s] -- Looking for gz-common5-io -- found version 5.7.1
[2.040s] -- Searching for dependencies of gz-common5-io
[2.040s] -- Searching for <gz-common5> component [profiler]
[2.047s] -- Looking for gz-common5-profiler -- found version 5.7.1
[2.047s] -- Searching for dependencies of gz-common5-profiler
[2.055s] -- Looking for gz-fuel_tools9 -- found version 9.1.1
[2.055s] -- Searching for dependencies of gz-fuel_tools9
[2.138s] -- Found CURL: /usr/lib/x86_64-linux-gnu/libcurl.so (found version "8.5.0")  
[2.151s] -- Checking for module 'jsoncpp'
[2.166s] --   Found jsoncpp, version 1.9.5
[2.196s] -- Found JSONCPP: TRUE  
[2.216s] -- Checking for module 'yaml-0.1'
[2.232s] --   Found yaml-0.1, version 0.2.5
[2.262s] -- Found YAML: TRUE  
[2.267s] -- Checking for module 'libzip'
[2.286s] --   Found libzip, version 1.7.3
[2.314s] -- Found ZIP: TRUE  
[2.315s] -- Looking for gz-utils2 -- found version 2.2.1
[2.315s] -- Looking for gz-common5 -- found version 5.7.1
[2.315s] -- Searching for dependencies of gz-common5
[2.316s] -- Looking for gz-utils2 -- found version 2.2.1
[2.316s] -- Looking for dlfcn.h - found
[2.316s] -- Looking for libdl - found
[2.323s] -- Searching for <gz-common5> component [testing]
[2.331s] -- Looking for gz-common5-testing -- found version 5.7.1
[2.331s] -- Searching for dependencies of gz-common5-testing
[2.332s] -- Looking for gz-math7 -- found version 7.5.2
[2.332s] -- Looking for gz-msgs10 -- found version 10.3.2
[2.340s] -- Looking for gz-gui8 -- found version 8.4.0
[2.340s] -- Searching for dependencies of gz-gui8
[2.367s] -- Looking for gz-utils2 -- found version 2.2.1
[2.367s] -- Looking for gz-math7 -- found version 7.5.2
[2.368s] -- Looking for gz-common5 -- found version 5.7.1
[2.368s] -- Looking for gz-plugin2 -- found version 2.0.4
[2.368s] -- Looking for gz-transport13 -- found version 13.5.0
[2.375s] -- Looking for gz-rendering8 -- found version 8.2.3
[2.376s] -- Searching for dependencies of gz-rendering8
[2.376s] -- Looking for gz-math7 -- found version 7.5.2
[2.376s] -- Searching for dependencies of gz-math7
[2.376s] -- Looking for gz-utils2 -- found version 2.2.1
[2.376s] -- Searching for <gz-math7> component [eigen3]
[2.384s] -- Looking for gz-math7-eigen3 -- found version 7.5.2
[2.384s] -- Searching for dependencies of gz-math7-eigen3
[2.397s] -- Looking for gz-common5 -- found version 5.7.1
[2.397s] -- Searching for dependencies of gz-common5
[2.397s] -- Looking for gz-utils2 -- found version 2.2.1
[2.397s] -- Looking for dlfcn.h - found
[2.397s] -- Looking for libdl - found
[2.403s] -- Searching for <gz-common5> component [graphics]
[2.403s] -- Searching for <gz-common5> component [events]
[2.404s] -- Searching for <gz-common5> component [geospatial]
[2.411s] -- Looking for gz-common5-geospatial -- found version 5.7.1
[2.411s] -- Searching for dependencies of gz-common5-geospatial
[2.411s] -- Looking for gz-math7 -- found version 7.5.2
[2.412s] -- Looking for gz-common5 -- found version 5.7.1
[2.412s] -- Looking for gz-plugin2 -- found version 2.0.4
[2.413s] -- Searching for dependencies of gz-plugin2
[2.413s] -- Looking for gz-utils2 -- found version 2.2.1
[2.413s] -- Searching for <gz-plugin2> component [all]
[2.420s] -- Looking for all libraries of gz-plugin2 -- found version 2.0.4
[2.421s] -- Looking for gz-plugin2 -- found version 2.0.4
[2.421s] -- Looking for gz-utils2 -- found version 2.2.1
[2.437s] -- Found OpenGL: /usr/lib/x86_64-linux-gnu/libOpenGL.so  found components: OpenGL 
[2.438s] -- Looking for gz-msgs10 -- found version 10.3.2
[2.468s] -- Looking for gz-physics7 -- found version 7.6.0
[2.468s] -- Searching for dependencies of gz-physics7
[2.468s] -- Looking for gz-common5 -- found version 5.7.1
[2.469s] -- Looking for gz-math7 -- found version 7.5.2
[2.469s] -- Looking for gz-plugin2 -- found version 2.0.4
[2.469s] -- Looking for gz-utils2 -- found version 2.2.1
[2.470s] -- Searching for <gz-physics7> component [heightmap]
[2.477s] -- Looking for gz-physics7-heightmap -- found version 7.6.0
[2.477s] -- Searching for dependencies of gz-physics7-heightmap
[2.477s] -- Looking for gz-common5 -- found version 5.7.1
[2.478s] -- Searching for <gz-physics7> component [mesh]
[2.485s] -- Looking for gz-physics7-mesh -- found version 7.6.0
[2.485s] -- Searching for dependencies of gz-physics7-mesh
[2.485s] -- Looking for gz-common5 -- found version 5.7.1
[2.485s] -- Searching for <gz-physics7> component [sdf]
[2.492s] -- Looking for gz-physics7-sdf -- found version 7.6.0
[2.492s] -- Searching for dependencies of gz-physics7-sdf
[2.492s] -- Looking for sdformat14 -- found version 14.8.0
[2.500s] -- Looking for gz-sensors8 -- found version 8.2.2
[2.500s] -- Searching for dependencies of gz-sensors8
[2.522s] -- Looking for gz-math7 -- found version 7.5.2
[2.522s] -- Looking for gz-common5 -- found version 5.7.1
[2.522s] -- Looking for gz-transport13 -- found version 13.5.0
[2.523s] -- Looking for gz-rendering8 -- found version 8.2.3
[2.523s] -- Looking for gz-msgs10 -- found version 10.3.2
[2.523s] -- Looking for sdformat14 -- found version 14.8.0
[2.524s] -- Searching for <gz-sensors8> component [air_pressure]
[2.530s] -- Looking for gz-sensors8-air_pressure -- found version 8.2.2
[2.530s] -- Searching for dependencies of gz-sensors8-air_pressure
[2.531s] -- Searching for <gz-sensors8> component [air_speed]
[2.538s] -- Looking for gz-sensors8-air_speed -- found version 8.2.2
[2.538s] -- Searching for dependencies of gz-sensors8-air_speed
[2.538s] -- Searching for <gz-sensors8> component [altimeter]
[2.545s] -- Looking for gz-sensors8-altimeter -- found version 8.2.2
[2.545s] -- Searching for dependencies of gz-sensors8-altimeter
[2.545s] -- Searching for <gz-sensors8> component [imu]
[2.552s] -- Looking for gz-sensors8-imu -- found version 8.2.2
[2.552s] -- Searching for dependencies of gz-sensors8-imu
[2.553s] -- Searching for <gz-sensors8> component [force_torque]
[2.560s] -- Looking for gz-sensors8-force_torque -- found version 8.2.2
[2.560s] -- Searching for dependencies of gz-sensors8-force_torque
[2.560s] -- Searching for <gz-sensors8> component [logical_camera]
[2.567s] -- Looking for gz-sensors8-logical_camera -- found version 8.2.2
[2.567s] -- Searching for dependencies of gz-sensors8-logical_camera
[2.567s] -- Searching for <gz-sensors8> component [magnetometer]
[2.574s] -- Looking for gz-sensors8-magnetometer -- found version 8.2.2
[2.574s] -- Searching for dependencies of gz-sensors8-magnetometer
[2.575s] -- Searching for <gz-sensors8> component [navsat]
[2.581s] -- Looking for gz-sensors8-navsat -- found version 8.2.2
[2.581s] -- Searching for dependencies of gz-sensors8-navsat
[2.582s] -- Searching for <gz-sensors8> component [dvl]
[2.588s] -- Looking for gz-sensors8-dvl -- found version 8.2.2
[2.588s] -- Searching for dependencies of gz-sensors8-dvl
[2.589s] -- Looking for gz-sensors8 -- found version 8.2.2
[2.589s] -- Searching for dependencies of gz-sensors8
[2.611s] -- Looking for gz-math7 -- found version 7.5.2
[2.611s] -- Looking for gz-common5 -- found version 5.7.1
[2.611s] -- Looking for gz-transport13 -- found version 13.5.0
[2.612s] -- Looking for gz-rendering8 -- found version 8.2.3
[2.612s] -- Looking for gz-msgs10 -- found version 10.3.2
[2.612s] -- Looking for sdformat14 -- found version 14.8.0
[2.612s] -- Searching for <gz-sensors8> component [rendering]
[2.620s] -- Looking for gz-sensors8-rendering -- found version 8.2.2
[2.620s] -- Searching for dependencies of gz-sensors8-rendering
[2.621s] -- Searching for <gz-sensors8> component [rendering]
[2.621s] -- Searching for <gz-sensors8> component [lidar]
[2.627s] -- Looking for gz-sensors8-lidar -- found version 8.2.2
[2.627s] -- Searching for dependencies of gz-sensors8-lidar
[2.628s] -- Looking for gz-sensors8 -- found version 8.2.2
[2.628s] -- Searching for <gz-sensors8> component [gpu_lidar]
[2.635s] -- Looking for gz-sensors8-gpu_lidar -- found version 8.2.2
[2.635s] -- Searching for dependencies of gz-sensors8-gpu_lidar
[2.635s] -- Looking for gz-sensors8 -- found version 8.2.2
[2.636s] -- Searching for <gz-sensors8> component [camera]
[2.642s] -- Looking for gz-sensors8-camera -- found version 8.2.2
[2.643s] -- Searching for dependencies of gz-sensors8-camera
[2.643s] -- Looking for gz-sensors8 -- found version 8.2.2
[2.643s] -- Searching for <gz-sensors8> component [boundingbox_camera]
[2.650s] -- Looking for gz-sensors8-boundingbox_camera -- found version 8.2.2
[2.650s] -- Searching for dependencies of gz-sensors8-boundingbox_camera
[2.651s] -- Searching for <gz-sensors8> component [segmentation_camera]
[2.658s] -- Looking for gz-sensors8-segmentation_camera -- found version 8.2.2
[2.658s] -- Searching for dependencies of gz-sensors8-segmentation_camera
[2.658s] -- Searching for <gz-sensors8> component [depth_camera]
[2.665s] -- Looking for gz-sensors8-depth_camera -- found version 8.2.2
[2.665s] -- Searching for dependencies of gz-sensors8-depth_camera
[2.665s] -- Looking for gz-sensors8 -- found version 8.2.2
[2.666s] -- Searching for <gz-sensors8> component [rgbd_camera]
[2.673s] -- Looking for gz-sensors8-rgbd_camera -- found version 8.2.2
[2.673s] -- Searching for dependencies of gz-sensors8-rgbd_camera
[2.673s] -- Looking for gz-sensors8 -- found version 8.2.2
[2.673s] -- Searching for <gz-sensors8> component [thermal_camera]
[2.681s] -- Looking for gz-sensors8-thermal_camera -- found version 8.2.2
[2.681s] -- Searching for dependencies of gz-sensors8-thermal_camera
[2.682s] -- Looking for gz-sensors8 -- found version 8.2.2
[2.682s] -- Searching for <gz-sensors8> component [wide_angle_camera]
[2.689s] -- Looking for gz-sensors8-wide_angle_camera -- found version 8.2.2
[2.689s] -- Searching for dependencies of gz-sensors8-wide_angle_camera
[2.690s] -- Looking for gz-rendering8 -- found version 8.2.3
[2.690s] -- Looking for gz-math7 -- found version 7.5.2
[2.690s] -- Looking for gz-utils2 -- found version 2.2.1
[2.714s] -- Looking for gz-plugin2 -- found version 2.0.4
[2.716s] -- Looking for gz-msgs10 -- found version 10.3.2
[2.717s] -- Looking for gz-transport13 -- found version 13.5.0
[2.718s] -- Looking for gz-rendering8 -- found version 8.2.3
[2.723s] -- Found rmf_fleet_msgs: 4.0.0 (/rmf_demos_ws/install/rmf_fleet_msgs/share/rmf_fleet_msgs/cmake)
[2.748s] -- Found rmf_dispenser_msgs: 4.0.0 (/rmf_demos_ws/install/rmf_dispenser_msgs/share/rmf_dispenser_msgs/cmake)
[2.766s] -- Found rmf_ingestor_msgs: 4.0.0 (/rmf_demos_ws/install/rmf_ingestor_msgs/share/rmf_ingestor_msgs/cmake)
[2.784s] -- Found rmf_building_map_msgs: 1.6.0 (/rmf_demos_ws/install/rmf_building_map_msgs/share/rmf_building_map_msgs/cmake)
[2.798s] -- Found rmf_robot_sim_common: 2.6.1 (/home/maria/rmf_ws/install/rmf_robot_sim_common/share/rmf_robot_sim_common/cmake)
[3.005s] -- Found rmf_building_sim_gz_plugins: 2.6.1 (/home/maria/rmf_ws/install/rmf_building_sim_gz_plugins/share/rmf_building_sim_gz_plugins/cmake)
[3.086s] -- Configuring done (3.1s)
[3.157s] -- Generating done (0.0s)
[3.168s] -- Build files have been written to: /home/maria/rmf_ws/build/rmf_robot_sim_gz_plugins
[3.181s] Invoked command in '/home/maria/rmf_ws/build/rmf_robot_sim_gz_plugins' returned '0': CMAKE_PREFIX_PATH=/home/maria/rmf_ws/install/rmf_robot_sim_common:/home/maria/rmf_ws/install/rmf_building_sim_gz_plugins:/home/maria/rmf_ws/install/project_config:/home/maria/rmf_ws/install/rmf_visualization:/home/maria/rmf_ws/install/rmf_visualization_schedule:/home/maria/rmf_ws/install/rmf_visualization_rviz2_plugins:/home/maria/rmf_ws/install/rmf_visualization_obstacles:/home/maria/rmf_ws/install/rmf_visualization_navgraphs:/home/maria/rmf_ws/install/rmf_visualization_floorplans:/home/maria/rmf_ws/install/rmf_visualization_fleet_states:/home/maria/rmf_ws/install/rmf_robot_sim_gz_plugins:/home/maria/rmf_ws/install/project_simulation:/home/maria/rmf_ws/install/project_maps:/home/maria/rmf_ws/install/project_assets:/rmf_demos_ws/install/rmf_workcell_msgs:/rmf_demos_ws/install/rmf_demos_gz:/rmf_demos_ws/install/rmf_demos:/rmf_demos_ws/install/rmf_reservation_node:/rmf_demos_ws/install/rmf_fleet_adapter_python:/rmf_demos_ws/install/rmf_fleet_adapter:/rmf_demos_ws/install/rmf_task_ros2:/rmf_demos_ws/install/rmf_websocket:/rmf_demos_ws/install/rmf_visualization:/rmf_demos_ws/install/rmf_visualization_schedule:/rmf_demos_ws/install/rmf_visualization_rviz2_plugins:/rmf_demos_ws/install/rmf_visualization_obstacles:/rmf_demos_ws/install/rmf_visualization_navgraphs:/rmf_demos_ws/install/rmf_visualization_floorplans:/rmf_demos_ws/install/rmf_visualization_fleet_states:/rmf_demos_ws/install/rmf_visualization_msgs:/rmf_demos_ws/install/rmf_traffic_ros2:/rmf_demos_ws/install/rmf_task_sequence:/rmf_demos_ws/install/rmf_task:/rmf_demos_ws/install/rmf_battery:/rmf_demos_ws/install/rmf_traffic:/rmf_demos_ws/install/rmf_utils:/rmf_demos_ws/install/rmf_traffic_msgs:/rmf_demos_ws/install/rmf_traffic_editor_test_maps:/rmf_demos_ws/install/rmf_traffic_editor_assets:/rmf_demos_ws/install/rmf_traffic_editor:/rmf_demos_ws/install/rmf_task_msgs:/rmf_demos_ws/install/rmf_site_map_msgs:/rmf_demos_ws/install/rmf_scheduler_msgs:/rmf_demos_ws/install/rmf_robot_sim_gz_plugins:/rmf_demos_ws/install/rmf_robot_sim_common:/rmf_demos_ws/install/rmf_reservation_msgs:/rmf_demos_ws/install/rmf_obstacle_msgs:/rmf_demos_ws/install/rmf_building_sim_gz_plugins:/rmf_demos_ws/install/rmf_lift_msgs:/rmf_demos_ws/install/rmf_ingestor_msgs:/rmf_demos_ws/install/rmf_fleet_msgs:/rmf_demos_ws/install/rmf_door_msgs:/rmf_demos_ws/install/rmf_dispenser_msgs:/rmf_demos_ws/install/rmf_demos_maps:/rmf_demos_ws/install/rmf_demos_assets:/rmf_demos_ws/install/rmf_charger_msgs:/rmf_demos_ws/install/rmf_building_map_msgs:/rmf_demos_ws/install/rmf_api_msgs:/rmf_demos_ws/install/nlohmann_json_schema_validator_vendor:/home/maria/rmf_ws/install/rmf_visualization_building_systems:/home/maria/rmf_ws/install/project_tasks:/home/maria/rmf_ws/install/project_fleet_adapter:/rmf_demos_ws/install/rmf_demos_fleet_adapter:/rmf_demos_ws/install/rmf_visualization_building_systems:/rmf_demos_ws/install/rmf_traffic_examples:/rmf_demos_ws/install/rmf_demos_bridges:/rmf_demos_ws/install/rmf_demos_tasks:/rmf_demos_ws/install/rmf_building_map_tools:/rmf_demos_ws/install/rmf_charging_schedule:/opt/ros/jazzy:/rmf_demos_ws/install/menge_vendor:/rmf_demos_ws/install/ament_cmake_catch2:/opt/ros/jazzy/opt/gz_sim_vendor:/opt/ros/jazzy/opt/gz_sensors_vendor:/opt/ros/jazzy/opt/gz_physics_vendor:/opt/ros/jazzy/opt/sdformat_vendor:/opt/ros/jazzy/opt/gz_gui_vendor:/opt/ros/jazzy/opt/gz_transport_vendor:/opt/ros/jazzy/opt/gz_rendering_vendor:/opt/ros/jazzy/opt/gz_plugin_vendor:/opt/ros/jazzy/opt/gz_fuel_tools_vendor:/opt/ros/jazzy/opt/gz_msgs_vendor:/opt/ros/jazzy/opt/gz_common_vendor:/opt/ros/jazzy/opt/gz_math_vendor:/opt/ros/jazzy/opt/gz_utils_vendor:/opt/ros/jazzy/opt/gz_tools_vendor:/opt/ros/jazzy/opt/gz_ogre_next_vendor:/opt/ros/jazzy/opt/gz_dartsim_vendor:/opt/ros/jazzy/opt/gz_cmake_vendor LD_LIBRARY_PATH=/home/maria/rmf_ws/install/rmf_robot_sim_common/lib:/home/maria/rmf_ws/install/rmf_visualization_schedule/lib:/home/maria/rmf_ws/install/rmf_visualization_rviz2_plugins/lib:/home/maria/rmf_ws/install/rmf_visualization_obstacles/lib:/home/maria/rmf_ws/install/rmf_visualization_navgraphs/lib:/home/maria/rmf_ws/install/rmf_visualization_floorplans/lib:/home/maria/rmf_ws/install/rmf_visualization_fleet_states/lib:/rmf_demos_ws/install/rmf_workcell_msgs/lib:/rmf_demos_ws/install/rmf_fleet_adapter/lib:/rmf_demos_ws/install/rmf_task_ros2/lib:/rmf_demos_ws/install/rmf_websocket/lib:/rmf_demos_ws/install/rmf_visualization_schedule/lib:/rmf_demos_ws/install/rmf_visualization_rviz2_plugins/lib:/rmf_demos_ws/install/rmf_visualization_obstacles/lib:/rmf_demos_ws/install/rmf_visualization_navgraphs/lib:/rmf_demos_ws/install/rmf_visualization_floorplans/lib:/rmf_demos_ws/install/rmf_visualization_fleet_states/lib:/rmf_demos_ws/install/rmf_visualization_msgs/lib:/rmf_demos_ws/install/rmf_traffic_ros2/lib:/rmf_demos_ws/install/rmf_task_sequence/lib:/rmf_demos_ws/install/rmf_task/lib:/rmf_demos_ws/install/rmf_battery/lib:/rmf_demos_ws/install/rmf_traffic/lib:/rmf_demos_ws/install/rmf_utils/lib:/rmf_demos_ws/install/rmf_traffic_msgs/lib:/rmf_demos_ws/install/rmf_task_msgs/lib:/rmf_demos_ws/install/rmf_site_map_msgs/lib:/rmf_demos_ws/install/rmf_scheduler_msgs/lib:/rmf_demos_ws/install/rmf_robot_sim_common/lib:/rmf_demos_ws/install/rmf_reservation_msgs/lib:/rmf_demos_ws/install/rmf_obstacle_msgs/lib:/rmf_demos_ws/install/rmf_lift_msgs/lib:/rmf_demos_ws/install/rmf_ingestor_msgs/lib:/rmf_demos_ws/install/rmf_fleet_msgs/lib:/rmf_demos_ws/install/rmf_door_msgs/lib:/rmf_demos_ws/install/rmf_dispenser_msgs/lib:/rmf_demos_ws/install/rmf_charger_msgs/lib:/rmf_demos_ws/install/rmf_building_map_msgs/lib:/rmf_demos_ws/install/nlohmann_json_schema_validator_vendor/lib:/rmf_demos_ws/install/menge_vendor/lib:/opt/ros/jazzy/opt/zenoh_cpp_vendor/lib:/opt/ros/jazzy/opt/gz_sim_vendor/lib:/opt/ros/jazzy/opt/gz_sensors_vendor/lib:/opt/ros/jazzy/opt/gz_physics_vendor/lib:/opt/ros/jazzy/opt/sdformat_vendor/lib:/opt/ros/jazzy/opt/rviz_ogre_vendor/lib:/opt/ros/jazzy/lib/x86_64-linux-gnu:/opt/ros/jazzy/opt/gz_gui_vendor/lib:/opt/ros/jazzy/opt/gz_transport_vendor/lib:/opt/ros/jazzy/opt/gz_rendering_vendor/lib:/opt/ros/jazzy/opt/gz_plugin_vendor/lib:/opt/ros/jazzy/opt/gz_fuel_tools_vendor/lib:/opt/ros/jazzy/opt/gz_msgs_vendor/lib:/opt/ros/jazzy/opt/gz_common_vendor/lib:/opt/ros/jazzy/opt/gz_math_vendor/lib:/opt/ros/jazzy/opt/gz_utils_vendor/lib:/opt/ros/jazzy/opt/gz_tools_vendor/lib:/opt/ros/jazzy/opt/gz_ogre_next_vendor/lib:/opt/ros/jazzy/opt/gz_dartsim_vendor/lib:/opt/ros/jazzy/opt/gz_cmake_vendor/lib:/opt/ros/jazzy/lib /usr/bin/cmake /home/maria/rmf_ws/src/rmf_simulation/rmf_robot_sim_gz_plugins -DCMAKE_INSTALL_PREFIX=/home/maria/rmf_ws/install/rmf_robot_sim_gz_plugins
[3.181s] Invoking command in '/home/maria/rmf_ws/build/rmf_robot_sim_gz_plugins': CMAKE_PREFIX_PATH=/home/maria/rmf_ws/install/rmf_robot_sim_common:/home/maria/rmf_ws/install/rmf_building_sim_gz_plugins:/home/maria/rmf_ws/install/project_config:/home/maria/rmf_ws/install/rmf_visualization:/home/maria/rmf_ws/install/rmf_visualization_schedule:/home/maria/rmf_ws/install/rmf_visualization_rviz2_plugins:/home/maria/rmf_ws/install/rmf_visualization_obstacles:/home/maria/rmf_ws/install/rmf_visualization_navgraphs:/home/maria/rmf_ws/install/rmf_visualization_floorplans:/home/maria/rmf_ws/install/rmf_visualization_fleet_states:/home/maria/rmf_ws/install/rmf_robot_sim_gz_plugins:/home/maria/rmf_ws/install/project_simulation:/home/maria/rmf_ws/install/project_maps:/home/maria/rmf_ws/install/project_assets:/rmf_demos_ws/install/rmf_workcell_msgs:/rmf_demos_ws/install/rmf_demos_gz:/rmf_demos_ws/install/rmf_demos:/rmf_demos_ws/install/rmf_reservation_node:/rmf_demos_ws/install/rmf_fleet_adapter_python:/rmf_demos_ws/install/rmf_fleet_adapter:/rmf_demos_ws/install/rmf_task_ros2:/rmf_demos_ws/install/rmf_websocket:/rmf_demos_ws/install/rmf_visualization:/rmf_demos_ws/install/rmf_visualization_schedule:/rmf_demos_ws/install/rmf_visualization_rviz2_plugins:/rmf_demos_ws/install/rmf_visualization_obstacles:/rmf_demos_ws/install/rmf_visualization_navgraphs:/rmf_demos_ws/install/rmf_visualization_floorplans:/rmf_demos_ws/install/rmf_visualization_fleet_states:/rmf_demos_ws/install/rmf_visualization_msgs:/rmf_demos_ws/install/rmf_traffic_ros2:/rmf_demos_ws/install/rmf_task_sequence:/rmf_demos_ws/install/rmf_task:/rmf_demos_ws/install/rmf_battery:/rmf_demos_ws/install/rmf_traffic:/rmf_demos_ws/install/rmf_utils:/rmf_demos_ws/install/rmf_traffic_msgs:/rmf_demos_ws/install/rmf_traffic_editor_test_maps:/rmf_demos_ws/install/rmf_traffic_editor_assets:/rmf_demos_ws/install/rmf_traffic_editor:/rmf_demos_ws/install/rmf_task_msgs:/rmf_demos_ws/install/rmf_site_map_msgs:/rmf_demos_ws/install/rmf_scheduler_msgs:/rmf_demos_ws/install/rmf_robot_sim_gz_plugins:/rmf_demos_ws/install/rmf_robot_sim_common:/rmf_demos_ws/install/rmf_reservation_msgs:/rmf_demos_ws/install/rmf_obstacle_msgs:/rmf_demos_ws/install/rmf_building_sim_gz_plugins:/rmf_demos_ws/install/rmf_lift_msgs:/rmf_demos_ws/install/rmf_ingestor_msgs:/rmf_demos_ws/install/rmf_fleet_msgs:/rmf_demos_ws/install/rmf_door_msgs:/rmf_demos_ws/install/rmf_dispenser_msgs:/rmf_demos_ws/install/rmf_demos_maps:/rmf_demos_ws/install/rmf_demos_assets:/rmf_demos_ws/install/rmf_charger_msgs:/rmf_demos_ws/install/rmf_building_map_msgs:/rmf_demos_ws/install/rmf_api_msgs:/rmf_demos_ws/install/nlohmann_json_schema_validator_vendor:/home/maria/rmf_ws/install/rmf_visualization_building_systems:/home/maria/rmf_ws/install/project_tasks:/home/maria/rmf_ws/install/project_fleet_adapter:/rmf_demos_ws/install/rmf_demos_fleet_adapter:/rmf_demos_ws/install/rmf_visualization_building_systems:/rmf_demos_ws/install/rmf_traffic_examples:/rmf_demos_ws/install/rmf_demos_bridges:/rmf_demos_ws/install/rmf_demos_tasks:/rmf_demos_ws/install/rmf_building_map_tools:/rmf_demos_ws/install/rmf_charging_schedule:/opt/ros/jazzy:/rmf_demos_ws/install/menge_vendor:/rmf_demos_ws/install/ament_cmake_catch2:/opt/ros/jazzy/opt/gz_sim_vendor:/opt/ros/jazzy/opt/gz_sensors_vendor:/opt/ros/jazzy/opt/gz_physics_vendor:/opt/ros/jazzy/opt/sdformat_vendor:/opt/ros/jazzy/opt/gz_gui_vendor:/opt/ros/jazzy/opt/gz_transport_vendor:/opt/ros/jazzy/opt/gz_rendering_vendor:/opt/ros/jazzy/opt/gz_plugin_vendor:/opt/ros/jazzy/opt/gz_fuel_tools_vendor:/opt/ros/jazzy/opt/gz_msgs_vendor:/opt/ros/jazzy/opt/gz_common_vendor:/opt/ros/jazzy/opt/gz_math_vendor:/opt/ros/jazzy/opt/gz_utils_vendor:/opt/ros/jazzy/opt/gz_tools_vendor:/opt/ros/jazzy/opt/gz_ogre_next_vendor:/opt/ros/jazzy/opt/gz_dartsim_vendor:/opt/ros/jazzy/opt/gz_cmake_vendor LD_LIBRARY_PATH=/home/maria/rmf_ws/install/rmf_robot_sim_common/lib:/home/maria/rmf_ws/install/rmf_visualization_schedule/lib:/home/maria/rmf_ws/install/rmf_visualization_rviz2_plugins/lib:/home/maria/rmf_ws/install/rmf_visualization_obstacles/lib:/home/maria/rmf_ws/install/rmf_visualization_navgraphs/lib:/home/maria/rmf_ws/install/rmf_visualization_floorplans/lib:/home/maria/rmf_ws/install/rmf_visualization_fleet_states/lib:/rmf_demos_ws/install/rmf_workcell_msgs/lib:/rmf_demos_ws/install/rmf_fleet_adapter/lib:/rmf_demos_ws/install/rmf_task_ros2/lib:/rmf_demos_ws/install/rmf_websocket/lib:/rmf_demos_ws/install/rmf_visualization_schedule/lib:/rmf_demos_ws/install/rmf_visualization_rviz2_plugins/lib:/rmf_demos_ws/install/rmf_visualization_obstacles/lib:/rmf_demos_ws/install/rmf_visualization_navgraphs/lib:/rmf_demos_ws/install/rmf_visualization_floorplans/lib:/rmf_demos_ws/install/rmf_visualization_fleet_states/lib:/rmf_demos_ws/install/rmf_visualization_msgs/lib:/rmf_demos_ws/install/rmf_traffic_ros2/lib:/rmf_demos_ws/install/rmf_task_sequence/lib:/rmf_demos_ws/install/rmf_task/lib:/rmf_demos_ws/install/rmf_battery/lib:/rmf_demos_ws/install/rmf_traffic/lib:/rmf_demos_ws/install/rmf_utils/lib:/rmf_demos_ws/install/rmf_traffic_msgs/lib:/rmf_demos_ws/install/rmf_task_msgs/lib:/rmf_demos_ws/install/rmf_site_map_msgs/lib:/rmf_demos_ws/install/rmf_scheduler_msgs/lib:/rmf_demos_ws/install/rmf_robot_sim_common/lib:/rmf_demos_ws/install/rmf_reservation_msgs/lib:/rmf_demos_ws/install/rmf_obstacle_msgs/lib:/rmf_demos_ws/install/rmf_lift_msgs/lib:/rmf_demos_ws/install/rmf_ingestor_msgs/lib:/rmf_demos_ws/install/rmf_fleet_msgs/lib:/rmf_demos_ws/install/rmf_door_msgs/lib:/rmf_demos_ws/install/rmf_dispenser_msgs/lib:/rmf_demos_ws/install/rmf_charger_msgs/lib:/rmf_demos_ws/install/rmf_building_map_msgs/lib:/rmf_demos_ws/install/nlohmann_json_schema_validator_vendor/lib:/rmf_demos_ws/install/menge_vendor/lib:/opt/ros/jazzy/opt/zenoh_cpp_vendor/lib:/opt/ros/jazzy/opt/gz_sim_vendor/lib:/opt/ros/jazzy/opt/gz_sensors_vendor/lib:/opt/ros/jazzy/opt/gz_physics_vendor/lib:/opt/ros/jazzy/opt/sdformat_vendor/lib:/opt/ros/jazzy/opt/rviz_ogre_vendor/lib:/opt/ros/jazzy/lib/x86_64-linux-gnu:/opt/ros/jazzy/opt/gz_gui_vendor/lib:/opt/ros/jazzy/opt/gz_transport_vendor/lib:/opt/ros/jazzy/opt/gz_rendering_vendor/lib:/opt/ros/jazzy/opt/gz_plugin_vendor/lib:/opt/ros/jazzy/opt/gz_fuel_tools_vendor/lib:/opt/ros/jazzy/opt/gz_msgs_vendor/lib:/opt/ros/jazzy/opt/gz_common_vendor/lib:/opt/ros/jazzy/opt/gz_math_vendor/lib:/opt/ros/jazzy/opt/gz_utils_vendor/lib:/opt/ros/jazzy/opt/gz_tools_vendor/lib:/opt/ros/jazzy/opt/gz_ogre_next_vendor/lib:/opt/ros/jazzy/opt/gz_dartsim_vendor/lib:/opt/ros/jazzy/opt/gz_cmake_vendor/lib:/opt/ros/jazzy/lib /usr/bin/cmake --build /home/maria/rmf_ws/build/rmf_robot_sim_gz_plugins -- -j8 -l8
[3.239s] [  0%] Built target readonly_autogen_timestamp_deps
[3.239s] [  0%] Built target slotcar_autogen_timestamp_deps
[3.239s] [  0%] Built target teleport_dispenser_autogen_timestamp_deps
[3.239s] [  0%] Built target teleport_ingestor_autogen_timestamp_deps
[3.263s] [ 20%] [34m[1mAutomatic MOC for target teleport_ingestor[0m
[3.263s] [ 20%] [34m[1mAutomatic MOC for target readonly[0m
[3.263s] [ 20%] [34m[1mAutomatic MOC for target slotcar[0m
[3.263s] [ 20%] [34m[1mAutomatic MOC for target teleport_dispenser[0m
[3.310s] [ 20%] Built target teleport_dispenser_autogen
[3.311s] [ 20%] Built target teleport_ingestor_autogen
[3.311s] [ 20%] Built target readonly_autogen
[3.311s] [ 20%] Built target slotcar_autogen
[3.351s] [ 30%] [32mBuilding CXX object CMakeFiles/teleport_ingestor.dir/teleport_ingestor_autogen/mocs_compilation.cpp.o[0m
[3.351s] [ 30%] [32mBuilding CXX object CMakeFiles/teleport_ingestor.dir/src/TeleportIngestor.cpp.o[0m
[3.351s] [ 35%] [32mBuilding CXX object CMakeFiles/teleport_dispenser.dir/src/TeleportDispenser.cpp.o[0m
[3.352s] [ 40%] [32mBuilding CXX object CMakeFiles/slotcar.dir/slotcar_autogen/mocs_compilation.cpp.o[0m
[3.354s] [ 50%] [32mBuilding CXX object CMakeFiles/slotcar.dir/src/slotcar.cpp.o[0m
[3.354s] [ 50%] [32mBuilding CXX object CMakeFiles/readonly.dir/readonly_autogen/mocs_compilation.cpp.o[0m
[3.355s] [ 55%] [32mBuilding CXX object CMakeFiles/readonly.dir/src/readonly.cpp.o[0m
[3.356s] [ 60%] [32mBuilding CXX object CMakeFiles/teleport_dispenser.dir/teleport_dispenser_autogen/mocs_compilation.cpp.o[0m
[10.840s] [ 65%] [32m[1mLinking CXX shared library libreadonly.so[0m
[11.374s] [ 70%] Built target readonly
[16.572s] [ 75%] [32m[1mLinking CXX shared library libslotcar.so[0m
[17.920s] [ 80%] Built target slotcar
[20.523s] [ 85%] [32m[1mLinking CXX shared library libteleport_dispenser.so[0m
[20.791s] [ 90%] [32m[1mLinking CXX shared library libteleport_ingestor.so[0m
[21.539s] [ 95%] Built target teleport_dispenser
[21.640s] [100%] Built target teleport_ingestor
[21.652s] Invoked command in '/home/maria/rmf_ws/build/rmf_robot_sim_gz_plugins' returned '0': CMAKE_PREFIX_PATH=/home/maria/rmf_ws/install/rmf_robot_sim_common:/home/maria/rmf_ws/install/rmf_building_sim_gz_plugins:/home/maria/rmf_ws/install/project_config:/home/maria/rmf_ws/install/rmf_visualization:/home/maria/rmf_ws/install/rmf_visualization_schedule:/home/maria/rmf_ws/install/rmf_visualization_rviz2_plugins:/home/maria/rmf_ws/install/rmf_visualization_obstacles:/home/maria/rmf_ws/install/rmf_visualization_navgraphs:/home/maria/rmf_ws/install/rmf_visualization_floorplans:/home/maria/rmf_ws/install/rmf_visualization_fleet_states:/home/maria/rmf_ws/install/rmf_robot_sim_gz_plugins:/home/maria/rmf_ws/install/project_simulation:/home/maria/rmf_ws/install/project_maps:/home/maria/rmf_ws/install/project_assets:/rmf_demos_ws/install/rmf_workcell_msgs:/rmf_demos_ws/install/rmf_demos_gz:/rmf_demos_ws/install/rmf_demos:/rmf_demos_ws/install/rmf_reservation_node:/rmf_demos_ws/install/rmf_fleet_adapter_python:/rmf_demos_ws/install/rmf_fleet_adapter:/rmf_demos_ws/install/rmf_task_ros2:/rmf_demos_ws/install/rmf_websocket:/rmf_demos_ws/install/rmf_visualization:/rmf_demos_ws/install/rmf_visualization_schedule:/rmf_demos_ws/install/rmf_visualization_rviz2_plugins:/rmf_demos_ws/install/rmf_visualization_obstacles:/rmf_demos_ws/install/rmf_visualization_navgraphs:/rmf_demos_ws/install/rmf_visualization_floorplans:/rmf_demos_ws/install/rmf_visualization_fleet_states:/rmf_demos_ws/install/rmf_visualization_msgs:/rmf_demos_ws/install/rmf_traffic_ros2:/rmf_demos_ws/install/rmf_task_sequence:/rmf_demos_ws/install/rmf_task:/rmf_demos_ws/install/rmf_battery:/rmf_demos_ws/install/rmf_traffic:/rmf_demos_ws/install/rmf_utils:/rmf_demos_ws/install/rmf_traffic_msgs:/rmf_demos_ws/install/rmf_traffic_editor_test_maps:/rmf_demos_ws/install/rmf_traffic_editor_assets:/rmf_demos_ws/install/rmf_traffic_editor:/rmf_demos_ws/install/rmf_task_msgs:/rmf_demos_ws/install/rmf_site_map_msgs:/rmf_demos_ws/install/rmf_scheduler_msgs:/rmf_demos_ws/install/rmf_robot_sim_gz_plugins:/rmf_demos_ws/install/rmf_robot_sim_common:/rmf_demos_ws/install/rmf_reservation_msgs:/rmf_demos_ws/install/rmf_obstacle_msgs:/rmf_demos_ws/install/rmf_building_sim_gz_plugins:/rmf_demos_ws/install/rmf_lift_msgs:/rmf_demos_ws/install/rmf_ingestor_msgs:/rmf_demos_ws/install/rmf_fleet_msgs:/rmf_demos_ws/install/rmf_door_msgs:/rmf_demos_ws/install/rmf_dispenser_msgs:/rmf_demos_ws/install/rmf_demos_maps:/rmf_demos_ws/install/rmf_demos_assets:/rmf_demos_ws/install/rmf_charger_msgs:/rmf_demos_ws/install/rmf_building_map_msgs:/rmf_demos_ws/install/rmf_api_msgs:/rmf_demos_ws/install/nlohmann_json_schema_validator_vendor:/home/maria/rmf_ws/install/rmf_visualization_building_systems:/home/maria/rmf_ws/install/project_tasks:/home/maria/rmf_ws/install/project_fleet_adapter:/rmf_demos_ws/install/rmf_demos_fleet_adapter:/rmf_demos_ws/install/rmf_visualization_building_systems:/rmf_demos_ws/install/rmf_traffic_examples:/rmf_demos_ws/install/rmf_demos_bridges:/rmf_demos_ws/install/rmf_demos_tasks:/rmf_demos_ws/install/rmf_building_map_tools:/rmf_demos_ws/install/rmf_charging_schedule:/opt/ros/jazzy:/rmf_demos_ws/install/menge_vendor:/rmf_demos_ws/install/ament_cmake_catch2:/opt/ros/jazzy/opt/gz_sim_vendor:/opt/ros/jazzy/opt/gz_sensors_vendor:/opt/ros/jazzy/opt/gz_physics_vendor:/opt/ros/jazzy/opt/sdformat_vendor:/opt/ros/jazzy/opt/gz_gui_vendor:/opt/ros/jazzy/opt/gz_transport_vendor:/opt/ros/jazzy/opt/gz_rendering_vendor:/opt/ros/jazzy/opt/gz_plugin_vendor:/opt/ros/jazzy/opt/gz_fuel_tools_vendor:/opt/ros/jazzy/opt/gz_msgs_vendor:/opt/ros/jazzy/opt/gz_common_vendor:/opt/ros/jazzy/opt/gz_math_vendor:/opt/ros/jazzy/opt/gz_utils_vendor:/opt/ros/jazzy/opt/gz_tools_vendor:/opt/ros/jazzy/opt/gz_ogre_next_vendor:/opt/ros/jazzy/opt/gz_dartsim_vendor:/opt/ros/jazzy/opt/gz_cmake_vendor LD_LIBRARY_PATH=/home/maria/rmf_ws/install/rmf_robot_sim_common/lib:/home/maria/rmf_ws/install/rmf_visualization_schedule/lib:/home/maria/rmf_ws/install/rmf_visualization_rviz2_plugins/lib:/home/maria/rmf_ws/install/rmf_visualization_obstacles/lib:/home/maria/rmf_ws/install/rmf_visualization_navgraphs/lib:/home/maria/rmf_ws/install/rmf_visualization_floorplans/lib:/home/maria/rmf_ws/install/rmf_visualization_fleet_states/lib:/rmf_demos_ws/install/rmf_workcell_msgs/lib:/rmf_demos_ws/install/rmf_fleet_adapter/lib:/rmf_demos_ws/install/rmf_task_ros2/lib:/rmf_demos_ws/install/rmf_websocket/lib:/rmf_demos_ws/install/rmf_visualization_schedule/lib:/rmf_demos_ws/install/rmf_visualization_rviz2_plugins/lib:/rmf_demos_ws/install/rmf_visualization_obstacles/lib:/rmf_demos_ws/install/rmf_visualization_navgraphs/lib:/rmf_demos_ws/install/rmf_visualization_floorplans/lib:/rmf_demos_ws/install/rmf_visualization_fleet_states/lib:/rmf_demos_ws/install/rmf_visualization_msgs/lib:/rmf_demos_ws/install/rmf_traffic_ros2/lib:/rmf_demos_ws/install/rmf_task_sequence/lib:/rmf_demos_ws/install/rmf_task/lib:/rmf_demos_ws/install/rmf_battery/lib:/rmf_demos_ws/install/rmf_traffic/lib:/rmf_demos_ws/install/rmf_utils/lib:/rmf_demos_ws/install/rmf_traffic_msgs/lib:/rmf_demos_ws/install/rmf_task_msgs/lib:/rmf_demos_ws/install/rmf_site_map_msgs/lib:/rmf_demos_ws/install/rmf_scheduler_msgs/lib:/rmf_demos_ws/install/rmf_robot_sim_common/lib:/rmf_demos_ws/install/rmf_reservation_msgs/lib:/rmf_demos_ws/install/rmf_obstacle_msgs/lib:/rmf_demos_ws/install/rmf_lift_msgs/lib:/rmf_demos_ws/install/rmf_ingestor_msgs/lib:/rmf_demos_ws/install/rmf_fleet_msgs/lib:/rmf_demos_ws/install/rmf_door_msgs/lib:/rmf_demos_ws/install/rmf_dispenser_msgs/lib:/rmf_demos_ws/install/rmf_charger_msgs/lib:/rmf_demos_ws/install/rmf_building_map_msgs/lib:/rmf_demos_ws/install/nlohmann_json_schema_validator_vendor/lib:/rmf_demos_ws/install/menge_vendor/lib:/opt/ros/jazzy/opt/zenoh_cpp_vendor/lib:/opt/ros/jazzy/opt/gz_sim_vendor/lib:/opt/ros/jazzy/opt/gz_sensors_vendor/lib:/opt/ros/jazzy/opt/gz_physics_vendor/lib:/opt/ros/jazzy/opt/sdformat_vendor/lib:/opt/ros/jazzy/opt/rviz_ogre_vendor/lib:/opt/ros/jazzy/lib/x86_64-linux-gnu:/opt/ros/jazzy/opt/gz_gui_vendor/lib:/opt/ros/jazzy/opt/gz_transport_vendor/lib:/opt/ros/jazzy/opt/gz_rendering_vendor/lib:/opt/ros/jazzy/opt/gz_plugin_vendor/lib:/opt/ros/jazzy/opt/gz_fuel_tools_vendor/lib:/opt/ros/jazzy/opt/gz_msgs_vendor/lib:/opt/ros/jazzy/opt/gz_common_vendor/lib:/opt/ros/jazzy/opt/gz_math_vendor/lib:/opt/ros/jazzy/opt/gz_utils_vendor/lib:/opt/ros/jazzy/opt/gz_tools_vendor/lib:/opt/ros/jazzy/opt/gz_ogre_next_vendor/lib:/opt/ros/jazzy/opt/gz_dartsim_vendor/lib:/opt/ros/jazzy/opt/gz_cmake_vendor/lib:/opt/ros/jazzy/lib /usr/bin/cmake --build /home/maria/rmf_ws/build/rmf_robot_sim_gz_plugins -- -j8 -l8
[21.652s] Invoking command in '/home/maria/rmf_ws/build/rmf_robot_sim_gz_plugins': CMAKE_PREFIX_PATH=/home/maria/rmf_ws/install/rmf_robot_sim_common:/home/maria/rmf_ws/install/rmf_building_sim_gz_plugins:/home/maria/rmf_ws/install/project_config:/home/maria/rmf_ws/install/rmf_visualization:/home/maria/rmf_ws/install/rmf_visualization_schedule:/home/maria/rmf_ws/install/rmf_visualization_rviz2_plugins:/home/maria/rmf_ws/install/rmf_visualization_obstacles:/home/maria/rmf_ws/install/rmf_visualization_navgraphs:/home/maria/rmf_ws/install/rmf_visualization_floorplans:/home/maria/rmf_ws/install/rmf_visualization_fleet_states:/home/maria/rmf_ws/install/rmf_robot_sim_gz_plugins:/home/maria/rmf_ws/install/project_simulation:/home/maria/rmf_ws/install/project_maps:/home/maria/rmf_ws/install/project_assets:/rmf_demos_ws/install/rmf_workcell_msgs:/rmf_demos_ws/install/rmf_demos_gz:/rmf_demos_ws/install/rmf_demos:/rmf_demos_ws/install/rmf_reservation_node:/rmf_demos_ws/install/rmf_fleet_adapter_python:/rmf_demos_ws/install/rmf_fleet_adapter:/rmf_demos_ws/install/rmf_task_ros2:/rmf_demos_ws/install/rmf_websocket:/rmf_demos_ws/install/rmf_visualization:/rmf_demos_ws/install/rmf_visualization_schedule:/rmf_demos_ws/install/rmf_visualization_rviz2_plugins:/rmf_demos_ws/install/rmf_visualization_obstacles:/rmf_demos_ws/install/rmf_visualization_navgraphs:/rmf_demos_ws/install/rmf_visualization_floorplans:/rmf_demos_ws/install/rmf_visualization_fleet_states:/rmf_demos_ws/install/rmf_visualization_msgs:/rmf_demos_ws/install/rmf_traffic_ros2:/rmf_demos_ws/install/rmf_task_sequence:/rmf_demos_ws/install/rmf_task:/rmf_demos_ws/install/rmf_battery:/rmf_demos_ws/install/rmf_traffic:/rmf_demos_ws/install/rmf_utils:/rmf_demos_ws/install/rmf_traffic_msgs:/rmf_demos_ws/install/rmf_traffic_editor_test_maps:/rmf_demos_ws/install/rmf_traffic_editor_assets:/rmf_demos_ws/install/rmf_traffic_editor:/rmf_demos_ws/install/rmf_task_msgs:/rmf_demos_ws/install/rmf_site_map_msgs:/rmf_demos_ws/install/rmf_scheduler_msgs:/rmf_demos_ws/install/rmf_robot_sim_gz_plugins:/rmf_demos_ws/install/rmf_robot_sim_common:/rmf_demos_ws/install/rmf_reservation_msgs:/rmf_demos_ws/install/rmf_obstacle_msgs:/rmf_demos_ws/install/rmf_building_sim_gz_plugins:/rmf_demos_ws/install/rmf_lift_msgs:/rmf_demos_ws/install/rmf_ingestor_msgs:/rmf_demos_ws/install/rmf_fleet_msgs:/rmf_demos_ws/install/rmf_door_msgs:/rmf_demos_ws/install/rmf_dispenser_msgs:/rmf_demos_ws/install/rmf_demos_maps:/rmf_demos_ws/install/rmf_demos_assets:/rmf_demos_ws/install/rmf_charger_msgs:/rmf_demos_ws/install/rmf_building_map_msgs:/rmf_demos_ws/install/rmf_api_msgs:/rmf_demos_ws/install/nlohmann_json_schema_validator_vendor:/home/maria/rmf_ws/install/rmf_visualization_building_systems:/home/maria/rmf_ws/install/project_tasks:/home/maria/rmf_ws/install/project_fleet_adapter:/rmf_demos_ws/install/rmf_demos_fleet_adapter:/rmf_demos_ws/install/rmf_visualization_building_systems:/rmf_demos_ws/install/rmf_traffic_examples:/rmf_demos_ws/install/rmf_demos_bridges:/rmf_demos_ws/install/rmf_demos_tasks:/rmf_demos_ws/install/rmf_building_map_tools:/rmf_demos_ws/install/rmf_charging_schedule:/opt/ros/jazzy:/rmf_demos_ws/install/menge_vendor:/rmf_demos_ws/install/ament_cmake_catch2:/opt/ros/jazzy/opt/gz_sim_vendor:/opt/ros/jazzy/opt/gz_sensors_vendor:/opt/ros/jazzy/opt/gz_physics_vendor:/opt/ros/jazzy/opt/sdformat_vendor:/opt/ros/jazzy/opt/gz_gui_vendor:/opt/ros/jazzy/opt/gz_transport_vendor:/opt/ros/jazzy/opt/gz_rendering_vendor:/opt/ros/jazzy/opt/gz_plugin_vendor:/opt/ros/jazzy/opt/gz_fuel_tools_vendor:/opt/ros/jazzy/opt/gz_msgs_vendor:/opt/ros/jazzy/opt/gz_common_vendor:/opt/ros/jazzy/opt/gz_math_vendor:/opt/ros/jazzy/opt/gz_utils_vendor:/opt/ros/jazzy/opt/gz_tools_vendor:/opt/ros/jazzy/opt/gz_ogre_next_vendor:/opt/ros/jazzy/opt/gz_dartsim_vendor:/opt/ros/jazzy/opt/gz_cmake_vendor LD_LIBRARY_PATH=/home/maria/rmf_ws/install/rmf_robot_sim_common/lib:/home/maria/rmf_ws/install/rmf_visualization_schedule/lib:/home/maria/rmf_ws/install/rmf_visualization_rviz2_plugins/lib:/home/maria/rmf_ws/install/rmf_visualization_obstacles/lib:/home/maria/rmf_ws/install/rmf_visualization_navgraphs/lib:/home/maria/rmf_ws/install/rmf_visualization_floorplans/lib:/home/maria/rmf_ws/install/rmf_visualization_fleet_states/lib:/rmf_demos_ws/install/rmf_workcell_msgs/lib:/rmf_demos_ws/install/rmf_fleet_adapter/lib:/rmf_demos_ws/install/rmf_task_ros2/lib:/rmf_demos_ws/install/rmf_websocket/lib:/rmf_demos_ws/install/rmf_visualization_schedule/lib:/rmf_demos_ws/install/rmf_visualization_rviz2_plugins/lib:/rmf_demos_ws/install/rmf_visualization_obstacles/lib:/rmf_demos_ws/install/rmf_visualization_navgraphs/lib:/rmf_demos_ws/install/rmf_visualization_floorplans/lib:/rmf_demos_ws/install/rmf_visualization_fleet_states/lib:/rmf_demos_ws/install/rmf_visualization_msgs/lib:/rmf_demos_ws/install/rmf_traffic_ros2/lib:/rmf_demos_ws/install/rmf_task_sequence/lib:/rmf_demos_ws/install/rmf_task/lib:/rmf_demos_ws/install/rmf_battery/lib:/rmf_demos_ws/install/rmf_traffic/lib:/rmf_demos_ws/install/rmf_utils/lib:/rmf_demos_ws/install/rmf_traffic_msgs/lib:/rmf_demos_ws/install/rmf_task_msgs/lib:/rmf_demos_ws/install/rmf_site_map_msgs/lib:/rmf_demos_ws/install/rmf_scheduler_msgs/lib:/rmf_demos_ws/install/rmf_robot_sim_common/lib:/rmf_demos_ws/install/rmf_reservation_msgs/lib:/rmf_demos_ws/install/rmf_obstacle_msgs/lib:/rmf_demos_ws/install/rmf_lift_msgs/lib:/rmf_demos_ws/install/rmf_ingestor_msgs/lib:/rmf_demos_ws/install/rmf_fleet_msgs/lib:/rmf_demos_ws/install/rmf_door_msgs/lib:/rmf_demos_ws/install/rmf_dispenser_msgs/lib:/rmf_demos_ws/install/rmf_charger_msgs/lib:/rmf_demos_ws/install/rmf_building_map_msgs/lib:/rmf_demos_ws/install/nlohmann_json_schema_validator_vendor/lib:/rmf_demos_ws/install/menge_vendor/lib:/opt/ros/jazzy/opt/zenoh_cpp_vendor/lib:/opt/ros/jazzy/opt/gz_sim_vendor/lib:/opt/ros/jazzy/opt/gz_sensors_vendor/lib:/opt/ros/jazzy/opt/gz_physics_vendor/lib:/opt/ros/jazzy/opt/sdformat_vendor/lib:/opt/ros/jazzy/opt/rviz_ogre_vendor/lib:/opt/ros/jazzy/lib/x86_64-linux-gnu:/opt/ros/jazzy/opt/gz_gui_vendor/lib:/opt/ros/jazzy/opt/gz_transport_vendor/lib:/opt/ros/jazzy/opt/gz_rendering_vendor/lib:/opt/ros/jazzy/opt/gz_plugin_vendor/lib:/opt/ros/jazzy/opt/gz_fuel_tools_vendor/lib:/opt/ros/jazzy/opt/gz_msgs_vendor/lib:/opt/ros/jazzy/opt/gz_common_vendor/lib:/opt/ros/jazzy/opt/gz_math_vendor/lib:/opt/ros/jazzy/opt/gz_utils_vendor/lib:/opt/ros/jazzy/opt/gz_tools_vendor/lib:/opt/ros/jazzy/opt/gz_ogre_next_vendor/lib:/opt/ros/jazzy/opt/gz_dartsim_vendor/lib:/opt/ros/jazzy/opt/gz_cmake_vendor/lib:/opt/ros/jazzy/lib /usr/bin/cmake --install /home/maria/rmf_ws/build/rmf_robot_sim_gz_plugins
[21.661s] -- Install configuration: ""
[21.661s] -- Installing: /home/maria/rmf_ws/install/rmf_robot_sim_gz_plugins/share/rmf_robot_sim_gz_plugins/environment/rmf_robot_sim_gz_plugins.dsv
[21.661s] -- Installing: /home/maria/rmf_ws/install/rmf_robot_sim_gz_plugins/lib/rmf_robot_sim_gz_plugins/libteleport_dispenser.so
[21.667s] -- Set non-toolchain portion of runtime path of "/home/maria/rmf_ws/install/rmf_robot_sim_gz_plugins/lib/rmf_robot_sim_gz_plugins/libteleport_dispenser.so" to ""
[21.667s] -- Installing: /home/maria/rmf_ws/install/rmf_robot_sim_gz_plugins/lib/rmf_robot_sim_gz_plugins/libteleport_ingestor.so
[21.673s] -- Set non-toolchain portion of runtime path of "/home/maria/rmf_ws/install/rmf_robot_sim_gz_plugins/lib/rmf_robot_sim_gz_plugins/libteleport_ingestor.so" to ""
[21.673s] -- Installing: /home/maria/rmf_ws/install/rmf_robot_sim_gz_plugins/lib/rmf_robot_sim_gz_plugins/libreadonly.so
[21.674s] -- Set non-toolchain portion of runtime path of "/home/maria/rmf_ws/install/rmf_robot_sim_gz_plugins/lib/rmf_robot_sim_gz_plugins/libreadonly.so" to ""
[21.674s] -- Installing: /home/maria/rmf_ws/install/rmf_robot_sim_gz_plugins/lib/rmf_robot_sim_gz_plugins/libslotcar.so
[21.676s] -- Set non-toolchain portion of runtime path of "/home/maria/rmf_ws/install/rmf_robot_sim_gz_plugins/lib/rmf_robot_sim_gz_plugins/libslotcar.so" to ""
[21.676s] -- Installing: /home/maria/rmf_ws/install/rmf_robot_sim_gz_plugins/share/ament_index/resource_index/package_run_dependencies/rmf_robot_sim_gz_plugins
[21.677s] -- Installing: /home/maria/rmf_ws/install/rmf_robot_sim_gz_plugins/share/ament_index/resource_index/parent_prefix_path/rmf_robot_sim_gz_plugins
[21.677s] -- Installing: /home/maria/rmf_ws/install/rmf_robot_sim_gz_plugins/share/rmf_robot_sim_gz_plugins/environment/ament_prefix_path.sh
[21.677s] -- Installing: /home/maria/rmf_ws/install/rmf_robot_sim_gz_plugins/share/rmf_robot_sim_gz_plugins/environment/ament_prefix_path.dsv
[21.677s] -- Installing: /home/maria/rmf_ws/install/rmf_robot_sim_gz_plugins/share/rmf_robot_sim_gz_plugins/environment/path.sh
[21.677s] -- Installing: /home/maria/rmf_ws/install/rmf_robot_sim_gz_plugins/share/rmf_robot_sim_gz_plugins/environment/path.dsv
[21.677s] -- Installing: /home/maria/rmf_ws/install/rmf_robot_sim_gz_plugins/share/rmf_robot_sim_gz_plugins/local_setup.bash
[21.677s] -- Installing: /home/maria/rmf_ws/install/rmf_robot_sim_gz_plugins/share/rmf_robot_sim_gz_plugins/local_setup.sh
[21.677s] -- Installing: /home/maria/rmf_ws/install/rmf_robot_sim_gz_plugins/share/rmf_robot_sim_gz_plugins/local_setup.zsh
[21.677s] -- Installing: /home/maria/rmf_ws/install/rmf_robot_sim_gz_plugins/share/rmf_robot_sim_gz_plugins/local_setup.dsv
[21.677s] -- Installing: /home/maria/rmf_ws/install/rmf_robot_sim_gz_plugins/share/rmf_robot_sim_gz_plugins/package.dsv
[21.677s] -- Installing: /home/maria/rmf_ws/install/rmf_robot_sim_gz_plugins/share/ament_index/resource_index/packages/rmf_robot_sim_gz_plugins
[21.677s] -- Installing: /home/maria/rmf_ws/install/rmf_robot_sim_gz_plugins/share/rmf_robot_sim_gz_plugins/cmake/rmf_robot_sim_gz_pluginsConfig.cmake
[21.678s] -- Installing: /home/maria/rmf_ws/install/rmf_robot_sim_gz_plugins/share/rmf_robot_sim_gz_plugins/cmake/rmf_robot_sim_gz_pluginsConfig-version.cmake
[21.678s] -- Installing: /home/maria/rmf_ws/install/rmf_robot_sim_gz_plugins/share/rmf_robot_sim_gz_plugins/package.xml
[21.679s] Invoked command in '/home/maria/rmf_ws/build/rmf_robot_sim_gz_plugins' returned '0': CMAKE_PREFIX_PATH=/home/maria/rmf_ws/install/rmf_robot_sim_common:/home/maria/rmf_ws/install/rmf_building_sim_gz_plugins:/home/maria/rmf_ws/install/project_config:/home/maria/rmf_ws/install/rmf_visualization:/home/maria/rmf_ws/install/rmf_visualization_schedule:/home/maria/rmf_ws/install/rmf_visualization_rviz2_plugins:/home/maria/rmf_ws/install/rmf_visualization_obstacles:/home/maria/rmf_ws/install/rmf_visualization_navgraphs:/home/maria/rmf_ws/install/rmf_visualization_floorplans:/home/maria/rmf_ws/install/rmf_visualization_fleet_states:/home/maria/rmf_ws/install/rmf_robot_sim_gz_plugins:/home/maria/rmf_ws/install/project_simulation:/home/maria/rmf_ws/install/project_maps:/home/maria/rmf_ws/install/project_assets:/rmf_demos_ws/install/rmf_workcell_msgs:/rmf_demos_ws/install/rmf_demos_gz:/rmf_demos_ws/install/rmf_demos:/rmf_demos_ws/install/rmf_reservation_node:/rmf_demos_ws/install/rmf_fleet_adapter_python:/rmf_demos_ws/install/rmf_fleet_adapter:/rmf_demos_ws/install/rmf_task_ros2:/rmf_demos_ws/install/rmf_websocket:/rmf_demos_ws/install/rmf_visualization:/rmf_demos_ws/install/rmf_visualization_schedule:/rmf_demos_ws/install/rmf_visualization_rviz2_plugins:/rmf_demos_ws/install/rmf_visualization_obstacles:/rmf_demos_ws/install/rmf_visualization_navgraphs:/rmf_demos_ws/install/rmf_visualization_floorplans:/rmf_demos_ws/install/rmf_visualization_fleet_states:/rmf_demos_ws/install/rmf_visualization_msgs:/rmf_demos_ws/install/rmf_traffic_ros2:/rmf_demos_ws/install/rmf_task_sequence:/rmf_demos_ws/install/rmf_task:/rmf_demos_ws/install/rmf_battery:/rmf_demos_ws/install/rmf_traffic:/rmf_demos_ws/install/rmf_utils:/rmf_demos_ws/install/rmf_traffic_msgs:/rmf_demos_ws/install/rmf_traffic_editor_test_maps:/rmf_demos_ws/install/rmf_traffic_editor_assets:/rmf_demos_ws/install/rmf_traffic_editor:/rmf_demos_ws/install/rmf_task_msgs:/rmf_demos_ws/install/rmf_site_map_msgs:/rmf_demos_ws/install/rmf_scheduler_msgs:/rmf_demos_ws/install/rmf_robot_sim_gz_plugins:/rmf_demos_ws/install/rmf_robot_sim_common:/rmf_demos_ws/install/rmf_reservation_msgs:/rmf_demos_ws/install/rmf_obstacle_msgs:/rmf_demos_ws/install/rmf_building_sim_gz_plugins:/rmf_demos_ws/install/rmf_lift_msgs:/rmf_demos_ws/install/rmf_ingestor_msgs:/rmf_demos_ws/install/rmf_fleet_msgs:/rmf_demos_ws/install/rmf_door_msgs:/rmf_demos_ws/install/rmf_dispenser_msgs:/rmf_demos_ws/install/rmf_demos_maps:/rmf_demos_ws/install/rmf_demos_assets:/rmf_demos_ws/install/rmf_charger_msgs:/rmf_demos_ws/install/rmf_building_map_msgs:/rmf_demos_ws/install/rmf_api_msgs:/rmf_demos_ws/install/nlohmann_json_schema_validator_vendor:/home/maria/rmf_ws/install/rmf_visualization_building_systems:/home/maria/rmf_ws/install/project_tasks:/home/maria/rmf_ws/install/project_fleet_adapter:/rmf_demos_ws/install/rmf_demos_fleet_adapter:/rmf_demos_ws/install/rmf_visualization_building_systems:/rmf_demos_ws/install/rmf_traffic_examples:/rmf_demos_ws/install/rmf_demos_bridges:/rmf_demos_ws/install/rmf_demos_tasks:/rmf_demos_ws/install/rmf_building_map_tools:/rmf_demos_ws/install/rmf_charging_schedule:/opt/ros/jazzy:/rmf_demos_ws/install/menge_vendor:/rmf_demos_ws/install/ament_cmake_catch2:/opt/ros/jazzy/opt/gz_sim_vendor:/opt/ros/jazzy/opt/gz_sensors_vendor:/opt/ros/jazzy/opt/gz_physics_vendor:/opt/ros/jazzy/opt/sdformat_vendor:/opt/ros/jazzy/opt/gz_gui_vendor:/opt/ros/jazzy/opt/gz_transport_vendor:/opt/ros/jazzy/opt/gz_rendering_vendor:/opt/ros/jazzy/opt/gz_plugin_vendor:/opt/ros/jazzy/opt/gz_fuel_tools_vendor:/opt/ros/jazzy/opt/gz_msgs_vendor:/opt/ros/jazzy/opt/gz_common_vendor:/opt/ros/jazzy/opt/gz_math_vendor:/opt/ros/jazzy/opt/gz_utils_vendor:/opt/ros/jazzy/opt/gz_tools_vendor:/opt/ros/jazzy/opt/gz_ogre_next_vendor:/opt/ros/jazzy/opt/gz_dartsim_vendor:/opt/ros/jazzy/opt/gz_cmake_vendor LD_LIBRARY_PATH=/home/maria/rmf_ws/install/rmf_robot_sim_common/lib:/home/maria/rmf_ws/install/rmf_visualization_schedule/lib:/home/maria/rmf_ws/install/rmf_visualization_rviz2_plugins/lib:/home/maria/rmf_ws/install/rmf_visualization_obstacles/lib:/home/maria/rmf_ws/install/rmf_visualization_navgraphs/lib:/home/maria/rmf_ws/install/rmf_visualization_floorplans/lib:/home/maria/rmf_ws/install/rmf_visualization_fleet_states/lib:/rmf_demos_ws/install/rmf_workcell_msgs/lib:/rmf_demos_ws/install/rmf_fleet_adapter/lib:/rmf_demos_ws/install/rmf_task_ros2/lib:/rmf_demos_ws/install/rmf_websocket/lib:/rmf_demos_ws/install/rmf_visualization_schedule/lib:/rmf_demos_ws/install/rmf_visualization_rviz2_plugins/lib:/rmf_demos_ws/install/rmf_visualization_obstacles/lib:/rmf_demos_ws/install/rmf_visualization_navgraphs/lib:/rmf_demos_ws/install/rmf_visualization_floorplans/lib:/rmf_demos_ws/install/rmf_visualization_fleet_states/lib:/rmf_demos_ws/install/rmf_visualization_msgs/lib:/rmf_demos_ws/install/rmf_traffic_ros2/lib:/rmf_demos_ws/install/rmf_task_sequence/lib:/rmf_demos_ws/install/rmf_task/lib:/rmf_demos_ws/install/rmf_battery/lib:/rmf_demos_ws/install/rmf_traffic/lib:/rmf_demos_ws/install/rmf_utils/lib:/rmf_demos_ws/install/rmf_traffic_msgs/lib:/rmf_demos_ws/install/rmf_task_msgs/lib:/rmf_demos_ws/install/rmf_site_map_msgs/lib:/rmf_demos_ws/install/rmf_scheduler_msgs/lib:/rmf_demos_ws/install/rmf_robot_sim_common/lib:/rmf_demos_ws/install/rmf_reservation_msgs/lib:/rmf_demos_ws/install/rmf_obstacle_msgs/lib:/rmf_demos_ws/install/rmf_lift_msgs/lib:/rmf_demos_ws/install/rmf_ingestor_msgs/lib:/rmf_demos_ws/install/rmf_fleet_msgs/lib:/rmf_demos_ws/install/rmf_door_msgs/lib:/rmf_demos_ws/install/rmf_dispenser_msgs/lib:/rmf_demos_ws/install/rmf_charger_msgs/lib:/rmf_demos_ws/install/rmf_building_map_msgs/lib:/rmf_demos_ws/install/nlohmann_json_schema_validator_vendor/lib:/rmf_demos_ws/install/menge_vendor/lib:/opt/ros/jazzy/opt/zenoh_cpp_vendor/lib:/opt/ros/jazzy/opt/gz_sim_vendor/lib:/opt/ros/jazzy/opt/gz_sensors_vendor/lib:/opt/ros/jazzy/opt/gz_physics_vendor/lib:/opt/ros/jazzy/opt/sdformat_vendor/lib:/opt/ros/jazzy/opt/rviz_ogre_vendor/lib:/opt/ros/jazzy/lib/x86_64-linux-gnu:/opt/ros/jazzy/opt/gz_gui_vendor/lib:/opt/ros/jazzy/opt/gz_transport_vendor/lib:/opt/ros/jazzy/opt/gz_rendering_vendor/lib:/opt/ros/jazzy/opt/gz_plugin_vendor/lib:/opt/ros/jazzy/opt/gz_fuel_tools_vendor/lib:/opt/ros/jazzy/opt/gz_msgs_vendor/lib:/opt/ros/jazzy/opt/gz_common_vendor/lib:/opt/ros/jazzy/opt/gz_math_vendor/lib:/opt/ros/jazzy/opt/gz_utils_vendor/lib:/opt/ros/jazzy/opt/gz_tools_vendor/lib:/opt/ros/jazzy/opt/gz_ogre_next_vendor/lib:/opt/ros/jazzy/opt/gz_dartsim_vendor/lib:/opt/ros/jazzy/opt/gz_cmake_vendor/lib:/opt/ros/jazzy/lib /usr/bin/cmake --install /home/maria/rmf_ws/build/rmf_robot_sim_gz_plugins
