-- The C compiler identification is GNU 13.3.0
-- The CXX compiler identification is GNU 13.3.0
-- Detecting C compiler ABI info
-- Detecting C compiler ABI info - done
-- Check for working C compiler: /usr/bin/cc - skipped
-- Detecting C compile features
-- Detecting C compile features - done
-- Detecting CXX compiler ABI info
-- Detecting CXX compiler ABI info - done
-- Check for working CXX compiler: /usr/bin/c++ - skipped
-- Detecting CXX compile features
-- Detecting CXX compile features - done
-- Found rmf_door_msgs: 4.0.0 (/rmf_demos_ws/install/rmf_door_msgs/share/rmf_door_msgs/cmake)
-- Found Python3: /usr/bin/python3 (found version "3.12.3") found components: Interpreter 
-- Found rosidl_generator_c: 4.6.7 (/opt/ros/jazzy/share/rosidl_generator_c/cmake)
-- Found rosidl_generator_cpp: 4.6.7 (/opt/ros/jazzy/share/rosidl_generator_cpp/cmake)
-- Using all available rosidl_typesupport_c: rosidl_typesupport_fastrtps_c;rosidl_typesupport_introspection_c
-- Using all available rosidl_typesupport_cpp: rosidl_typesupport_fastrtps_cpp;rosidl_typesupport_introspection_cpp
-- Found rmf_lift_msgs: 4.0.0 (/rmf_demos_ws/install/rmf_lift_msgs/share/rmf_lift_msgs/cmake)
-- Found rclcpp: 28.1.16 (/opt/ros/jazzy/share/rclcpp/cmake)
-- Found rmw_implementation_cmake: 7.3.3 (/opt/ros/jazzy/share/rmw_implementation_cmake/cmake)
-- Found rmw_fastrtps_cpp: 8.4.3 (/opt/ros/jazzy/share/rmw_fastrtps_cpp/cmake)
-- Found OpenSSL: /usr/lib/x86_64-linux-gnu/libcrypto.so (found version "3.0.13")  
-- Found FastRTPS: /opt/ros/jazzy/include (Required is at least version "2.13") 
-- Using RMW implementation 'rmw_fastrtps_cpp' as default
-- Found gz_sim_vendor: 0.0.9 (/opt/ros/jazzy/share/gz_sim_vendor/cmake)
-- Looking for gz-sim8 -- found version 8.10.0
-- Searching for dependencies of gz-sim8
-- Looking for sdformat14 -- found version 14.8.0
-- Searching for dependencies of sdformat14
-- Checking for module 'tinyxml2'
--   Found tinyxml2, version 10.0.0
-- Looking for gz-math7 -- found version 7.5.2
-- Searching for dependencies of gz-math7
-- Looking for gz-utils2 -- found version 2.2.1
-- Searching for dependencies of gz-utils2
-- Looking for gz-utils2 -- found version 2.2.1
-- Searching for dependencies of gz-utils2
-- Searching for <gz-utils2> component [cli]
-- Looking for gz-utils2-cli -- found version 2.2.1
-- Searching for dependencies of gz-utils2-cli
-- Looking for gz-plugin2 -- found version 2.0.4
-- Searching for dependencies of gz-plugin2
-- Looking for gz-utils2 -- found version 2.2.1
-- Searching for <gz-plugin2> component [loader]
-- Looking for gz-plugin2-loader -- found version 2.0.4
-- Searching for dependencies of gz-plugin2-loader
-- Searching for <gz-plugin2> component [register]
-- Looking for gz-plugin2-register -- found version 2.0.4
-- Searching for dependencies of gz-plugin2-register
-- Looking for gz-transport13 -- found version 13.5.0
-- Searching for dependencies of gz-transport13
-- Found Protobuf: /usr/lib/x86_64-linux-gnu/libprotobuf.so (found version "3.21.12") 
-- Config-file not installed for ZeroMQ -- checking for pkg-config
-- Checking for module 'libzmq >= 4'
--   Found libzmq, version 4.3.5
-- Found ZeroMQ: TRUE (Required is at least version "4") 
-- Checking for module 'uuid'
--   Found uuid, version 2.39.3
-- Found UUID: TRUE  
-- Looking for gz-utils2 -- found version 2.2.1
-- Looking for gz-msgs10 -- found version 10.3.2
-- Searching for dependencies of gz-msgs10
-- Looking for gz-utils2 -- found version 2.2.1
-- Looking for gz-math7 -- found version 7.5.2
-- Searching for <gz-transport13> component [log]
-- Looking for gz-transport13-log -- found version 13.5.0
-- Searching for dependencies of gz-transport13-log
-- Searching for <gz-transport13> component [parameters]
-- Looking for gz-transport13-parameters -- found version 13.5.0
-- Searching for dependencies of gz-transport13-parameters
-- Looking for gz-msgs10 -- found version 10.3.2
-- Looking for gz-common5 -- found version 5.7.1
-- Searching for dependencies of gz-common5
-- Looking for gz-utils2 -- found version 2.2.1
-- Looking for dlfcn.h - found
-- Looking for libdl - found
-- Found DL: TRUE  
-- Searching for <gz-common5> component [av]
-- Looking for gz-common5-av -- found version 5.7.1
-- Searching for dependencies of gz-common5-av
-- Checking for module 'libswscale'
--   Found libswscale, version 7.5.100
-- Found SWSCALE: TRUE  
-- Checking for module 'libavdevice >= 56.4.100'
--   Found libavdevice, version 60.3.100
-- Found AVDEVICE: TRUE (Required is at least version "56.4.100") 
-- Checking for module 'libavformat'
--   Found libavformat, version 60.16.100
-- Found AVFORMAT: TRUE  
-- Checking for module 'libavcodec'
--   Found libavcodec, version 60.31.102
-- Found AVCODEC: TRUE  
-- Checking for module 'libavutil'
--   Found libavutil, version 58.29.100
-- Found AVUTIL: TRUE  
-- Searching for <gz-common5> component [events]
-- Looking for gz-common5-events -- found version 5.7.1
-- Searching for dependencies of gz-common5-events
-- Looking for gz-math7 -- found version 7.5.2
-- Searching for <gz-common5> component [graphics]
-- Looking for gz-common5-graphics -- found version 5.7.1
-- Searching for dependencies of gz-common5-graphics
-- Looking for gz-math7 -- found version 7.5.2
-- Found GzAssimp: TRUE (found version "5.3.0") 
-- Searching for <gz-common5> component [io]
-- Looking for gz-common5-io -- found version 5.7.1
-- Searching for dependencies of gz-common5-io
-- Searching for <gz-common5> component [profiler]
-- Looking for gz-common5-profiler -- found version 5.7.1
-- Searching for dependencies of gz-common5-profiler
-- Looking for gz-fuel_tools9 -- found version 9.1.1
-- Searching for dependencies of gz-fuel_tools9
-- Found CURL: /usr/lib/x86_64-linux-gnu/libcurl.so (found version "8.5.0")  
-- Checking for module 'jsoncpp'
--   Found jsoncpp, version 1.9.5
-- Found JSONCPP: TRUE  
-- Checking for module 'yaml-0.1'
--   Found yaml-0.1, version 0.2.5
-- Found YAML: TRUE  
-- Checking for module 'libzip'
--   Found libzip, version 1.7.3
-- Found ZIP: TRUE  
-- Looking for gz-utils2 -- found version 2.2.1
-- Looking for gz-common5 -- found version 5.7.1
-- Searching for dependencies of gz-common5
-- Looking for gz-utils2 -- found version 2.2.1
-- Looking for dlfcn.h - found
-- Looking for libdl - found
-- Searching for <gz-common5> component [testing]
-- Looking for gz-common5-testing -- found version 5.7.1
-- Searching for dependencies of gz-common5-testing
-- Looking for gz-math7 -- found version 7.5.2
-- Looking for gz-msgs10 -- found version 10.3.2
-- Looking for gz-gui8 -- found version 8.4.0
-- Searching for dependencies of gz-gui8
-- Looking for gz-utils2 -- found version 2.2.1
-- Looking for gz-math7 -- found version 7.5.2
-- Looking for gz-common5 -- found version 5.7.1
-- Looking for gz-plugin2 -- found version 2.0.4
-- Looking for gz-transport13 -- found version 13.5.0
-- Looking for gz-rendering8 -- found version 8.2.3
-- Searching for dependencies of gz-rendering8
-- Looking for gz-math7 -- found version 7.5.2
-- Searching for dependencies of gz-math7
-- Looking for gz-utils2 -- found version 2.2.1
-- Searching for <gz-math7> component [eigen3]
-- Looking for gz-math7-eigen3 -- found version 7.5.2
-- Searching for dependencies of gz-math7-eigen3
-- Looking for gz-common5 -- found version 5.7.1
-- Searching for dependencies of gz-common5
-- Looking for gz-utils2 -- found version 2.2.1
-- Looking for dlfcn.h - found
-- Looking for libdl - found
-- Searching for <gz-common5> component [graphics]
-- Searching for <gz-common5> component [events]
-- Searching for <gz-common5> component [geospatial]
-- Looking for gz-common5-geospatial -- found version 5.7.1
-- Searching for dependencies of gz-common5-geospatial
-- Looking for gz-math7 -- found version 7.5.2
-- Looking for gz-common5 -- found version 5.7.1
-- Looking for gz-plugin2 -- found version 2.0.4
-- Searching for dependencies of gz-plugin2
-- Looking for gz-utils2 -- found version 2.2.1
-- Searching for <gz-plugin2> component [all]
-- Looking for all libraries of gz-plugin2 -- found version 2.0.4
-- Looking for gz-plugin2 -- found version 2.0.4
-- Looking for gz-utils2 -- found version 2.2.1
-- Found OpenGL: /usr/lib/x86_64-linux-gnu/libOpenGL.so  found components: OpenGL 
-- Looking for gz-msgs10 -- found version 10.3.2
-- Looking for gz-physics7 -- found version 7.6.0
-- Searching for dependencies of gz-physics7
-- Looking for gz-common5 -- found version 5.7.1
-- Looking for gz-math7 -- found version 7.5.2
-- Looking for gz-plugin2 -- found version 2.0.4
-- Looking for gz-utils2 -- found version 2.2.1
-- Searching for <gz-physics7> component [heightmap]
-- Looking for gz-physics7-heightmap -- found version 7.6.0
-- Searching for dependencies of gz-physics7-heightmap
-- Looking for gz-common5 -- found version 5.7.1
-- Searching for <gz-physics7> component [mesh]
-- Looking for gz-physics7-mesh -- found version 7.6.0
-- Searching for dependencies of gz-physics7-mesh
-- Looking for gz-common5 -- found version 5.7.1
-- Searching for <gz-physics7> component [sdf]
-- Looking for gz-physics7-sdf -- found version 7.6.0
-- Searching for dependencies of gz-physics7-sdf
-- Looking for sdformat14 -- found version 14.8.0
-- Looking for gz-sensors8 -- found version 8.2.2
-- Searching for dependencies of gz-sensors8
-- Looking for gz-math7 -- found version 7.5.2
-- Looking for gz-common5 -- found version 5.7.1
-- Looking for gz-transport13 -- found version 13.5.0
-- Looking for gz-rendering8 -- found version 8.2.3
-- Looking for gz-msgs10 -- found version 10.3.2
-- Looking for sdformat14 -- found version 14.8.0
-- Searching for <gz-sensors8> component [air_pressure]
-- Looking for gz-sensors8-air_pressure -- found version 8.2.2
-- Searching for dependencies of gz-sensors8-air_pressure
-- Searching for <gz-sensors8> component [air_speed]
-- Looking for gz-sensors8-air_speed -- found version 8.2.2
-- Searching for dependencies of gz-sensors8-air_speed
-- Searching for <gz-sensors8> component [altimeter]
-- Looking for gz-sensors8-altimeter -- found version 8.2.2
-- Searching for dependencies of gz-sensors8-altimeter
-- Searching for <gz-sensors8> component [imu]
-- Looking for gz-sensors8-imu -- found version 8.2.2
-- Searching for dependencies of gz-sensors8-imu
-- Searching for <gz-sensors8> component [force_torque]
-- Looking for gz-sensors8-force_torque -- found version 8.2.2
-- Searching for dependencies of gz-sensors8-force_torque
-- Searching for <gz-sensors8> component [logical_camera]
-- Looking for gz-sensors8-logical_camera -- found version 8.2.2
-- Searching for dependencies of gz-sensors8-logical_camera
-- Searching for <gz-sensors8> component [magnetometer]
-- Looking for gz-sensors8-magnetometer -- found version 8.2.2
-- Searching for dependencies of gz-sensors8-magnetometer
-- Searching for <gz-sensors8> component [navsat]
-- Looking for gz-sensors8-navsat -- found version 8.2.2
-- Searching for dependencies of gz-sensors8-navsat
-- Searching for <gz-sensors8> component [dvl]
-- Looking for gz-sensors8-dvl -- found version 8.2.2
-- Searching for dependencies of gz-sensors8-dvl
-- Looking for gz-sensors8 -- found version 8.2.2
-- Searching for dependencies of gz-sensors8
-- Looking for gz-math7 -- found version 7.5.2
-- Looking for gz-common5 -- found version 5.7.1
-- Looking for gz-transport13 -- found version 13.5.0
-- Looking for gz-rendering8 -- found version 8.2.3
-- Looking for gz-msgs10 -- found version 10.3.2
-- Looking for sdformat14 -- found version 14.8.0
-- Searching for <gz-sensors8> component [rendering]
-- Looking for gz-sensors8-rendering -- found version 8.2.2
-- Searching for dependencies of gz-sensors8-rendering
-- Searching for <gz-sensors8> component [rendering]
-- Searching for <gz-sensors8> component [lidar]
-- Looking for gz-sensors8-lidar -- found version 8.2.2
-- Searching for dependencies of gz-sensors8-lidar
-- Looking for gz-sensors8 -- found version 8.2.2
-- Searching for <gz-sensors8> component [gpu_lidar]
-- Looking for gz-sensors8-gpu_lidar -- found version 8.2.2
-- Searching for dependencies of gz-sensors8-gpu_lidar
-- Looking for gz-sensors8 -- found version 8.2.2
-- Searching for <gz-sensors8> component [camera]
-- Looking for gz-sensors8-camera -- found version 8.2.2
-- Searching for dependencies of gz-sensors8-camera
-- Looking for gz-sensors8 -- found version 8.2.2
-- Searching for <gz-sensors8> component [boundingbox_camera]
-- Looking for gz-sensors8-boundingbox_camera -- found version 8.2.2
-- Searching for dependencies of gz-sensors8-boundingbox_camera
-- Searching for <gz-sensors8> component [segmentation_camera]
-- Looking for gz-sensors8-segmentation_camera -- found version 8.2.2
-- Searching for dependencies of gz-sensors8-segmentation_camera
-- Searching for <gz-sensors8> component [depth_camera]
-- Looking for gz-sensors8-depth_camera -- found version 8.2.2
-- Searching for dependencies of gz-sensors8-depth_camera
-- Looking for gz-sensors8 -- found version 8.2.2
-- Searching for <gz-sensors8> component [rgbd_camera]
-- Looking for gz-sensors8-rgbd_camera -- found version 8.2.2
-- Searching for dependencies of gz-sensors8-rgbd_camera
-- Looking for gz-sensors8 -- found version 8.2.2
-- Searching for <gz-sensors8> component [thermal_camera]
-- Looking for gz-sensors8-thermal_camera -- found version 8.2.2
-- Searching for dependencies of gz-sensors8-thermal_camera
-- Looking for gz-sensors8 -- found version 8.2.2
-- Searching for <gz-sensors8> component [wide_angle_camera]
-- Looking for gz-sensors8-wide_angle_camera -- found version 8.2.2
-- Searching for dependencies of gz-sensors8-wide_angle_camera
-- Looking for gz-rendering8 -- found version 8.2.3
-- Looking for gz-math7 -- found version 7.5.2
-- Looking for gz-utils2 -- found version 2.2.1
-- Looking for gz-plugin2 -- found version 2.0.4
-- Looking for gz-gui8 -- found version 8.4.0
-- Looking for gz-msgs10 -- found version 10.3.2
-- Looking for gz-transport13 -- found version 13.5.0
-- Looking for gz-rendering8 -- found version 8.2.3
-- Found rmf_fleet_msgs: 4.0.0 (/rmf_demos_ws/install/rmf_fleet_msgs/share/rmf_fleet_msgs/cmake)
-- Found menge_vendor: 1.4.0 (/rmf_demos_ws/install/menge_vendor/share/menge_vendor/cmake)
-- Configuring done (6.3s)
-- Generating done (0.2s)
-- Build files have been written to: /home/maria/rmf_ws/build/rmf_building_sim_gz_plugins
[  0%] Built target door_autogen_timestamp_deps
[  0%] Built target lift_autogen_timestamp_deps
[  0%] Built target toggle_floors_autogen_timestamp_deps
[  0%] Built target toggle_charging_autogen_timestamp_deps
[  0%] Built target register_component_autogen_timestamp_deps
[  0%] Built target crowd_simulator_autogen_timestamp_deps
[  2%] [34m[1mAutomatic MOC for target door[0m
[  5%] [34m[1mAutomatic MOC for target lift[0m
[  8%] [34m[1mAutomatic MOC for target toggle_floors[0m
[ 11%] [34m[1mAutomatic MOC for target register_component[0m
[ 13%] [34m[1mAutomatic MOC for target toggle_charging[0m
[ 13%] Built target door_autogen
[ 13%] Built target lift_autogen
[ 13%] Built target register_component_autogen
[ 16%] [34m[1mAutomatic MOC for target crowd_simulator[0m
[ 19%] [32mBuilding CXX object CMakeFiles/door.dir/door_autogen/mocs_compilation.cpp.o[0m
[ 22%] [32mBuilding CXX object CMakeFiles/door.dir/src/door.cpp.o[0m
[ 25%] [32mBuilding CXX object CMakeFiles/lift.dir/lift_autogen/mocs_compilation.cpp.o[0m
[ 27%] [32mBuilding CXX object CMakeFiles/lift.dir/src/lift.cpp.o[0m
[ 30%] [32mBuilding CXX object CMakeFiles/register_component.dir/register_component_autogen/mocs_compilation.cpp.o[0m
[ 33%] [32mBuilding CXX object CMakeFiles/register_component.dir/src/register_component.cpp.o[0m
[ 33%] Built target crowd_simulator_autogen
[ 36%] [32mBuilding CXX object CMakeFiles/crowd_simulator.dir/src/crowd_simulator.cpp.o[0m
[ 38%] [32mBuilding CXX object CMakeFiles/crowd_simulator.dir/crowd_simulator_autogen/mocs_compilation.cpp.o[0m
[ 38%] Built target toggle_charging_autogen
[ 41%] [34m[1mGenerating qrc_toggle_charging.cpp[0m
[ 44%] [32mBuilding CXX object CMakeFiles/toggle_charging.dir/toggle_charging_autogen/mocs_compilation.cpp.o[0m
[ 47%] [32mBuilding CXX object CMakeFiles/toggle_charging.dir/src/toggle_charging/toggle_charging.cpp.o[0m
[ 50%] [32mBuilding CXX object CMakeFiles/toggle_charging.dir/qrc_toggle_charging.cpp.o[0m
[ 50%] Built target toggle_floors_autogen
[ 52%] [34m[1mGenerating qrc_toggle_floors.cpp[0m
[ 55%] [32mBuilding CXX object CMakeFiles/toggle_floors.dir/toggle_floors_autogen/mocs_compilation.cpp.o[0m
[ 58%] [32mBuilding CXX object CMakeFiles/toggle_floors.dir/qrc_toggle_charging.cpp.o[0m
[ 61%] [32mBuilding CXX object CMakeFiles/toggle_floors.dir/src/toggle_floors/toggle_floors.cpp.o[0m
[ 63%] [32mBuilding CXX object CMakeFiles/toggle_floors.dir/qrc_toggle_floors.cpp.o[0m
[ 66%] [32m[1mLinking CXX shared library libtoggle_charging.so[0m
[ 69%] Built target toggle_charging
[ 72%] [32m[1mLinking CXX shared library libregister_component.so[0m
[ 75%] Built target register_component
[ 77%] [32m[1mLinking CXX shared library libdoor.so[0m
[ 80%] [32m[1mLinking CXX shared library libcrowd_simulator.so[0m
[ 83%] Built target door
[ 86%] Built target crowd_simulator
[ 88%] [32m[1mLinking CXX shared library libtoggle_floors.so[0m
[ 94%] Built target toggle_floors
[ 97%] [32m[1mLinking CXX shared library liblift.so[0m
[100%] Built target lift
-- Install configuration: ""
-- Installing: /home/maria/rmf_ws/install/rmf_building_sim_gz_plugins/share/rmf_building_sim_gz_plugins/environment/rmf_building_sim_gz_plugins.dsv
-- Installing: /home/maria/rmf_ws/install/rmf_building_sim_gz_plugins/lib/rmf_building_sim_gz_plugins/libdoor.so
-- Set non-toolchain portion of runtime path of "/home/maria/rmf_ws/install/rmf_building_sim_gz_plugins/lib/rmf_building_sim_gz_plugins/libdoor.so" to ""
-- Installing: /home/maria/rmf_ws/install/rmf_building_sim_gz_plugins/lib/rmf_building_sim_gz_plugins/liblift.so
-- Set non-toolchain portion of runtime path of "/home/maria/rmf_ws/install/rmf_building_sim_gz_plugins/lib/rmf_building_sim_gz_plugins/liblift.so" to ""
-- Installing: /home/maria/rmf_ws/install/rmf_building_sim_gz_plugins/lib/rmf_building_sim_gz_plugins/libcrowd_simulator.so
-- Set non-toolchain portion of runtime path of "/home/maria/rmf_ws/install/rmf_building_sim_gz_plugins/lib/rmf_building_sim_gz_plugins/libcrowd_simulator.so" to ""
-- Installing: /home/maria/rmf_ws/install/rmf_building_sim_gz_plugins/lib/rmf_building_sim_gz_plugins/libtoggle_charging.so
-- Set non-toolchain portion of runtime path of "/home/maria/rmf_ws/install/rmf_building_sim_gz_plugins/lib/rmf_building_sim_gz_plugins/libtoggle_charging.so" to ""
-- Installing: /home/maria/rmf_ws/install/rmf_building_sim_gz_plugins/lib/rmf_building_sim_gz_plugins/libtoggle_floors.so
-- Set non-toolchain portion of runtime path of "/home/maria/rmf_ws/install/rmf_building_sim_gz_plugins/lib/rmf_building_sim_gz_plugins/libtoggle_floors.so" to ""
-- Installing: /home/maria/rmf_ws/install/rmf_building_sim_gz_plugins/lib/rmf_building_sim_gz_plugins/libregister_component.so
-- Set non-toolchain portion of runtime path of "/home/maria/rmf_ws/install/rmf_building_sim_gz_plugins/lib/rmf_building_sim_gz_plugins/libregister_component.so" to ""
-- Installing: /home/maria/rmf_ws/install/rmf_building_sim_gz_plugins/include
-- Installing: /home/maria/rmf_ws/install/rmf_building_sim_gz_plugins/include/rmf_building_sim_gz_plugins
-- Installing: /home/maria/rmf_ws/install/rmf_building_sim_gz_plugins/include/rmf_building_sim_gz_plugins/utils.hpp
-- Installing: /home/maria/rmf_ws/install/rmf_building_sim_gz_plugins/include/rmf_building_sim_gz_plugins/components
-- Installing: /home/maria/rmf_ws/install/rmf_building_sim_gz_plugins/include/rmf_building_sim_gz_plugins/components/Door.hpp
-- Installing: /home/maria/rmf_ws/install/rmf_building_sim_gz_plugins/include/rmf_building_sim_gz_plugins/components/Charger.hpp
-- Installing: /home/maria/rmf_ws/install/rmf_building_sim_gz_plugins/include/rmf_building_sim_gz_plugins/components/Lift.hpp
-- Installing: /home/maria/rmf_ws/install/rmf_building_sim_gz_plugins/share/ament_index/resource_index/package_run_dependencies/rmf_building_sim_gz_plugins
-- Installing: /home/maria/rmf_ws/install/rmf_building_sim_gz_plugins/share/ament_index/resource_index/parent_prefix_path/rmf_building_sim_gz_plugins
-- Installing: /home/maria/rmf_ws/install/rmf_building_sim_gz_plugins/share/rmf_building_sim_gz_plugins/environment/ament_prefix_path.sh
-- Installing: /home/maria/rmf_ws/install/rmf_building_sim_gz_plugins/share/rmf_building_sim_gz_plugins/environment/ament_prefix_path.dsv
-- Installing: /home/maria/rmf_ws/install/rmf_building_sim_gz_plugins/share/rmf_building_sim_gz_plugins/environment/path.sh
-- Installing: /home/maria/rmf_ws/install/rmf_building_sim_gz_plugins/share/rmf_building_sim_gz_plugins/environment/path.dsv
-- Installing: /home/maria/rmf_ws/install/rmf_building_sim_gz_plugins/share/rmf_building_sim_gz_plugins/local_setup.bash
-- Installing: /home/maria/rmf_ws/install/rmf_building_sim_gz_plugins/share/rmf_building_sim_gz_plugins/local_setup.sh
-- Installing: /home/maria/rmf_ws/install/rmf_building_sim_gz_plugins/share/rmf_building_sim_gz_plugins/local_setup.zsh
-- Installing: /home/maria/rmf_ws/install/rmf_building_sim_gz_plugins/share/rmf_building_sim_gz_plugins/local_setup.dsv
-- Installing: /home/maria/rmf_ws/install/rmf_building_sim_gz_plugins/share/rmf_building_sim_gz_plugins/package.dsv
-- Installing: /home/maria/rmf_ws/install/rmf_building_sim_gz_plugins/share/ament_index/resource_index/packages/rmf_building_sim_gz_plugins
-- Installing: /home/maria/rmf_ws/install/rmf_building_sim_gz_plugins/share/rmf_building_sim_gz_plugins/cmake/ament_cmake_export_include_directories-extras.cmake
-- Installing: /home/maria/rmf_ws/install/rmf_building_sim_gz_plugins/share/rmf_building_sim_gz_plugins/cmake/rmf_building_sim_gz_pluginsConfig.cmake
-- Installing: /home/maria/rmf_ws/install/rmf_building_sim_gz_plugins/share/rmf_building_sim_gz_plugins/cmake/rmf_building_sim_gz_pluginsConfig-version.cmake
-- Installing: /home/maria/rmf_ws/install/rmf_building_sim_gz_plugins/share/rmf_building_sim_gz_plugins/package.xml
