-- Found ament_cmake: 2.5.5 (/opt/ros/jazzy/share/ament_cmake/cmake)
-- Override CMake install command with custom implementation using symlinks instead of copying resources
-- Configuring done (0.7s)
-- Generating done (0.0s)
-- Build files have been written to: /home/maria/rmf_ws/build/rmf_visualization
-- Install configuration: ""
-- Execute custom install script
-- Up-to-date symlink: /home/maria/rmf_ws/install/rmf_visualization/share/rmf_visualization/visualization.launch.xml
-- Up-to-date symlink: /home/maria/rmf_ws/install/rmf_visualization/share/ament_index/resource_index/package_run_dependencies/rmf_visualization
-- Up-to-date symlink: /home/maria/rmf_ws/install/rmf_visualization/share/ament_index/resource_index/parent_prefix_path/rmf_visualization
-- Up-to-date symlink: /home/maria/rmf_ws/install/rmf_visualization/share/rmf_visualization/environment/ament_prefix_path.sh
-- Up-to-date symlink: /home/maria/rmf_ws/install/rmf_visualization/share/rmf_visualization/environment/ament_prefix_path.dsv
-- Up-to-date symlink: /home/maria/rmf_ws/install/rmf_visualization/share/rmf_visualization/environment/path.sh
-- Up-to-date symlink: /home/maria/rmf_ws/install/rmf_visualization/share/rmf_visualization/environment/path.dsv
-- Up-to-date symlink: /home/maria/rmf_ws/install/rmf_visualization/share/rmf_visualization/local_setup.bash
-- Up-to-date symlink: /home/maria/rmf_ws/install/rmf_visualization/share/rmf_visualization/local_setup.sh
-- Up-to-date symlink: /home/maria/rmf_ws/install/rmf_visualization/share/rmf_visualization/local_setup.zsh
-- Up-to-date symlink: /home/maria/rmf_ws/install/rmf_visualization/share/rmf_visualization/local_setup.dsv
-- Symlinking: /home/maria/rmf_ws/install/rmf_visualization/share/rmf_visualization/package.dsv
-- Up-to-date symlink: /home/maria/rmf_ws/install/rmf_visualization/share/ament_index/resource_index/packages/rmf_visualization
-- Up-to-date symlink: /home/maria/rmf_ws/install/rmf_visualization/share/rmf_visualization/cmake/rmf_visualizationConfig.cmake
-- Up-to-date symlink: /home/maria/rmf_ws/install/rmf_visualization/share/rmf_visualization/cmake/rmf_visualizationConfig-version.cmake
-- Up-to-date symlink: /home/maria/rmf_ws/install/rmf_visualization/share/rmf_visualization/package.xml
