-- Found eigen3_cmake_module: 0.3.0 (/opt/ros/jazzy/share/eigen3_cmake_module/cmake)
-- Found ament_cmake: 2.5.5 (/opt/ros/jazzy/share/ament_cmake/cmake)
-- Override CMake install command with custom implementation using symlinks instead of copying resources
-- Found rclcpp: 28.1.16 (/opt/ros/jazzy/share/rclcpp/cmake)
-- Found rosidl_generator_c: 4.6.7 (/opt/ros/jazzy/share/rosidl_generator_c/cmake)
-- Found rosidl_generator_cpp: 4.6.7 (/opt/ros/jazzy/share/rosidl_generator_cpp/cmake)
-- Using all available rosidl_typesupport_c: rosidl_typesupport_fastrtps_c;rosidl_typesupport_introspection_c
-- Using all available rosidl_typesupport_cpp: rosidl_typesupport_fastrtps_cpp;rosidl_typesupport_introspection_cpp
-- Found rmw_implementation_cmake: 7.3.3 (/opt/ros/jazzy/share/rmw_implementation_cmake/cmake)
-- Found rmw_fastrtps_cpp: 8.4.3 (/opt/ros/jazzy/share/rmw_fastrtps_cpp/cmake)
-- Using RMW implementation 'rmw_fastrtps_cpp' as default
-- Found geometry_msgs: 5.3.6 (/opt/ros/jazzy/share/geometry_msgs/cmake)
-- Found tf2_ros: 0.36.19 (/opt/ros/jazzy/share/tf2_ros/cmake)
-- Found rmf_fleet_msgs: 4.0.0 (/rmf_demos_ws/install/rmf_fleet_msgs/share/rmf_fleet_msgs/cmake)
-- Found rmf_building_map_msgs: 1.6.0 (/rmf_demos_ws/install/rmf_building_map_msgs/share/rmf_building_map_msgs/cmake)
-- Configuring done (1.3s)
-- Generating done (0.0s)
-- Build files have been written to: /home/maria/rmf_ws/build/rmf_robot_sim_common
[ 33%] Built target slotcar_common
[ 66%] Built target rmf_robot_sim_utils
[100%] Built target readonly_common
-- Install configuration: ""
-- Execute custom install script
-- Up-to-date symlink: /home/maria/rmf_ws/install/rmf_robot_sim_common/share/rmf_robot_sim_common/environment/library_path.sh
-- Up-to-date symlink: /home/maria/rmf_ws/install/rmf_robot_sim_common/share/rmf_robot_sim_common/environment/library_path.dsv
-- Up-to-date symlink: /home/maria/rmf_ws/install/rmf_robot_sim_common/include/rmf_robot_sim_common/readonly_common.hpp
-- Up-to-date symlink: /home/maria/rmf_ws/install/rmf_robot_sim_common/include/rmf_robot_sim_common/slotcar_common.hpp
-- Up-to-date symlink: /home/maria/rmf_ws/install/rmf_robot_sim_common/include/rmf_robot_sim_common/utils.hpp
-- Up-to-date symlink: /home/maria/rmf_ws/install/rmf_robot_sim_common/share/ament_index/resource_index/package_run_dependencies/rmf_robot_sim_common
-- Up-to-date symlink: /home/maria/rmf_ws/install/rmf_robot_sim_common/share/ament_index/resource_index/parent_prefix_path/rmf_robot_sim_common
-- Up-to-date symlink: /home/maria/rmf_ws/install/rmf_robot_sim_common/share/rmf_robot_sim_common/environment/ament_prefix_path.sh
-- Up-to-date symlink: /home/maria/rmf_ws/install/rmf_robot_sim_common/share/rmf_robot_sim_common/environment/ament_prefix_path.dsv
-- Up-to-date symlink: /home/maria/rmf_ws/install/rmf_robot_sim_common/share/rmf_robot_sim_common/environment/path.sh
-- Up-to-date symlink: /home/maria/rmf_ws/install/rmf_robot_sim_common/share/rmf_robot_sim_common/environment/path.dsv
-- Up-to-date symlink: /home/maria/rmf_ws/install/rmf_robot_sim_common/share/rmf_robot_sim_common/local_setup.bash
-- Up-to-date symlink: /home/maria/rmf_ws/install/rmf_robot_sim_common/share/rmf_robot_sim_common/local_setup.sh
-- Up-to-date symlink: /home/maria/rmf_ws/install/rmf_robot_sim_common/share/rmf_robot_sim_common/local_setup.zsh
-- Up-to-date symlink: /home/maria/rmf_ws/install/rmf_robot_sim_common/share/rmf_robot_sim_common/local_setup.dsv
-- Symlinking: /home/maria/rmf_ws/install/rmf_robot_sim_common/share/rmf_robot_sim_common/package.dsv
-- Up-to-date symlink: /home/maria/rmf_ws/install/rmf_robot_sim_common/share/ament_index/resource_index/packages/rmf_robot_sim_common
-- Up-to-date symlink: /home/maria/rmf_ws/install/rmf_robot_sim_common/share/rmf_robot_sim_common/cmake/ament_cmake_export_dependencies-extras.cmake
-- Up-to-date symlink: /home/maria/rmf_ws/install/rmf_robot_sim_common/share/rmf_robot_sim_common/cmake/ament_cmake_export_include_directories-extras.cmake
-- Up-to-date symlink: /home/maria/rmf_ws/install/rmf_robot_sim_common/share/rmf_robot_sim_common/cmake/ament_cmake_export_targets-extras.cmake
-- Up-to-date symlink: /home/maria/rmf_ws/install/rmf_robot_sim_common/share/rmf_robot_sim_common/cmake/rmf_robot_sim_commonConfig.cmake
-- Up-to-date symlink: /home/maria/rmf_ws/install/rmf_robot_sim_common/share/rmf_robot_sim_common/cmake/rmf_robot_sim_commonConfig-version.cmake
-- Up-to-date symlink: /home/maria/rmf_ws/install/rmf_robot_sim_common/share/rmf_robot_sim_common/package.xml
-- Up-to-date: /home/maria/rmf_ws/install/rmf_robot_sim_common/lib/libreadonly_common.so
-- Up-to-date: /home/maria/rmf_ws/install/rmf_robot_sim_common/lib/librmf_robot_sim_utils.so
-- Up-to-date: /home/maria/rmf_ws/install/rmf_robot_sim_common/lib/libslotcar_common.so
-- Up-to-date: /home/maria/rmf_ws/install/rmf_robot_sim_common/share/rmf_robot_sim_common/cmake/rmf_robot_sim_utilsExport.cmake
-- Up-to-date: /home/maria/rmf_ws/install/rmf_robot_sim_common/share/rmf_robot_sim_common/cmake/rmf_robot_sim_utilsExport-noconfig.cmake
-- Up-to-date: /home/maria/rmf_ws/install/rmf_robot_sim_common/share/rmf_robot_sim_common/cmake/readonly_commonExport.cmake
-- Up-to-date: /home/maria/rmf_ws/install/rmf_robot_sim_common/share/rmf_robot_sim_common/cmake/readonly_commonExport-noconfig.cmake
-- Up-to-date: /home/maria/rmf_ws/install/rmf_robot_sim_common/share/rmf_robot_sim_common/cmake/slotcar_commonExport.cmake
-- Up-to-date: /home/maria/rmf_ws/install/rmf_robot_sim_common/share/rmf_robot_sim_common/cmake/slotcar_commonExport-noconfig.cmake
