[0.644s] Invoking command in '/home/maria/Documentos/GitHub/IR2134/rmf_ws/src/project/project_fleet_adapter': PYTHONPATH=/home/maria/Documentos/GitHub/IR2134/rmf_ws/build/rmf_demos_fleet_adapter/prefix_override:/usr/lib/python3/dist-packages/colcon_core/task/python/colcon_distutils_commands:/home/maria/Documentos/GitHub/IR2134/rmf_ws/install/rmf_demos_fleet_adapter/lib/python3.10/site-packages:${PYTHONPATH} /usr/bin/python3 -W ignore:setup.py install is deprecated -W ignore:easy_install command is deprecated setup.py egg_info --egg-base ../../../build/rmf_demos_fleet_adapter build --build-base /home/maria/Documentos/GitHub/IR2134/rmf_ws/build/rmf_demos_fleet_adapter/build install --record /home/maria/Documentos/GitHub/IR2134/rmf_ws/build/rmf_demos_fleet_adapter/install.log --single-version-externally-managed install_data
[0.755s] /home/maria/.local/lib/python3.10/site-packages/setuptools/_distutils/dist.py:289: UserWarning: Unknown distribution option: 'tests_require'
[0.755s]   warnings.warn(msg)
[0.833s] running egg_info
[0.845s] writing ../../../build/rmf_demos_fleet_adapter/rmf_demos_fleet_adapter.egg-info/PKG-INFO
[0.845s] writing dependency_links to ../../../build/rmf_demos_fleet_adapter/rmf_demos_fleet_adapter.egg-info/dependency_links.txt
[0.845s] writing entry points to ../../../build/rmf_demos_fleet_adapter/rmf_demos_fleet_adapter.egg-info/entry_points.txt
[0.845s] writing requirements to ../../../build/rmf_demos_fleet_adapter/rmf_demos_fleet_adapter.egg-info/requires.txt
[0.846s] writing top-level names to ../../../build/rmf_demos_fleet_adapter/rmf_demos_fleet_adapter.egg-info/top_level.txt
[0.872s] reading manifest file '../../../build/rmf_demos_fleet_adapter/rmf_demos_fleet_adapter.egg-info/SOURCES.txt'
[0.873s] writing manifest file '../../../build/rmf_demos_fleet_adapter/rmf_demos_fleet_adapter.egg-info/SOURCES.txt'
[0.874s] running build
[0.874s] running build_py
[0.874s] copying test/test_copyright.py -> /home/maria/Documentos/GitHub/IR2134/rmf_ws/build/rmf_demos_fleet_adapter/build/lib/test
[0.874s] copying test/test_pep257.py -> /home/maria/Documentos/GitHub/IR2134/rmf_ws/build/rmf_demos_fleet_adapter/build/lib/test
[0.874s] copying test/test_flake8.py -> /home/maria/Documentos/GitHub/IR2134/rmf_ws/build/rmf_demos_fleet_adapter/build/lib/test
[0.874s] copying test/__init__.py -> /home/maria/Documentos/GitHub/IR2134/rmf_ws/build/rmf_demos_fleet_adapter/build/lib/test
[0.874s] copying rmf_demos_fleet_adapter/fleet_adapter.py -> /home/maria/Documentos/GitHub/IR2134/rmf_ws/build/rmf_demos_fleet_adapter/build/lib/rmf_demos_fleet_adapter
[0.874s] copying rmf_demos_fleet_adapter/RobotClientAPI.py -> /home/maria/Documentos/GitHub/IR2134/rmf_ws/build/rmf_demos_fleet_adapter/build/lib/rmf_demos_fleet_adapter
[0.874s] copying rmf_demos_fleet_adapter/manage_lane.py -> /home/maria/Documentos/GitHub/IR2134/rmf_ws/build/rmf_demos_fleet_adapter/build/lib/rmf_demos_fleet_adapter
[0.874s] copying rmf_demos_fleet_adapter/fleet_manager.py -> /home/maria/Documentos/GitHub/IR2134/rmf_ws/build/rmf_demos_fleet_adapter/build/lib/rmf_demos_fleet_adapter
[0.875s] copying rmf_demos_fleet_adapter/__init__.py -> /home/maria/Documentos/GitHub/IR2134/rmf_ws/build/rmf_demos_fleet_adapter/build/lib/rmf_demos_fleet_adapter
[0.875s] running install
[0.878s] running install_lib
[0.892s] running install_data
[0.892s] copying resource/rmf_demos_fleet_adapter -> /home/maria/Documentos/GitHub/IR2134/rmf_ws/install/rmf_demos_fleet_adapter/share/ament_index/resource_index/packages
[0.892s] copying package.xml -> /home/maria/Documentos/GitHub/IR2134/rmf_ws/install/rmf_demos_fleet_adapter/share/rmf_demos_fleet_adapter
[0.892s] copying config.yaml -> /home/maria/Documentos/GitHub/IR2134/rmf_ws/install/rmf_demos_fleet_adapter/share/rmf_demos_fleet_adapter
[0.892s] copying launch/fleet_adapter.launch.xml -> /home/maria/Documentos/GitHub/IR2134/rmf_ws/install/rmf_demos_fleet_adapter/share/rmf_demos_fleet_adapter/launch
[0.892s] running install_egg_info
[0.906s] removing '/home/maria/Documentos/GitHub/IR2134/rmf_ws/install/rmf_demos_fleet_adapter/lib/python3.10/site-packages/rmf_demos_fleet_adapter-2.8.1-py3.10.egg-info' (and everything under it)
[0.906s] Copying ../../../build/rmf_demos_fleet_adapter/rmf_demos_fleet_adapter.egg-info to /home/maria/Documentos/GitHub/IR2134/rmf_ws/install/rmf_demos_fleet_adapter/lib/python3.10/site-packages/rmf_demos_fleet_adapter-2.8.1-py3.10.egg-info
[0.907s] running install_scripts
[0.934s] Installing fleet_adapter script to /home/maria/Documentos/GitHub/IR2134/rmf_ws/install/rmf_demos_fleet_adapter/lib/rmf_demos_fleet_adapter
[0.934s] Installing fleet_manager script to /home/maria/Documentos/GitHub/IR2134/rmf_ws/install/rmf_demos_fleet_adapter/lib/rmf_demos_fleet_adapter
[0.934s] Installing manage_lane script to /home/maria/Documentos/GitHub/IR2134/rmf_ws/install/rmf_demos_fleet_adapter/lib/rmf_demos_fleet_adapter
[0.934s] writing list of installed files to '/home/maria/Documentos/GitHub/IR2134/rmf_ws/build/rmf_demos_fleet_adapter/install.log'
[0.950s] Invoked command in '/home/maria/Documentos/GitHub/IR2134/rmf_ws/src/project/project_fleet_adapter' returned '0': PYTHONPATH=/home/maria/Documentos/GitHub/IR2134/rmf_ws/build/rmf_demos_fleet_adapter/prefix_override:/usr/lib/python3/dist-packages/colcon_core/task/python/colcon_distutils_commands:/home/maria/Documentos/GitHub/IR2134/rmf_ws/install/rmf_demos_fleet_adapter/lib/python3.10/site-packages:${PYTHONPATH} /usr/bin/python3 -W ignore:setup.py install is deprecated -W ignore:easy_install command is deprecated setup.py egg_info --egg-base ../../../build/rmf_demos_fleet_adapter build --build-base /home/maria/Documentos/GitHub/IR2134/rmf_ws/build/rmf_demos_fleet_adapter/build install --record /home/maria/Documentos/GitHub/IR2134/rmf_ws/build/rmf_demos_fleet_adapter/install.log --single-version-externally-managed install_data
