[0.008s] Invoking command in '/home/maria/Documentos/GitHub/IR2134/rmf_ws/build/rmf_demos_assets': /usr/bin/cmake /home/maria/Documentos/GitHub/IR2134/rmf_ws/src/project/project_assets -DCMAKE_INSTALL_PREFIX=/home/maria/Documentos/GitHub/IR2134/rmf_ws/install/rmf_demos_assets
[0.131s] -- The C compiler identification is GNU 11.4.0
[0.212s] -- The CXX compiler identification is GNU 11.4.0
[0.220s] -- Detecting C compiler ABI info
[0.278s] -- Detecting C compiler ABI info - done
[0.283s] -- Check for working C compiler: /usr/lib/ccache/cc - skipped
[0.284s] -- Detecting C compile features
[0.284s] -- Detecting C compile features - done
[0.286s] -- Detecting CXX compiler ABI info
[0.352s] -- Detecting CXX compiler ABI info - done
[0.360s] -- Check for working CXX compiler: /usr/lib/ccache/c++ - skipped
[0.360s] -- Detecting CXX compile features
[0.360s] -- Detecting CXX compile features - done
[0.375s] [31mCMake Error at CMakeLists.txt:5 (find_package):
[0.375s]   By not providing "Findament_cmake.cmake" in CMAKE_MODULE_PATH this project
[0.375s]   has asked CMake to find a package configuration file provided by
[0.375s]   "ament_cmake", but CMake did not find one.
[0.375s] 
[0.375s]   Could not find a package configuration file provided by "ament_cmake" with
[0.375s]   any of the following names:
[0.375s] 
[0.375s]     ament_cmakeConfig.cmake
[0.375s]     ament_cmake-config.cmake
[0.375s] 
[0.375s]   Add the installation prefix of "ament_cmake" to CMAKE_PREFIX_PATH or set
[0.375s]   "ament_cmake_DIR" to a directory containing one of the above files.  If
[0.375s]   "ament_cmake" provides a separate development package or SDK, be sure it
[0.375s]   has been installed.
[0.375s] 
[0.375s] [0m
[0.375s] -- Configuring incomplete, errors occurred!
[0.375s] See also "/home/maria/Documentos/GitHub/IR2134/rmf_ws/build/rmf_demos_assets/CMakeFiles/CMakeOutput.log".
[0.380s] Invoked command in '/home/maria/Documentos/GitHub/IR2134/rmf_ws/build/rmf_demos_assets' returned '1': /usr/bin/cmake /home/maria/Documentos/GitHub/IR2134/rmf_ws/src/project/project_assets -DCMAKE_INSTALL_PREFIX=/home/maria/Documentos/GitHub/IR2134/rmf_ws/install/rmf_demos_assets
