-- The C compiler identification is GNU 13.3.0
-- The CXX compiler identification is GNU 13.3.0
-- Detecting C compiler ABI info
-- Detecting C compiler ABI info - done
-- Check for working C compiler: /usr/bin/cc - skipped
-- Detecting C compile features
-- Detecting C compile features - done
-- Detecting CXX compiler ABI info
-- Detecting CXX compiler ABI info - done
-- Check for working CXX compiler: /usr/bin/c++ - skipped
-- Detecting CXX compile features
-- Detecting CXX compile features - done
-- Found ament_cmake: 2.5.5 (/opt/ros/jazzy/share/ament_cmake/cmake)
-- Found Python3: /usr/bin/python3 (found version "3.12.3") found components: Interpreter 
-- Override CMake install command with custom implementation using symlinks instead of copying resources
-- Configuring done (1.0s)
-- Generating done (0.0s)
-- Build files have been written to: /home/maria/rmf_ws/build/project_config
-- Install configuration: ""
-- Execute custom install script
-- Symlinking: /home/maria/rmf_ws/install/project_config/share/project_config/classroom.launch.xml
-- Symlinking: /home/maria/rmf_ws/install/project_config/share/project_config/common.launch.xml
-- Symlinking: /home/maria/rmf_ws/install/project_config/share/project_config/estce.launch.xml
-- Symlinking: /home/maria/rmf_ws/install/project_config/share/project_config/include/classroom/classroom.rviz
-- Symlinking: /home/maria/rmf_ws/install/project_config/share/project_config/include/estce/estce.rviz
-- Symlinking: /home/maria/rmf_ws/install/project_config/share/project_config/include/test1/test1.rviz
-- Symlinking: /home/maria/rmf_ws/install/project_config/share/project_config/test1.launch.xml
-- Symlinking: /home/maria/rmf_ws/install/project_config/share/project_config/visualization.launch.xml
-- Symlinking: /home/maria/rmf_ws/install/project_config/share/project_config/config/classroom/tinyRobot_config.yaml
-- Symlinking: /home/maria/rmf_ws/install/project_config/share/project_config/config/estce/cleanerBotA_config.yaml
-- Symlinking: /home/maria/rmf_ws/install/project_config/share/project_config/config/estce/deliveryRobot_config.yaml
-- Symlinking: /home/maria/rmf_ws/install/project_config/share/project_config/config/estce/tinyRobot_config.yaml
-- Symlinking: /home/maria/rmf_ws/install/project_config/share/project_config/config/test1/tinyRobot_config.yaml
-- Symlinking: /home/maria/rmf_ws/install/project_config/share/ament_index/resource_index/package_run_dependencies/project_config
-- Symlinking: /home/maria/rmf_ws/install/project_config/share/ament_index/resource_index/parent_prefix_path/project_config
-- Symlinking: /home/maria/rmf_ws/install/project_config/share/project_config/environment/ament_prefix_path.sh
-- Symlinking: /home/maria/rmf_ws/install/project_config/share/project_config/environment/ament_prefix_path.dsv
-- Symlinking: /home/maria/rmf_ws/install/project_config/share/project_config/environment/path.sh
-- Symlinking: /home/maria/rmf_ws/install/project_config/share/project_config/environment/path.dsv
-- Symlinking: /home/maria/rmf_ws/install/project_config/share/project_config/local_setup.bash
-- Symlinking: /home/maria/rmf_ws/install/project_config/share/project_config/local_setup.sh
-- Symlinking: /home/maria/rmf_ws/install/project_config/share/project_config/local_setup.zsh
-- Symlinking: /home/maria/rmf_ws/install/project_config/share/project_config/local_setup.dsv
-- Symlinking: /home/maria/rmf_ws/install/project_config/share/project_config/package.dsv
-- Symlinking: /home/maria/rmf_ws/install/project_config/share/ament_index/resource_index/packages/project_config
-- Symlinking: /home/maria/rmf_ws/install/project_config/share/project_config/cmake/project_configConfig.cmake
-- Symlinking: /home/maria/rmf_ws/install/project_config/share/project_config/cmake/project_configConfig-version.cmake
-- Symlinking: /home/maria/rmf_ws/install/project_config/share/project_config/package.xml
