[0.021s] Invoking command in '/home/maria/rmf_ws/build/rmf_robot_sim_gz_plugins': CMAKE_PREFIX_PATH=/home/maria/rmf_ws/install/rmf_robot_sim_common:/home/maria/rmf_ws/install/rmf_building_sim_gz_plugins:/home/maria/rmf_ws/install/project_config:/home/maria/rmf_ws/install/rmf_visualization:/home/maria/rmf_ws/install/rmf_visualization_schedule:/home/maria/rmf_ws/install/rmf_visualization_rviz2_plugins:/home/maria/rmf_ws/install/rmf_visualization_obstacles:/home/maria/rmf_ws/install/rmf_visualization_navgraphs:/home/maria/rmf_ws/install/rmf_visualization_floorplans:/home/maria/rmf_ws/install/rmf_visualization_fleet_states:/home/maria/rmf_ws/install/rmf_robot_sim_gz_plugins:/home/maria/rmf_ws/install/project_simulation:/home/maria/rmf_ws/install/project_maps:/home/maria/rmf_ws/install/project_assets:/rmf_demos_ws/install/rmf_workcell_msgs:/rmf_demos_ws/install/rmf_demos_gz:/rmf_demos_ws/install/rmf_demos:/rmf_demos_ws/install/rmf_reservation_node:/rmf_demos_ws/install/rmf_fleet_adapter_python:/rmf_demos_ws/install/rmf_fleet_adapter:/rmf_demos_ws/install/rmf_task_ros2:/rmf_demos_ws/install/rmf_websocket:/rmf_demos_ws/install/rmf_visualization:/rmf_demos_ws/install/rmf_visualization_schedule:/rmf_demos_ws/install/rmf_visualization_rviz2_plugins:/rmf_demos_ws/install/rmf_visualization_obstacles:/rmf_demos_ws/install/rmf_visualization_navgraphs:/rmf_demos_ws/install/rmf_visualization_floorplans:/rmf_demos_ws/install/rmf_visualization_fleet_states:/rmf_demos_ws/install/rmf_visualization_msgs:/rmf_demos_ws/install/rmf_traffic_ros2:/rmf_demos_ws/install/rmf_task_sequence:/rmf_demos_ws/install/rmf_task:/rmf_demos_ws/install/rmf_battery:/rmf_demos_ws/install/rmf_traffic:/rmf_demos_ws/install/rmf_utils:/rmf_demos_ws/install/rmf_traffic_msgs:/rmf_demos_ws/install/rmf_traffic_editor_test_maps:/rmf_demos_ws/install/rmf_traffic_editor_assets:/rmf_demos_ws/install/rmf_traffic_editor:/rmf_demos_ws/install/rmf_task_msgs:/rmf_demos_ws/install/rmf_site_map_msgs:/rmf_demos_ws/install/rmf_scheduler_msgs:/rmf_demos_ws/install/rmf_robot_sim_gz_plugins:/rmf_demos_ws/install/rmf_robot_sim_common:/rmf_demos_ws/install/rmf_reservation_msgs:/rmf_demos_ws/install/rmf_obstacle_msgs:/rmf_demos_ws/install/rmf_building_sim_gz_plugins:/rmf_demos_ws/install/rmf_lift_msgs:/rmf_demos_ws/install/rmf_ingestor_msgs:/rmf_demos_ws/install/rmf_fleet_msgs:/rmf_demos_ws/install/rmf_door_msgs:/rmf_demos_ws/install/rmf_dispenser_msgs:/rmf_demos_ws/install/rmf_demos_maps:/rmf_demos_ws/install/rmf_demos_assets:/rmf_demos_ws/install/rmf_charger_msgs:/rmf_demos_ws/install/rmf_building_map_msgs:/rmf_demos_ws/install/rmf_api_msgs:/rmf_demos_ws/install/nlohmann_json_schema_validator_vendor:/home/maria/rmf_ws/install/rmf_visualization_building_systems:/home/maria/rmf_ws/install/project_tasks:/home/maria/rmf_ws/install/project_fleet_adapter:/rmf_demos_ws/install/rmf_demos_fleet_adapter:/rmf_demos_ws/install/rmf_visualization_building_systems:/rmf_demos_ws/install/rmf_traffic_examples:/rmf_demos_ws/install/rmf_demos_bridges:/rmf_demos_ws/install/rmf_demos_tasks:/rmf_demos_ws/install/rmf_building_map_tools:/rmf_demos_ws/install/rmf_charging_schedule:/opt/ros/jazzy:/rmf_demos_ws/install/menge_vendor:/rmf_demos_ws/install/ament_cmake_catch2:/opt/ros/jazzy/opt/gz_sim_vendor:/opt/ros/jazzy/opt/gz_sensors_vendor:/opt/ros/jazzy/opt/gz_physics_vendor:/opt/ros/jazzy/opt/sdformat_vendor:/opt/ros/jazzy/opt/gz_gui_vendor:/opt/ros/jazzy/opt/gz_transport_vendor:/opt/ros/jazzy/opt/gz_rendering_vendor:/opt/ros/jazzy/opt/gz_plugin_vendor:/opt/ros/jazzy/opt/gz_fuel_tools_vendor:/opt/ros/jazzy/opt/gz_msgs_vendor:/opt/ros/jazzy/opt/gz_common_vendor:/opt/ros/jazzy/opt/gz_math_vendor:/opt/ros/jazzy/opt/gz_utils_vendor:/opt/ros/jazzy/opt/gz_tools_vendor:/opt/ros/jazzy/opt/gz_ogre_next_vendor:/opt/ros/jazzy/opt/gz_dartsim_vendor:/opt/ros/jazzy/opt/gz_cmake_vendor LD_LIBRARY_PATH=/home/maria/rmf_ws/install/rmf_robot_sim_common/lib:/home/maria/rmf_ws/install/rmf_visualization_schedule/lib:/home/maria/rmf_ws/install/rmf_visualization_rviz2_plugins/lib:/home/maria/rmf_ws/install/rmf_visualization_obstacles/lib:/home/maria/rmf_ws/install/rmf_visualization_navgraphs/lib:/home/maria/rmf_ws/install/rmf_visualization_floorplans/lib:/home/maria/rmf_ws/install/rmf_visualization_fleet_states/lib:/rmf_demos_ws/install/rmf_workcell_msgs/lib:/rmf_demos_ws/install/rmf_fleet_adapter/lib:/rmf_demos_ws/install/rmf_task_ros2/lib:/rmf_demos_ws/install/rmf_websocket/lib:/rmf_demos_ws/install/rmf_visualization_schedule/lib:/rmf_demos_ws/install/rmf_visualization_rviz2_plugins/lib:/rmf_demos_ws/install/rmf_visualization_obstacles/lib:/rmf_demos_ws/install/rmf_visualization_navgraphs/lib:/rmf_demos_ws/install/rmf_visualization_floorplans/lib:/rmf_demos_ws/install/rmf_visualization_fleet_states/lib:/rmf_demos_ws/install/rmf_visualization_msgs/lib:/rmf_demos_ws/install/rmf_traffic_ros2/lib:/rmf_demos_ws/install/rmf_task_sequence/lib:/rmf_demos_ws/install/rmf_task/lib:/rmf_demos_ws/install/rmf_battery/lib:/rmf_demos_ws/install/rmf_traffic/lib:/rmf_demos_ws/install/rmf_utils/lib:/rmf_demos_ws/install/rmf_traffic_msgs/lib:/rmf_demos_ws/install/rmf_task_msgs/lib:/rmf_demos_ws/install/rmf_site_map_msgs/lib:/rmf_demos_ws/install/rmf_scheduler_msgs/lib:/rmf_demos_ws/install/rmf_robot_sim_common/lib:/rmf_demos_ws/install/rmf_reservation_msgs/lib:/rmf_demos_ws/install/rmf_obstacle_msgs/lib:/rmf_demos_ws/install/rmf_lift_msgs/lib:/rmf_demos_ws/install/rmf_ingestor_msgs/lib:/rmf_demos_ws/install/rmf_fleet_msgs/lib:/rmf_demos_ws/install/rmf_door_msgs/lib:/rmf_demos_ws/install/rmf_dispenser_msgs/lib:/rmf_demos_ws/install/rmf_charger_msgs/lib:/rmf_demos_ws/install/rmf_building_map_msgs/lib:/rmf_demos_ws/install/nlohmann_json_schema_validator_vendor/lib:/rmf_demos_ws/install/menge_vendor/lib:/opt/ros/jazzy/opt/zenoh_cpp_vendor/lib:/opt/ros/jazzy/opt/gz_sim_vendor/lib:/opt/ros/jazzy/opt/gz_sensors_vendor/lib:/opt/ros/jazzy/opt/gz_physics_vendor/lib:/opt/ros/jazzy/opt/sdformat_vendor/lib:/opt/ros/jazzy/opt/rviz_ogre_vendor/lib:/opt/ros/jazzy/lib/x86_64-linux-gnu:/opt/ros/jazzy/opt/gz_gui_vendor/lib:/opt/ros/jazzy/opt/gz_transport_vendor/lib:/opt/ros/jazzy/opt/gz_rendering_vendor/lib:/opt/ros/jazzy/opt/gz_plugin_vendor/lib:/opt/ros/jazzy/opt/gz_fuel_tools_vendor/lib:/opt/ros/jazzy/opt/gz_msgs_vendor/lib:/opt/ros/jazzy/opt/gz_common_vendor/lib:/opt/ros/jazzy/opt/gz_math_vendor/lib:/opt/ros/jazzy/opt/gz_utils_vendor/lib:/opt/ros/jazzy/opt/gz_tools_vendor/lib:/opt/ros/jazzy/opt/gz_ogre_next_vendor/lib:/opt/ros/jazzy/opt/gz_dartsim_vendor/lib:/opt/ros/jazzy/opt/gz_cmake_vendor/lib:/opt/ros/jazzy/lib /usr/bin/cmake /home/maria/rmf_ws/src/rmf_simulation/rmf_robot_sim_gz_plugins -DCMAKE_INSTALL_PREFIX=/home/maria/rmf_ws/install/rmf_robot_sim_gz_plugins
[0.089s] -- The C compiler identification is GNU 13.3.0
[0.146s] -- The CXX compiler identification is GNU 13.3.0
[0.164s] -- Detecting C compiler ABI info
[0.288s] -- Detecting C compiler ABI info - done
[0.296s] -- Check for working C compiler: /usr/bin/cc - skipped
[0.296s] -- Detecting C compile features
[0.296s] -- Detecting C compile features - done
[0.309s] -- Detecting CXX compiler ABI info
[0.425s] -- Detecting CXX compiler ABI info - done
[0.433s] -- Check for working CXX compiler: /usr/bin/c++ - skipped
[0.433s] -- Detecting CXX compile features
[0.434s] -- Detecting CXX compile features - done
[0.444s] -- Found ament_cmake: 2.5.5 (/opt/ros/jazzy/share/ament_cmake/cmake)
[0.665s] -- Found Python3: /usr/bin/python3 (found version "3.12.3") found components: Interpreter 
[0.852s] -- Found rclcpp: 28.1.16 (/opt/ros/jazzy/share/rclcpp/cmake)
[0.937s] -- Found rosidl_generator_c: 4.6.7 (/opt/ros/jazzy/share/rosidl_generator_c/cmake)
[0.971s] -- Found rosidl_generator_cpp: 4.6.7 (/opt/ros/jazzy/share/rosidl_generator_cpp/cmake)
[1.006s] -- Using all available rosidl_typesupport_c: rosidl_typesupport_fastrtps_c;rosidl_typesupport_introspection_c
[1.040s] -- Using all available rosidl_typesupport_cpp: rosidl_typesupport_fastrtps_cpp;rosidl_typesupport_introspection_cpp
[1.175s] -- Found rmw_implementation_cmake: 7.3.3 (/opt/ros/jazzy/share/rmw_implementation_cmake/cmake)
[1.187s] -- Found rmw_fastrtps_cpp: 8.4.3 (/opt/ros/jazzy/share/rmw_fastrtps_cpp/cmake)
[1.332s] -- Found OpenSSL: /usr/lib/x86_64-linux-gnu/libcrypto.so (found version "3.0.13")  
[1.358s] -- Found FastRTPS: /opt/ros/jazzy/include (Required is at least version "2.13") 
[1.387s] -- Using RMW implementation 'rmw_fastrtps_cpp' as default
[1.498s] -- Found gz_sim_vendor: 0.0.9 (/opt/ros/jazzy/share/gz_sim_vendor/cmake)
[1.634s] -- Looking for gz-sim8 -- found version 8.10.0
[1.649s] -- Searching for dependencies of gz-sim8
[1.660s] -- Looking for sdformat14 -- found version 14.8.0
[1.660s] -- Searching for dependencies of sdformat14
[1.665s] -- Checking for module 'tinyxml2'
[1.689s] --   Found tinyxml2, version 10.0.0
[1.742s] -- Looking for gz-math7 -- found version 7.5.2
[1.742s] -- Searching for dependencies of gz-math7
[1.751s] -- Looking for gz-utils2 -- found version 2.2.1
[1.751s] -- Searching for dependencies of gz-utils2
[1.753s] -- Looking for gz-utils2 -- found version 2.2.1
[1.753s] -- Searching for dependencies of gz-utils2
[1.753s] -- Searching for <gz-utils2> component [cli]
[1.763s] -- Looking for gz-utils2-cli -- found version 2.2.1
[1.763s] -- Searching for dependencies of gz-utils2-cli
[1.773s] -- Looking for gz-plugin2 -- found version 2.0.4
[1.773s] -- Searching for dependencies of gz-plugin2
[1.773s] -- Looking for gz-utils2 -- found version 2.2.1
[1.773s] -- Searching for <gz-plugin2> component [loader]
[1.782s] -- Looking for gz-plugin2-loader -- found version 2.0.4
[1.782s] -- Searching for dependencies of gz-plugin2-loader
[1.783s] -- Searching for <gz-plugin2> component [register]
[1.793s] -- Looking for gz-plugin2-register -- found version 2.0.4
[1.793s] -- Searching for dependencies of gz-plugin2-register
[1.802s] -- Looking for gz-transport13 -- found version 13.5.0
[1.802s] -- Searching for dependencies of gz-transport13
[1.949s] -- Found Protobuf: /usr/lib/x86_64-linux-gnu/libprotobuf.so (found version "3.21.12") 
[1.970s] -- Config-file not installed for ZeroMQ -- checking for pkg-config
[1.976s] -- Checking for module 'libzmq >= 4'
[1.999s] --   Found libzmq, version 4.3.5
[2.048s] -- Found ZeroMQ: TRUE (Required is at least version "4") 
[2.056s] -- Checking for module 'uuid'
[2.079s] --   Found uuid, version 2.39.3
[2.125s] -- Found UUID: TRUE  
[2.125s] -- Looking for gz-utils2 -- found version 2.2.1
[2.137s] -- Looking for gz-msgs10 -- found version 10.3.2
[2.137s] -- Searching for dependencies of gz-msgs10
[2.166s] -- Looking for gz-utils2 -- found version 2.2.1
[2.166s] -- Looking for gz-math7 -- found version 7.5.2
[2.175s] -- Searching for <gz-transport13> component [log]
[2.185s] -- Looking for gz-transport13-log -- found version 13.5.0
[2.185s] -- Searching for dependencies of gz-transport13-log
[2.186s] -- Searching for <gz-transport13> component [parameters]
[2.196s] -- Looking for gz-transport13-parameters -- found version 13.5.0
[2.196s] -- Searching for dependencies of gz-transport13-parameters
[2.197s] -- Looking for gz-msgs10 -- found version 10.3.2
[2.207s] -- Looking for gz-common5 -- found version 5.7.1
[2.208s] -- Searching for dependencies of gz-common5
[2.208s] -- Looking for gz-utils2 -- found version 2.2.1
[2.209s] -- Looking for dlfcn.h - found
[2.211s] -- Looking for libdl - found
[2.213s] -- Found DL: TRUE  
[2.220s] -- Searching for <gz-common5> component [av]
[2.230s] -- Looking for gz-common5-av -- found version 5.7.1
[2.230s] -- Searching for dependencies of gz-common5-av
[2.236s] -- Checking for module 'libswscale'
[2.259s] --   Found libswscale, version 7.5.100
[2.304s] -- Found SWSCALE: TRUE  
[2.311s] -- Checking for module 'libavdevice >= 56.4.100'
[2.334s] --   Found libavdevice, version 60.3.100
[2.394s] -- Found AVDEVICE: TRUE (Required is at least version "56.4.100") 
[2.399s] -- Checking for module 'libavformat'
[2.423s] --   Found libavformat, version 60.16.100
[2.467s] -- Found AVFORMAT: TRUE  
[2.474s] -- Checking for module 'libavcodec'
[2.499s] --   Found libavcodec, version 60.31.102
[2.545s] -- Found AVCODEC: TRUE  
[2.550s] -- Checking for module 'libavutil'
[2.574s] --   Found libavutil, version 58.29.100
[2.615s] -- Found AVUTIL: TRUE  
[2.615s] -- Searching for <gz-common5> component [events]
[2.626s] -- Looking for gz-common5-events -- found version 5.7.1
[2.626s] -- Searching for dependencies of gz-common5-events
[2.626s] -- Looking for gz-math7 -- found version 7.5.2
[2.627s] -- Searching for <gz-common5> component [graphics]
[2.636s] -- Looking for gz-common5-graphics -- found version 5.7.1
[2.637s] -- Searching for dependencies of gz-common5-graphics
[2.637s] -- Looking for gz-math7 -- found version 7.5.2
[2.648s] -- Found GzAssimp: TRUE (found version "5.3.0") 
[2.648s] -- Searching for <gz-common5> component [io]
[2.659s] -- Looking for gz-common5-io -- found version 5.7.1
[2.659s] -- Searching for dependencies of gz-common5-io
[2.659s] -- Searching for <gz-common5> component [profiler]
[2.668s] -- Looking for gz-common5-profiler -- found version 5.7.1
[2.668s] -- Searching for dependencies of gz-common5-profiler
[2.680s] -- Looking for gz-fuel_tools9 -- found version 9.1.1
[2.680s] -- Searching for dependencies of gz-fuel_tools9
[2.802s] -- Found CURL: /usr/lib/x86_64-linux-gnu/libcurl.so (found version "8.5.0")  
[2.820s] -- Checking for module 'jsoncpp'
[2.843s] --   Found jsoncpp, version 1.9.5
[2.885s] -- Found JSONCPP: TRUE  
[2.910s] -- Checking for module 'yaml-0.1'
[2.932s] --   Found yaml-0.1, version 0.2.5
[2.974s] -- Found YAML: TRUE  
[2.982s] -- Checking for module 'libzip'
[3.004s] --   Found libzip, version 1.7.3
[3.049s] -- Found ZIP: TRUE  
[3.050s] -- Looking for gz-utils2 -- found version 2.2.1
[3.050s] -- Looking for gz-common5 -- found version 5.7.1
[3.051s] -- Searching for dependencies of gz-common5
[3.051s] -- Looking for gz-utils2 -- found version 2.2.1
[3.052s] -- Looking for dlfcn.h - found
[3.052s] -- Looking for libdl - found
[3.061s] -- Searching for <gz-common5> component [testing]
[3.071s] -- Looking for gz-common5-testing -- found version 5.7.1
[3.071s] -- Searching for dependencies of gz-common5-testing
[3.072s] -- Looking for gz-math7 -- found version 7.5.2
[3.072s] -- Looking for gz-msgs10 -- found version 10.3.2
[3.082s] -- Looking for gz-gui8 -- found version 8.4.0
[3.082s] -- Searching for dependencies of gz-gui8
[3.113s] -- Looking for gz-utils2 -- found version 2.2.1
[3.113s] -- Looking for gz-math7 -- found version 7.5.2
[3.114s] -- Looking for gz-common5 -- found version 5.7.1
[3.114s] -- Looking for gz-plugin2 -- found version 2.0.4
[3.115s] -- Looking for gz-transport13 -- found version 13.5.0
[3.124s] -- Looking for gz-rendering8 -- found version 8.2.3
[3.124s] -- Searching for dependencies of gz-rendering8
[3.124s] -- Looking for gz-math7 -- found version 7.5.2
[3.125s] -- Searching for dependencies of gz-math7
[3.125s] -- Looking for gz-utils2 -- found version 2.2.1
[3.125s] -- Searching for <gz-math7> component [eigen3]
[3.134s] -- Looking for gz-math7-eigen3 -- found version 7.5.2
[3.134s] -- Searching for dependencies of gz-math7-eigen3
[3.149s] -- Looking for gz-common5 -- found version 5.7.1
[3.149s] -- Searching for dependencies of gz-common5
[3.149s] -- Looking for gz-utils2 -- found version 2.2.1
[3.149s] -- Looking for dlfcn.h - found
[3.149s] -- Looking for libdl - found
[3.157s] -- Searching for <gz-common5> component [graphics]
[3.157s] -- Searching for <gz-common5> component [events]
[3.157s] -- Searching for <gz-common5> component [geospatial]
[3.166s] -- Looking for gz-common5-geospatial -- found version 5.7.1
[3.166s] -- Searching for dependencies of gz-common5-geospatial
[3.166s] -- Looking for gz-math7 -- found version 7.5.2
[3.167s] -- Looking for gz-common5 -- found version 5.7.1
[3.168s] -- Looking for gz-plugin2 -- found version 2.0.4
[3.168s] -- Searching for dependencies of gz-plugin2
[3.168s] -- Looking for gz-utils2 -- found version 2.2.1
[3.169s] -- Searching for <gz-plugin2> component [all]
[3.180s] -- Looking for all libraries of gz-plugin2 -- found version 2.0.4
[3.180s] -- Looking for gz-plugin2 -- found version 2.0.4
[3.181s] -- Looking for gz-utils2 -- found version 2.2.1
[3.198s] -- Found OpenGL: /usr/lib/x86_64-linux-gnu/libOpenGL.so  found components: OpenGL 
[3.199s] -- Looking for gz-msgs10 -- found version 10.3.2
[3.234s] -- Looking for gz-physics7 -- found version 7.6.0
[3.234s] -- Searching for dependencies of gz-physics7
[3.234s] -- Looking for gz-common5 -- found version 5.7.1
[3.235s] -- Looking for gz-math7 -- found version 7.5.2
[3.235s] -- Looking for gz-plugin2 -- found version 2.0.4
[3.236s] -- Looking for gz-utils2 -- found version 2.2.1
[3.237s] -- Searching for <gz-physics7> component [heightmap]
[3.246s] -- Looking for gz-physics7-heightmap -- found version 7.6.0
[3.247s] -- Searching for dependencies of gz-physics7-heightmap
[3.247s] -- Looking for gz-common5 -- found version 5.7.1
[3.248s] -- Searching for <gz-physics7> component [mesh]
[3.256s] -- Looking for gz-physics7-mesh -- found version 7.6.0
[3.256s] -- Searching for dependencies of gz-physics7-mesh
[3.257s] -- Looking for gz-common5 -- found version 5.7.1
[3.257s] -- Searching for <gz-physics7> component [sdf]
[3.265s] -- Looking for gz-physics7-sdf -- found version 7.6.0
[3.265s] -- Searching for dependencies of gz-physics7-sdf
[3.265s] -- Looking for sdformat14 -- found version 14.8.0
[3.273s] -- Looking for gz-sensors8 -- found version 8.2.2
[3.273s] -- Searching for dependencies of gz-sensors8
[3.298s] -- Looking for gz-math7 -- found version 7.5.2
[3.298s] -- Looking for gz-common5 -- found version 5.7.1
[3.298s] -- Looking for gz-transport13 -- found version 13.5.0
[3.299s] -- Looking for gz-rendering8 -- found version 8.2.3
[3.299s] -- Looking for gz-msgs10 -- found version 10.3.2
[3.300s] -- Looking for sdformat14 -- found version 14.8.0
[3.300s] -- Searching for <gz-sensors8> component [air_pressure]
[3.309s] -- Looking for gz-sensors8-air_pressure -- found version 8.2.2
[3.309s] -- Searching for dependencies of gz-sensors8-air_pressure
[3.309s] -- Searching for <gz-sensors8> component [air_speed]
[3.318s] -- Looking for gz-sensors8-air_speed -- found version 8.2.2
[3.318s] -- Searching for dependencies of gz-sensors8-air_speed
[3.318s] -- Searching for <gz-sensors8> component [altimeter]
[3.326s] -- Looking for gz-sensors8-altimeter -- found version 8.2.2
[3.326s] -- Searching for dependencies of gz-sensors8-altimeter
[3.326s] -- Searching for <gz-sensors8> component [imu]
[3.335s] -- Looking for gz-sensors8-imu -- found version 8.2.2
[3.335s] -- Searching for dependencies of gz-sensors8-imu
[3.336s] -- Searching for <gz-sensors8> component [force_torque]
[3.344s] -- Looking for gz-sensors8-force_torque -- found version 8.2.2
[3.344s] -- Searching for dependencies of gz-sensors8-force_torque
[3.344s] -- Searching for <gz-sensors8> component [logical_camera]
[3.353s] -- Looking for gz-sensors8-logical_camera -- found version 8.2.2
[3.353s] -- Searching for dependencies of gz-sensors8-logical_camera
[3.354s] -- Searching for <gz-sensors8> component [magnetometer]
[3.362s] -- Looking for gz-sensors8-magnetometer -- found version 8.2.2
[3.363s] -- Searching for dependencies of gz-sensors8-magnetometer
[3.363s] -- Searching for <gz-sensors8> component [navsat]
[3.376s] -- Looking for gz-sensors8-navsat -- found version 8.2.2
[3.376s] -- Searching for dependencies of gz-sensors8-navsat
[3.377s] -- Searching for <gz-sensors8> component [dvl]
[3.388s] -- Looking for gz-sensors8-dvl -- found version 8.2.2
[3.388s] -- Searching for dependencies of gz-sensors8-dvl
[3.388s] -- Looking for gz-sensors8 -- found version 8.2.2
[3.388s] -- Searching for dependencies of gz-sensors8
[3.413s] -- Looking for gz-math7 -- found version 7.5.2
[3.413s] -- Looking for gz-common5 -- found version 5.7.1
[3.414s] -- Looking for gz-transport13 -- found version 13.5.0
[3.414s] -- Looking for gz-rendering8 -- found version 8.2.3
[3.415s] -- Looking for gz-msgs10 -- found version 10.3.2
[3.415s] -- Looking for sdformat14 -- found version 14.8.0
[3.415s] -- Searching for <gz-sensors8> component [rendering]
[3.424s] -- Looking for gz-sensors8-rendering -- found version 8.2.2
[3.424s] -- Searching for dependencies of gz-sensors8-rendering
[3.425s] -- Searching for <gz-sensors8> component [rendering]
[3.425s] -- Searching for <gz-sensors8> component [lidar]
[3.433s] -- Looking for gz-sensors8-lidar -- found version 8.2.2
[3.433s] -- Searching for dependencies of gz-sensors8-lidar
[3.433s] -- Looking for gz-sensors8 -- found version 8.2.2
[3.433s] -- Searching for <gz-sensors8> component [gpu_lidar]
[3.440s] -- Looking for gz-sensors8-gpu_lidar -- found version 8.2.2
[3.440s] -- Searching for dependencies of gz-sensors8-gpu_lidar
[3.441s] -- Looking for gz-sensors8 -- found version 8.2.2
[3.441s] -- Searching for <gz-sensors8> component [camera]
[3.448s] -- Looking for gz-sensors8-camera -- found version 8.2.2
[3.448s] -- Searching for dependencies of gz-sensors8-camera
[3.448s] -- Looking for gz-sensors8 -- found version 8.2.2
[3.449s] -- Searching for <gz-sensors8> component [boundingbox_camera]
[3.458s] -- Looking for gz-sensors8-boundingbox_camera -- found version 8.2.2
[3.458s] -- Searching for dependencies of gz-sensors8-boundingbox_camera
[3.458s] -- Searching for <gz-sensors8> component [segmentation_camera]
[3.466s] -- Looking for gz-sensors8-segmentation_camera -- found version 8.2.2
[3.466s] -- Searching for dependencies of gz-sensors8-segmentation_camera
[3.466s] -- Searching for <gz-sensors8> component [depth_camera]
[3.474s] -- Looking for gz-sensors8-depth_camera -- found version 8.2.2
[3.474s] -- Searching for dependencies of gz-sensors8-depth_camera
[3.474s] -- Looking for gz-sensors8 -- found version 8.2.2
[3.474s] -- Searching for <gz-sensors8> component [rgbd_camera]
[3.484s] -- Looking for gz-sensors8-rgbd_camera -- found version 8.2.2
[3.484s] -- Searching for dependencies of gz-sensors8-rgbd_camera
[3.484s] -- Looking for gz-sensors8 -- found version 8.2.2
[3.484s] -- Searching for <gz-sensors8> component [thermal_camera]
[3.493s] -- Looking for gz-sensors8-thermal_camera -- found version 8.2.2
[3.493s] -- Searching for dependencies of gz-sensors8-thermal_camera
[3.493s] -- Looking for gz-sensors8 -- found version 8.2.2
[3.493s] -- Searching for <gz-sensors8> component [wide_angle_camera]
[3.502s] -- Looking for gz-sensors8-wide_angle_camera -- found version 8.2.2
[3.502s] -- Searching for dependencies of gz-sensors8-wide_angle_camera
[3.502s] -- Looking for gz-rendering8 -- found version 8.2.3
[3.502s] -- Looking for gz-math7 -- found version 7.5.2
[3.503s] -- Looking for gz-utils2 -- found version 2.2.1
[3.529s] -- Looking for gz-plugin2 -- found version 2.0.4
[3.530s] -- Looking for gz-msgs10 -- found version 10.3.2
[3.531s] -- Looking for gz-transport13 -- found version 13.5.0
[3.533s] -- Looking for gz-rendering8 -- found version 8.2.3
[3.538s] -- Found rmf_fleet_msgs: 4.0.0 (/rmf_demos_ws/install/rmf_fleet_msgs/share/rmf_fleet_msgs/cmake)
[3.556s] -- Found rmf_dispenser_msgs: 4.0.0 (/rmf_demos_ws/install/rmf_dispenser_msgs/share/rmf_dispenser_msgs/cmake)
[3.571s] -- Found rmf_ingestor_msgs: 4.0.0 (/rmf_demos_ws/install/rmf_ingestor_msgs/share/rmf_ingestor_msgs/cmake)
[3.589s] -- Found rmf_building_map_msgs: 1.6.0 (/rmf_demos_ws/install/rmf_building_map_msgs/share/rmf_building_map_msgs/cmake)
[3.603s] -- Found rmf_robot_sim_common: 2.6.1 (/home/maria/rmf_ws/install/rmf_robot_sim_common/share/rmf_robot_sim_common/cmake)
[3.834s] -- Found rmf_building_sim_gz_plugins: 2.6.1 (/home/maria/rmf_ws/install/rmf_building_sim_gz_plugins/share/rmf_building_sim_gz_plugins/cmake)
[3.925s] -- Configuring done (3.9s)
[4.010s] -- Generating done (0.1s)
[4.023s] -- Build files have been written to: /home/maria/rmf_ws/build/rmf_robot_sim_gz_plugins
[4.037s] Invoked command in '/home/maria/rmf_ws/build/rmf_robot_sim_gz_plugins' returned '0': CMAKE_PREFIX_PATH=/home/maria/rmf_ws/install/rmf_robot_sim_common:/home/maria/rmf_ws/install/rmf_building_sim_gz_plugins:/home/maria/rmf_ws/install/project_config:/home/maria/rmf_ws/install/rmf_visualization:/home/maria/rmf_ws/install/rmf_visualization_schedule:/home/maria/rmf_ws/install/rmf_visualization_rviz2_plugins:/home/maria/rmf_ws/install/rmf_visualization_obstacles:/home/maria/rmf_ws/install/rmf_visualization_navgraphs:/home/maria/rmf_ws/install/rmf_visualization_floorplans:/home/maria/rmf_ws/install/rmf_visualization_fleet_states:/home/maria/rmf_ws/install/rmf_robot_sim_gz_plugins:/home/maria/rmf_ws/install/project_simulation:/home/maria/rmf_ws/install/project_maps:/home/maria/rmf_ws/install/project_assets:/rmf_demos_ws/install/rmf_workcell_msgs:/rmf_demos_ws/install/rmf_demos_gz:/rmf_demos_ws/install/rmf_demos:/rmf_demos_ws/install/rmf_reservation_node:/rmf_demos_ws/install/rmf_fleet_adapter_python:/rmf_demos_ws/install/rmf_fleet_adapter:/rmf_demos_ws/install/rmf_task_ros2:/rmf_demos_ws/install/rmf_websocket:/rmf_demos_ws/install/rmf_visualization:/rmf_demos_ws/install/rmf_visualization_schedule:/rmf_demos_ws/install/rmf_visualization_rviz2_plugins:/rmf_demos_ws/install/rmf_visualization_obstacles:/rmf_demos_ws/install/rmf_visualization_navgraphs:/rmf_demos_ws/install/rmf_visualization_floorplans:/rmf_demos_ws/install/rmf_visualization_fleet_states:/rmf_demos_ws/install/rmf_visualization_msgs:/rmf_demos_ws/install/rmf_traffic_ros2:/rmf_demos_ws/install/rmf_task_sequence:/rmf_demos_ws/install/rmf_task:/rmf_demos_ws/install/rmf_battery:/rmf_demos_ws/install/rmf_traffic:/rmf_demos_ws/install/rmf_utils:/rmf_demos_ws/install/rmf_traffic_msgs:/rmf_demos_ws/install/rmf_traffic_editor_test_maps:/rmf_demos_ws/install/rmf_traffic_editor_assets:/rmf_demos_ws/install/rmf_traffic_editor:/rmf_demos_ws/install/rmf_task_msgs:/rmf_demos_ws/install/rmf_site_map_msgs:/rmf_demos_ws/install/rmf_scheduler_msgs:/rmf_demos_ws/install/rmf_robot_sim_gz_plugins:/rmf_demos_ws/install/rmf_robot_sim_common:/rmf_demos_ws/install/rmf_reservation_msgs:/rmf_demos_ws/install/rmf_obstacle_msgs:/rmf_demos_ws/install/rmf_building_sim_gz_plugins:/rmf_demos_ws/install/rmf_lift_msgs:/rmf_demos_ws/install/rmf_ingestor_msgs:/rmf_demos_ws/install/rmf_fleet_msgs:/rmf_demos_ws/install/rmf_door_msgs:/rmf_demos_ws/install/rmf_dispenser_msgs:/rmf_demos_ws/install/rmf_demos_maps:/rmf_demos_ws/install/rmf_demos_assets:/rmf_demos_ws/install/rmf_charger_msgs:/rmf_demos_ws/install/rmf_building_map_msgs:/rmf_demos_ws/install/rmf_api_msgs:/rmf_demos_ws/install/nlohmann_json_schema_validator_vendor:/home/maria/rmf_ws/install/rmf_visualization_building_systems:/home/maria/rmf_ws/install/project_tasks:/home/maria/rmf_ws/install/project_fleet_adapter:/rmf_demos_ws/install/rmf_demos_fleet_adapter:/rmf_demos_ws/install/rmf_visualization_building_systems:/rmf_demos_ws/install/rmf_traffic_examples:/rmf_demos_ws/install/rmf_demos_bridges:/rmf_demos_ws/install/rmf_demos_tasks:/rmf_demos_ws/install/rmf_building_map_tools:/rmf_demos_ws/install/rmf_charging_schedule:/opt/ros/jazzy:/rmf_demos_ws/install/menge_vendor:/rmf_demos_ws/install/ament_cmake_catch2:/opt/ros/jazzy/opt/gz_sim_vendor:/opt/ros/jazzy/opt/gz_sensors_vendor:/opt/ros/jazzy/opt/gz_physics_vendor:/opt/ros/jazzy/opt/sdformat_vendor:/opt/ros/jazzy/opt/gz_gui_vendor:/opt/ros/jazzy/opt/gz_transport_vendor:/opt/ros/jazzy/opt/gz_rendering_vendor:/opt/ros/jazzy/opt/gz_plugin_vendor:/opt/ros/jazzy/opt/gz_fuel_tools_vendor:/opt/ros/jazzy/opt/gz_msgs_vendor:/opt/ros/jazzy/opt/gz_common_vendor:/opt/ros/jazzy/opt/gz_math_vendor:/opt/ros/jazzy/opt/gz_utils_vendor:/opt/ros/jazzy/opt/gz_tools_vendor:/opt/ros/jazzy/opt/gz_ogre_next_vendor:/opt/ros/jazzy/opt/gz_dartsim_vendor:/opt/ros/jazzy/opt/gz_cmake_vendor LD_LIBRARY_PATH=/home/maria/rmf_ws/install/rmf_robot_sim_common/lib:/home/maria/rmf_ws/install/rmf_visualization_schedule/lib:/home/maria/rmf_ws/install/rmf_visualization_rviz2_plugins/lib:/home/maria/rmf_ws/install/rmf_visualization_obstacles/lib:/home/maria/rmf_ws/install/rmf_visualization_navgraphs/lib:/home/maria/rmf_ws/install/rmf_visualization_floorplans/lib:/home/maria/rmf_ws/install/rmf_visualization_fleet_states/lib:/rmf_demos_ws/install/rmf_workcell_msgs/lib:/rmf_demos_ws/install/rmf_fleet_adapter/lib:/rmf_demos_ws/install/rmf_task_ros2/lib:/rmf_demos_ws/install/rmf_websocket/lib:/rmf_demos_ws/install/rmf_visualization_schedule/lib:/rmf_demos_ws/install/rmf_visualization_rviz2_plugins/lib:/rmf_demos_ws/install/rmf_visualization_obstacles/lib:/rmf_demos_ws/install/rmf_visualization_navgraphs/lib:/rmf_demos_ws/install/rmf_visualization_floorplans/lib:/rmf_demos_ws/install/rmf_visualization_fleet_states/lib:/rmf_demos_ws/install/rmf_visualization_msgs/lib:/rmf_demos_ws/install/rmf_traffic_ros2/lib:/rmf_demos_ws/install/rmf_task_sequence/lib:/rmf_demos_ws/install/rmf_task/lib:/rmf_demos_ws/install/rmf_battery/lib:/rmf_demos_ws/install/rmf_traffic/lib:/rmf_demos_ws/install/rmf_utils/lib:/rmf_demos_ws/install/rmf_traffic_msgs/lib:/rmf_demos_ws/install/rmf_task_msgs/lib:/rmf_demos_ws/install/rmf_site_map_msgs/lib:/rmf_demos_ws/install/rmf_scheduler_msgs/lib:/rmf_demos_ws/install/rmf_robot_sim_common/lib:/rmf_demos_ws/install/rmf_reservation_msgs/lib:/rmf_demos_ws/install/rmf_obstacle_msgs/lib:/rmf_demos_ws/install/rmf_lift_msgs/lib:/rmf_demos_ws/install/rmf_ingestor_msgs/lib:/rmf_demos_ws/install/rmf_fleet_msgs/lib:/rmf_demos_ws/install/rmf_door_msgs/lib:/rmf_demos_ws/install/rmf_dispenser_msgs/lib:/rmf_demos_ws/install/rmf_charger_msgs/lib:/rmf_demos_ws/install/rmf_building_map_msgs/lib:/rmf_demos_ws/install/nlohmann_json_schema_validator_vendor/lib:/rmf_demos_ws/install/menge_vendor/lib:/opt/ros/jazzy/opt/zenoh_cpp_vendor/lib:/opt/ros/jazzy/opt/gz_sim_vendor/lib:/opt/ros/jazzy/opt/gz_sensors_vendor/lib:/opt/ros/jazzy/opt/gz_physics_vendor/lib:/opt/ros/jazzy/opt/sdformat_vendor/lib:/opt/ros/jazzy/opt/rviz_ogre_vendor/lib:/opt/ros/jazzy/lib/x86_64-linux-gnu:/opt/ros/jazzy/opt/gz_gui_vendor/lib:/opt/ros/jazzy/opt/gz_transport_vendor/lib:/opt/ros/jazzy/opt/gz_rendering_vendor/lib:/opt/ros/jazzy/opt/gz_plugin_vendor/lib:/opt/ros/jazzy/opt/gz_fuel_tools_vendor/lib:/opt/ros/jazzy/opt/gz_msgs_vendor/lib:/opt/ros/jazzy/opt/gz_common_vendor/lib:/opt/ros/jazzy/opt/gz_math_vendor/lib:/opt/ros/jazzy/opt/gz_utils_vendor/lib:/opt/ros/jazzy/opt/gz_tools_vendor/lib:/opt/ros/jazzy/opt/gz_ogre_next_vendor/lib:/opt/ros/jazzy/opt/gz_dartsim_vendor/lib:/opt/ros/jazzy/opt/gz_cmake_vendor/lib:/opt/ros/jazzy/lib /usr/bin/cmake /home/maria/rmf_ws/src/rmf_simulation/rmf_robot_sim_gz_plugins -DCMAKE_INSTALL_PREFIX=/home/maria/rmf_ws/install/rmf_robot_sim_gz_plugins
[4.038s] Invoking command in '/home/maria/rmf_ws/build/rmf_robot_sim_gz_plugins': CMAKE_PREFIX_PATH=/home/maria/rmf_ws/install/rmf_robot_sim_common:/home/maria/rmf_ws/install/rmf_building_sim_gz_plugins:/home/maria/rmf_ws/install/project_config:/home/maria/rmf_ws/install/rmf_visualization:/home/maria/rmf_ws/install/rmf_visualization_schedule:/home/maria/rmf_ws/install/rmf_visualization_rviz2_plugins:/home/maria/rmf_ws/install/rmf_visualization_obstacles:/home/maria/rmf_ws/install/rmf_visualization_navgraphs:/home/maria/rmf_ws/install/rmf_visualization_floorplans:/home/maria/rmf_ws/install/rmf_visualization_fleet_states:/home/maria/rmf_ws/install/rmf_robot_sim_gz_plugins:/home/maria/rmf_ws/install/project_simulation:/home/maria/rmf_ws/install/project_maps:/home/maria/rmf_ws/install/project_assets:/rmf_demos_ws/install/rmf_workcell_msgs:/rmf_demos_ws/install/rmf_demos_gz:/rmf_demos_ws/install/rmf_demos:/rmf_demos_ws/install/rmf_reservation_node:/rmf_demos_ws/install/rmf_fleet_adapter_python:/rmf_demos_ws/install/rmf_fleet_adapter:/rmf_demos_ws/install/rmf_task_ros2:/rmf_demos_ws/install/rmf_websocket:/rmf_demos_ws/install/rmf_visualization:/rmf_demos_ws/install/rmf_visualization_schedule:/rmf_demos_ws/install/rmf_visualization_rviz2_plugins:/rmf_demos_ws/install/rmf_visualization_obstacles:/rmf_demos_ws/install/rmf_visualization_navgraphs:/rmf_demos_ws/install/rmf_visualization_floorplans:/rmf_demos_ws/install/rmf_visualization_fleet_states:/rmf_demos_ws/install/rmf_visualization_msgs:/rmf_demos_ws/install/rmf_traffic_ros2:/rmf_demos_ws/install/rmf_task_sequence:/rmf_demos_ws/install/rmf_task:/rmf_demos_ws/install/rmf_battery:/rmf_demos_ws/install/rmf_traffic:/rmf_demos_ws/install/rmf_utils:/rmf_demos_ws/install/rmf_traffic_msgs:/rmf_demos_ws/install/rmf_traffic_editor_test_maps:/rmf_demos_ws/install/rmf_traffic_editor_assets:/rmf_demos_ws/install/rmf_traffic_editor:/rmf_demos_ws/install/rmf_task_msgs:/rmf_demos_ws/install/rmf_site_map_msgs:/rmf_demos_ws/install/rmf_scheduler_msgs:/rmf_demos_ws/install/rmf_robot_sim_gz_plugins:/rmf_demos_ws/install/rmf_robot_sim_common:/rmf_demos_ws/install/rmf_reservation_msgs:/rmf_demos_ws/install/rmf_obstacle_msgs:/rmf_demos_ws/install/rmf_building_sim_gz_plugins:/rmf_demos_ws/install/rmf_lift_msgs:/rmf_demos_ws/install/rmf_ingestor_msgs:/rmf_demos_ws/install/rmf_fleet_msgs:/rmf_demos_ws/install/rmf_door_msgs:/rmf_demos_ws/install/rmf_dispenser_msgs:/rmf_demos_ws/install/rmf_demos_maps:/rmf_demos_ws/install/rmf_demos_assets:/rmf_demos_ws/install/rmf_charger_msgs:/rmf_demos_ws/install/rmf_building_map_msgs:/rmf_demos_ws/install/rmf_api_msgs:/rmf_demos_ws/install/nlohmann_json_schema_validator_vendor:/home/maria/rmf_ws/install/rmf_visualization_building_systems:/home/maria/rmf_ws/install/project_tasks:/home/maria/rmf_ws/install/project_fleet_adapter:/rmf_demos_ws/install/rmf_demos_fleet_adapter:/rmf_demos_ws/install/rmf_visualization_building_systems:/rmf_demos_ws/install/rmf_traffic_examples:/rmf_demos_ws/install/rmf_demos_bridges:/rmf_demos_ws/install/rmf_demos_tasks:/rmf_demos_ws/install/rmf_building_map_tools:/rmf_demos_ws/install/rmf_charging_schedule:/opt/ros/jazzy:/rmf_demos_ws/install/menge_vendor:/rmf_demos_ws/install/ament_cmake_catch2:/opt/ros/jazzy/opt/gz_sim_vendor:/opt/ros/jazzy/opt/gz_sensors_vendor:/opt/ros/jazzy/opt/gz_physics_vendor:/opt/ros/jazzy/opt/sdformat_vendor:/opt/ros/jazzy/opt/gz_gui_vendor:/opt/ros/jazzy/opt/gz_transport_vendor:/opt/ros/jazzy/opt/gz_rendering_vendor:/opt/ros/jazzy/opt/gz_plugin_vendor:/opt/ros/jazzy/opt/gz_fuel_tools_vendor:/opt/ros/jazzy/opt/gz_msgs_vendor:/opt/ros/jazzy/opt/gz_common_vendor:/opt/ros/jazzy/opt/gz_math_vendor:/opt/ros/jazzy/opt/gz_utils_vendor:/opt/ros/jazzy/opt/gz_tools_vendor:/opt/ros/jazzy/opt/gz_ogre_next_vendor:/opt/ros/jazzy/opt/gz_dartsim_vendor:/opt/ros/jazzy/opt/gz_cmake_vendor LD_LIBRARY_PATH=/home/maria/rmf_ws/install/rmf_robot_sim_common/lib:/home/maria/rmf_ws/install/rmf_visualization_schedule/lib:/home/maria/rmf_ws/install/rmf_visualization_rviz2_plugins/lib:/home/maria/rmf_ws/install/rmf_visualization_obstacles/lib:/home/maria/rmf_ws/install/rmf_visualization_navgraphs/lib:/home/maria/rmf_ws/install/rmf_visualization_floorplans/lib:/home/maria/rmf_ws/install/rmf_visualization_fleet_states/lib:/rmf_demos_ws/install/rmf_workcell_msgs/lib:/rmf_demos_ws/install/rmf_fleet_adapter/lib:/rmf_demos_ws/install/rmf_task_ros2/lib:/rmf_demos_ws/install/rmf_websocket/lib:/rmf_demos_ws/install/rmf_visualization_schedule/lib:/rmf_demos_ws/install/rmf_visualization_rviz2_plugins/lib:/rmf_demos_ws/install/rmf_visualization_obstacles/lib:/rmf_demos_ws/install/rmf_visualization_navgraphs/lib:/rmf_demos_ws/install/rmf_visualization_floorplans/lib:/rmf_demos_ws/install/rmf_visualization_fleet_states/lib:/rmf_demos_ws/install/rmf_visualization_msgs/lib:/rmf_demos_ws/install/rmf_traffic_ros2/lib:/rmf_demos_ws/install/rmf_task_sequence/lib:/rmf_demos_ws/install/rmf_task/lib:/rmf_demos_ws/install/rmf_battery/lib:/rmf_demos_ws/install/rmf_traffic/lib:/rmf_demos_ws/install/rmf_utils/lib:/rmf_demos_ws/install/rmf_traffic_msgs/lib:/rmf_demos_ws/install/rmf_task_msgs/lib:/rmf_demos_ws/install/rmf_site_map_msgs/lib:/rmf_demos_ws/install/rmf_scheduler_msgs/lib:/rmf_demos_ws/install/rmf_robot_sim_common/lib:/rmf_demos_ws/install/rmf_reservation_msgs/lib:/rmf_demos_ws/install/rmf_obstacle_msgs/lib:/rmf_demos_ws/install/rmf_lift_msgs/lib:/rmf_demos_ws/install/rmf_ingestor_msgs/lib:/rmf_demos_ws/install/rmf_fleet_msgs/lib:/rmf_demos_ws/install/rmf_door_msgs/lib:/rmf_demos_ws/install/rmf_dispenser_msgs/lib:/rmf_demos_ws/install/rmf_charger_msgs/lib:/rmf_demos_ws/install/rmf_building_map_msgs/lib:/rmf_demos_ws/install/nlohmann_json_schema_validator_vendor/lib:/rmf_demos_ws/install/menge_vendor/lib:/opt/ros/jazzy/opt/zenoh_cpp_vendor/lib:/opt/ros/jazzy/opt/gz_sim_vendor/lib:/opt/ros/jazzy/opt/gz_sensors_vendor/lib:/opt/ros/jazzy/opt/gz_physics_vendor/lib:/opt/ros/jazzy/opt/sdformat_vendor/lib:/opt/ros/jazzy/opt/rviz_ogre_vendor/lib:/opt/ros/jazzy/lib/x86_64-linux-gnu:/opt/ros/jazzy/opt/gz_gui_vendor/lib:/opt/ros/jazzy/opt/gz_transport_vendor/lib:/opt/ros/jazzy/opt/gz_rendering_vendor/lib:/opt/ros/jazzy/opt/gz_plugin_vendor/lib:/opt/ros/jazzy/opt/gz_fuel_tools_vendor/lib:/opt/ros/jazzy/opt/gz_msgs_vendor/lib:/opt/ros/jazzy/opt/gz_common_vendor/lib:/opt/ros/jazzy/opt/gz_math_vendor/lib:/opt/ros/jazzy/opt/gz_utils_vendor/lib:/opt/ros/jazzy/opt/gz_tools_vendor/lib:/opt/ros/jazzy/opt/gz_ogre_next_vendor/lib:/opt/ros/jazzy/opt/gz_dartsim_vendor/lib:/opt/ros/jazzy/opt/gz_cmake_vendor/lib:/opt/ros/jazzy/lib /usr/bin/cmake --build /home/maria/rmf_ws/build/rmf_robot_sim_gz_plugins -- -j8 -l8
[4.117s] [  0%] Built target teleport_ingestor_autogen_timestamp_deps
[4.117s] [  0%] Built target teleport_dispenser_autogen_timestamp_deps
[4.117s] [  0%] Built target slotcar_autogen_timestamp_deps
[4.117s] [  0%] Built target readonly_autogen_timestamp_deps
[4.148s] [ 20%] [34m[1mAutomatic MOC for target slotcar[0m
[4.148s] [ 20%] [34m[1mAutomatic MOC for target readonly[0m
[4.148s] [ 20%] [34m[1mAutomatic MOC for target teleport_dispenser[0m
[4.149s] [ 20%] [34m[1mAutomatic MOC for target teleport_ingestor[0m
[4.208s] [ 20%] Built target readonly_autogen
[4.208s] [ 20%] Built target slotcar_autogen
[4.208s] [ 20%] Built target teleport_dispenser_autogen
[4.208s] [ 20%] Built target teleport_ingestor_autogen
[4.261s] [ 25%] [32mBuilding CXX object CMakeFiles/teleport_dispenser.dir/teleport_dispenser_autogen/mocs_compilation.cpp.o[0m
[4.261s] [ 40%] [32mBuilding CXX object CMakeFiles/slotcar.dir/slotcar_autogen/mocs_compilation.cpp.o[0m
[4.261s] [ 40%] [32mBuilding CXX object CMakeFiles/slotcar.dir/src/slotcar.cpp.o[0m
[4.262s] [ 40%] [32mBuilding CXX object CMakeFiles/readonly.dir/readonly_autogen/mocs_compilation.cpp.o[0m
[4.262s] [ 45%] [32mBuilding CXX object CMakeFiles/readonly.dir/src/readonly.cpp.o[0m
[4.262s] [ 50%] [32mBuilding CXX object CMakeFiles/teleport_dispenser.dir/src/TeleportDispenser.cpp.o[0m
[4.262s] [ 55%] [32mBuilding CXX object CMakeFiles/teleport_ingestor.dir/teleport_ingestor_autogen/mocs_compilation.cpp.o[0m
[4.262s] [ 60%] [32mBuilding CXX object CMakeFiles/teleport_ingestor.dir/src/TeleportIngestor.cpp.o[0m
[12.850s] [ 65%] [32m[1mLinking CXX shared library libreadonly.so[0m
[13.423s] [ 70%] Built target readonly
[19.529s] [ 75%] [32m[1mLinking CXX shared library libslotcar.so[0m
[20.885s] [ 80%] Built target slotcar
[23.656s] [ 85%] [32m[1mLinking CXX shared library libteleport_dispenser.so[0m
[23.947s] [ 90%] [32m[1mLinking CXX shared library libteleport_ingestor.so[0m
[24.697s] [ 95%] Built target teleport_dispenser
[24.833s] [100%] Built target teleport_ingestor
[24.846s] Invoked command in '/home/maria/rmf_ws/build/rmf_robot_sim_gz_plugins' returned '0': CMAKE_PREFIX_PATH=/home/maria/rmf_ws/install/rmf_robot_sim_common:/home/maria/rmf_ws/install/rmf_building_sim_gz_plugins:/home/maria/rmf_ws/install/project_config:/home/maria/rmf_ws/install/rmf_visualization:/home/maria/rmf_ws/install/rmf_visualization_schedule:/home/maria/rmf_ws/install/rmf_visualization_rviz2_plugins:/home/maria/rmf_ws/install/rmf_visualization_obstacles:/home/maria/rmf_ws/install/rmf_visualization_navgraphs:/home/maria/rmf_ws/install/rmf_visualization_floorplans:/home/maria/rmf_ws/install/rmf_visualization_fleet_states:/home/maria/rmf_ws/install/rmf_robot_sim_gz_plugins:/home/maria/rmf_ws/install/project_simulation:/home/maria/rmf_ws/install/project_maps:/home/maria/rmf_ws/install/project_assets:/rmf_demos_ws/install/rmf_workcell_msgs:/rmf_demos_ws/install/rmf_demos_gz:/rmf_demos_ws/install/rmf_demos:/rmf_demos_ws/install/rmf_reservation_node:/rmf_demos_ws/install/rmf_fleet_adapter_python:/rmf_demos_ws/install/rmf_fleet_adapter:/rmf_demos_ws/install/rmf_task_ros2:/rmf_demos_ws/install/rmf_websocket:/rmf_demos_ws/install/rmf_visualization:/rmf_demos_ws/install/rmf_visualization_schedule:/rmf_demos_ws/install/rmf_visualization_rviz2_plugins:/rmf_demos_ws/install/rmf_visualization_obstacles:/rmf_demos_ws/install/rmf_visualization_navgraphs:/rmf_demos_ws/install/rmf_visualization_floorplans:/rmf_demos_ws/install/rmf_visualization_fleet_states:/rmf_demos_ws/install/rmf_visualization_msgs:/rmf_demos_ws/install/rmf_traffic_ros2:/rmf_demos_ws/install/rmf_task_sequence:/rmf_demos_ws/install/rmf_task:/rmf_demos_ws/install/rmf_battery:/rmf_demos_ws/install/rmf_traffic:/rmf_demos_ws/install/rmf_utils:/rmf_demos_ws/install/rmf_traffic_msgs:/rmf_demos_ws/install/rmf_traffic_editor_test_maps:/rmf_demos_ws/install/rmf_traffic_editor_assets:/rmf_demos_ws/install/rmf_traffic_editor:/rmf_demos_ws/install/rmf_task_msgs:/rmf_demos_ws/install/rmf_site_map_msgs:/rmf_demos_ws/install/rmf_scheduler_msgs:/rmf_demos_ws/install/rmf_robot_sim_gz_plugins:/rmf_demos_ws/install/rmf_robot_sim_common:/rmf_demos_ws/install/rmf_reservation_msgs:/rmf_demos_ws/install/rmf_obstacle_msgs:/rmf_demos_ws/install/rmf_building_sim_gz_plugins:/rmf_demos_ws/install/rmf_lift_msgs:/rmf_demos_ws/install/rmf_ingestor_msgs:/rmf_demos_ws/install/rmf_fleet_msgs:/rmf_demos_ws/install/rmf_door_msgs:/rmf_demos_ws/install/rmf_dispenser_msgs:/rmf_demos_ws/install/rmf_demos_maps:/rmf_demos_ws/install/rmf_demos_assets:/rmf_demos_ws/install/rmf_charger_msgs:/rmf_demos_ws/install/rmf_building_map_msgs:/rmf_demos_ws/install/rmf_api_msgs:/rmf_demos_ws/install/nlohmann_json_schema_validator_vendor:/home/maria/rmf_ws/install/rmf_visualization_building_systems:/home/maria/rmf_ws/install/project_tasks:/home/maria/rmf_ws/install/project_fleet_adapter:/rmf_demos_ws/install/rmf_demos_fleet_adapter:/rmf_demos_ws/install/rmf_visualization_building_systems:/rmf_demos_ws/install/rmf_traffic_examples:/rmf_demos_ws/install/rmf_demos_bridges:/rmf_demos_ws/install/rmf_demos_tasks:/rmf_demos_ws/install/rmf_building_map_tools:/rmf_demos_ws/install/rmf_charging_schedule:/opt/ros/jazzy:/rmf_demos_ws/install/menge_vendor:/rmf_demos_ws/install/ament_cmake_catch2:/opt/ros/jazzy/opt/gz_sim_vendor:/opt/ros/jazzy/opt/gz_sensors_vendor:/opt/ros/jazzy/opt/gz_physics_vendor:/opt/ros/jazzy/opt/sdformat_vendor:/opt/ros/jazzy/opt/gz_gui_vendor:/opt/ros/jazzy/opt/gz_transport_vendor:/opt/ros/jazzy/opt/gz_rendering_vendor:/opt/ros/jazzy/opt/gz_plugin_vendor:/opt/ros/jazzy/opt/gz_fuel_tools_vendor:/opt/ros/jazzy/opt/gz_msgs_vendor:/opt/ros/jazzy/opt/gz_common_vendor:/opt/ros/jazzy/opt/gz_math_vendor:/opt/ros/jazzy/opt/gz_utils_vendor:/opt/ros/jazzy/opt/gz_tools_vendor:/opt/ros/jazzy/opt/gz_ogre_next_vendor:/opt/ros/jazzy/opt/gz_dartsim_vendor:/opt/ros/jazzy/opt/gz_cmake_vendor LD_LIBRARY_PATH=/home/maria/rmf_ws/install/rmf_robot_sim_common/lib:/home/maria/rmf_ws/install/rmf_visualization_schedule/lib:/home/maria/rmf_ws/install/rmf_visualization_rviz2_plugins/lib:/home/maria/rmf_ws/install/rmf_visualization_obstacles/lib:/home/maria/rmf_ws/install/rmf_visualization_navgraphs/lib:/home/maria/rmf_ws/install/rmf_visualization_floorplans/lib:/home/maria/rmf_ws/install/rmf_visualization_fleet_states/lib:/rmf_demos_ws/install/rmf_workcell_msgs/lib:/rmf_demos_ws/install/rmf_fleet_adapter/lib:/rmf_demos_ws/install/rmf_task_ros2/lib:/rmf_demos_ws/install/rmf_websocket/lib:/rmf_demos_ws/install/rmf_visualization_schedule/lib:/rmf_demos_ws/install/rmf_visualization_rviz2_plugins/lib:/rmf_demos_ws/install/rmf_visualization_obstacles/lib:/rmf_demos_ws/install/rmf_visualization_navgraphs/lib:/rmf_demos_ws/install/rmf_visualization_floorplans/lib:/rmf_demos_ws/install/rmf_visualization_fleet_states/lib:/rmf_demos_ws/install/rmf_visualization_msgs/lib:/rmf_demos_ws/install/rmf_traffic_ros2/lib:/rmf_demos_ws/install/rmf_task_sequence/lib:/rmf_demos_ws/install/rmf_task/lib:/rmf_demos_ws/install/rmf_battery/lib:/rmf_demos_ws/install/rmf_traffic/lib:/rmf_demos_ws/install/rmf_utils/lib:/rmf_demos_ws/install/rmf_traffic_msgs/lib:/rmf_demos_ws/install/rmf_task_msgs/lib:/rmf_demos_ws/install/rmf_site_map_msgs/lib:/rmf_demos_ws/install/rmf_scheduler_msgs/lib:/rmf_demos_ws/install/rmf_robot_sim_common/lib:/rmf_demos_ws/install/rmf_reservation_msgs/lib:/rmf_demos_ws/install/rmf_obstacle_msgs/lib:/rmf_demos_ws/install/rmf_lift_msgs/lib:/rmf_demos_ws/install/rmf_ingestor_msgs/lib:/rmf_demos_ws/install/rmf_fleet_msgs/lib:/rmf_demos_ws/install/rmf_door_msgs/lib:/rmf_demos_ws/install/rmf_dispenser_msgs/lib:/rmf_demos_ws/install/rmf_charger_msgs/lib:/rmf_demos_ws/install/rmf_building_map_msgs/lib:/rmf_demos_ws/install/nlohmann_json_schema_validator_vendor/lib:/rmf_demos_ws/install/menge_vendor/lib:/opt/ros/jazzy/opt/zenoh_cpp_vendor/lib:/opt/ros/jazzy/opt/gz_sim_vendor/lib:/opt/ros/jazzy/opt/gz_sensors_vendor/lib:/opt/ros/jazzy/opt/gz_physics_vendor/lib:/opt/ros/jazzy/opt/sdformat_vendor/lib:/opt/ros/jazzy/opt/rviz_ogre_vendor/lib:/opt/ros/jazzy/lib/x86_64-linux-gnu:/opt/ros/jazzy/opt/gz_gui_vendor/lib:/opt/ros/jazzy/opt/gz_transport_vendor/lib:/opt/ros/jazzy/opt/gz_rendering_vendor/lib:/opt/ros/jazzy/opt/gz_plugin_vendor/lib:/opt/ros/jazzy/opt/gz_fuel_tools_vendor/lib:/opt/ros/jazzy/opt/gz_msgs_vendor/lib:/opt/ros/jazzy/opt/gz_common_vendor/lib:/opt/ros/jazzy/opt/gz_math_vendor/lib:/opt/ros/jazzy/opt/gz_utils_vendor/lib:/opt/ros/jazzy/opt/gz_tools_vendor/lib:/opt/ros/jazzy/opt/gz_ogre_next_vendor/lib:/opt/ros/jazzy/opt/gz_dartsim_vendor/lib:/opt/ros/jazzy/opt/gz_cmake_vendor/lib:/opt/ros/jazzy/lib /usr/bin/cmake --build /home/maria/rmf_ws/build/rmf_robot_sim_gz_plugins -- -j8 -l8
[24.847s] Invoking command in '/home/maria/rmf_ws/build/rmf_robot_sim_gz_plugins': CMAKE_PREFIX_PATH=/home/maria/rmf_ws/install/rmf_robot_sim_common:/home/maria/rmf_ws/install/rmf_building_sim_gz_plugins:/home/maria/rmf_ws/install/project_config:/home/maria/rmf_ws/install/rmf_visualization:/home/maria/rmf_ws/install/rmf_visualization_schedule:/home/maria/rmf_ws/install/rmf_visualization_rviz2_plugins:/home/maria/rmf_ws/install/rmf_visualization_obstacles:/home/maria/rmf_ws/install/rmf_visualization_navgraphs:/home/maria/rmf_ws/install/rmf_visualization_floorplans:/home/maria/rmf_ws/install/rmf_visualization_fleet_states:/home/maria/rmf_ws/install/rmf_robot_sim_gz_plugins:/home/maria/rmf_ws/install/project_simulation:/home/maria/rmf_ws/install/project_maps:/home/maria/rmf_ws/install/project_assets:/rmf_demos_ws/install/rmf_workcell_msgs:/rmf_demos_ws/install/rmf_demos_gz:/rmf_demos_ws/install/rmf_demos:/rmf_demos_ws/install/rmf_reservation_node:/rmf_demos_ws/install/rmf_fleet_adapter_python:/rmf_demos_ws/install/rmf_fleet_adapter:/rmf_demos_ws/install/rmf_task_ros2:/rmf_demos_ws/install/rmf_websocket:/rmf_demos_ws/install/rmf_visualization:/rmf_demos_ws/install/rmf_visualization_schedule:/rmf_demos_ws/install/rmf_visualization_rviz2_plugins:/rmf_demos_ws/install/rmf_visualization_obstacles:/rmf_demos_ws/install/rmf_visualization_navgraphs:/rmf_demos_ws/install/rmf_visualization_floorplans:/rmf_demos_ws/install/rmf_visualization_fleet_states:/rmf_demos_ws/install/rmf_visualization_msgs:/rmf_demos_ws/install/rmf_traffic_ros2:/rmf_demos_ws/install/rmf_task_sequence:/rmf_demos_ws/install/rmf_task:/rmf_demos_ws/install/rmf_battery:/rmf_demos_ws/install/rmf_traffic:/rmf_demos_ws/install/rmf_utils:/rmf_demos_ws/install/rmf_traffic_msgs:/rmf_demos_ws/install/rmf_traffic_editor_test_maps:/rmf_demos_ws/install/rmf_traffic_editor_assets:/rmf_demos_ws/install/rmf_traffic_editor:/rmf_demos_ws/install/rmf_task_msgs:/rmf_demos_ws/install/rmf_site_map_msgs:/rmf_demos_ws/install/rmf_scheduler_msgs:/rmf_demos_ws/install/rmf_robot_sim_gz_plugins:/rmf_demos_ws/install/rmf_robot_sim_common:/rmf_demos_ws/install/rmf_reservation_msgs:/rmf_demos_ws/install/rmf_obstacle_msgs:/rmf_demos_ws/install/rmf_building_sim_gz_plugins:/rmf_demos_ws/install/rmf_lift_msgs:/rmf_demos_ws/install/rmf_ingestor_msgs:/rmf_demos_ws/install/rmf_fleet_msgs:/rmf_demos_ws/install/rmf_door_msgs:/rmf_demos_ws/install/rmf_dispenser_msgs:/rmf_demos_ws/install/rmf_demos_maps:/rmf_demos_ws/install/rmf_demos_assets:/rmf_demos_ws/install/rmf_charger_msgs:/rmf_demos_ws/install/rmf_building_map_msgs:/rmf_demos_ws/install/rmf_api_msgs:/rmf_demos_ws/install/nlohmann_json_schema_validator_vendor:/home/maria/rmf_ws/install/rmf_visualization_building_systems:/home/maria/rmf_ws/install/project_tasks:/home/maria/rmf_ws/install/project_fleet_adapter:/rmf_demos_ws/install/rmf_demos_fleet_adapter:/rmf_demos_ws/install/rmf_visualization_building_systems:/rmf_demos_ws/install/rmf_traffic_examples:/rmf_demos_ws/install/rmf_demos_bridges:/rmf_demos_ws/install/rmf_demos_tasks:/rmf_demos_ws/install/rmf_building_map_tools:/rmf_demos_ws/install/rmf_charging_schedule:/opt/ros/jazzy:/rmf_demos_ws/install/menge_vendor:/rmf_demos_ws/install/ament_cmake_catch2:/opt/ros/jazzy/opt/gz_sim_vendor:/opt/ros/jazzy/opt/gz_sensors_vendor:/opt/ros/jazzy/opt/gz_physics_vendor:/opt/ros/jazzy/opt/sdformat_vendor:/opt/ros/jazzy/opt/gz_gui_vendor:/opt/ros/jazzy/opt/gz_transport_vendor:/opt/ros/jazzy/opt/gz_rendering_vendor:/opt/ros/jazzy/opt/gz_plugin_vendor:/opt/ros/jazzy/opt/gz_fuel_tools_vendor:/opt/ros/jazzy/opt/gz_msgs_vendor:/opt/ros/jazzy/opt/gz_common_vendor:/opt/ros/jazzy/opt/gz_math_vendor:/opt/ros/jazzy/opt/gz_utils_vendor:/opt/ros/jazzy/opt/gz_tools_vendor:/opt/ros/jazzy/opt/gz_ogre_next_vendor:/opt/ros/jazzy/opt/gz_dartsim_vendor:/opt/ros/jazzy/opt/gz_cmake_vendor LD_LIBRARY_PATH=/home/maria/rmf_ws/install/rmf_robot_sim_common/lib:/home/maria/rmf_ws/install/rmf_visualization_schedule/lib:/home/maria/rmf_ws/install/rmf_visualization_rviz2_plugins/lib:/home/maria/rmf_ws/install/rmf_visualization_obstacles/lib:/home/maria/rmf_ws/install/rmf_visualization_navgraphs/lib:/home/maria/rmf_ws/install/rmf_visualization_floorplans/lib:/home/maria/rmf_ws/install/rmf_visualization_fleet_states/lib:/rmf_demos_ws/install/rmf_workcell_msgs/lib:/rmf_demos_ws/install/rmf_fleet_adapter/lib:/rmf_demos_ws/install/rmf_task_ros2/lib:/rmf_demos_ws/install/rmf_websocket/lib:/rmf_demos_ws/install/rmf_visualization_schedule/lib:/rmf_demos_ws/install/rmf_visualization_rviz2_plugins/lib:/rmf_demos_ws/install/rmf_visualization_obstacles/lib:/rmf_demos_ws/install/rmf_visualization_navgraphs/lib:/rmf_demos_ws/install/rmf_visualization_floorplans/lib:/rmf_demos_ws/install/rmf_visualization_fleet_states/lib:/rmf_demos_ws/install/rmf_visualization_msgs/lib:/rmf_demos_ws/install/rmf_traffic_ros2/lib:/rmf_demos_ws/install/rmf_task_sequence/lib:/rmf_demos_ws/install/rmf_task/lib:/rmf_demos_ws/install/rmf_battery/lib:/rmf_demos_ws/install/rmf_traffic/lib:/rmf_demos_ws/install/rmf_utils/lib:/rmf_demos_ws/install/rmf_traffic_msgs/lib:/rmf_demos_ws/install/rmf_task_msgs/lib:/rmf_demos_ws/install/rmf_site_map_msgs/lib:/rmf_demos_ws/install/rmf_scheduler_msgs/lib:/rmf_demos_ws/install/rmf_robot_sim_common/lib:/rmf_demos_ws/install/rmf_reservation_msgs/lib:/rmf_demos_ws/install/rmf_obstacle_msgs/lib:/rmf_demos_ws/install/rmf_lift_msgs/lib:/rmf_demos_ws/install/rmf_ingestor_msgs/lib:/rmf_demos_ws/install/rmf_fleet_msgs/lib:/rmf_demos_ws/install/rmf_door_msgs/lib:/rmf_demos_ws/install/rmf_dispenser_msgs/lib:/rmf_demos_ws/install/rmf_charger_msgs/lib:/rmf_demos_ws/install/rmf_building_map_msgs/lib:/rmf_demos_ws/install/nlohmann_json_schema_validator_vendor/lib:/rmf_demos_ws/install/menge_vendor/lib:/opt/ros/jazzy/opt/zenoh_cpp_vendor/lib:/opt/ros/jazzy/opt/gz_sim_vendor/lib:/opt/ros/jazzy/opt/gz_sensors_vendor/lib:/opt/ros/jazzy/opt/gz_physics_vendor/lib:/opt/ros/jazzy/opt/sdformat_vendor/lib:/opt/ros/jazzy/opt/rviz_ogre_vendor/lib:/opt/ros/jazzy/lib/x86_64-linux-gnu:/opt/ros/jazzy/opt/gz_gui_vendor/lib:/opt/ros/jazzy/opt/gz_transport_vendor/lib:/opt/ros/jazzy/opt/gz_rendering_vendor/lib:/opt/ros/jazzy/opt/gz_plugin_vendor/lib:/opt/ros/jazzy/opt/gz_fuel_tools_vendor/lib:/opt/ros/jazzy/opt/gz_msgs_vendor/lib:/opt/ros/jazzy/opt/gz_common_vendor/lib:/opt/ros/jazzy/opt/gz_math_vendor/lib:/opt/ros/jazzy/opt/gz_utils_vendor/lib:/opt/ros/jazzy/opt/gz_tools_vendor/lib:/opt/ros/jazzy/opt/gz_ogre_next_vendor/lib:/opt/ros/jazzy/opt/gz_dartsim_vendor/lib:/opt/ros/jazzy/opt/gz_cmake_vendor/lib:/opt/ros/jazzy/lib /usr/bin/cmake --install /home/maria/rmf_ws/build/rmf_robot_sim_gz_plugins
[24.857s] -- Install configuration: ""
[24.857s] -- Installing: /home/maria/rmf_ws/install/rmf_robot_sim_gz_plugins/share/rmf_robot_sim_gz_plugins/environment/rmf_robot_sim_gz_plugins.dsv
[24.857s] -- Installing: /home/maria/rmf_ws/install/rmf_robot_sim_gz_plugins/lib/rmf_robot_sim_gz_plugins/libteleport_dispenser.so
[24.864s] -- Set non-toolchain portion of runtime path of "/home/maria/rmf_ws/install/rmf_robot_sim_gz_plugins/lib/rmf_robot_sim_gz_plugins/libteleport_dispenser.so" to ""
[24.864s] -- Installing: /home/maria/rmf_ws/install/rmf_robot_sim_gz_plugins/lib/rmf_robot_sim_gz_plugins/libteleport_ingestor.so
[24.871s] -- Set non-toolchain portion of runtime path of "/home/maria/rmf_ws/install/rmf_robot_sim_gz_plugins/lib/rmf_robot_sim_gz_plugins/libteleport_ingestor.so" to ""
[24.871s] -- Installing: /home/maria/rmf_ws/install/rmf_robot_sim_gz_plugins/lib/rmf_robot_sim_gz_plugins/libreadonly.so
[24.872s] -- Set non-toolchain portion of runtime path of "/home/maria/rmf_ws/install/rmf_robot_sim_gz_plugins/lib/rmf_robot_sim_gz_plugins/libreadonly.so" to ""
[24.872s] -- Installing: /home/maria/rmf_ws/install/rmf_robot_sim_gz_plugins/lib/rmf_robot_sim_gz_plugins/libslotcar.so
[24.875s] -- Set non-toolchain portion of runtime path of "/home/maria/rmf_ws/install/rmf_robot_sim_gz_plugins/lib/rmf_robot_sim_gz_plugins/libslotcar.so" to ""
[24.875s] -- Installing: /home/maria/rmf_ws/install/rmf_robot_sim_gz_plugins/share/ament_index/resource_index/package_run_dependencies/rmf_robot_sim_gz_plugins
[24.875s] -- Installing: /home/maria/rmf_ws/install/rmf_robot_sim_gz_plugins/share/ament_index/resource_index/parent_prefix_path/rmf_robot_sim_gz_plugins
[24.875s] -- Installing: /home/maria/rmf_ws/install/rmf_robot_sim_gz_plugins/share/rmf_robot_sim_gz_plugins/environment/ament_prefix_path.sh
[24.875s] -- Installing: /home/maria/rmf_ws/install/rmf_robot_sim_gz_plugins/share/rmf_robot_sim_gz_plugins/environment/ament_prefix_path.dsv
[24.876s] -- Installing: /home/maria/rmf_ws/install/rmf_robot_sim_gz_plugins/share/rmf_robot_sim_gz_plugins/environment/path.sh
[24.876s] -- Installing: /home/maria/rmf_ws/install/rmf_robot_sim_gz_plugins/share/rmf_robot_sim_gz_plugins/environment/path.dsv
[24.876s] -- Installing: /home/maria/rmf_ws/install/rmf_robot_sim_gz_plugins/share/rmf_robot_sim_gz_plugins/local_setup.bash
[24.876s] -- Installing: /home/maria/rmf_ws/install/rmf_robot_sim_gz_plugins/share/rmf_robot_sim_gz_plugins/local_setup.sh
[24.876s] -- Installing: /home/maria/rmf_ws/install/rmf_robot_sim_gz_plugins/share/rmf_robot_sim_gz_plugins/local_setup.zsh
[24.876s] -- Installing: /home/maria/rmf_ws/install/rmf_robot_sim_gz_plugins/share/rmf_robot_sim_gz_plugins/local_setup.dsv
[24.876s] -- Installing: /home/maria/rmf_ws/install/rmf_robot_sim_gz_plugins/share/rmf_robot_sim_gz_plugins/package.dsv
[24.876s] -- Installing: /home/maria/rmf_ws/install/rmf_robot_sim_gz_plugins/share/ament_index/resource_index/packages/rmf_robot_sim_gz_plugins
[24.876s] -- Installing: /home/maria/rmf_ws/install/rmf_robot_sim_gz_plugins/share/rmf_robot_sim_gz_plugins/cmake/rmf_robot_sim_gz_pluginsConfig.cmake
[24.876s] -- Installing: /home/maria/rmf_ws/install/rmf_robot_sim_gz_plugins/share/rmf_robot_sim_gz_plugins/cmake/rmf_robot_sim_gz_pluginsConfig-version.cmake
[24.876s] -- Installing: /home/maria/rmf_ws/install/rmf_robot_sim_gz_plugins/share/rmf_robot_sim_gz_plugins/package.xml
[24.878s] Invoked command in '/home/maria/rmf_ws/build/rmf_robot_sim_gz_plugins' returned '0': CMAKE_PREFIX_PATH=/home/maria/rmf_ws/install/rmf_robot_sim_common:/home/maria/rmf_ws/install/rmf_building_sim_gz_plugins:/home/maria/rmf_ws/install/project_config:/home/maria/rmf_ws/install/rmf_visualization:/home/maria/rmf_ws/install/rmf_visualization_schedule:/home/maria/rmf_ws/install/rmf_visualization_rviz2_plugins:/home/maria/rmf_ws/install/rmf_visualization_obstacles:/home/maria/rmf_ws/install/rmf_visualization_navgraphs:/home/maria/rmf_ws/install/rmf_visualization_floorplans:/home/maria/rmf_ws/install/rmf_visualization_fleet_states:/home/maria/rmf_ws/install/rmf_robot_sim_gz_plugins:/home/maria/rmf_ws/install/project_simulation:/home/maria/rmf_ws/install/project_maps:/home/maria/rmf_ws/install/project_assets:/rmf_demos_ws/install/rmf_workcell_msgs:/rmf_demos_ws/install/rmf_demos_gz:/rmf_demos_ws/install/rmf_demos:/rmf_demos_ws/install/rmf_reservation_node:/rmf_demos_ws/install/rmf_fleet_adapter_python:/rmf_demos_ws/install/rmf_fleet_adapter:/rmf_demos_ws/install/rmf_task_ros2:/rmf_demos_ws/install/rmf_websocket:/rmf_demos_ws/install/rmf_visualization:/rmf_demos_ws/install/rmf_visualization_schedule:/rmf_demos_ws/install/rmf_visualization_rviz2_plugins:/rmf_demos_ws/install/rmf_visualization_obstacles:/rmf_demos_ws/install/rmf_visualization_navgraphs:/rmf_demos_ws/install/rmf_visualization_floorplans:/rmf_demos_ws/install/rmf_visualization_fleet_states:/rmf_demos_ws/install/rmf_visualization_msgs:/rmf_demos_ws/install/rmf_traffic_ros2:/rmf_demos_ws/install/rmf_task_sequence:/rmf_demos_ws/install/rmf_task:/rmf_demos_ws/install/rmf_battery:/rmf_demos_ws/install/rmf_traffic:/rmf_demos_ws/install/rmf_utils:/rmf_demos_ws/install/rmf_traffic_msgs:/rmf_demos_ws/install/rmf_traffic_editor_test_maps:/rmf_demos_ws/install/rmf_traffic_editor_assets:/rmf_demos_ws/install/rmf_traffic_editor:/rmf_demos_ws/install/rmf_task_msgs:/rmf_demos_ws/install/rmf_site_map_msgs:/rmf_demos_ws/install/rmf_scheduler_msgs:/rmf_demos_ws/install/rmf_robot_sim_gz_plugins:/rmf_demos_ws/install/rmf_robot_sim_common:/rmf_demos_ws/install/rmf_reservation_msgs:/rmf_demos_ws/install/rmf_obstacle_msgs:/rmf_demos_ws/install/rmf_building_sim_gz_plugins:/rmf_demos_ws/install/rmf_lift_msgs:/rmf_demos_ws/install/rmf_ingestor_msgs:/rmf_demos_ws/install/rmf_fleet_msgs:/rmf_demos_ws/install/rmf_door_msgs:/rmf_demos_ws/install/rmf_dispenser_msgs:/rmf_demos_ws/install/rmf_demos_maps:/rmf_demos_ws/install/rmf_demos_assets:/rmf_demos_ws/install/rmf_charger_msgs:/rmf_demos_ws/install/rmf_building_map_msgs:/rmf_demos_ws/install/rmf_api_msgs:/rmf_demos_ws/install/nlohmann_json_schema_validator_vendor:/home/maria/rmf_ws/install/rmf_visualization_building_systems:/home/maria/rmf_ws/install/project_tasks:/home/maria/rmf_ws/install/project_fleet_adapter:/rmf_demos_ws/install/rmf_demos_fleet_adapter:/rmf_demos_ws/install/rmf_visualization_building_systems:/rmf_demos_ws/install/rmf_traffic_examples:/rmf_demos_ws/install/rmf_demos_bridges:/rmf_demos_ws/install/rmf_demos_tasks:/rmf_demos_ws/install/rmf_building_map_tools:/rmf_demos_ws/install/rmf_charging_schedule:/opt/ros/jazzy:/rmf_demos_ws/install/menge_vendor:/rmf_demos_ws/install/ament_cmake_catch2:/opt/ros/jazzy/opt/gz_sim_vendor:/opt/ros/jazzy/opt/gz_sensors_vendor:/opt/ros/jazzy/opt/gz_physics_vendor:/opt/ros/jazzy/opt/sdformat_vendor:/opt/ros/jazzy/opt/gz_gui_vendor:/opt/ros/jazzy/opt/gz_transport_vendor:/opt/ros/jazzy/opt/gz_rendering_vendor:/opt/ros/jazzy/opt/gz_plugin_vendor:/opt/ros/jazzy/opt/gz_fuel_tools_vendor:/opt/ros/jazzy/opt/gz_msgs_vendor:/opt/ros/jazzy/opt/gz_common_vendor:/opt/ros/jazzy/opt/gz_math_vendor:/opt/ros/jazzy/opt/gz_utils_vendor:/opt/ros/jazzy/opt/gz_tools_vendor:/opt/ros/jazzy/opt/gz_ogre_next_vendor:/opt/ros/jazzy/opt/gz_dartsim_vendor:/opt/ros/jazzy/opt/gz_cmake_vendor LD_LIBRARY_PATH=/home/maria/rmf_ws/install/rmf_robot_sim_common/lib:/home/maria/rmf_ws/install/rmf_visualization_schedule/lib:/home/maria/rmf_ws/install/rmf_visualization_rviz2_plugins/lib:/home/maria/rmf_ws/install/rmf_visualization_obstacles/lib:/home/maria/rmf_ws/install/rmf_visualization_navgraphs/lib:/home/maria/rmf_ws/install/rmf_visualization_floorplans/lib:/home/maria/rmf_ws/install/rmf_visualization_fleet_states/lib:/rmf_demos_ws/install/rmf_workcell_msgs/lib:/rmf_demos_ws/install/rmf_fleet_adapter/lib:/rmf_demos_ws/install/rmf_task_ros2/lib:/rmf_demos_ws/install/rmf_websocket/lib:/rmf_demos_ws/install/rmf_visualization_schedule/lib:/rmf_demos_ws/install/rmf_visualization_rviz2_plugins/lib:/rmf_demos_ws/install/rmf_visualization_obstacles/lib:/rmf_demos_ws/install/rmf_visualization_navgraphs/lib:/rmf_demos_ws/install/rmf_visualization_floorplans/lib:/rmf_demos_ws/install/rmf_visualization_fleet_states/lib:/rmf_demos_ws/install/rmf_visualization_msgs/lib:/rmf_demos_ws/install/rmf_traffic_ros2/lib:/rmf_demos_ws/install/rmf_task_sequence/lib:/rmf_demos_ws/install/rmf_task/lib:/rmf_demos_ws/install/rmf_battery/lib:/rmf_demos_ws/install/rmf_traffic/lib:/rmf_demos_ws/install/rmf_utils/lib:/rmf_demos_ws/install/rmf_traffic_msgs/lib:/rmf_demos_ws/install/rmf_task_msgs/lib:/rmf_demos_ws/install/rmf_site_map_msgs/lib:/rmf_demos_ws/install/rmf_scheduler_msgs/lib:/rmf_demos_ws/install/rmf_robot_sim_common/lib:/rmf_demos_ws/install/rmf_reservation_msgs/lib:/rmf_demos_ws/install/rmf_obstacle_msgs/lib:/rmf_demos_ws/install/rmf_lift_msgs/lib:/rmf_demos_ws/install/rmf_ingestor_msgs/lib:/rmf_demos_ws/install/rmf_fleet_msgs/lib:/rmf_demos_ws/install/rmf_door_msgs/lib:/rmf_demos_ws/install/rmf_dispenser_msgs/lib:/rmf_demos_ws/install/rmf_charger_msgs/lib:/rmf_demos_ws/install/rmf_building_map_msgs/lib:/rmf_demos_ws/install/nlohmann_json_schema_validator_vendor/lib:/rmf_demos_ws/install/menge_vendor/lib:/opt/ros/jazzy/opt/zenoh_cpp_vendor/lib:/opt/ros/jazzy/opt/gz_sim_vendor/lib:/opt/ros/jazzy/opt/gz_sensors_vendor/lib:/opt/ros/jazzy/opt/gz_physics_vendor/lib:/opt/ros/jazzy/opt/sdformat_vendor/lib:/opt/ros/jazzy/opt/rviz_ogre_vendor/lib:/opt/ros/jazzy/lib/x86_64-linux-gnu:/opt/ros/jazzy/opt/gz_gui_vendor/lib:/opt/ros/jazzy/opt/gz_transport_vendor/lib:/opt/ros/jazzy/opt/gz_rendering_vendor/lib:/opt/ros/jazzy/opt/gz_plugin_vendor/lib:/opt/ros/jazzy/opt/gz_fuel_tools_vendor/lib:/opt/ros/jazzy/opt/gz_msgs_vendor/lib:/opt/ros/jazzy/opt/gz_common_vendor/lib:/opt/ros/jazzy/opt/gz_math_vendor/lib:/opt/ros/jazzy/opt/gz_utils_vendor/lib:/opt/ros/jazzy/opt/gz_tools_vendor/lib:/opt/ros/jazzy/opt/gz_ogre_next_vendor/lib:/opt/ros/jazzy/opt/gz_dartsim_vendor/lib:/opt/ros/jazzy/opt/gz_cmake_vendor/lib:/opt/ros/jazzy/lib /usr/bin/cmake --install /home/maria/rmf_ws/build/rmf_robot_sim_gz_plugins
