[ 33%] Built target slotcar_common
[ 66%] Built target rmf_robot_sim_utils
[100%] Built target readonly_common
-- Install configuration: ""
-- Up-to-date: /home/maria/rmf_ws/install/rmf_robot_sim_common/share/rmf_robot_sim_common/environment/library_path.sh
-- Up-to-date: /home/maria/rmf_ws/install/rmf_robot_sim_common/share/rmf_robot_sim_common/environment/library_path.dsv
-- Up-to-date: /home/maria/rmf_ws/install/rmf_robot_sim_common/lib/libreadonly_common.so
-- Up-to-date: /home/maria/rmf_ws/install/rmf_robot_sim_common/lib/librmf_robot_sim_utils.so
-- Up-to-date: /home/maria/rmf_ws/install/rmf_robot_sim_common/lib/libslotcar_common.so
-- Up-to-date: /home/maria/rmf_ws/install/rmf_robot_sim_common/include
-- Up-to-date: /home/maria/rmf_ws/install/rmf_robot_sim_common/include/rmf_robot_sim_common
-- Up-to-date: /home/maria/rmf_ws/install/rmf_robot_sim_common/include/rmf_robot_sim_common/utils.hpp
-- Up-to-date: /home/maria/rmf_ws/install/rmf_robot_sim_common/include/rmf_robot_sim_common/slotcar_common.hpp
-- Up-to-date: /home/maria/rmf_ws/install/rmf_robot_sim_common/include/rmf_robot_sim_common/readonly_common.hpp
-- Up-to-date: /home/maria/rmf_ws/install/rmf_robot_sim_common/share/ament_index/resource_index/package_run_dependencies/rmf_robot_sim_common
-- Up-to-date: /home/maria/rmf_ws/install/rmf_robot_sim_common/share/ament_index/resource_index/parent_prefix_path/rmf_robot_sim_common
-- Up-to-date: /home/maria/rmf_ws/install/rmf_robot_sim_common/share/rmf_robot_sim_common/environment/ament_prefix_path.sh
-- Up-to-date: /home/maria/rmf_ws/install/rmf_robot_sim_common/share/rmf_robot_sim_common/environment/ament_prefix_path.dsv
-- Up-to-date: /home/maria/rmf_ws/install/rmf_robot_sim_common/share/rmf_robot_sim_common/environment/path.sh
-- Up-to-date: /home/maria/rmf_ws/install/rmf_robot_sim_common/share/rmf_robot_sim_common/environment/path.dsv
-- Up-to-date: /home/maria/rmf_ws/install/rmf_robot_sim_common/share/rmf_robot_sim_common/local_setup.bash
-- Up-to-date: /home/maria/rmf_ws/install/rmf_robot_sim_common/share/rmf_robot_sim_common/local_setup.sh
-- Up-to-date: /home/maria/rmf_ws/install/rmf_robot_sim_common/share/rmf_robot_sim_common/local_setup.zsh
-- Up-to-date: /home/maria/rmf_ws/install/rmf_robot_sim_common/share/rmf_robot_sim_common/local_setup.dsv
-- Installing: /home/maria/rmf_ws/install/rmf_robot_sim_common/share/rmf_robot_sim_common/package.dsv
-- Up-to-date: /home/maria/rmf_ws/install/rmf_robot_sim_common/share/ament_index/resource_index/packages/rmf_robot_sim_common
-- Up-to-date: /home/maria/rmf_ws/install/rmf_robot_sim_common/share/rmf_robot_sim_common/cmake/rmf_robot_sim_utilsExport.cmake
-- Up-to-date: /home/maria/rmf_ws/install/rmf_robot_sim_common/share/rmf_robot_sim_common/cmake/rmf_robot_sim_utilsExport-noconfig.cmake
-- Up-to-date: /home/maria/rmf_ws/install/rmf_robot_sim_common/share/rmf_robot_sim_common/cmake/readonly_commonExport.cmake
-- Up-to-date: /home/maria/rmf_ws/install/rmf_robot_sim_common/share/rmf_robot_sim_common/cmake/readonly_commonExport-noconfig.cmake
-- Up-to-date: /home/maria/rmf_ws/install/rmf_robot_sim_common/share/rmf_robot_sim_common/cmake/slotcar_commonExport.cmake
-- Up-to-date: /home/maria/rmf_ws/install/rmf_robot_sim_common/share/rmf_robot_sim_common/cmake/slotcar_commonExport-noconfig.cmake
-- Up-to-date: /home/maria/rmf_ws/install/rmf_robot_sim_common/share/rmf_robot_sim_common/cmake/ament_cmake_export_dependencies-extras.cmake
-- Up-to-date: /home/maria/rmf_ws/install/rmf_robot_sim_common/share/rmf_robot_sim_common/cmake/ament_cmake_export_include_directories-extras.cmake
-- Up-to-date: /home/maria/rmf_ws/install/rmf_robot_sim_common/share/rmf_robot_sim_common/cmake/ament_cmake_export_targets-extras.cmake
-- Up-to-date: /home/maria/rmf_ws/install/rmf_robot_sim_common/share/rmf_robot_sim_common/cmake/rmf_robot_sim_commonConfig.cmake
-- Up-to-date: /home/maria/rmf_ws/install/rmf_robot_sim_common/share/rmf_robot_sim_common/cmake/rmf_robot_sim_commonConfig-version.cmake
-- Up-to-date: /home/maria/rmf_ws/install/rmf_robot_sim_common/share/rmf_robot_sim_common/package.xml
