running develop
Removing /home/maria/rmf_ws/install/project_fleet_adapter/lib/python3.12/site-packages/project-fleet-adapter.egg-link (link to .)
running egg_info
writing ../../../build/project_fleet_adapter/project_fleet_adapter.egg-info/PKG-INFO
writing dependency_links to ../../../build/project_fleet_adapter/project_fleet_adapter.egg-info/dependency_links.txt
writing entry points to ../../../build/project_fleet_adapter/project_fleet_adapter.egg-info/entry_points.txt
writing requirements to ../../../build/project_fleet_adapter/project_fleet_adapter.egg-info/requires.txt
writing top-level names to ../../../build/project_fleet_adapter/project_fleet_adapter.egg-info/top_level.txt
reading manifest file '../../../build/project_fleet_adapter/project_fleet_adapter.egg-info/SOURCES.txt'
writing manifest file '../../../build/project_fleet_adapter/project_fleet_adapter.egg-info/SOURCES.txt'
running build
running build_py
creating /home/maria/rmf_ws/build/project_fleet_adapter/build
creating /home/maria/rmf_ws/build/project_fleet_adapter/build/lib
creating /home/maria/rmf_ws/build/project_fleet_adapter/build/lib/test
copying test/test_copyright.py -> /home/maria/rmf_ws/build/project_fleet_adapter/build/lib/test
copying test/test_pep257.py -> /home/maria/rmf_ws/build/project_fleet_adapter/build/lib/test
copying test/test_flake8.py -> /home/maria/rmf_ws/build/project_fleet_adapter/build/lib/test
copying test/__init__.py -> /home/maria/rmf_ws/build/project_fleet_adapter/build/lib/test
creating /home/maria/rmf_ws/build/project_fleet_adapter/build/lib/project_fleet_adapter
copying project_fleet_adapter/fleet_adapter.py -> /home/maria/rmf_ws/build/project_fleet_adapter/build/lib/project_fleet_adapter
copying project_fleet_adapter/RobotClientAPI.py -> /home/maria/rmf_ws/build/project_fleet_adapter/build/lib/project_fleet_adapter
copying project_fleet_adapter/manage_lane.py -> /home/maria/rmf_ws/build/project_fleet_adapter/build/lib/project_fleet_adapter
copying project_fleet_adapter/fleet_manager.py -> /home/maria/rmf_ws/build/project_fleet_adapter/build/lib/project_fleet_adapter
copying project_fleet_adapter/__init__.py -> /home/maria/rmf_ws/build/project_fleet_adapter/build/lib/project_fleet_adapter
running install
running install_lib
creating /home/maria/rmf_ws/install/project_fleet_adapter/lib/python3.12/site-packages/test
copying /home/maria/rmf_ws/build/project_fleet_adapter/build/lib/test/test_copyright.py -> /home/maria/rmf_ws/install/project_fleet_adapter/lib/python3.12/site-packages/test
copying /home/maria/rmf_ws/build/project_fleet_adapter/build/lib/test/test_pep257.py -> /home/maria/rmf_ws/install/project_fleet_adapter/lib/python3.12/site-packages/test
copying /home/maria/rmf_ws/build/project_fleet_adapter/build/lib/test/test_flake8.py -> /home/maria/rmf_ws/install/project_fleet_adapter/lib/python3.12/site-packages/test
copying /home/maria/rmf_ws/build/project_fleet_adapter/build/lib/test/__init__.py -> /home/maria/rmf_ws/install/project_fleet_adapter/lib/python3.12/site-packages/test
creating /home/maria/rmf_ws/install/project_fleet_adapter/lib/python3.12/site-packages/project_fleet_adapter
copying /home/maria/rmf_ws/build/project_fleet_adapter/build/lib/project_fleet_adapter/fleet_adapter.py -> /home/maria/rmf_ws/install/project_fleet_adapter/lib/python3.12/site-packages/project_fleet_adapter
copying /home/maria/rmf_ws/build/project_fleet_adapter/build/lib/project_fleet_adapter/RobotClientAPI.py -> /home/maria/rmf_ws/install/project_fleet_adapter/lib/python3.12/site-packages/project_fleet_adapter
copying /home/maria/rmf_ws/build/project_fleet_adapter/build/lib/project_fleet_adapter/manage_lane.py -> /home/maria/rmf_ws/install/project_fleet_adapter/lib/python3.12/site-packages/project_fleet_adapter
copying /home/maria/rmf_ws/build/project_fleet_adapter/build/lib/project_fleet_adapter/fleet_manager.py -> /home/maria/rmf_ws/install/project_fleet_adapter/lib/python3.12/site-packages/project_fleet_adapter
copying /home/maria/rmf_ws/build/project_fleet_adapter/build/lib/project_fleet_adapter/__init__.py -> /home/maria/rmf_ws/install/project_fleet_adapter/lib/python3.12/site-packages/project_fleet_adapter
byte-compiling /home/maria/rmf_ws/install/project_fleet_adapter/lib/python3.12/site-packages/test/test_copyright.py to test_copyright.cpython-312.pyc
byte-compiling /home/maria/rmf_ws/install/project_fleet_adapter/lib/python3.12/site-packages/test/test_pep257.py to test_pep257.cpython-312.pyc
byte-compiling /home/maria/rmf_ws/install/project_fleet_adapter/lib/python3.12/site-packages/test/test_flake8.py to test_flake8.cpython-312.pyc
byte-compiling /home/maria/rmf_ws/install/project_fleet_adapter/lib/python3.12/site-packages/test/__init__.py to __init__.cpython-312.pyc
byte-compiling /home/maria/rmf_ws/install/project_fleet_adapter/lib/python3.12/site-packages/project_fleet_adapter/fleet_adapter.py to fleet_adapter.cpython-312.pyc
byte-compiling /home/maria/rmf_ws/install/project_fleet_adapter/lib/python3.12/site-packages/project_fleet_adapter/RobotClientAPI.py to RobotClientAPI.cpython-312.pyc
byte-compiling /home/maria/rmf_ws/install/project_fleet_adapter/lib/python3.12/site-packages/project_fleet_adapter/manage_lane.py to manage_lane.cpython-312.pyc
byte-compiling /home/maria/rmf_ws/install/project_fleet_adapter/lib/python3.12/site-packages/project_fleet_adapter/fleet_manager.py to fleet_manager.cpython-312.pyc
byte-compiling /home/maria/rmf_ws/install/project_fleet_adapter/lib/python3.12/site-packages/project_fleet_adapter/__init__.py to __init__.cpython-312.pyc
running install_data
copying resource/project_fleet_adapter -> /home/maria/rmf_ws/install/project_fleet_adapter/share/ament_index/resource_index/packages
copying package.xml -> /home/maria/rmf_ws/install/project_fleet_adapter/share/project_fleet_adapter
copying config.yaml -> /home/maria/rmf_ws/install/project_fleet_adapter/share/project_fleet_adapter
copying launch/fleet_adapter.launch.xml -> /home/maria/rmf_ws/install/project_fleet_adapter/share/project_fleet_adapter/launch
running install_egg_info
Copying ../../../build/project_fleet_adapter/project_fleet_adapter.egg-info to /home/maria/rmf_ws/install/project_fleet_adapter/lib/python3.12/site-packages/project_fleet_adapter-2.8.1-py3.12.egg-info
running install_scripts
Installing fleet_adapter script to /home/maria/rmf_ws/install/project_fleet_adapter/lib/project_fleet_adapter
Installing fleet_manager script to /home/maria/rmf_ws/install/project_fleet_adapter/lib/project_fleet_adapter
Installing manage_lane script to /home/maria/rmf_ws/install/project_fleet_adapter/lib/project_fleet_adapter
writing list of installed files to '/home/maria/rmf_ws/build/project_fleet_adapter/install.log'
