[0.012s] Invoking command in '/home/maria/rmf_ws/build/rmf_robot_sim_gz_plugins': AMENT_PREFIX_PATH=/home/maria/rmf_ws/install/rmf_robot_sim_common:/home/maria/rmf_ws/install/rmf_building_sim_gz_plugins:${AMENT_PREFIX_PATH} CMAKE_PREFIX_PATH=/home/maria/rmf_ws/install/rmf_robot_sim_common:/home/maria/rmf_ws/install/rmf_building_sim_gz_plugins:/rmf_demos_ws/install/rmf_workcell_msgs:/rmf_demos_ws/install/rmf_demos_gz:/rmf_demos_ws/install/rmf_demos:/rmf_demos_ws/install/rmf_reservation_node:/rmf_demos_ws/install/rmf_fleet_adapter_python:/rmf_demos_ws/install/rmf_fleet_adapter:/rmf_demos_ws/install/rmf_task_ros2:/rmf_demos_ws/install/rmf_websocket:/rmf_demos_ws/install/rmf_visualization:/rmf_demos_ws/install/rmf_visualization_schedule:/rmf_demos_ws/install/rmf_visualization_rviz2_plugins:/rmf_demos_ws/install/rmf_visualization_obstacles:/rmf_demos_ws/install/rmf_visualization_navgraphs:/rmf_demos_ws/install/rmf_visualization_floorplans:/rmf_demos_ws/install/rmf_visualization_fleet_states:/rmf_demos_ws/install/rmf_visualization_msgs:/rmf_demos_ws/install/rmf_traffic_ros2:/rmf_demos_ws/install/rmf_task_sequence:/rmf_demos_ws/install/rmf_task:/rmf_demos_ws/install/rmf_battery:/rmf_demos_ws/install/rmf_traffic:/rmf_demos_ws/install/rmf_utils:/rmf_demos_ws/install/rmf_traffic_msgs:/rmf_demos_ws/install/rmf_traffic_editor_test_maps:/rmf_demos_ws/install/rmf_traffic_editor_assets:/rmf_demos_ws/install/rmf_traffic_editor:/rmf_demos_ws/install/rmf_task_msgs:/rmf_demos_ws/install/rmf_site_map_msgs:/rmf_demos_ws/install/rmf_scheduler_msgs:/rmf_demos_ws/install/rmf_robot_sim_gz_plugins:/rmf_demos_ws/install/rmf_robot_sim_common:/rmf_demos_ws/install/rmf_reservation_msgs:/rmf_demos_ws/install/rmf_obstacle_msgs:/rmf_demos_ws/install/rmf_building_sim_gz_plugins:/rmf_demos_ws/install/rmf_lift_msgs:/rmf_demos_ws/install/rmf_ingestor_msgs:/rmf_demos_ws/install/rmf_fleet_msgs:/rmf_demos_ws/install/rmf_door_msgs:/rmf_demos_ws/install/rmf_dispenser_msgs:/rmf_demos_ws/install/rmf_demos_maps:/rmf_demos_ws/install/rmf_demos_assets:/rmf_demos_ws/install/rmf_charger_msgs:/rmf_demos_ws/install/rmf_building_map_msgs:/rmf_demos_ws/install/rmf_api_msgs:/rmf_demos_ws/install/nlohmann_json_schema_validator_vendor:/rmf_demos_ws/install/rmf_demos_fleet_adapter:/rmf_demos_ws/install/rmf_visualization_building_systems:/rmf_demos_ws/install/rmf_traffic_examples:/rmf_demos_ws/install/rmf_demos_bridges:/rmf_demos_ws/install/rmf_demos_tasks:/rmf_demos_ws/install/rmf_building_map_tools:/rmf_demos_ws/install/rmf_charging_schedule:/opt/ros/jazzy:/rmf_demos_ws/install/menge_vendor:/rmf_demos_ws/install/ament_cmake_catch2:/opt/ros/jazzy/opt/gz_sim_vendor:/opt/ros/jazzy/opt/gz_sensors_vendor:/opt/ros/jazzy/opt/gz_physics_vendor:/opt/ros/jazzy/opt/sdformat_vendor:/opt/ros/jazzy/opt/gz_gui_vendor:/opt/ros/jazzy/opt/gz_transport_vendor:/opt/ros/jazzy/opt/gz_rendering_vendor:/opt/ros/jazzy/opt/gz_plugin_vendor:/opt/ros/jazzy/opt/gz_fuel_tools_vendor:/opt/ros/jazzy/opt/gz_msgs_vendor:/opt/ros/jazzy/opt/gz_common_vendor:/opt/ros/jazzy/opt/gz_math_vendor:/opt/ros/jazzy/opt/gz_utils_vendor:/opt/ros/jazzy/opt/gz_tools_vendor:/opt/ros/jazzy/opt/gz_ogre_next_vendor:/opt/ros/jazzy/opt/gz_dartsim_vendor:/opt/ros/jazzy/opt/gz_cmake_vendor LD_LIBRARY_PATH=/home/maria/rmf_ws/install/rmf_robot_sim_common/lib:${LD_LIBRARY_PATH} /usr/bin/cmake /home/maria/rmf_ws/src/rmf_simulation/rmf_robot_sim_gz_plugins -DAMENT_CMAKE_SYMLINK_INSTALL=1 -DCMAKE_INSTALL_PREFIX=/home/maria/rmf_ws/install/rmf_robot_sim_gz_plugins
[0.058s] -- The C compiler identification is GNU 13.3.0
[0.102s] -- The CXX compiler identification is GNU 13.3.0
[0.116s] -- Detecting C compiler ABI info
[0.228s] -- Detecting C compiler ABI info - done
[0.235s] -- Check for working C compiler: /usr/bin/cc - skipped
[0.235s] -- Detecting C compile features
[0.236s] -- Detecting C compile features - done
[0.244s] -- Detecting CXX compiler ABI info
[0.335s] -- Detecting CXX compiler ABI info - done
[0.343s] -- Check for working CXX compiler: /usr/bin/c++ - skipped
[0.343s] -- Detecting CXX compile features
[0.343s] -- Detecting CXX compile features - done
[0.349s] -- Found ament_cmake: 2.5.5 (/opt/ros/jazzy/share/ament_cmake/cmake)
[0.502s] -- Found Python3: /usr/bin/python3 (found version "3.12.3") found components: Interpreter 
[0.569s] -- Override CMake install command with custom implementation using symlinks instead of copying resources
[0.650s] -- Found rclcpp: 28.1.16 (/opt/ros/jazzy/share/rclcpp/cmake)
[0.724s] -- Found rosidl_generator_c: 4.6.7 (/opt/ros/jazzy/share/rosidl_generator_c/cmake)
[0.746s] -- Found rosidl_generator_cpp: 4.6.7 (/opt/ros/jazzy/share/rosidl_generator_cpp/cmake)
[0.774s] -- Using all available rosidl_typesupport_c: rosidl_typesupport_fastrtps_c;rosidl_typesupport_introspection_c
[0.806s] -- Using all available rosidl_typesupport_cpp: rosidl_typesupport_fastrtps_cpp;rosidl_typesupport_introspection_cpp
[0.919s] -- Found rmw_implementation_cmake: 7.3.3 (/opt/ros/jazzy/share/rmw_implementation_cmake/cmake)
[0.928s] -- Found rmw_fastrtps_cpp: 8.4.3 (/opt/ros/jazzy/share/rmw_fastrtps_cpp/cmake)
[1.048s] -- Found OpenSSL: /usr/lib/x86_64-linux-gnu/libcrypto.so (found version "3.0.13")  
[1.066s] -- Found FastRTPS: /opt/ros/jazzy/include (Required is at least version "2.13") 
[1.086s] -- Using RMW implementation 'rmw_fastrtps_cpp' as default
[1.181s] -- Found gz_sim_vendor: 0.0.9 (/opt/ros/jazzy/share/gz_sim_vendor/cmake)
[1.285s] -- Looking for gz-sim8 -- found version 8.10.0
[1.302s] -- Searching for dependencies of gz-sim8
[1.308s] -- Looking for sdformat14 -- found version 14.8.0
[1.308s] -- Searching for dependencies of sdformat14
[1.312s] -- Checking for module 'tinyxml2'
[1.327s] --   Found tinyxml2, version 10.0.0
[1.365s] -- Looking for gz-math7 -- found version 7.5.2
[1.366s] -- Searching for dependencies of gz-math7
[1.373s] -- Looking for gz-utils2 -- found version 2.2.1
[1.373s] -- Searching for dependencies of gz-utils2
[1.374s] -- Looking for gz-utils2 -- found version 2.2.1
[1.375s] -- Searching for dependencies of gz-utils2
[1.375s] -- Searching for <gz-utils2> component [cli]
[1.382s] -- Looking for gz-utils2-cli -- found version 2.2.1
[1.382s] -- Searching for dependencies of gz-utils2-cli
[1.390s] -- Looking for gz-plugin2 -- found version 2.0.4
[1.390s] -- Searching for dependencies of gz-plugin2
[1.390s] -- Looking for gz-utils2 -- found version 2.2.1
[1.391s] -- Searching for <gz-plugin2> component [loader]
[1.397s] -- Looking for gz-plugin2-loader -- found version 2.0.4
[1.397s] -- Searching for dependencies of gz-plugin2-loader
[1.398s] -- Searching for <gz-plugin2> component [register]
[1.405s] -- Looking for gz-plugin2-register -- found version 2.0.4
[1.405s] -- Searching for dependencies of gz-plugin2-register
[1.412s] -- Looking for gz-transport13 -- found version 13.5.0
[1.412s] -- Searching for dependencies of gz-transport13
[1.540s] -- Found Protobuf: /usr/lib/x86_64-linux-gnu/libprotobuf.so (found version "3.21.12") 
[1.555s] -- Config-file not installed for ZeroMQ -- checking for pkg-config
[1.559s] -- Checking for module 'libzmq >= 4'
[1.573s] --   Found libzmq, version 4.3.5
[1.613s] -- Found ZeroMQ: TRUE (Required is at least version "4") 
[1.620s] -- Checking for module 'uuid'
[1.637s] --   Found uuid, version 2.39.3
[1.665s] -- Found UUID: TRUE  
[1.666s] -- Looking for gz-utils2 -- found version 2.2.1
[1.672s] -- Looking for gz-msgs10 -- found version 10.3.2
[1.673s] -- Searching for dependencies of gz-msgs10
[1.694s] -- Looking for gz-utils2 -- found version 2.2.1
[1.694s] -- Looking for gz-math7 -- found version 7.5.2
[1.701s] -- Searching for <gz-transport13> component [log]
[1.708s] -- Looking for gz-transport13-log -- found version 13.5.0
[1.708s] -- Searching for dependencies of gz-transport13-log
[1.709s] -- Searching for <gz-transport13> component [parameters]
[1.715s] -- Looking for gz-transport13-parameters -- found version 13.5.0
[1.715s] -- Searching for dependencies of gz-transport13-parameters
[1.717s] -- Looking for gz-msgs10 -- found version 10.3.2
[1.724s] -- Looking for gz-common5 -- found version 5.7.1
[1.724s] -- Searching for dependencies of gz-common5
[1.724s] -- Looking for gz-utils2 -- found version 2.2.1
[1.725s] -- Looking for dlfcn.h - found
[1.726s] -- Looking for libdl - found
[1.727s] -- Found DL: TRUE  
[1.733s] -- Searching for <gz-common5> component [av]
[1.740s] -- Looking for gz-common5-av -- found version 5.7.1
[1.740s] -- Searching for dependencies of gz-common5-av
[1.745s] -- Checking for module 'libswscale'
[1.760s] --   Found libswscale, version 7.5.100
[1.788s] -- Found SWSCALE: TRUE  
[1.794s] -- Checking for module 'libavdevice >= 56.4.100'
[1.814s] --   Found libavdevice, version 60.3.100
[1.853s] -- Found AVDEVICE: TRUE (Required is at least version "56.4.100") 
[1.858s] -- Checking for module 'libavformat'
[1.879s] --   Found libavformat, version 60.16.100
[1.914s] -- Found AVFORMAT: TRUE  
[1.919s] -- Checking for module 'libavcodec'
[1.934s] --   Found libavcodec, version 60.31.102
[1.964s] -- Found AVCODEC: TRUE  
[1.969s] -- Checking for module 'libavutil'
[1.985s] --   Found libavutil, version 58.29.100
[2.016s] -- Found AVUTIL: TRUE  
[2.017s] -- Searching for <gz-common5> component [events]
[2.024s] -- Looking for gz-common5-events -- found version 5.7.1
[2.024s] -- Searching for dependencies of gz-common5-events
[2.024s] -- Looking for gz-math7 -- found version 7.5.2
[2.025s] -- Searching for <gz-common5> component [graphics]
[2.032s] -- Looking for gz-common5-graphics -- found version 5.7.1
[2.032s] -- Searching for dependencies of gz-common5-graphics
[2.032s] -- Looking for gz-math7 -- found version 7.5.2
[2.041s] -- Found GzAssimp: TRUE (found version "5.3.0") 
[2.042s] -- Searching for <gz-common5> component [io]
[2.048s] -- Looking for gz-common5-io -- found version 5.7.1
[2.048s] -- Searching for dependencies of gz-common5-io
[2.049s] -- Searching for <gz-common5> component [profiler]
[2.056s] -- Looking for gz-common5-profiler -- found version 5.7.1
[2.056s] -- Searching for dependencies of gz-common5-profiler
[2.064s] -- Looking for gz-fuel_tools9 -- found version 9.1.1
[2.064s] -- Searching for dependencies of gz-fuel_tools9
[2.143s] -- Found CURL: /usr/lib/x86_64-linux-gnu/libcurl.so (found version "8.5.0")  
[2.156s] -- Checking for module 'jsoncpp'
[2.171s] --   Found jsoncpp, version 1.9.5
[2.201s] -- Found JSONCPP: TRUE  
[2.220s] -- Checking for module 'yaml-0.1'
[2.234s] --   Found yaml-0.1, version 0.2.5
[2.267s] -- Found YAML: TRUE  
[2.273s] -- Checking for module 'libzip'
[2.290s] --   Found libzip, version 1.7.3
[2.325s] -- Found ZIP: TRUE  
[2.325s] -- Looking for gz-utils2 -- found version 2.2.1
[2.326s] -- Looking for gz-common5 -- found version 5.7.1
[2.326s] -- Searching for dependencies of gz-common5
[2.327s] -- Looking for gz-utils2 -- found version 2.2.1
[2.327s] -- Looking for dlfcn.h - found
[2.327s] -- Looking for libdl - found
[2.334s] -- Searching for <gz-common5> component [testing]
[2.341s] -- Looking for gz-common5-testing -- found version 5.7.1
[2.342s] -- Searching for dependencies of gz-common5-testing
[2.343s] -- Looking for gz-math7 -- found version 7.5.2
[2.343s] -- Looking for gz-msgs10 -- found version 10.3.2
[2.350s] -- Looking for gz-gui8 -- found version 8.4.0
[2.350s] -- Searching for dependencies of gz-gui8
[2.375s] -- Looking for gz-utils2 -- found version 2.2.1
[2.376s] -- Looking for gz-math7 -- found version 7.5.2
[2.376s] -- Looking for gz-common5 -- found version 5.7.1
[2.377s] -- Looking for gz-plugin2 -- found version 2.0.4
[2.377s] -- Looking for gz-transport13 -- found version 13.5.0
[2.384s] -- Looking for gz-rendering8 -- found version 8.2.3
[2.384s] -- Searching for dependencies of gz-rendering8
[2.384s] -- Looking for gz-math7 -- found version 7.5.2
[2.384s] -- Searching for dependencies of gz-math7
[2.385s] -- Looking for gz-utils2 -- found version 2.2.1
[2.385s] -- Searching for <gz-math7> component [eigen3]
[2.392s] -- Looking for gz-math7-eigen3 -- found version 7.5.2
[2.392s] -- Searching for dependencies of gz-math7-eigen3
[2.404s] -- Looking for gz-common5 -- found version 5.7.1
[2.405s] -- Searching for dependencies of gz-common5
[2.405s] -- Looking for gz-utils2 -- found version 2.2.1
[2.405s] -- Looking for dlfcn.h - found
[2.405s] -- Looking for libdl - found
[2.411s] -- Searching for <gz-common5> component [graphics]
[2.411s] -- Searching for <gz-common5> component [events]
[2.411s] -- Searching for <gz-common5> component [geospatial]
[2.418s] -- Looking for gz-common5-geospatial -- found version 5.7.1
[2.418s] -- Searching for dependencies of gz-common5-geospatial
[2.418s] -- Looking for gz-math7 -- found version 7.5.2
[2.419s] -- Looking for gz-common5 -- found version 5.7.1
[2.420s] -- Looking for gz-plugin2 -- found version 2.0.4
[2.420s] -- Searching for dependencies of gz-plugin2
[2.420s] -- Looking for gz-utils2 -- found version 2.2.1
[2.420s] -- Searching for <gz-plugin2> component [all]
[2.427s] -- Looking for all libraries of gz-plugin2 -- found version 2.0.4
[2.427s] -- Looking for gz-plugin2 -- found version 2.0.4
[2.428s] -- Looking for gz-utils2 -- found version 2.2.1
[2.443s] -- Found OpenGL: /usr/lib/x86_64-linux-gnu/libOpenGL.so  found components: OpenGL 
[2.444s] -- Looking for gz-msgs10 -- found version 10.3.2
[2.478s] -- Looking for gz-physics7 -- found version 7.6.0
[2.478s] -- Searching for dependencies of gz-physics7
[2.479s] -- Looking for gz-common5 -- found version 5.7.1
[2.479s] -- Looking for gz-math7 -- found version 7.5.2
[2.479s] -- Looking for gz-plugin2 -- found version 2.0.4
[2.479s] -- Looking for gz-utils2 -- found version 2.2.1
[2.481s] -- Searching for <gz-physics7> component [heightmap]
[2.487s] -- Looking for gz-physics7-heightmap -- found version 7.6.0
[2.487s] -- Searching for dependencies of gz-physics7-heightmap
[2.487s] -- Looking for gz-common5 -- found version 5.7.1
[2.488s] -- Searching for <gz-physics7> component [mesh]
[2.494s] -- Looking for gz-physics7-mesh -- found version 7.6.0
[2.494s] -- Searching for dependencies of gz-physics7-mesh
[2.495s] -- Looking for gz-common5 -- found version 5.7.1
[2.495s] -- Searching for <gz-physics7> component [sdf]
[2.502s] -- Looking for gz-physics7-sdf -- found version 7.6.0
[2.502s] -- Searching for dependencies of gz-physics7-sdf
[2.502s] -- Looking for sdformat14 -- found version 14.8.0
[2.509s] -- Looking for gz-sensors8 -- found version 8.2.2
[2.509s] -- Searching for dependencies of gz-sensors8
[2.531s] -- Looking for gz-math7 -- found version 7.5.2
[2.531s] -- Looking for gz-common5 -- found version 5.7.1
[2.531s] -- Looking for gz-transport13 -- found version 13.5.0
[2.532s] -- Looking for gz-rendering8 -- found version 8.2.3
[2.532s] -- Looking for gz-msgs10 -- found version 10.3.2
[2.532s] -- Looking for sdformat14 -- found version 14.8.0
[2.533s] -- Searching for <gz-sensors8> component [air_pressure]
[2.539s] -- Looking for gz-sensors8-air_pressure -- found version 8.2.2
[2.539s] -- Searching for dependencies of gz-sensors8-air_pressure
[2.540s] -- Searching for <gz-sensors8> component [air_speed]
[2.546s] -- Looking for gz-sensors8-air_speed -- found version 8.2.2
[2.547s] -- Searching for dependencies of gz-sensors8-air_speed
[2.547s] -- Searching for <gz-sensors8> component [altimeter]
[2.554s] -- Looking for gz-sensors8-altimeter -- found version 8.2.2
[2.554s] -- Searching for dependencies of gz-sensors8-altimeter
[2.554s] -- Searching for <gz-sensors8> component [imu]
[2.561s] -- Looking for gz-sensors8-imu -- found version 8.2.2
[2.561s] -- Searching for dependencies of gz-sensors8-imu
[2.562s] -- Searching for <gz-sensors8> component [force_torque]
[2.568s] -- Looking for gz-sensors8-force_torque -- found version 8.2.2
[2.568s] -- Searching for dependencies of gz-sensors8-force_torque
[2.569s] -- Searching for <gz-sensors8> component [logical_camera]
[2.576s] -- Looking for gz-sensors8-logical_camera -- found version 8.2.2
[2.576s] -- Searching for dependencies of gz-sensors8-logical_camera
[2.576s] -- Searching for <gz-sensors8> component [magnetometer]
[2.583s] -- Looking for gz-sensors8-magnetometer -- found version 8.2.2
[2.583s] -- Searching for dependencies of gz-sensors8-magnetometer
[2.583s] -- Searching for <gz-sensors8> component [navsat]
[2.590s] -- Looking for gz-sensors8-navsat -- found version 8.2.2
[2.590s] -- Searching for dependencies of gz-sensors8-navsat
[2.591s] -- Searching for <gz-sensors8> component [dvl]
[2.597s] -- Looking for gz-sensors8-dvl -- found version 8.2.2
[2.597s] -- Searching for dependencies of gz-sensors8-dvl
[2.597s] -- Looking for gz-sensors8 -- found version 8.2.2
[2.597s] -- Searching for dependencies of gz-sensors8
[2.620s] -- Looking for gz-math7 -- found version 7.5.2
[2.621s] -- Looking for gz-common5 -- found version 5.7.1
[2.621s] -- Looking for gz-transport13 -- found version 13.5.0
[2.621s] -- Looking for gz-rendering8 -- found version 8.2.3
[2.622s] -- Looking for gz-msgs10 -- found version 10.3.2
[2.622s] -- Looking for sdformat14 -- found version 14.8.0
[2.622s] -- Searching for <gz-sensors8> component [rendering]
[2.629s] -- Looking for gz-sensors8-rendering -- found version 8.2.2
[2.629s] -- Searching for dependencies of gz-sensors8-rendering
[2.630s] -- Searching for <gz-sensors8> component [rendering]
[2.630s] -- Searching for <gz-sensors8> component [lidar]
[2.637s] -- Looking for gz-sensors8-lidar -- found version 8.2.2
[2.637s] -- Searching for dependencies of gz-sensors8-lidar
[2.637s] -- Looking for gz-sensors8 -- found version 8.2.2
[2.638s] -- Searching for <gz-sensors8> component [gpu_lidar]
[2.644s] -- Looking for gz-sensors8-gpu_lidar -- found version 8.2.2
[2.644s] -- Searching for dependencies of gz-sensors8-gpu_lidar
[2.644s] -- Looking for gz-sensors8 -- found version 8.2.2
[2.645s] -- Searching for <gz-sensors8> component [camera]
[2.651s] -- Looking for gz-sensors8-camera -- found version 8.2.2
[2.652s] -- Searching for dependencies of gz-sensors8-camera
[2.652s] -- Looking for gz-sensors8 -- found version 8.2.2
[2.653s] -- Searching for <gz-sensors8> component [boundingbox_camera]
[2.659s] -- Looking for gz-sensors8-boundingbox_camera -- found version 8.2.2
[2.659s] -- Searching for dependencies of gz-sensors8-boundingbox_camera
[2.660s] -- Searching for <gz-sensors8> component [segmentation_camera]
[2.666s] -- Looking for gz-sensors8-segmentation_camera -- found version 8.2.2
[2.666s] -- Searching for dependencies of gz-sensors8-segmentation_camera
[2.667s] -- Searching for <gz-sensors8> component [depth_camera]
[2.673s] -- Looking for gz-sensors8-depth_camera -- found version 8.2.2
[2.673s] -- Searching for dependencies of gz-sensors8-depth_camera
[2.674s] -- Looking for gz-sensors8 -- found version 8.2.2
[2.675s] -- Searching for <gz-sensors8> component [rgbd_camera]
[2.681s] -- Looking for gz-sensors8-rgbd_camera -- found version 8.2.2
[2.681s] -- Searching for dependencies of gz-sensors8-rgbd_camera
[2.681s] -- Looking for gz-sensors8 -- found version 8.2.2
[2.682s] -- Searching for <gz-sensors8> component [thermal_camera]
[2.690s] -- Looking for gz-sensors8-thermal_camera -- found version 8.2.2
[2.690s] -- Searching for dependencies of gz-sensors8-thermal_camera
[2.690s] -- Looking for gz-sensors8 -- found version 8.2.2
[2.691s] -- Searching for <gz-sensors8> component [wide_angle_camera]
[2.697s] -- Looking for gz-sensors8-wide_angle_camera -- found version 8.2.2
[2.697s] -- Searching for dependencies of gz-sensors8-wide_angle_camera
[2.698s] -- Looking for gz-rendering8 -- found version 8.2.3
[2.699s] -- Looking for gz-math7 -- found version 7.5.2
[2.699s] -- Looking for gz-utils2 -- found version 2.2.1
[2.724s] -- Looking for gz-plugin2 -- found version 2.0.4
[2.725s] -- Looking for gz-msgs10 -- found version 10.3.2
[2.727s] -- Looking for gz-transport13 -- found version 13.5.0
[2.728s] -- Looking for gz-rendering8 -- found version 8.2.3
[2.732s] -- Found rmf_fleet_msgs: 4.0.0 (/rmf_demos_ws/install/rmf_fleet_msgs/share/rmf_fleet_msgs/cmake)
[2.752s] -- Found rmf_dispenser_msgs: 4.0.0 (/rmf_demos_ws/install/rmf_dispenser_msgs/share/rmf_dispenser_msgs/cmake)
[2.770s] -- Found rmf_ingestor_msgs: 4.0.0 (/rmf_demos_ws/install/rmf_ingestor_msgs/share/rmf_ingestor_msgs/cmake)
[2.787s] -- Found rmf_building_map_msgs: 1.6.0 (/rmf_demos_ws/install/rmf_building_map_msgs/share/rmf_building_map_msgs/cmake)
[2.806s] -- Found rmf_robot_sim_common: 2.6.1 (/home/maria/rmf_ws/install/rmf_robot_sim_common/share/rmf_robot_sim_common/cmake)
[3.034s] -- Found rmf_building_sim_gz_plugins: 2.6.1 (/home/maria/rmf_ws/install/rmf_building_sim_gz_plugins/share/rmf_building_sim_gz_plugins/cmake)
[3.112s] -- Configuring done (3.1s)
[3.191s] -- Generating done (0.1s)
[3.202s] -- Build files have been written to: /home/maria/rmf_ws/build/rmf_robot_sim_gz_plugins
[3.215s] Invoked command in '/home/maria/rmf_ws/build/rmf_robot_sim_gz_plugins' returned '0': AMENT_PREFIX_PATH=/home/maria/rmf_ws/install/rmf_robot_sim_common:/home/maria/rmf_ws/install/rmf_building_sim_gz_plugins:${AMENT_PREFIX_PATH} CMAKE_PREFIX_PATH=/home/maria/rmf_ws/install/rmf_robot_sim_common:/home/maria/rmf_ws/install/rmf_building_sim_gz_plugins:/rmf_demos_ws/install/rmf_workcell_msgs:/rmf_demos_ws/install/rmf_demos_gz:/rmf_demos_ws/install/rmf_demos:/rmf_demos_ws/install/rmf_reservation_node:/rmf_demos_ws/install/rmf_fleet_adapter_python:/rmf_demos_ws/install/rmf_fleet_adapter:/rmf_demos_ws/install/rmf_task_ros2:/rmf_demos_ws/install/rmf_websocket:/rmf_demos_ws/install/rmf_visualization:/rmf_demos_ws/install/rmf_visualization_schedule:/rmf_demos_ws/install/rmf_visualization_rviz2_plugins:/rmf_demos_ws/install/rmf_visualization_obstacles:/rmf_demos_ws/install/rmf_visualization_navgraphs:/rmf_demos_ws/install/rmf_visualization_floorplans:/rmf_demos_ws/install/rmf_visualization_fleet_states:/rmf_demos_ws/install/rmf_visualization_msgs:/rmf_demos_ws/install/rmf_traffic_ros2:/rmf_demos_ws/install/rmf_task_sequence:/rmf_demos_ws/install/rmf_task:/rmf_demos_ws/install/rmf_battery:/rmf_demos_ws/install/rmf_traffic:/rmf_demos_ws/install/rmf_utils:/rmf_demos_ws/install/rmf_traffic_msgs:/rmf_demos_ws/install/rmf_traffic_editor_test_maps:/rmf_demos_ws/install/rmf_traffic_editor_assets:/rmf_demos_ws/install/rmf_traffic_editor:/rmf_demos_ws/install/rmf_task_msgs:/rmf_demos_ws/install/rmf_site_map_msgs:/rmf_demos_ws/install/rmf_scheduler_msgs:/rmf_demos_ws/install/rmf_robot_sim_gz_plugins:/rmf_demos_ws/install/rmf_robot_sim_common:/rmf_demos_ws/install/rmf_reservation_msgs:/rmf_demos_ws/install/rmf_obstacle_msgs:/rmf_demos_ws/install/rmf_building_sim_gz_plugins:/rmf_demos_ws/install/rmf_lift_msgs:/rmf_demos_ws/install/rmf_ingestor_msgs:/rmf_demos_ws/install/rmf_fleet_msgs:/rmf_demos_ws/install/rmf_door_msgs:/rmf_demos_ws/install/rmf_dispenser_msgs:/rmf_demos_ws/install/rmf_demos_maps:/rmf_demos_ws/install/rmf_demos_assets:/rmf_demos_ws/install/rmf_charger_msgs:/rmf_demos_ws/install/rmf_building_map_msgs:/rmf_demos_ws/install/rmf_api_msgs:/rmf_demos_ws/install/nlohmann_json_schema_validator_vendor:/rmf_demos_ws/install/rmf_demos_fleet_adapter:/rmf_demos_ws/install/rmf_visualization_building_systems:/rmf_demos_ws/install/rmf_traffic_examples:/rmf_demos_ws/install/rmf_demos_bridges:/rmf_demos_ws/install/rmf_demos_tasks:/rmf_demos_ws/install/rmf_building_map_tools:/rmf_demos_ws/install/rmf_charging_schedule:/opt/ros/jazzy:/rmf_demos_ws/install/menge_vendor:/rmf_demos_ws/install/ament_cmake_catch2:/opt/ros/jazzy/opt/gz_sim_vendor:/opt/ros/jazzy/opt/gz_sensors_vendor:/opt/ros/jazzy/opt/gz_physics_vendor:/opt/ros/jazzy/opt/sdformat_vendor:/opt/ros/jazzy/opt/gz_gui_vendor:/opt/ros/jazzy/opt/gz_transport_vendor:/opt/ros/jazzy/opt/gz_rendering_vendor:/opt/ros/jazzy/opt/gz_plugin_vendor:/opt/ros/jazzy/opt/gz_fuel_tools_vendor:/opt/ros/jazzy/opt/gz_msgs_vendor:/opt/ros/jazzy/opt/gz_common_vendor:/opt/ros/jazzy/opt/gz_math_vendor:/opt/ros/jazzy/opt/gz_utils_vendor:/opt/ros/jazzy/opt/gz_tools_vendor:/opt/ros/jazzy/opt/gz_ogre_next_vendor:/opt/ros/jazzy/opt/gz_dartsim_vendor:/opt/ros/jazzy/opt/gz_cmake_vendor LD_LIBRARY_PATH=/home/maria/rmf_ws/install/rmf_robot_sim_common/lib:${LD_LIBRARY_PATH} /usr/bin/cmake /home/maria/rmf_ws/src/rmf_simulation/rmf_robot_sim_gz_plugins -DAMENT_CMAKE_SYMLINK_INSTALL=1 -DCMAKE_INSTALL_PREFIX=/home/maria/rmf_ws/install/rmf_robot_sim_gz_plugins
[3.216s] Invoking command in '/home/maria/rmf_ws/build/rmf_robot_sim_gz_plugins': AMENT_PREFIX_PATH=/home/maria/rmf_ws/install/rmf_robot_sim_common:/home/maria/rmf_ws/install/rmf_building_sim_gz_plugins:${AMENT_PREFIX_PATH} CMAKE_PREFIX_PATH=/home/maria/rmf_ws/install/rmf_robot_sim_common:/home/maria/rmf_ws/install/rmf_building_sim_gz_plugins:/rmf_demos_ws/install/rmf_workcell_msgs:/rmf_demos_ws/install/rmf_demos_gz:/rmf_demos_ws/install/rmf_demos:/rmf_demos_ws/install/rmf_reservation_node:/rmf_demos_ws/install/rmf_fleet_adapter_python:/rmf_demos_ws/install/rmf_fleet_adapter:/rmf_demos_ws/install/rmf_task_ros2:/rmf_demos_ws/install/rmf_websocket:/rmf_demos_ws/install/rmf_visualization:/rmf_demos_ws/install/rmf_visualization_schedule:/rmf_demos_ws/install/rmf_visualization_rviz2_plugins:/rmf_demos_ws/install/rmf_visualization_obstacles:/rmf_demos_ws/install/rmf_visualization_navgraphs:/rmf_demos_ws/install/rmf_visualization_floorplans:/rmf_demos_ws/install/rmf_visualization_fleet_states:/rmf_demos_ws/install/rmf_visualization_msgs:/rmf_demos_ws/install/rmf_traffic_ros2:/rmf_demos_ws/install/rmf_task_sequence:/rmf_demos_ws/install/rmf_task:/rmf_demos_ws/install/rmf_battery:/rmf_demos_ws/install/rmf_traffic:/rmf_demos_ws/install/rmf_utils:/rmf_demos_ws/install/rmf_traffic_msgs:/rmf_demos_ws/install/rmf_traffic_editor_test_maps:/rmf_demos_ws/install/rmf_traffic_editor_assets:/rmf_demos_ws/install/rmf_traffic_editor:/rmf_demos_ws/install/rmf_task_msgs:/rmf_demos_ws/install/rmf_site_map_msgs:/rmf_demos_ws/install/rmf_scheduler_msgs:/rmf_demos_ws/install/rmf_robot_sim_gz_plugins:/rmf_demos_ws/install/rmf_robot_sim_common:/rmf_demos_ws/install/rmf_reservation_msgs:/rmf_demos_ws/install/rmf_obstacle_msgs:/rmf_demos_ws/install/rmf_building_sim_gz_plugins:/rmf_demos_ws/install/rmf_lift_msgs:/rmf_demos_ws/install/rmf_ingestor_msgs:/rmf_demos_ws/install/rmf_fleet_msgs:/rmf_demos_ws/install/rmf_door_msgs:/rmf_demos_ws/install/rmf_dispenser_msgs:/rmf_demos_ws/install/rmf_demos_maps:/rmf_demos_ws/install/rmf_demos_assets:/rmf_demos_ws/install/rmf_charger_msgs:/rmf_demos_ws/install/rmf_building_map_msgs:/rmf_demos_ws/install/rmf_api_msgs:/rmf_demos_ws/install/nlohmann_json_schema_validator_vendor:/rmf_demos_ws/install/rmf_demos_fleet_adapter:/rmf_demos_ws/install/rmf_visualization_building_systems:/rmf_demos_ws/install/rmf_traffic_examples:/rmf_demos_ws/install/rmf_demos_bridges:/rmf_demos_ws/install/rmf_demos_tasks:/rmf_demos_ws/install/rmf_building_map_tools:/rmf_demos_ws/install/rmf_charging_schedule:/opt/ros/jazzy:/rmf_demos_ws/install/menge_vendor:/rmf_demos_ws/install/ament_cmake_catch2:/opt/ros/jazzy/opt/gz_sim_vendor:/opt/ros/jazzy/opt/gz_sensors_vendor:/opt/ros/jazzy/opt/gz_physics_vendor:/opt/ros/jazzy/opt/sdformat_vendor:/opt/ros/jazzy/opt/gz_gui_vendor:/opt/ros/jazzy/opt/gz_transport_vendor:/opt/ros/jazzy/opt/gz_rendering_vendor:/opt/ros/jazzy/opt/gz_plugin_vendor:/opt/ros/jazzy/opt/gz_fuel_tools_vendor:/opt/ros/jazzy/opt/gz_msgs_vendor:/opt/ros/jazzy/opt/gz_common_vendor:/opt/ros/jazzy/opt/gz_math_vendor:/opt/ros/jazzy/opt/gz_utils_vendor:/opt/ros/jazzy/opt/gz_tools_vendor:/opt/ros/jazzy/opt/gz_ogre_next_vendor:/opt/ros/jazzy/opt/gz_dartsim_vendor:/opt/ros/jazzy/opt/gz_cmake_vendor LD_LIBRARY_PATH=/home/maria/rmf_ws/install/rmf_robot_sim_common/lib:${LD_LIBRARY_PATH} /usr/bin/cmake --build /home/maria/rmf_ws/build/rmf_robot_sim_gz_plugins -- -j8 -l8
[3.271s] [  0%] Built target teleport_ingestor_autogen_timestamp_deps
[3.293s] [  0%] Built target slotcar_autogen_timestamp_deps
[3.319s] [  5%] [34m[1mAutomatic MOC for target teleport_ingestor[0m
[3.362s] [  5%] Built target teleport_ingestor_autogen
[3.383s] [ 10%] [34m[1mAutomatic MOC for target slotcar[0m
[3.425s] [ 10%] Built target slotcar_autogen
[3.455s] [ 15%] [32mBuilding CXX object CMakeFiles/teleport_ingestor.dir/teleport_ingestor_autogen/mocs_compilation.cpp.o[0m
[3.477s] [ 20%] [32mBuilding CXX object CMakeFiles/teleport_ingestor.dir/src/TeleportIngestor.cpp.o[0m
[18.590s] [ 25%] [32m[1mLinking CXX shared library libteleport_ingestor.so[0m
[19.426s] [ 30%] Built target teleport_ingestor
[19.457s] [ 30%] Built target readonly_autogen_timestamp_deps
[19.462s] [ 30%] Built target teleport_dispenser_autogen_timestamp_deps
[19.470s] [ 35%] [32mBuilding CXX object CMakeFiles/slotcar.dir/slotcar_autogen/mocs_compilation.cpp.o[0m
[19.471s] [ 40%] [32mBuilding CXX object CMakeFiles/slotcar.dir/src/slotcar.cpp.o[0m
[19.495s] [ 45%] [34m[1mAutomatic MOC for target readonly[0m
[19.505s] [ 50%] [34m[1mAutomatic MOC for target teleport_dispenser[0m
[19.558s] [ 50%] Built target readonly_autogen
[19.573s] [ 50%] Built target teleport_dispenser_autogen
[19.622s] [ 55%] [32mBuilding CXX object CMakeFiles/teleport_dispenser.dir/teleport_dispenser_autogen/mocs_compilation.cpp.o[0m
[19.626s] [ 60%] [32mBuilding CXX object CMakeFiles/readonly.dir/src/readonly.cpp.o[0m
[19.626s] [ 65%] [32mBuilding CXX object CMakeFiles/teleport_dispenser.dir/src/TeleportDispenser.cpp.o[0m
[19.627s] [ 70%] [32mBuilding CXX object CMakeFiles/readonly.dir/readonly_autogen/mocs_compilation.cpp.o[0m
[29.946s] [ 75%] [32m[1mLinking CXX shared library libreadonly.so[0m
[30.643s] [ 80%] Built target readonly
[36.165s] [ 85%] [32m[1mLinking CXX shared library libslotcar.so[0m
[37.277s] [ 90%] Built target slotcar
[39.480s] [ 95%] [32m[1mLinking CXX shared library libteleport_dispenser.so[0m
[40.249s] [100%] Built target teleport_dispenser
[40.260s] Invoked command in '/home/maria/rmf_ws/build/rmf_robot_sim_gz_plugins' returned '0': AMENT_PREFIX_PATH=/home/maria/rmf_ws/install/rmf_robot_sim_common:/home/maria/rmf_ws/install/rmf_building_sim_gz_plugins:${AMENT_PREFIX_PATH} CMAKE_PREFIX_PATH=/home/maria/rmf_ws/install/rmf_robot_sim_common:/home/maria/rmf_ws/install/rmf_building_sim_gz_plugins:/rmf_demos_ws/install/rmf_workcell_msgs:/rmf_demos_ws/install/rmf_demos_gz:/rmf_demos_ws/install/rmf_demos:/rmf_demos_ws/install/rmf_reservation_node:/rmf_demos_ws/install/rmf_fleet_adapter_python:/rmf_demos_ws/install/rmf_fleet_adapter:/rmf_demos_ws/install/rmf_task_ros2:/rmf_demos_ws/install/rmf_websocket:/rmf_demos_ws/install/rmf_visualization:/rmf_demos_ws/install/rmf_visualization_schedule:/rmf_demos_ws/install/rmf_visualization_rviz2_plugins:/rmf_demos_ws/install/rmf_visualization_obstacles:/rmf_demos_ws/install/rmf_visualization_navgraphs:/rmf_demos_ws/install/rmf_visualization_floorplans:/rmf_demos_ws/install/rmf_visualization_fleet_states:/rmf_demos_ws/install/rmf_visualization_msgs:/rmf_demos_ws/install/rmf_traffic_ros2:/rmf_demos_ws/install/rmf_task_sequence:/rmf_demos_ws/install/rmf_task:/rmf_demos_ws/install/rmf_battery:/rmf_demos_ws/install/rmf_traffic:/rmf_demos_ws/install/rmf_utils:/rmf_demos_ws/install/rmf_traffic_msgs:/rmf_demos_ws/install/rmf_traffic_editor_test_maps:/rmf_demos_ws/install/rmf_traffic_editor_assets:/rmf_demos_ws/install/rmf_traffic_editor:/rmf_demos_ws/install/rmf_task_msgs:/rmf_demos_ws/install/rmf_site_map_msgs:/rmf_demos_ws/install/rmf_scheduler_msgs:/rmf_demos_ws/install/rmf_robot_sim_gz_plugins:/rmf_demos_ws/install/rmf_robot_sim_common:/rmf_demos_ws/install/rmf_reservation_msgs:/rmf_demos_ws/install/rmf_obstacle_msgs:/rmf_demos_ws/install/rmf_building_sim_gz_plugins:/rmf_demos_ws/install/rmf_lift_msgs:/rmf_demos_ws/install/rmf_ingestor_msgs:/rmf_demos_ws/install/rmf_fleet_msgs:/rmf_demos_ws/install/rmf_door_msgs:/rmf_demos_ws/install/rmf_dispenser_msgs:/rmf_demos_ws/install/rmf_demos_maps:/rmf_demos_ws/install/rmf_demos_assets:/rmf_demos_ws/install/rmf_charger_msgs:/rmf_demos_ws/install/rmf_building_map_msgs:/rmf_demos_ws/install/rmf_api_msgs:/rmf_demos_ws/install/nlohmann_json_schema_validator_vendor:/rmf_demos_ws/install/rmf_demos_fleet_adapter:/rmf_demos_ws/install/rmf_visualization_building_systems:/rmf_demos_ws/install/rmf_traffic_examples:/rmf_demos_ws/install/rmf_demos_bridges:/rmf_demos_ws/install/rmf_demos_tasks:/rmf_demos_ws/install/rmf_building_map_tools:/rmf_demos_ws/install/rmf_charging_schedule:/opt/ros/jazzy:/rmf_demos_ws/install/menge_vendor:/rmf_demos_ws/install/ament_cmake_catch2:/opt/ros/jazzy/opt/gz_sim_vendor:/opt/ros/jazzy/opt/gz_sensors_vendor:/opt/ros/jazzy/opt/gz_physics_vendor:/opt/ros/jazzy/opt/sdformat_vendor:/opt/ros/jazzy/opt/gz_gui_vendor:/opt/ros/jazzy/opt/gz_transport_vendor:/opt/ros/jazzy/opt/gz_rendering_vendor:/opt/ros/jazzy/opt/gz_plugin_vendor:/opt/ros/jazzy/opt/gz_fuel_tools_vendor:/opt/ros/jazzy/opt/gz_msgs_vendor:/opt/ros/jazzy/opt/gz_common_vendor:/opt/ros/jazzy/opt/gz_math_vendor:/opt/ros/jazzy/opt/gz_utils_vendor:/opt/ros/jazzy/opt/gz_tools_vendor:/opt/ros/jazzy/opt/gz_ogre_next_vendor:/opt/ros/jazzy/opt/gz_dartsim_vendor:/opt/ros/jazzy/opt/gz_cmake_vendor LD_LIBRARY_PATH=/home/maria/rmf_ws/install/rmf_robot_sim_common/lib:${LD_LIBRARY_PATH} /usr/bin/cmake --build /home/maria/rmf_ws/build/rmf_robot_sim_gz_plugins -- -j8 -l8
[40.261s] Invoking command in '/home/maria/rmf_ws/build/rmf_robot_sim_gz_plugins': AMENT_PREFIX_PATH=/home/maria/rmf_ws/install/rmf_robot_sim_common:/home/maria/rmf_ws/install/rmf_building_sim_gz_plugins:${AMENT_PREFIX_PATH} CMAKE_PREFIX_PATH=/home/maria/rmf_ws/install/rmf_robot_sim_common:/home/maria/rmf_ws/install/rmf_building_sim_gz_plugins:/rmf_demos_ws/install/rmf_workcell_msgs:/rmf_demos_ws/install/rmf_demos_gz:/rmf_demos_ws/install/rmf_demos:/rmf_demos_ws/install/rmf_reservation_node:/rmf_demos_ws/install/rmf_fleet_adapter_python:/rmf_demos_ws/install/rmf_fleet_adapter:/rmf_demos_ws/install/rmf_task_ros2:/rmf_demos_ws/install/rmf_websocket:/rmf_demos_ws/install/rmf_visualization:/rmf_demos_ws/install/rmf_visualization_schedule:/rmf_demos_ws/install/rmf_visualization_rviz2_plugins:/rmf_demos_ws/install/rmf_visualization_obstacles:/rmf_demos_ws/install/rmf_visualization_navgraphs:/rmf_demos_ws/install/rmf_visualization_floorplans:/rmf_demos_ws/install/rmf_visualization_fleet_states:/rmf_demos_ws/install/rmf_visualization_msgs:/rmf_demos_ws/install/rmf_traffic_ros2:/rmf_demos_ws/install/rmf_task_sequence:/rmf_demos_ws/install/rmf_task:/rmf_demos_ws/install/rmf_battery:/rmf_demos_ws/install/rmf_traffic:/rmf_demos_ws/install/rmf_utils:/rmf_demos_ws/install/rmf_traffic_msgs:/rmf_demos_ws/install/rmf_traffic_editor_test_maps:/rmf_demos_ws/install/rmf_traffic_editor_assets:/rmf_demos_ws/install/rmf_traffic_editor:/rmf_demos_ws/install/rmf_task_msgs:/rmf_demos_ws/install/rmf_site_map_msgs:/rmf_demos_ws/install/rmf_scheduler_msgs:/rmf_demos_ws/install/rmf_robot_sim_gz_plugins:/rmf_demos_ws/install/rmf_robot_sim_common:/rmf_demos_ws/install/rmf_reservation_msgs:/rmf_demos_ws/install/rmf_obstacle_msgs:/rmf_demos_ws/install/rmf_building_sim_gz_plugins:/rmf_demos_ws/install/rmf_lift_msgs:/rmf_demos_ws/install/rmf_ingestor_msgs:/rmf_demos_ws/install/rmf_fleet_msgs:/rmf_demos_ws/install/rmf_door_msgs:/rmf_demos_ws/install/rmf_dispenser_msgs:/rmf_demos_ws/install/rmf_demos_maps:/rmf_demos_ws/install/rmf_demos_assets:/rmf_demos_ws/install/rmf_charger_msgs:/rmf_demos_ws/install/rmf_building_map_msgs:/rmf_demos_ws/install/rmf_api_msgs:/rmf_demos_ws/install/nlohmann_json_schema_validator_vendor:/rmf_demos_ws/install/rmf_demos_fleet_adapter:/rmf_demos_ws/install/rmf_visualization_building_systems:/rmf_demos_ws/install/rmf_traffic_examples:/rmf_demos_ws/install/rmf_demos_bridges:/rmf_demos_ws/install/rmf_demos_tasks:/rmf_demos_ws/install/rmf_building_map_tools:/rmf_demos_ws/install/rmf_charging_schedule:/opt/ros/jazzy:/rmf_demos_ws/install/menge_vendor:/rmf_demos_ws/install/ament_cmake_catch2:/opt/ros/jazzy/opt/gz_sim_vendor:/opt/ros/jazzy/opt/gz_sensors_vendor:/opt/ros/jazzy/opt/gz_physics_vendor:/opt/ros/jazzy/opt/sdformat_vendor:/opt/ros/jazzy/opt/gz_gui_vendor:/opt/ros/jazzy/opt/gz_transport_vendor:/opt/ros/jazzy/opt/gz_rendering_vendor:/opt/ros/jazzy/opt/gz_plugin_vendor:/opt/ros/jazzy/opt/gz_fuel_tools_vendor:/opt/ros/jazzy/opt/gz_msgs_vendor:/opt/ros/jazzy/opt/gz_common_vendor:/opt/ros/jazzy/opt/gz_math_vendor:/opt/ros/jazzy/opt/gz_utils_vendor:/opt/ros/jazzy/opt/gz_tools_vendor:/opt/ros/jazzy/opt/gz_ogre_next_vendor:/opt/ros/jazzy/opt/gz_dartsim_vendor:/opt/ros/jazzy/opt/gz_cmake_vendor LD_LIBRARY_PATH=/home/maria/rmf_ws/install/rmf_robot_sim_common/lib:${LD_LIBRARY_PATH} /usr/bin/cmake --install /home/maria/rmf_ws/build/rmf_robot_sim_gz_plugins
[40.269s] -- Install configuration: ""
[40.269s] -- Execute custom install script
[40.270s] -- Symlinking: /home/maria/rmf_ws/install/rmf_robot_sim_gz_plugins/share/rmf_robot_sim_gz_plugins/environment/rmf_robot_sim_gz_plugins.dsv
[40.278s] -- Symlinking: /home/maria/rmf_ws/install/rmf_robot_sim_gz_plugins/lib/rmf_robot_sim_gz_plugins/libteleport_dispenser.so
[40.287s] -- Symlinking: /home/maria/rmf_ws/install/rmf_robot_sim_gz_plugins/lib/rmf_robot_sim_gz_plugins/libteleport_ingestor.so
[40.296s] -- Symlinking: /home/maria/rmf_ws/install/rmf_robot_sim_gz_plugins/lib/rmf_robot_sim_gz_plugins/libreadonly.so
[40.304s] -- Symlinking: /home/maria/rmf_ws/install/rmf_robot_sim_gz_plugins/lib/rmf_robot_sim_gz_plugins/libslotcar.so
[40.312s] -- Symlinking: /home/maria/rmf_ws/install/rmf_robot_sim_gz_plugins/share/ament_index/resource_index/package_run_dependencies/rmf_robot_sim_gz_plugins
[40.320s] -- Symlinking: /home/maria/rmf_ws/install/rmf_robot_sim_gz_plugins/share/ament_index/resource_index/parent_prefix_path/rmf_robot_sim_gz_plugins
[40.328s] -- Symlinking: /home/maria/rmf_ws/install/rmf_robot_sim_gz_plugins/share/rmf_robot_sim_gz_plugins/environment/ament_prefix_path.sh
[40.336s] -- Symlinking: /home/maria/rmf_ws/install/rmf_robot_sim_gz_plugins/share/rmf_robot_sim_gz_plugins/environment/ament_prefix_path.dsv
[40.344s] -- Symlinking: /home/maria/rmf_ws/install/rmf_robot_sim_gz_plugins/share/rmf_robot_sim_gz_plugins/environment/path.sh
[40.353s] -- Symlinking: /home/maria/rmf_ws/install/rmf_robot_sim_gz_plugins/share/rmf_robot_sim_gz_plugins/environment/path.dsv
[40.361s] -- Symlinking: /home/maria/rmf_ws/install/rmf_robot_sim_gz_plugins/share/rmf_robot_sim_gz_plugins/local_setup.bash
[40.370s] -- Symlinking: /home/maria/rmf_ws/install/rmf_robot_sim_gz_plugins/share/rmf_robot_sim_gz_plugins/local_setup.sh
[40.379s] -- Symlinking: /home/maria/rmf_ws/install/rmf_robot_sim_gz_plugins/share/rmf_robot_sim_gz_plugins/local_setup.zsh
[40.388s] -- Symlinking: /home/maria/rmf_ws/install/rmf_robot_sim_gz_plugins/share/rmf_robot_sim_gz_plugins/local_setup.dsv
[40.396s] -- Symlinking: /home/maria/rmf_ws/install/rmf_robot_sim_gz_plugins/share/rmf_robot_sim_gz_plugins/package.dsv
[40.405s] -- Symlinking: /home/maria/rmf_ws/install/rmf_robot_sim_gz_plugins/share/ament_index/resource_index/packages/rmf_robot_sim_gz_plugins
[40.413s] -- Symlinking: /home/maria/rmf_ws/install/rmf_robot_sim_gz_plugins/share/rmf_robot_sim_gz_plugins/cmake/rmf_robot_sim_gz_pluginsConfig.cmake
[40.421s] -- Symlinking: /home/maria/rmf_ws/install/rmf_robot_sim_gz_plugins/share/rmf_robot_sim_gz_plugins/cmake/rmf_robot_sim_gz_pluginsConfig-version.cmake
[40.429s] -- Symlinking: /home/maria/rmf_ws/install/rmf_robot_sim_gz_plugins/share/rmf_robot_sim_gz_plugins/package.xml
[40.439s] Invoked command in '/home/maria/rmf_ws/build/rmf_robot_sim_gz_plugins' returned '0': AMENT_PREFIX_PATH=/home/maria/rmf_ws/install/rmf_robot_sim_common:/home/maria/rmf_ws/install/rmf_building_sim_gz_plugins:${AMENT_PREFIX_PATH} CMAKE_PREFIX_PATH=/home/maria/rmf_ws/install/rmf_robot_sim_common:/home/maria/rmf_ws/install/rmf_building_sim_gz_plugins:/rmf_demos_ws/install/rmf_workcell_msgs:/rmf_demos_ws/install/rmf_demos_gz:/rmf_demos_ws/install/rmf_demos:/rmf_demos_ws/install/rmf_reservation_node:/rmf_demos_ws/install/rmf_fleet_adapter_python:/rmf_demos_ws/install/rmf_fleet_adapter:/rmf_demos_ws/install/rmf_task_ros2:/rmf_demos_ws/install/rmf_websocket:/rmf_demos_ws/install/rmf_visualization:/rmf_demos_ws/install/rmf_visualization_schedule:/rmf_demos_ws/install/rmf_visualization_rviz2_plugins:/rmf_demos_ws/install/rmf_visualization_obstacles:/rmf_demos_ws/install/rmf_visualization_navgraphs:/rmf_demos_ws/install/rmf_visualization_floorplans:/rmf_demos_ws/install/rmf_visualization_fleet_states:/rmf_demos_ws/install/rmf_visualization_msgs:/rmf_demos_ws/install/rmf_traffic_ros2:/rmf_demos_ws/install/rmf_task_sequence:/rmf_demos_ws/install/rmf_task:/rmf_demos_ws/install/rmf_battery:/rmf_demos_ws/install/rmf_traffic:/rmf_demos_ws/install/rmf_utils:/rmf_demos_ws/install/rmf_traffic_msgs:/rmf_demos_ws/install/rmf_traffic_editor_test_maps:/rmf_demos_ws/install/rmf_traffic_editor_assets:/rmf_demos_ws/install/rmf_traffic_editor:/rmf_demos_ws/install/rmf_task_msgs:/rmf_demos_ws/install/rmf_site_map_msgs:/rmf_demos_ws/install/rmf_scheduler_msgs:/rmf_demos_ws/install/rmf_robot_sim_gz_plugins:/rmf_demos_ws/install/rmf_robot_sim_common:/rmf_demos_ws/install/rmf_reservation_msgs:/rmf_demos_ws/install/rmf_obstacle_msgs:/rmf_demos_ws/install/rmf_building_sim_gz_plugins:/rmf_demos_ws/install/rmf_lift_msgs:/rmf_demos_ws/install/rmf_ingestor_msgs:/rmf_demos_ws/install/rmf_fleet_msgs:/rmf_demos_ws/install/rmf_door_msgs:/rmf_demos_ws/install/rmf_dispenser_msgs:/rmf_demos_ws/install/rmf_demos_maps:/rmf_demos_ws/install/rmf_demos_assets:/rmf_demos_ws/install/rmf_charger_msgs:/rmf_demos_ws/install/rmf_building_map_msgs:/rmf_demos_ws/install/rmf_api_msgs:/rmf_demos_ws/install/nlohmann_json_schema_validator_vendor:/rmf_demos_ws/install/rmf_demos_fleet_adapter:/rmf_demos_ws/install/rmf_visualization_building_systems:/rmf_demos_ws/install/rmf_traffic_examples:/rmf_demos_ws/install/rmf_demos_bridges:/rmf_demos_ws/install/rmf_demos_tasks:/rmf_demos_ws/install/rmf_building_map_tools:/rmf_demos_ws/install/rmf_charging_schedule:/opt/ros/jazzy:/rmf_demos_ws/install/menge_vendor:/rmf_demos_ws/install/ament_cmake_catch2:/opt/ros/jazzy/opt/gz_sim_vendor:/opt/ros/jazzy/opt/gz_sensors_vendor:/opt/ros/jazzy/opt/gz_physics_vendor:/opt/ros/jazzy/opt/sdformat_vendor:/opt/ros/jazzy/opt/gz_gui_vendor:/opt/ros/jazzy/opt/gz_transport_vendor:/opt/ros/jazzy/opt/gz_rendering_vendor:/opt/ros/jazzy/opt/gz_plugin_vendor:/opt/ros/jazzy/opt/gz_fuel_tools_vendor:/opt/ros/jazzy/opt/gz_msgs_vendor:/opt/ros/jazzy/opt/gz_common_vendor:/opt/ros/jazzy/opt/gz_math_vendor:/opt/ros/jazzy/opt/gz_utils_vendor:/opt/ros/jazzy/opt/gz_tools_vendor:/opt/ros/jazzy/opt/gz_ogre_next_vendor:/opt/ros/jazzy/opt/gz_dartsim_vendor:/opt/ros/jazzy/opt/gz_cmake_vendor LD_LIBRARY_PATH=/home/maria/rmf_ws/install/rmf_robot_sim_common/lib:${LD_LIBRARY_PATH} /usr/bin/cmake --install /home/maria/rmf_ws/build/rmf_robot_sim_gz_plugins
