[1.223s] Invoking command in '/home/maria/rmf_ws/build/project_tasks': PYTHONPATH=/home/maria/rmf_ws/build/project_tasks/prefix_override:/usr/lib/python3/dist-packages/colcon_core/task/python/colcon_distutils_commands:/home/maria/rmf_ws/install/project_tasks/lib/python3.12/site-packages:${PYTHONPATH} /usr/bin/python3 -W ignore:setup.py install is deprecated -W ignore:easy_install command is deprecated setup.py develop --editable --build-directory /home/maria/rmf_ws/build/project_tasks/build --no-deps symlink_data
[1.539s] running develop
[1.676s] running egg_info
[1.688s] writing project_tasks.egg-info/PKG-INFO
[1.688s] writing dependency_links to project_tasks.egg-info/dependency_links.txt
[1.689s] writing entry points to project_tasks.egg-info/entry_points.txt
[1.689s] writing requirements to project_tasks.egg-info/requires.txt
[1.689s] writing top-level names to project_tasks.egg-info/top_level.txt
[1.714s] reading manifest file 'project_tasks.egg-info/SOURCES.txt'
[1.715s] writing manifest file 'project_tasks.egg-info/SOURCES.txt'
[1.729s] running build_ext
[1.729s] Creating /home/maria/rmf_ws/install/project_tasks/lib/python3.12/site-packages/project-tasks.egg-link (link to .)
[1.730s] Installing api_request script to /home/maria/rmf_ws/install/project_tasks/lib/project_tasks
[1.730s] Installing cancel_robot_task script to /home/maria/rmf_ws/install/project_tasks/lib/project_tasks
[1.730s] Installing cancel_task script to /home/maria/rmf_ws/install/project_tasks/lib/project_tasks
[1.730s] Installing dispatch_action script to /home/maria/rmf_ws/install/project_tasks/lib/project_tasks
[1.730s] Installing dispatch_cart_delivery script to /home/maria/rmf_ws/install/project_tasks/lib/project_tasks
[1.730s] Installing dispatch_clean script to /home/maria/rmf_ws/install/project_tasks/lib/project_tasks
[1.730s] Installing dispatch_delivery script to /home/maria/rmf_ws/install/project_tasks/lib/project_tasks
[1.730s] Installing dispatch_dynamic_event script to /home/maria/rmf_ws/install/project_tasks/lib/project_tasks
[1.730s] Installing dispatch_go_to_place script to /home/maria/rmf_ws/install/project_tasks/lib/project_tasks
[1.730s] Installing dispatch_json script to /home/maria/rmf_ws/install/project_tasks/lib/project_tasks
[1.730s] Installing dispatch_loop script to /home/maria/rmf_ws/install/project_tasks/lib/project_tasks
[1.730s] Installing dispatch_patrol script to /home/maria/rmf_ws/install/project_tasks/lib/project_tasks
[1.730s] Installing dispatch_teleop script to /home/maria/rmf_ws/install/project_tasks/lib/project_tasks
[1.730s] Installing dynamic_event_client script to /home/maria/rmf_ws/install/project_tasks/lib/project_tasks
[1.731s] Installing emergency_signal script to /home/maria/rmf_ws/install/project_tasks/lib/project_tasks
[1.731s] Installing get_robot_location script to /home/maria/rmf_ws/install/project_tasks/lib/project_tasks
[1.731s] Installing mock_docker script to /home/maria/rmf_ws/install/project_tasks/lib/project_tasks
[1.731s] Installing request_lift script to /home/maria/rmf_ws/install/project_tasks/lib/project_tasks
[1.731s] Installing request_loop script to /home/maria/rmf_ws/install/project_tasks/lib/project_tasks
[1.731s] Installing teleop_robot script to /home/maria/rmf_ws/install/project_tasks/lib/project_tasks
[1.731s] Installing wait_for_task_complete script to /home/maria/rmf_ws/install/project_tasks/lib/project_tasks
[1.731s] 
[1.731s] Installed /home/maria/rmf_ws/build/project_tasks
[1.731s] running symlink_data
[1.754s] Invoked command in '/home/maria/rmf_ws/build/project_tasks' returned '0': PYTHONPATH=/home/maria/rmf_ws/build/project_tasks/prefix_override:/usr/lib/python3/dist-packages/colcon_core/task/python/colcon_distutils_commands:/home/maria/rmf_ws/install/project_tasks/lib/python3.12/site-packages:${PYTHONPATH} /usr/bin/python3 -W ignore:setup.py install is deprecated -W ignore:easy_install command is deprecated setup.py develop --editable --build-directory /home/maria/rmf_ws/build/project_tasks/build --no-deps symlink_data
