-- The C compiler identification is GNU 13.3.0
-- The CXX compiler identification is GNU 13.3.0
-- Detecting C compiler ABI info
-- Detecting C compiler ABI info - done
-- Check for working C compiler: /usr/bin/cc - skipped
-- Detecting C compile features
-- Detecting C compile features - done
-- Detecting CXX compiler ABI info
-- Detecting CXX compiler ABI info - done
-- Check for working CXX compiler: /usr/bin/c++ - skipped
-- Detecting CXX compile features
-- Detecting CXX compile features - done
-- Found ament_cmake: 2.5.5 (/opt/ros/jazzy/share/ament_cmake/cmake)
-- Found Python3: /usr/bin/python3 (found version "3.12.3") found components: Interpreter 
-- Configuring done (0.9s)
-- Generating done (0.0s)
-- Build files have been written to: /home/maria/rmf_ws/build/project_maps
[ 50%] [34m[1mGenerating maps/classroom/nav_graphs/phony[0m
[ 50%] [34m[1mGenerating maps/test1/nav_graphs/phony[0m
Load success!

Cache found! Model count: 3238 
Updating cache...
Topping up Fuel (updating cache) from: https://fuel.gazebosim.org/1.0/models
Fetching page: 1
building name: test1
coordinate system: reference_image
parsing level L1
parsing level L2
calculating levels relative to L1
level L1 scale: 0.06666666666666667
calculating level L2 offset and scale...
  2 common fiducials:
Transform.set_from_fiducials()
  2 fiducial pairs:
    (1.5, -1.5) -> (2.0, -2.0)   columna1
    (148.5, -1.5) -> (148.5, -1.5)   columna2
    calc dist columna1 <=> columna2
Bearings:
[(0.0, 0.003412956031538204)]
  0.003412956031538204
  Circular mean: -0.0034129560315382034
Distances:
[(147.0, 146.50085323983612)]
mean relative scale: 0.996604443808409
translation: (-0.03333, 0.034243)
generating nav data
hooray, we found an intersection: t=0.506, u=0.532
  (23.555,-48.923),(122.687,-48.923) and (73.7,-38.148),(73.7,-58.389)
found intersection with door null!
writing /home/maria/rmf_ws/build/project_maps/maps/test1/nav_graphs/0.yaml
[ 50%] Built target generate_test1_nav_graphs
building name: classroom
coordinate system: reference_image
parsing level L1
parsing level L2
calculating levels relative to L1
level L1 scale: 0.02551020408163266
calculating level L2 offset and scale...
  0 common fiducials:
Transform.set_from_fiducials()
  0 fiducial pairs:
Bearings:
[]
generating nav data
hooray, we found an intersection: t=0.459, u=0.62
  (732.006,-1378.531),(618.612,-1378.531) and (679.96,-1356.421),(679.96,-1392.105)
found intersection with door door2!
hooray, we found an intersection: t=0.604, u=0.561
  (741.803,-1033.459),(741.803,-1380.592) and (672.582,-1243.013),(795.893,-1243.013)
found intersection with door door6!
hooray, we found an intersection: t=0.303, u=0.684
  (741.803,-1380.592),(519.736,-1380.592) and (674.5,-1355.444),(674.5,-1392.191)
found intersection with door door9!
hooray, we found an intersection: t=0.183, u=0.481
  (877.736,-1373.216),(1134.021,-1373.216) and (924.619,-1355.521),(924.619,-1392.329)
found intersection with door door3!
hooray, we found an intersection: t=0.359, u=0.456
  (547.119,-1697.655),(878.052,-1697.655) and (665.966,-1673.474),(665.966,-1726.528)
found intersection with door door4!
hooray, we found an intersection: t=0.347, u=0.604
  (877.59,-1173.327),(877.59,-1374.102) and (808.137,-1243.013),(923.139,-1243.013)
found intersection with door door7!
hooray, we found an intersection: t=0.177, u=0.466
  (877.59,-1374.102),(1140.727,-1374.102) and (924.039,-1357.093),(924.039,-1393.624)
found intersection with door door8!
writing /home/maria/rmf_ws/build/project_maps/maps/classroom/nav_graphs/0.yaml
writing /home/maria/rmf_ws/build/project_maps/maps/classroom/nav_graphs/1.yaml
[ 50%] Built target generate_classroom_nav_graphs
Cached model found! Halting Fuel traversal...
Writing to cache: /home/maria/.pit_crew/model_cache.json
New models cached: 0

[ 50%] Built target update_model_cache
generating /home/maria/rmf_ws/build/project_maps/maps/test1/test1.world from /home/maria/rmf_ws/src/project/project_maps/maps/test1/test1.building.yaml
building name: test1
coordinate system: reference_image
parsing level L1
parsing level L2
calculating levels relative to L1
level L1 scale: 0.06666666666666667
calculating level L2 offset and scale...
  2 common fiducials:
Transform.set_from_fiducials()
  2 fiducial pairs:
    (1.5, -1.5) -> (2.0, -2.0)   columna1
    (148.5, -1.5) -> (148.5, -1.5)   columna2
    calc dist columna1 <=> columna2
Bearings:
[(0.0, 0.003412956031538204)]
  0.003412956031538204
  Circular mean: -0.0034129560315382034
Distances:
[(147.0, 146.50085323983612)]
mean relative scale: 0.996604443808409
translation: (-0.03333, 0.034243)
generating model of level L1 in /home/maria/rmf_ws/build/project_maps/maps/test1/models/test1_L1
  wrote /home/maria/rmf_ws/build/project_maps/maps/test1/models/test1_L1/model.config
generating floor polygon 1 on floor test1_L1
hole vertices: []
lift vertices: {}
[[0, 3, 1], [1, 3, 2]]
  wrote /home/maria/rmf_ws/build/project_maps/maps/test1/models/test1_L1/meshes/floor_1.obj
  wrote /home/maria/rmf_ws/build/project_maps/maps/test1/models/test1_L1/meshes/blue_linoleum.png
  wrote /home/maria/rmf_ws/build/project_maps/maps/test1/models/test1_L1/meshes/floor_1.mtl
Walls Generation, wall params list: [{'alpha': <building_map.param_value.ParamValue object at 0x7a34ff8a7d70>, 'texture_height': <building_map.param_value.ParamValue object at 0x7a34ff8a7dd0>, 'texture_name': <building_map.param_value.ParamValue object at 0x7a34ff8a7e30>, 'texture_scale': <building_map.param_value.ParamValue object at 0x7a34ff8a7e60>, 'texture_width': <building_map.param_value.ParamValue object at 0x7a34ff8a7e90>}]
generating wall: 1 on floor: test1_L1
  wrote /home/maria/rmf_ws/build/project_maps/maps/test1/models/test1_L1/meshes/default.png
generate_wall_visual_mesh(test1_L1, /home/maria/rmf_ws/build/project_maps/maps/test1/models/test1_L1)
  generating /home/maria/rmf_ws/build/project_maps/maps/test1/models/test1_L1/meshes/wall_1.obj
  generating /home/maria/rmf_ws/build/project_maps/maps/test1/models/test1_L1/meshes/wall_1.mtl
  wrote /home/maria/rmf_ws/build/project_maps/maps/test1/models/test1_L1/model.sdf
generating model of level L2 in /home/maria/rmf_ws/build/project_maps/maps/test1/models/test1_L2
  wrote /home/maria/rmf_ws/build/project_maps/maps/test1/models/test1_L2/model.config
generating floor polygon 1 on floor test1_L2
hole vertices: []
lift vertices: {}
[[0, 3, 1], [1, 3, 2]]
  wrote /home/maria/rmf_ws/build/project_maps/maps/test1/models/test1_L2/meshes/floor_1.obj
  wrote /home/maria/rmf_ws/build/project_maps/maps/test1/models/test1_L2/meshes/blue_linoleum.png
  wrote /home/maria/rmf_ws/build/project_maps/maps/test1/models/test1_L2/meshes/floor_1.mtl
Walls Generation, wall params list: [{'alpha': <building_map.param_value.ParamValue object at 0x7a34ff6949b0>, 'texture_height': <building_map.param_value.ParamValue object at 0x7a34ff694a10>, 'texture_name': <building_map.param_value.ParamValue object at 0x7a34ff694a40>, 'texture_scale': <building_map.param_value.ParamValue object at 0x7a34ff694aa0>, 'texture_width': <building_map.param_value.ParamValue object at 0x7a34ff694ad0>}]
generating wall: 1 on floor: test1_L2
  wrote /home/maria/rmf_ws/build/project_maps/maps/test1/models/test1_L2/meshes/default.png
generate_wall_visual_mesh(test1_L2, /home/maria/rmf_ws/build/project_maps/maps/test1/models/test1_L2)
  generating /home/maria/rmf_ws/build/project_maps/maps/test1/models/test1_L2/meshes/wall_1.obj
  generating /home/maria/rmf_ws/build/project_maps/maps/test1/models/test1_L2/meshes/wall_1.mtl
  wrote /home/maria/rmf_ws/build/project_maps/maps/test1/models/test1_L2/model.sdf
generating /home/maria/rmf_ws/build/project_maps/maps/classroom/classroom.world from /home/maria/rmf_ws/src/project/project_maps/maps/classroom/classroom.building.yaml
spawning robot name tinyRobot1_charger of type TinyRobot
generate door name=null type=sliding
Door(null)
13861 bytes written to /home/maria/rmf_ws/build/project_maps/maps/test1/test1.world
building name: classroom
coordinate system: reference_image
parsing level L1
parsing level L2
calculating levels relative to L1
level L1 scale: 0.02551020408163266
calculating level L2 offset and scale...
  0 common fiducials:
Transform.set_from_fiducials()
  0 fiducial pairs:
Bearings:
[]
[ 50%] Built target test1
generating model of level L1 in /home/maria/rmf_ws/build/project_maps/maps/classroom/models/classroom_L1
  wrote /home/maria/rmf_ws/build/project_maps/maps/classroom/models/classroom_L1/model.config
generating floor polygon 1 on floor classroom_L1
hole vertices: []
lift vertices: {}
[[0, 5, 2], [0, 2, 1], [4, 3, 2], [4, 2, 5]]
  wrote /home/maria/rmf_ws/build/project_maps/maps/classroom/models/classroom_L1/meshes/floor_1.obj
  wrote /home/maria/rmf_ws/build/project_maps/maps/classroom/models/classroom_L1/meshes/blue_linoleum.png
  wrote /home/maria/rmf_ws/build/project_maps/maps/classroom/models/classroom_L1/meshes/floor_1.mtl
Walls Generation, wall params list: [{'alpha': <building_map.param_value.ParamValue object at 0x7a36af6cbef0>, 'texture_height': <building_map.param_value.ParamValue object at 0x7a36af6cbf20>, 'texture_name': <building_map.param_value.ParamValue object at 0x7a36af6cbf50>, 'texture_scale': <building_map.param_value.ParamValue object at 0x7a36af6cbfb0>, 'texture_width': <building_map.param_value.ParamValue object at 0x7a36af6cbf80>}]
generating wall: 1 on floor: classroom_L1
  wrote /home/maria/rmf_ws/build/project_maps/maps/classroom/models/classroom_L1/meshes/default.png
generate_wall_visual_mesh(classroom_L1, /home/maria/rmf_ws/build/project_maps/maps/classroom/models/classroom_L1)
  generating /home/maria/rmf_ws/build/project_maps/maps/classroom/models/classroom_L1/meshes/wall_1.obj
  generating /home/maria/rmf_ws/build/project_maps/maps/classroom/models/classroom_L1/meshes/wall_1.mtl
  wrote /home/maria/rmf_ws/build/project_maps/maps/classroom/models/classroom_L1/model.sdf
generating model of level L2 in /home/maria/rmf_ws/build/project_maps/maps/classroom/models/classroom_L2
  wrote /home/maria/rmf_ws/build/project_maps/maps/classroom/models/classroom_L2/model.config
generating floor polygon 1 on floor classroom_L2
hole vertices: []
lift vertices: {}
[[0, 3, 2], [0, 2, 1]]
  wrote /home/maria/rmf_ws/build/project_maps/maps/classroom/models/classroom_L2/meshes/floor_1.obj
  wrote /home/maria/rmf_ws/build/project_maps/maps/classroom/models/classroom_L2/meshes/blue_linoleum.png
  wrote /home/maria/rmf_ws/build/project_maps/maps/classroom/models/classroom_L2/meshes/floor_1.mtl
Walls Generation, wall params list: [{'alpha': <building_map.param_value.ParamValue object at 0x7a36af73c140>, 'texture_height': <building_map.param_value.ParamValue object at 0x7a36af73c170>, 'texture_name': <building_map.param_value.ParamValue object at 0x7a36af73c1a0>, 'texture_scale': <building_map.param_value.ParamValue object at 0x7a36af73c1d0>, 'texture_width': <building_map.param_value.ParamValue object at 0x7a36af73c230>}]
generating wall: 1 on floor: classroom_L2
  wrote /home/maria/rmf_ws/build/project_maps/maps/classroom/models/classroom_L2/meshes/default.png
generate_wall_visual_mesh(classroom_L2, /home/maria/rmf_ws/build/project_maps/maps/classroom/models/classroom_L2)
  generating /home/maria/rmf_ws/build/project_maps/maps/classroom/models/classroom_L2/meshes/wall_1.obj
[ 75%] [34m[1mGenerating test1_crowdsim[0m
  generating /home/maria/rmf_ws/build/project_maps/maps/classroom/models/classroom_L2/meshes/wall_1.mtl
  wrote /home/maria/rmf_ws/build/project_maps/maps/classroom/models/classroom_L2/model.sdf
spawning robot name tinyRobot2 of type TinyRobot
spawning robot name tinyRobot1 of type TinyRobot
generate door name=door1 type=double_hinged
Door(door1)
generate door name=door2 type=hinged
Door(door2)
generate door name=door3 type=sliding
Door(door3)
generate door name=door4 type=double_hinged
Door(door4)
generate door name=door5 type=double_hinged
Door(door5)
generate door name=door6 type=double_hinged
Door(door6)
generate door name=door7 type=double_hinged
Door(door7)
generate door name=door8 type=sliding
Door(door8)
generate door name=door9 type=hinged
Door(door9)
96466 bytes written to /home/maria/rmf_ws/build/project_maps/maps/classroom/classroom.world
[ 75%] Built target classroom
[100%] [34m[1mGenerating classroom_crowdsim[0m
Creating output folder path:  /home/maria/rmf_ws/build/project_maps/maps/test1/config_resource/
crowdsim unable to parse, not attempting to proceed
crowdsim unable to parse, not attempting to proceed
[100%] Built target generate_test1_crowdsim
Creating output folder path:  /home/maria/rmf_ws/build/project_maps/maps/classroom/config_resource/
crowdsim unable to parse, not attempting to proceed
crowdsim unable to parse, not attempting to proceed
[100%] Built target generate_classroom_crowdsim
-- Install configuration: ""
-- Installing: /home/maria/rmf_ws/install/project_maps/share/project_maps
-- Installing: /home/maria/rmf_ws/install/project_maps/share/project_maps/classroom
-- Installing: /home/maria/rmf_ws/install/project_maps/share/project_maps/classroom/classroom_world
-- Installing: /home/maria/rmf_ws/install/project_maps/share/project_maps/classroom/classroom_world/classroom_L1
-- Installing: /home/maria/rmf_ws/install/project_maps/share/project_maps/classroom/classroom_world/classroom_L1/meshes
-- Installing: /home/maria/rmf_ws/install/project_maps/share/project_maps/classroom/classroom_world/classroom_L1/meshes/floor_1.obj
-- Installing: /home/maria/rmf_ws/install/project_maps/share/project_maps/classroom/classroom_world/classroom_L1/meshes/floor_1.mtl
-- Installing: /home/maria/rmf_ws/install/project_maps/share/project_maps/classroom/classroom_world/classroom_L1/meshes/model.material
-- Installing: /home/maria/rmf_ws/install/project_maps/share/project_maps/classroom/classroom_world/classroom_L1/meshes/wall_1.obj
-- Installing: /home/maria/rmf_ws/install/project_maps/share/project_maps/classroom/classroom_world/classroom_L1/meshes/wall_1.mtl
-- Installing: /home/maria/rmf_ws/install/project_maps/share/project_maps/classroom/classroom_world/classroom_L1/meshes/default.png
-- Installing: /home/maria/rmf_ws/install/project_maps/share/project_maps/classroom/classroom_world/classroom_L1/meshes/blue_linoleum.png
-- Installing: /home/maria/rmf_ws/install/project_maps/share/project_maps/classroom/classroom_world/classroom_L1/model.sdf
-- Installing: /home/maria/rmf_ws/install/project_maps/share/project_maps/classroom/classroom_world/classroom_L1/model.config
-- Installing: /home/maria/rmf_ws/install/project_maps/share/project_maps/classroom/classroom_world/classroom_L2
-- Installing: /home/maria/rmf_ws/install/project_maps/share/project_maps/classroom/classroom_world/classroom_L2/meshes
-- Installing: /home/maria/rmf_ws/install/project_maps/share/project_maps/classroom/classroom_world/classroom_L2/meshes/floor_1.obj
-- Installing: /home/maria/rmf_ws/install/project_maps/share/project_maps/classroom/classroom_world/classroom_L2/meshes/floor_1.mtl
-- Installing: /home/maria/rmf_ws/install/project_maps/share/project_maps/classroom/classroom_world/classroom_L2/meshes/model.material
-- Installing: /home/maria/rmf_ws/install/project_maps/share/project_maps/classroom/classroom_world/classroom_L2/meshes/wall_1.obj
-- Installing: /home/maria/rmf_ws/install/project_maps/share/project_maps/classroom/classroom_world/classroom_L2/meshes/wall_1.mtl
-- Installing: /home/maria/rmf_ws/install/project_maps/share/project_maps/classroom/classroom_world/classroom_L2/meshes/default.png
-- Installing: /home/maria/rmf_ws/install/project_maps/share/project_maps/classroom/classroom_world/classroom_L2/meshes/blue_linoleum.png
-- Installing: /home/maria/rmf_ws/install/project_maps/share/project_maps/classroom/classroom_world/classroom_L2/model.sdf
-- Installing: /home/maria/rmf_ws/install/project_maps/share/project_maps/classroom/classroom_world/classroom_L2/model.config
-- Installing: /home/maria/rmf_ws/install/project_maps/share/project_maps/classroom/classroom.building.yaml
-- Installing: /home/maria/rmf_ws/install/project_maps/share/project_maps/classroom/models
-- Installing: /home/maria/rmf_ws/install/project_maps/share/project_maps/classroom/models/AdjTable
-- Installing: /home/maria/rmf_ws/install/project_maps/share/project_maps/classroom/models/AdjTable/meshes
-- Installing: /home/maria/rmf_ws/install/project_maps/share/project_maps/classroom/models/AdjTable/meshes/AdjTable.obj
-- Installing: /home/maria/rmf_ws/install/project_maps/share/project_maps/classroom/models/AdjTable/meshes/AdjTable_Diffuse.png
-- Installing: /home/maria/rmf_ws/install/project_maps/share/project_maps/classroom/models/AdjTable/meshes/AdjTable_Col.mtl
-- Installing: /home/maria/rmf_ws/install/project_maps/share/project_maps/classroom/models/AdjTable/meshes/AdjTable_Col.obj
-- Installing: /home/maria/rmf_ws/install/project_maps/share/project_maps/classroom/models/AdjTable/meshes/AdjTable.mtl
-- Installing: /home/maria/rmf_ws/install/project_maps/share/project_maps/classroom/models/AdjTable/model.sdf
-- Installing: /home/maria/rmf_ws/install/project_maps/share/project_maps/classroom/models/AdjTable/thumbnails
-- Installing: /home/maria/rmf_ws/install/project_maps/share/project_maps/classroom/models/AdjTable/thumbnails/3.png
-- Installing: /home/maria/rmf_ws/install/project_maps/share/project_maps/classroom/models/AdjTable/thumbnails/2.png
-- Installing: /home/maria/rmf_ws/install/project_maps/share/project_maps/classroom/models/AdjTable/thumbnails/1.png
-- Installing: /home/maria/rmf_ws/install/project_maps/share/project_maps/classroom/models/AdjTable/thumbnails/5.png
-- Installing: /home/maria/rmf_ws/install/project_maps/share/project_maps/classroom/models/AdjTable/thumbnails/4.png
-- Installing: /home/maria/rmf_ws/install/project_maps/share/project_maps/classroom/models/AdjTable/model.config
-- Installing: /home/maria/rmf_ws/install/project_maps/share/project_maps/classroom/models/TinyRobot
-- Installing: /home/maria/rmf_ws/install/project_maps/share/project_maps/classroom/models/TinyRobot/meshes
-- Installing: /home/maria/rmf_ws/install/project_maps/share/project_maps/classroom/models/TinyRobot/meshes/front_wheel.obj
-- Installing: /home/maria/rmf_ws/install/project_maps/share/project_maps/classroom/models/TinyRobot/meshes/caster_wheel.mtl
-- Installing: /home/maria/rmf_ws/install/project_maps/share/project_maps/classroom/models/TinyRobot/meshes/front_wheel.mtl
-- Installing: /home/maria/rmf_ws/install/project_maps/share/project_maps/classroom/models/TinyRobot/meshes/caster_wheel.obj
-- Installing: /home/maria/rmf_ws/install/project_maps/share/project_maps/classroom/models/TinyRobot/meshes/tinyRobot_body.mtl
-- Installing: /home/maria/rmf_ws/install/project_maps/share/project_maps/classroom/models/TinyRobot/meshes/tinyRobot_body.obj
-- Installing: /home/maria/rmf_ws/install/project_maps/share/project_maps/classroom/models/TinyRobot/model.sdf
-- Installing: /home/maria/rmf_ws/install/project_maps/share/project_maps/classroom/models/TinyRobot/model.config
-- Installing: /home/maria/rmf_ws/install/project_maps/share/project_maps/classroom/models/OfficeChairGrey
-- Installing: /home/maria/rmf_ws/install/project_maps/share/project_maps/classroom/models/OfficeChairGrey/meshes
-- Installing: /home/maria/rmf_ws/install/project_maps/share/project_maps/classroom/models/OfficeChairGrey/meshes/OfficeChairGrey_Col.mtl
-- Installing: /home/maria/rmf_ws/install/project_maps/share/project_maps/classroom/models/OfficeChairGrey/meshes/OfficeChairGrey.obj
-- Installing: /home/maria/rmf_ws/install/project_maps/share/project_maps/classroom/models/OfficeChairGrey/meshes/OfficeChairGrey.png
-- Installing: /home/maria/rmf_ws/install/project_maps/share/project_maps/classroom/models/OfficeChairGrey/meshes/OfficeChairGrey.mtl
-- Installing: /home/maria/rmf_ws/install/project_maps/share/project_maps/classroom/models/OfficeChairGrey/meshes/OfficeChairGrey_Col.obj
-- Installing: /home/maria/rmf_ws/install/project_maps/share/project_maps/classroom/models/OfficeChairGrey/model.sdf
-- Installing: /home/maria/rmf_ws/install/project_maps/share/project_maps/classroom/models/OfficeChairGrey/thumbnails
-- Installing: /home/maria/rmf_ws/install/project_maps/share/project_maps/classroom/models/OfficeChairGrey/thumbnails/3.png
-- Installing: /home/maria/rmf_ws/install/project_maps/share/project_maps/classroom/models/OfficeChairGrey/thumbnails/2.png
-- Installing: /home/maria/rmf_ws/install/project_maps/share/project_maps/classroom/models/OfficeChairGrey/thumbnails/meta
-- Installing: /home/maria/rmf_ws/install/project_maps/share/project_maps/classroom/models/OfficeChairGrey/thumbnails/meta/3.png
-- Installing: /home/maria/rmf_ws/install/project_maps/share/project_maps/classroom/models/OfficeChairGrey/thumbnails/meta/2.png
-- Installing: /home/maria/rmf_ws/install/project_maps/share/project_maps/classroom/models/OfficeChairGrey/thumbnails/meta/1.png
-- Installing: /home/maria/rmf_ws/install/project_maps/share/project_maps/classroom/models/OfficeChairGrey/thumbnails/meta/5.png
-- Installing: /home/maria/rmf_ws/install/project_maps/share/project_maps/classroom/models/OfficeChairGrey/thumbnails/meta/4.png
-- Installing: /home/maria/rmf_ws/install/project_maps/share/project_maps/classroom/models/OfficeChairGrey/thumbnails/1.png
-- Installing: /home/maria/rmf_ws/install/project_maps/share/project_maps/classroom/models/OfficeChairGrey/thumbnails/5.png
-- Installing: /home/maria/rmf_ws/install/project_maps/share/project_maps/classroom/models/OfficeChairGrey/thumbnails/4.png
-- Installing: /home/maria/rmf_ws/install/project_maps/share/project_maps/classroom/models/OfficeChairGrey/model.config
-- Installing: /home/maria/rmf_ws/install/project_maps/share/project_maps/classroom/classroom.world
-- Installing: /home/maria/rmf_ws/install/project_maps/share/project_maps/test1
-- Installing: /home/maria/rmf_ws/install/project_maps/share/project_maps/test1/test1.building.yaml
-- Installing: /home/maria/rmf_ws/install/project_maps/share/project_maps/test1/models
-- Installing: /home/maria/rmf_ws/install/project_maps/share/project_maps/test1/models/Sofa
-- Installing: /home/maria/rmf_ws/install/project_maps/share/project_maps/test1/models/Sofa/meshes
-- Installing: /home/maria/rmf_ws/install/project_maps/share/project_maps/test1/models/Sofa/meshes/SofaDiffuse.png
-- Installing: /home/maria/rmf_ws/install/project_maps/share/project_maps/test1/models/Sofa/meshes/Sofa.mtl
-- Installing: /home/maria/rmf_ws/install/project_maps/share/project_maps/test1/models/Sofa/meshes/Sofa.obj
-- Installing: /home/maria/rmf_ws/install/project_maps/share/project_maps/test1/models/Sofa/model.sdf
-- Installing: /home/maria/rmf_ws/install/project_maps/share/project_maps/test1/models/Sofa/thumbnails
-- Installing: /home/maria/rmf_ws/install/project_maps/share/project_maps/test1/models/Sofa/thumbnails/3.png
-- Installing: /home/maria/rmf_ws/install/project_maps/share/project_maps/test1/models/Sofa/thumbnails/2.png
-- Installing: /home/maria/rmf_ws/install/project_maps/share/project_maps/test1/models/Sofa/thumbnails/1.png
-- Installing: /home/maria/rmf_ws/install/project_maps/share/project_maps/test1/models/Sofa/thumbnails/5.png
-- Installing: /home/maria/rmf_ws/install/project_maps/share/project_maps/test1/models/Sofa/thumbnails/4.png
-- Installing: /home/maria/rmf_ws/install/project_maps/share/project_maps/test1/models/Sofa/model.config
-- Installing: /home/maria/rmf_ws/install/project_maps/share/ament_index/resource_index/package_run_dependencies/project_maps
-- Installing: /home/maria/rmf_ws/install/project_maps/share/ament_index/resource_index/parent_prefix_path/project_maps
-- Installing: /home/maria/rmf_ws/install/project_maps/share/project_maps/environment/ament_prefix_path.sh
-- Installing: /home/maria/rmf_ws/install/project_maps/share/project_maps/environment/ament_prefix_path.dsv
-- Installing: /home/maria/rmf_ws/install/project_maps/share/project_maps/environment/path.sh
-- Installing: /home/maria/rmf_ws/install/project_maps/share/project_maps/environment/path.dsv
-- Installing: /home/maria/rmf_ws/install/project_maps/share/project_maps/local_setup.bash
-- Installing: /home/maria/rmf_ws/install/project_maps/share/project_maps/local_setup.sh
-- Installing: /home/maria/rmf_ws/install/project_maps/share/project_maps/local_setup.zsh
-- Installing: /home/maria/rmf_ws/install/project_maps/share/project_maps/local_setup.dsv
-- Installing: /home/maria/rmf_ws/install/project_maps/share/project_maps/package.dsv
-- Installing: /home/maria/rmf_ws/install/project_maps/share/ament_index/resource_index/packages/project_maps
-- Installing: /home/maria/rmf_ws/install/project_maps/share/project_maps/cmake/project_mapsConfig.cmake
-- Installing: /home/maria/rmf_ws/install/project_maps/share/project_maps/cmake/project_mapsConfig-version.cmake
-- Installing: /home/maria/rmf_ws/install/project_maps/share/project_maps/package.xml
-- Installing: /home/maria/rmf_ws/install/project_maps/share/project_maps/maps/classroom
-- Installing: /home/maria/rmf_ws/install/project_maps/share/project_maps/maps/classroom/nav_graphs
-- Installing: /home/maria/rmf_ws/install/project_maps/share/project_maps/maps/classroom/nav_graphs/0.yaml
-- Installing: /home/maria/rmf_ws/install/project_maps/share/project_maps/maps/classroom/nav_graphs/1.yaml
-- Installing: /home/maria/rmf_ws/install/project_maps/share/project_maps/maps/classroom/config_resource
-- Installing: /home/maria/rmf_ws/install/project_maps/share/project_maps/maps/classroom/models
-- Installing: /home/maria/rmf_ws/install/project_maps/share/project_maps/maps/classroom/models/classroom_L1
-- Installing: /home/maria/rmf_ws/install/project_maps/share/project_maps/maps/classroom/models/classroom_L1/meshes
-- Installing: /home/maria/rmf_ws/install/project_maps/share/project_maps/maps/classroom/models/classroom_L1/meshes/floor_1.obj
-- Installing: /home/maria/rmf_ws/install/project_maps/share/project_maps/maps/classroom/models/classroom_L1/meshes/floor_1.mtl
-- Installing: /home/maria/rmf_ws/install/project_maps/share/project_maps/maps/classroom/models/classroom_L1/meshes/model.material
-- Installing: /home/maria/rmf_ws/install/project_maps/share/project_maps/maps/classroom/models/classroom_L1/meshes/wall_1.obj
-- Installing: /home/maria/rmf_ws/install/project_maps/share/project_maps/maps/classroom/models/classroom_L1/meshes/wall_1.mtl
-- Installing: /home/maria/rmf_ws/install/project_maps/share/project_maps/maps/classroom/models/classroom_L1/meshes/default.png
-- Installing: /home/maria/rmf_ws/install/project_maps/share/project_maps/maps/classroom/models/classroom_L1/meshes/blue_linoleum.png
-- Installing: /home/maria/rmf_ws/install/project_maps/share/project_maps/maps/classroom/models/classroom_L1/model.sdf
-- Installing: /home/maria/rmf_ws/install/project_maps/share/project_maps/maps/classroom/models/classroom_L1/model.config
-- Installing: /home/maria/rmf_ws/install/project_maps/share/project_maps/maps/classroom/models/classroom_L2
-- Installing: /home/maria/rmf_ws/install/project_maps/share/project_maps/maps/classroom/models/classroom_L2/meshes
-- Installing: /home/maria/rmf_ws/install/project_maps/share/project_maps/maps/classroom/models/classroom_L2/meshes/floor_1.obj
-- Installing: /home/maria/rmf_ws/install/project_maps/share/project_maps/maps/classroom/models/classroom_L2/meshes/floor_1.mtl
-- Installing: /home/maria/rmf_ws/install/project_maps/share/project_maps/maps/classroom/models/classroom_L2/meshes/model.material
-- Installing: /home/maria/rmf_ws/install/project_maps/share/project_maps/maps/classroom/models/classroom_L2/meshes/wall_1.obj
-- Installing: /home/maria/rmf_ws/install/project_maps/share/project_maps/maps/classroom/models/classroom_L2/meshes/wall_1.mtl
-- Installing: /home/maria/rmf_ws/install/project_maps/share/project_maps/maps/classroom/models/classroom_L2/meshes/default.png
-- Installing: /home/maria/rmf_ws/install/project_maps/share/project_maps/maps/classroom/models/classroom_L2/meshes/blue_linoleum.png
-- Installing: /home/maria/rmf_ws/install/project_maps/share/project_maps/maps/classroom/models/classroom_L2/model.sdf
-- Installing: /home/maria/rmf_ws/install/project_maps/share/project_maps/maps/classroom/models/classroom_L2/model.config
-- Installing: /home/maria/rmf_ws/install/project_maps/share/project_maps/maps/classroom/classroom.world
-- Installing: /home/maria/rmf_ws/install/project_maps/share/project_maps/maps/test1
-- Installing: /home/maria/rmf_ws/install/project_maps/share/project_maps/maps/test1/nav_graphs
-- Installing: /home/maria/rmf_ws/install/project_maps/share/project_maps/maps/test1/nav_graphs/0.yaml
-- Installing: /home/maria/rmf_ws/install/project_maps/share/project_maps/maps/test1/config_resource
-- Installing: /home/maria/rmf_ws/install/project_maps/share/project_maps/maps/test1/test1.world
-- Installing: /home/maria/rmf_ws/install/project_maps/share/project_maps/maps/test1/models
-- Installing: /home/maria/rmf_ws/install/project_maps/share/project_maps/maps/test1/models/test1_L2
-- Installing: /home/maria/rmf_ws/install/project_maps/share/project_maps/maps/test1/models/test1_L2/meshes
-- Installing: /home/maria/rmf_ws/install/project_maps/share/project_maps/maps/test1/models/test1_L2/meshes/floor_1.obj
-- Installing: /home/maria/rmf_ws/install/project_maps/share/project_maps/maps/test1/models/test1_L2/meshes/floor_1.mtl
-- Installing: /home/maria/rmf_ws/install/project_maps/share/project_maps/maps/test1/models/test1_L2/meshes/model.material
-- Installing: /home/maria/rmf_ws/install/project_maps/share/project_maps/maps/test1/models/test1_L2/meshes/wall_1.obj
-- Installing: /home/maria/rmf_ws/install/project_maps/share/project_maps/maps/test1/models/test1_L2/meshes/wall_1.mtl
-- Installing: /home/maria/rmf_ws/install/project_maps/share/project_maps/maps/test1/models/test1_L2/meshes/default.png
-- Installing: /home/maria/rmf_ws/install/project_maps/share/project_maps/maps/test1/models/test1_L2/meshes/blue_linoleum.png
-- Installing: /home/maria/rmf_ws/install/project_maps/share/project_maps/maps/test1/models/test1_L2/model.sdf
-- Installing: /home/maria/rmf_ws/install/project_maps/share/project_maps/maps/test1/models/test1_L2/model.config
-- Installing: /home/maria/rmf_ws/install/project_maps/share/project_maps/maps/test1/models/test1_L1
-- Installing: /home/maria/rmf_ws/install/project_maps/share/project_maps/maps/test1/models/test1_L1/meshes
-- Installing: /home/maria/rmf_ws/install/project_maps/share/project_maps/maps/test1/models/test1_L1/meshes/floor_1.obj
-- Installing: /home/maria/rmf_ws/install/project_maps/share/project_maps/maps/test1/models/test1_L1/meshes/floor_1.mtl
-- Installing: /home/maria/rmf_ws/install/project_maps/share/project_maps/maps/test1/models/test1_L1/meshes/model.material
-- Installing: /home/maria/rmf_ws/install/project_maps/share/project_maps/maps/test1/models/test1_L1/meshes/wall_1.obj
-- Installing: /home/maria/rmf_ws/install/project_maps/share/project_maps/maps/test1/models/test1_L1/meshes/wall_1.mtl
-- Installing: /home/maria/rmf_ws/install/project_maps/share/project_maps/maps/test1/models/test1_L1/meshes/default.png
-- Installing: /home/maria/rmf_ws/install/project_maps/share/project_maps/maps/test1/models/test1_L1/meshes/blue_linoleum.png
-- Installing: /home/maria/rmf_ws/install/project_maps/share/project_maps/maps/test1/models/test1_L1/model.sdf
-- Installing: /home/maria/rmf_ws/install/project_maps/share/project_maps/maps/test1/models/test1_L1/model.config
