[0.181s] Invoking command in '/home/maria/rmf_ws/build/project_maps': CMAKE_PREFIX_PATH=/home/maria/rmf_ws/install/project_config:/home/maria/rmf_ws/install/project_simulation:/home/maria/rmf_ws/install/project_maps:/home/maria/rmf_ws/install/project_assets:/rmf_demos_ws/install/rmf_workcell_msgs:/rmf_demos_ws/install/rmf_demos_gz:/rmf_demos_ws/install/rmf_demos:/rmf_demos_ws/install/rmf_reservation_node:/rmf_demos_ws/install/rmf_fleet_adapter_python:/rmf_demos_ws/install/rmf_fleet_adapter:/rmf_demos_ws/install/rmf_task_ros2:/rmf_demos_ws/install/rmf_websocket:/rmf_demos_ws/install/rmf_visualization:/rmf_demos_ws/install/rmf_visualization_schedule:/rmf_demos_ws/install/rmf_visualization_rviz2_plugins:/rmf_demos_ws/install/rmf_visualization_obstacles:/rmf_demos_ws/install/rmf_visualization_navgraphs:/rmf_demos_ws/install/rmf_visualization_floorplans:/rmf_demos_ws/install/rmf_visualization_fleet_states:/rmf_demos_ws/install/rmf_visualization_msgs:/rmf_demos_ws/install/rmf_traffic_ros2:/rmf_demos_ws/install/rmf_task_sequence:/rmf_demos_ws/install/rmf_task:/rmf_demos_ws/install/rmf_battery:/rmf_demos_ws/install/rmf_traffic:/rmf_demos_ws/install/rmf_utils:/rmf_demos_ws/install/rmf_traffic_msgs:/rmf_demos_ws/install/rmf_traffic_editor_test_maps:/rmf_demos_ws/install/rmf_traffic_editor_assets:/rmf_demos_ws/install/rmf_traffic_editor:/rmf_demos_ws/install/rmf_task_msgs:/rmf_demos_ws/install/rmf_site_map_msgs:/rmf_demos_ws/install/rmf_scheduler_msgs:/rmf_demos_ws/install/rmf_robot_sim_gz_plugins:/rmf_demos_ws/install/rmf_robot_sim_common:/rmf_demos_ws/install/rmf_reservation_msgs:/rmf_demos_ws/install/rmf_obstacle_msgs:/rmf_demos_ws/install/rmf_building_sim_gz_plugins:/rmf_demos_ws/install/rmf_lift_msgs:/rmf_demos_ws/install/rmf_ingestor_msgs:/rmf_demos_ws/install/rmf_fleet_msgs:/rmf_demos_ws/install/rmf_door_msgs:/rmf_demos_ws/install/rmf_dispenser_msgs:/rmf_demos_ws/install/rmf_demos_maps:/rmf_demos_ws/install/rmf_demos_assets:/rmf_demos_ws/install/rmf_charger_msgs:/rmf_demos_ws/install/rmf_building_map_msgs:/rmf_demos_ws/install/rmf_api_msgs:/rmf_demos_ws/install/nlohmann_json_schema_validator_vendor:/home/maria/rmf_ws/install/project_fleet_adapter:/rmf_demos_ws/install/rmf_demos_fleet_adapter:/rmf_demos_ws/install/rmf_visualization_building_systems:/rmf_demos_ws/install/rmf_traffic_examples:/rmf_demos_ws/install/rmf_demos_bridges:/rmf_demos_ws/install/rmf_demos_tasks:/rmf_demos_ws/install/rmf_building_map_tools:/rmf_demos_ws/install/rmf_charging_schedule:/opt/ros/jazzy:/rmf_demos_ws/install/menge_vendor:/rmf_demos_ws/install/ament_cmake_catch2:/opt/ros/jazzy/opt/gz_sim_vendor:/opt/ros/jazzy/opt/gz_sensors_vendor:/opt/ros/jazzy/opt/gz_physics_vendor:/opt/ros/jazzy/opt/sdformat_vendor:/opt/ros/jazzy/opt/gz_gui_vendor:/opt/ros/jazzy/opt/gz_transport_vendor:/opt/ros/jazzy/opt/gz_rendering_vendor:/opt/ros/jazzy/opt/gz_plugin_vendor:/opt/ros/jazzy/opt/gz_fuel_tools_vendor:/opt/ros/jazzy/opt/gz_msgs_vendor:/opt/ros/jazzy/opt/gz_common_vendor:/opt/ros/jazzy/opt/gz_math_vendor:/opt/ros/jazzy/opt/gz_utils_vendor:/opt/ros/jazzy/opt/gz_tools_vendor:/opt/ros/jazzy/opt/gz_ogre_next_vendor:/opt/ros/jazzy/opt/gz_dartsim_vendor:/opt/ros/jazzy/opt/gz_cmake_vendor /usr/bin/cmake /home/maria/rmf_ws/src/project/project_maps -DCMAKE_INSTALL_PREFIX=/home/maria/rmf_ws/install/project_maps
[0.231s] -- The C compiler identification is GNU 13.3.0
[0.274s] -- The CXX compiler identification is GNU 13.3.0
[0.288s] -- Detecting C compiler ABI info
[0.379s] -- Detecting C compiler ABI info - done
[0.393s] -- Check for working C compiler: /usr/bin/cc - skipped
[0.393s] -- Detecting C compile features
[0.394s] -- Detecting C compile features - done
[0.402s] -- Detecting CXX compiler ABI info
[0.505s] -- Detecting CXX compiler ABI info - done
[0.518s] -- Check for working CXX compiler: /usr/bin/c++ - skipped
[0.518s] -- Detecting CXX compile features
[0.519s] -- Detecting CXX compile features - done
[0.529s] -- Found ament_cmake: 2.5.5 (/opt/ros/jazzy/share/ament_cmake/cmake)
[0.764s] -- Found Python3: /usr/bin/python3 (found version "3.12.3") found components: Interpreter 
[1.042s] [0mBUILDING WORLDFILE WITH COMMAND: ros2 run rmf_building_map_tools building_map_generator gazebo /home/maria/rmf_ws/src/project/project_maps/maps/classroom/classroom.building.yaml /home/maria/rmf_ws/build/project_maps/maps/classroom/classroom.world /home/maria/rmf_ws/build/project_maps/maps/classroom/models[0m
[1.043s] [0mBUILDING WORLDFILE WITH COMMAND: ros2 run rmf_building_map_tools building_map_generator gazebo /home/maria/rmf_ws/src/project/project_maps/maps/test1/test1.building.yaml /home/maria/rmf_ws/build/project_maps/maps/test1/test1.world /home/maria/rmf_ws/build/project_maps/maps/test1/models[0m
[1.043s] -- Configuring done (0.9s)
[1.048s] -- Generating done (0.0s)
[1.050s] -- Build files have been written to: /home/maria/rmf_ws/build/project_maps
[1.054s] Invoked command in '/home/maria/rmf_ws/build/project_maps' returned '0': CMAKE_PREFIX_PATH=/home/maria/rmf_ws/install/project_config:/home/maria/rmf_ws/install/project_simulation:/home/maria/rmf_ws/install/project_maps:/home/maria/rmf_ws/install/project_assets:/rmf_demos_ws/install/rmf_workcell_msgs:/rmf_demos_ws/install/rmf_demos_gz:/rmf_demos_ws/install/rmf_demos:/rmf_demos_ws/install/rmf_reservation_node:/rmf_demos_ws/install/rmf_fleet_adapter_python:/rmf_demos_ws/install/rmf_fleet_adapter:/rmf_demos_ws/install/rmf_task_ros2:/rmf_demos_ws/install/rmf_websocket:/rmf_demos_ws/install/rmf_visualization:/rmf_demos_ws/install/rmf_visualization_schedule:/rmf_demos_ws/install/rmf_visualization_rviz2_plugins:/rmf_demos_ws/install/rmf_visualization_obstacles:/rmf_demos_ws/install/rmf_visualization_navgraphs:/rmf_demos_ws/install/rmf_visualization_floorplans:/rmf_demos_ws/install/rmf_visualization_fleet_states:/rmf_demos_ws/install/rmf_visualization_msgs:/rmf_demos_ws/install/rmf_traffic_ros2:/rmf_demos_ws/install/rmf_task_sequence:/rmf_demos_ws/install/rmf_task:/rmf_demos_ws/install/rmf_battery:/rmf_demos_ws/install/rmf_traffic:/rmf_demos_ws/install/rmf_utils:/rmf_demos_ws/install/rmf_traffic_msgs:/rmf_demos_ws/install/rmf_traffic_editor_test_maps:/rmf_demos_ws/install/rmf_traffic_editor_assets:/rmf_demos_ws/install/rmf_traffic_editor:/rmf_demos_ws/install/rmf_task_msgs:/rmf_demos_ws/install/rmf_site_map_msgs:/rmf_demos_ws/install/rmf_scheduler_msgs:/rmf_demos_ws/install/rmf_robot_sim_gz_plugins:/rmf_demos_ws/install/rmf_robot_sim_common:/rmf_demos_ws/install/rmf_reservation_msgs:/rmf_demos_ws/install/rmf_obstacle_msgs:/rmf_demos_ws/install/rmf_building_sim_gz_plugins:/rmf_demos_ws/install/rmf_lift_msgs:/rmf_demos_ws/install/rmf_ingestor_msgs:/rmf_demos_ws/install/rmf_fleet_msgs:/rmf_demos_ws/install/rmf_door_msgs:/rmf_demos_ws/install/rmf_dispenser_msgs:/rmf_demos_ws/install/rmf_demos_maps:/rmf_demos_ws/install/rmf_demos_assets:/rmf_demos_ws/install/rmf_charger_msgs:/rmf_demos_ws/install/rmf_building_map_msgs:/rmf_demos_ws/install/rmf_api_msgs:/rmf_demos_ws/install/nlohmann_json_schema_validator_vendor:/home/maria/rmf_ws/install/project_fleet_adapter:/rmf_demos_ws/install/rmf_demos_fleet_adapter:/rmf_demos_ws/install/rmf_visualization_building_systems:/rmf_demos_ws/install/rmf_traffic_examples:/rmf_demos_ws/install/rmf_demos_bridges:/rmf_demos_ws/install/rmf_demos_tasks:/rmf_demos_ws/install/rmf_building_map_tools:/rmf_demos_ws/install/rmf_charging_schedule:/opt/ros/jazzy:/rmf_demos_ws/install/menge_vendor:/rmf_demos_ws/install/ament_cmake_catch2:/opt/ros/jazzy/opt/gz_sim_vendor:/opt/ros/jazzy/opt/gz_sensors_vendor:/opt/ros/jazzy/opt/gz_physics_vendor:/opt/ros/jazzy/opt/sdformat_vendor:/opt/ros/jazzy/opt/gz_gui_vendor:/opt/ros/jazzy/opt/gz_transport_vendor:/opt/ros/jazzy/opt/gz_rendering_vendor:/opt/ros/jazzy/opt/gz_plugin_vendor:/opt/ros/jazzy/opt/gz_fuel_tools_vendor:/opt/ros/jazzy/opt/gz_msgs_vendor:/opt/ros/jazzy/opt/gz_common_vendor:/opt/ros/jazzy/opt/gz_math_vendor:/opt/ros/jazzy/opt/gz_utils_vendor:/opt/ros/jazzy/opt/gz_tools_vendor:/opt/ros/jazzy/opt/gz_ogre_next_vendor:/opt/ros/jazzy/opt/gz_dartsim_vendor:/opt/ros/jazzy/opt/gz_cmake_vendor /usr/bin/cmake /home/maria/rmf_ws/src/project/project_maps -DCMAKE_INSTALL_PREFIX=/home/maria/rmf_ws/install/project_maps
[1.055s] Invoking command in '/home/maria/rmf_ws/build/project_maps': CMAKE_PREFIX_PATH=/home/maria/rmf_ws/install/project_config:/home/maria/rmf_ws/install/project_simulation:/home/maria/rmf_ws/install/project_maps:/home/maria/rmf_ws/install/project_assets:/rmf_demos_ws/install/rmf_workcell_msgs:/rmf_demos_ws/install/rmf_demos_gz:/rmf_demos_ws/install/rmf_demos:/rmf_demos_ws/install/rmf_reservation_node:/rmf_demos_ws/install/rmf_fleet_adapter_python:/rmf_demos_ws/install/rmf_fleet_adapter:/rmf_demos_ws/install/rmf_task_ros2:/rmf_demos_ws/install/rmf_websocket:/rmf_demos_ws/install/rmf_visualization:/rmf_demos_ws/install/rmf_visualization_schedule:/rmf_demos_ws/install/rmf_visualization_rviz2_plugins:/rmf_demos_ws/install/rmf_visualization_obstacles:/rmf_demos_ws/install/rmf_visualization_navgraphs:/rmf_demos_ws/install/rmf_visualization_floorplans:/rmf_demos_ws/install/rmf_visualization_fleet_states:/rmf_demos_ws/install/rmf_visualization_msgs:/rmf_demos_ws/install/rmf_traffic_ros2:/rmf_demos_ws/install/rmf_task_sequence:/rmf_demos_ws/install/rmf_task:/rmf_demos_ws/install/rmf_battery:/rmf_demos_ws/install/rmf_traffic:/rmf_demos_ws/install/rmf_utils:/rmf_demos_ws/install/rmf_traffic_msgs:/rmf_demos_ws/install/rmf_traffic_editor_test_maps:/rmf_demos_ws/install/rmf_traffic_editor_assets:/rmf_demos_ws/install/rmf_traffic_editor:/rmf_demos_ws/install/rmf_task_msgs:/rmf_demos_ws/install/rmf_site_map_msgs:/rmf_demos_ws/install/rmf_scheduler_msgs:/rmf_demos_ws/install/rmf_robot_sim_gz_plugins:/rmf_demos_ws/install/rmf_robot_sim_common:/rmf_demos_ws/install/rmf_reservation_msgs:/rmf_demos_ws/install/rmf_obstacle_msgs:/rmf_demos_ws/install/rmf_building_sim_gz_plugins:/rmf_demos_ws/install/rmf_lift_msgs:/rmf_demos_ws/install/rmf_ingestor_msgs:/rmf_demos_ws/install/rmf_fleet_msgs:/rmf_demos_ws/install/rmf_door_msgs:/rmf_demos_ws/install/rmf_dispenser_msgs:/rmf_demos_ws/install/rmf_demos_maps:/rmf_demos_ws/install/rmf_demos_assets:/rmf_demos_ws/install/rmf_charger_msgs:/rmf_demos_ws/install/rmf_building_map_msgs:/rmf_demos_ws/install/rmf_api_msgs:/rmf_demos_ws/install/nlohmann_json_schema_validator_vendor:/home/maria/rmf_ws/install/project_fleet_adapter:/rmf_demos_ws/install/rmf_demos_fleet_adapter:/rmf_demos_ws/install/rmf_visualization_building_systems:/rmf_demos_ws/install/rmf_traffic_examples:/rmf_demos_ws/install/rmf_demos_bridges:/rmf_demos_ws/install/rmf_demos_tasks:/rmf_demos_ws/install/rmf_building_map_tools:/rmf_demos_ws/install/rmf_charging_schedule:/opt/ros/jazzy:/rmf_demos_ws/install/menge_vendor:/rmf_demos_ws/install/ament_cmake_catch2:/opt/ros/jazzy/opt/gz_sim_vendor:/opt/ros/jazzy/opt/gz_sensors_vendor:/opt/ros/jazzy/opt/gz_physics_vendor:/opt/ros/jazzy/opt/sdformat_vendor:/opt/ros/jazzy/opt/gz_gui_vendor:/opt/ros/jazzy/opt/gz_transport_vendor:/opt/ros/jazzy/opt/gz_rendering_vendor:/opt/ros/jazzy/opt/gz_plugin_vendor:/opt/ros/jazzy/opt/gz_fuel_tools_vendor:/opt/ros/jazzy/opt/gz_msgs_vendor:/opt/ros/jazzy/opt/gz_common_vendor:/opt/ros/jazzy/opt/gz_math_vendor:/opt/ros/jazzy/opt/gz_utils_vendor:/opt/ros/jazzy/opt/gz_tools_vendor:/opt/ros/jazzy/opt/gz_ogre_next_vendor:/opt/ros/jazzy/opt/gz_dartsim_vendor:/opt/ros/jazzy/opt/gz_cmake_vendor /usr/bin/cmake --build /home/maria/rmf_ws/build/project_maps -- -j8 -l8
[1.112s] [ 50%] [34m[1mGenerating maps/classroom/nav_graphs/phony[0m
[1.112s] [ 50%] [34m[1mGenerating maps/test1/nav_graphs/phony[0m
[1.464s] Load success!
[1.464s] 
[1.464s] Cache found! Model count: 3238 
[1.464s] Updating cache...
[1.465s] Topping up Fuel (updating cache) from: https://fuel.gazebosim.org/1.0/models
[1.465s] Fetching page: 1
[1.611s] building name: test1
[1.611s] coordinate system: reference_image
[1.611s] parsing level L1
[1.611s] parsing level L2
[1.611s] calculating levels relative to L1
[1.611s] level L1 scale: 0.06666666666666667
[1.612s] calculating level L2 offset and scale...
[1.612s]   2 common fiducials:
[1.612s] Transform.set_from_fiducials()
[1.612s]   2 fiducial pairs:
[1.612s]     (1.5, -1.5) -> (2.0, -2.0)   columna1
[1.612s]     (148.5, -1.5) -> (148.5, -1.5)   columna2
[1.612s]     calc dist columna1 <=> columna2
[1.612s] Bearings:
[1.612s] [(0.0, 0.003412956031538204)]
[1.612s]   0.003412956031538204
[1.612s]   Circular mean: -0.0034129560315382034
[1.612s] Distances:
[1.612s] [(147.0, 146.50085323983612)]
[1.612s] mean relative scale: 0.996604443808409
[1.612s] translation: (-0.03333, 0.034243)
[1.612s] generating nav data
[1.612s] hooray, we found an intersection: t=0.506, u=0.532
[1.612s]   (23.555,-48.923),(122.687,-48.923) and (73.7,-38.148),(73.7,-58.389)
[1.612s] found intersection with door null!
[1.613s] writing /home/maria/rmf_ws/build/project_maps/maps/test1/nav_graphs/0.yaml
[1.680s] [ 50%] Built target generate_test1_nav_graphs
[1.687s] building name: classroom
[1.687s] coordinate system: reference_image
[1.687s] parsing level L1
[1.688s] parsing level L2
[1.688s] calculating levels relative to L1
[1.688s] level L1 scale: 0.02551020408163266
[1.688s] calculating level L2 offset and scale...
[1.688s]   0 common fiducials:
[1.688s] Transform.set_from_fiducials()
[1.689s]   0 fiducial pairs:
[1.689s] Bearings:
[1.689s] []
[1.693s] generating nav data
[1.693s] hooray, we found an intersection: t=0.459, u=0.62
[1.693s]   (732.006,-1378.531),(618.612,-1378.531) and (679.96,-1356.421),(679.96,-1392.105)
[1.693s] found intersection with door door2!
[1.693s] hooray, we found an intersection: t=0.604, u=0.561
[1.693s]   (741.803,-1033.459),(741.803,-1380.592) and (672.582,-1243.013),(795.893,-1243.013)
[1.693s] found intersection with door door6!
[1.694s] hooray, we found an intersection: t=0.303, u=0.684
[1.694s]   (741.803,-1380.592),(519.736,-1380.592) and (674.5,-1355.444),(674.5,-1392.191)
[1.694s] found intersection with door door9!
[1.694s] hooray, we found an intersection: t=0.183, u=0.481
[1.694s]   (877.736,-1373.216),(1134.021,-1373.216) and (924.619,-1355.521),(924.619,-1392.329)
[1.694s] found intersection with door door3!
[1.694s] hooray, we found an intersection: t=0.359, u=0.456
[1.694s]   (547.119,-1697.655),(878.052,-1697.655) and (665.966,-1673.474),(665.966,-1726.528)
[1.694s] found intersection with door door4!
[1.694s] hooray, we found an intersection: t=0.347, u=0.604
[1.694s]   (877.59,-1173.327),(877.59,-1374.102) and (808.137,-1243.013),(923.139,-1243.013)
[1.694s] found intersection with door door7!
[1.694s] hooray, we found an intersection: t=0.177, u=0.466
[1.694s]   (877.59,-1374.102),(1140.727,-1374.102) and (924.039,-1357.093),(924.039,-1393.624)
[1.694s] found intersection with door door8!
[1.694s] writing /home/maria/rmf_ws/build/project_maps/maps/classroom/nav_graphs/0.yaml
[1.696s] writing /home/maria/rmf_ws/build/project_maps/maps/classroom/nav_graphs/1.yaml
[1.762s] [ 50%] Built target generate_classroom_nav_graphs
[2.362s] Cached model found! Halting Fuel traversal...
[2.362s] Writing to cache: /home/maria/.pit_crew/model_cache.json
[2.402s] New models cached: 0
[2.402s] 
[2.448s] [ 50%] Built target update_model_cache
[2.851s] generating /home/maria/rmf_ws/build/project_maps/maps/test1/test1.world from /home/maria/rmf_ws/src/project/project_maps/maps/test1/test1.building.yaml
[2.856s] building name: test1
[2.856s] coordinate system: reference_image
[2.856s] parsing level L1
[2.856s] parsing level L2
[2.856s] calculating levels relative to L1
[2.856s] level L1 scale: 0.06666666666666667
[2.856s] calculating level L2 offset and scale...
[2.856s]   2 common fiducials:
[2.856s] Transform.set_from_fiducials()
[2.857s]   2 fiducial pairs:
[2.857s]     (1.5, -1.5) -> (2.0, -2.0)   columna1
[2.857s]     (148.5, -1.5) -> (148.5, -1.5)   columna2
[2.857s]     calc dist columna1 <=> columna2
[2.857s] Bearings:
[2.857s] [(0.0, 0.003412956031538204)]
[2.857s]   0.003412956031538204
[2.857s]   Circular mean: -0.0034129560315382034
[2.857s] Distances:
[2.857s] [(147.0, 146.50085323983612)]
[2.857s] mean relative scale: 0.996604443808409
[2.857s] translation: (-0.03333, 0.034243)
[2.857s] generating model of level L1 in /home/maria/rmf_ws/build/project_maps/maps/test1/models/test1_L1
[2.857s]   wrote /home/maria/rmf_ws/build/project_maps/maps/test1/models/test1_L1/model.config
[2.857s] generating floor polygon 1 on floor test1_L1
[2.858s] hole vertices: []
[2.858s] lift vertices: {}
[2.859s] [[0, 3, 1], [1, 3, 2]]
[2.859s]   wrote /home/maria/rmf_ws/build/project_maps/maps/test1/models/test1_L1/meshes/floor_1.obj
[2.860s]   wrote /home/maria/rmf_ws/build/project_maps/maps/test1/models/test1_L1/meshes/blue_linoleum.png
[2.860s]   wrote /home/maria/rmf_ws/build/project_maps/maps/test1/models/test1_L1/meshes/floor_1.mtl
[2.860s] Walls Generation, wall params list: [{'alpha': <building_map.param_value.ParamValue object at 0x7a34ff8a7d70>, 'texture_height': <building_map.param_value.ParamValue object at 0x7a34ff8a7dd0>, 'texture_name': <building_map.param_value.ParamValue object at 0x7a34ff8a7e30>, 'texture_scale': <building_map.param_value.ParamValue object at 0x7a34ff8a7e60>, 'texture_width': <building_map.param_value.ParamValue object at 0x7a34ff8a7e90>}]
[2.860s] generating wall: 1 on floor: test1_L1
[2.860s]   wrote /home/maria/rmf_ws/build/project_maps/maps/test1/models/test1_L1/meshes/default.png
[2.860s] generate_wall_visual_mesh(test1_L1, /home/maria/rmf_ws/build/project_maps/maps/test1/models/test1_L1)
[2.860s]   generating /home/maria/rmf_ws/build/project_maps/maps/test1/models/test1_L1/meshes/wall_1.obj
[2.860s]   generating /home/maria/rmf_ws/build/project_maps/maps/test1/models/test1_L1/meshes/wall_1.mtl
[2.861s]   wrote /home/maria/rmf_ws/build/project_maps/maps/test1/models/test1_L1/model.sdf
[2.861s] generating model of level L2 in /home/maria/rmf_ws/build/project_maps/maps/test1/models/test1_L2
[2.861s]   wrote /home/maria/rmf_ws/build/project_maps/maps/test1/models/test1_L2/model.config
[2.861s] generating floor polygon 1 on floor test1_L2
[2.861s] hole vertices: []
[2.861s] lift vertices: {}
[2.862s] [[0, 3, 1], [1, 3, 2]]
[2.862s]   wrote /home/maria/rmf_ws/build/project_maps/maps/test1/models/test1_L2/meshes/floor_1.obj
[2.862s]   wrote /home/maria/rmf_ws/build/project_maps/maps/test1/models/test1_L2/meshes/blue_linoleum.png
[2.862s]   wrote /home/maria/rmf_ws/build/project_maps/maps/test1/models/test1_L2/meshes/floor_1.mtl
[2.862s] Walls Generation, wall params list: [{'alpha': <building_map.param_value.ParamValue object at 0x7a34ff6949b0>, 'texture_height': <building_map.param_value.ParamValue object at 0x7a34ff694a10>, 'texture_name': <building_map.param_value.ParamValue object at 0x7a34ff694a40>, 'texture_scale': <building_map.param_value.ParamValue object at 0x7a34ff694aa0>, 'texture_width': <building_map.param_value.ParamValue object at 0x7a34ff694ad0>}]
[2.862s] generating wall: 1 on floor: test1_L2
[2.863s]   wrote /home/maria/rmf_ws/build/project_maps/maps/test1/models/test1_L2/meshes/default.png
[2.863s] generate_wall_visual_mesh(test1_L2, /home/maria/rmf_ws/build/project_maps/maps/test1/models/test1_L2)
[2.863s]   generating /home/maria/rmf_ws/build/project_maps/maps/test1/models/test1_L2/meshes/wall_1.obj
[2.863s]   generating /home/maria/rmf_ws/build/project_maps/maps/test1/models/test1_L2/meshes/wall_1.mtl
[2.863s]   wrote /home/maria/rmf_ws/build/project_maps/maps/test1/models/test1_L2/model.sdf
[2.872s] generating /home/maria/rmf_ws/build/project_maps/maps/classroom/classroom.world from /home/maria/rmf_ws/src/project/project_maps/maps/classroom/classroom.building.yaml
[2.880s] spawning robot name tinyRobot1_charger of type TinyRobot
[2.880s] generate door name=null type=sliding
[2.880s] Door(null)
[2.881s] 13861 bytes written to /home/maria/rmf_ws/build/project_maps/maps/test1/test1.world
[2.942s] building name: classroom
[2.942s] coordinate system: reference_image
[2.942s] parsing level L1
[2.943s] parsing level L2
[2.943s] calculating levels relative to L1
[2.943s] level L1 scale: 0.02551020408163266
[2.943s] calculating level L2 offset and scale...
[2.943s]   0 common fiducials:
[2.943s] Transform.set_from_fiducials()
[2.943s]   0 fiducial pairs:
[2.943s] Bearings:
[2.943s] []
[2.943s] [ 50%] Built target test1
[2.948s] generating model of level L1 in /home/maria/rmf_ws/build/project_maps/maps/classroom/models/classroom_L1
[2.948s]   wrote /home/maria/rmf_ws/build/project_maps/maps/classroom/models/classroom_L1/model.config
[2.948s] generating floor polygon 1 on floor classroom_L1
[2.948s] hole vertices: []
[2.948s] lift vertices: {}
[2.950s] [[0, 5, 2], [0, 2, 1], [4, 3, 2], [4, 2, 5]]
[2.950s]   wrote /home/maria/rmf_ws/build/project_maps/maps/classroom/models/classroom_L1/meshes/floor_1.obj
[2.951s]   wrote /home/maria/rmf_ws/build/project_maps/maps/classroom/models/classroom_L1/meshes/blue_linoleum.png
[2.951s]   wrote /home/maria/rmf_ws/build/project_maps/maps/classroom/models/classroom_L1/meshes/floor_1.mtl
[2.952s] Walls Generation, wall params list: [{'alpha': <building_map.param_value.ParamValue object at 0x7a36af6cbef0>, 'texture_height': <building_map.param_value.ParamValue object at 0x7a36af6cbf20>, 'texture_name': <building_map.param_value.ParamValue object at 0x7a36af6cbf50>, 'texture_scale': <building_map.param_value.ParamValue object at 0x7a36af6cbfb0>, 'texture_width': <building_map.param_value.ParamValue object at 0x7a36af6cbf80>}]
[2.952s] generating wall: 1 on floor: classroom_L1
[2.952s]   wrote /home/maria/rmf_ws/build/project_maps/maps/classroom/models/classroom_L1/meshes/default.png
[2.952s] generate_wall_visual_mesh(classroom_L1, /home/maria/rmf_ws/build/project_maps/maps/classroom/models/classroom_L1)
[2.952s]   generating /home/maria/rmf_ws/build/project_maps/maps/classroom/models/classroom_L1/meshes/wall_1.obj
[2.961s]   generating /home/maria/rmf_ws/build/project_maps/maps/classroom/models/classroom_L1/meshes/wall_1.mtl
[2.962s]   wrote /home/maria/rmf_ws/build/project_maps/maps/classroom/models/classroom_L1/model.sdf
[2.962s] generating model of level L2 in /home/maria/rmf_ws/build/project_maps/maps/classroom/models/classroom_L2
[2.962s]   wrote /home/maria/rmf_ws/build/project_maps/maps/classroom/models/classroom_L2/model.config
[2.962s] generating floor polygon 1 on floor classroom_L2
[2.962s] hole vertices: []
[2.962s] lift vertices: {}
[2.962s] [[0, 3, 2], [0, 2, 1]]
[2.963s]   wrote /home/maria/rmf_ws/build/project_maps/maps/classroom/models/classroom_L2/meshes/floor_1.obj
[2.963s]   wrote /home/maria/rmf_ws/build/project_maps/maps/classroom/models/classroom_L2/meshes/blue_linoleum.png
[2.963s]   wrote /home/maria/rmf_ws/build/project_maps/maps/classroom/models/classroom_L2/meshes/floor_1.mtl
[2.963s] Walls Generation, wall params list: [{'alpha': <building_map.param_value.ParamValue object at 0x7a36af73c140>, 'texture_height': <building_map.param_value.ParamValue object at 0x7a36af73c170>, 'texture_name': <building_map.param_value.ParamValue object at 0x7a36af73c1a0>, 'texture_scale': <building_map.param_value.ParamValue object at 0x7a36af73c1d0>, 'texture_width': <building_map.param_value.ParamValue object at 0x7a36af73c230>}]
[2.963s] generating wall: 1 on floor: classroom_L2
[2.964s]   wrote /home/maria/rmf_ws/build/project_maps/maps/classroom/models/classroom_L2/meshes/default.png
[2.964s] generate_wall_visual_mesh(classroom_L2, /home/maria/rmf_ws/build/project_maps/maps/classroom/models/classroom_L2)
[2.964s]   generating /home/maria/rmf_ws/build/project_maps/maps/classroom/models/classroom_L2/meshes/wall_1.obj
[2.964s] [ 75%] [34m[1mGenerating test1_crowdsim[0m
[2.967s]   generating /home/maria/rmf_ws/build/project_maps/maps/classroom/models/classroom_L2/meshes/wall_1.mtl
[2.967s]   wrote /home/maria/rmf_ws/build/project_maps/maps/classroom/models/classroom_L2/model.sdf
[2.984s] spawning robot name tinyRobot2 of type TinyRobot
[2.984s] spawning robot name tinyRobot1 of type TinyRobot
[2.984s] generate door name=door1 type=double_hinged
[2.984s] Door(door1)
[2.984s] generate door name=door2 type=hinged
[2.985s] Door(door2)
[2.985s] generate door name=door3 type=sliding
[2.985s] Door(door3)
[2.985s] generate door name=door4 type=double_hinged
[2.985s] Door(door4)
[2.985s] generate door name=door5 type=double_hinged
[2.985s] Door(door5)
[2.985s] generate door name=door6 type=double_hinged
[2.985s] Door(door6)
[2.985s] generate door name=door7 type=double_hinged
[2.985s] Door(door7)
[2.985s] generate door name=door8 type=sliding
[2.986s] Door(door8)
[2.986s] generate door name=door9 type=hinged
[2.986s] Door(door9)
[2.990s] 96466 bytes written to /home/maria/rmf_ws/build/project_maps/maps/classroom/classroom.world
[3.057s] [ 75%] Built target classroom
[3.079s] [100%] [34m[1mGenerating classroom_crowdsim[0m
[3.354s] Creating output folder path:  /home/maria/rmf_ws/build/project_maps/maps/test1/config_resource/
[3.367s] crowdsim unable to parse, not attempting to proceed
[3.381s] crowdsim unable to parse, not attempting to proceed
[3.443s] [100%] Built target generate_test1_crowdsim
[3.489s] Creating output folder path:  /home/maria/rmf_ws/build/project_maps/maps/classroom/config_resource/
[3.810s] crowdsim unable to parse, not attempting to proceed
[4.130s] crowdsim unable to parse, not attempting to proceed
[4.186s] [100%] Built target generate_classroom_crowdsim
[4.196s] Invoked command in '/home/maria/rmf_ws/build/project_maps' returned '0': CMAKE_PREFIX_PATH=/home/maria/rmf_ws/install/project_config:/home/maria/rmf_ws/install/project_simulation:/home/maria/rmf_ws/install/project_maps:/home/maria/rmf_ws/install/project_assets:/rmf_demos_ws/install/rmf_workcell_msgs:/rmf_demos_ws/install/rmf_demos_gz:/rmf_demos_ws/install/rmf_demos:/rmf_demos_ws/install/rmf_reservation_node:/rmf_demos_ws/install/rmf_fleet_adapter_python:/rmf_demos_ws/install/rmf_fleet_adapter:/rmf_demos_ws/install/rmf_task_ros2:/rmf_demos_ws/install/rmf_websocket:/rmf_demos_ws/install/rmf_visualization:/rmf_demos_ws/install/rmf_visualization_schedule:/rmf_demos_ws/install/rmf_visualization_rviz2_plugins:/rmf_demos_ws/install/rmf_visualization_obstacles:/rmf_demos_ws/install/rmf_visualization_navgraphs:/rmf_demos_ws/install/rmf_visualization_floorplans:/rmf_demos_ws/install/rmf_visualization_fleet_states:/rmf_demos_ws/install/rmf_visualization_msgs:/rmf_demos_ws/install/rmf_traffic_ros2:/rmf_demos_ws/install/rmf_task_sequence:/rmf_demos_ws/install/rmf_task:/rmf_demos_ws/install/rmf_battery:/rmf_demos_ws/install/rmf_traffic:/rmf_demos_ws/install/rmf_utils:/rmf_demos_ws/install/rmf_traffic_msgs:/rmf_demos_ws/install/rmf_traffic_editor_test_maps:/rmf_demos_ws/install/rmf_traffic_editor_assets:/rmf_demos_ws/install/rmf_traffic_editor:/rmf_demos_ws/install/rmf_task_msgs:/rmf_demos_ws/install/rmf_site_map_msgs:/rmf_demos_ws/install/rmf_scheduler_msgs:/rmf_demos_ws/install/rmf_robot_sim_gz_plugins:/rmf_demos_ws/install/rmf_robot_sim_common:/rmf_demos_ws/install/rmf_reservation_msgs:/rmf_demos_ws/install/rmf_obstacle_msgs:/rmf_demos_ws/install/rmf_building_sim_gz_plugins:/rmf_demos_ws/install/rmf_lift_msgs:/rmf_demos_ws/install/rmf_ingestor_msgs:/rmf_demos_ws/install/rmf_fleet_msgs:/rmf_demos_ws/install/rmf_door_msgs:/rmf_demos_ws/install/rmf_dispenser_msgs:/rmf_demos_ws/install/rmf_demos_maps:/rmf_demos_ws/install/rmf_demos_assets:/rmf_demos_ws/install/rmf_charger_msgs:/rmf_demos_ws/install/rmf_building_map_msgs:/rmf_demos_ws/install/rmf_api_msgs:/rmf_demos_ws/install/nlohmann_json_schema_validator_vendor:/home/maria/rmf_ws/install/project_fleet_adapter:/rmf_demos_ws/install/rmf_demos_fleet_adapter:/rmf_demos_ws/install/rmf_visualization_building_systems:/rmf_demos_ws/install/rmf_traffic_examples:/rmf_demos_ws/install/rmf_demos_bridges:/rmf_demos_ws/install/rmf_demos_tasks:/rmf_demos_ws/install/rmf_building_map_tools:/rmf_demos_ws/install/rmf_charging_schedule:/opt/ros/jazzy:/rmf_demos_ws/install/menge_vendor:/rmf_demos_ws/install/ament_cmake_catch2:/opt/ros/jazzy/opt/gz_sim_vendor:/opt/ros/jazzy/opt/gz_sensors_vendor:/opt/ros/jazzy/opt/gz_physics_vendor:/opt/ros/jazzy/opt/sdformat_vendor:/opt/ros/jazzy/opt/gz_gui_vendor:/opt/ros/jazzy/opt/gz_transport_vendor:/opt/ros/jazzy/opt/gz_rendering_vendor:/opt/ros/jazzy/opt/gz_plugin_vendor:/opt/ros/jazzy/opt/gz_fuel_tools_vendor:/opt/ros/jazzy/opt/gz_msgs_vendor:/opt/ros/jazzy/opt/gz_common_vendor:/opt/ros/jazzy/opt/gz_math_vendor:/opt/ros/jazzy/opt/gz_utils_vendor:/opt/ros/jazzy/opt/gz_tools_vendor:/opt/ros/jazzy/opt/gz_ogre_next_vendor:/opt/ros/jazzy/opt/gz_dartsim_vendor:/opt/ros/jazzy/opt/gz_cmake_vendor /usr/bin/cmake --build /home/maria/rmf_ws/build/project_maps -- -j8 -l8
[4.197s] Invoking command in '/home/maria/rmf_ws/build/project_maps': CMAKE_PREFIX_PATH=/home/maria/rmf_ws/install/project_config:/home/maria/rmf_ws/install/project_simulation:/home/maria/rmf_ws/install/project_maps:/home/maria/rmf_ws/install/project_assets:/rmf_demos_ws/install/rmf_workcell_msgs:/rmf_demos_ws/install/rmf_demos_gz:/rmf_demos_ws/install/rmf_demos:/rmf_demos_ws/install/rmf_reservation_node:/rmf_demos_ws/install/rmf_fleet_adapter_python:/rmf_demos_ws/install/rmf_fleet_adapter:/rmf_demos_ws/install/rmf_task_ros2:/rmf_demos_ws/install/rmf_websocket:/rmf_demos_ws/install/rmf_visualization:/rmf_demos_ws/install/rmf_visualization_schedule:/rmf_demos_ws/install/rmf_visualization_rviz2_plugins:/rmf_demos_ws/install/rmf_visualization_obstacles:/rmf_demos_ws/install/rmf_visualization_navgraphs:/rmf_demos_ws/install/rmf_visualization_floorplans:/rmf_demos_ws/install/rmf_visualization_fleet_states:/rmf_demos_ws/install/rmf_visualization_msgs:/rmf_demos_ws/install/rmf_traffic_ros2:/rmf_demos_ws/install/rmf_task_sequence:/rmf_demos_ws/install/rmf_task:/rmf_demos_ws/install/rmf_battery:/rmf_demos_ws/install/rmf_traffic:/rmf_demos_ws/install/rmf_utils:/rmf_demos_ws/install/rmf_traffic_msgs:/rmf_demos_ws/install/rmf_traffic_editor_test_maps:/rmf_demos_ws/install/rmf_traffic_editor_assets:/rmf_demos_ws/install/rmf_traffic_editor:/rmf_demos_ws/install/rmf_task_msgs:/rmf_demos_ws/install/rmf_site_map_msgs:/rmf_demos_ws/install/rmf_scheduler_msgs:/rmf_demos_ws/install/rmf_robot_sim_gz_plugins:/rmf_demos_ws/install/rmf_robot_sim_common:/rmf_demos_ws/install/rmf_reservation_msgs:/rmf_demos_ws/install/rmf_obstacle_msgs:/rmf_demos_ws/install/rmf_building_sim_gz_plugins:/rmf_demos_ws/install/rmf_lift_msgs:/rmf_demos_ws/install/rmf_ingestor_msgs:/rmf_demos_ws/install/rmf_fleet_msgs:/rmf_demos_ws/install/rmf_door_msgs:/rmf_demos_ws/install/rmf_dispenser_msgs:/rmf_demos_ws/install/rmf_demos_maps:/rmf_demos_ws/install/rmf_demos_assets:/rmf_demos_ws/install/rmf_charger_msgs:/rmf_demos_ws/install/rmf_building_map_msgs:/rmf_demos_ws/install/rmf_api_msgs:/rmf_demos_ws/install/nlohmann_json_schema_validator_vendor:/home/maria/rmf_ws/install/project_fleet_adapter:/rmf_demos_ws/install/rmf_demos_fleet_adapter:/rmf_demos_ws/install/rmf_visualization_building_systems:/rmf_demos_ws/install/rmf_traffic_examples:/rmf_demos_ws/install/rmf_demos_bridges:/rmf_demos_ws/install/rmf_demos_tasks:/rmf_demos_ws/install/rmf_building_map_tools:/rmf_demos_ws/install/rmf_charging_schedule:/opt/ros/jazzy:/rmf_demos_ws/install/menge_vendor:/rmf_demos_ws/install/ament_cmake_catch2:/opt/ros/jazzy/opt/gz_sim_vendor:/opt/ros/jazzy/opt/gz_sensors_vendor:/opt/ros/jazzy/opt/gz_physics_vendor:/opt/ros/jazzy/opt/sdformat_vendor:/opt/ros/jazzy/opt/gz_gui_vendor:/opt/ros/jazzy/opt/gz_transport_vendor:/opt/ros/jazzy/opt/gz_rendering_vendor:/opt/ros/jazzy/opt/gz_plugin_vendor:/opt/ros/jazzy/opt/gz_fuel_tools_vendor:/opt/ros/jazzy/opt/gz_msgs_vendor:/opt/ros/jazzy/opt/gz_common_vendor:/opt/ros/jazzy/opt/gz_math_vendor:/opt/ros/jazzy/opt/gz_utils_vendor:/opt/ros/jazzy/opt/gz_tools_vendor:/opt/ros/jazzy/opt/gz_ogre_next_vendor:/opt/ros/jazzy/opt/gz_dartsim_vendor:/opt/ros/jazzy/opt/gz_cmake_vendor /usr/bin/cmake --install /home/maria/rmf_ws/build/project_maps
[4.205s] -- Install configuration: ""
[4.205s] -- Installing: /home/maria/rmf_ws/install/project_maps/share/project_maps
[4.205s] -- Installing: /home/maria/rmf_ws/install/project_maps/share/project_maps/classroom
[4.205s] -- Installing: /home/maria/rmf_ws/install/project_maps/share/project_maps/classroom/classroom_world
[4.205s] -- Installing: /home/maria/rmf_ws/install/project_maps/share/project_maps/classroom/classroom_world/classroom_L1
[4.205s] -- Installing: /home/maria/rmf_ws/install/project_maps/share/project_maps/classroom/classroom_world/classroom_L1/meshes
[4.205s] -- Installing: /home/maria/rmf_ws/install/project_maps/share/project_maps/classroom/classroom_world/classroom_L1/meshes/floor_1.obj
[4.205s] -- Installing: /home/maria/rmf_ws/install/project_maps/share/project_maps/classroom/classroom_world/classroom_L1/meshes/floor_1.mtl
[4.205s] -- Installing: /home/maria/rmf_ws/install/project_maps/share/project_maps/classroom/classroom_world/classroom_L1/meshes/model.material
[4.205s] -- Installing: /home/maria/rmf_ws/install/project_maps/share/project_maps/classroom/classroom_world/classroom_L1/meshes/wall_1.obj
[4.205s] -- Installing: /home/maria/rmf_ws/install/project_maps/share/project_maps/classroom/classroom_world/classroom_L1/meshes/wall_1.mtl
[4.206s] -- Installing: /home/maria/rmf_ws/install/project_maps/share/project_maps/classroom/classroom_world/classroom_L1/meshes/default.png
[4.206s] -- Installing: /home/maria/rmf_ws/install/project_maps/share/project_maps/classroom/classroom_world/classroom_L1/meshes/blue_linoleum.png
[4.206s] -- Installing: /home/maria/rmf_ws/install/project_maps/share/project_maps/classroom/classroom_world/classroom_L1/model.sdf
[4.206s] -- Installing: /home/maria/rmf_ws/install/project_maps/share/project_maps/classroom/classroom_world/classroom_L1/model.config
[4.206s] -- Installing: /home/maria/rmf_ws/install/project_maps/share/project_maps/classroom/classroom_world/classroom_L2
[4.206s] -- Installing: /home/maria/rmf_ws/install/project_maps/share/project_maps/classroom/classroom_world/classroom_L2/meshes
[4.206s] -- Installing: /home/maria/rmf_ws/install/project_maps/share/project_maps/classroom/classroom_world/classroom_L2/meshes/floor_1.obj
[4.206s] -- Installing: /home/maria/rmf_ws/install/project_maps/share/project_maps/classroom/classroom_world/classroom_L2/meshes/floor_1.mtl
[4.206s] -- Installing: /home/maria/rmf_ws/install/project_maps/share/project_maps/classroom/classroom_world/classroom_L2/meshes/model.material
[4.206s] -- Installing: /home/maria/rmf_ws/install/project_maps/share/project_maps/classroom/classroom_world/classroom_L2/meshes/wall_1.obj
[4.206s] -- Installing: /home/maria/rmf_ws/install/project_maps/share/project_maps/classroom/classroom_world/classroom_L2/meshes/wall_1.mtl
[4.206s] -- Installing: /home/maria/rmf_ws/install/project_maps/share/project_maps/classroom/classroom_world/classroom_L2/meshes/default.png
[4.206s] -- Installing: /home/maria/rmf_ws/install/project_maps/share/project_maps/classroom/classroom_world/classroom_L2/meshes/blue_linoleum.png
[4.207s] -- Installing: /home/maria/rmf_ws/install/project_maps/share/project_maps/classroom/classroom_world/classroom_L2/model.sdf
[4.207s] -- Installing: /home/maria/rmf_ws/install/project_maps/share/project_maps/classroom/classroom_world/classroom_L2/model.config
[4.207s] -- Installing: /home/maria/rmf_ws/install/project_maps/share/project_maps/classroom/classroom.building.yaml
[4.207s] -- Installing: /home/maria/rmf_ws/install/project_maps/share/project_maps/classroom/models
[4.207s] -- Installing: /home/maria/rmf_ws/install/project_maps/share/project_maps/classroom/models/AdjTable
[4.207s] -- Installing: /home/maria/rmf_ws/install/project_maps/share/project_maps/classroom/models/AdjTable/meshes
[4.207s] -- Installing: /home/maria/rmf_ws/install/project_maps/share/project_maps/classroom/models/AdjTable/meshes/AdjTable.obj
[4.207s] -- Installing: /home/maria/rmf_ws/install/project_maps/share/project_maps/classroom/models/AdjTable/meshes/AdjTable_Diffuse.png
[4.209s] -- Installing: /home/maria/rmf_ws/install/project_maps/share/project_maps/classroom/models/AdjTable/meshes/AdjTable_Col.mtl
[4.209s] -- Installing: /home/maria/rmf_ws/install/project_maps/share/project_maps/classroom/models/AdjTable/meshes/AdjTable_Col.obj
[4.209s] -- Installing: /home/maria/rmf_ws/install/project_maps/share/project_maps/classroom/models/AdjTable/meshes/AdjTable.mtl
[4.209s] -- Installing: /home/maria/rmf_ws/install/project_maps/share/project_maps/classroom/models/AdjTable/model.sdf
[4.209s] -- Installing: /home/maria/rmf_ws/install/project_maps/share/project_maps/classroom/models/AdjTable/thumbnails
[4.209s] -- Installing: /home/maria/rmf_ws/install/project_maps/share/project_maps/classroom/models/AdjTable/thumbnails/3.png
[4.210s] -- Installing: /home/maria/rmf_ws/install/project_maps/share/project_maps/classroom/models/AdjTable/thumbnails/2.png
[4.210s] -- Installing: /home/maria/rmf_ws/install/project_maps/share/project_maps/classroom/models/AdjTable/thumbnails/1.png
[4.210s] -- Installing: /home/maria/rmf_ws/install/project_maps/share/project_maps/classroom/models/AdjTable/thumbnails/5.png
[4.210s] -- Installing: /home/maria/rmf_ws/install/project_maps/share/project_maps/classroom/models/AdjTable/thumbnails/4.png
[4.210s] -- Installing: /home/maria/rmf_ws/install/project_maps/share/project_maps/classroom/models/AdjTable/model.config
[4.210s] -- Installing: /home/maria/rmf_ws/install/project_maps/share/project_maps/classroom/models/TinyRobot
[4.210s] -- Installing: /home/maria/rmf_ws/install/project_maps/share/project_maps/classroom/models/TinyRobot/meshes
[4.210s] -- Installing: /home/maria/rmf_ws/install/project_maps/share/project_maps/classroom/models/TinyRobot/meshes/front_wheel.obj
[4.210s] -- Installing: /home/maria/rmf_ws/install/project_maps/share/project_maps/classroom/models/TinyRobot/meshes/caster_wheel.mtl
[4.210s] -- Installing: /home/maria/rmf_ws/install/project_maps/share/project_maps/classroom/models/TinyRobot/meshes/front_wheel.mtl
[4.211s] -- Installing: /home/maria/rmf_ws/install/project_maps/share/project_maps/classroom/models/TinyRobot/meshes/caster_wheel.obj
[4.211s] -- Installing: /home/maria/rmf_ws/install/project_maps/share/project_maps/classroom/models/TinyRobot/meshes/tinyRobot_body.mtl
[4.211s] -- Installing: /home/maria/rmf_ws/install/project_maps/share/project_maps/classroom/models/TinyRobot/meshes/tinyRobot_body.obj
[4.211s] -- Installing: /home/maria/rmf_ws/install/project_maps/share/project_maps/classroom/models/TinyRobot/model.sdf
[4.211s] -- Installing: /home/maria/rmf_ws/install/project_maps/share/project_maps/classroom/models/TinyRobot/model.config
[4.211s] -- Installing: /home/maria/rmf_ws/install/project_maps/share/project_maps/classroom/models/OfficeChairGrey
[4.211s] -- Installing: /home/maria/rmf_ws/install/project_maps/share/project_maps/classroom/models/OfficeChairGrey/meshes
[4.211s] -- Installing: /home/maria/rmf_ws/install/project_maps/share/project_maps/classroom/models/OfficeChairGrey/meshes/OfficeChairGrey_Col.mtl
[4.212s] -- Installing: /home/maria/rmf_ws/install/project_maps/share/project_maps/classroom/models/OfficeChairGrey/meshes/OfficeChairGrey.obj
[4.212s] -- Installing: /home/maria/rmf_ws/install/project_maps/share/project_maps/classroom/models/OfficeChairGrey/meshes/OfficeChairGrey.png
[4.212s] -- Installing: /home/maria/rmf_ws/install/project_maps/share/project_maps/classroom/models/OfficeChairGrey/meshes/OfficeChairGrey.mtl
[4.212s] -- Installing: /home/maria/rmf_ws/install/project_maps/share/project_maps/classroom/models/OfficeChairGrey/meshes/OfficeChairGrey_Col.obj
[4.212s] -- Installing: /home/maria/rmf_ws/install/project_maps/share/project_maps/classroom/models/OfficeChairGrey/model.sdf
[4.212s] -- Installing: /home/maria/rmf_ws/install/project_maps/share/project_maps/classroom/models/OfficeChairGrey/thumbnails
[4.212s] -- Installing: /home/maria/rmf_ws/install/project_maps/share/project_maps/classroom/models/OfficeChairGrey/thumbnails/3.png
[4.212s] -- Installing: /home/maria/rmf_ws/install/project_maps/share/project_maps/classroom/models/OfficeChairGrey/thumbnails/2.png
[4.213s] -- Installing: /home/maria/rmf_ws/install/project_maps/share/project_maps/classroom/models/OfficeChairGrey/thumbnails/meta
[4.213s] -- Installing: /home/maria/rmf_ws/install/project_maps/share/project_maps/classroom/models/OfficeChairGrey/thumbnails/meta/3.png
[4.213s] -- Installing: /home/maria/rmf_ws/install/project_maps/share/project_maps/classroom/models/OfficeChairGrey/thumbnails/meta/2.png
[4.213s] -- Installing: /home/maria/rmf_ws/install/project_maps/share/project_maps/classroom/models/OfficeChairGrey/thumbnails/meta/1.png
[4.213s] -- Installing: /home/maria/rmf_ws/install/project_maps/share/project_maps/classroom/models/OfficeChairGrey/thumbnails/meta/5.png
[4.213s] -- Installing: /home/maria/rmf_ws/install/project_maps/share/project_maps/classroom/models/OfficeChairGrey/thumbnails/meta/4.png
[4.213s] -- Installing: /home/maria/rmf_ws/install/project_maps/share/project_maps/classroom/models/OfficeChairGrey/thumbnails/1.png
[4.213s] -- Installing: /home/maria/rmf_ws/install/project_maps/share/project_maps/classroom/models/OfficeChairGrey/thumbnails/5.png
[4.213s] -- Installing: /home/maria/rmf_ws/install/project_maps/share/project_maps/classroom/models/OfficeChairGrey/thumbnails/4.png
[4.213s] -- Installing: /home/maria/rmf_ws/install/project_maps/share/project_maps/classroom/models/OfficeChairGrey/model.config
[4.213s] -- Installing: /home/maria/rmf_ws/install/project_maps/share/project_maps/classroom/classroom.world
[4.214s] -- Installing: /home/maria/rmf_ws/install/project_maps/share/project_maps/test1
[4.214s] -- Installing: /home/maria/rmf_ws/install/project_maps/share/project_maps/test1/test1.building.yaml
[4.214s] -- Installing: /home/maria/rmf_ws/install/project_maps/share/project_maps/test1/models
[4.214s] -- Installing: /home/maria/rmf_ws/install/project_maps/share/project_maps/test1/models/Sofa
[4.214s] -- Installing: /home/maria/rmf_ws/install/project_maps/share/project_maps/test1/models/Sofa/meshes
[4.214s] -- Installing: /home/maria/rmf_ws/install/project_maps/share/project_maps/test1/models/Sofa/meshes/SofaDiffuse.png
[4.214s] -- Installing: /home/maria/rmf_ws/install/project_maps/share/project_maps/test1/models/Sofa/meshes/Sofa.mtl
[4.215s] -- Installing: /home/maria/rmf_ws/install/project_maps/share/project_maps/test1/models/Sofa/meshes/Sofa.obj
[4.215s] -- Installing: /home/maria/rmf_ws/install/project_maps/share/project_maps/test1/models/Sofa/model.sdf
[4.215s] -- Installing: /home/maria/rmf_ws/install/project_maps/share/project_maps/test1/models/Sofa/thumbnails
[4.215s] -- Installing: /home/maria/rmf_ws/install/project_maps/share/project_maps/test1/models/Sofa/thumbnails/3.png
[4.215s] -- Installing: /home/maria/rmf_ws/install/project_maps/share/project_maps/test1/models/Sofa/thumbnails/2.png
[4.215s] -- Installing: /home/maria/rmf_ws/install/project_maps/share/project_maps/test1/models/Sofa/thumbnails/1.png
[4.215s] -- Installing: /home/maria/rmf_ws/install/project_maps/share/project_maps/test1/models/Sofa/thumbnails/5.png
[4.215s] -- Installing: /home/maria/rmf_ws/install/project_maps/share/project_maps/test1/models/Sofa/thumbnails/4.png
[4.215s] -- Installing: /home/maria/rmf_ws/install/project_maps/share/project_maps/test1/models/Sofa/model.config
[4.216s] -- Installing: /home/maria/rmf_ws/install/project_maps/share/ament_index/resource_index/package_run_dependencies/project_maps
[4.216s] -- Installing: /home/maria/rmf_ws/install/project_maps/share/ament_index/resource_index/parent_prefix_path/project_maps
[4.216s] -- Installing: /home/maria/rmf_ws/install/project_maps/share/project_maps/environment/ament_prefix_path.sh
[4.216s] -- Installing: /home/maria/rmf_ws/install/project_maps/share/project_maps/environment/ament_prefix_path.dsv
[4.216s] -- Installing: /home/maria/rmf_ws/install/project_maps/share/project_maps/environment/path.sh
[4.216s] -- Installing: /home/maria/rmf_ws/install/project_maps/share/project_maps/environment/path.dsv
[4.216s] -- Installing: /home/maria/rmf_ws/install/project_maps/share/project_maps/local_setup.bash
[4.216s] -- Installing: /home/maria/rmf_ws/install/project_maps/share/project_maps/local_setup.sh
[4.216s] -- Installing: /home/maria/rmf_ws/install/project_maps/share/project_maps/local_setup.zsh
[4.216s] -- Installing: /home/maria/rmf_ws/install/project_maps/share/project_maps/local_setup.dsv
[4.217s] -- Installing: /home/maria/rmf_ws/install/project_maps/share/project_maps/package.dsv
[4.217s] -- Installing: /home/maria/rmf_ws/install/project_maps/share/ament_index/resource_index/packages/project_maps
[4.217s] -- Installing: /home/maria/rmf_ws/install/project_maps/share/project_maps/cmake/project_mapsConfig.cmake
[4.217s] -- Installing: /home/maria/rmf_ws/install/project_maps/share/project_maps/cmake/project_mapsConfig-version.cmake
[4.217s] -- Installing: /home/maria/rmf_ws/install/project_maps/share/project_maps/package.xml
[4.217s] -- Installing: /home/maria/rmf_ws/install/project_maps/share/project_maps/maps/classroom
[4.217s] -- Installing: /home/maria/rmf_ws/install/project_maps/share/project_maps/maps/classroom/nav_graphs
[4.217s] -- Installing: /home/maria/rmf_ws/install/project_maps/share/project_maps/maps/classroom/nav_graphs/0.yaml
[4.217s] -- Installing: /home/maria/rmf_ws/install/project_maps/share/project_maps/maps/classroom/nav_graphs/1.yaml
[4.217s] -- Installing: /home/maria/rmf_ws/install/project_maps/share/project_maps/maps/classroom/config_resource
[4.217s] -- Installing: /home/maria/rmf_ws/install/project_maps/share/project_maps/maps/classroom/models
[4.217s] -- Installing: /home/maria/rmf_ws/install/project_maps/share/project_maps/maps/classroom/models/classroom_L1
[4.217s] -- Installing: /home/maria/rmf_ws/install/project_maps/share/project_maps/maps/classroom/models/classroom_L1/meshes
[4.218s] -- Installing: /home/maria/rmf_ws/install/project_maps/share/project_maps/maps/classroom/models/classroom_L1/meshes/floor_1.obj
[4.218s] -- Installing: /home/maria/rmf_ws/install/project_maps/share/project_maps/maps/classroom/models/classroom_L1/meshes/floor_1.mtl
[4.218s] -- Installing: /home/maria/rmf_ws/install/project_maps/share/project_maps/maps/classroom/models/classroom_L1/meshes/model.material
[4.218s] -- Installing: /home/maria/rmf_ws/install/project_maps/share/project_maps/maps/classroom/models/classroom_L1/meshes/wall_1.obj
[4.218s] -- Installing: /home/maria/rmf_ws/install/project_maps/share/project_maps/maps/classroom/models/classroom_L1/meshes/wall_1.mtl
[4.218s] -- Installing: /home/maria/rmf_ws/install/project_maps/share/project_maps/maps/classroom/models/classroom_L1/meshes/default.png
[4.218s] -- Installing: /home/maria/rmf_ws/install/project_maps/share/project_maps/maps/classroom/models/classroom_L1/meshes/blue_linoleum.png
[4.218s] -- Installing: /home/maria/rmf_ws/install/project_maps/share/project_maps/maps/classroom/models/classroom_L1/model.sdf
[4.218s] -- Installing: /home/maria/rmf_ws/install/project_maps/share/project_maps/maps/classroom/models/classroom_L1/model.config
[4.218s] -- Installing: /home/maria/rmf_ws/install/project_maps/share/project_maps/maps/classroom/models/classroom_L2
[4.218s] -- Installing: /home/maria/rmf_ws/install/project_maps/share/project_maps/maps/classroom/models/classroom_L2/meshes
[4.219s] -- Installing: /home/maria/rmf_ws/install/project_maps/share/project_maps/maps/classroom/models/classroom_L2/meshes/floor_1.obj
[4.219s] -- Installing: /home/maria/rmf_ws/install/project_maps/share/project_maps/maps/classroom/models/classroom_L2/meshes/floor_1.mtl
[4.219s] -- Installing: /home/maria/rmf_ws/install/project_maps/share/project_maps/maps/classroom/models/classroom_L2/meshes/model.material
[4.219s] -- Installing: /home/maria/rmf_ws/install/project_maps/share/project_maps/maps/classroom/models/classroom_L2/meshes/wall_1.obj
[4.219s] -- Installing: /home/maria/rmf_ws/install/project_maps/share/project_maps/maps/classroom/models/classroom_L2/meshes/wall_1.mtl
[4.219s] -- Installing: /home/maria/rmf_ws/install/project_maps/share/project_maps/maps/classroom/models/classroom_L2/meshes/default.png
[4.219s] -- Installing: /home/maria/rmf_ws/install/project_maps/share/project_maps/maps/classroom/models/classroom_L2/meshes/blue_linoleum.png
[4.219s] -- Installing: /home/maria/rmf_ws/install/project_maps/share/project_maps/maps/classroom/models/classroom_L2/model.sdf
[4.219s] -- Installing: /home/maria/rmf_ws/install/project_maps/share/project_maps/maps/classroom/models/classroom_L2/model.config
[4.219s] -- Installing: /home/maria/rmf_ws/install/project_maps/share/project_maps/maps/classroom/classroom.world
[4.219s] -- Installing: /home/maria/rmf_ws/install/project_maps/share/project_maps/maps/test1
[4.220s] -- Installing: /home/maria/rmf_ws/install/project_maps/share/project_maps/maps/test1/nav_graphs
[4.220s] -- Installing: /home/maria/rmf_ws/install/project_maps/share/project_maps/maps/test1/nav_graphs/0.yaml
[4.220s] -- Installing: /home/maria/rmf_ws/install/project_maps/share/project_maps/maps/test1/config_resource
[4.220s] -- Installing: /home/maria/rmf_ws/install/project_maps/share/project_maps/maps/test1/test1.world
[4.220s] -- Installing: /home/maria/rmf_ws/install/project_maps/share/project_maps/maps/test1/models
[4.220s] -- Installing: /home/maria/rmf_ws/install/project_maps/share/project_maps/maps/test1/models/test1_L2
[4.220s] -- Installing: /home/maria/rmf_ws/install/project_maps/share/project_maps/maps/test1/models/test1_L2/meshes
[4.220s] -- Installing: /home/maria/rmf_ws/install/project_maps/share/project_maps/maps/test1/models/test1_L2/meshes/floor_1.obj
[4.220s] -- Installing: /home/maria/rmf_ws/install/project_maps/share/project_maps/maps/test1/models/test1_L2/meshes/floor_1.mtl
[4.220s] -- Installing: /home/maria/rmf_ws/install/project_maps/share/project_maps/maps/test1/models/test1_L2/meshes/model.material
[4.220s] -- Installing: /home/maria/rmf_ws/install/project_maps/share/project_maps/maps/test1/models/test1_L2/meshes/wall_1.obj
[4.220s] -- Installing: /home/maria/rmf_ws/install/project_maps/share/project_maps/maps/test1/models/test1_L2/meshes/wall_1.mtl
[4.220s] -- Installing: /home/maria/rmf_ws/install/project_maps/share/project_maps/maps/test1/models/test1_L2/meshes/default.png
[4.220s] -- Installing: /home/maria/rmf_ws/install/project_maps/share/project_maps/maps/test1/models/test1_L2/meshes/blue_linoleum.png
[4.221s] -- Installing: /home/maria/rmf_ws/install/project_maps/share/project_maps/maps/test1/models/test1_L2/model.sdf
[4.221s] -- Installing: /home/maria/rmf_ws/install/project_maps/share/project_maps/maps/test1/models/test1_L2/model.config
[4.221s] -- Installing: /home/maria/rmf_ws/install/project_maps/share/project_maps/maps/test1/models/test1_L1
[4.221s] -- Installing: /home/maria/rmf_ws/install/project_maps/share/project_maps/maps/test1/models/test1_L1/meshes
[4.221s] -- Installing: /home/maria/rmf_ws/install/project_maps/share/project_maps/maps/test1/models/test1_L1/meshes/floor_1.obj
[4.221s] -- Installing: /home/maria/rmf_ws/install/project_maps/share/project_maps/maps/test1/models/test1_L1/meshes/floor_1.mtl
[4.221s] -- Installing: /home/maria/rmf_ws/install/project_maps/share/project_maps/maps/test1/models/test1_L1/meshes/model.material
[4.221s] -- Installing: /home/maria/rmf_ws/install/project_maps/share/project_maps/maps/test1/models/test1_L1/meshes/wall_1.obj
[4.221s] -- Installing: /home/maria/rmf_ws/install/project_maps/share/project_maps/maps/test1/models/test1_L1/meshes/wall_1.mtl
[4.221s] -- Installing: /home/maria/rmf_ws/install/project_maps/share/project_maps/maps/test1/models/test1_L1/meshes/default.png
[4.222s] -- Installing: /home/maria/rmf_ws/install/project_maps/share/project_maps/maps/test1/models/test1_L1/meshes/blue_linoleum.png
[4.222s] -- Installing: /home/maria/rmf_ws/install/project_maps/share/project_maps/maps/test1/models/test1_L1/model.sdf
[4.222s] -- Installing: /home/maria/rmf_ws/install/project_maps/share/project_maps/maps/test1/models/test1_L1/model.config
[4.223s] Invoked command in '/home/maria/rmf_ws/build/project_maps' returned '0': CMAKE_PREFIX_PATH=/home/maria/rmf_ws/install/project_config:/home/maria/rmf_ws/install/project_simulation:/home/maria/rmf_ws/install/project_maps:/home/maria/rmf_ws/install/project_assets:/rmf_demos_ws/install/rmf_workcell_msgs:/rmf_demos_ws/install/rmf_demos_gz:/rmf_demos_ws/install/rmf_demos:/rmf_demos_ws/install/rmf_reservation_node:/rmf_demos_ws/install/rmf_fleet_adapter_python:/rmf_demos_ws/install/rmf_fleet_adapter:/rmf_demos_ws/install/rmf_task_ros2:/rmf_demos_ws/install/rmf_websocket:/rmf_demos_ws/install/rmf_visualization:/rmf_demos_ws/install/rmf_visualization_schedule:/rmf_demos_ws/install/rmf_visualization_rviz2_plugins:/rmf_demos_ws/install/rmf_visualization_obstacles:/rmf_demos_ws/install/rmf_visualization_navgraphs:/rmf_demos_ws/install/rmf_visualization_floorplans:/rmf_demos_ws/install/rmf_visualization_fleet_states:/rmf_demos_ws/install/rmf_visualization_msgs:/rmf_demos_ws/install/rmf_traffic_ros2:/rmf_demos_ws/install/rmf_task_sequence:/rmf_demos_ws/install/rmf_task:/rmf_demos_ws/install/rmf_battery:/rmf_demos_ws/install/rmf_traffic:/rmf_demos_ws/install/rmf_utils:/rmf_demos_ws/install/rmf_traffic_msgs:/rmf_demos_ws/install/rmf_traffic_editor_test_maps:/rmf_demos_ws/install/rmf_traffic_editor_assets:/rmf_demos_ws/install/rmf_traffic_editor:/rmf_demos_ws/install/rmf_task_msgs:/rmf_demos_ws/install/rmf_site_map_msgs:/rmf_demos_ws/install/rmf_scheduler_msgs:/rmf_demos_ws/install/rmf_robot_sim_gz_plugins:/rmf_demos_ws/install/rmf_robot_sim_common:/rmf_demos_ws/install/rmf_reservation_msgs:/rmf_demos_ws/install/rmf_obstacle_msgs:/rmf_demos_ws/install/rmf_building_sim_gz_plugins:/rmf_demos_ws/install/rmf_lift_msgs:/rmf_demos_ws/install/rmf_ingestor_msgs:/rmf_demos_ws/install/rmf_fleet_msgs:/rmf_demos_ws/install/rmf_door_msgs:/rmf_demos_ws/install/rmf_dispenser_msgs:/rmf_demos_ws/install/rmf_demos_maps:/rmf_demos_ws/install/rmf_demos_assets:/rmf_demos_ws/install/rmf_charger_msgs:/rmf_demos_ws/install/rmf_building_map_msgs:/rmf_demos_ws/install/rmf_api_msgs:/rmf_demos_ws/install/nlohmann_json_schema_validator_vendor:/home/maria/rmf_ws/install/project_fleet_adapter:/rmf_demos_ws/install/rmf_demos_fleet_adapter:/rmf_demos_ws/install/rmf_visualization_building_systems:/rmf_demos_ws/install/rmf_traffic_examples:/rmf_demos_ws/install/rmf_demos_bridges:/rmf_demos_ws/install/rmf_demos_tasks:/rmf_demos_ws/install/rmf_building_map_tools:/rmf_demos_ws/install/rmf_charging_schedule:/opt/ros/jazzy:/rmf_demos_ws/install/menge_vendor:/rmf_demos_ws/install/ament_cmake_catch2:/opt/ros/jazzy/opt/gz_sim_vendor:/opt/ros/jazzy/opt/gz_sensors_vendor:/opt/ros/jazzy/opt/gz_physics_vendor:/opt/ros/jazzy/opt/sdformat_vendor:/opt/ros/jazzy/opt/gz_gui_vendor:/opt/ros/jazzy/opt/gz_transport_vendor:/opt/ros/jazzy/opt/gz_rendering_vendor:/opt/ros/jazzy/opt/gz_plugin_vendor:/opt/ros/jazzy/opt/gz_fuel_tools_vendor:/opt/ros/jazzy/opt/gz_msgs_vendor:/opt/ros/jazzy/opt/gz_common_vendor:/opt/ros/jazzy/opt/gz_math_vendor:/opt/ros/jazzy/opt/gz_utils_vendor:/opt/ros/jazzy/opt/gz_tools_vendor:/opt/ros/jazzy/opt/gz_ogre_next_vendor:/opt/ros/jazzy/opt/gz_dartsim_vendor:/opt/ros/jazzy/opt/gz_cmake_vendor /usr/bin/cmake --install /home/maria/rmf_ws/build/project_maps
