[0.851s] Invoking command in '/home/maria/rmf_ws/src/rmf_visualization/rmf_visualization_building_systems': PYTHONPATH=/home/maria/rmf_ws/build/rmf_visualization_building_systems/prefix_override:/usr/lib/python3/dist-packages/colcon_core/task/python/colcon_distutils_commands:/home/maria/rmf_ws/install/rmf_visualization_building_systems/lib/python3.12/site-packages:${PYTHONPATH} /usr/bin/python3 -W ignore:setup.py install is deprecated -W ignore:easy_install command is deprecated setup.py egg_info --egg-base ../../../build/rmf_visualization_building_systems build --build-base /home/maria/rmf_ws/build/rmf_visualization_building_systems/build install --record /home/maria/rmf_ws/build/rmf_visualization_building_systems/install.log --single-version-externally-managed install_data
[2.565s] running egg_info
[2.565s] creating ../../../build/rmf_visualization_building_systems/rmf_visualization_building_systems.egg-info
[2.565s] writing ../../../build/rmf_visualization_building_systems/rmf_visualization_building_systems.egg-info/PKG-INFO
[2.565s] writing dependency_links to ../../../build/rmf_visualization_building_systems/rmf_visualization_building_systems.egg-info/dependency_links.txt
[2.565s] writing entry points to ../../../build/rmf_visualization_building_systems/rmf_visualization_building_systems.egg-info/entry_points.txt
[2.565s] writing requirements to ../../../build/rmf_visualization_building_systems/rmf_visualization_building_systems.egg-info/requires.txt
[2.565s] writing top-level names to ../../../build/rmf_visualization_building_systems/rmf_visualization_building_systems.egg-info/top_level.txt
[2.566s] writing manifest file '../../../build/rmf_visualization_building_systems/rmf_visualization_building_systems.egg-info/SOURCES.txt'
[2.566s] reading manifest file '../../../build/rmf_visualization_building_systems/rmf_visualization_building_systems.egg-info/SOURCES.txt'
[2.566s] writing manifest file '../../../build/rmf_visualization_building_systems/rmf_visualization_building_systems.egg-info/SOURCES.txt'
[2.566s] running build
[2.566s] running build_py
[2.566s] creating /home/maria/rmf_ws/build/rmf_visualization_building_systems/build
[2.567s] creating /home/maria/rmf_ws/build/rmf_visualization_building_systems/build/lib
[2.567s] creating /home/maria/rmf_ws/build/rmf_visualization_building_systems/build/lib/rmf_visualization_building_systems
[2.567s] copying rmf_visualization_building_systems/rmf_visualization_building_systems.py -> /home/maria/rmf_ws/build/rmf_visualization_building_systems/build/lib/rmf_visualization_building_systems
[2.567s] copying rmf_visualization_building_systems/__init__.py -> /home/maria/rmf_ws/build/rmf_visualization_building_systems/build/lib/rmf_visualization_building_systems
[2.567s] running install
[2.567s] running install_lib
[2.567s] creating /home/maria/rmf_ws/install/rmf_visualization_building_systems/lib/python3.12/site-packages/rmf_visualization_building_systems
[2.567s] copying /home/maria/rmf_ws/build/rmf_visualization_building_systems/build/lib/rmf_visualization_building_systems/rmf_visualization_building_systems.py -> /home/maria/rmf_ws/install/rmf_visualization_building_systems/lib/python3.12/site-packages/rmf_visualization_building_systems
[2.567s] copying /home/maria/rmf_ws/build/rmf_visualization_building_systems/build/lib/rmf_visualization_building_systems/__init__.py -> /home/maria/rmf_ws/install/rmf_visualization_building_systems/lib/python3.12/site-packages/rmf_visualization_building_systems
[2.567s] byte-compiling /home/maria/rmf_ws/install/rmf_visualization_building_systems/lib/python3.12/site-packages/rmf_visualization_building_systems/rmf_visualization_building_systems.py to rmf_visualization_building_systems.cpython-312.pyc
[2.567s] byte-compiling /home/maria/rmf_ws/install/rmf_visualization_building_systems/lib/python3.12/site-packages/rmf_visualization_building_systems/__init__.py to __init__.cpython-312.pyc
[2.567s] running install_data
[2.567s] creating /home/maria/rmf_ws/install/rmf_visualization_building_systems/share/ament_index
[2.568s] creating /home/maria/rmf_ws/install/rmf_visualization_building_systems/share/ament_index/resource_index
[2.568s] creating /home/maria/rmf_ws/install/rmf_visualization_building_systems/share/ament_index/resource_index/packages
[2.568s] copying resource/rmf_visualization_building_systems -> /home/maria/rmf_ws/install/rmf_visualization_building_systems/share/ament_index/resource_index/packages
[2.568s] copying package.xml -> /home/maria/rmf_ws/install/rmf_visualization_building_systems/share/rmf_visualization_building_systems
[2.568s] running install_egg_info
[2.568s] Copying ../../../build/rmf_visualization_building_systems/rmf_visualization_building_systems.egg-info to /home/maria/rmf_ws/install/rmf_visualization_building_systems/lib/python3.12/site-packages/rmf_visualization_building_systems-2.5.1-py3.12.egg-info
[2.568s] running install_scripts
[2.568s] Installing rmf_visualization_building_systems script to /home/maria/rmf_ws/install/rmf_visualization_building_systems/lib/rmf_visualization_building_systems
[2.568s] writing list of installed files to '/home/maria/rmf_ws/build/rmf_visualization_building_systems/install.log'
[2.570s] Invoked command in '/home/maria/rmf_ws/src/rmf_visualization/rmf_visualization_building_systems' returned '0': PYTHONPATH=/home/maria/rmf_ws/build/rmf_visualization_building_systems/prefix_override:/usr/lib/python3/dist-packages/colcon_core/task/python/colcon_distutils_commands:/home/maria/rmf_ws/install/rmf_visualization_building_systems/lib/python3.12/site-packages:${PYTHONPATH} /usr/bin/python3 -W ignore:setup.py install is deprecated -W ignore:easy_install command is deprecated setup.py egg_info --egg-base ../../../build/rmf_visualization_building_systems build --build-base /home/maria/rmf_ws/build/rmf_visualization_building_systems/build install --record /home/maria/rmf_ws/build/rmf_visualization_building_systems/install.log --single-version-externally-managed install_data
