[0.025s] Invoking command in '/home/maria/rmf_ws/build/first_project': AMENT_PREFIX_PATH=/home/maria/rmf_ws/install/rmf_visualization:/home/maria/rmf_ws/install/rmf_robot_sim_gz_plugins:/home/maria/rmf_ws/install/rmf_visualization_schedule:/home/maria/rmf_ws/install/rmf_visualization_rviz2_plugins:/home/maria/rmf_ws/install/rmf_visualization_obstacles:/home/maria/rmf_ws/install/rmf_visualization_navgraphs:/home/maria/rmf_ws/install/rmf_visualization_floorplans:/home/maria/rmf_ws/install/rmf_visualization_fleet_states:/home/maria/rmf_ws/install/rmf_visualization_building_systems:/home/maria/rmf_ws/install/rmf_robot_sim_common:/home/maria/rmf_ws/install/rmf_building_sim_gz_plugins:${AMENT_PREFIX_PATH} CMAKE_PREFIX_PATH=/home/maria/rmf_ws/install/rmf_visualization:/home/maria/rmf_ws/install/rmf_robot_sim_gz_plugins:/home/maria/rmf_ws/install/rmf_visualization_schedule:/home/maria/rmf_ws/install/rmf_visualization_rviz2_plugins:/home/maria/rmf_ws/install/rmf_visualization_obstacles:/home/maria/rmf_ws/install/rmf_visualization_navgraphs:/home/maria/rmf_ws/install/rmf_visualization_floorplans:/home/maria/rmf_ws/install/rmf_visualization_fleet_states:/home/maria/rmf_ws/install/rmf_robot_sim_common:/home/maria/rmf_ws/install/rmf_building_sim_gz_plugins:/rmf_demos_ws/install/rmf_workcell_msgs:/rmf_demos_ws/install/rmf_demos_gz:/rmf_demos_ws/install/rmf_demos:/rmf_demos_ws/install/rmf_reservation_node:/rmf_demos_ws/install/rmf_fleet_adapter_python:/rmf_demos_ws/install/rmf_fleet_adapter:/rmf_demos_ws/install/rmf_task_ros2:/rmf_demos_ws/install/rmf_websocket:/rmf_demos_ws/install/rmf_visualization:/rmf_demos_ws/install/rmf_visualization_schedule:/rmf_demos_ws/install/rmf_visualization_rviz2_plugins:/rmf_demos_ws/install/rmf_visualization_obstacles:/rmf_demos_ws/install/rmf_visualization_navgraphs:/rmf_demos_ws/install/rmf_visualization_floorplans:/rmf_demos_ws/install/rmf_visualization_fleet_states:/rmf_demos_ws/install/rmf_visualization_msgs:/rmf_demos_ws/install/rmf_traffic_ros2:/rmf_demos_ws/install/rmf_task_sequence:/rmf_demos_ws/install/rmf_task:/rmf_demos_ws/install/rmf_battery:/rmf_demos_ws/install/rmf_traffic:/rmf_demos_ws/install/rmf_utils:/rmf_demos_ws/install/rmf_traffic_msgs:/rmf_demos_ws/install/rmf_traffic_editor_test_maps:/rmf_demos_ws/install/rmf_traffic_editor_assets:/rmf_demos_ws/install/rmf_traffic_editor:/rmf_demos_ws/install/rmf_task_msgs:/rmf_demos_ws/install/rmf_site_map_msgs:/rmf_demos_ws/install/rmf_scheduler_msgs:/rmf_demos_ws/install/rmf_robot_sim_gz_plugins:/rmf_demos_ws/install/rmf_robot_sim_common:/rmf_demos_ws/install/rmf_reservation_msgs:/rmf_demos_ws/install/rmf_obstacle_msgs:/rmf_demos_ws/install/rmf_building_sim_gz_plugins:/rmf_demos_ws/install/rmf_lift_msgs:/rmf_demos_ws/install/rmf_ingestor_msgs:/rmf_demos_ws/install/rmf_fleet_msgs:/rmf_demos_ws/install/rmf_door_msgs:/rmf_demos_ws/install/rmf_dispenser_msgs:/rmf_demos_ws/install/rmf_demos_maps:/rmf_demos_ws/install/rmf_demos_assets:/rmf_demos_ws/install/rmf_charger_msgs:/rmf_demos_ws/install/rmf_building_map_msgs:/rmf_demos_ws/install/rmf_api_msgs:/rmf_demos_ws/install/nlohmann_json_schema_validator_vendor:/rmf_demos_ws/install/rmf_demos_fleet_adapter:/rmf_demos_ws/install/rmf_visualization_building_systems:/rmf_demos_ws/install/rmf_traffic_examples:/rmf_demos_ws/install/rmf_demos_bridges:/rmf_demos_ws/install/rmf_demos_tasks:/rmf_demos_ws/install/rmf_building_map_tools:/rmf_demos_ws/install/rmf_charging_schedule:/opt/ros/jazzy:/rmf_demos_ws/install/menge_vendor:/rmf_demos_ws/install/ament_cmake_catch2:/opt/ros/jazzy/opt/gz_sim_vendor:/opt/ros/jazzy/opt/gz_sensors_vendor:/opt/ros/jazzy/opt/gz_physics_vendor:/opt/ros/jazzy/opt/sdformat_vendor:/opt/ros/jazzy/opt/gz_gui_vendor:/opt/ros/jazzy/opt/gz_transport_vendor:/opt/ros/jazzy/opt/gz_rendering_vendor:/opt/ros/jazzy/opt/gz_plugin_vendor:/opt/ros/jazzy/opt/gz_fuel_tools_vendor:/opt/ros/jazzy/opt/gz_msgs_vendor:/opt/ros/jazzy/opt/gz_common_vendor:/opt/ros/jazzy/opt/gz_math_vendor:/opt/ros/jazzy/opt/gz_utils_vendor:/opt/ros/jazzy/opt/gz_tools_vendor:/opt/ros/jazzy/opt/gz_ogre_next_vendor:/opt/ros/jazzy/opt/gz_dartsim_vendor:/opt/ros/jazzy/opt/gz_cmake_vendor LD_LIBRARY_PATH=/home/maria/rmf_ws/install/rmf_visualization_schedule/lib:/home/maria/rmf_ws/install/rmf_visualization_rviz2_plugins/lib:/home/maria/rmf_ws/install/rmf_visualization_obstacles/lib:/home/maria/rmf_ws/install/rmf_visualization_navgraphs/lib:/home/maria/rmf_ws/install/rmf_visualization_floorplans/lib:/home/maria/rmf_ws/install/rmf_visualization_fleet_states/lib:/home/maria/rmf_ws/install/rmf_robot_sim_common/lib:${LD_LIBRARY_PATH} PYTHONPATH=/home/maria/rmf_ws/install/rmf_visualization_building_systems/lib/python3.12/site-packages:${PYTHONPATH} /usr/bin/cmake /home/maria/rmf_ws/src/first_project -DCMAKE_INSTALL_PREFIX=/home/maria/rmf_ws/install/first_project
[0.039s] -- Found ament_cmake: 2.5.5 (/opt/ros/jazzy/share/ament_cmake/cmake)
[0.212s] -- Override CMake install command with custom implementation using symlinks instead of copying resources
[0.305s] -- Configuring done (0.3s)
[0.311s] -- Generating done (0.0s)
[0.313s] -- Build files have been written to: /home/maria/rmf_ws/build/first_project
[0.314s] Invoked command in '/home/maria/rmf_ws/build/first_project' returned '0': AMENT_PREFIX_PATH=/home/maria/rmf_ws/install/rmf_visualization:/home/maria/rmf_ws/install/rmf_robot_sim_gz_plugins:/home/maria/rmf_ws/install/rmf_visualization_schedule:/home/maria/rmf_ws/install/rmf_visualization_rviz2_plugins:/home/maria/rmf_ws/install/rmf_visualization_obstacles:/home/maria/rmf_ws/install/rmf_visualization_navgraphs:/home/maria/rmf_ws/install/rmf_visualization_floorplans:/home/maria/rmf_ws/install/rmf_visualization_fleet_states:/home/maria/rmf_ws/install/rmf_visualization_building_systems:/home/maria/rmf_ws/install/rmf_robot_sim_common:/home/maria/rmf_ws/install/rmf_building_sim_gz_plugins:${AMENT_PREFIX_PATH} CMAKE_PREFIX_PATH=/home/maria/rmf_ws/install/rmf_visualization:/home/maria/rmf_ws/install/rmf_robot_sim_gz_plugins:/home/maria/rmf_ws/install/rmf_visualization_schedule:/home/maria/rmf_ws/install/rmf_visualization_rviz2_plugins:/home/maria/rmf_ws/install/rmf_visualization_obstacles:/home/maria/rmf_ws/install/rmf_visualization_navgraphs:/home/maria/rmf_ws/install/rmf_visualization_floorplans:/home/maria/rmf_ws/install/rmf_visualization_fleet_states:/home/maria/rmf_ws/install/rmf_robot_sim_common:/home/maria/rmf_ws/install/rmf_building_sim_gz_plugins:/rmf_demos_ws/install/rmf_workcell_msgs:/rmf_demos_ws/install/rmf_demos_gz:/rmf_demos_ws/install/rmf_demos:/rmf_demos_ws/install/rmf_reservation_node:/rmf_demos_ws/install/rmf_fleet_adapter_python:/rmf_demos_ws/install/rmf_fleet_adapter:/rmf_demos_ws/install/rmf_task_ros2:/rmf_demos_ws/install/rmf_websocket:/rmf_demos_ws/install/rmf_visualization:/rmf_demos_ws/install/rmf_visualization_schedule:/rmf_demos_ws/install/rmf_visualization_rviz2_plugins:/rmf_demos_ws/install/rmf_visualization_obstacles:/rmf_demos_ws/install/rmf_visualization_navgraphs:/rmf_demos_ws/install/rmf_visualization_floorplans:/rmf_demos_ws/install/rmf_visualization_fleet_states:/rmf_demos_ws/install/rmf_visualization_msgs:/rmf_demos_ws/install/rmf_traffic_ros2:/rmf_demos_ws/install/rmf_task_sequence:/rmf_demos_ws/install/rmf_task:/rmf_demos_ws/install/rmf_battery:/rmf_demos_ws/install/rmf_traffic:/rmf_demos_ws/install/rmf_utils:/rmf_demos_ws/install/rmf_traffic_msgs:/rmf_demos_ws/install/rmf_traffic_editor_test_maps:/rmf_demos_ws/install/rmf_traffic_editor_assets:/rmf_demos_ws/install/rmf_traffic_editor:/rmf_demos_ws/install/rmf_task_msgs:/rmf_demos_ws/install/rmf_site_map_msgs:/rmf_demos_ws/install/rmf_scheduler_msgs:/rmf_demos_ws/install/rmf_robot_sim_gz_plugins:/rmf_demos_ws/install/rmf_robot_sim_common:/rmf_demos_ws/install/rmf_reservation_msgs:/rmf_demos_ws/install/rmf_obstacle_msgs:/rmf_demos_ws/install/rmf_building_sim_gz_plugins:/rmf_demos_ws/install/rmf_lift_msgs:/rmf_demos_ws/install/rmf_ingestor_msgs:/rmf_demos_ws/install/rmf_fleet_msgs:/rmf_demos_ws/install/rmf_door_msgs:/rmf_demos_ws/install/rmf_dispenser_msgs:/rmf_demos_ws/install/rmf_demos_maps:/rmf_demos_ws/install/rmf_demos_assets:/rmf_demos_ws/install/rmf_charger_msgs:/rmf_demos_ws/install/rmf_building_map_msgs:/rmf_demos_ws/install/rmf_api_msgs:/rmf_demos_ws/install/nlohmann_json_schema_validator_vendor:/rmf_demos_ws/install/rmf_demos_fleet_adapter:/rmf_demos_ws/install/rmf_visualization_building_systems:/rmf_demos_ws/install/rmf_traffic_examples:/rmf_demos_ws/install/rmf_demos_bridges:/rmf_demos_ws/install/rmf_demos_tasks:/rmf_demos_ws/install/rmf_building_map_tools:/rmf_demos_ws/install/rmf_charging_schedule:/opt/ros/jazzy:/rmf_demos_ws/install/menge_vendor:/rmf_demos_ws/install/ament_cmake_catch2:/opt/ros/jazzy/opt/gz_sim_vendor:/opt/ros/jazzy/opt/gz_sensors_vendor:/opt/ros/jazzy/opt/gz_physics_vendor:/opt/ros/jazzy/opt/sdformat_vendor:/opt/ros/jazzy/opt/gz_gui_vendor:/opt/ros/jazzy/opt/gz_transport_vendor:/opt/ros/jazzy/opt/gz_rendering_vendor:/opt/ros/jazzy/opt/gz_plugin_vendor:/opt/ros/jazzy/opt/gz_fuel_tools_vendor:/opt/ros/jazzy/opt/gz_msgs_vendor:/opt/ros/jazzy/opt/gz_common_vendor:/opt/ros/jazzy/opt/gz_math_vendor:/opt/ros/jazzy/opt/gz_utils_vendor:/opt/ros/jazzy/opt/gz_tools_vendor:/opt/ros/jazzy/opt/gz_ogre_next_vendor:/opt/ros/jazzy/opt/gz_dartsim_vendor:/opt/ros/jazzy/opt/gz_cmake_vendor LD_LIBRARY_PATH=/home/maria/rmf_ws/install/rmf_visualization_schedule/lib:/home/maria/rmf_ws/install/rmf_visualization_rviz2_plugins/lib:/home/maria/rmf_ws/install/rmf_visualization_obstacles/lib:/home/maria/rmf_ws/install/rmf_visualization_navgraphs/lib:/home/maria/rmf_ws/install/rmf_visualization_floorplans/lib:/home/maria/rmf_ws/install/rmf_visualization_fleet_states/lib:/home/maria/rmf_ws/install/rmf_robot_sim_common/lib:${LD_LIBRARY_PATH} PYTHONPATH=/home/maria/rmf_ws/install/rmf_visualization_building_systems/lib/python3.12/site-packages:${PYTHONPATH} /usr/bin/cmake /home/maria/rmf_ws/src/first_project -DCMAKE_INSTALL_PREFIX=/home/maria/rmf_ws/install/first_project
[0.315s] Invoking command in '/home/maria/rmf_ws/build/first_project': AMENT_PREFIX_PATH=/home/maria/rmf_ws/install/rmf_visualization:/home/maria/rmf_ws/install/rmf_robot_sim_gz_plugins:/home/maria/rmf_ws/install/rmf_visualization_schedule:/home/maria/rmf_ws/install/rmf_visualization_rviz2_plugins:/home/maria/rmf_ws/install/rmf_visualization_obstacles:/home/maria/rmf_ws/install/rmf_visualization_navgraphs:/home/maria/rmf_ws/install/rmf_visualization_floorplans:/home/maria/rmf_ws/install/rmf_visualization_fleet_states:/home/maria/rmf_ws/install/rmf_visualization_building_systems:/home/maria/rmf_ws/install/rmf_robot_sim_common:/home/maria/rmf_ws/install/rmf_building_sim_gz_plugins:${AMENT_PREFIX_PATH} CMAKE_PREFIX_PATH=/home/maria/rmf_ws/install/rmf_visualization:/home/maria/rmf_ws/install/rmf_robot_sim_gz_plugins:/home/maria/rmf_ws/install/rmf_visualization_schedule:/home/maria/rmf_ws/install/rmf_visualization_rviz2_plugins:/home/maria/rmf_ws/install/rmf_visualization_obstacles:/home/maria/rmf_ws/install/rmf_visualization_navgraphs:/home/maria/rmf_ws/install/rmf_visualization_floorplans:/home/maria/rmf_ws/install/rmf_visualization_fleet_states:/home/maria/rmf_ws/install/rmf_robot_sim_common:/home/maria/rmf_ws/install/rmf_building_sim_gz_plugins:/rmf_demos_ws/install/rmf_workcell_msgs:/rmf_demos_ws/install/rmf_demos_gz:/rmf_demos_ws/install/rmf_demos:/rmf_demos_ws/install/rmf_reservation_node:/rmf_demos_ws/install/rmf_fleet_adapter_python:/rmf_demos_ws/install/rmf_fleet_adapter:/rmf_demos_ws/install/rmf_task_ros2:/rmf_demos_ws/install/rmf_websocket:/rmf_demos_ws/install/rmf_visualization:/rmf_demos_ws/install/rmf_visualization_schedule:/rmf_demos_ws/install/rmf_visualization_rviz2_plugins:/rmf_demos_ws/install/rmf_visualization_obstacles:/rmf_demos_ws/install/rmf_visualization_navgraphs:/rmf_demos_ws/install/rmf_visualization_floorplans:/rmf_demos_ws/install/rmf_visualization_fleet_states:/rmf_demos_ws/install/rmf_visualization_msgs:/rmf_demos_ws/install/rmf_traffic_ros2:/rmf_demos_ws/install/rmf_task_sequence:/rmf_demos_ws/install/rmf_task:/rmf_demos_ws/install/rmf_battery:/rmf_demos_ws/install/rmf_traffic:/rmf_demos_ws/install/rmf_utils:/rmf_demos_ws/install/rmf_traffic_msgs:/rmf_demos_ws/install/rmf_traffic_editor_test_maps:/rmf_demos_ws/install/rmf_traffic_editor_assets:/rmf_demos_ws/install/rmf_traffic_editor:/rmf_demos_ws/install/rmf_task_msgs:/rmf_demos_ws/install/rmf_site_map_msgs:/rmf_demos_ws/install/rmf_scheduler_msgs:/rmf_demos_ws/install/rmf_robot_sim_gz_plugins:/rmf_demos_ws/install/rmf_robot_sim_common:/rmf_demos_ws/install/rmf_reservation_msgs:/rmf_demos_ws/install/rmf_obstacle_msgs:/rmf_demos_ws/install/rmf_building_sim_gz_plugins:/rmf_demos_ws/install/rmf_lift_msgs:/rmf_demos_ws/install/rmf_ingestor_msgs:/rmf_demos_ws/install/rmf_fleet_msgs:/rmf_demos_ws/install/rmf_door_msgs:/rmf_demos_ws/install/rmf_dispenser_msgs:/rmf_demos_ws/install/rmf_demos_maps:/rmf_demos_ws/install/rmf_demos_assets:/rmf_demos_ws/install/rmf_charger_msgs:/rmf_demos_ws/install/rmf_building_map_msgs:/rmf_demos_ws/install/rmf_api_msgs:/rmf_demos_ws/install/nlohmann_json_schema_validator_vendor:/rmf_demos_ws/install/rmf_demos_fleet_adapter:/rmf_demos_ws/install/rmf_visualization_building_systems:/rmf_demos_ws/install/rmf_traffic_examples:/rmf_demos_ws/install/rmf_demos_bridges:/rmf_demos_ws/install/rmf_demos_tasks:/rmf_demos_ws/install/rmf_building_map_tools:/rmf_demos_ws/install/rmf_charging_schedule:/opt/ros/jazzy:/rmf_demos_ws/install/menge_vendor:/rmf_demos_ws/install/ament_cmake_catch2:/opt/ros/jazzy/opt/gz_sim_vendor:/opt/ros/jazzy/opt/gz_sensors_vendor:/opt/ros/jazzy/opt/gz_physics_vendor:/opt/ros/jazzy/opt/sdformat_vendor:/opt/ros/jazzy/opt/gz_gui_vendor:/opt/ros/jazzy/opt/gz_transport_vendor:/opt/ros/jazzy/opt/gz_rendering_vendor:/opt/ros/jazzy/opt/gz_plugin_vendor:/opt/ros/jazzy/opt/gz_fuel_tools_vendor:/opt/ros/jazzy/opt/gz_msgs_vendor:/opt/ros/jazzy/opt/gz_common_vendor:/opt/ros/jazzy/opt/gz_math_vendor:/opt/ros/jazzy/opt/gz_utils_vendor:/opt/ros/jazzy/opt/gz_tools_vendor:/opt/ros/jazzy/opt/gz_ogre_next_vendor:/opt/ros/jazzy/opt/gz_dartsim_vendor:/opt/ros/jazzy/opt/gz_cmake_vendor LD_LIBRARY_PATH=/home/maria/rmf_ws/install/rmf_visualization_schedule/lib:/home/maria/rmf_ws/install/rmf_visualization_rviz2_plugins/lib:/home/maria/rmf_ws/install/rmf_visualization_obstacles/lib:/home/maria/rmf_ws/install/rmf_visualization_navgraphs/lib:/home/maria/rmf_ws/install/rmf_visualization_floorplans/lib:/home/maria/rmf_ws/install/rmf_visualization_fleet_states/lib:/home/maria/rmf_ws/install/rmf_robot_sim_common/lib:${LD_LIBRARY_PATH} PYTHONPATH=/home/maria/rmf_ws/install/rmf_visualization_building_systems/lib/python3.12/site-packages:${PYTHONPATH} /usr/bin/cmake --build /home/maria/rmf_ws/build/first_project -- -j8 -l8
[0.369s] [ 50%] [34m[1mGenerating maps/icc_kyoto/icc_kyoto.world[0m
[0.369s] [100%] [34m[1mGenerating maps/icc_kyoto/nav_graphs/.generated[0m
[0.793s] generating /home/maria/rmf_ws/build/first_project/maps/icc_kyoto/icc_kyoto.world from /home/maria/rmf_ws/src/first_project/maps/icc_kyoto/icc_kyoto.building.yaml
[0.849s] building name: icc_kyoto
[0.849s] coordinate system: reference_image
[0.849s] parsing level L1
[0.850s] parsing level L2
[0.850s] calculating levels relative to L1
[0.850s] level L1 scale: 0.02551020408163266
[0.850s] calculating level L2 offset and scale...
[0.850s]   0 common fiducials:
[0.850s] Transform.set_from_fiducials()
[0.851s]   0 fiducial pairs:
[0.851s] Bearings:
[0.851s] []
[0.859s] generating model of level L1 in /home/maria/rmf_ws/build/first_project/maps/icc_kyoto/models/icc_kyoto_L1
[0.859s]   wrote /home/maria/rmf_ws/build/first_project/maps/icc_kyoto/models/icc_kyoto_L1/model.config
[0.859s] generating floor polygon 1 on floor icc_kyoto_L1
[0.859s] hole vertices: []
[0.859s] lift vertices: {}
[0.861s] [[0, 5, 2], [0, 2, 1], [4, 3, 2], [4, 2, 5]]
[0.862s]   wrote /home/maria/rmf_ws/build/first_project/maps/icc_kyoto/models/icc_kyoto_L1/meshes/floor_1.obj
[0.862s]   wrote /home/maria/rmf_ws/build/first_project/maps/icc_kyoto/models/icc_kyoto_L1/meshes/blue_linoleum.png
[0.863s]   wrote /home/maria/rmf_ws/build/first_project/maps/icc_kyoto/models/icc_kyoto_L1/meshes/floor_1.mtl
[0.863s] Walls Generation, wall params list: [{'alpha': <building_map.param_value.ParamValue object at 0x7e4408adff50>, 'texture_height': <building_map.param_value.ParamValue object at 0x7e4408adff80>, 'texture_name': <building_map.param_value.ParamValue object at 0x7e4408adffb0>, 'texture_scale': <building_map.param_value.ParamValue object at 0x7e4408adffe0>, 'texture_width': <building_map.param_value.ParamValue object at 0x7e4408af4050>}]
[0.863s] generating wall: 1 on floor: icc_kyoto_L1
[0.863s]   wrote /home/maria/rmf_ws/build/first_project/maps/icc_kyoto/models/icc_kyoto_L1/meshes/default.png
[0.864s] generate_wall_visual_mesh(icc_kyoto_L1, /home/maria/rmf_ws/build/first_project/maps/icc_kyoto/models/icc_kyoto_L1)
[0.864s]   generating /home/maria/rmf_ws/build/first_project/maps/icc_kyoto/models/icc_kyoto_L1/meshes/wall_1.obj
[0.872s]   generating /home/maria/rmf_ws/build/first_project/maps/icc_kyoto/models/icc_kyoto_L1/meshes/wall_1.mtl
[0.872s]   wrote /home/maria/rmf_ws/build/first_project/maps/icc_kyoto/models/icc_kyoto_L1/model.sdf
[0.872s] generating model of level L2 in /home/maria/rmf_ws/build/first_project/maps/icc_kyoto/models/icc_kyoto_L2
[0.872s]   wrote /home/maria/rmf_ws/build/first_project/maps/icc_kyoto/models/icc_kyoto_L2/model.config
[0.872s] generating floor polygon 1 on floor icc_kyoto_L2
[0.872s] hole vertices: []
[0.872s] lift vertices: {}
[0.873s] [[0, 3, 2], [0, 2, 1]]
[0.874s]   wrote /home/maria/rmf_ws/build/first_project/maps/icc_kyoto/models/icc_kyoto_L2/meshes/floor_1.obj
[0.874s]   wrote /home/maria/rmf_ws/build/first_project/maps/icc_kyoto/models/icc_kyoto_L2/meshes/blue_linoleum.png
[0.874s]   wrote /home/maria/rmf_ws/build/first_project/maps/icc_kyoto/models/icc_kyoto_L2/meshes/floor_1.mtl
[0.874s] Walls Generation, wall params list: [{'alpha': <building_map.param_value.ParamValue object at 0x7e4408b6d7f0>, 'texture_height': <building_map.param_value.ParamValue object at 0x7e4408b6d7c0>, 'texture_name': <building_map.param_value.ParamValue object at 0x7e4408b6d820>, 'texture_scale': <building_map.param_value.ParamValue object at 0x7e4408b6d850>, 'texture_width': <building_map.param_value.ParamValue object at 0x7e4408b6d8b0>}]
[0.875s] generating wall: 1 on floor: icc_kyoto_L2
[0.875s]   wrote /home/maria/rmf_ws/build/first_project/maps/icc_kyoto/models/icc_kyoto_L2/meshes/default.png
[0.875s] generate_wall_visual_mesh(icc_kyoto_L2, /home/maria/rmf_ws/build/first_project/maps/icc_kyoto/models/icc_kyoto_L2)
[0.875s]   generating /home/maria/rmf_ws/build/first_project/maps/icc_kyoto/models/icc_kyoto_L2/meshes/wall_1.obj
[0.877s]   generating /home/maria/rmf_ws/build/first_project/maps/icc_kyoto/models/icc_kyoto_L2/meshes/wall_1.mtl
[0.878s]   wrote /home/maria/rmf_ws/build/first_project/maps/icc_kyoto/models/icc_kyoto_L2/model.sdf
[0.878s] building name: icc_kyoto
[0.878s] coordinate system: reference_image
[0.878s] parsing level L1
[0.878s] Could not parse cache file: /home/maria/.pit_crew/model_cache.json! [Errno 2] No such file or directory: '/home/maria/.pit_crew/model_cache.json'
[0.879s] parsing level L2
[0.879s] calculating levels relative to L1
[0.879s] level L1 scale: 0.02551020408163266
[0.879s] calculating level L2 offset and scale...
[0.879s]   0 common fiducials:
[0.879s] Transform.set_from_fiducials()
[0.879s]   0 fiducial pairs:
[0.879s] Bearings:
[0.879s] []
[0.880s] spawning robot name tinyRobot1 of type TinyRobot
[0.880s] spawning robot name tinyRobot2 of type TinyRobot
[0.880s] generate door name=door1 type=double_hinged
[0.880s] Door(door1)
[0.880s] generate door name=door2 type=hinged
[0.880s] Door(door2)
[0.880s] generate door name=door3 type=sliding
[0.880s] Door(door3)
[0.880s] generate door name=door4 type=double_hinged
[0.880s] Door(door4)
[0.880s] generate door name=door5 type=double_hinged
[0.880s] Door(door5)
[0.880s] generate door name=door6 type=double_hinged
[0.881s] Door(door6)
[0.881s] generate door name=door7 type=double_hinged
[0.881s] Door(door7)
[0.881s] generate door name=door8 type=sliding
[0.881s] Door(door8)
[0.881s] generate door name=door9 type=hinged
[0.881s] Door(door9)
[0.883s] generating nav data
[0.883s] hooray, we found an intersection: t=0.504, u=0.63
[0.883s]   (764.563,-1046.99),(744.819,-1435.622) and (680.388,-1242.995),(798.165,-1242.995)
[0.884s] found intersection with door door1!
[0.884s] hooray, we found an intersection: t=0.728, u=0.576
[0.884s]   (841.453,-1376.707),(955.766,-1376.707) and (924.619,-1355.521),(924.619,-1392.329)
[0.884s] found intersection with door door3!
[0.884s] hooray, we found an intersection: t=0.683, u=0.285
[0.884s]   (841.453,-1376.707),(841.453,-1181.057) and (808.193,-1242.995),(925.045,-1242.995)
[0.884s] found intersection with door door5!
[0.884s] hooray, we found an intersection: t=0.604, u=0.561
[0.884s]   (741.803,-1033.459),(741.803,-1380.592) and (672.582,-1243.013),(795.893,-1243.013)
[0.884s] found intersection with door door6!
[0.884s] hooray, we found an intersection: t=0.303, u=0.684
[0.884s]   (741.803,-1380.592),(519.736,-1380.592) and (674.5,-1355.444),(674.5,-1392.191)
[0.884s] found intersection with door door9!
[0.884s] hooray, we found an intersection: t=0.347, u=0.604
[0.884s]   (877.59,-1173.327),(877.59,-1374.102) and (808.137,-1243.013),(923.139,-1243.013)
[0.884s] found intersection with door door7!
[0.884s] hooray, we found an intersection: t=0.177, u=0.466
[0.884s]   (877.59,-1374.102),(1140.727,-1374.102) and (924.039,-1357.093),(924.039,-1393.624)
[0.884s] found intersection with door door8!
[0.885s] writing /home/maria/rmf_ws/build/first_project/maps/icc_kyoto/nav_graphs/0.yaml
[0.885s] 88554 bytes written to /home/maria/rmf_ws/build/first_project/maps/icc_kyoto/icc_kyoto.world
[0.887s] writing /home/maria/rmf_ws/build/first_project/maps/icc_kyoto/nav_graphs/1.yaml
[0.960s] [100%] Built target generate_icc_kyoto_world
[0.972s] [100%] Built target generate_icc_kyoto_nav_graphs
[0.983s] Invoked command in '/home/maria/rmf_ws/build/first_project' returned '0': AMENT_PREFIX_PATH=/home/maria/rmf_ws/install/rmf_visualization:/home/maria/rmf_ws/install/rmf_robot_sim_gz_plugins:/home/maria/rmf_ws/install/rmf_visualization_schedule:/home/maria/rmf_ws/install/rmf_visualization_rviz2_plugins:/home/maria/rmf_ws/install/rmf_visualization_obstacles:/home/maria/rmf_ws/install/rmf_visualization_navgraphs:/home/maria/rmf_ws/install/rmf_visualization_floorplans:/home/maria/rmf_ws/install/rmf_visualization_fleet_states:/home/maria/rmf_ws/install/rmf_visualization_building_systems:/home/maria/rmf_ws/install/rmf_robot_sim_common:/home/maria/rmf_ws/install/rmf_building_sim_gz_plugins:${AMENT_PREFIX_PATH} CMAKE_PREFIX_PATH=/home/maria/rmf_ws/install/rmf_visualization:/home/maria/rmf_ws/install/rmf_robot_sim_gz_plugins:/home/maria/rmf_ws/install/rmf_visualization_schedule:/home/maria/rmf_ws/install/rmf_visualization_rviz2_plugins:/home/maria/rmf_ws/install/rmf_visualization_obstacles:/home/maria/rmf_ws/install/rmf_visualization_navgraphs:/home/maria/rmf_ws/install/rmf_visualization_floorplans:/home/maria/rmf_ws/install/rmf_visualization_fleet_states:/home/maria/rmf_ws/install/rmf_robot_sim_common:/home/maria/rmf_ws/install/rmf_building_sim_gz_plugins:/rmf_demos_ws/install/rmf_workcell_msgs:/rmf_demos_ws/install/rmf_demos_gz:/rmf_demos_ws/install/rmf_demos:/rmf_demos_ws/install/rmf_reservation_node:/rmf_demos_ws/install/rmf_fleet_adapter_python:/rmf_demos_ws/install/rmf_fleet_adapter:/rmf_demos_ws/install/rmf_task_ros2:/rmf_demos_ws/install/rmf_websocket:/rmf_demos_ws/install/rmf_visualization:/rmf_demos_ws/install/rmf_visualization_schedule:/rmf_demos_ws/install/rmf_visualization_rviz2_plugins:/rmf_demos_ws/install/rmf_visualization_obstacles:/rmf_demos_ws/install/rmf_visualization_navgraphs:/rmf_demos_ws/install/rmf_visualization_floorplans:/rmf_demos_ws/install/rmf_visualization_fleet_states:/rmf_demos_ws/install/rmf_visualization_msgs:/rmf_demos_ws/install/rmf_traffic_ros2:/rmf_demos_ws/install/rmf_task_sequence:/rmf_demos_ws/install/rmf_task:/rmf_demos_ws/install/rmf_battery:/rmf_demos_ws/install/rmf_traffic:/rmf_demos_ws/install/rmf_utils:/rmf_demos_ws/install/rmf_traffic_msgs:/rmf_demos_ws/install/rmf_traffic_editor_test_maps:/rmf_demos_ws/install/rmf_traffic_editor_assets:/rmf_demos_ws/install/rmf_traffic_editor:/rmf_demos_ws/install/rmf_task_msgs:/rmf_demos_ws/install/rmf_site_map_msgs:/rmf_demos_ws/install/rmf_scheduler_msgs:/rmf_demos_ws/install/rmf_robot_sim_gz_plugins:/rmf_demos_ws/install/rmf_robot_sim_common:/rmf_demos_ws/install/rmf_reservation_msgs:/rmf_demos_ws/install/rmf_obstacle_msgs:/rmf_demos_ws/install/rmf_building_sim_gz_plugins:/rmf_demos_ws/install/rmf_lift_msgs:/rmf_demos_ws/install/rmf_ingestor_msgs:/rmf_demos_ws/install/rmf_fleet_msgs:/rmf_demos_ws/install/rmf_door_msgs:/rmf_demos_ws/install/rmf_dispenser_msgs:/rmf_demos_ws/install/rmf_demos_maps:/rmf_demos_ws/install/rmf_demos_assets:/rmf_demos_ws/install/rmf_charger_msgs:/rmf_demos_ws/install/rmf_building_map_msgs:/rmf_demos_ws/install/rmf_api_msgs:/rmf_demos_ws/install/nlohmann_json_schema_validator_vendor:/rmf_demos_ws/install/rmf_demos_fleet_adapter:/rmf_demos_ws/install/rmf_visualization_building_systems:/rmf_demos_ws/install/rmf_traffic_examples:/rmf_demos_ws/install/rmf_demos_bridges:/rmf_demos_ws/install/rmf_demos_tasks:/rmf_demos_ws/install/rmf_building_map_tools:/rmf_demos_ws/install/rmf_charging_schedule:/opt/ros/jazzy:/rmf_demos_ws/install/menge_vendor:/rmf_demos_ws/install/ament_cmake_catch2:/opt/ros/jazzy/opt/gz_sim_vendor:/opt/ros/jazzy/opt/gz_sensors_vendor:/opt/ros/jazzy/opt/gz_physics_vendor:/opt/ros/jazzy/opt/sdformat_vendor:/opt/ros/jazzy/opt/gz_gui_vendor:/opt/ros/jazzy/opt/gz_transport_vendor:/opt/ros/jazzy/opt/gz_rendering_vendor:/opt/ros/jazzy/opt/gz_plugin_vendor:/opt/ros/jazzy/opt/gz_fuel_tools_vendor:/opt/ros/jazzy/opt/gz_msgs_vendor:/opt/ros/jazzy/opt/gz_common_vendor:/opt/ros/jazzy/opt/gz_math_vendor:/opt/ros/jazzy/opt/gz_utils_vendor:/opt/ros/jazzy/opt/gz_tools_vendor:/opt/ros/jazzy/opt/gz_ogre_next_vendor:/opt/ros/jazzy/opt/gz_dartsim_vendor:/opt/ros/jazzy/opt/gz_cmake_vendor LD_LIBRARY_PATH=/home/maria/rmf_ws/install/rmf_visualization_schedule/lib:/home/maria/rmf_ws/install/rmf_visualization_rviz2_plugins/lib:/home/maria/rmf_ws/install/rmf_visualization_obstacles/lib:/home/maria/rmf_ws/install/rmf_visualization_navgraphs/lib:/home/maria/rmf_ws/install/rmf_visualization_floorplans/lib:/home/maria/rmf_ws/install/rmf_visualization_fleet_states/lib:/home/maria/rmf_ws/install/rmf_robot_sim_common/lib:${LD_LIBRARY_PATH} PYTHONPATH=/home/maria/rmf_ws/install/rmf_visualization_building_systems/lib/python3.12/site-packages:${PYTHONPATH} /usr/bin/cmake --build /home/maria/rmf_ws/build/first_project -- -j8 -l8
[0.984s] Invoking command in '/home/maria/rmf_ws/build/first_project': AMENT_PREFIX_PATH=/home/maria/rmf_ws/install/rmf_visualization:/home/maria/rmf_ws/install/rmf_robot_sim_gz_plugins:/home/maria/rmf_ws/install/rmf_visualization_schedule:/home/maria/rmf_ws/install/rmf_visualization_rviz2_plugins:/home/maria/rmf_ws/install/rmf_visualization_obstacles:/home/maria/rmf_ws/install/rmf_visualization_navgraphs:/home/maria/rmf_ws/install/rmf_visualization_floorplans:/home/maria/rmf_ws/install/rmf_visualization_fleet_states:/home/maria/rmf_ws/install/rmf_visualization_building_systems:/home/maria/rmf_ws/install/rmf_robot_sim_common:/home/maria/rmf_ws/install/rmf_building_sim_gz_plugins:${AMENT_PREFIX_PATH} CMAKE_PREFIX_PATH=/home/maria/rmf_ws/install/rmf_visualization:/home/maria/rmf_ws/install/rmf_robot_sim_gz_plugins:/home/maria/rmf_ws/install/rmf_visualization_schedule:/home/maria/rmf_ws/install/rmf_visualization_rviz2_plugins:/home/maria/rmf_ws/install/rmf_visualization_obstacles:/home/maria/rmf_ws/install/rmf_visualization_navgraphs:/home/maria/rmf_ws/install/rmf_visualization_floorplans:/home/maria/rmf_ws/install/rmf_visualization_fleet_states:/home/maria/rmf_ws/install/rmf_robot_sim_common:/home/maria/rmf_ws/install/rmf_building_sim_gz_plugins:/rmf_demos_ws/install/rmf_workcell_msgs:/rmf_demos_ws/install/rmf_demos_gz:/rmf_demos_ws/install/rmf_demos:/rmf_demos_ws/install/rmf_reservation_node:/rmf_demos_ws/install/rmf_fleet_adapter_python:/rmf_demos_ws/install/rmf_fleet_adapter:/rmf_demos_ws/install/rmf_task_ros2:/rmf_demos_ws/install/rmf_websocket:/rmf_demos_ws/install/rmf_visualization:/rmf_demos_ws/install/rmf_visualization_schedule:/rmf_demos_ws/install/rmf_visualization_rviz2_plugins:/rmf_demos_ws/install/rmf_visualization_obstacles:/rmf_demos_ws/install/rmf_visualization_navgraphs:/rmf_demos_ws/install/rmf_visualization_floorplans:/rmf_demos_ws/install/rmf_visualization_fleet_states:/rmf_demos_ws/install/rmf_visualization_msgs:/rmf_demos_ws/install/rmf_traffic_ros2:/rmf_demos_ws/install/rmf_task_sequence:/rmf_demos_ws/install/rmf_task:/rmf_demos_ws/install/rmf_battery:/rmf_demos_ws/install/rmf_traffic:/rmf_demos_ws/install/rmf_utils:/rmf_demos_ws/install/rmf_traffic_msgs:/rmf_demos_ws/install/rmf_traffic_editor_test_maps:/rmf_demos_ws/install/rmf_traffic_editor_assets:/rmf_demos_ws/install/rmf_traffic_editor:/rmf_demos_ws/install/rmf_task_msgs:/rmf_demos_ws/install/rmf_site_map_msgs:/rmf_demos_ws/install/rmf_scheduler_msgs:/rmf_demos_ws/install/rmf_robot_sim_gz_plugins:/rmf_demos_ws/install/rmf_robot_sim_common:/rmf_demos_ws/install/rmf_reservation_msgs:/rmf_demos_ws/install/rmf_obstacle_msgs:/rmf_demos_ws/install/rmf_building_sim_gz_plugins:/rmf_demos_ws/install/rmf_lift_msgs:/rmf_demos_ws/install/rmf_ingestor_msgs:/rmf_demos_ws/install/rmf_fleet_msgs:/rmf_demos_ws/install/rmf_door_msgs:/rmf_demos_ws/install/rmf_dispenser_msgs:/rmf_demos_ws/install/rmf_demos_maps:/rmf_demos_ws/install/rmf_demos_assets:/rmf_demos_ws/install/rmf_charger_msgs:/rmf_demos_ws/install/rmf_building_map_msgs:/rmf_demos_ws/install/rmf_api_msgs:/rmf_demos_ws/install/nlohmann_json_schema_validator_vendor:/rmf_demos_ws/install/rmf_demos_fleet_adapter:/rmf_demos_ws/install/rmf_visualization_building_systems:/rmf_demos_ws/install/rmf_traffic_examples:/rmf_demos_ws/install/rmf_demos_bridges:/rmf_demos_ws/install/rmf_demos_tasks:/rmf_demos_ws/install/rmf_building_map_tools:/rmf_demos_ws/install/rmf_charging_schedule:/opt/ros/jazzy:/rmf_demos_ws/install/menge_vendor:/rmf_demos_ws/install/ament_cmake_catch2:/opt/ros/jazzy/opt/gz_sim_vendor:/opt/ros/jazzy/opt/gz_sensors_vendor:/opt/ros/jazzy/opt/gz_physics_vendor:/opt/ros/jazzy/opt/sdformat_vendor:/opt/ros/jazzy/opt/gz_gui_vendor:/opt/ros/jazzy/opt/gz_transport_vendor:/opt/ros/jazzy/opt/gz_rendering_vendor:/opt/ros/jazzy/opt/gz_plugin_vendor:/opt/ros/jazzy/opt/gz_fuel_tools_vendor:/opt/ros/jazzy/opt/gz_msgs_vendor:/opt/ros/jazzy/opt/gz_common_vendor:/opt/ros/jazzy/opt/gz_math_vendor:/opt/ros/jazzy/opt/gz_utils_vendor:/opt/ros/jazzy/opt/gz_tools_vendor:/opt/ros/jazzy/opt/gz_ogre_next_vendor:/opt/ros/jazzy/opt/gz_dartsim_vendor:/opt/ros/jazzy/opt/gz_cmake_vendor LD_LIBRARY_PATH=/home/maria/rmf_ws/install/rmf_visualization_schedule/lib:/home/maria/rmf_ws/install/rmf_visualization_rviz2_plugins/lib:/home/maria/rmf_ws/install/rmf_visualization_obstacles/lib:/home/maria/rmf_ws/install/rmf_visualization_navgraphs/lib:/home/maria/rmf_ws/install/rmf_visualization_floorplans/lib:/home/maria/rmf_ws/install/rmf_visualization_fleet_states/lib:/home/maria/rmf_ws/install/rmf_robot_sim_common/lib:${LD_LIBRARY_PATH} PYTHONPATH=/home/maria/rmf_ws/install/rmf_visualization_building_systems/lib/python3.12/site-packages:${PYTHONPATH} /usr/bin/cmake --install /home/maria/rmf_ws/build/first_project
[0.992s] -- Install configuration: ""
[0.992s] -- Execute custom install script
[0.993s] -- Up-to-date symlink: /home/maria/rmf_ws/install/first_project/share/first_project/launch/common.launch.xml
[0.993s] -- Up-to-date symlink: /home/maria/rmf_ws/install/first_project/share/first_project/launch/icc_kyoto.launch.xml
[0.993s] -- Up-to-date symlink: /home/maria/rmf_ws/install/first_project/share/first_project/launch/simulation.launch.xml
[0.994s] -- Up-to-date symlink: /home/maria/rmf_ws/install/first_project/share/first_project/config/icc_kyoto.rviz
[0.994s] -- Up-to-date symlink: /home/maria/rmf_ws/install/first_project/share/first_project/config/tinyRobot_config.yaml
[0.995s] -- Up-to-date symlink: /home/maria/rmf_ws/install/first_project/share/first_project/maps/icc_kyoto/conference_room_b1.png
[0.995s] -- Up-to-date symlink: /home/maria/rmf_ws/install/first_project/share/first_project/maps/icc_kyoto/conference_room_b1_balcony.png
[0.995s] -- Up-to-date symlink: /home/maria/rmf_ws/install/first_project/share/first_project/maps/icc_kyoto/icc_kyoto.building.yaml
[0.995s] -- Symlinking: /home/maria/rmf_ws/install/first_project/share/first_project/maps/icc_kyoto/icc_kyoto.world
[1.005s] -- Up-to-date symlink: /home/maria/rmf_ws/install/first_project/share/first_project/maps/icc_kyoto/icc_kyoto_world/icc_kyoto_L1/meshes/blue_linoleum.png
[1.005s] -- Up-to-date symlink: /home/maria/rmf_ws/install/first_project/share/first_project/maps/icc_kyoto/icc_kyoto_world/icc_kyoto_L1/meshes/default.png
[1.005s] -- Up-to-date symlink: /home/maria/rmf_ws/install/first_project/share/first_project/maps/icc_kyoto/icc_kyoto_world/icc_kyoto_L1/meshes/floor_1.mtl
[1.005s] -- Up-to-date symlink: /home/maria/rmf_ws/install/first_project/share/first_project/maps/icc_kyoto/icc_kyoto_world/icc_kyoto_L1/meshes/floor_1.obj
[1.006s] -- Up-to-date symlink: /home/maria/rmf_ws/install/first_project/share/first_project/maps/icc_kyoto/icc_kyoto_world/icc_kyoto_L1/meshes/model.material
[1.006s] -- Up-to-date symlink: /home/maria/rmf_ws/install/first_project/share/first_project/maps/icc_kyoto/icc_kyoto_world/icc_kyoto_L1/meshes/wall_1.mtl
[1.006s] -- Up-to-date symlink: /home/maria/rmf_ws/install/first_project/share/first_project/maps/icc_kyoto/icc_kyoto_world/icc_kyoto_L1/meshes/wall_1.obj
[1.006s] -- Up-to-date symlink: /home/maria/rmf_ws/install/first_project/share/first_project/maps/icc_kyoto/icc_kyoto_world/icc_kyoto_L1/model.config
[1.006s] -- Up-to-date symlink: /home/maria/rmf_ws/install/first_project/share/first_project/maps/icc_kyoto/icc_kyoto_world/icc_kyoto_L1/model.sdf
[1.007s] -- Up-to-date symlink: /home/maria/rmf_ws/install/first_project/share/first_project/maps/icc_kyoto/icc_kyoto_world/icc_kyoto_L2/meshes/blue_linoleum.png
[1.007s] -- Up-to-date symlink: /home/maria/rmf_ws/install/first_project/share/first_project/maps/icc_kyoto/icc_kyoto_world/icc_kyoto_L2/meshes/default.png
[1.007s] -- Up-to-date symlink: /home/maria/rmf_ws/install/first_project/share/first_project/maps/icc_kyoto/icc_kyoto_world/icc_kyoto_L2/meshes/floor_1.mtl
[1.007s] -- Up-to-date symlink: /home/maria/rmf_ws/install/first_project/share/first_project/maps/icc_kyoto/icc_kyoto_world/icc_kyoto_L2/meshes/floor_1.obj
[1.007s] -- Up-to-date symlink: /home/maria/rmf_ws/install/first_project/share/first_project/maps/icc_kyoto/icc_kyoto_world/icc_kyoto_L2/meshes/model.material
[1.007s] -- Up-to-date symlink: /home/maria/rmf_ws/install/first_project/share/first_project/maps/icc_kyoto/icc_kyoto_world/icc_kyoto_L2/meshes/wall_1.mtl
[1.008s] -- Up-to-date symlink: /home/maria/rmf_ws/install/first_project/share/first_project/maps/icc_kyoto/icc_kyoto_world/icc_kyoto_L2/meshes/wall_1.obj
[1.009s] -- Up-to-date symlink: /home/maria/rmf_ws/install/first_project/share/first_project/maps/icc_kyoto/icc_kyoto_world/icc_kyoto_L2/model.config
[1.009s] -- Up-to-date symlink: /home/maria/rmf_ws/install/first_project/share/first_project/maps/icc_kyoto/icc_kyoto_world/icc_kyoto_L2/model.sdf
[1.009s] -- Up-to-date symlink: /home/maria/rmf_ws/install/first_project/share/first_project/maps/icc_kyoto/models/AdjTable/meshes/AdjTable.mtl
[1.009s] -- Up-to-date symlink: /home/maria/rmf_ws/install/first_project/share/first_project/maps/icc_kyoto/models/AdjTable/meshes/AdjTable.obj
[1.009s] -- Up-to-date symlink: /home/maria/rmf_ws/install/first_project/share/first_project/maps/icc_kyoto/models/AdjTable/meshes/AdjTable_Col.mtl
[1.010s] -- Up-to-date symlink: /home/maria/rmf_ws/install/first_project/share/first_project/maps/icc_kyoto/models/AdjTable/meshes/AdjTable_Col.obj
[1.010s] -- Up-to-date symlink: /home/maria/rmf_ws/install/first_project/share/first_project/maps/icc_kyoto/models/AdjTable/meshes/AdjTable_Diffuse.png
[1.010s] -- Up-to-date symlink: /home/maria/rmf_ws/install/first_project/share/first_project/maps/icc_kyoto/models/AdjTable/model.config
[1.010s] -- Up-to-date symlink: /home/maria/rmf_ws/install/first_project/share/first_project/maps/icc_kyoto/models/AdjTable/model.sdf
[1.011s] -- Up-to-date symlink: /home/maria/rmf_ws/install/first_project/share/first_project/maps/icc_kyoto/models/AdjTable/thumbnails/1.png
[1.011s] -- Up-to-date symlink: /home/maria/rmf_ws/install/first_project/share/first_project/maps/icc_kyoto/models/AdjTable/thumbnails/2.png
[1.011s] -- Up-to-date symlink: /home/maria/rmf_ws/install/first_project/share/first_project/maps/icc_kyoto/models/AdjTable/thumbnails/3.png
[1.011s] -- Up-to-date symlink: /home/maria/rmf_ws/install/first_project/share/first_project/maps/icc_kyoto/models/AdjTable/thumbnails/4.png
[1.011s] -- Up-to-date symlink: /home/maria/rmf_ws/install/first_project/share/first_project/maps/icc_kyoto/models/AdjTable/thumbnails/5.png
[1.012s] -- Up-to-date symlink: /home/maria/rmf_ws/install/first_project/share/first_project/maps/icc_kyoto/models/OfficeChairGrey/meshes/OfficeChairGrey.mtl
[1.012s] -- Up-to-date symlink: /home/maria/rmf_ws/install/first_project/share/first_project/maps/icc_kyoto/models/OfficeChairGrey/meshes/OfficeChairGrey.obj
[1.012s] -- Up-to-date symlink: /home/maria/rmf_ws/install/first_project/share/first_project/maps/icc_kyoto/models/OfficeChairGrey/meshes/OfficeChairGrey.png
[1.012s] -- Up-to-date symlink: /home/maria/rmf_ws/install/first_project/share/first_project/maps/icc_kyoto/models/OfficeChairGrey/meshes/OfficeChairGrey_Col.mtl
[1.012s] -- Up-to-date symlink: /home/maria/rmf_ws/install/first_project/share/first_project/maps/icc_kyoto/models/OfficeChairGrey/meshes/OfficeChairGrey_Col.obj
[1.013s] -- Up-to-date symlink: /home/maria/rmf_ws/install/first_project/share/first_project/maps/icc_kyoto/models/OfficeChairGrey/model.config
[1.013s] -- Up-to-date symlink: /home/maria/rmf_ws/install/first_project/share/first_project/maps/icc_kyoto/models/OfficeChairGrey/model.sdf
[1.014s] -- Up-to-date symlink: /home/maria/rmf_ws/install/first_project/share/first_project/maps/icc_kyoto/models/OfficeChairGrey/thumbnails/1.png
[1.014s] -- Up-to-date symlink: /home/maria/rmf_ws/install/first_project/share/first_project/maps/icc_kyoto/models/OfficeChairGrey/thumbnails/2.png
[1.014s] -- Up-to-date symlink: /home/maria/rmf_ws/install/first_project/share/first_project/maps/icc_kyoto/models/OfficeChairGrey/thumbnails/3.png
[1.014s] -- Up-to-date symlink: /home/maria/rmf_ws/install/first_project/share/first_project/maps/icc_kyoto/models/OfficeChairGrey/thumbnails/4.png
[1.014s] -- Up-to-date symlink: /home/maria/rmf_ws/install/first_project/share/first_project/maps/icc_kyoto/models/OfficeChairGrey/thumbnails/5.png
[1.015s] -- Up-to-date symlink: /home/maria/rmf_ws/install/first_project/share/first_project/maps/icc_kyoto/models/OfficeChairGrey/thumbnails/meta/1.png
[1.015s] -- Up-to-date symlink: /home/maria/rmf_ws/install/first_project/share/first_project/maps/icc_kyoto/models/OfficeChairGrey/thumbnails/meta/2.png
[1.015s] -- Up-to-date symlink: /home/maria/rmf_ws/install/first_project/share/first_project/maps/icc_kyoto/models/OfficeChairGrey/thumbnails/meta/3.png
[1.015s] -- Up-to-date symlink: /home/maria/rmf_ws/install/first_project/share/first_project/maps/icc_kyoto/models/OfficeChairGrey/thumbnails/meta/4.png
[1.015s] -- Up-to-date symlink: /home/maria/rmf_ws/install/first_project/share/first_project/maps/icc_kyoto/models/OfficeChairGrey/thumbnails/meta/5.png
[1.016s] -- Up-to-date symlink: /home/maria/rmf_ws/install/first_project/share/first_project/maps/icc_kyoto/models/TinyRobot/meshes/caster_wheel.mtl
[1.016s] -- Up-to-date symlink: /home/maria/rmf_ws/install/first_project/share/first_project/maps/icc_kyoto/models/TinyRobot/meshes/caster_wheel.obj
[1.016s] -- Up-to-date symlink: /home/maria/rmf_ws/install/first_project/share/first_project/maps/icc_kyoto/models/TinyRobot/meshes/front_wheel.mtl
[1.017s] -- Up-to-date symlink: /home/maria/rmf_ws/install/first_project/share/first_project/maps/icc_kyoto/models/TinyRobot/meshes/front_wheel.obj
[1.017s] -- Up-to-date symlink: /home/maria/rmf_ws/install/first_project/share/first_project/maps/icc_kyoto/models/TinyRobot/meshes/tinyRobot_body.mtl
[1.017s] -- Up-to-date symlink: /home/maria/rmf_ws/install/first_project/share/first_project/maps/icc_kyoto/models/TinyRobot/meshes/tinyRobot_body.obj
[1.017s] -- Up-to-date symlink: /home/maria/rmf_ws/install/first_project/share/first_project/maps/icc_kyoto/models/TinyRobot/model.config
[1.017s] -- Up-to-date symlink: /home/maria/rmf_ws/install/first_project/share/first_project/maps/icc_kyoto/models/TinyRobot/model.sdf
[1.017s] -- Up-to-date symlink: /home/maria/rmf_ws/install/first_project/share/first_project/maps/icc_kyoto/sim_hall.png
[1.018s] -- Symlinking: /home/maria/rmf_ws/install/first_project/share/first_project/maps/icc_kyoto/icc_kyoto.world
[1.027s] -- Up-to-date symlink: /home/maria/rmf_ws/install/first_project/share/first_project/maps/icc_kyoto/models/icc_kyoto_L1/meshes/blue_linoleum.png
[1.027s] -- Up-to-date symlink: /home/maria/rmf_ws/install/first_project/share/first_project/maps/icc_kyoto/models/icc_kyoto_L1/meshes/default.png
[1.027s] -- Up-to-date symlink: /home/maria/rmf_ws/install/first_project/share/first_project/maps/icc_kyoto/models/icc_kyoto_L1/meshes/floor_1.mtl
[1.028s] -- Up-to-date symlink: /home/maria/rmf_ws/install/first_project/share/first_project/maps/icc_kyoto/models/icc_kyoto_L1/meshes/floor_1.obj
[1.028s] -- Up-to-date symlink: /home/maria/rmf_ws/install/first_project/share/first_project/maps/icc_kyoto/models/icc_kyoto_L1/meshes/model.material
[1.028s] -- Up-to-date symlink: /home/maria/rmf_ws/install/first_project/share/first_project/maps/icc_kyoto/models/icc_kyoto_L1/meshes/wall_1.mtl
[1.028s] -- Up-to-date symlink: /home/maria/rmf_ws/install/first_project/share/first_project/maps/icc_kyoto/models/icc_kyoto_L1/meshes/wall_1.obj
[1.028s] -- Up-to-date symlink: /home/maria/rmf_ws/install/first_project/share/first_project/maps/icc_kyoto/models/icc_kyoto_L1/model.config
[1.029s] -- Up-to-date symlink: /home/maria/rmf_ws/install/first_project/share/first_project/maps/icc_kyoto/models/icc_kyoto_L1/model.sdf
[1.029s] -- Up-to-date symlink: /home/maria/rmf_ws/install/first_project/share/first_project/maps/icc_kyoto/models/icc_kyoto_L2/meshes/blue_linoleum.png
[1.029s] -- Up-to-date symlink: /home/maria/rmf_ws/install/first_project/share/first_project/maps/icc_kyoto/models/icc_kyoto_L2/meshes/default.png
[1.030s] -- Up-to-date symlink: /home/maria/rmf_ws/install/first_project/share/first_project/maps/icc_kyoto/models/icc_kyoto_L2/meshes/floor_1.mtl
[1.030s] -- Up-to-date symlink: /home/maria/rmf_ws/install/first_project/share/first_project/maps/icc_kyoto/models/icc_kyoto_L2/meshes/floor_1.obj
[1.030s] -- Up-to-date symlink: /home/maria/rmf_ws/install/first_project/share/first_project/maps/icc_kyoto/models/icc_kyoto_L2/meshes/model.material
[1.030s] -- Up-to-date symlink: /home/maria/rmf_ws/install/first_project/share/first_project/maps/icc_kyoto/models/icc_kyoto_L2/meshes/wall_1.mtl
[1.030s] -- Up-to-date symlink: /home/maria/rmf_ws/install/first_project/share/first_project/maps/icc_kyoto/models/icc_kyoto_L2/meshes/wall_1.obj
[1.030s] -- Up-to-date symlink: /home/maria/rmf_ws/install/first_project/share/first_project/maps/icc_kyoto/models/icc_kyoto_L2/model.config
[1.030s] -- Up-to-date symlink: /home/maria/rmf_ws/install/first_project/share/first_project/maps/icc_kyoto/models/icc_kyoto_L2/model.sdf
[1.031s] -- Up-to-date symlink: /home/maria/rmf_ws/install/first_project/share/first_project/maps/icc_kyoto/nav_graphs/.generated
[1.031s] -- Up-to-date symlink: /home/maria/rmf_ws/install/first_project/share/first_project/maps/icc_kyoto/nav_graphs/0.yaml
[1.031s] -- Up-to-date symlink: /home/maria/rmf_ws/install/first_project/share/first_project/maps/icc_kyoto/nav_graphs/1.yaml
[1.032s] -- Up-to-date symlink: /home/maria/rmf_ws/install/first_project/share/ament_index/resource_index/package_run_dependencies/first_project
[1.032s] -- Up-to-date symlink: /home/maria/rmf_ws/install/first_project/share/ament_index/resource_index/parent_prefix_path/first_project
[1.033s] -- Up-to-date symlink: /home/maria/rmf_ws/install/first_project/share/first_project/environment/ament_prefix_path.sh
[1.033s] -- Up-to-date symlink: /home/maria/rmf_ws/install/first_project/share/first_project/environment/ament_prefix_path.dsv
[1.033s] -- Up-to-date symlink: /home/maria/rmf_ws/install/first_project/share/first_project/environment/path.sh
[1.033s] -- Up-to-date symlink: /home/maria/rmf_ws/install/first_project/share/first_project/environment/path.dsv
[1.033s] -- Up-to-date symlink: /home/maria/rmf_ws/install/first_project/share/first_project/local_setup.bash
[1.033s] -- Up-to-date symlink: /home/maria/rmf_ws/install/first_project/share/first_project/local_setup.sh
[1.033s] -- Up-to-date symlink: /home/maria/rmf_ws/install/first_project/share/first_project/local_setup.zsh
[1.034s] -- Up-to-date symlink: /home/maria/rmf_ws/install/first_project/share/first_project/local_setup.dsv
[1.034s] -- Symlinking: /home/maria/rmf_ws/install/first_project/share/first_project/package.dsv
[1.043s] -- Up-to-date symlink: /home/maria/rmf_ws/install/first_project/share/ament_index/resource_index/packages/first_project
[1.043s] -- Up-to-date symlink: /home/maria/rmf_ws/install/first_project/share/first_project/cmake/first_projectConfig.cmake
[1.043s] -- Up-to-date symlink: /home/maria/rmf_ws/install/first_project/share/first_project/cmake/first_projectConfig-version.cmake
[1.044s] -- Up-to-date symlink: /home/maria/rmf_ws/install/first_project/share/first_project/package.xml
[1.045s] Invoked command in '/home/maria/rmf_ws/build/first_project' returned '0': AMENT_PREFIX_PATH=/home/maria/rmf_ws/install/rmf_visualization:/home/maria/rmf_ws/install/rmf_robot_sim_gz_plugins:/home/maria/rmf_ws/install/rmf_visualization_schedule:/home/maria/rmf_ws/install/rmf_visualization_rviz2_plugins:/home/maria/rmf_ws/install/rmf_visualization_obstacles:/home/maria/rmf_ws/install/rmf_visualization_navgraphs:/home/maria/rmf_ws/install/rmf_visualization_floorplans:/home/maria/rmf_ws/install/rmf_visualization_fleet_states:/home/maria/rmf_ws/install/rmf_visualization_building_systems:/home/maria/rmf_ws/install/rmf_robot_sim_common:/home/maria/rmf_ws/install/rmf_building_sim_gz_plugins:${AMENT_PREFIX_PATH} CMAKE_PREFIX_PATH=/home/maria/rmf_ws/install/rmf_visualization:/home/maria/rmf_ws/install/rmf_robot_sim_gz_plugins:/home/maria/rmf_ws/install/rmf_visualization_schedule:/home/maria/rmf_ws/install/rmf_visualization_rviz2_plugins:/home/maria/rmf_ws/install/rmf_visualization_obstacles:/home/maria/rmf_ws/install/rmf_visualization_navgraphs:/home/maria/rmf_ws/install/rmf_visualization_floorplans:/home/maria/rmf_ws/install/rmf_visualization_fleet_states:/home/maria/rmf_ws/install/rmf_robot_sim_common:/home/maria/rmf_ws/install/rmf_building_sim_gz_plugins:/rmf_demos_ws/install/rmf_workcell_msgs:/rmf_demos_ws/install/rmf_demos_gz:/rmf_demos_ws/install/rmf_demos:/rmf_demos_ws/install/rmf_reservation_node:/rmf_demos_ws/install/rmf_fleet_adapter_python:/rmf_demos_ws/install/rmf_fleet_adapter:/rmf_demos_ws/install/rmf_task_ros2:/rmf_demos_ws/install/rmf_websocket:/rmf_demos_ws/install/rmf_visualization:/rmf_demos_ws/install/rmf_visualization_schedule:/rmf_demos_ws/install/rmf_visualization_rviz2_plugins:/rmf_demos_ws/install/rmf_visualization_obstacles:/rmf_demos_ws/install/rmf_visualization_navgraphs:/rmf_demos_ws/install/rmf_visualization_floorplans:/rmf_demos_ws/install/rmf_visualization_fleet_states:/rmf_demos_ws/install/rmf_visualization_msgs:/rmf_demos_ws/install/rmf_traffic_ros2:/rmf_demos_ws/install/rmf_task_sequence:/rmf_demos_ws/install/rmf_task:/rmf_demos_ws/install/rmf_battery:/rmf_demos_ws/install/rmf_traffic:/rmf_demos_ws/install/rmf_utils:/rmf_demos_ws/install/rmf_traffic_msgs:/rmf_demos_ws/install/rmf_traffic_editor_test_maps:/rmf_demos_ws/install/rmf_traffic_editor_assets:/rmf_demos_ws/install/rmf_traffic_editor:/rmf_demos_ws/install/rmf_task_msgs:/rmf_demos_ws/install/rmf_site_map_msgs:/rmf_demos_ws/install/rmf_scheduler_msgs:/rmf_demos_ws/install/rmf_robot_sim_gz_plugins:/rmf_demos_ws/install/rmf_robot_sim_common:/rmf_demos_ws/install/rmf_reservation_msgs:/rmf_demos_ws/install/rmf_obstacle_msgs:/rmf_demos_ws/install/rmf_building_sim_gz_plugins:/rmf_demos_ws/install/rmf_lift_msgs:/rmf_demos_ws/install/rmf_ingestor_msgs:/rmf_demos_ws/install/rmf_fleet_msgs:/rmf_demos_ws/install/rmf_door_msgs:/rmf_demos_ws/install/rmf_dispenser_msgs:/rmf_demos_ws/install/rmf_demos_maps:/rmf_demos_ws/install/rmf_demos_assets:/rmf_demos_ws/install/rmf_charger_msgs:/rmf_demos_ws/install/rmf_building_map_msgs:/rmf_demos_ws/install/rmf_api_msgs:/rmf_demos_ws/install/nlohmann_json_schema_validator_vendor:/rmf_demos_ws/install/rmf_demos_fleet_adapter:/rmf_demos_ws/install/rmf_visualization_building_systems:/rmf_demos_ws/install/rmf_traffic_examples:/rmf_demos_ws/install/rmf_demos_bridges:/rmf_demos_ws/install/rmf_demos_tasks:/rmf_demos_ws/install/rmf_building_map_tools:/rmf_demos_ws/install/rmf_charging_schedule:/opt/ros/jazzy:/rmf_demos_ws/install/menge_vendor:/rmf_demos_ws/install/ament_cmake_catch2:/opt/ros/jazzy/opt/gz_sim_vendor:/opt/ros/jazzy/opt/gz_sensors_vendor:/opt/ros/jazzy/opt/gz_physics_vendor:/opt/ros/jazzy/opt/sdformat_vendor:/opt/ros/jazzy/opt/gz_gui_vendor:/opt/ros/jazzy/opt/gz_transport_vendor:/opt/ros/jazzy/opt/gz_rendering_vendor:/opt/ros/jazzy/opt/gz_plugin_vendor:/opt/ros/jazzy/opt/gz_fuel_tools_vendor:/opt/ros/jazzy/opt/gz_msgs_vendor:/opt/ros/jazzy/opt/gz_common_vendor:/opt/ros/jazzy/opt/gz_math_vendor:/opt/ros/jazzy/opt/gz_utils_vendor:/opt/ros/jazzy/opt/gz_tools_vendor:/opt/ros/jazzy/opt/gz_ogre_next_vendor:/opt/ros/jazzy/opt/gz_dartsim_vendor:/opt/ros/jazzy/opt/gz_cmake_vendor LD_LIBRARY_PATH=/home/maria/rmf_ws/install/rmf_visualization_schedule/lib:/home/maria/rmf_ws/install/rmf_visualization_rviz2_plugins/lib:/home/maria/rmf_ws/install/rmf_visualization_obstacles/lib:/home/maria/rmf_ws/install/rmf_visualization_navgraphs/lib:/home/maria/rmf_ws/install/rmf_visualization_floorplans/lib:/home/maria/rmf_ws/install/rmf_visualization_fleet_states/lib:/home/maria/rmf_ws/install/rmf_robot_sim_common/lib:${LD_LIBRARY_PATH} PYTHONPATH=/home/maria/rmf_ws/install/rmf_visualization_building_systems/lib/python3.12/site-packages:${PYTHONPATH} /usr/bin/cmake --install /home/maria/rmf_ws/build/first_project
