[1.149s] Invoking command in '/home/maria/rmf_ws/build/project_tasks': PYTHONPATH=/home/maria/rmf_ws/build/project_tasks/prefix_override:/usr/lib/python3/dist-packages/colcon_core/task/python/colcon_distutils_commands:/home/maria/rmf_ws/install/project_tasks/lib/python3.12/site-packages:${PYTHONPATH} /usr/bin/python3 -W ignore:setup.py install is deprecated -W ignore:easy_install command is deprecated setup.py develop --uninstall --editable --build-directory /home/maria/rmf_ws/build/project_tasks/build
[1.595s] running develop
[1.756s] Removing /home/maria/rmf_ws/install/project_tasks/lib/python3.12/site-packages/project-tasks.egg-link (link to .)
[1.782s] Invoked command in '/home/maria/rmf_ws/build/project_tasks' returned '0': PYTHONPATH=/home/maria/rmf_ws/build/project_tasks/prefix_override:/usr/lib/python3/dist-packages/colcon_core/task/python/colcon_distutils_commands:/home/maria/rmf_ws/install/project_tasks/lib/python3.12/site-packages:${PYTHONPATH} /usr/bin/python3 -W ignore:setup.py install is deprecated -W ignore:easy_install command is deprecated setup.py develop --uninstall --editable --build-directory /home/maria/rmf_ws/build/project_tasks/build
[1.784s] Invoking command in '/home/maria/rmf_ws/src/project/project_tasks': PYTHONPATH=/home/maria/rmf_ws/build/project_tasks/prefix_override:/usr/lib/python3/dist-packages/colcon_core/task/python/colcon_distutils_commands:/home/maria/rmf_ws/install/project_tasks/lib/python3.12/site-packages:${PYTHONPATH} /usr/bin/python3 -W ignore:setup.py install is deprecated -W ignore:easy_install command is deprecated setup.py egg_info --egg-base ../../../build/project_tasks build --build-base /home/maria/rmf_ws/build/project_tasks/build install --record /home/maria/rmf_ws/build/project_tasks/install.log --single-version-externally-managed install_data --force
[2.002s] running egg_info
[2.014s] writing ../../../build/project_tasks/project_tasks.egg-info/PKG-INFO
[2.015s] writing dependency_links to ../../../build/project_tasks/project_tasks.egg-info/dependency_links.txt
[2.015s] writing entry points to ../../../build/project_tasks/project_tasks.egg-info/entry_points.txt
[2.015s] writing requirements to ../../../build/project_tasks/project_tasks.egg-info/requires.txt
[2.015s] writing top-level names to ../../../build/project_tasks/project_tasks.egg-info/top_level.txt
[2.042s] reading manifest file '../../../build/project_tasks/project_tasks.egg-info/SOURCES.txt'
[2.043s] writing manifest file '../../../build/project_tasks/project_tasks.egg-info/SOURCES.txt'
[2.043s] running build
[2.043s] running build_py
[2.043s] creating /home/maria/rmf_ws/build/project_tasks/build
[2.043s] creating /home/maria/rmf_ws/build/project_tasks/build/lib
[2.043s] creating /home/maria/rmf_ws/build/project_tasks/build/lib/project_tasks
[2.043s] copying project_tasks/dispatch_loop.py -> /home/maria/rmf_ws/build/project_tasks/build/lib/project_tasks
[2.043s] copying project_tasks/teleop_robot.py -> /home/maria/rmf_ws/build/project_tasks/build/lib/project_tasks
[2.044s] copying project_tasks/request_lift.py -> /home/maria/rmf_ws/build/project_tasks/build/lib/project_tasks
[2.044s] copying project_tasks/cancel_task.py -> /home/maria/rmf_ws/build/project_tasks/build/lib/project_tasks
[2.044s] copying project_tasks/dispatch_dynamic_event.py -> /home/maria/rmf_ws/build/project_tasks/build/lib/project_tasks
[2.044s] copying project_tasks/dispatch_action.py -> /home/maria/rmf_ws/build/project_tasks/build/lib/project_tasks
[2.044s] copying project_tasks/dispatch_clean.py -> /home/maria/rmf_ws/build/project_tasks/build/lib/project_tasks
[2.045s] copying project_tasks/api_request.py -> /home/maria/rmf_ws/build/project_tasks/build/lib/project_tasks
[2.045s] copying project_tasks/dispatch_teleop.py -> /home/maria/rmf_ws/build/project_tasks/build/lib/project_tasks
[2.045s] copying project_tasks/get_robot_location.py -> /home/maria/rmf_ws/build/project_tasks/build/lib/project_tasks
[2.046s] copying project_tasks/dispatch_go_to_place.py -> /home/maria/rmf_ws/build/project_tasks/build/lib/project_tasks
[2.046s] copying project_tasks/wait_for_task_complete.py -> /home/maria/rmf_ws/build/project_tasks/build/lib/project_tasks
[2.046s] copying project_tasks/mock_docker.py -> /home/maria/rmf_ws/build/project_tasks/build/lib/project_tasks
[2.046s] copying project_tasks/emergency_signal.py -> /home/maria/rmf_ws/build/project_tasks/build/lib/project_tasks
[2.047s] copying project_tasks/dispatch_patrol.py -> /home/maria/rmf_ws/build/project_tasks/build/lib/project_tasks
[2.047s] copying project_tasks/dynamic_event_client.py -> /home/maria/rmf_ws/build/project_tasks/build/lib/project_tasks
[2.047s] copying project_tasks/cancel_robot_task.py -> /home/maria/rmf_ws/build/project_tasks/build/lib/project_tasks
[2.048s] copying project_tasks/dispatch_delivery.py -> /home/maria/rmf_ws/build/project_tasks/build/lib/project_tasks
[2.048s] copying project_tasks/dispatch_json.py -> /home/maria/rmf_ws/build/project_tasks/build/lib/project_tasks
[2.048s] copying project_tasks/dispatch_cart_delivery.py -> /home/maria/rmf_ws/build/project_tasks/build/lib/project_tasks
[2.049s] copying project_tasks/request_loop.py -> /home/maria/rmf_ws/build/project_tasks/build/lib/project_tasks
[2.049s] copying project_tasks/__init__.py -> /home/maria/rmf_ws/build/project_tasks/build/lib/project_tasks
[2.049s] running install
[2.054s] running install_lib
[2.067s] creating /home/maria/rmf_ws/install/project_tasks/lib/python3.12/site-packages/project_tasks
[2.067s] copying /home/maria/rmf_ws/build/project_tasks/build/lib/project_tasks/dispatch_loop.py -> /home/maria/rmf_ws/install/project_tasks/lib/python3.12/site-packages/project_tasks
[2.068s] copying /home/maria/rmf_ws/build/project_tasks/build/lib/project_tasks/teleop_robot.py -> /home/maria/rmf_ws/install/project_tasks/lib/python3.12/site-packages/project_tasks
[2.068s] copying /home/maria/rmf_ws/build/project_tasks/build/lib/project_tasks/request_lift.py -> /home/maria/rmf_ws/install/project_tasks/lib/python3.12/site-packages/project_tasks
[2.068s] copying /home/maria/rmf_ws/build/project_tasks/build/lib/project_tasks/cancel_task.py -> /home/maria/rmf_ws/install/project_tasks/lib/python3.12/site-packages/project_tasks
[2.068s] copying /home/maria/rmf_ws/build/project_tasks/build/lib/project_tasks/dispatch_dynamic_event.py -> /home/maria/rmf_ws/install/project_tasks/lib/python3.12/site-packages/project_tasks
[2.068s] copying /home/maria/rmf_ws/build/project_tasks/build/lib/project_tasks/dispatch_action.py -> /home/maria/rmf_ws/install/project_tasks/lib/python3.12/site-packages/project_tasks
[2.068s] copying /home/maria/rmf_ws/build/project_tasks/build/lib/project_tasks/dispatch_clean.py -> /home/maria/rmf_ws/install/project_tasks/lib/python3.12/site-packages/project_tasks
[2.068s] copying /home/maria/rmf_ws/build/project_tasks/build/lib/project_tasks/api_request.py -> /home/maria/rmf_ws/install/project_tasks/lib/python3.12/site-packages/project_tasks
[2.068s] copying /home/maria/rmf_ws/build/project_tasks/build/lib/project_tasks/dispatch_teleop.py -> /home/maria/rmf_ws/install/project_tasks/lib/python3.12/site-packages/project_tasks
[2.068s] copying /home/maria/rmf_ws/build/project_tasks/build/lib/project_tasks/get_robot_location.py -> /home/maria/rmf_ws/install/project_tasks/lib/python3.12/site-packages/project_tasks
[2.068s] copying /home/maria/rmf_ws/build/project_tasks/build/lib/project_tasks/dispatch_go_to_place.py -> /home/maria/rmf_ws/install/project_tasks/lib/python3.12/site-packages/project_tasks
[2.068s] copying /home/maria/rmf_ws/build/project_tasks/build/lib/project_tasks/wait_for_task_complete.py -> /home/maria/rmf_ws/install/project_tasks/lib/python3.12/site-packages/project_tasks
[2.069s] copying /home/maria/rmf_ws/build/project_tasks/build/lib/project_tasks/mock_docker.py -> /home/maria/rmf_ws/install/project_tasks/lib/python3.12/site-packages/project_tasks
[2.069s] copying /home/maria/rmf_ws/build/project_tasks/build/lib/project_tasks/emergency_signal.py -> /home/maria/rmf_ws/install/project_tasks/lib/python3.12/site-packages/project_tasks
[2.069s] copying /home/maria/rmf_ws/build/project_tasks/build/lib/project_tasks/dispatch_patrol.py -> /home/maria/rmf_ws/install/project_tasks/lib/python3.12/site-packages/project_tasks
[2.069s] copying /home/maria/rmf_ws/build/project_tasks/build/lib/project_tasks/dynamic_event_client.py -> /home/maria/rmf_ws/install/project_tasks/lib/python3.12/site-packages/project_tasks
[2.069s] copying /home/maria/rmf_ws/build/project_tasks/build/lib/project_tasks/cancel_robot_task.py -> /home/maria/rmf_ws/install/project_tasks/lib/python3.12/site-packages/project_tasks
[2.069s] copying /home/maria/rmf_ws/build/project_tasks/build/lib/project_tasks/dispatch_delivery.py -> /home/maria/rmf_ws/install/project_tasks/lib/python3.12/site-packages/project_tasks
[2.069s] copying /home/maria/rmf_ws/build/project_tasks/build/lib/project_tasks/dispatch_json.py -> /home/maria/rmf_ws/install/project_tasks/lib/python3.12/site-packages/project_tasks
[2.069s] copying /home/maria/rmf_ws/build/project_tasks/build/lib/project_tasks/dispatch_cart_delivery.py -> /home/maria/rmf_ws/install/project_tasks/lib/python3.12/site-packages/project_tasks
[2.069s] copying /home/maria/rmf_ws/build/project_tasks/build/lib/project_tasks/request_loop.py -> /home/maria/rmf_ws/install/project_tasks/lib/python3.12/site-packages/project_tasks
[2.069s] copying /home/maria/rmf_ws/build/project_tasks/build/lib/project_tasks/__init__.py -> /home/maria/rmf_ws/install/project_tasks/lib/python3.12/site-packages/project_tasks
[2.069s] byte-compiling /home/maria/rmf_ws/install/project_tasks/lib/python3.12/site-packages/project_tasks/dispatch_loop.py to dispatch_loop.cpython-312.pyc
[2.070s] byte-compiling /home/maria/rmf_ws/install/project_tasks/lib/python3.12/site-packages/project_tasks/teleop_robot.py to teleop_robot.cpython-312.pyc
[2.071s] byte-compiling /home/maria/rmf_ws/install/project_tasks/lib/python3.12/site-packages/project_tasks/request_lift.py to request_lift.cpython-312.pyc
[2.071s] byte-compiling /home/maria/rmf_ws/install/project_tasks/lib/python3.12/site-packages/project_tasks/cancel_task.py to cancel_task.cpython-312.pyc
[2.072s] byte-compiling /home/maria/rmf_ws/install/project_tasks/lib/python3.12/site-packages/project_tasks/dispatch_dynamic_event.py to dispatch_dynamic_event.cpython-312.pyc
[2.073s] byte-compiling /home/maria/rmf_ws/install/project_tasks/lib/python3.12/site-packages/project_tasks/dispatch_action.py to dispatch_action.cpython-312.pyc
[2.074s] byte-compiling /home/maria/rmf_ws/install/project_tasks/lib/python3.12/site-packages/project_tasks/dispatch_clean.py to dispatch_clean.cpython-312.pyc
[2.075s] byte-compiling /home/maria/rmf_ws/install/project_tasks/lib/python3.12/site-packages/project_tasks/api_request.py to api_request.cpython-312.pyc
[2.075s] byte-compiling /home/maria/rmf_ws/install/project_tasks/lib/python3.12/site-packages/project_tasks/dispatch_teleop.py to dispatch_teleop.cpython-312.pyc
[2.076s] byte-compiling /home/maria/rmf_ws/install/project_tasks/lib/python3.12/site-packages/project_tasks/get_robot_location.py to get_robot_location.cpython-312.pyc
[2.077s] byte-compiling /home/maria/rmf_ws/install/project_tasks/lib/python3.12/site-packages/project_tasks/dispatch_go_to_place.py to dispatch_go_to_place.cpython-312.pyc
[2.078s] byte-compiling /home/maria/rmf_ws/install/project_tasks/lib/python3.12/site-packages/project_tasks/wait_for_task_complete.py to wait_for_task_complete.cpython-312.pyc
[2.078s] byte-compiling /home/maria/rmf_ws/install/project_tasks/lib/python3.12/site-packages/project_tasks/mock_docker.py to mock_docker.cpython-312.pyc
[2.079s] byte-compiling /home/maria/rmf_ws/install/project_tasks/lib/python3.12/site-packages/project_tasks/emergency_signal.py to emergency_signal.cpython-312.pyc
[2.080s] byte-compiling /home/maria/rmf_ws/install/project_tasks/lib/python3.12/site-packages/project_tasks/dispatch_patrol.py to dispatch_patrol.cpython-312.pyc
[2.080s] byte-compiling /home/maria/rmf_ws/install/project_tasks/lib/python3.12/site-packages/project_tasks/dynamic_event_client.py to dynamic_event_client.cpython-312.pyc
[2.081s] byte-compiling /home/maria/rmf_ws/install/project_tasks/lib/python3.12/site-packages/project_tasks/cancel_robot_task.py to cancel_robot_task.cpython-312.pyc
[2.082s] byte-compiling /home/maria/rmf_ws/install/project_tasks/lib/python3.12/site-packages/project_tasks/dispatch_delivery.py to dispatch_delivery.cpython-312.pyc
[2.083s] byte-compiling /home/maria/rmf_ws/install/project_tasks/lib/python3.12/site-packages/project_tasks/dispatch_json.py to dispatch_json.cpython-312.pyc
[2.084s] byte-compiling /home/maria/rmf_ws/install/project_tasks/lib/python3.12/site-packages/project_tasks/dispatch_cart_delivery.py to dispatch_cart_delivery.cpython-312.pyc
[2.085s] byte-compiling /home/maria/rmf_ws/install/project_tasks/lib/python3.12/site-packages/project_tasks/request_loop.py to request_loop.cpython-312.pyc
[2.085s] byte-compiling /home/maria/rmf_ws/install/project_tasks/lib/python3.12/site-packages/project_tasks/__init__.py to __init__.cpython-312.pyc
[2.085s] running install_data
[2.086s] copying resource/project_tasks -> /home/maria/rmf_ws/install/project_tasks/share/ament_index/resource_index/packages
[2.086s] copying package.xml -> /home/maria/rmf_ws/install/project_tasks/share/project_tasks
[2.086s] running install_egg_info
[2.100s] Copying ../../../build/project_tasks/project_tasks.egg-info to /home/maria/rmf_ws/install/project_tasks/lib/python3.12/site-packages/project_tasks-2.8.1-py3.12.egg-info
[2.101s] running install_scripts
[2.204s] Installing api_request script to /home/maria/rmf_ws/install/project_tasks/lib/project_tasks
[2.205s] Installing cancel_robot_task script to /home/maria/rmf_ws/install/project_tasks/lib/project_tasks
[2.205s] Installing cancel_task script to /home/maria/rmf_ws/install/project_tasks/lib/project_tasks
[2.205s] Installing dispatch_action script to /home/maria/rmf_ws/install/project_tasks/lib/project_tasks
[2.205s] Installing dispatch_cart_delivery script to /home/maria/rmf_ws/install/project_tasks/lib/project_tasks
[2.205s] Installing dispatch_clean script to /home/maria/rmf_ws/install/project_tasks/lib/project_tasks
[2.205s] Installing dispatch_delivery script to /home/maria/rmf_ws/install/project_tasks/lib/project_tasks
[2.205s] Installing dispatch_dynamic_event script to /home/maria/rmf_ws/install/project_tasks/lib/project_tasks
[2.205s] Installing dispatch_go_to_place script to /home/maria/rmf_ws/install/project_tasks/lib/project_tasks
[2.206s] Installing dispatch_json script to /home/maria/rmf_ws/install/project_tasks/lib/project_tasks
[2.206s] Installing dispatch_loop script to /home/maria/rmf_ws/install/project_tasks/lib/project_tasks
[2.206s] Installing dispatch_patrol script to /home/maria/rmf_ws/install/project_tasks/lib/project_tasks
[2.206s] Installing dispatch_teleop script to /home/maria/rmf_ws/install/project_tasks/lib/project_tasks
[2.206s] Installing dynamic_event_client script to /home/maria/rmf_ws/install/project_tasks/lib/project_tasks
[2.206s] Installing emergency_signal script to /home/maria/rmf_ws/install/project_tasks/lib/project_tasks
[2.206s] Installing get_robot_location script to /home/maria/rmf_ws/install/project_tasks/lib/project_tasks
[2.206s] Installing mock_docker script to /home/maria/rmf_ws/install/project_tasks/lib/project_tasks
[2.207s] Installing request_lift script to /home/maria/rmf_ws/install/project_tasks/lib/project_tasks
[2.207s] Installing request_loop script to /home/maria/rmf_ws/install/project_tasks/lib/project_tasks
[2.207s] Installing teleop_robot script to /home/maria/rmf_ws/install/project_tasks/lib/project_tasks
[2.207s] Installing wait_for_task_complete script to /home/maria/rmf_ws/install/project_tasks/lib/project_tasks
[2.207s] writing list of installed files to '/home/maria/rmf_ws/build/project_tasks/install.log'
[2.236s] Invoked command in '/home/maria/rmf_ws/src/project/project_tasks' returned '0': PYTHONPATH=/home/maria/rmf_ws/build/project_tasks/prefix_override:/usr/lib/python3/dist-packages/colcon_core/task/python/colcon_distutils_commands:/home/maria/rmf_ws/install/project_tasks/lib/python3.12/site-packages:${PYTHONPATH} /usr/bin/python3 -W ignore:setup.py install is deprecated -W ignore:easy_install command is deprecated setup.py egg_info --egg-base ../../../build/project_tasks build --build-base /home/maria/rmf_ws/build/project_tasks/build install --record /home/maria/rmf_ws/build/project_tasks/install.log --single-version-externally-managed install_data --force
