-- The C compiler identification is GNU 13.3.0
-- The CXX compiler identification is GNU 13.3.0
-- Detecting C compiler ABI info
-- Detecting C compiler ABI info - done
-- Check for working C compiler: /usr/bin/cc - skipped
-- Detecting C compile features
-- Detecting C compile features - done
-- Detecting CXX compiler ABI info
-- Detecting CXX compiler ABI info - done
-- Check for working CXX compiler: /usr/bin/c++ - skipped
-- Detecting CXX compile features
-- Detecting CXX compile features - done
-- Found ament_cmake: 2.5.5 (/opt/ros/jazzy/share/ament_cmake/cmake)
-- Found Python3: /usr/bin/python3 (found version "3.12.3") found components: Interpreter 
-- Override CMake install command with custom implementation using symlinks instead of copying resources
-- Found ament_lint_auto: 0.17.4 (/opt/ros/jazzy/share/ament_lint_auto/cmake)
-- Added test 'lint_cmake' to check CMake code style
-- Added test 'xmllint' to check XML markup files
-- Configuring done (1.5s)
-- Generating done (0.0s)
-- Build files have been written to: /home/maria/rmf_ws/build/project_simulation
-- Install configuration: ""
-- Execute custom install script
-- Symlinking: /home/maria/rmf_ws/install/project_simulation/share/project_simulation/classroom.launch.xml
-- Symlinking: /home/maria/rmf_ws/install/project_simulation/share/project_simulation/estce.launch.xml
-- Symlinking: /home/maria/rmf_ws/install/project_simulation/share/project_simulation/simulation.launch.xml
-- Symlinking: /home/maria/rmf_ws/install/project_simulation/share/project_simulation/test1.launch.xml
-- Symlinking: /home/maria/rmf_ws/install/project_simulation/share/ament_index/resource_index/package_run_dependencies/project_simulation
-- Symlinking: /home/maria/rmf_ws/install/project_simulation/share/ament_index/resource_index/parent_prefix_path/project_simulation
-- Symlinking: /home/maria/rmf_ws/install/project_simulation/share/project_simulation/environment/ament_prefix_path.sh
-- Symlinking: /home/maria/rmf_ws/install/project_simulation/share/project_simulation/environment/ament_prefix_path.dsv
-- Symlinking: /home/maria/rmf_ws/install/project_simulation/share/project_simulation/environment/path.sh
-- Symlinking: /home/maria/rmf_ws/install/project_simulation/share/project_simulation/environment/path.dsv
-- Symlinking: /home/maria/rmf_ws/install/project_simulation/share/project_simulation/local_setup.bash
-- Symlinking: /home/maria/rmf_ws/install/project_simulation/share/project_simulation/local_setup.sh
-- Symlinking: /home/maria/rmf_ws/install/project_simulation/share/project_simulation/local_setup.zsh
-- Symlinking: /home/maria/rmf_ws/install/project_simulation/share/project_simulation/local_setup.dsv
-- Symlinking: /home/maria/rmf_ws/install/project_simulation/share/project_simulation/package.dsv
-- Symlinking: /home/maria/rmf_ws/install/project_simulation/share/ament_index/resource_index/packages/project_simulation
-- Symlinking: /home/maria/rmf_ws/install/project_simulation/share/project_simulation/cmake/project_simulationConfig.cmake
-- Symlinking: /home/maria/rmf_ws/install/project_simulation/share/project_simulation/cmake/project_simulationConfig-version.cmake
-- Symlinking: /home/maria/rmf_ws/install/project_simulation/share/project_simulation/package.xml
