[0.187s] Invoking command in '/home/maria/rmf_ws/build/project_maps': CMAKE_PREFIX_PATH=/home/maria/rmf_ws/install/project_simulation:/home/maria/rmf_ws/install/project_config:/home/maria/rmf_ws/install/project_maps:/home/maria/rmf_ws/install/project_assets:/home/maria/rmf_ws/src/project/install/project_simulation:/home/maria/rmf_ws/src/project/install/project_config:/home/maria/rmf_ws/src/project/install/project_maps:/home/maria/rmf_ws/src/project/install/project_assets:/home/maria/install/project_simulation:/home/maria/install/project_config:/home/maria/install/project_maps:/home/maria/install/project_assets:/rmf_demos_ws/install/rmf_workcell_msgs:/rmf_demos_ws/install/rmf_demos_gz:/rmf_demos_ws/install/rmf_demos:/rmf_demos_ws/install/rmf_reservation_node:/rmf_demos_ws/install/rmf_fleet_adapter_python:/rmf_demos_ws/install/rmf_fleet_adapter:/rmf_demos_ws/install/rmf_task_ros2:/rmf_demos_ws/install/rmf_websocket:/rmf_demos_ws/install/rmf_visualization:/rmf_demos_ws/install/rmf_visualization_schedule:/rmf_demos_ws/install/rmf_visualization_rviz2_plugins:/rmf_demos_ws/install/rmf_visualization_obstacles:/rmf_demos_ws/install/rmf_visualization_navgraphs:/rmf_demos_ws/install/rmf_visualization_floorplans:/rmf_demos_ws/install/rmf_visualization_fleet_states:/rmf_demos_ws/install/rmf_visualization_msgs:/rmf_demos_ws/install/rmf_traffic_ros2:/rmf_demos_ws/install/rmf_task_sequence:/rmf_demos_ws/install/rmf_task:/rmf_demos_ws/install/rmf_battery:/rmf_demos_ws/install/rmf_traffic:/rmf_demos_ws/install/rmf_utils:/rmf_demos_ws/install/rmf_traffic_msgs:/rmf_demos_ws/install/rmf_traffic_editor_test_maps:/rmf_demos_ws/install/rmf_traffic_editor_assets:/rmf_demos_ws/install/rmf_traffic_editor:/rmf_demos_ws/install/rmf_task_msgs:/rmf_demos_ws/install/rmf_site_map_msgs:/rmf_demos_ws/install/rmf_scheduler_msgs:/rmf_demos_ws/install/rmf_robot_sim_gz_plugins:/rmf_demos_ws/install/rmf_robot_sim_common:/rmf_demos_ws/install/rmf_reservation_msgs:/rmf_demos_ws/install/rmf_obstacle_msgs:/rmf_demos_ws/install/rmf_building_sim_gz_plugins:/rmf_demos_ws/install/rmf_lift_msgs:/rmf_demos_ws/install/rmf_ingestor_msgs:/rmf_demos_ws/install/rmf_fleet_msgs:/rmf_demos_ws/install/rmf_door_msgs:/rmf_demos_ws/install/rmf_dispenser_msgs:/rmf_demos_ws/install/rmf_demos_maps:/rmf_demos_ws/install/rmf_demos_assets:/rmf_demos_ws/install/rmf_charger_msgs:/rmf_demos_ws/install/rmf_building_map_msgs:/rmf_demos_ws/install/rmf_api_msgs:/rmf_demos_ws/install/nlohmann_json_schema_validator_vendor:/home/maria/rmf_ws/install/project_fleet_adapter:/home/maria/rmf_ws/src/project/install/project_fleet_adapter:/home/maria/install/project_fleet_adapter:/rmf_demos_ws/install/rmf_demos_fleet_adapter:/rmf_demos_ws/install/rmf_visualization_building_systems:/rmf_demos_ws/install/rmf_traffic_examples:/rmf_demos_ws/install/rmf_demos_bridges:/rmf_demos_ws/install/rmf_demos_tasks:/rmf_demos_ws/install/rmf_building_map_tools:/rmf_demos_ws/install/rmf_charging_schedule:/opt/ros/jazzy:/rmf_demos_ws/install/menge_vendor:/rmf_demos_ws/install/ament_cmake_catch2:/opt/ros/jazzy/opt/gz_sim_vendor:/opt/ros/jazzy/opt/gz_sensors_vendor:/opt/ros/jazzy/opt/gz_physics_vendor:/opt/ros/jazzy/opt/sdformat_vendor:/opt/ros/jazzy/opt/gz_gui_vendor:/opt/ros/jazzy/opt/gz_transport_vendor:/opt/ros/jazzy/opt/gz_rendering_vendor:/opt/ros/jazzy/opt/gz_plugin_vendor:/opt/ros/jazzy/opt/gz_fuel_tools_vendor:/opt/ros/jazzy/opt/gz_msgs_vendor:/opt/ros/jazzy/opt/gz_common_vendor:/opt/ros/jazzy/opt/gz_math_vendor:/opt/ros/jazzy/opt/gz_utils_vendor:/opt/ros/jazzy/opt/gz_tools_vendor:/opt/ros/jazzy/opt/gz_ogre_next_vendor:/opt/ros/jazzy/opt/gz_dartsim_vendor:/opt/ros/jazzy/opt/gz_cmake_vendor /usr/bin/cmake /home/maria/rmf_ws/src/project/project_maps -DCMAKE_INSTALL_PREFIX=/home/maria/rmf_ws/install/project_maps
[0.237s] -- The C compiler identification is GNU 13.3.0
[0.280s] -- The CXX compiler identification is GNU 13.3.0
[0.294s] -- Detecting C compiler ABI info
[0.374s] -- Detecting C compiler ABI info - done
[0.385s] -- Check for working C compiler: /usr/bin/cc - skipped
[0.385s] -- Detecting C compile features
[0.386s] -- Detecting C compile features - done
[0.393s] -- Detecting CXX compiler ABI info
[0.484s] -- Detecting CXX compiler ABI info - done
[0.495s] -- Check for working CXX compiler: /usr/bin/c++ - skipped
[0.495s] -- Detecting CXX compile features
[0.495s] -- Detecting CXX compile features - done
[0.502s] -- Found ament_cmake: 2.5.5 (/opt/ros/jazzy/share/ament_cmake/cmake)
[0.679s] -- Found Python3: /usr/bin/python3 (found version "3.12.3") found components: Interpreter 
[0.918s] [0mBUILDING WORLDFILE WITH COMMAND: ros2 run rmf_building_map_tools building_map_generator gazebo /home/maria/rmf_ws/src/project/project_maps/maps/test1/test1.building.yaml /home/maria/rmf_ws/build/project_maps/maps/test1/test1.world /home/maria/rmf_ws/build/project_maps/maps/test1/models[0m
[0.919s] -- Configuring done (0.7s)
[0.924s] -- Generating done (0.0s)
[0.927s] -- Build files have been written to: /home/maria/rmf_ws/build/project_maps
[0.932s] Invoked command in '/home/maria/rmf_ws/build/project_maps' returned '0': CMAKE_PREFIX_PATH=/home/maria/rmf_ws/install/project_simulation:/home/maria/rmf_ws/install/project_config:/home/maria/rmf_ws/install/project_maps:/home/maria/rmf_ws/install/project_assets:/home/maria/rmf_ws/src/project/install/project_simulation:/home/maria/rmf_ws/src/project/install/project_config:/home/maria/rmf_ws/src/project/install/project_maps:/home/maria/rmf_ws/src/project/install/project_assets:/home/maria/install/project_simulation:/home/maria/install/project_config:/home/maria/install/project_maps:/home/maria/install/project_assets:/rmf_demos_ws/install/rmf_workcell_msgs:/rmf_demos_ws/install/rmf_demos_gz:/rmf_demos_ws/install/rmf_demos:/rmf_demos_ws/install/rmf_reservation_node:/rmf_demos_ws/install/rmf_fleet_adapter_python:/rmf_demos_ws/install/rmf_fleet_adapter:/rmf_demos_ws/install/rmf_task_ros2:/rmf_demos_ws/install/rmf_websocket:/rmf_demos_ws/install/rmf_visualization:/rmf_demos_ws/install/rmf_visualization_schedule:/rmf_demos_ws/install/rmf_visualization_rviz2_plugins:/rmf_demos_ws/install/rmf_visualization_obstacles:/rmf_demos_ws/install/rmf_visualization_navgraphs:/rmf_demos_ws/install/rmf_visualization_floorplans:/rmf_demos_ws/install/rmf_visualization_fleet_states:/rmf_demos_ws/install/rmf_visualization_msgs:/rmf_demos_ws/install/rmf_traffic_ros2:/rmf_demos_ws/install/rmf_task_sequence:/rmf_demos_ws/install/rmf_task:/rmf_demos_ws/install/rmf_battery:/rmf_demos_ws/install/rmf_traffic:/rmf_demos_ws/install/rmf_utils:/rmf_demos_ws/install/rmf_traffic_msgs:/rmf_demos_ws/install/rmf_traffic_editor_test_maps:/rmf_demos_ws/install/rmf_traffic_editor_assets:/rmf_demos_ws/install/rmf_traffic_editor:/rmf_demos_ws/install/rmf_task_msgs:/rmf_demos_ws/install/rmf_site_map_msgs:/rmf_demos_ws/install/rmf_scheduler_msgs:/rmf_demos_ws/install/rmf_robot_sim_gz_plugins:/rmf_demos_ws/install/rmf_robot_sim_common:/rmf_demos_ws/install/rmf_reservation_msgs:/rmf_demos_ws/install/rmf_obstacle_msgs:/rmf_demos_ws/install/rmf_building_sim_gz_plugins:/rmf_demos_ws/install/rmf_lift_msgs:/rmf_demos_ws/install/rmf_ingestor_msgs:/rmf_demos_ws/install/rmf_fleet_msgs:/rmf_demos_ws/install/rmf_door_msgs:/rmf_demos_ws/install/rmf_dispenser_msgs:/rmf_demos_ws/install/rmf_demos_maps:/rmf_demos_ws/install/rmf_demos_assets:/rmf_demos_ws/install/rmf_charger_msgs:/rmf_demos_ws/install/rmf_building_map_msgs:/rmf_demos_ws/install/rmf_api_msgs:/rmf_demos_ws/install/nlohmann_json_schema_validator_vendor:/home/maria/rmf_ws/install/project_fleet_adapter:/home/maria/rmf_ws/src/project/install/project_fleet_adapter:/home/maria/install/project_fleet_adapter:/rmf_demos_ws/install/rmf_demos_fleet_adapter:/rmf_demos_ws/install/rmf_visualization_building_systems:/rmf_demos_ws/install/rmf_traffic_examples:/rmf_demos_ws/install/rmf_demos_bridges:/rmf_demos_ws/install/rmf_demos_tasks:/rmf_demos_ws/install/rmf_building_map_tools:/rmf_demos_ws/install/rmf_charging_schedule:/opt/ros/jazzy:/rmf_demos_ws/install/menge_vendor:/rmf_demos_ws/install/ament_cmake_catch2:/opt/ros/jazzy/opt/gz_sim_vendor:/opt/ros/jazzy/opt/gz_sensors_vendor:/opt/ros/jazzy/opt/gz_physics_vendor:/opt/ros/jazzy/opt/sdformat_vendor:/opt/ros/jazzy/opt/gz_gui_vendor:/opt/ros/jazzy/opt/gz_transport_vendor:/opt/ros/jazzy/opt/gz_rendering_vendor:/opt/ros/jazzy/opt/gz_plugin_vendor:/opt/ros/jazzy/opt/gz_fuel_tools_vendor:/opt/ros/jazzy/opt/gz_msgs_vendor:/opt/ros/jazzy/opt/gz_common_vendor:/opt/ros/jazzy/opt/gz_math_vendor:/opt/ros/jazzy/opt/gz_utils_vendor:/opt/ros/jazzy/opt/gz_tools_vendor:/opt/ros/jazzy/opt/gz_ogre_next_vendor:/opt/ros/jazzy/opt/gz_dartsim_vendor:/opt/ros/jazzy/opt/gz_cmake_vendor /usr/bin/cmake /home/maria/rmf_ws/src/project/project_maps -DCMAKE_INSTALL_PREFIX=/home/maria/rmf_ws/install/project_maps
[0.933s] Invoking command in '/home/maria/rmf_ws/build/project_maps': CMAKE_PREFIX_PATH=/home/maria/rmf_ws/install/project_simulation:/home/maria/rmf_ws/install/project_config:/home/maria/rmf_ws/install/project_maps:/home/maria/rmf_ws/install/project_assets:/home/maria/rmf_ws/src/project/install/project_simulation:/home/maria/rmf_ws/src/project/install/project_config:/home/maria/rmf_ws/src/project/install/project_maps:/home/maria/rmf_ws/src/project/install/project_assets:/home/maria/install/project_simulation:/home/maria/install/project_config:/home/maria/install/project_maps:/home/maria/install/project_assets:/rmf_demos_ws/install/rmf_workcell_msgs:/rmf_demos_ws/install/rmf_demos_gz:/rmf_demos_ws/install/rmf_demos:/rmf_demos_ws/install/rmf_reservation_node:/rmf_demos_ws/install/rmf_fleet_adapter_python:/rmf_demos_ws/install/rmf_fleet_adapter:/rmf_demos_ws/install/rmf_task_ros2:/rmf_demos_ws/install/rmf_websocket:/rmf_demos_ws/install/rmf_visualization:/rmf_demos_ws/install/rmf_visualization_schedule:/rmf_demos_ws/install/rmf_visualization_rviz2_plugins:/rmf_demos_ws/install/rmf_visualization_obstacles:/rmf_demos_ws/install/rmf_visualization_navgraphs:/rmf_demos_ws/install/rmf_visualization_floorplans:/rmf_demos_ws/install/rmf_visualization_fleet_states:/rmf_demos_ws/install/rmf_visualization_msgs:/rmf_demos_ws/install/rmf_traffic_ros2:/rmf_demos_ws/install/rmf_task_sequence:/rmf_demos_ws/install/rmf_task:/rmf_demos_ws/install/rmf_battery:/rmf_demos_ws/install/rmf_traffic:/rmf_demos_ws/install/rmf_utils:/rmf_demos_ws/install/rmf_traffic_msgs:/rmf_demos_ws/install/rmf_traffic_editor_test_maps:/rmf_demos_ws/install/rmf_traffic_editor_assets:/rmf_demos_ws/install/rmf_traffic_editor:/rmf_demos_ws/install/rmf_task_msgs:/rmf_demos_ws/install/rmf_site_map_msgs:/rmf_demos_ws/install/rmf_scheduler_msgs:/rmf_demos_ws/install/rmf_robot_sim_gz_plugins:/rmf_demos_ws/install/rmf_robot_sim_common:/rmf_demos_ws/install/rmf_reservation_msgs:/rmf_demos_ws/install/rmf_obstacle_msgs:/rmf_demos_ws/install/rmf_building_sim_gz_plugins:/rmf_demos_ws/install/rmf_lift_msgs:/rmf_demos_ws/install/rmf_ingestor_msgs:/rmf_demos_ws/install/rmf_fleet_msgs:/rmf_demos_ws/install/rmf_door_msgs:/rmf_demos_ws/install/rmf_dispenser_msgs:/rmf_demos_ws/install/rmf_demos_maps:/rmf_demos_ws/install/rmf_demos_assets:/rmf_demos_ws/install/rmf_charger_msgs:/rmf_demos_ws/install/rmf_building_map_msgs:/rmf_demos_ws/install/rmf_api_msgs:/rmf_demos_ws/install/nlohmann_json_schema_validator_vendor:/home/maria/rmf_ws/install/project_fleet_adapter:/home/maria/rmf_ws/src/project/install/project_fleet_adapter:/home/maria/install/project_fleet_adapter:/rmf_demos_ws/install/rmf_demos_fleet_adapter:/rmf_demos_ws/install/rmf_visualization_building_systems:/rmf_demos_ws/install/rmf_traffic_examples:/rmf_demos_ws/install/rmf_demos_bridges:/rmf_demos_ws/install/rmf_demos_tasks:/rmf_demos_ws/install/rmf_building_map_tools:/rmf_demos_ws/install/rmf_charging_schedule:/opt/ros/jazzy:/rmf_demos_ws/install/menge_vendor:/rmf_demos_ws/install/ament_cmake_catch2:/opt/ros/jazzy/opt/gz_sim_vendor:/opt/ros/jazzy/opt/gz_sensors_vendor:/opt/ros/jazzy/opt/gz_physics_vendor:/opt/ros/jazzy/opt/sdformat_vendor:/opt/ros/jazzy/opt/gz_gui_vendor:/opt/ros/jazzy/opt/gz_transport_vendor:/opt/ros/jazzy/opt/gz_rendering_vendor:/opt/ros/jazzy/opt/gz_plugin_vendor:/opt/ros/jazzy/opt/gz_fuel_tools_vendor:/opt/ros/jazzy/opt/gz_msgs_vendor:/opt/ros/jazzy/opt/gz_common_vendor:/opt/ros/jazzy/opt/gz_math_vendor:/opt/ros/jazzy/opt/gz_utils_vendor:/opt/ros/jazzy/opt/gz_tools_vendor:/opt/ros/jazzy/opt/gz_ogre_next_vendor:/opt/ros/jazzy/opt/gz_dartsim_vendor:/opt/ros/jazzy/opt/gz_cmake_vendor /usr/bin/cmake --build /home/maria/rmf_ws/build/project_maps -- -j8 -l8
[0.985s] [ 50%] [34m[1mGenerating maps/test1/nav_graphs/phony[0m
[1.254s] Load success!
[1.254s] 
[1.254s] Cache found! Model count: 3238 
[1.254s] Updating cache...
[1.254s] Topping up Fuel (updating cache) from: https://fuel.gazebosim.org/1.0/models
[1.254s] Fetching page: 1
[1.361s] building name: test1
[1.361s] coordinate system: reference_image
[1.361s] parsing level L1
[1.361s] parsing level L2
[1.361s] calculating levels relative to L1
[1.362s] WARNING! No measurements defined. Scale is indetermined.
[1.362s]          Nav graph generated in pixel units, not meters!
[1.362s] calculating level L2 offset and scale...
[1.362s]   1 common fiducials:
[1.362s] Transform.set_from_fiducials()
[1.362s]   1 fiducial pairs:
[1.362s]     (1.255, -1.106) -> (2.232, -1.759)   
[1.362s] Bearings:
[1.362s] []
[1.362s] generating nav data
[1.362s] hooray, we found an intersection: t=0.462, u=0.463
[1.362s]   (28.327,-30.218),(116.593,-30.218) and (69.145,-23.111),(69.145,-38.456)
[1.362s] found intersection with door null!
[1.362s] writing /home/maria/rmf_ws/build/project_maps/maps/test1/nav_graphs/0.yaml
[1.412s] [ 50%] Built target generate_test1_nav_graphs
[2.011s] Cached model found! Halting Fuel traversal...
[2.011s] Writing to cache: /home/maria/.pit_crew/model_cache.json
[2.046s] New models cached: 0
[2.047s] 
[2.083s] [ 50%] Built target update_model_cache
[2.432s] generating /home/maria/rmf_ws/build/project_maps/maps/test1/test1.world from /home/maria/rmf_ws/src/project/project_maps/maps/test1/test1.building.yaml
[2.433s] building name: test1
[2.433s] coordinate system: reference_image
[2.433s] parsing level L1
[2.433s] parsing level L2
[2.433s] calculating levels relative to L1
[2.434s] WARNING! No measurements defined. Scale is indetermined.
[2.434s]          Nav graph generated in pixel units, not meters!
[2.434s] calculating level L2 offset and scale...
[2.434s]   1 common fiducials:
[2.434s] Transform.set_from_fiducials()
[2.434s]   1 fiducial pairs:
[2.434s]     (1.255, -1.106) -> (2.232, -1.759)   
[2.434s] Bearings:
[2.434s] []
[2.434s] generating model of level L1 in /home/maria/rmf_ws/build/project_maps/maps/test1/models/test1_L1
[2.434s]   wrote /home/maria/rmf_ws/build/project_maps/maps/test1/models/test1_L1/model.config
[2.434s] generating floor polygon 1 on floor test1_L1
[2.434s] hole vertices: []
[2.434s] lift vertices: {}
[2.435s] [[0, 3, 2], [0, 2, 1]]
[2.435s]   wrote /home/maria/rmf_ws/build/project_maps/maps/test1/models/test1_L1/meshes/floor_1.obj
[2.436s]   wrote /home/maria/rmf_ws/build/project_maps/maps/test1/models/test1_L1/meshes/blue_linoleum.png
[2.436s]   wrote /home/maria/rmf_ws/build/project_maps/maps/test1/models/test1_L1/meshes/floor_1.mtl
[2.436s] Walls Generation, wall params list: [{'alpha': <building_map.param_value.ParamValue object at 0x784ea8c777d0>, 'texture_height': <building_map.param_value.ParamValue object at 0x784ea8c777a0>, 'texture_name': <building_map.param_value.ParamValue object at 0x784ea8c77770>, 'texture_scale': <building_map.param_value.ParamValue object at 0x784ea8c77920>, 'texture_width': <building_map.param_value.ParamValue object at 0x784ea8c77410>}]
[2.436s] generating wall: 1 on floor: test1_L1
[2.436s]   wrote /home/maria/rmf_ws/build/project_maps/maps/test1/models/test1_L1/meshes/default.png
[2.436s] generate_wall_visual_mesh(test1_L1, /home/maria/rmf_ws/build/project_maps/maps/test1/models/test1_L1)
[2.436s]   generating /home/maria/rmf_ws/build/project_maps/maps/test1/models/test1_L1/meshes/wall_1.obj
[2.437s]   generating /home/maria/rmf_ws/build/project_maps/maps/test1/models/test1_L1/meshes/wall_1.mtl
[2.437s]   wrote /home/maria/rmf_ws/build/project_maps/maps/test1/models/test1_L1/model.sdf
[2.437s] generating model of level L2 in /home/maria/rmf_ws/build/project_maps/maps/test1/models/test1_L2
[2.437s]   wrote /home/maria/rmf_ws/build/project_maps/maps/test1/models/test1_L2/model.config
[2.437s] Walls Generation, wall params list: [{'alpha': <building_map.param_value.ParamValue object at 0x784ea8a583e0>, 'texture_height': <building_map.param_value.ParamValue object at 0x784ea8a58410>, 'texture_name': <building_map.param_value.ParamValue object at 0x784ea8a58440>, 'texture_scale': <building_map.param_value.ParamValue object at 0x784ea8a58470>, 'texture_width': <building_map.param_value.ParamValue object at 0x784ea8a584d0>}]
[2.437s] generating wall: 1 on floor: test1_L2
[2.437s]   wrote /home/maria/rmf_ws/build/project_maps/maps/test1/models/test1_L2/meshes/default.png
[2.437s] generate_wall_visual_mesh(test1_L2, /home/maria/rmf_ws/build/project_maps/maps/test1/models/test1_L2)
[2.437s]   generating /home/maria/rmf_ws/build/project_maps/maps/test1/models/test1_L2/meshes/wall_1.obj
[2.437s]   generating /home/maria/rmf_ws/build/project_maps/maps/test1/models/test1_L2/meshes/wall_1.mtl
[2.438s]   wrote /home/maria/rmf_ws/build/project_maps/maps/test1/models/test1_L2/model.sdf
[2.453s] spawning robot name tinyRobot1 of type TInyRobot
[2.453s] generate door name=null type=sliding
[2.453s] Door(null)
[2.454s] 14066 bytes written to /home/maria/rmf_ws/build/project_maps/maps/test1/test1.world
[2.503s] [ 50%] Built target test1
[2.526s] [100%] [34m[1mGenerating test1_crowdsim[0m
[2.865s] Creating output folder path:  /home/maria/rmf_ws/build/project_maps/maps/test1/config_resource/
[2.876s] crowdsim unable to parse, not attempting to proceed
[2.888s] crowdsim unable to parse, not attempting to proceed
[2.941s] [100%] Built target generate_test1_crowdsim
[2.952s] Invoked command in '/home/maria/rmf_ws/build/project_maps' returned '0': CMAKE_PREFIX_PATH=/home/maria/rmf_ws/install/project_simulation:/home/maria/rmf_ws/install/project_config:/home/maria/rmf_ws/install/project_maps:/home/maria/rmf_ws/install/project_assets:/home/maria/rmf_ws/src/project/install/project_simulation:/home/maria/rmf_ws/src/project/install/project_config:/home/maria/rmf_ws/src/project/install/project_maps:/home/maria/rmf_ws/src/project/install/project_assets:/home/maria/install/project_simulation:/home/maria/install/project_config:/home/maria/install/project_maps:/home/maria/install/project_assets:/rmf_demos_ws/install/rmf_workcell_msgs:/rmf_demos_ws/install/rmf_demos_gz:/rmf_demos_ws/install/rmf_demos:/rmf_demos_ws/install/rmf_reservation_node:/rmf_demos_ws/install/rmf_fleet_adapter_python:/rmf_demos_ws/install/rmf_fleet_adapter:/rmf_demos_ws/install/rmf_task_ros2:/rmf_demos_ws/install/rmf_websocket:/rmf_demos_ws/install/rmf_visualization:/rmf_demos_ws/install/rmf_visualization_schedule:/rmf_demos_ws/install/rmf_visualization_rviz2_plugins:/rmf_demos_ws/install/rmf_visualization_obstacles:/rmf_demos_ws/install/rmf_visualization_navgraphs:/rmf_demos_ws/install/rmf_visualization_floorplans:/rmf_demos_ws/install/rmf_visualization_fleet_states:/rmf_demos_ws/install/rmf_visualization_msgs:/rmf_demos_ws/install/rmf_traffic_ros2:/rmf_demos_ws/install/rmf_task_sequence:/rmf_demos_ws/install/rmf_task:/rmf_demos_ws/install/rmf_battery:/rmf_demos_ws/install/rmf_traffic:/rmf_demos_ws/install/rmf_utils:/rmf_demos_ws/install/rmf_traffic_msgs:/rmf_demos_ws/install/rmf_traffic_editor_test_maps:/rmf_demos_ws/install/rmf_traffic_editor_assets:/rmf_demos_ws/install/rmf_traffic_editor:/rmf_demos_ws/install/rmf_task_msgs:/rmf_demos_ws/install/rmf_site_map_msgs:/rmf_demos_ws/install/rmf_scheduler_msgs:/rmf_demos_ws/install/rmf_robot_sim_gz_plugins:/rmf_demos_ws/install/rmf_robot_sim_common:/rmf_demos_ws/install/rmf_reservation_msgs:/rmf_demos_ws/install/rmf_obstacle_msgs:/rmf_demos_ws/install/rmf_building_sim_gz_plugins:/rmf_demos_ws/install/rmf_lift_msgs:/rmf_demos_ws/install/rmf_ingestor_msgs:/rmf_demos_ws/install/rmf_fleet_msgs:/rmf_demos_ws/install/rmf_door_msgs:/rmf_demos_ws/install/rmf_dispenser_msgs:/rmf_demos_ws/install/rmf_demos_maps:/rmf_demos_ws/install/rmf_demos_assets:/rmf_demos_ws/install/rmf_charger_msgs:/rmf_demos_ws/install/rmf_building_map_msgs:/rmf_demos_ws/install/rmf_api_msgs:/rmf_demos_ws/install/nlohmann_json_schema_validator_vendor:/home/maria/rmf_ws/install/project_fleet_adapter:/home/maria/rmf_ws/src/project/install/project_fleet_adapter:/home/maria/install/project_fleet_adapter:/rmf_demos_ws/install/rmf_demos_fleet_adapter:/rmf_demos_ws/install/rmf_visualization_building_systems:/rmf_demos_ws/install/rmf_traffic_examples:/rmf_demos_ws/install/rmf_demos_bridges:/rmf_demos_ws/install/rmf_demos_tasks:/rmf_demos_ws/install/rmf_building_map_tools:/rmf_demos_ws/install/rmf_charging_schedule:/opt/ros/jazzy:/rmf_demos_ws/install/menge_vendor:/rmf_demos_ws/install/ament_cmake_catch2:/opt/ros/jazzy/opt/gz_sim_vendor:/opt/ros/jazzy/opt/gz_sensors_vendor:/opt/ros/jazzy/opt/gz_physics_vendor:/opt/ros/jazzy/opt/sdformat_vendor:/opt/ros/jazzy/opt/gz_gui_vendor:/opt/ros/jazzy/opt/gz_transport_vendor:/opt/ros/jazzy/opt/gz_rendering_vendor:/opt/ros/jazzy/opt/gz_plugin_vendor:/opt/ros/jazzy/opt/gz_fuel_tools_vendor:/opt/ros/jazzy/opt/gz_msgs_vendor:/opt/ros/jazzy/opt/gz_common_vendor:/opt/ros/jazzy/opt/gz_math_vendor:/opt/ros/jazzy/opt/gz_utils_vendor:/opt/ros/jazzy/opt/gz_tools_vendor:/opt/ros/jazzy/opt/gz_ogre_next_vendor:/opt/ros/jazzy/opt/gz_dartsim_vendor:/opt/ros/jazzy/opt/gz_cmake_vendor /usr/bin/cmake --build /home/maria/rmf_ws/build/project_maps -- -j8 -l8
[2.952s] Invoking command in '/home/maria/rmf_ws/build/project_maps': CMAKE_PREFIX_PATH=/home/maria/rmf_ws/install/project_simulation:/home/maria/rmf_ws/install/project_config:/home/maria/rmf_ws/install/project_maps:/home/maria/rmf_ws/install/project_assets:/home/maria/rmf_ws/src/project/install/project_simulation:/home/maria/rmf_ws/src/project/install/project_config:/home/maria/rmf_ws/src/project/install/project_maps:/home/maria/rmf_ws/src/project/install/project_assets:/home/maria/install/project_simulation:/home/maria/install/project_config:/home/maria/install/project_maps:/home/maria/install/project_assets:/rmf_demos_ws/install/rmf_workcell_msgs:/rmf_demos_ws/install/rmf_demos_gz:/rmf_demos_ws/install/rmf_demos:/rmf_demos_ws/install/rmf_reservation_node:/rmf_demos_ws/install/rmf_fleet_adapter_python:/rmf_demos_ws/install/rmf_fleet_adapter:/rmf_demos_ws/install/rmf_task_ros2:/rmf_demos_ws/install/rmf_websocket:/rmf_demos_ws/install/rmf_visualization:/rmf_demos_ws/install/rmf_visualization_schedule:/rmf_demos_ws/install/rmf_visualization_rviz2_plugins:/rmf_demos_ws/install/rmf_visualization_obstacles:/rmf_demos_ws/install/rmf_visualization_navgraphs:/rmf_demos_ws/install/rmf_visualization_floorplans:/rmf_demos_ws/install/rmf_visualization_fleet_states:/rmf_demos_ws/install/rmf_visualization_msgs:/rmf_demos_ws/install/rmf_traffic_ros2:/rmf_demos_ws/install/rmf_task_sequence:/rmf_demos_ws/install/rmf_task:/rmf_demos_ws/install/rmf_battery:/rmf_demos_ws/install/rmf_traffic:/rmf_demos_ws/install/rmf_utils:/rmf_demos_ws/install/rmf_traffic_msgs:/rmf_demos_ws/install/rmf_traffic_editor_test_maps:/rmf_demos_ws/install/rmf_traffic_editor_assets:/rmf_demos_ws/install/rmf_traffic_editor:/rmf_demos_ws/install/rmf_task_msgs:/rmf_demos_ws/install/rmf_site_map_msgs:/rmf_demos_ws/install/rmf_scheduler_msgs:/rmf_demos_ws/install/rmf_robot_sim_gz_plugins:/rmf_demos_ws/install/rmf_robot_sim_common:/rmf_demos_ws/install/rmf_reservation_msgs:/rmf_demos_ws/install/rmf_obstacle_msgs:/rmf_demos_ws/install/rmf_building_sim_gz_plugins:/rmf_demos_ws/install/rmf_lift_msgs:/rmf_demos_ws/install/rmf_ingestor_msgs:/rmf_demos_ws/install/rmf_fleet_msgs:/rmf_demos_ws/install/rmf_door_msgs:/rmf_demos_ws/install/rmf_dispenser_msgs:/rmf_demos_ws/install/rmf_demos_maps:/rmf_demos_ws/install/rmf_demos_assets:/rmf_demos_ws/install/rmf_charger_msgs:/rmf_demos_ws/install/rmf_building_map_msgs:/rmf_demos_ws/install/rmf_api_msgs:/rmf_demos_ws/install/nlohmann_json_schema_validator_vendor:/home/maria/rmf_ws/install/project_fleet_adapter:/home/maria/rmf_ws/src/project/install/project_fleet_adapter:/home/maria/install/project_fleet_adapter:/rmf_demos_ws/install/rmf_demos_fleet_adapter:/rmf_demos_ws/install/rmf_visualization_building_systems:/rmf_demos_ws/install/rmf_traffic_examples:/rmf_demos_ws/install/rmf_demos_bridges:/rmf_demos_ws/install/rmf_demos_tasks:/rmf_demos_ws/install/rmf_building_map_tools:/rmf_demos_ws/install/rmf_charging_schedule:/opt/ros/jazzy:/rmf_demos_ws/install/menge_vendor:/rmf_demos_ws/install/ament_cmake_catch2:/opt/ros/jazzy/opt/gz_sim_vendor:/opt/ros/jazzy/opt/gz_sensors_vendor:/opt/ros/jazzy/opt/gz_physics_vendor:/opt/ros/jazzy/opt/sdformat_vendor:/opt/ros/jazzy/opt/gz_gui_vendor:/opt/ros/jazzy/opt/gz_transport_vendor:/opt/ros/jazzy/opt/gz_rendering_vendor:/opt/ros/jazzy/opt/gz_plugin_vendor:/opt/ros/jazzy/opt/gz_fuel_tools_vendor:/opt/ros/jazzy/opt/gz_msgs_vendor:/opt/ros/jazzy/opt/gz_common_vendor:/opt/ros/jazzy/opt/gz_math_vendor:/opt/ros/jazzy/opt/gz_utils_vendor:/opt/ros/jazzy/opt/gz_tools_vendor:/opt/ros/jazzy/opt/gz_ogre_next_vendor:/opt/ros/jazzy/opt/gz_dartsim_vendor:/opt/ros/jazzy/opt/gz_cmake_vendor /usr/bin/cmake --install /home/maria/rmf_ws/build/project_maps
[2.960s] -- Install configuration: ""
[2.960s] -- Installing: /home/maria/rmf_ws/install/project_maps/share/project_maps
[2.960s] -- Installing: /home/maria/rmf_ws/install/project_maps/share/project_maps/test1
[2.960s] -- Installing: /home/maria/rmf_ws/install/project_maps/share/project_maps/test1/test1.building.yaml
[2.960s] -- Installing: /home/maria/rmf_ws/install/project_maps/share/ament_index/resource_index/package_run_dependencies/project_maps
[2.960s] -- Installing: /home/maria/rmf_ws/install/project_maps/share/ament_index/resource_index/parent_prefix_path/project_maps
[2.961s] -- Installing: /home/maria/rmf_ws/install/project_maps/share/project_maps/environment/ament_prefix_path.sh
[2.961s] -- Installing: /home/maria/rmf_ws/install/project_maps/share/project_maps/environment/ament_prefix_path.dsv
[2.961s] -- Installing: /home/maria/rmf_ws/install/project_maps/share/project_maps/environment/path.sh
[2.961s] -- Installing: /home/maria/rmf_ws/install/project_maps/share/project_maps/environment/path.dsv
[2.961s] -- Installing: /home/maria/rmf_ws/install/project_maps/share/project_maps/local_setup.bash
[2.961s] -- Installing: /home/maria/rmf_ws/install/project_maps/share/project_maps/local_setup.sh
[2.961s] -- Installing: /home/maria/rmf_ws/install/project_maps/share/project_maps/local_setup.zsh
[2.961s] -- Installing: /home/maria/rmf_ws/install/project_maps/share/project_maps/local_setup.dsv
[2.961s] -- Installing: /home/maria/rmf_ws/install/project_maps/share/project_maps/package.dsv
[2.961s] -- Installing: /home/maria/rmf_ws/install/project_maps/share/ament_index/resource_index/packages/project_maps
[2.961s] -- Installing: /home/maria/rmf_ws/install/project_maps/share/project_maps/cmake/project_mapsConfig.cmake
[2.961s] -- Installing: /home/maria/rmf_ws/install/project_maps/share/project_maps/cmake/project_mapsConfig-version.cmake
[2.962s] -- Installing: /home/maria/rmf_ws/install/project_maps/share/project_maps/package.xml
[2.962s] -- Installing: /home/maria/rmf_ws/install/project_maps/share/project_maps/maps/test1
[2.962s] -- Installing: /home/maria/rmf_ws/install/project_maps/share/project_maps/maps/test1/nav_graphs
[2.962s] -- Installing: /home/maria/rmf_ws/install/project_maps/share/project_maps/maps/test1/nav_graphs/0.yaml
[2.962s] -- Installing: /home/maria/rmf_ws/install/project_maps/share/project_maps/maps/test1/config_resource
[2.962s] -- Installing: /home/maria/rmf_ws/install/project_maps/share/project_maps/maps/test1/test1.world
[2.962s] -- Installing: /home/maria/rmf_ws/install/project_maps/share/project_maps/maps/test1/models
[2.962s] -- Installing: /home/maria/rmf_ws/install/project_maps/share/project_maps/maps/test1/models/test1_L2
[2.962s] -- Installing: /home/maria/rmf_ws/install/project_maps/share/project_maps/maps/test1/models/test1_L2/meshes
[2.962s] -- Installing: /home/maria/rmf_ws/install/project_maps/share/project_maps/maps/test1/models/test1_L2/meshes/model.material
[2.962s] -- Installing: /home/maria/rmf_ws/install/project_maps/share/project_maps/maps/test1/models/test1_L2/meshes/wall_1.obj
[2.962s] -- Installing: /home/maria/rmf_ws/install/project_maps/share/project_maps/maps/test1/models/test1_L2/meshes/wall_1.mtl
[2.962s] -- Installing: /home/maria/rmf_ws/install/project_maps/share/project_maps/maps/test1/models/test1_L2/meshes/default.png
[2.962s] -- Installing: /home/maria/rmf_ws/install/project_maps/share/project_maps/maps/test1/models/test1_L2/model.sdf
[2.962s] -- Installing: /home/maria/rmf_ws/install/project_maps/share/project_maps/maps/test1/models/test1_L2/model.config
[2.962s] -- Installing: /home/maria/rmf_ws/install/project_maps/share/project_maps/maps/test1/models/test1_L1
[2.962s] -- Installing: /home/maria/rmf_ws/install/project_maps/share/project_maps/maps/test1/models/test1_L1/meshes
[2.963s] -- Installing: /home/maria/rmf_ws/install/project_maps/share/project_maps/maps/test1/models/test1_L1/meshes/floor_1.obj
[2.963s] -- Installing: /home/maria/rmf_ws/install/project_maps/share/project_maps/maps/test1/models/test1_L1/meshes/floor_1.mtl
[2.963s] -- Installing: /home/maria/rmf_ws/install/project_maps/share/project_maps/maps/test1/models/test1_L1/meshes/model.material
[2.963s] -- Installing: /home/maria/rmf_ws/install/project_maps/share/project_maps/maps/test1/models/test1_L1/meshes/wall_1.obj
[2.963s] -- Installing: /home/maria/rmf_ws/install/project_maps/share/project_maps/maps/test1/models/test1_L1/meshes/wall_1.mtl
[2.963s] -- Installing: /home/maria/rmf_ws/install/project_maps/share/project_maps/maps/test1/models/test1_L1/meshes/default.png
[2.963s] -- Installing: /home/maria/rmf_ws/install/project_maps/share/project_maps/maps/test1/models/test1_L1/meshes/blue_linoleum.png
[2.963s] -- Installing: /home/maria/rmf_ws/install/project_maps/share/project_maps/maps/test1/models/test1_L1/model.sdf
[2.963s] -- Installing: /home/maria/rmf_ws/install/project_maps/share/project_maps/maps/test1/models/test1_L1/model.config
[2.964s] Invoked command in '/home/maria/rmf_ws/build/project_maps' returned '0': CMAKE_PREFIX_PATH=/home/maria/rmf_ws/install/project_simulation:/home/maria/rmf_ws/install/project_config:/home/maria/rmf_ws/install/project_maps:/home/maria/rmf_ws/install/project_assets:/home/maria/rmf_ws/src/project/install/project_simulation:/home/maria/rmf_ws/src/project/install/project_config:/home/maria/rmf_ws/src/project/install/project_maps:/home/maria/rmf_ws/src/project/install/project_assets:/home/maria/install/project_simulation:/home/maria/install/project_config:/home/maria/install/project_maps:/home/maria/install/project_assets:/rmf_demos_ws/install/rmf_workcell_msgs:/rmf_demos_ws/install/rmf_demos_gz:/rmf_demos_ws/install/rmf_demos:/rmf_demos_ws/install/rmf_reservation_node:/rmf_demos_ws/install/rmf_fleet_adapter_python:/rmf_demos_ws/install/rmf_fleet_adapter:/rmf_demos_ws/install/rmf_task_ros2:/rmf_demos_ws/install/rmf_websocket:/rmf_demos_ws/install/rmf_visualization:/rmf_demos_ws/install/rmf_visualization_schedule:/rmf_demos_ws/install/rmf_visualization_rviz2_plugins:/rmf_demos_ws/install/rmf_visualization_obstacles:/rmf_demos_ws/install/rmf_visualization_navgraphs:/rmf_demos_ws/install/rmf_visualization_floorplans:/rmf_demos_ws/install/rmf_visualization_fleet_states:/rmf_demos_ws/install/rmf_visualization_msgs:/rmf_demos_ws/install/rmf_traffic_ros2:/rmf_demos_ws/install/rmf_task_sequence:/rmf_demos_ws/install/rmf_task:/rmf_demos_ws/install/rmf_battery:/rmf_demos_ws/install/rmf_traffic:/rmf_demos_ws/install/rmf_utils:/rmf_demos_ws/install/rmf_traffic_msgs:/rmf_demos_ws/install/rmf_traffic_editor_test_maps:/rmf_demos_ws/install/rmf_traffic_editor_assets:/rmf_demos_ws/install/rmf_traffic_editor:/rmf_demos_ws/install/rmf_task_msgs:/rmf_demos_ws/install/rmf_site_map_msgs:/rmf_demos_ws/install/rmf_scheduler_msgs:/rmf_demos_ws/install/rmf_robot_sim_gz_plugins:/rmf_demos_ws/install/rmf_robot_sim_common:/rmf_demos_ws/install/rmf_reservation_msgs:/rmf_demos_ws/install/rmf_obstacle_msgs:/rmf_demos_ws/install/rmf_building_sim_gz_plugins:/rmf_demos_ws/install/rmf_lift_msgs:/rmf_demos_ws/install/rmf_ingestor_msgs:/rmf_demos_ws/install/rmf_fleet_msgs:/rmf_demos_ws/install/rmf_door_msgs:/rmf_demos_ws/install/rmf_dispenser_msgs:/rmf_demos_ws/install/rmf_demos_maps:/rmf_demos_ws/install/rmf_demos_assets:/rmf_demos_ws/install/rmf_charger_msgs:/rmf_demos_ws/install/rmf_building_map_msgs:/rmf_demos_ws/install/rmf_api_msgs:/rmf_demos_ws/install/nlohmann_json_schema_validator_vendor:/home/maria/rmf_ws/install/project_fleet_adapter:/home/maria/rmf_ws/src/project/install/project_fleet_adapter:/home/maria/install/project_fleet_adapter:/rmf_demos_ws/install/rmf_demos_fleet_adapter:/rmf_demos_ws/install/rmf_visualization_building_systems:/rmf_demos_ws/install/rmf_traffic_examples:/rmf_demos_ws/install/rmf_demos_bridges:/rmf_demos_ws/install/rmf_demos_tasks:/rmf_demos_ws/install/rmf_building_map_tools:/rmf_demos_ws/install/rmf_charging_schedule:/opt/ros/jazzy:/rmf_demos_ws/install/menge_vendor:/rmf_demos_ws/install/ament_cmake_catch2:/opt/ros/jazzy/opt/gz_sim_vendor:/opt/ros/jazzy/opt/gz_sensors_vendor:/opt/ros/jazzy/opt/gz_physics_vendor:/opt/ros/jazzy/opt/sdformat_vendor:/opt/ros/jazzy/opt/gz_gui_vendor:/opt/ros/jazzy/opt/gz_transport_vendor:/opt/ros/jazzy/opt/gz_rendering_vendor:/opt/ros/jazzy/opt/gz_plugin_vendor:/opt/ros/jazzy/opt/gz_fuel_tools_vendor:/opt/ros/jazzy/opt/gz_msgs_vendor:/opt/ros/jazzy/opt/gz_common_vendor:/opt/ros/jazzy/opt/gz_math_vendor:/opt/ros/jazzy/opt/gz_utils_vendor:/opt/ros/jazzy/opt/gz_tools_vendor:/opt/ros/jazzy/opt/gz_ogre_next_vendor:/opt/ros/jazzy/opt/gz_dartsim_vendor:/opt/ros/jazzy/opt/gz_cmake_vendor /usr/bin/cmake --install /home/maria/rmf_ws/build/project_maps
