[ 25%] [34m[1mGenerating maps/test1/nav_graphs/phony[0m
[ 50%] [34m[1mGenerating maps/classroom/nav_graphs/phony[0m
Cache directory does not exist! Creating it: /home/maria/.pit_crew
Cache not found! Rebuilding cache...
Topping up Fuel (updating cache) from: https://fuel.gazebosim.org/1.0/models
Fetching page: 1
building name: test1
coordinate system: reference_image
parsing level L1
parsing level L2
calculating levels relative to L1
level L1 scale: 0.06666666666666667
calculating level L2 offset and scale...
  2 common fiducials:
Transform.set_from_fiducials()
  2 fiducial pairs:
    (1.5, -1.5) -> (2.0, -2.0)   columna1
    (148.5, -1.5) -> (148.5, -1.5)   columna2
    calc dist columna1 <=> columna2
Bearings:
[(0.0, 0.003412956031538204)]
  0.003412956031538204
  Circular mean: -0.0034129560315382034
Distances:
[(147.0, 146.50085323983612)]
mean relative scale: 0.996604443808409
translation: (-0.03333, 0.034243)
parsing lift lift1
generating nav data
hooray, we found an intersection: t=0.506, u=0.532
  (23.555,-48.923),(122.687,-48.923) and (73.7,-38.148),(73.7,-58.389)
found intersection with door door1!
writing /home/maria/rmf_ws/build/project_maps/maps/test1/nav_graphs/0.yaml
building name: classroom
coordinate system: reference_image
parsing level L1
parsing level L2
calculating levels relative to L1
level L1 scale: 0.02551020408163266
calculating level L2 offset and scale...
  0 common fiducials:
Transform.set_from_fiducials()
  0 fiducial pairs:
Bearings:
[]
generating nav data
hooray, we found an intersection: t=0.459, u=0.62
  (732.006,-1378.531),(618.612,-1378.531) and (679.96,-1356.421),(679.96,-1392.105)
found intersection with door door2!
hooray, we found an intersection: t=0.604, u=0.561
  (741.803,-1033.459),(741.803,-1380.592) and (672.582,-1243.013),(795.893,-1243.013)
found intersection with door door6!
hooray, we found an intersection: t=0.303, u=0.684
  (741.803,-1380.592),(519.736,-1380.592) and (674.5,-1355.444),(674.5,-1392.191)
[ 50%] Built target generate_test1_nav_graphs
found intersection with door door9!
hooray, we found an intersection: t=0.183, u=0.481
  (877.736,-1373.216),(1134.021,-1373.216) and (924.619,-1355.521),(924.619,-1392.329)
found intersection with door door3!
hooray, we found an intersection: t=0.359, u=0.456
  (547.119,-1697.655),(878.052,-1697.655) and (665.966,-1673.474),(665.966,-1726.528)
found intersection with door door4!
hooray, we found an intersection: t=0.347, u=0.604
  (877.59,-1173.327),(877.59,-1374.102) and (808.137,-1243.013),(923.139,-1243.013)
found intersection with door door7!
hooray, we found an intersection: t=0.177, u=0.466
  (877.59,-1374.102),(1140.727,-1374.102) and (924.039,-1357.093),(924.039,-1393.624)
found intersection with door door8!
writing /home/maria/rmf_ws/build/project_maps/maps/classroom/nav_graphs/0.yaml
writing /home/maria/rmf_ws/build/project_maps/maps/classroom/nav_graphs/1.yaml
[ 50%] Built target generate_classroom_nav_graphs
Fetching page: 2
Fetching page: 3
Fetching page: 4
Fetching page: 5
Fetching page: 6
Fetching page: 7
Fetching page: 8
Fetching page: 9
Fetching page: 10
Fetching page: 11
Fetching page: 12
Fetching page: 13
Fetching page: 14
Fetching page: 15
Fetching page: 16
Fetching page: 17
Fetching page: 18
Fetching page: 19
Fetching page: 20
Fetching page: 21
Fetching page: 22
Fetching page: 23
Fetching page: 24
Fetching page: 25
Fetching page: 26
Fetching page: 27
Fetching page: 28
Fetching page: 29
Fetching page: 30
Fetching page: 31
Fetching page: 32
Fetching page: 33
Fetching page: 34
Writing to cache: /home/maria/.pit_crew/model_cache.json
New models cached: 3239

[ 50%] Built target update_model_cache
generating /home/maria/rmf_ws/build/project_maps/maps/classroom/classroom.world from /home/maria/rmf_ws/src/project/project_maps/maps/classroom/classroom.building.yaml
generating /home/maria/rmf_ws/build/project_maps/maps/test1/test1.world from /home/maria/rmf_ws/src/project/project_maps/maps/test1/test1.building.yaml
building name: test1
coordinate system: reference_image
parsing level L1
parsing level L2
calculating levels relative to L1
level L1 scale: 0.06666666666666667
calculating level L2 offset and scale...
  2 common fiducials:
Transform.set_from_fiducials()
  2 fiducial pairs:
    (1.5, -1.5) -> (2.0, -2.0)   columna1
    (148.5, -1.5) -> (148.5, -1.5)   columna2
    calc dist columna1 <=> columna2
Bearings:
[(0.0, 0.003412956031538204)]
  0.003412956031538204
  Circular mean: -0.0034129560315382034
Distances:
[(147.0, 146.50085323983612)]
mean relative scale: 0.996604443808409
translation: (-0.03333, 0.034243)
parsing lift lift1
generating model of level L1 in /home/maria/rmf_ws/build/project_maps/maps/test1/models/test1_L1
  wrote /home/maria/rmf_ws/build/project_maps/maps/test1/models/test1_L1/model.config
generating floor polygon 1 on floor test1_L1
hole vertices: []
lift vertices: {'lift1': [(5.616666666666667, -1.2833333333333337), (5.616666666666667, -5.383333333333333), (9.716666666666667, -5.383333333333333), (9.716666666666667, -1.2833333333333337)]}
[[0, 3, 4], [0, 4, 5], [0, 5, 1], [1, 5, 6], [1, 6, 7], [1, 7, 2], [2, 7, 4], [2, 4, 3]]
  wrote /home/maria/rmf_ws/build/project_maps/maps/test1/models/test1_L1/meshes/floor_1.obj
  wrote /home/maria/rmf_ws/build/project_maps/maps/test1/models/test1_L1/meshes/blue_linoleum.png
  wrote /home/maria/rmf_ws/build/project_maps/maps/test1/models/test1_L1/meshes/floor_1.mtl
Walls Generation, wall params list: [{'alpha': <building_map.param_value.ParamValue object at 0x7b68fbc1f410>, 'texture_height': <building_map.param_value.ParamValue object at 0x7b68fbc1f3e0>, 'texture_name': <building_map.param_value.ParamValue object at 0x7b68fbc1c350>, 'texture_scale': <building_map.param_value.ParamValue object at 0x7b68fbc1f560>, 'texture_width': <building_map.param_value.ParamValue object at 0x7b68fbc1f200>}]
generating wall: 1 on floor: test1_L1
  wrote /home/maria/rmf_ws/build/project_maps/maps/test1/models/test1_L1/meshes/default.png
generate_wall_visual_mesh(test1_L1, /home/maria/rmf_ws/build/project_maps/maps/test1/models/test1_L1)
  generating /home/maria/rmf_ws/build/project_maps/maps/test1/models/test1_L1/meshes/wall_1.obj
  generating /home/maria/rmf_ws/build/project_maps/maps/test1/models/test1_L1/meshes/wall_1.mtl
  wrote /home/maria/rmf_ws/build/project_maps/maps/test1/models/test1_L1/model.sdf
generating model of level L2 in /home/maria/rmf_ws/build/project_maps/maps/test1/models/test1_L2
  wrote /home/maria/rmf_ws/build/project_maps/maps/test1/models/test1_L2/model.config
generating floor polygon 1 on floor test1_L2
hole vertices: []
lift vertices: {'lift1': [(5.616666666666667, -1.2833333333333337), (5.616666666666667, -5.383333333333333), (9.716666666666667, -5.383333333333333), (9.716666666666667, -1.2833333333333337)]}
[[0, 3, 4], [0, 4, 1], [1, 4, 5], [1, 5, 6], [1, 6, 2], [2, 6, 7], [2, 7, 3], [3, 7, 4]]
  wrote /home/maria/rmf_ws/build/project_maps/maps/test1/models/test1_L2/meshes/floor_1.obj
  wrote /home/maria/rmf_ws/build/project_maps/maps/test1/models/test1_L2/meshes/blue_linoleum.png
  wrote /home/maria/rmf_ws/build/project_maps/maps/test1/models/test1_L2/meshes/floor_1.mtl
Walls Generation, wall params list: [{'alpha': <building_map.param_value.ParamValue object at 0x7b68fba04140>, 'texture_height': <building_map.param_value.ParamValue object at 0x7b68fba04170>, 'texture_name': <building_map.param_value.ParamValue object at 0x7b68fba041d0>, 'texture_scale': <building_map.param_value.ParamValue object at 0x7b68fba04200>, 'texture_width': <building_map.param_value.ParamValue object at 0x7b68fba04230>}]
generating wall: 1 on floor: test1_L2
  wrote /home/maria/rmf_ws/build/project_maps/maps/test1/models/test1_L2/meshes/default.png
generate_wall_visual_mesh(test1_L2, /home/maria/rmf_ws/build/project_maps/maps/test1/models/test1_L2)
  generating /home/maria/rmf_ws/build/project_maps/maps/test1/models/test1_L2/meshes/wall_1.obj
  generating /home/maria/rmf_ws/build/project_maps/maps/test1/models/test1_L2/meshes/wall_1.mtl
  wrote /home/maria/rmf_ws/build/project_maps/maps/test1/models/test1_L2/model.sdf
spawning robot name tinyRobot1_charger of type TinyRobot
generate door name=door1 type=sliding
Door(door1)
generate door name=door2 type=sliding
Door(door2)
33015 bytes written to /home/maria/rmf_ws/build/project_maps/maps/test1/test1.world
building name: classroom
coordinate system: reference_image
parsing level L1
parsing level L2
calculating levels relative to L1
level L1 scale: 0.02551020408163266
calculating level L2 offset and scale...
  0 common fiducials:
Transform.set_from_fiducials()
  0 fiducial pairs:
Bearings:
[]
generating model of level L1 in /home/maria/rmf_ws/build/project_maps/maps/classroom/models/classroom_L1
  wrote /home/maria/rmf_ws/build/project_maps/maps/classroom/models/classroom_L1/model.config
generating floor polygon 1 on floor classroom_L1
hole vertices: []
lift vertices: {}
[[0, 5, 2], [0, 2, 1], [4, 3, 2], [4, 2, 5]]
  wrote /home/maria/rmf_ws/build/project_maps/maps/classroom/models/classroom_L1/meshes/floor_1.obj
  wrote /home/maria/rmf_ws/build/project_maps/maps/classroom/models/classroom_L1/meshes/blue_linoleum.png
  wrote /home/maria/rmf_ws/build/project_maps/maps/classroom/models/classroom_L1/meshes/floor_1.mtl
Walls Generation, wall params list: [{'alpha': <building_map.param_value.ParamValue object at 0x74700405fef0>, 'texture_height': <building_map.param_value.ParamValue object at 0x74700405ff20>, 'texture_name': <building_map.param_value.ParamValue object at 0x74700405ff50>, 'texture_scale': <building_map.param_value.ParamValue object at 0x74700405ff80>, 'texture_width': <building_map.param_value.ParamValue object at 0x74700405ffb0>}]
generating wall: 1 on floor: classroom_L1
  wrote /home/maria/rmf_ws/build/project_maps/maps/classroom/models/classroom_L1/meshes/default.png
generate_wall_visual_mesh(classroom_L1, /home/maria/rmf_ws/build/project_maps/maps/classroom/models/classroom_L1)
  generating /home/maria/rmf_ws/build/project_maps/maps/classroom/models/classroom_L1/meshes/wall_1.obj
  generating /home/maria/rmf_ws/build/project_maps/maps/classroom/models/classroom_L1/meshes/wall_1.mtl
  wrote /home/maria/rmf_ws/build/project_maps/maps/classroom/models/classroom_L1/model.sdf
generating model of level L2 in /home/maria/rmf_ws/build/project_maps/maps/classroom/models/classroom_L2
  wrote /home/maria/rmf_ws/build/project_maps/maps/classroom/models/classroom_L2/model.config
generating floor polygon 1 on floor classroom_L2
hole vertices: []
lift vertices: {}
[[0, 3, 2], [0, 2, 1]]
  wrote /home/maria/rmf_ws/build/project_maps/maps/classroom/models/classroom_L2/meshes/floor_1.obj
  wrote /home/maria/rmf_ws/build/project_maps/maps/classroom/models/classroom_L2/meshes/blue_linoleum.png
  wrote /home/maria/rmf_ws/build/project_maps/maps/classroom/models/classroom_L2/meshes/floor_1.mtl
Walls Generation, wall params list: [{'alpha': <building_map.param_value.ParamValue object at 0x7470040d02c0>, 'texture_height': <building_map.param_value.ParamValue object at 0x7470040d02f0>, 'texture_name': <building_map.param_value.ParamValue object at 0x7470040d0320>, 'texture_scale': <building_map.param_value.ParamValue object at 0x7470040d0380>, 'texture_width': <building_map.param_value.ParamValue object at 0x7470040d03b0>}]
generating wall: 1 on floor: classroom_L2
  wrote /home/maria/rmf_ws/build/project_maps/maps/classroom/models/classroom_L2/meshes/default.png
generate_wall_visual_mesh(classroom_L2, /home/maria/rmf_ws/build/project_maps/maps/classroom/models/classroom_L2)
  generating /home/maria/rmf_ws/build/project_maps/maps/classroom/models/classroom_L2/meshes/wall_1.obj
  generating /home/maria/rmf_ws/build/project_maps/maps/classroom/models/classroom_L2/meshes/wall_1.mtl
  wrote /home/maria/rmf_ws/build/project_maps/maps/classroom/models/classroom_L2/model.sdf
[ 50%] Built target test1
spawning robot name tinyRobot2 of type TinyRobot
spawning robot name tinyRobot1 of type TinyRobot
generate door name=door1 type=double_hinged
Door(door1)
generate door name=door2 type=hinged
Door(door2)
generate door name=door3 type=sliding
Door(door3)
generate door name=door4 type=double_hinged
Door(door4)
generate door name=door5 type=double_hinged
Door(door5)
generate door name=door6 type=double_hinged
Door(door6)
generate door name=door7 type=double_hinged
Door(door7)
generate door name=door8 type=sliding
Door(door8)
generate door name=door9 type=hinged
Door(door9)
96466 bytes written to /home/maria/rmf_ws/build/project_maps/maps/classroom/classroom.world
[ 75%] [34m[1mGenerating test1_crowdsim[0m
[ 75%] Built target classroom
[100%] [34m[1mGenerating classroom_crowdsim[0m
crowdsim unable to parse, not attempting to proceed
crowdsim unable to parse, not attempting to proceed
[100%] Built target generate_test1_crowdsim
crowdsim unable to parse, not attempting to proceed
crowdsim unable to parse, not attempting to proceed
[100%] Built target generate_classroom_crowdsim
-- Install configuration: ""
-- Up-to-date: /home/maria/rmf_ws/install/project_maps/share/project_maps
-- Up-to-date: /home/maria/rmf_ws/install/project_maps/share/project_maps/classroom
-- Up-to-date: /home/maria/rmf_ws/install/project_maps/share/project_maps/classroom/classroom_world
-- Up-to-date: /home/maria/rmf_ws/install/project_maps/share/project_maps/classroom/classroom_world/classroom_L1
-- Up-to-date: /home/maria/rmf_ws/install/project_maps/share/project_maps/classroom/classroom_world/classroom_L1/meshes
-- Up-to-date: /home/maria/rmf_ws/install/project_maps/share/project_maps/classroom/classroom_world/classroom_L1/meshes/floor_1.obj
-- Up-to-date: /home/maria/rmf_ws/install/project_maps/share/project_maps/classroom/classroom_world/classroom_L1/meshes/floor_1.mtl
-- Up-to-date: /home/maria/rmf_ws/install/project_maps/share/project_maps/classroom/classroom_world/classroom_L1/meshes/model.material
-- Up-to-date: /home/maria/rmf_ws/install/project_maps/share/project_maps/classroom/classroom_world/classroom_L1/meshes/wall_1.obj
-- Up-to-date: /home/maria/rmf_ws/install/project_maps/share/project_maps/classroom/classroom_world/classroom_L1/meshes/wall_1.mtl
-- Up-to-date: /home/maria/rmf_ws/install/project_maps/share/project_maps/classroom/classroom_world/classroom_L1/meshes/default.png
-- Up-to-date: /home/maria/rmf_ws/install/project_maps/share/project_maps/classroom/classroom_world/classroom_L1/meshes/blue_linoleum.png
-- Up-to-date: /home/maria/rmf_ws/install/project_maps/share/project_maps/classroom/classroom_world/classroom_L1/model.sdf
-- Up-to-date: /home/maria/rmf_ws/install/project_maps/share/project_maps/classroom/classroom_world/classroom_L1/model.config
-- Up-to-date: /home/maria/rmf_ws/install/project_maps/share/project_maps/classroom/classroom_world/classroom_L2
-- Up-to-date: /home/maria/rmf_ws/install/project_maps/share/project_maps/classroom/classroom_world/classroom_L2/meshes
-- Up-to-date: /home/maria/rmf_ws/install/project_maps/share/project_maps/classroom/classroom_world/classroom_L2/meshes/floor_1.obj
-- Up-to-date: /home/maria/rmf_ws/install/project_maps/share/project_maps/classroom/classroom_world/classroom_L2/meshes/floor_1.mtl
-- Up-to-date: /home/maria/rmf_ws/install/project_maps/share/project_maps/classroom/classroom_world/classroom_L2/meshes/model.material
-- Up-to-date: /home/maria/rmf_ws/install/project_maps/share/project_maps/classroom/classroom_world/classroom_L2/meshes/wall_1.obj
-- Up-to-date: /home/maria/rmf_ws/install/project_maps/share/project_maps/classroom/classroom_world/classroom_L2/meshes/wall_1.mtl
-- Up-to-date: /home/maria/rmf_ws/install/project_maps/share/project_maps/classroom/classroom_world/classroom_L2/meshes/default.png
-- Up-to-date: /home/maria/rmf_ws/install/project_maps/share/project_maps/classroom/classroom_world/classroom_L2/meshes/blue_linoleum.png
-- Up-to-date: /home/maria/rmf_ws/install/project_maps/share/project_maps/classroom/classroom_world/classroom_L2/model.sdf
-- Up-to-date: /home/maria/rmf_ws/install/project_maps/share/project_maps/classroom/classroom_world/classroom_L2/model.config
-- Up-to-date: /home/maria/rmf_ws/install/project_maps/share/project_maps/classroom/classroom.building.yaml
-- Up-to-date: /home/maria/rmf_ws/install/project_maps/share/project_maps/classroom/models
-- Up-to-date: /home/maria/rmf_ws/install/project_maps/share/project_maps/classroom/models/AdjTable
-- Up-to-date: /home/maria/rmf_ws/install/project_maps/share/project_maps/classroom/models/AdjTable/meshes
-- Up-to-date: /home/maria/rmf_ws/install/project_maps/share/project_maps/classroom/models/AdjTable/meshes/AdjTable.obj
-- Up-to-date: /home/maria/rmf_ws/install/project_maps/share/project_maps/classroom/models/AdjTable/meshes/AdjTable_Diffuse.png
-- Up-to-date: /home/maria/rmf_ws/install/project_maps/share/project_maps/classroom/models/AdjTable/meshes/AdjTable_Col.mtl
-- Up-to-date: /home/maria/rmf_ws/install/project_maps/share/project_maps/classroom/models/AdjTable/meshes/AdjTable_Col.obj
-- Up-to-date: /home/maria/rmf_ws/install/project_maps/share/project_maps/classroom/models/AdjTable/meshes/AdjTable.mtl
-- Up-to-date: /home/maria/rmf_ws/install/project_maps/share/project_maps/classroom/models/AdjTable/model.sdf
-- Up-to-date: /home/maria/rmf_ws/install/project_maps/share/project_maps/classroom/models/AdjTable/thumbnails
-- Up-to-date: /home/maria/rmf_ws/install/project_maps/share/project_maps/classroom/models/AdjTable/thumbnails/3.png
-- Up-to-date: /home/maria/rmf_ws/install/project_maps/share/project_maps/classroom/models/AdjTable/thumbnails/2.png
-- Up-to-date: /home/maria/rmf_ws/install/project_maps/share/project_maps/classroom/models/AdjTable/thumbnails/1.png
-- Up-to-date: /home/maria/rmf_ws/install/project_maps/share/project_maps/classroom/models/AdjTable/thumbnails/5.png
-- Up-to-date: /home/maria/rmf_ws/install/project_maps/share/project_maps/classroom/models/AdjTable/thumbnails/4.png
-- Up-to-date: /home/maria/rmf_ws/install/project_maps/share/project_maps/classroom/models/AdjTable/model.config
-- Up-to-date: /home/maria/rmf_ws/install/project_maps/share/project_maps/classroom/models/TinyRobot
-- Up-to-date: /home/maria/rmf_ws/install/project_maps/share/project_maps/classroom/models/TinyRobot/meshes
-- Up-to-date: /home/maria/rmf_ws/install/project_maps/share/project_maps/classroom/models/TinyRobot/meshes/front_wheel.obj
-- Up-to-date: /home/maria/rmf_ws/install/project_maps/share/project_maps/classroom/models/TinyRobot/meshes/caster_wheel.mtl
-- Up-to-date: /home/maria/rmf_ws/install/project_maps/share/project_maps/classroom/models/TinyRobot/meshes/front_wheel.mtl
-- Up-to-date: /home/maria/rmf_ws/install/project_maps/share/project_maps/classroom/models/TinyRobot/meshes/caster_wheel.obj
-- Up-to-date: /home/maria/rmf_ws/install/project_maps/share/project_maps/classroom/models/TinyRobot/meshes/tinyRobot_body.mtl
-- Up-to-date: /home/maria/rmf_ws/install/project_maps/share/project_maps/classroom/models/TinyRobot/meshes/tinyRobot_body.obj
-- Up-to-date: /home/maria/rmf_ws/install/project_maps/share/project_maps/classroom/models/TinyRobot/model.sdf
-- Up-to-date: /home/maria/rmf_ws/install/project_maps/share/project_maps/classroom/models/TinyRobot/model.config
-- Up-to-date: /home/maria/rmf_ws/install/project_maps/share/project_maps/classroom/models/OfficeChairGrey
-- Up-to-date: /home/maria/rmf_ws/install/project_maps/share/project_maps/classroom/models/OfficeChairGrey/meshes
-- Up-to-date: /home/maria/rmf_ws/install/project_maps/share/project_maps/classroom/models/OfficeChairGrey/meshes/OfficeChairGrey_Col.mtl
-- Up-to-date: /home/maria/rmf_ws/install/project_maps/share/project_maps/classroom/models/OfficeChairGrey/meshes/OfficeChairGrey.obj
-- Up-to-date: /home/maria/rmf_ws/install/project_maps/share/project_maps/classroom/models/OfficeChairGrey/meshes/OfficeChairGrey.png
-- Up-to-date: /home/maria/rmf_ws/install/project_maps/share/project_maps/classroom/models/OfficeChairGrey/meshes/OfficeChairGrey.mtl
-- Up-to-date: /home/maria/rmf_ws/install/project_maps/share/project_maps/classroom/models/OfficeChairGrey/meshes/OfficeChairGrey_Col.obj
-- Up-to-date: /home/maria/rmf_ws/install/project_maps/share/project_maps/classroom/models/OfficeChairGrey/model.sdf
-- Up-to-date: /home/maria/rmf_ws/install/project_maps/share/project_maps/classroom/models/OfficeChairGrey/thumbnails
-- Up-to-date: /home/maria/rmf_ws/install/project_maps/share/project_maps/classroom/models/OfficeChairGrey/thumbnails/3.png
-- Up-to-date: /home/maria/rmf_ws/install/project_maps/share/project_maps/classroom/models/OfficeChairGrey/thumbnails/2.png
-- Up-to-date: /home/maria/rmf_ws/install/project_maps/share/project_maps/classroom/models/OfficeChairGrey/thumbnails/meta
-- Up-to-date: /home/maria/rmf_ws/install/project_maps/share/project_maps/classroom/models/OfficeChairGrey/thumbnails/meta/3.png
-- Up-to-date: /home/maria/rmf_ws/install/project_maps/share/project_maps/classroom/models/OfficeChairGrey/thumbnails/meta/2.png
-- Up-to-date: /home/maria/rmf_ws/install/project_maps/share/project_maps/classroom/models/OfficeChairGrey/thumbnails/meta/1.png
-- Up-to-date: /home/maria/rmf_ws/install/project_maps/share/project_maps/classroom/models/OfficeChairGrey/thumbnails/meta/5.png
-- Up-to-date: /home/maria/rmf_ws/install/project_maps/share/project_maps/classroom/models/OfficeChairGrey/thumbnails/meta/4.png
-- Up-to-date: /home/maria/rmf_ws/install/project_maps/share/project_maps/classroom/models/OfficeChairGrey/thumbnails/1.png
-- Up-to-date: /home/maria/rmf_ws/install/project_maps/share/project_maps/classroom/models/OfficeChairGrey/thumbnails/5.png
-- Up-to-date: /home/maria/rmf_ws/install/project_maps/share/project_maps/classroom/models/OfficeChairGrey/thumbnails/4.png
-- Up-to-date: /home/maria/rmf_ws/install/project_maps/share/project_maps/classroom/models/OfficeChairGrey/model.config
-- Up-to-date: /home/maria/rmf_ws/install/project_maps/share/project_maps/classroom/classroom.world
-- Up-to-date: /home/maria/rmf_ws/install/project_maps/share/project_maps/test1
-- Up-to-date: /home/maria/rmf_ws/install/project_maps/share/project_maps/test1/test1.building.yaml
-- Up-to-date: /home/maria/rmf_ws/install/project_maps/share/project_maps/test1/models
-- Up-to-date: /home/maria/rmf_ws/install/project_maps/share/project_maps/test1/models/Sofa
-- Up-to-date: /home/maria/rmf_ws/install/project_maps/share/project_maps/test1/models/Sofa/meshes
-- Up-to-date: /home/maria/rmf_ws/install/project_maps/share/project_maps/test1/models/Sofa/meshes/SofaDiffuse.png
-- Up-to-date: /home/maria/rmf_ws/install/project_maps/share/project_maps/test1/models/Sofa/meshes/Sofa.mtl
-- Up-to-date: /home/maria/rmf_ws/install/project_maps/share/project_maps/test1/models/Sofa/meshes/Sofa.obj
-- Up-to-date: /home/maria/rmf_ws/install/project_maps/share/project_maps/test1/models/Sofa/model.sdf
-- Up-to-date: /home/maria/rmf_ws/install/project_maps/share/project_maps/test1/models/Sofa/thumbnails
-- Up-to-date: /home/maria/rmf_ws/install/project_maps/share/project_maps/test1/models/Sofa/thumbnails/3.png
-- Up-to-date: /home/maria/rmf_ws/install/project_maps/share/project_maps/test1/models/Sofa/thumbnails/2.png
-- Up-to-date: /home/maria/rmf_ws/install/project_maps/share/project_maps/test1/models/Sofa/thumbnails/1.png
-- Up-to-date: /home/maria/rmf_ws/install/project_maps/share/project_maps/test1/models/Sofa/thumbnails/5.png
-- Up-to-date: /home/maria/rmf_ws/install/project_maps/share/project_maps/test1/models/Sofa/thumbnails/4.png
-- Up-to-date: /home/maria/rmf_ws/install/project_maps/share/project_maps/test1/models/Sofa/model.config
-- Up-to-date: /home/maria/rmf_ws/install/project_maps/share/ament_index/resource_index/package_run_dependencies/project_maps
-- Up-to-date: /home/maria/rmf_ws/install/project_maps/share/ament_index/resource_index/parent_prefix_path/project_maps
-- Up-to-date: /home/maria/rmf_ws/install/project_maps/share/project_maps/environment/ament_prefix_path.sh
-- Up-to-date: /home/maria/rmf_ws/install/project_maps/share/project_maps/environment/ament_prefix_path.dsv
-- Up-to-date: /home/maria/rmf_ws/install/project_maps/share/project_maps/environment/path.sh
-- Up-to-date: /home/maria/rmf_ws/install/project_maps/share/project_maps/environment/path.dsv
-- Up-to-date: /home/maria/rmf_ws/install/project_maps/share/project_maps/local_setup.bash
-- Up-to-date: /home/maria/rmf_ws/install/project_maps/share/project_maps/local_setup.sh
-- Up-to-date: /home/maria/rmf_ws/install/project_maps/share/project_maps/local_setup.zsh
-- Up-to-date: /home/maria/rmf_ws/install/project_maps/share/project_maps/local_setup.dsv
-- Installing: /home/maria/rmf_ws/install/project_maps/share/project_maps/package.dsv
-- Up-to-date: /home/maria/rmf_ws/install/project_maps/share/ament_index/resource_index/packages/project_maps
-- Up-to-date: /home/maria/rmf_ws/install/project_maps/share/project_maps/cmake/project_mapsConfig.cmake
-- Up-to-date: /home/maria/rmf_ws/install/project_maps/share/project_maps/cmake/project_mapsConfig-version.cmake
-- Up-to-date: /home/maria/rmf_ws/install/project_maps/share/project_maps/package.xml
-- Up-to-date: /home/maria/rmf_ws/install/project_maps/share/project_maps/maps/classroom
-- Up-to-date: /home/maria/rmf_ws/install/project_maps/share/project_maps/maps/classroom/nav_graphs
-- Installing: /home/maria/rmf_ws/install/project_maps/share/project_maps/maps/classroom/nav_graphs/0.yaml
-- Installing: /home/maria/rmf_ws/install/project_maps/share/project_maps/maps/classroom/nav_graphs/1.yaml
-- Up-to-date: /home/maria/rmf_ws/install/project_maps/share/project_maps/maps/classroom/config_resource
-- Up-to-date: /home/maria/rmf_ws/install/project_maps/share/project_maps/maps/classroom/models
-- Up-to-date: /home/maria/rmf_ws/install/project_maps/share/project_maps/maps/classroom/models/classroom_L1
-- Up-to-date: /home/maria/rmf_ws/install/project_maps/share/project_maps/maps/classroom/models/classroom_L1/meshes
-- Installing: /home/maria/rmf_ws/install/project_maps/share/project_maps/maps/classroom/models/classroom_L1/meshes/floor_1.obj
-- Installing: /home/maria/rmf_ws/install/project_maps/share/project_maps/maps/classroom/models/classroom_L1/meshes/floor_1.mtl
-- Installing: /home/maria/rmf_ws/install/project_maps/share/project_maps/maps/classroom/models/classroom_L1/meshes/model.material
-- Installing: /home/maria/rmf_ws/install/project_maps/share/project_maps/maps/classroom/models/classroom_L1/meshes/wall_1.obj
-- Installing: /home/maria/rmf_ws/install/project_maps/share/project_maps/maps/classroom/models/classroom_L1/meshes/wall_1.mtl
-- Installing: /home/maria/rmf_ws/install/project_maps/share/project_maps/maps/classroom/models/classroom_L1/meshes/default.png
-- Installing: /home/maria/rmf_ws/install/project_maps/share/project_maps/maps/classroom/models/classroom_L1/meshes/blue_linoleum.png
-- Installing: /home/maria/rmf_ws/install/project_maps/share/project_maps/maps/classroom/models/classroom_L1/model.sdf
-- Installing: /home/maria/rmf_ws/install/project_maps/share/project_maps/maps/classroom/models/classroom_L1/model.config
-- Up-to-date: /home/maria/rmf_ws/install/project_maps/share/project_maps/maps/classroom/models/classroom_L2
-- Up-to-date: /home/maria/rmf_ws/install/project_maps/share/project_maps/maps/classroom/models/classroom_L2/meshes
-- Installing: /home/maria/rmf_ws/install/project_maps/share/project_maps/maps/classroom/models/classroom_L2/meshes/floor_1.obj
-- Installing: /home/maria/rmf_ws/install/project_maps/share/project_maps/maps/classroom/models/classroom_L2/meshes/floor_1.mtl
-- Installing: /home/maria/rmf_ws/install/project_maps/share/project_maps/maps/classroom/models/classroom_L2/meshes/model.material
-- Installing: /home/maria/rmf_ws/install/project_maps/share/project_maps/maps/classroom/models/classroom_L2/meshes/wall_1.obj
-- Installing: /home/maria/rmf_ws/install/project_maps/share/project_maps/maps/classroom/models/classroom_L2/meshes/wall_1.mtl
-- Installing: /home/maria/rmf_ws/install/project_maps/share/project_maps/maps/classroom/models/classroom_L2/meshes/default.png
-- Installing: /home/maria/rmf_ws/install/project_maps/share/project_maps/maps/classroom/models/classroom_L2/meshes/blue_linoleum.png
-- Installing: /home/maria/rmf_ws/install/project_maps/share/project_maps/maps/classroom/models/classroom_L2/model.sdf
-- Installing: /home/maria/rmf_ws/install/project_maps/share/project_maps/maps/classroom/models/classroom_L2/model.config
-- Installing: /home/maria/rmf_ws/install/project_maps/share/project_maps/maps/classroom/classroom.world
-- Up-to-date: /home/maria/rmf_ws/install/project_maps/share/project_maps/maps/test1
-- Up-to-date: /home/maria/rmf_ws/install/project_maps/share/project_maps/maps/test1/nav_graphs
-- Installing: /home/maria/rmf_ws/install/project_maps/share/project_maps/maps/test1/nav_graphs/0.yaml
-- Up-to-date: /home/maria/rmf_ws/install/project_maps/share/project_maps/maps/test1/config_resource
-- Installing: /home/maria/rmf_ws/install/project_maps/share/project_maps/maps/test1/test1.world
-- Up-to-date: /home/maria/rmf_ws/install/project_maps/share/project_maps/maps/test1/models
-- Up-to-date: /home/maria/rmf_ws/install/project_maps/share/project_maps/maps/test1/models/test1_L2
-- Up-to-date: /home/maria/rmf_ws/install/project_maps/share/project_maps/maps/test1/models/test1_L2/meshes
-- Installing: /home/maria/rmf_ws/install/project_maps/share/project_maps/maps/test1/models/test1_L2/meshes/floor_1.obj
-- Installing: /home/maria/rmf_ws/install/project_maps/share/project_maps/maps/test1/models/test1_L2/meshes/floor_1.mtl
-- Installing: /home/maria/rmf_ws/install/project_maps/share/project_maps/maps/test1/models/test1_L2/meshes/model.material
-- Installing: /home/maria/rmf_ws/install/project_maps/share/project_maps/maps/test1/models/test1_L2/meshes/wall_1.obj
-- Installing: /home/maria/rmf_ws/install/project_maps/share/project_maps/maps/test1/models/test1_L2/meshes/wall_1.mtl
-- Installing: /home/maria/rmf_ws/install/project_maps/share/project_maps/maps/test1/models/test1_L2/meshes/default.png
-- Installing: /home/maria/rmf_ws/install/project_maps/share/project_maps/maps/test1/models/test1_L2/meshes/blue_linoleum.png
-- Installing: /home/maria/rmf_ws/install/project_maps/share/project_maps/maps/test1/models/test1_L2/model.sdf
-- Installing: /home/maria/rmf_ws/install/project_maps/share/project_maps/maps/test1/models/test1_L2/model.config
-- Up-to-date: /home/maria/rmf_ws/install/project_maps/share/project_maps/maps/test1/models/test1_L1
-- Up-to-date: /home/maria/rmf_ws/install/project_maps/share/project_maps/maps/test1/models/test1_L1/meshes
-- Installing: /home/maria/rmf_ws/install/project_maps/share/project_maps/maps/test1/models/test1_L1/meshes/floor_1.obj
-- Installing: /home/maria/rmf_ws/install/project_maps/share/project_maps/maps/test1/models/test1_L1/meshes/floor_1.mtl
-- Installing: /home/maria/rmf_ws/install/project_maps/share/project_maps/maps/test1/models/test1_L1/meshes/model.material
-- Installing: /home/maria/rmf_ws/install/project_maps/share/project_maps/maps/test1/models/test1_L1/meshes/wall_1.obj
-- Installing: /home/maria/rmf_ws/install/project_maps/share/project_maps/maps/test1/models/test1_L1/meshes/wall_1.mtl
-- Installing: /home/maria/rmf_ws/install/project_maps/share/project_maps/maps/test1/models/test1_L1/meshes/default.png
-- Installing: /home/maria/rmf_ws/install/project_maps/share/project_maps/maps/test1/models/test1_L1/meshes/blue_linoleum.png
-- Installing: /home/maria/rmf_ws/install/project_maps/share/project_maps/maps/test1/models/test1_L1/model.sdf
-- Installing: /home/maria/rmf_ws/install/project_maps/share/project_maps/maps/test1/models/test1_L1/model.config
