[0.177s] Invoking command in '/home/maria/rmf_ws/build/project_maps': CMAKE_PREFIX_PATH=/rmf_demos_ws/install/rmf_workcell_msgs:/rmf_demos_ws/install/rmf_demos_gz:/rmf_demos_ws/install/rmf_demos:/rmf_demos_ws/install/rmf_reservation_node:/rmf_demos_ws/install/rmf_fleet_adapter_python:/rmf_demos_ws/install/rmf_fleet_adapter:/rmf_demos_ws/install/rmf_task_ros2:/rmf_demos_ws/install/rmf_websocket:/rmf_demos_ws/install/rmf_visualization:/rmf_demos_ws/install/rmf_visualization_schedule:/rmf_demos_ws/install/rmf_visualization_rviz2_plugins:/rmf_demos_ws/install/rmf_visualization_obstacles:/rmf_demos_ws/install/rmf_visualization_navgraphs:/rmf_demos_ws/install/rmf_visualization_floorplans:/rmf_demos_ws/install/rmf_visualization_fleet_states:/rmf_demos_ws/install/rmf_visualization_msgs:/rmf_demos_ws/install/rmf_traffic_ros2:/rmf_demos_ws/install/rmf_task_sequence:/rmf_demos_ws/install/rmf_task:/rmf_demos_ws/install/rmf_battery:/rmf_demos_ws/install/rmf_traffic:/rmf_demos_ws/install/rmf_utils:/rmf_demos_ws/install/rmf_traffic_msgs:/rmf_demos_ws/install/rmf_traffic_editor_test_maps:/rmf_demos_ws/install/rmf_traffic_editor_assets:/rmf_demos_ws/install/rmf_traffic_editor:/rmf_demos_ws/install/rmf_task_msgs:/rmf_demos_ws/install/rmf_site_map_msgs:/rmf_demos_ws/install/rmf_scheduler_msgs:/rmf_demos_ws/install/rmf_robot_sim_gz_plugins:/rmf_demos_ws/install/rmf_robot_sim_common:/rmf_demos_ws/install/rmf_reservation_msgs:/rmf_demos_ws/install/rmf_obstacle_msgs:/rmf_demos_ws/install/rmf_building_sim_gz_plugins:/rmf_demos_ws/install/rmf_lift_msgs:/rmf_demos_ws/install/rmf_ingestor_msgs:/rmf_demos_ws/install/rmf_fleet_msgs:/rmf_demos_ws/install/rmf_door_msgs:/rmf_demos_ws/install/rmf_dispenser_msgs:/rmf_demos_ws/install/rmf_demos_maps:/rmf_demos_ws/install/rmf_demos_assets:/rmf_demos_ws/install/rmf_charger_msgs:/rmf_demos_ws/install/rmf_building_map_msgs:/rmf_demos_ws/install/rmf_api_msgs:/rmf_demos_ws/install/nlohmann_json_schema_validator_vendor:/rmf_demos_ws/install/rmf_demos_fleet_adapter:/rmf_demos_ws/install/rmf_visualization_building_systems:/rmf_demos_ws/install/rmf_traffic_examples:/rmf_demos_ws/install/rmf_demos_bridges:/rmf_demos_ws/install/rmf_demos_tasks:/rmf_demos_ws/install/rmf_building_map_tools:/rmf_demos_ws/install/rmf_charging_schedule:/opt/ros/jazzy:/rmf_demos_ws/install/menge_vendor:/rmf_demos_ws/install/ament_cmake_catch2:/opt/ros/jazzy/opt/gz_sim_vendor:/opt/ros/jazzy/opt/gz_sensors_vendor:/opt/ros/jazzy/opt/gz_physics_vendor:/opt/ros/jazzy/opt/sdformat_vendor:/opt/ros/jazzy/opt/gz_gui_vendor:/opt/ros/jazzy/opt/gz_transport_vendor:/opt/ros/jazzy/opt/gz_rendering_vendor:/opt/ros/jazzy/opt/gz_plugin_vendor:/opt/ros/jazzy/opt/gz_fuel_tools_vendor:/opt/ros/jazzy/opt/gz_msgs_vendor:/opt/ros/jazzy/opt/gz_common_vendor:/opt/ros/jazzy/opt/gz_math_vendor:/opt/ros/jazzy/opt/gz_utils_vendor:/opt/ros/jazzy/opt/gz_tools_vendor:/opt/ros/jazzy/opt/gz_ogre_next_vendor:/opt/ros/jazzy/opt/gz_dartsim_vendor:/opt/ros/jazzy/opt/gz_cmake_vendor /usr/bin/cmake --build /home/maria/rmf_ws/build/project_maps -- -j8 -l8
[0.227s] [ 25%] [34m[1mGenerating maps/test1/nav_graphs/phony[0m
[0.233s] [ 50%] [34m[1mGenerating maps/classroom/nav_graphs/phony[0m
[0.485s] Cache directory does not exist! Creating it: /home/maria/.pit_crew
[0.485s] Cache not found! Rebuilding cache...
[0.486s] Topping up Fuel (updating cache) from: https://fuel.gazebosim.org/1.0/models
[0.486s] Fetching page: 1
[0.650s] building name: test1
[0.650s] coordinate system: reference_image
[0.650s] parsing level L1
[0.650s] parsing level L2
[0.650s] calculating levels relative to L1
[0.650s] level L1 scale: 0.06666666666666667
[0.650s] calculating level L2 offset and scale...
[0.650s]   2 common fiducials:
[0.650s] Transform.set_from_fiducials()
[0.650s]   2 fiducial pairs:
[0.651s]     (1.5, -1.5) -> (2.0, -2.0)   columna1
[0.651s]     (148.5, -1.5) -> (148.5, -1.5)   columna2
[0.651s]     calc dist columna1 <=> columna2
[0.651s] Bearings:
[0.651s] [(0.0, 0.003412956031538204)]
[0.651s]   0.003412956031538204
[0.651s]   Circular mean: -0.0034129560315382034
[0.651s] Distances:
[0.651s] [(147.0, 146.50085323983612)]
[0.651s] mean relative scale: 0.996604443808409
[0.651s] translation: (-0.03333, 0.034243)
[0.651s] parsing lift lift1
[0.651s] generating nav data
[0.651s] hooray, we found an intersection: t=0.506, u=0.532
[0.651s]   (23.555,-48.923),(122.687,-48.923) and (73.7,-38.148),(73.7,-58.389)
[0.651s] found intersection with door door1!
[0.651s] writing /home/maria/rmf_ws/build/project_maps/maps/test1/nav_graphs/0.yaml
[0.709s] building name: classroom
[0.709s] coordinate system: reference_image
[0.709s] parsing level L1
[0.709s] parsing level L2
[0.710s] calculating levels relative to L1
[0.710s] level L1 scale: 0.02551020408163266
[0.710s] calculating level L2 offset and scale...
[0.710s]   0 common fiducials:
[0.710s] Transform.set_from_fiducials()
[0.710s]   0 fiducial pairs:
[0.710s] Bearings:
[0.710s] []
[0.715s] generating nav data
[0.715s] hooray, we found an intersection: t=0.459, u=0.62
[0.716s]   (732.006,-1378.531),(618.612,-1378.531) and (679.96,-1356.421),(679.96,-1392.105)
[0.716s] found intersection with door door2!
[0.716s] hooray, we found an intersection: t=0.604, u=0.561
[0.716s]   (741.803,-1033.459),(741.803,-1380.592) and (672.582,-1243.013),(795.893,-1243.013)
[0.716s] found intersection with door door6!
[0.716s] hooray, we found an intersection: t=0.303, u=0.684
[0.716s]   (741.803,-1380.592),(519.736,-1380.592) and (674.5,-1355.444),(674.5,-1392.191)
[0.716s] [ 50%] Built target generate_test1_nav_graphs
[0.716s] found intersection with door door9!
[0.716s] hooray, we found an intersection: t=0.183, u=0.481
[0.716s]   (877.736,-1373.216),(1134.021,-1373.216) and (924.619,-1355.521),(924.619,-1392.329)
[0.716s] found intersection with door door3!
[0.716s] hooray, we found an intersection: t=0.359, u=0.456
[0.716s]   (547.119,-1697.655),(878.052,-1697.655) and (665.966,-1673.474),(665.966,-1726.528)
[0.716s] found intersection with door door4!
[0.716s] hooray, we found an intersection: t=0.347, u=0.604
[0.716s]   (877.59,-1173.327),(877.59,-1374.102) and (808.137,-1243.013),(923.139,-1243.013)
[0.716s] found intersection with door door7!
[0.717s] hooray, we found an intersection: t=0.177, u=0.466
[0.717s]   (877.59,-1374.102),(1140.727,-1374.102) and (924.039,-1357.093),(924.039,-1393.624)
[0.717s] found intersection with door door8!
[0.717s] writing /home/maria/rmf_ws/build/project_maps/maps/classroom/nav_graphs/0.yaml
[0.719s] writing /home/maria/rmf_ws/build/project_maps/maps/classroom/nav_graphs/1.yaml
[0.779s] [ 50%] Built target generate_classroom_nav_graphs
[1.175s] Fetching page: 2
[1.964s] Fetching page: 3
[2.696s] Fetching page: 4
[3.355s] Fetching page: 5
[3.982s] Fetching page: 6
[4.752s] Fetching page: 7
[5.380s] Fetching page: 8
[6.184s] Fetching page: 9
[6.868s] Fetching page: 10
[7.680s] Fetching page: 11
[8.448s] Fetching page: 12
[9.234s] Fetching page: 13
[10.030s] Fetching page: 14
[10.662s] Fetching page: 15
[11.345s] Fetching page: 16
[12.143s] Fetching page: 17
[13.012s] Fetching page: 18
[13.757s] Fetching page: 19
[14.662s] Fetching page: 20
[15.451s] Fetching page: 21
[16.299s] Fetching page: 22
[16.988s] Fetching page: 23
[17.780s] Fetching page: 24
[18.596s] Fetching page: 25
[19.238s] Fetching page: 26
[19.971s] Fetching page: 27
[20.774s] Fetching page: 28
[21.576s] Fetching page: 29
[22.341s] Fetching page: 30
[23.088s] Fetching page: 31
[23.828s] Fetching page: 32
[24.632s] Fetching page: 33
[25.344s] Fetching page: 34
[26.129s] Writing to cache: /home/maria/.pit_crew/model_cache.json
[26.164s] New models cached: 3239
[26.164s] 
[26.202s] [ 50%] Built target update_model_cache
[26.572s] generating /home/maria/rmf_ws/build/project_maps/maps/classroom/classroom.world from /home/maria/rmf_ws/src/project/project_maps/maps/classroom/classroom.building.yaml
[26.572s] generating /home/maria/rmf_ws/build/project_maps/maps/test1/test1.world from /home/maria/rmf_ws/src/project/project_maps/maps/test1/test1.building.yaml
[26.574s] building name: test1
[26.574s] coordinate system: reference_image
[26.574s] parsing level L1
[26.574s] parsing level L2
[26.575s] calculating levels relative to L1
[26.575s] level L1 scale: 0.06666666666666667
[26.575s] calculating level L2 offset and scale...
[26.575s]   2 common fiducials:
[26.575s] Transform.set_from_fiducials()
[26.575s]   2 fiducial pairs:
[26.575s]     (1.5, -1.5) -> (2.0, -2.0)   columna1
[26.575s]     (148.5, -1.5) -> (148.5, -1.5)   columna2
[26.575s]     calc dist columna1 <=> columna2
[26.575s] Bearings:
[26.575s] [(0.0, 0.003412956031538204)]
[26.575s]   0.003412956031538204
[26.575s]   Circular mean: -0.0034129560315382034
[26.575s] Distances:
[26.575s] [(147.0, 146.50085323983612)]
[26.575s] mean relative scale: 0.996604443808409
[26.575s] translation: (-0.03333, 0.034243)
[26.575s] parsing lift lift1
[26.575s] generating model of level L1 in /home/maria/rmf_ws/build/project_maps/maps/test1/models/test1_L1
[26.575s]   wrote /home/maria/rmf_ws/build/project_maps/maps/test1/models/test1_L1/model.config
[26.575s] generating floor polygon 1 on floor test1_L1
[26.576s] hole vertices: []
[26.576s] lift vertices: {'lift1': [(5.616666666666667, -1.2833333333333337), (5.616666666666667, -5.383333333333333), (9.716666666666667, -5.383333333333333), (9.716666666666667, -1.2833333333333337)]}
[26.579s] [[0, 3, 4], [0, 4, 5], [0, 5, 1], [1, 5, 6], [1, 6, 7], [1, 7, 2], [2, 7, 4], [2, 4, 3]]
[26.579s]   wrote /home/maria/rmf_ws/build/project_maps/maps/test1/models/test1_L1/meshes/floor_1.obj
[26.580s]   wrote /home/maria/rmf_ws/build/project_maps/maps/test1/models/test1_L1/meshes/blue_linoleum.png
[26.580s]   wrote /home/maria/rmf_ws/build/project_maps/maps/test1/models/test1_L1/meshes/floor_1.mtl
[26.580s] Walls Generation, wall params list: [{'alpha': <building_map.param_value.ParamValue object at 0x7b68fbc1f410>, 'texture_height': <building_map.param_value.ParamValue object at 0x7b68fbc1f3e0>, 'texture_name': <building_map.param_value.ParamValue object at 0x7b68fbc1c350>, 'texture_scale': <building_map.param_value.ParamValue object at 0x7b68fbc1f560>, 'texture_width': <building_map.param_value.ParamValue object at 0x7b68fbc1f200>}]
[26.580s] generating wall: 1 on floor: test1_L1
[26.581s]   wrote /home/maria/rmf_ws/build/project_maps/maps/test1/models/test1_L1/meshes/default.png
[26.581s] generate_wall_visual_mesh(test1_L1, /home/maria/rmf_ws/build/project_maps/maps/test1/models/test1_L1)
[26.581s]   generating /home/maria/rmf_ws/build/project_maps/maps/test1/models/test1_L1/meshes/wall_1.obj
[26.581s]   generating /home/maria/rmf_ws/build/project_maps/maps/test1/models/test1_L1/meshes/wall_1.mtl
[26.581s]   wrote /home/maria/rmf_ws/build/project_maps/maps/test1/models/test1_L1/model.sdf
[26.581s] generating model of level L2 in /home/maria/rmf_ws/build/project_maps/maps/test1/models/test1_L2
[26.581s]   wrote /home/maria/rmf_ws/build/project_maps/maps/test1/models/test1_L2/model.config
[26.581s] generating floor polygon 1 on floor test1_L2
[26.581s] hole vertices: []
[26.581s] lift vertices: {'lift1': [(5.616666666666667, -1.2833333333333337), (5.616666666666667, -5.383333333333333), (9.716666666666667, -5.383333333333333), (9.716666666666667, -1.2833333333333337)]}
[26.585s] [[0, 3, 4], [0, 4, 1], [1, 4, 5], [1, 5, 6], [1, 6, 2], [2, 6, 7], [2, 7, 3], [3, 7, 4]]
[26.586s]   wrote /home/maria/rmf_ws/build/project_maps/maps/test1/models/test1_L2/meshes/floor_1.obj
[26.586s]   wrote /home/maria/rmf_ws/build/project_maps/maps/test1/models/test1_L2/meshes/blue_linoleum.png
[26.586s]   wrote /home/maria/rmf_ws/build/project_maps/maps/test1/models/test1_L2/meshes/floor_1.mtl
[26.586s] Walls Generation, wall params list: [{'alpha': <building_map.param_value.ParamValue object at 0x7b68fba04140>, 'texture_height': <building_map.param_value.ParamValue object at 0x7b68fba04170>, 'texture_name': <building_map.param_value.ParamValue object at 0x7b68fba041d0>, 'texture_scale': <building_map.param_value.ParamValue object at 0x7b68fba04200>, 'texture_width': <building_map.param_value.ParamValue object at 0x7b68fba04230>}]
[26.586s] generating wall: 1 on floor: test1_L2
[26.587s]   wrote /home/maria/rmf_ws/build/project_maps/maps/test1/models/test1_L2/meshes/default.png
[26.587s] generate_wall_visual_mesh(test1_L2, /home/maria/rmf_ws/build/project_maps/maps/test1/models/test1_L2)
[26.587s]   generating /home/maria/rmf_ws/build/project_maps/maps/test1/models/test1_L2/meshes/wall_1.obj
[26.587s]   generating /home/maria/rmf_ws/build/project_maps/maps/test1/models/test1_L2/meshes/wall_1.mtl
[26.587s]   wrote /home/maria/rmf_ws/build/project_maps/maps/test1/models/test1_L2/model.sdf
[26.603s] spawning robot name tinyRobot1_charger of type TinyRobot
[26.604s] generate door name=door1 type=sliding
[26.604s] Door(door1)
[26.604s] generate door name=door2 type=sliding
[26.604s] Door(door2)
[26.606s] 33015 bytes written to /home/maria/rmf_ws/build/project_maps/maps/test1/test1.world
[26.634s] building name: classroom
[26.634s] coordinate system: reference_image
[26.634s] parsing level L1
[26.635s] parsing level L2
[26.635s] calculating levels relative to L1
[26.635s] level L1 scale: 0.02551020408163266
[26.635s] calculating level L2 offset and scale...
[26.635s]   0 common fiducials:
[26.635s] Transform.set_from_fiducials()
[26.635s]   0 fiducial pairs:
[26.635s] Bearings:
[26.635s] []
[26.640s] generating model of level L1 in /home/maria/rmf_ws/build/project_maps/maps/classroom/models/classroom_L1
[26.640s]   wrote /home/maria/rmf_ws/build/project_maps/maps/classroom/models/classroom_L1/model.config
[26.640s] generating floor polygon 1 on floor classroom_L1
[26.641s] hole vertices: []
[26.641s] lift vertices: {}
[26.643s] [[0, 5, 2], [0, 2, 1], [4, 3, 2], [4, 2, 5]]
[26.643s]   wrote /home/maria/rmf_ws/build/project_maps/maps/classroom/models/classroom_L1/meshes/floor_1.obj
[26.644s]   wrote /home/maria/rmf_ws/build/project_maps/maps/classroom/models/classroom_L1/meshes/blue_linoleum.png
[26.644s]   wrote /home/maria/rmf_ws/build/project_maps/maps/classroom/models/classroom_L1/meshes/floor_1.mtl
[26.644s] Walls Generation, wall params list: [{'alpha': <building_map.param_value.ParamValue object at 0x74700405fef0>, 'texture_height': <building_map.param_value.ParamValue object at 0x74700405ff20>, 'texture_name': <building_map.param_value.ParamValue object at 0x74700405ff50>, 'texture_scale': <building_map.param_value.ParamValue object at 0x74700405ff80>, 'texture_width': <building_map.param_value.ParamValue object at 0x74700405ffb0>}]
[26.644s] generating wall: 1 on floor: classroom_L1
[26.644s]   wrote /home/maria/rmf_ws/build/project_maps/maps/classroom/models/classroom_L1/meshes/default.png
[26.644s] generate_wall_visual_mesh(classroom_L1, /home/maria/rmf_ws/build/project_maps/maps/classroom/models/classroom_L1)
[26.644s]   generating /home/maria/rmf_ws/build/project_maps/maps/classroom/models/classroom_L1/meshes/wall_1.obj
[26.653s]   generating /home/maria/rmf_ws/build/project_maps/maps/classroom/models/classroom_L1/meshes/wall_1.mtl
[26.653s]   wrote /home/maria/rmf_ws/build/project_maps/maps/classroom/models/classroom_L1/model.sdf
[26.653s] generating model of level L2 in /home/maria/rmf_ws/build/project_maps/maps/classroom/models/classroom_L2
[26.653s]   wrote /home/maria/rmf_ws/build/project_maps/maps/classroom/models/classroom_L2/model.config
[26.653s] generating floor polygon 1 on floor classroom_L2
[26.653s] hole vertices: []
[26.653s] lift vertices: {}
[26.654s] [[0, 3, 2], [0, 2, 1]]
[26.654s]   wrote /home/maria/rmf_ws/build/project_maps/maps/classroom/models/classroom_L2/meshes/floor_1.obj
[26.655s]   wrote /home/maria/rmf_ws/build/project_maps/maps/classroom/models/classroom_L2/meshes/blue_linoleum.png
[26.655s]   wrote /home/maria/rmf_ws/build/project_maps/maps/classroom/models/classroom_L2/meshes/floor_1.mtl
[26.655s] Walls Generation, wall params list: [{'alpha': <building_map.param_value.ParamValue object at 0x7470040d02c0>, 'texture_height': <building_map.param_value.ParamValue object at 0x7470040d02f0>, 'texture_name': <building_map.param_value.ParamValue object at 0x7470040d0320>, 'texture_scale': <building_map.param_value.ParamValue object at 0x7470040d0380>, 'texture_width': <building_map.param_value.ParamValue object at 0x7470040d03b0>}]
[26.655s] generating wall: 1 on floor: classroom_L2
[26.655s]   wrote /home/maria/rmf_ws/build/project_maps/maps/classroom/models/classroom_L2/meshes/default.png
[26.656s] generate_wall_visual_mesh(classroom_L2, /home/maria/rmf_ws/build/project_maps/maps/classroom/models/classroom_L2)
[26.656s]   generating /home/maria/rmf_ws/build/project_maps/maps/classroom/models/classroom_L2/meshes/wall_1.obj
[26.658s]   generating /home/maria/rmf_ws/build/project_maps/maps/classroom/models/classroom_L2/meshes/wall_1.mtl
[26.658s]   wrote /home/maria/rmf_ws/build/project_maps/maps/classroom/models/classroom_L2/model.sdf
[26.665s] [ 50%] Built target test1
[26.674s] spawning robot name tinyRobot2 of type TinyRobot
[26.674s] spawning robot name tinyRobot1 of type TinyRobot
[26.674s] generate door name=door1 type=double_hinged
[26.674s] Door(door1)
[26.674s] generate door name=door2 type=hinged
[26.674s] Door(door2)
[26.674s] generate door name=door3 type=sliding
[26.674s] Door(door3)
[26.674s] generate door name=door4 type=double_hinged
[26.674s] Door(door4)
[26.674s] generate door name=door5 type=double_hinged
[26.674s] Door(door5)
[26.675s] generate door name=door6 type=double_hinged
[26.675s] Door(door6)
[26.675s] generate door name=door7 type=double_hinged
[26.675s] Door(door7)
[26.675s] generate door name=door8 type=sliding
[26.675s] Door(door8)
[26.675s] generate door name=door9 type=hinged
[26.675s] Door(door9)
[26.680s] 96466 bytes written to /home/maria/rmf_ws/build/project_maps/maps/classroom/classroom.world
[26.686s] [ 75%] [34m[1mGenerating test1_crowdsim[0m
[26.741s] [ 75%] Built target classroom
[26.761s] [100%] [34m[1mGenerating classroom_crowdsim[0m
[27.061s] crowdsim unable to parse, not attempting to proceed
[27.075s] crowdsim unable to parse, not attempting to proceed
[27.135s] [100%] Built target generate_test1_crowdsim
[27.416s] crowdsim unable to parse, not attempting to proceed
[27.725s] crowdsim unable to parse, not attempting to proceed
[27.776s] [100%] Built target generate_classroom_crowdsim
[27.785s] Invoked command in '/home/maria/rmf_ws/build/project_maps' returned '0': CMAKE_PREFIX_PATH=/rmf_demos_ws/install/rmf_workcell_msgs:/rmf_demos_ws/install/rmf_demos_gz:/rmf_demos_ws/install/rmf_demos:/rmf_demos_ws/install/rmf_reservation_node:/rmf_demos_ws/install/rmf_fleet_adapter_python:/rmf_demos_ws/install/rmf_fleet_adapter:/rmf_demos_ws/install/rmf_task_ros2:/rmf_demos_ws/install/rmf_websocket:/rmf_demos_ws/install/rmf_visualization:/rmf_demos_ws/install/rmf_visualization_schedule:/rmf_demos_ws/install/rmf_visualization_rviz2_plugins:/rmf_demos_ws/install/rmf_visualization_obstacles:/rmf_demos_ws/install/rmf_visualization_navgraphs:/rmf_demos_ws/install/rmf_visualization_floorplans:/rmf_demos_ws/install/rmf_visualization_fleet_states:/rmf_demos_ws/install/rmf_visualization_msgs:/rmf_demos_ws/install/rmf_traffic_ros2:/rmf_demos_ws/install/rmf_task_sequence:/rmf_demos_ws/install/rmf_task:/rmf_demos_ws/install/rmf_battery:/rmf_demos_ws/install/rmf_traffic:/rmf_demos_ws/install/rmf_utils:/rmf_demos_ws/install/rmf_traffic_msgs:/rmf_demos_ws/install/rmf_traffic_editor_test_maps:/rmf_demos_ws/install/rmf_traffic_editor_assets:/rmf_demos_ws/install/rmf_traffic_editor:/rmf_demos_ws/install/rmf_task_msgs:/rmf_demos_ws/install/rmf_site_map_msgs:/rmf_demos_ws/install/rmf_scheduler_msgs:/rmf_demos_ws/install/rmf_robot_sim_gz_plugins:/rmf_demos_ws/install/rmf_robot_sim_common:/rmf_demos_ws/install/rmf_reservation_msgs:/rmf_demos_ws/install/rmf_obstacle_msgs:/rmf_demos_ws/install/rmf_building_sim_gz_plugins:/rmf_demos_ws/install/rmf_lift_msgs:/rmf_demos_ws/install/rmf_ingestor_msgs:/rmf_demos_ws/install/rmf_fleet_msgs:/rmf_demos_ws/install/rmf_door_msgs:/rmf_demos_ws/install/rmf_dispenser_msgs:/rmf_demos_ws/install/rmf_demos_maps:/rmf_demos_ws/install/rmf_demos_assets:/rmf_demos_ws/install/rmf_charger_msgs:/rmf_demos_ws/install/rmf_building_map_msgs:/rmf_demos_ws/install/rmf_api_msgs:/rmf_demos_ws/install/nlohmann_json_schema_validator_vendor:/rmf_demos_ws/install/rmf_demos_fleet_adapter:/rmf_demos_ws/install/rmf_visualization_building_systems:/rmf_demos_ws/install/rmf_traffic_examples:/rmf_demos_ws/install/rmf_demos_bridges:/rmf_demos_ws/install/rmf_demos_tasks:/rmf_demos_ws/install/rmf_building_map_tools:/rmf_demos_ws/install/rmf_charging_schedule:/opt/ros/jazzy:/rmf_demos_ws/install/menge_vendor:/rmf_demos_ws/install/ament_cmake_catch2:/opt/ros/jazzy/opt/gz_sim_vendor:/opt/ros/jazzy/opt/gz_sensors_vendor:/opt/ros/jazzy/opt/gz_physics_vendor:/opt/ros/jazzy/opt/sdformat_vendor:/opt/ros/jazzy/opt/gz_gui_vendor:/opt/ros/jazzy/opt/gz_transport_vendor:/opt/ros/jazzy/opt/gz_rendering_vendor:/opt/ros/jazzy/opt/gz_plugin_vendor:/opt/ros/jazzy/opt/gz_fuel_tools_vendor:/opt/ros/jazzy/opt/gz_msgs_vendor:/opt/ros/jazzy/opt/gz_common_vendor:/opt/ros/jazzy/opt/gz_math_vendor:/opt/ros/jazzy/opt/gz_utils_vendor:/opt/ros/jazzy/opt/gz_tools_vendor:/opt/ros/jazzy/opt/gz_ogre_next_vendor:/opt/ros/jazzy/opt/gz_dartsim_vendor:/opt/ros/jazzy/opt/gz_cmake_vendor /usr/bin/cmake --build /home/maria/rmf_ws/build/project_maps -- -j8 -l8
[27.786s] Invoking command in '/home/maria/rmf_ws/build/project_maps': CMAKE_PREFIX_PATH=/rmf_demos_ws/install/rmf_workcell_msgs:/rmf_demos_ws/install/rmf_demos_gz:/rmf_demos_ws/install/rmf_demos:/rmf_demos_ws/install/rmf_reservation_node:/rmf_demos_ws/install/rmf_fleet_adapter_python:/rmf_demos_ws/install/rmf_fleet_adapter:/rmf_demos_ws/install/rmf_task_ros2:/rmf_demos_ws/install/rmf_websocket:/rmf_demos_ws/install/rmf_visualization:/rmf_demos_ws/install/rmf_visualization_schedule:/rmf_demos_ws/install/rmf_visualization_rviz2_plugins:/rmf_demos_ws/install/rmf_visualization_obstacles:/rmf_demos_ws/install/rmf_visualization_navgraphs:/rmf_demos_ws/install/rmf_visualization_floorplans:/rmf_demos_ws/install/rmf_visualization_fleet_states:/rmf_demos_ws/install/rmf_visualization_msgs:/rmf_demos_ws/install/rmf_traffic_ros2:/rmf_demos_ws/install/rmf_task_sequence:/rmf_demos_ws/install/rmf_task:/rmf_demos_ws/install/rmf_battery:/rmf_demos_ws/install/rmf_traffic:/rmf_demos_ws/install/rmf_utils:/rmf_demos_ws/install/rmf_traffic_msgs:/rmf_demos_ws/install/rmf_traffic_editor_test_maps:/rmf_demos_ws/install/rmf_traffic_editor_assets:/rmf_demos_ws/install/rmf_traffic_editor:/rmf_demos_ws/install/rmf_task_msgs:/rmf_demos_ws/install/rmf_site_map_msgs:/rmf_demos_ws/install/rmf_scheduler_msgs:/rmf_demos_ws/install/rmf_robot_sim_gz_plugins:/rmf_demos_ws/install/rmf_robot_sim_common:/rmf_demos_ws/install/rmf_reservation_msgs:/rmf_demos_ws/install/rmf_obstacle_msgs:/rmf_demos_ws/install/rmf_building_sim_gz_plugins:/rmf_demos_ws/install/rmf_lift_msgs:/rmf_demos_ws/install/rmf_ingestor_msgs:/rmf_demos_ws/install/rmf_fleet_msgs:/rmf_demos_ws/install/rmf_door_msgs:/rmf_demos_ws/install/rmf_dispenser_msgs:/rmf_demos_ws/install/rmf_demos_maps:/rmf_demos_ws/install/rmf_demos_assets:/rmf_demos_ws/install/rmf_charger_msgs:/rmf_demos_ws/install/rmf_building_map_msgs:/rmf_demos_ws/install/rmf_api_msgs:/rmf_demos_ws/install/nlohmann_json_schema_validator_vendor:/rmf_demos_ws/install/rmf_demos_fleet_adapter:/rmf_demos_ws/install/rmf_visualization_building_systems:/rmf_demos_ws/install/rmf_traffic_examples:/rmf_demos_ws/install/rmf_demos_bridges:/rmf_demos_ws/install/rmf_demos_tasks:/rmf_demos_ws/install/rmf_building_map_tools:/rmf_demos_ws/install/rmf_charging_schedule:/opt/ros/jazzy:/rmf_demos_ws/install/menge_vendor:/rmf_demos_ws/install/ament_cmake_catch2:/opt/ros/jazzy/opt/gz_sim_vendor:/opt/ros/jazzy/opt/gz_sensors_vendor:/opt/ros/jazzy/opt/gz_physics_vendor:/opt/ros/jazzy/opt/sdformat_vendor:/opt/ros/jazzy/opt/gz_gui_vendor:/opt/ros/jazzy/opt/gz_transport_vendor:/opt/ros/jazzy/opt/gz_rendering_vendor:/opt/ros/jazzy/opt/gz_plugin_vendor:/opt/ros/jazzy/opt/gz_fuel_tools_vendor:/opt/ros/jazzy/opt/gz_msgs_vendor:/opt/ros/jazzy/opt/gz_common_vendor:/opt/ros/jazzy/opt/gz_math_vendor:/opt/ros/jazzy/opt/gz_utils_vendor:/opt/ros/jazzy/opt/gz_tools_vendor:/opt/ros/jazzy/opt/gz_ogre_next_vendor:/opt/ros/jazzy/opt/gz_dartsim_vendor:/opt/ros/jazzy/opt/gz_cmake_vendor /usr/bin/cmake --install /home/maria/rmf_ws/build/project_maps
[27.794s] -- Install configuration: ""
[27.794s] -- Up-to-date: /home/maria/rmf_ws/install/project_maps/share/project_maps
[27.794s] -- Up-to-date: /home/maria/rmf_ws/install/project_maps/share/project_maps/classroom
[27.794s] -- Up-to-date: /home/maria/rmf_ws/install/project_maps/share/project_maps/classroom/classroom_world
[27.794s] -- Up-to-date: /home/maria/rmf_ws/install/project_maps/share/project_maps/classroom/classroom_world/classroom_L1
[27.794s] -- Up-to-date: /home/maria/rmf_ws/install/project_maps/share/project_maps/classroom/classroom_world/classroom_L1/meshes
[27.794s] -- Up-to-date: /home/maria/rmf_ws/install/project_maps/share/project_maps/classroom/classroom_world/classroom_L1/meshes/floor_1.obj
[27.794s] -- Up-to-date: /home/maria/rmf_ws/install/project_maps/share/project_maps/classroom/classroom_world/classroom_L1/meshes/floor_1.mtl
[27.794s] -- Up-to-date: /home/maria/rmf_ws/install/project_maps/share/project_maps/classroom/classroom_world/classroom_L1/meshes/model.material
[27.794s] -- Up-to-date: /home/maria/rmf_ws/install/project_maps/share/project_maps/classroom/classroom_world/classroom_L1/meshes/wall_1.obj
[27.794s] -- Up-to-date: /home/maria/rmf_ws/install/project_maps/share/project_maps/classroom/classroom_world/classroom_L1/meshes/wall_1.mtl
[27.794s] -- Up-to-date: /home/maria/rmf_ws/install/project_maps/share/project_maps/classroom/classroom_world/classroom_L1/meshes/default.png
[27.794s] -- Up-to-date: /home/maria/rmf_ws/install/project_maps/share/project_maps/classroom/classroom_world/classroom_L1/meshes/blue_linoleum.png
[27.794s] -- Up-to-date: /home/maria/rmf_ws/install/project_maps/share/project_maps/classroom/classroom_world/classroom_L1/model.sdf
[27.794s] -- Up-to-date: /home/maria/rmf_ws/install/project_maps/share/project_maps/classroom/classroom_world/classroom_L1/model.config
[27.795s] -- Up-to-date: /home/maria/rmf_ws/install/project_maps/share/project_maps/classroom/classroom_world/classroom_L2
[27.795s] -- Up-to-date: /home/maria/rmf_ws/install/project_maps/share/project_maps/classroom/classroom_world/classroom_L2/meshes
[27.795s] -- Up-to-date: /home/maria/rmf_ws/install/project_maps/share/project_maps/classroom/classroom_world/classroom_L2/meshes/floor_1.obj
[27.795s] -- Up-to-date: /home/maria/rmf_ws/install/project_maps/share/project_maps/classroom/classroom_world/classroom_L2/meshes/floor_1.mtl
[27.795s] -- Up-to-date: /home/maria/rmf_ws/install/project_maps/share/project_maps/classroom/classroom_world/classroom_L2/meshes/model.material
[27.795s] -- Up-to-date: /home/maria/rmf_ws/install/project_maps/share/project_maps/classroom/classroom_world/classroom_L2/meshes/wall_1.obj
[27.795s] -- Up-to-date: /home/maria/rmf_ws/install/project_maps/share/project_maps/classroom/classroom_world/classroom_L2/meshes/wall_1.mtl
[27.795s] -- Up-to-date: /home/maria/rmf_ws/install/project_maps/share/project_maps/classroom/classroom_world/classroom_L2/meshes/default.png
[27.795s] -- Up-to-date: /home/maria/rmf_ws/install/project_maps/share/project_maps/classroom/classroom_world/classroom_L2/meshes/blue_linoleum.png
[27.795s] -- Up-to-date: /home/maria/rmf_ws/install/project_maps/share/project_maps/classroom/classroom_world/classroom_L2/model.sdf
[27.795s] -- Up-to-date: /home/maria/rmf_ws/install/project_maps/share/project_maps/classroom/classroom_world/classroom_L2/model.config
[27.795s] -- Up-to-date: /home/maria/rmf_ws/install/project_maps/share/project_maps/classroom/classroom.building.yaml
[27.795s] -- Up-to-date: /home/maria/rmf_ws/install/project_maps/share/project_maps/classroom/models
[27.795s] -- Up-to-date: /home/maria/rmf_ws/install/project_maps/share/project_maps/classroom/models/AdjTable
[27.795s] -- Up-to-date: /home/maria/rmf_ws/install/project_maps/share/project_maps/classroom/models/AdjTable/meshes
[27.795s] -- Up-to-date: /home/maria/rmf_ws/install/project_maps/share/project_maps/classroom/models/AdjTable/meshes/AdjTable.obj
[27.795s] -- Up-to-date: /home/maria/rmf_ws/install/project_maps/share/project_maps/classroom/models/AdjTable/meshes/AdjTable_Diffuse.png
[27.795s] -- Up-to-date: /home/maria/rmf_ws/install/project_maps/share/project_maps/classroom/models/AdjTable/meshes/AdjTable_Col.mtl
[27.795s] -- Up-to-date: /home/maria/rmf_ws/install/project_maps/share/project_maps/classroom/models/AdjTable/meshes/AdjTable_Col.obj
[27.795s] -- Up-to-date: /home/maria/rmf_ws/install/project_maps/share/project_maps/classroom/models/AdjTable/meshes/AdjTable.mtl
[27.796s] -- Up-to-date: /home/maria/rmf_ws/install/project_maps/share/project_maps/classroom/models/AdjTable/model.sdf
[27.796s] -- Up-to-date: /home/maria/rmf_ws/install/project_maps/share/project_maps/classroom/models/AdjTable/thumbnails
[27.796s] -- Up-to-date: /home/maria/rmf_ws/install/project_maps/share/project_maps/classroom/models/AdjTable/thumbnails/3.png
[27.796s] -- Up-to-date: /home/maria/rmf_ws/install/project_maps/share/project_maps/classroom/models/AdjTable/thumbnails/2.png
[27.796s] -- Up-to-date: /home/maria/rmf_ws/install/project_maps/share/project_maps/classroom/models/AdjTable/thumbnails/1.png
[27.796s] -- Up-to-date: /home/maria/rmf_ws/install/project_maps/share/project_maps/classroom/models/AdjTable/thumbnails/5.png
[27.796s] -- Up-to-date: /home/maria/rmf_ws/install/project_maps/share/project_maps/classroom/models/AdjTable/thumbnails/4.png
[27.796s] -- Up-to-date: /home/maria/rmf_ws/install/project_maps/share/project_maps/classroom/models/AdjTable/model.config
[27.796s] -- Up-to-date: /home/maria/rmf_ws/install/project_maps/share/project_maps/classroom/models/TinyRobot
[27.796s] -- Up-to-date: /home/maria/rmf_ws/install/project_maps/share/project_maps/classroom/models/TinyRobot/meshes
[27.796s] -- Up-to-date: /home/maria/rmf_ws/install/project_maps/share/project_maps/classroom/models/TinyRobot/meshes/front_wheel.obj
[27.796s] -- Up-to-date: /home/maria/rmf_ws/install/project_maps/share/project_maps/classroom/models/TinyRobot/meshes/caster_wheel.mtl
[27.796s] -- Up-to-date: /home/maria/rmf_ws/install/project_maps/share/project_maps/classroom/models/TinyRobot/meshes/front_wheel.mtl
[27.796s] -- Up-to-date: /home/maria/rmf_ws/install/project_maps/share/project_maps/classroom/models/TinyRobot/meshes/caster_wheel.obj
[27.796s] -- Up-to-date: /home/maria/rmf_ws/install/project_maps/share/project_maps/classroom/models/TinyRobot/meshes/tinyRobot_body.mtl
[27.796s] -- Up-to-date: /home/maria/rmf_ws/install/project_maps/share/project_maps/classroom/models/TinyRobot/meshes/tinyRobot_body.obj
[27.796s] -- Up-to-date: /home/maria/rmf_ws/install/project_maps/share/project_maps/classroom/models/TinyRobot/model.sdf
[27.796s] -- Up-to-date: /home/maria/rmf_ws/install/project_maps/share/project_maps/classroom/models/TinyRobot/model.config
[27.796s] -- Up-to-date: /home/maria/rmf_ws/install/project_maps/share/project_maps/classroom/models/OfficeChairGrey
[27.796s] -- Up-to-date: /home/maria/rmf_ws/install/project_maps/share/project_maps/classroom/models/OfficeChairGrey/meshes
[27.796s] -- Up-to-date: /home/maria/rmf_ws/install/project_maps/share/project_maps/classroom/models/OfficeChairGrey/meshes/OfficeChairGrey_Col.mtl
[27.797s] -- Up-to-date: /home/maria/rmf_ws/install/project_maps/share/project_maps/classroom/models/OfficeChairGrey/meshes/OfficeChairGrey.obj
[27.797s] -- Up-to-date: /home/maria/rmf_ws/install/project_maps/share/project_maps/classroom/models/OfficeChairGrey/meshes/OfficeChairGrey.png
[27.797s] -- Up-to-date: /home/maria/rmf_ws/install/project_maps/share/project_maps/classroom/models/OfficeChairGrey/meshes/OfficeChairGrey.mtl
[27.797s] -- Up-to-date: /home/maria/rmf_ws/install/project_maps/share/project_maps/classroom/models/OfficeChairGrey/meshes/OfficeChairGrey_Col.obj
[27.797s] -- Up-to-date: /home/maria/rmf_ws/install/project_maps/share/project_maps/classroom/models/OfficeChairGrey/model.sdf
[27.797s] -- Up-to-date: /home/maria/rmf_ws/install/project_maps/share/project_maps/classroom/models/OfficeChairGrey/thumbnails
[27.797s] -- Up-to-date: /home/maria/rmf_ws/install/project_maps/share/project_maps/classroom/models/OfficeChairGrey/thumbnails/3.png
[27.797s] -- Up-to-date: /home/maria/rmf_ws/install/project_maps/share/project_maps/classroom/models/OfficeChairGrey/thumbnails/2.png
[27.797s] -- Up-to-date: /home/maria/rmf_ws/install/project_maps/share/project_maps/classroom/models/OfficeChairGrey/thumbnails/meta
[27.797s] -- Up-to-date: /home/maria/rmf_ws/install/project_maps/share/project_maps/classroom/models/OfficeChairGrey/thumbnails/meta/3.png
[27.797s] -- Up-to-date: /home/maria/rmf_ws/install/project_maps/share/project_maps/classroom/models/OfficeChairGrey/thumbnails/meta/2.png
[27.797s] -- Up-to-date: /home/maria/rmf_ws/install/project_maps/share/project_maps/classroom/models/OfficeChairGrey/thumbnails/meta/1.png
[27.797s] -- Up-to-date: /home/maria/rmf_ws/install/project_maps/share/project_maps/classroom/models/OfficeChairGrey/thumbnails/meta/5.png
[27.797s] -- Up-to-date: /home/maria/rmf_ws/install/project_maps/share/project_maps/classroom/models/OfficeChairGrey/thumbnails/meta/4.png
[27.797s] -- Up-to-date: /home/maria/rmf_ws/install/project_maps/share/project_maps/classroom/models/OfficeChairGrey/thumbnails/1.png
[27.797s] -- Up-to-date: /home/maria/rmf_ws/install/project_maps/share/project_maps/classroom/models/OfficeChairGrey/thumbnails/5.png
[27.797s] -- Up-to-date: /home/maria/rmf_ws/install/project_maps/share/project_maps/classroom/models/OfficeChairGrey/thumbnails/4.png
[27.797s] -- Up-to-date: /home/maria/rmf_ws/install/project_maps/share/project_maps/classroom/models/OfficeChairGrey/model.config
[27.797s] -- Up-to-date: /home/maria/rmf_ws/install/project_maps/share/project_maps/classroom/classroom.world
[27.797s] -- Up-to-date: /home/maria/rmf_ws/install/project_maps/share/project_maps/test1
[27.797s] -- Up-to-date: /home/maria/rmf_ws/install/project_maps/share/project_maps/test1/test1.building.yaml
[27.797s] -- Up-to-date: /home/maria/rmf_ws/install/project_maps/share/project_maps/test1/models
[27.798s] -- Up-to-date: /home/maria/rmf_ws/install/project_maps/share/project_maps/test1/models/Sofa
[27.798s] -- Up-to-date: /home/maria/rmf_ws/install/project_maps/share/project_maps/test1/models/Sofa/meshes
[27.798s] -- Up-to-date: /home/maria/rmf_ws/install/project_maps/share/project_maps/test1/models/Sofa/meshes/SofaDiffuse.png
[27.798s] -- Up-to-date: /home/maria/rmf_ws/install/project_maps/share/project_maps/test1/models/Sofa/meshes/Sofa.mtl
[27.798s] -- Up-to-date: /home/maria/rmf_ws/install/project_maps/share/project_maps/test1/models/Sofa/meshes/Sofa.obj
[27.798s] -- Up-to-date: /home/maria/rmf_ws/install/project_maps/share/project_maps/test1/models/Sofa/model.sdf
[27.798s] -- Up-to-date: /home/maria/rmf_ws/install/project_maps/share/project_maps/test1/models/Sofa/thumbnails
[27.798s] -- Up-to-date: /home/maria/rmf_ws/install/project_maps/share/project_maps/test1/models/Sofa/thumbnails/3.png
[27.798s] -- Up-to-date: /home/maria/rmf_ws/install/project_maps/share/project_maps/test1/models/Sofa/thumbnails/2.png
[27.798s] -- Up-to-date: /home/maria/rmf_ws/install/project_maps/share/project_maps/test1/models/Sofa/thumbnails/1.png
[27.798s] -- Up-to-date: /home/maria/rmf_ws/install/project_maps/share/project_maps/test1/models/Sofa/thumbnails/5.png
[27.798s] -- Up-to-date: /home/maria/rmf_ws/install/project_maps/share/project_maps/test1/models/Sofa/thumbnails/4.png
[27.798s] -- Up-to-date: /home/maria/rmf_ws/install/project_maps/share/project_maps/test1/models/Sofa/model.config
[27.798s] -- Up-to-date: /home/maria/rmf_ws/install/project_maps/share/ament_index/resource_index/package_run_dependencies/project_maps
[27.798s] -- Up-to-date: /home/maria/rmf_ws/install/project_maps/share/ament_index/resource_index/parent_prefix_path/project_maps
[27.798s] -- Up-to-date: /home/maria/rmf_ws/install/project_maps/share/project_maps/environment/ament_prefix_path.sh
[27.798s] -- Up-to-date: /home/maria/rmf_ws/install/project_maps/share/project_maps/environment/ament_prefix_path.dsv
[27.798s] -- Up-to-date: /home/maria/rmf_ws/install/project_maps/share/project_maps/environment/path.sh
[27.798s] -- Up-to-date: /home/maria/rmf_ws/install/project_maps/share/project_maps/environment/path.dsv
[27.798s] -- Up-to-date: /home/maria/rmf_ws/install/project_maps/share/project_maps/local_setup.bash
[27.798s] -- Up-to-date: /home/maria/rmf_ws/install/project_maps/share/project_maps/local_setup.sh
[27.799s] -- Up-to-date: /home/maria/rmf_ws/install/project_maps/share/project_maps/local_setup.zsh
[27.799s] -- Up-to-date: /home/maria/rmf_ws/install/project_maps/share/project_maps/local_setup.dsv
[27.799s] -- Installing: /home/maria/rmf_ws/install/project_maps/share/project_maps/package.dsv
[27.799s] -- Up-to-date: /home/maria/rmf_ws/install/project_maps/share/ament_index/resource_index/packages/project_maps
[27.799s] -- Up-to-date: /home/maria/rmf_ws/install/project_maps/share/project_maps/cmake/project_mapsConfig.cmake
[27.799s] -- Up-to-date: /home/maria/rmf_ws/install/project_maps/share/project_maps/cmake/project_mapsConfig-version.cmake
[27.799s] -- Up-to-date: /home/maria/rmf_ws/install/project_maps/share/project_maps/package.xml
[27.799s] -- Up-to-date: /home/maria/rmf_ws/install/project_maps/share/project_maps/maps/classroom
[27.799s] -- Up-to-date: /home/maria/rmf_ws/install/project_maps/share/project_maps/maps/classroom/nav_graphs
[27.799s] -- Installing: /home/maria/rmf_ws/install/project_maps/share/project_maps/maps/classroom/nav_graphs/0.yaml
[27.799s] -- Installing: /home/maria/rmf_ws/install/project_maps/share/project_maps/maps/classroom/nav_graphs/1.yaml
[27.799s] -- Up-to-date: /home/maria/rmf_ws/install/project_maps/share/project_maps/maps/classroom/config_resource
[27.799s] -- Up-to-date: /home/maria/rmf_ws/install/project_maps/share/project_maps/maps/classroom/models
[27.799s] -- Up-to-date: /home/maria/rmf_ws/install/project_maps/share/project_maps/maps/classroom/models/classroom_L1
[27.799s] -- Up-to-date: /home/maria/rmf_ws/install/project_maps/share/project_maps/maps/classroom/models/classroom_L1/meshes
[27.799s] -- Installing: /home/maria/rmf_ws/install/project_maps/share/project_maps/maps/classroom/models/classroom_L1/meshes/floor_1.obj
[27.799s] -- Installing: /home/maria/rmf_ws/install/project_maps/share/project_maps/maps/classroom/models/classroom_L1/meshes/floor_1.mtl
[27.799s] -- Installing: /home/maria/rmf_ws/install/project_maps/share/project_maps/maps/classroom/models/classroom_L1/meshes/model.material
[27.799s] -- Installing: /home/maria/rmf_ws/install/project_maps/share/project_maps/maps/classroom/models/classroom_L1/meshes/wall_1.obj
[27.799s] -- Installing: /home/maria/rmf_ws/install/project_maps/share/project_maps/maps/classroom/models/classroom_L1/meshes/wall_1.mtl
[27.799s] -- Installing: /home/maria/rmf_ws/install/project_maps/share/project_maps/maps/classroom/models/classroom_L1/meshes/default.png
[27.799s] -- Installing: /home/maria/rmf_ws/install/project_maps/share/project_maps/maps/classroom/models/classroom_L1/meshes/blue_linoleum.png
[27.800s] -- Installing: /home/maria/rmf_ws/install/project_maps/share/project_maps/maps/classroom/models/classroom_L1/model.sdf
[27.800s] -- Installing: /home/maria/rmf_ws/install/project_maps/share/project_maps/maps/classroom/models/classroom_L1/model.config
[27.800s] -- Up-to-date: /home/maria/rmf_ws/install/project_maps/share/project_maps/maps/classroom/models/classroom_L2
[27.800s] -- Up-to-date: /home/maria/rmf_ws/install/project_maps/share/project_maps/maps/classroom/models/classroom_L2/meshes
[27.800s] -- Installing: /home/maria/rmf_ws/install/project_maps/share/project_maps/maps/classroom/models/classroom_L2/meshes/floor_1.obj
[27.800s] -- Installing: /home/maria/rmf_ws/install/project_maps/share/project_maps/maps/classroom/models/classroom_L2/meshes/floor_1.mtl
[27.800s] -- Installing: /home/maria/rmf_ws/install/project_maps/share/project_maps/maps/classroom/models/classroom_L2/meshes/model.material
[27.800s] -- Installing: /home/maria/rmf_ws/install/project_maps/share/project_maps/maps/classroom/models/classroom_L2/meshes/wall_1.obj
[27.800s] -- Installing: /home/maria/rmf_ws/install/project_maps/share/project_maps/maps/classroom/models/classroom_L2/meshes/wall_1.mtl
[27.800s] -- Installing: /home/maria/rmf_ws/install/project_maps/share/project_maps/maps/classroom/models/classroom_L2/meshes/default.png
[27.800s] -- Installing: /home/maria/rmf_ws/install/project_maps/share/project_maps/maps/classroom/models/classroom_L2/meshes/blue_linoleum.png
[27.800s] -- Installing: /home/maria/rmf_ws/install/project_maps/share/project_maps/maps/classroom/models/classroom_L2/model.sdf
[27.800s] -- Installing: /home/maria/rmf_ws/install/project_maps/share/project_maps/maps/classroom/models/classroom_L2/model.config
[27.800s] -- Installing: /home/maria/rmf_ws/install/project_maps/share/project_maps/maps/classroom/classroom.world
[27.800s] -- Up-to-date: /home/maria/rmf_ws/install/project_maps/share/project_maps/maps/test1
[27.800s] -- Up-to-date: /home/maria/rmf_ws/install/project_maps/share/project_maps/maps/test1/nav_graphs
[27.800s] -- Installing: /home/maria/rmf_ws/install/project_maps/share/project_maps/maps/test1/nav_graphs/0.yaml
[27.800s] -- Up-to-date: /home/maria/rmf_ws/install/project_maps/share/project_maps/maps/test1/config_resource
[27.800s] -- Installing: /home/maria/rmf_ws/install/project_maps/share/project_maps/maps/test1/test1.world
[27.800s] -- Up-to-date: /home/maria/rmf_ws/install/project_maps/share/project_maps/maps/test1/models
[27.800s] -- Up-to-date: /home/maria/rmf_ws/install/project_maps/share/project_maps/maps/test1/models/test1_L2
[27.801s] -- Up-to-date: /home/maria/rmf_ws/install/project_maps/share/project_maps/maps/test1/models/test1_L2/meshes
[27.801s] -- Installing: /home/maria/rmf_ws/install/project_maps/share/project_maps/maps/test1/models/test1_L2/meshes/floor_1.obj
[27.801s] -- Installing: /home/maria/rmf_ws/install/project_maps/share/project_maps/maps/test1/models/test1_L2/meshes/floor_1.mtl
[27.801s] -- Installing: /home/maria/rmf_ws/install/project_maps/share/project_maps/maps/test1/models/test1_L2/meshes/model.material
[27.801s] -- Installing: /home/maria/rmf_ws/install/project_maps/share/project_maps/maps/test1/models/test1_L2/meshes/wall_1.obj
[27.801s] -- Installing: /home/maria/rmf_ws/install/project_maps/share/project_maps/maps/test1/models/test1_L2/meshes/wall_1.mtl
[27.801s] -- Installing: /home/maria/rmf_ws/install/project_maps/share/project_maps/maps/test1/models/test1_L2/meshes/default.png
[27.801s] -- Installing: /home/maria/rmf_ws/install/project_maps/share/project_maps/maps/test1/models/test1_L2/meshes/blue_linoleum.png
[27.801s] -- Installing: /home/maria/rmf_ws/install/project_maps/share/project_maps/maps/test1/models/test1_L2/model.sdf
[27.801s] -- Installing: /home/maria/rmf_ws/install/project_maps/share/project_maps/maps/test1/models/test1_L2/model.config
[27.801s] -- Up-to-date: /home/maria/rmf_ws/install/project_maps/share/project_maps/maps/test1/models/test1_L1
[27.801s] -- Up-to-date: /home/maria/rmf_ws/install/project_maps/share/project_maps/maps/test1/models/test1_L1/meshes
[27.801s] -- Installing: /home/maria/rmf_ws/install/project_maps/share/project_maps/maps/test1/models/test1_L1/meshes/floor_1.obj
[27.801s] -- Installing: /home/maria/rmf_ws/install/project_maps/share/project_maps/maps/test1/models/test1_L1/meshes/floor_1.mtl
[27.801s] -- Installing: /home/maria/rmf_ws/install/project_maps/share/project_maps/maps/test1/models/test1_L1/meshes/model.material
[27.801s] -- Installing: /home/maria/rmf_ws/install/project_maps/share/project_maps/maps/test1/models/test1_L1/meshes/wall_1.obj
[27.801s] -- Installing: /home/maria/rmf_ws/install/project_maps/share/project_maps/maps/test1/models/test1_L1/meshes/wall_1.mtl
[27.801s] -- Installing: /home/maria/rmf_ws/install/project_maps/share/project_maps/maps/test1/models/test1_L1/meshes/default.png
[27.801s] -- Installing: /home/maria/rmf_ws/install/project_maps/share/project_maps/maps/test1/models/test1_L1/meshes/blue_linoleum.png
[27.801s] -- Installing: /home/maria/rmf_ws/install/project_maps/share/project_maps/maps/test1/models/test1_L1/model.sdf
[27.801s] -- Installing: /home/maria/rmf_ws/install/project_maps/share/project_maps/maps/test1/models/test1_L1/model.config
[27.802s] Invoked command in '/home/maria/rmf_ws/build/project_maps' returned '0': CMAKE_PREFIX_PATH=/rmf_demos_ws/install/rmf_workcell_msgs:/rmf_demos_ws/install/rmf_demos_gz:/rmf_demos_ws/install/rmf_demos:/rmf_demos_ws/install/rmf_reservation_node:/rmf_demos_ws/install/rmf_fleet_adapter_python:/rmf_demos_ws/install/rmf_fleet_adapter:/rmf_demos_ws/install/rmf_task_ros2:/rmf_demos_ws/install/rmf_websocket:/rmf_demos_ws/install/rmf_visualization:/rmf_demos_ws/install/rmf_visualization_schedule:/rmf_demos_ws/install/rmf_visualization_rviz2_plugins:/rmf_demos_ws/install/rmf_visualization_obstacles:/rmf_demos_ws/install/rmf_visualization_navgraphs:/rmf_demos_ws/install/rmf_visualization_floorplans:/rmf_demos_ws/install/rmf_visualization_fleet_states:/rmf_demos_ws/install/rmf_visualization_msgs:/rmf_demos_ws/install/rmf_traffic_ros2:/rmf_demos_ws/install/rmf_task_sequence:/rmf_demos_ws/install/rmf_task:/rmf_demos_ws/install/rmf_battery:/rmf_demos_ws/install/rmf_traffic:/rmf_demos_ws/install/rmf_utils:/rmf_demos_ws/install/rmf_traffic_msgs:/rmf_demos_ws/install/rmf_traffic_editor_test_maps:/rmf_demos_ws/install/rmf_traffic_editor_assets:/rmf_demos_ws/install/rmf_traffic_editor:/rmf_demos_ws/install/rmf_task_msgs:/rmf_demos_ws/install/rmf_site_map_msgs:/rmf_demos_ws/install/rmf_scheduler_msgs:/rmf_demos_ws/install/rmf_robot_sim_gz_plugins:/rmf_demos_ws/install/rmf_robot_sim_common:/rmf_demos_ws/install/rmf_reservation_msgs:/rmf_demos_ws/install/rmf_obstacle_msgs:/rmf_demos_ws/install/rmf_building_sim_gz_plugins:/rmf_demos_ws/install/rmf_lift_msgs:/rmf_demos_ws/install/rmf_ingestor_msgs:/rmf_demos_ws/install/rmf_fleet_msgs:/rmf_demos_ws/install/rmf_door_msgs:/rmf_demos_ws/install/rmf_dispenser_msgs:/rmf_demos_ws/install/rmf_demos_maps:/rmf_demos_ws/install/rmf_demos_assets:/rmf_demos_ws/install/rmf_charger_msgs:/rmf_demos_ws/install/rmf_building_map_msgs:/rmf_demos_ws/install/rmf_api_msgs:/rmf_demos_ws/install/nlohmann_json_schema_validator_vendor:/rmf_demos_ws/install/rmf_demos_fleet_adapter:/rmf_demos_ws/install/rmf_visualization_building_systems:/rmf_demos_ws/install/rmf_traffic_examples:/rmf_demos_ws/install/rmf_demos_bridges:/rmf_demos_ws/install/rmf_demos_tasks:/rmf_demos_ws/install/rmf_building_map_tools:/rmf_demos_ws/install/rmf_charging_schedule:/opt/ros/jazzy:/rmf_demos_ws/install/menge_vendor:/rmf_demos_ws/install/ament_cmake_catch2:/opt/ros/jazzy/opt/gz_sim_vendor:/opt/ros/jazzy/opt/gz_sensors_vendor:/opt/ros/jazzy/opt/gz_physics_vendor:/opt/ros/jazzy/opt/sdformat_vendor:/opt/ros/jazzy/opt/gz_gui_vendor:/opt/ros/jazzy/opt/gz_transport_vendor:/opt/ros/jazzy/opt/gz_rendering_vendor:/opt/ros/jazzy/opt/gz_plugin_vendor:/opt/ros/jazzy/opt/gz_fuel_tools_vendor:/opt/ros/jazzy/opt/gz_msgs_vendor:/opt/ros/jazzy/opt/gz_common_vendor:/opt/ros/jazzy/opt/gz_math_vendor:/opt/ros/jazzy/opt/gz_utils_vendor:/opt/ros/jazzy/opt/gz_tools_vendor:/opt/ros/jazzy/opt/gz_ogre_next_vendor:/opt/ros/jazzy/opt/gz_dartsim_vendor:/opt/ros/jazzy/opt/gz_cmake_vendor /usr/bin/cmake --install /home/maria/rmf_ws/build/project_maps
