-- Found ament_cmake: 2.5.5 (/opt/ros/jazzy/share/ament_cmake/cmake)
-- Override CMake install command with custom implementation using symlinks instead of copying resources
-- Found ament_lint_auto: 0.17.4 (/opt/ros/jazzy/share/ament_lint_auto/cmake)
-- Added test 'lint_cmake' to check CMake code style
-- Added test 'xmllint' to check XML markup files
-- Configuring done (0.5s)
-- Generating done (0.0s)
-- Build files have been written to: /home/maria/rmf_ws/build/project_simulation
-- Install configuration: ""
-- Execute custom install script
-- Up-to-date symlink: /home/maria/rmf_ws/install/project_simulation/share/project_simulation/classroom.launch.xml
-- Up-to-date symlink: /home/maria/rmf_ws/install/project_simulation/share/project_simulation/estce.launch.xml
-- Up-to-date symlink: /home/maria/rmf_ws/install/project_simulation/share/project_simulation/simulation.launch.xml
-- Up-to-date symlink: /home/maria/rmf_ws/install/project_simulation/share/project_simulation/test1.launch.xml
-- Up-to-date symlink: /home/maria/rmf_ws/install/project_simulation/share/ament_index/resource_index/package_run_dependencies/project_simulation
-- Up-to-date symlink: /home/maria/rmf_ws/install/project_simulation/share/ament_index/resource_index/parent_prefix_path/project_simulation
-- Up-to-date symlink: /home/maria/rmf_ws/install/project_simulation/share/project_simulation/environment/ament_prefix_path.sh
-- Up-to-date symlink: /home/maria/rmf_ws/install/project_simulation/share/project_simulation/environment/ament_prefix_path.dsv
-- Up-to-date symlink: /home/maria/rmf_ws/install/project_simulation/share/project_simulation/environment/path.sh
-- Up-to-date symlink: /home/maria/rmf_ws/install/project_simulation/share/project_simulation/environment/path.dsv
-- Up-to-date symlink: /home/maria/rmf_ws/install/project_simulation/share/project_simulation/local_setup.bash
-- Up-to-date symlink: /home/maria/rmf_ws/install/project_simulation/share/project_simulation/local_setup.sh
-- Up-to-date symlink: /home/maria/rmf_ws/install/project_simulation/share/project_simulation/local_setup.zsh
-- Up-to-date symlink: /home/maria/rmf_ws/install/project_simulation/share/project_simulation/local_setup.dsv
-- Symlinking: /home/maria/rmf_ws/install/project_simulation/share/project_simulation/package.dsv
-- Up-to-date symlink: /home/maria/rmf_ws/install/project_simulation/share/ament_index/resource_index/packages/project_simulation
-- Up-to-date symlink: /home/maria/rmf_ws/install/project_simulation/share/project_simulation/cmake/project_simulationConfig.cmake
-- Up-to-date symlink: /home/maria/rmf_ws/install/project_simulation/share/project_simulation/cmake/project_simulationConfig-version.cmake
-- Up-to-date symlink: /home/maria/rmf_ws/install/project_simulation/share/project_simulation/package.xml
