-- Found ament_cmake: 2.5.5 (/opt/ros/jazzy/share/ament_cmake/cmake)
-- Override CMake install command with custom implementation using symlinks instead of copying resources
-- Found rclcpp: 28.1.16 (/opt/ros/jazzy/share/rclcpp/cmake)
-- Found rosidl_generator_c: 4.6.7 (/opt/ros/jazzy/share/rosidl_generator_c/cmake)
-- Found rosidl_generator_cpp: 4.6.7 (/opt/ros/jazzy/share/rosidl_generator_cpp/cmake)
-- Using all available rosidl_typesupport_c: rosidl_typesupport_fastrtps_c;rosidl_typesupport_introspection_c
-- Using all available rosidl_typesupport_cpp: rosidl_typesupport_fastrtps_cpp;rosidl_typesupport_introspection_cpp
-- Found rmw_implementation_cmake: 7.3.3 (/opt/ros/jazzy/share/rmw_implementation_cmake/cmake)
-- Found rmw_fastrtps_cpp: 8.4.3 (/opt/ros/jazzy/share/rmw_fastrtps_cpp/cmake)
-- Using RMW implementation 'rmw_fastrtps_cpp' as default
-- Found rmf_door_msgs: 4.0.0 (/rmf_demos_ws/install/rmf_door_msgs/share/rmf_door_msgs/cmake)
-- Found rmf_lift_msgs: 4.0.0 (/rmf_demos_ws/install/rmf_lift_msgs/share/rmf_lift_msgs/cmake)
-- Found rmf_visualization_msgs: 1.6.0 (/rmf_demos_ws/install/rmf_visualization_msgs/share/rmf_visualization_msgs/cmake)
-- Found rviz_common: 14.1.19 (/opt/ros/jazzy/share/rviz_common/cmake)
-- Setting OGRE_DIR to: '/opt/ros/jazzy/share/rviz_ogre_vendor/cmake/../../../opt/rviz_ogre_vendor/lib/OGRE/cmake'
-- Found OGRE
--   static     : OFF
--   components : MeshLodGenerator;Overlay;Paging;Property;RTShaderSystem;Terrain;Volume
--   plugins    : Plugin_BSPSceneManager;Plugin_OctreeSceneManager;Plugin_PCZSceneManager;Plugin_ParticleFX;RenderSystem_GL;RenderSystem_GL3Plus;Codec_STBI
--   media      : /opt/ros/jazzy/opt/rviz_ogre_vendor/share/OGRE/Media
-- OGRE_LIBRARIES: OgreMeshLodGenerator;OgreOverlay;OgrePaging;OgreProperty;OgreRTShaderSystem;OgreTerrain;OgreVolume;OgreMain
-- OGRE_LIBRARY_DIRS: /opt/ros/jazzy/opt/rviz_ogre_vendor/lib
-- OGRE_PLUGINS: Plugin_BSPSceneManager;Plugin_OctreeSceneManager;Plugin_PCZSceneManager;Plugin_ParticleFX;RenderSystem_GL;RenderSystem_GL3Plus;Codec_STBI
-- OGRE_PLUGIN_DIR: /opt/ros/jazzy/opt/rviz_ogre_vendor/lib/OGRE
-- rviz_ogre_vendor::OgreOverlay for IMPORTED_LOCATION_RELEASE: /opt/ros/jazzy/opt/rviz_ogre_vendor/lib/libOgreOverlay.so
-- rviz_ogre_vendor::OgreOverlay for IMPORTED_LOCATION_DEBUG: /opt/ros/jazzy/opt/rviz_ogre_vendor/lib/libOgreOverlay.so
-- rviz_ogre_vendor::OgreMain for IMPORTED_LOCATION_RELEASE: /opt/ros/jazzy/opt/rviz_ogre_vendor/lib/libOgreMain.so
-- rviz_ogre_vendor::OgreMain for IMPORTED_LOCATION_DEBUG: /opt/ros/jazzy/opt/rviz_ogre_vendor/lib/libOgreMain.so
-- Setting yaml-cpp_DIR to: '/opt/ros/jazzy/share/yaml_cpp_vendor/cmake/../../../opt/yaml_cpp_vendor/share/cmake/yaml-cpp'
-- Found rviz_default_plugins: 14.1.19 (/opt/ros/jazzy/share/rviz_default_plugins/cmake)
-- Found eigen3_cmake_module: 0.3.0 (/opt/ros/jazzy/share/eigen3_cmake_module/cmake)
-- Ensuring Eigen3 include directory is part of orocos-kdl CMake target
-- Found rmf_traffic_ros2: 2.12.0 (/rmf_demos_ws/install/rmf_traffic_ros2/share/rmf_traffic_ros2/cmake)
-- Found ament_cmake_uncrustify: 0.17.4 (/opt/ros/jazzy/share/ament_cmake_uncrustify/cmake)
-- Configuring done (2.2s)
-- Generating done (0.1s)
-- Build files have been written to: /home/maria/rmf_ws/build/rmf_visualization_rviz2_plugins
[  0%] Built target rmf_visualization_rviz2_plugins_autogen_timestamp_deps
[ 12%] [34m[1mAutomatic MOC for target rmf_visualization_rviz2_plugins[0m
[ 12%] Built target rmf_visualization_rviz2_plugins_autogen
[100%] Built target rmf_visualization_rviz2_plugins
-- Install configuration: ""
-- Execute custom install script
-- Up-to-date symlink: /home/maria/rmf_ws/install/rmf_visualization_rviz2_plugins/share/rmf_visualization_rviz2_plugins//plugin_description.xml
-- Up-to-date symlink: /home/maria/rmf_ws/install/rmf_visualization_rviz2_plugins/share/rmf_visualization_rviz2_plugins/environment/library_path.sh
-- Up-to-date symlink: /home/maria/rmf_ws/install/rmf_visualization_rviz2_plugins/share/rmf_visualization_rviz2_plugins/environment/library_path.dsv
-- Up-to-date symlink: /home/maria/rmf_ws/install/rmf_visualization_rviz2_plugins/share/ament_index/resource_index/package_run_dependencies/rmf_visualization_rviz2_plugins
-- Up-to-date symlink: /home/maria/rmf_ws/install/rmf_visualization_rviz2_plugins/share/ament_index/resource_index/parent_prefix_path/rmf_visualization_rviz2_plugins
-- Up-to-date symlink: /home/maria/rmf_ws/install/rmf_visualization_rviz2_plugins/share/rmf_visualization_rviz2_plugins/environment/ament_prefix_path.sh
-- Up-to-date symlink: /home/maria/rmf_ws/install/rmf_visualization_rviz2_plugins/share/rmf_visualization_rviz2_plugins/environment/ament_prefix_path.dsv
-- Up-to-date symlink: /home/maria/rmf_ws/install/rmf_visualization_rviz2_plugins/share/rmf_visualization_rviz2_plugins/environment/path.sh
-- Up-to-date symlink: /home/maria/rmf_ws/install/rmf_visualization_rviz2_plugins/share/rmf_visualization_rviz2_plugins/environment/path.dsv
-- Up-to-date symlink: /home/maria/rmf_ws/install/rmf_visualization_rviz2_plugins/share/rmf_visualization_rviz2_plugins/local_setup.bash
-- Up-to-date symlink: /home/maria/rmf_ws/install/rmf_visualization_rviz2_plugins/share/rmf_visualization_rviz2_plugins/local_setup.sh
-- Up-to-date symlink: /home/maria/rmf_ws/install/rmf_visualization_rviz2_plugins/share/rmf_visualization_rviz2_plugins/local_setup.zsh
-- Up-to-date symlink: /home/maria/rmf_ws/install/rmf_visualization_rviz2_plugins/share/rmf_visualization_rviz2_plugins/local_setup.dsv
-- Symlinking: /home/maria/rmf_ws/install/rmf_visualization_rviz2_plugins/share/rmf_visualization_rviz2_plugins/package.dsv
-- Up-to-date symlink: /home/maria/rmf_ws/install/rmf_visualization_rviz2_plugins/share/ament_index/resource_index/packages/rmf_visualization_rviz2_plugins
-- Up-to-date symlink: /home/maria/rmf_ws/install/rmf_visualization_rviz2_plugins/share/ament_index/resource_index/rviz_common__pluginlib__plugin/rmf_visualization_rviz2_plugins
-- Up-to-date symlink: /home/maria/rmf_ws/install/rmf_visualization_rviz2_plugins/share/rmf_visualization_rviz2_plugins/cmake/ament_cmake_export_include_directories-extras.cmake
-- Up-to-date symlink: /home/maria/rmf_ws/install/rmf_visualization_rviz2_plugins/share/rmf_visualization_rviz2_plugins/cmake/ament_cmake_export_targets-extras.cmake
-- Up-to-date symlink: /home/maria/rmf_ws/install/rmf_visualization_rviz2_plugins/share/rmf_visualization_rviz2_plugins/cmake/ament_cmake_export_dependencies-extras.cmake
-- Up-to-date symlink: /home/maria/rmf_ws/install/rmf_visualization_rviz2_plugins/share/rmf_visualization_rviz2_plugins/cmake/rmf_visualization_rviz2_pluginsConfig.cmake
-- Up-to-date symlink: /home/maria/rmf_ws/install/rmf_visualization_rviz2_plugins/share/rmf_visualization_rviz2_plugins/cmake/rmf_visualization_rviz2_pluginsConfig-version.cmake
-- Up-to-date symlink: /home/maria/rmf_ws/install/rmf_visualization_rviz2_plugins/share/rmf_visualization_rviz2_plugins/package.xml
-- Up-to-date: /home/maria/rmf_ws/install/rmf_visualization_rviz2_plugins/lib/librmf_visualization_rviz2_plugins.so
-- Up-to-date: /home/maria/rmf_ws/install/rmf_visualization_rviz2_plugins/share/rmf_visualization_rviz2_plugins/cmake/rmf_visualization_rviz2_pluginsExport.cmake
-- Up-to-date: /home/maria/rmf_ws/install/rmf_visualization_rviz2_plugins/share/rmf_visualization_rviz2_plugins/cmake/rmf_visualization_rviz2_pluginsExport-noconfig.cmake
