[1.231s] Invoking command in '/home/maria/rmf_ws/src/rmf_visualization/rmf_visualization_building_systems': PYTHONPATH=/home/maria/rmf_ws/build/rmf_visualization_building_systems/prefix_override:/usr/lib/python3/dist-packages/colcon_core/task/python/colcon_distutils_commands:/home/maria/rmf_ws/install/rmf_visualization_building_systems/lib/python3.12/site-packages:${PYTHONPATH} /usr/bin/python3 -W ignore:setup.py install is deprecated -W ignore:easy_install command is deprecated setup.py egg_info --egg-base ../../../build/rmf_visualization_building_systems build --build-base /home/maria/rmf_ws/build/rmf_visualization_building_systems/build install --record /home/maria/rmf_ws/build/rmf_visualization_building_systems/install.log --single-version-externally-managed install_data
[1.800s] running egg_info
[1.830s] writing ../../../build/rmf_visualization_building_systems/rmf_visualization_building_systems.egg-info/PKG-INFO
[1.830s] writing dependency_links to ../../../build/rmf_visualization_building_systems/rmf_visualization_building_systems.egg-info/dependency_links.txt
[1.830s] writing entry points to ../../../build/rmf_visualization_building_systems/rmf_visualization_building_systems.egg-info/entry_points.txt
[1.830s] writing requirements to ../../../build/rmf_visualization_building_systems/rmf_visualization_building_systems.egg-info/requires.txt
[1.830s] writing top-level names to ../../../build/rmf_visualization_building_systems/rmf_visualization_building_systems.egg-info/top_level.txt
[1.900s] reading manifest file '../../../build/rmf_visualization_building_systems/rmf_visualization_building_systems.egg-info/SOURCES.txt'
[1.900s] writing manifest file '../../../build/rmf_visualization_building_systems/rmf_visualization_building_systems.egg-info/SOURCES.txt'
[1.901s] running build
[1.901s] running build_py
[1.901s] running install
[1.915s] running install_lib
[1.950s] running install_data
[1.950s] running install_egg_info
[1.987s] removing '/home/maria/rmf_ws/install/rmf_visualization_building_systems/lib/python3.12/site-packages/rmf_visualization_building_systems-2.5.1-py3.12.egg-info' (and everything under it)
[1.987s] Copying ../../../build/rmf_visualization_building_systems/rmf_visualization_building_systems.egg-info to /home/maria/rmf_ws/install/rmf_visualization_building_systems/lib/python3.12/site-packages/rmf_visualization_building_systems-2.5.1-py3.12.egg-info
[1.989s] running install_scripts
[2.221s] Installing rmf_visualization_building_systems script to /home/maria/rmf_ws/install/rmf_visualization_building_systems/lib/rmf_visualization_building_systems
[2.221s] writing list of installed files to '/home/maria/rmf_ws/build/rmf_visualization_building_systems/install.log'
[2.267s] Invoked command in '/home/maria/rmf_ws/src/rmf_visualization/rmf_visualization_building_systems' returned '0': PYTHONPATH=/home/maria/rmf_ws/build/rmf_visualization_building_systems/prefix_override:/usr/lib/python3/dist-packages/colcon_core/task/python/colcon_distutils_commands:/home/maria/rmf_ws/install/rmf_visualization_building_systems/lib/python3.12/site-packages:${PYTHONPATH} /usr/bin/python3 -W ignore:setup.py install is deprecated -W ignore:easy_install command is deprecated setup.py egg_info --egg-base ../../../build/rmf_visualization_building_systems build --build-base /home/maria/rmf_ws/build/rmf_visualization_building_systems/build install --record /home/maria/rmf_ws/build/rmf_visualization_building_systems/install.log --single-version-externally-managed install_data
