[0.174s] Invoking command in '/home/maria/rmf_ws/build/project_maps': CMAKE_PREFIX_PATH=/home/maria/rmf_ws/install/project_config:/home/maria/rmf_ws/install/project_simulation:/home/maria/rmf_ws/install/project_maps:/home/maria/rmf_ws/install/project_assets:/rmf_demos_ws/install/rmf_workcell_msgs:/rmf_demos_ws/install/rmf_demos_gz:/rmf_demos_ws/install/rmf_demos:/rmf_demos_ws/install/rmf_reservation_node:/rmf_demos_ws/install/rmf_fleet_adapter_python:/rmf_demos_ws/install/rmf_fleet_adapter:/rmf_demos_ws/install/rmf_task_ros2:/rmf_demos_ws/install/rmf_websocket:/rmf_demos_ws/install/rmf_visualization:/rmf_demos_ws/install/rmf_visualization_schedule:/rmf_demos_ws/install/rmf_visualization_rviz2_plugins:/rmf_demos_ws/install/rmf_visualization_obstacles:/rmf_demos_ws/install/rmf_visualization_navgraphs:/rmf_demos_ws/install/rmf_visualization_floorplans:/rmf_demos_ws/install/rmf_visualization_fleet_states:/rmf_demos_ws/install/rmf_visualization_msgs:/rmf_demos_ws/install/rmf_traffic_ros2:/rmf_demos_ws/install/rmf_task_sequence:/rmf_demos_ws/install/rmf_task:/rmf_demos_ws/install/rmf_battery:/rmf_demos_ws/install/rmf_traffic:/rmf_demos_ws/install/rmf_utils:/rmf_demos_ws/install/rmf_traffic_msgs:/rmf_demos_ws/install/rmf_traffic_editor_test_maps:/rmf_demos_ws/install/rmf_traffic_editor_assets:/rmf_demos_ws/install/rmf_traffic_editor:/rmf_demos_ws/install/rmf_task_msgs:/rmf_demos_ws/install/rmf_site_map_msgs:/rmf_demos_ws/install/rmf_scheduler_msgs:/rmf_demos_ws/install/rmf_robot_sim_gz_plugins:/rmf_demos_ws/install/rmf_robot_sim_common:/rmf_demos_ws/install/rmf_reservation_msgs:/rmf_demos_ws/install/rmf_obstacle_msgs:/rmf_demos_ws/install/rmf_building_sim_gz_plugins:/rmf_demos_ws/install/rmf_lift_msgs:/rmf_demos_ws/install/rmf_ingestor_msgs:/rmf_demos_ws/install/rmf_fleet_msgs:/rmf_demos_ws/install/rmf_door_msgs:/rmf_demos_ws/install/rmf_dispenser_msgs:/rmf_demos_ws/install/rmf_demos_maps:/rmf_demos_ws/install/rmf_demos_assets:/rmf_demos_ws/install/rmf_charger_msgs:/rmf_demos_ws/install/rmf_building_map_msgs:/rmf_demos_ws/install/rmf_api_msgs:/rmf_demos_ws/install/nlohmann_json_schema_validator_vendor:/home/maria/rmf_ws/install/project_fleet_adapter:/rmf_demos_ws/install/rmf_demos_fleet_adapter:/rmf_demos_ws/install/rmf_visualization_building_systems:/rmf_demos_ws/install/rmf_traffic_examples:/rmf_demos_ws/install/rmf_demos_bridges:/rmf_demos_ws/install/rmf_demos_tasks:/rmf_demos_ws/install/rmf_building_map_tools:/rmf_demos_ws/install/rmf_charging_schedule:/opt/ros/jazzy:/rmf_demos_ws/install/menge_vendor:/rmf_demos_ws/install/ament_cmake_catch2:/opt/ros/jazzy/opt/gz_sim_vendor:/opt/ros/jazzy/opt/gz_sensors_vendor:/opt/ros/jazzy/opt/gz_physics_vendor:/opt/ros/jazzy/opt/sdformat_vendor:/opt/ros/jazzy/opt/gz_gui_vendor:/opt/ros/jazzy/opt/gz_transport_vendor:/opt/ros/jazzy/opt/gz_rendering_vendor:/opt/ros/jazzy/opt/gz_plugin_vendor:/opt/ros/jazzy/opt/gz_fuel_tools_vendor:/opt/ros/jazzy/opt/gz_msgs_vendor:/opt/ros/jazzy/opt/gz_common_vendor:/opt/ros/jazzy/opt/gz_math_vendor:/opt/ros/jazzy/opt/gz_utils_vendor:/opt/ros/jazzy/opt/gz_tools_vendor:/opt/ros/jazzy/opt/gz_ogre_next_vendor:/opt/ros/jazzy/opt/gz_dartsim_vendor:/opt/ros/jazzy/opt/gz_cmake_vendor /usr/bin/cmake --build /home/maria/rmf_ws/build/project_maps -- -j8 -l8
[0.227s] [ 25%] [34m[1mGenerating maps/classroom/nav_graphs/phony[0m
[0.232s] [ 50%] [34m[1mGenerating maps/test1/nav_graphs/phony[0m
[0.513s] Load success!
[0.513s] 
[0.513s] Cache found! Model count: 3238 
[0.514s] Updating cache...
[0.514s] Topping up Fuel (updating cache) from: https://fuel.gazebosim.org/1.0/models
[0.514s] Fetching page: 1
[0.652s] building name: test1
[0.652s] coordinate system: reference_image
[0.652s] parsing level L1
[0.652s] parsing level L2
[0.652s] calculating levels relative to L1
[0.653s] level L1 scale: 0.06666666666666667
[0.653s] calculating level L2 offset and scale...
[0.653s]   2 common fiducials:
[0.653s] Transform.set_from_fiducials()
[0.653s]   2 fiducial pairs:
[0.653s]     (1.5, -1.5) -> (2.0, -2.0)   columna1
[0.653s]     (148.5, -1.5) -> (148.5, -1.5)   columna2
[0.653s]     calc dist columna1 <=> columna2
[0.653s] Bearings:
[0.653s] [(0.0, 0.003412956031538204)]
[0.653s]   0.003412956031538204
[0.654s]   Circular mean: -0.0034129560315382034
[0.654s] Distances:
[0.654s] [(147.0, 146.50085323983612)]
[0.654s] mean relative scale: 0.996604443808409
[0.654s] translation: (-0.03333, 0.034243)
[0.654s] parsing lift lift1
[0.654s] generating nav data
[0.654s] hooray, we found an intersection: t=0.506, u=0.532
[0.654s]   (23.555,-48.923),(122.687,-48.923) and (73.7,-38.148),(73.7,-58.389)
[0.654s] found intersection with door door1!
[0.655s] writing /home/maria/rmf_ws/build/project_maps/maps/test1/nav_graphs/0.yaml
[0.715s] building name: classroom
[0.715s] coordinate system: reference_image
[0.715s] parsing level L1
[0.716s] parsing level L2
[0.717s] calculating levels relative to L1
[0.717s] level L1 scale: 0.02551020408163266
[0.717s] calculating level L2 offset and scale...
[0.717s]   0 common fiducials:
[0.717s] Transform.set_from_fiducials()
[0.717s]   0 fiducial pairs:
[0.717s] Bearings:
[0.717s] []
[0.720s] [ 50%] Built target generate_test1_nav_graphs
[0.721s] generating nav data
[0.722s] hooray, we found an intersection: t=0.459, u=0.62
[0.722s]   (732.006,-1378.531),(618.612,-1378.531) and (679.96,-1356.421),(679.96,-1392.105)
[0.722s] found intersection with door door2!
[0.722s] hooray, we found an intersection: t=0.604, u=0.561
[0.722s]   (741.803,-1033.459),(741.803,-1380.592) and (672.582,-1243.013),(795.893,-1243.013)
[0.722s] found intersection with door door6!
[0.722s] hooray, we found an intersection: t=0.303, u=0.684
[0.722s]   (741.803,-1380.592),(519.736,-1380.592) and (674.5,-1355.444),(674.5,-1392.191)
[0.723s] found intersection with door door9!
[0.723s] hooray, we found an intersection: t=0.183, u=0.481
[0.723s]   (877.736,-1373.216),(1134.021,-1373.216) and (924.619,-1355.521),(924.619,-1392.329)
[0.723s] found intersection with door door3!
[0.723s] hooray, we found an intersection: t=0.359, u=0.456
[0.723s]   (547.119,-1697.655),(878.052,-1697.655) and (665.966,-1673.474),(665.966,-1726.528)
[0.723s] found intersection with door door4!
[0.723s] hooray, we found an intersection: t=0.347, u=0.604
[0.723s]   (877.59,-1173.327),(877.59,-1374.102) and (808.137,-1243.013),(923.139,-1243.013)
[0.723s] found intersection with door door7!
[0.723s] hooray, we found an intersection: t=0.177, u=0.466
[0.724s]   (877.59,-1374.102),(1140.727,-1374.102) and (924.039,-1357.093),(924.039,-1393.624)
[0.724s] found intersection with door door8!
[0.724s] writing /home/maria/rmf_ws/build/project_maps/maps/classroom/nav_graphs/0.yaml
[0.726s] writing /home/maria/rmf_ws/build/project_maps/maps/classroom/nav_graphs/1.yaml
[0.786s] [ 50%] Built target generate_classroom_nav_graphs
[1.148s] Cached model found! Halting Fuel traversal...
[1.148s] Writing to cache: /home/maria/.pit_crew/model_cache.json
[1.183s] New models cached: 0
[1.183s] 
[1.219s] [ 50%] Built target update_model_cache
[1.579s] generating /home/maria/rmf_ws/build/project_maps/maps/test1/test1.world from /home/maria/rmf_ws/src/project/project_maps/maps/test1/test1.building.yaml
[1.579s] generating /home/maria/rmf_ws/build/project_maps/maps/classroom/classroom.world from /home/maria/rmf_ws/src/project/project_maps/maps/classroom/classroom.building.yaml
[1.581s] building name: test1
[1.581s] coordinate system: reference_image
[1.581s] parsing level L1
[1.581s] parsing level L2
[1.581s] calculating levels relative to L1
[1.581s] level L1 scale: 0.06666666666666667
[1.581s] calculating level L2 offset and scale...
[1.581s]   2 common fiducials:
[1.581s] Transform.set_from_fiducials()
[1.582s]   2 fiducial pairs:
[1.582s]     (1.5, -1.5) -> (2.0, -2.0)   columna1
[1.582s]     (148.5, -1.5) -> (148.5, -1.5)   columna2
[1.582s]     calc dist columna1 <=> columna2
[1.582s] Bearings:
[1.582s] [(0.0, 0.003412956031538204)]
[1.582s]   0.003412956031538204
[1.582s]   Circular mean: -0.0034129560315382034
[1.582s] Distances:
[1.582s] [(147.0, 146.50085323983612)]
[1.582s] mean relative scale: 0.996604443808409
[1.582s] translation: (-0.03333, 0.034243)
[1.582s] parsing lift lift1
[1.582s] generating model of level L1 in /home/maria/rmf_ws/build/project_maps/maps/test1/models/test1_L1
[1.582s]   wrote /home/maria/rmf_ws/build/project_maps/maps/test1/models/test1_L1/model.config
[1.582s] generating floor polygon 1 on floor test1_L1
[1.582s] hole vertices: []
[1.582s] lift vertices: {'lift1': [(5.616666666666667, -1.2833333333333337), (5.616666666666667, -5.383333333333333), (9.716666666666667, -5.383333333333333), (9.716666666666667, -1.2833333333333337)]}
[1.586s] [[0, 3, 4], [0, 4, 5], [0, 5, 1], [1, 5, 6], [1, 6, 7], [1, 7, 2], [2, 7, 4], [2, 4, 3]]
[1.586s]   wrote /home/maria/rmf_ws/build/project_maps/maps/test1/models/test1_L1/meshes/floor_1.obj
[1.587s]   wrote /home/maria/rmf_ws/build/project_maps/maps/test1/models/test1_L1/meshes/blue_linoleum.png
[1.587s]   wrote /home/maria/rmf_ws/build/project_maps/maps/test1/models/test1_L1/meshes/floor_1.mtl
[1.587s] Walls Generation, wall params list: [{'alpha': <building_map.param_value.ParamValue object at 0x7dab1bfbfd40>, 'texture_height': <building_map.param_value.ParamValue object at 0x7dab1bfbfce0>, 'texture_name': <building_map.param_value.ParamValue object at 0x7dab1bfbfd70>, 'texture_scale': <building_map.param_value.ParamValue object at 0x7dab1bfbfdd0>, 'texture_width': <building_map.param_value.ParamValue object at 0x7dab1bfbfe00>}]
[1.587s] generating wall: 1 on floor: test1_L1
[1.587s]   wrote /home/maria/rmf_ws/build/project_maps/maps/test1/models/test1_L1/meshes/default.png
[1.587s] generate_wall_visual_mesh(test1_L1, /home/maria/rmf_ws/build/project_maps/maps/test1/models/test1_L1)
[1.587s]   generating /home/maria/rmf_ws/build/project_maps/maps/test1/models/test1_L1/meshes/wall_1.obj
[1.588s]   generating /home/maria/rmf_ws/build/project_maps/maps/test1/models/test1_L1/meshes/wall_1.mtl
[1.588s]   wrote /home/maria/rmf_ws/build/project_maps/maps/test1/models/test1_L1/model.sdf
[1.588s] generating model of level L2 in /home/maria/rmf_ws/build/project_maps/maps/test1/models/test1_L2
[1.588s]   wrote /home/maria/rmf_ws/build/project_maps/maps/test1/models/test1_L2/model.config
[1.588s] generating floor polygon 1 on floor test1_L2
[1.588s] hole vertices: []
[1.588s] lift vertices: {'lift1': [(5.616666666666667, -1.2833333333333337), (5.616666666666667, -5.383333333333333), (9.716666666666667, -5.383333333333333), (9.716666666666667, -1.2833333333333337)]}
[1.592s] [[0, 3, 4], [0, 4, 1], [1, 4, 5], [1, 5, 6], [1, 6, 2], [2, 6, 7], [2, 7, 3], [3, 7, 4]]
[1.592s]   wrote /home/maria/rmf_ws/build/project_maps/maps/test1/models/test1_L2/meshes/floor_1.obj
[1.592s]   wrote /home/maria/rmf_ws/build/project_maps/maps/test1/models/test1_L2/meshes/blue_linoleum.png
[1.593s]   wrote /home/maria/rmf_ws/build/project_maps/maps/test1/models/test1_L2/meshes/floor_1.mtl
[1.593s] Walls Generation, wall params list: [{'alpha': <building_map.param_value.ParamValue object at 0x7dab1bd80890>, 'texture_height': <building_map.param_value.ParamValue object at 0x7dab1bd808c0>, 'texture_name': <building_map.param_value.ParamValue object at 0x7dab1bd80920>, 'texture_scale': <building_map.param_value.ParamValue object at 0x7dab1bd80950>, 'texture_width': <building_map.param_value.ParamValue object at 0x7dab1bd809b0>}]
[1.593s] generating wall: 1 on floor: test1_L2
[1.593s]   wrote /home/maria/rmf_ws/build/project_maps/maps/test1/models/test1_L2/meshes/default.png
[1.593s] generate_wall_visual_mesh(test1_L2, /home/maria/rmf_ws/build/project_maps/maps/test1/models/test1_L2)
[1.593s]   generating /home/maria/rmf_ws/build/project_maps/maps/test1/models/test1_L2/meshes/wall_1.obj
[1.593s]   generating /home/maria/rmf_ws/build/project_maps/maps/test1/models/test1_L2/meshes/wall_1.mtl
[1.594s]   wrote /home/maria/rmf_ws/build/project_maps/maps/test1/models/test1_L2/model.sdf
[1.609s] spawning robot name tinyRobot1_charger of type TinyRobot
[1.609s] generate door name=door1 type=sliding
[1.609s] Door(door1)
[1.609s] generate door name=door2 type=sliding
[1.609s] Door(door2)
[1.612s] 33015 bytes written to /home/maria/rmf_ws/build/project_maps/maps/test1/test1.world
[1.638s] building name: classroom
[1.638s] coordinate system: reference_image
[1.638s] parsing level L1
[1.639s] parsing level L2
[1.639s] calculating levels relative to L1
[1.639s] level L1 scale: 0.02551020408163266
[1.639s] calculating level L2 offset and scale...
[1.639s]   0 common fiducials:
[1.640s] Transform.set_from_fiducials()
[1.640s]   0 fiducial pairs:
[1.640s] Bearings:
[1.640s] []
[1.644s] generating model of level L1 in /home/maria/rmf_ws/build/project_maps/maps/classroom/models/classroom_L1
[1.644s]   wrote /home/maria/rmf_ws/build/project_maps/maps/classroom/models/classroom_L1/model.config
[1.644s] generating floor polygon 1 on floor classroom_L1
[1.645s] hole vertices: []
[1.645s] lift vertices: {}
[1.647s] [[0, 5, 2], [0, 2, 1], [4, 3, 2], [4, 2, 5]]
[1.647s]   wrote /home/maria/rmf_ws/build/project_maps/maps/classroom/models/classroom_L1/meshes/floor_1.obj
[1.648s]   wrote /home/maria/rmf_ws/build/project_maps/maps/classroom/models/classroom_L1/meshes/blue_linoleum.png
[1.648s]   wrote /home/maria/rmf_ws/build/project_maps/maps/classroom/models/classroom_L1/meshes/floor_1.mtl
[1.648s] Walls Generation, wall params list: [{'alpha': <building_map.param_value.ParamValue object at 0x70044149fa40>, 'texture_height': <building_map.param_value.ParamValue object at 0x70044149fb30>, 'texture_name': <building_map.param_value.ParamValue object at 0x70044149c350>, 'texture_scale': <building_map.param_value.ParamValue object at 0x70044149fa10>, 'texture_width': <building_map.param_value.ParamValue object at 0x70044149fb00>}]
[1.648s] generating wall: 1 on floor: classroom_L1
[1.649s]   wrote /home/maria/rmf_ws/build/project_maps/maps/classroom/models/classroom_L1/meshes/default.png
[1.649s] generate_wall_visual_mesh(classroom_L1, /home/maria/rmf_ws/build/project_maps/maps/classroom/models/classroom_L1)
[1.649s]   generating /home/maria/rmf_ws/build/project_maps/maps/classroom/models/classroom_L1/meshes/wall_1.obj
[1.657s]   generating /home/maria/rmf_ws/build/project_maps/maps/classroom/models/classroom_L1/meshes/wall_1.mtl
[1.657s]   wrote /home/maria/rmf_ws/build/project_maps/maps/classroom/models/classroom_L1/model.sdf
[1.657s] generating model of level L2 in /home/maria/rmf_ws/build/project_maps/maps/classroom/models/classroom_L2
[1.657s]   wrote /home/maria/rmf_ws/build/project_maps/maps/classroom/models/classroom_L2/model.config
[1.657s] generating floor polygon 1 on floor classroom_L2
[1.658s] hole vertices: []
[1.658s] lift vertices: {}
[1.658s] [[0, 3, 2], [0, 2, 1]]
[1.659s]   wrote /home/maria/rmf_ws/build/project_maps/maps/classroom/models/classroom_L2/meshes/floor_1.obj
[1.659s]   wrote /home/maria/rmf_ws/build/project_maps/maps/classroom/models/classroom_L2/meshes/blue_linoleum.png
[1.659s]   wrote /home/maria/rmf_ws/build/project_maps/maps/classroom/models/classroom_L2/meshes/floor_1.mtl
[1.659s] Walls Generation, wall params list: [{'alpha': <building_map.param_value.ParamValue object at 0x700441328a40>, 'texture_height': <building_map.param_value.ParamValue object at 0x700441328a70>, 'texture_name': <building_map.param_value.ParamValue object at 0x700441328aa0>, 'texture_scale': <building_map.param_value.ParamValue object at 0x700441328ad0>, 'texture_width': <building_map.param_value.ParamValue object at 0x700441328b00>}]
[1.660s] generating wall: 1 on floor: classroom_L2
[1.660s]   wrote /home/maria/rmf_ws/build/project_maps/maps/classroom/models/classroom_L2/meshes/default.png
[1.660s] generate_wall_visual_mesh(classroom_L2, /home/maria/rmf_ws/build/project_maps/maps/classroom/models/classroom_L2)
[1.660s]   generating /home/maria/rmf_ws/build/project_maps/maps/classroom/models/classroom_L2/meshes/wall_1.obj
[1.662s]   generating /home/maria/rmf_ws/build/project_maps/maps/classroom/models/classroom_L2/meshes/wall_1.mtl
[1.662s]   wrote /home/maria/rmf_ws/build/project_maps/maps/classroom/models/classroom_L2/model.sdf
[1.667s] [ 50%] Built target test1
[1.678s] spawning robot name tinyRobot2 of type TinyRobot
[1.678s] spawning robot name tinyRobot1 of type TinyRobot
[1.678s] generate door name=door1 type=double_hinged
[1.678s] Door(door1)
[1.678s] generate door name=door2 type=hinged
[1.678s] Door(door2)
[1.678s] generate door name=door3 type=sliding
[1.678s] Door(door3)
[1.678s] generate door name=door4 type=double_hinged
[1.678s] Door(door4)
[1.678s] generate door name=door5 type=double_hinged
[1.678s] Door(door5)
[1.678s] generate door name=door6 type=double_hinged
[1.678s] Door(door6)
[1.679s] generate door name=door7 type=double_hinged
[1.679s] Door(door7)
[1.679s] generate door name=door8 type=sliding
[1.679s] Door(door8)
[1.679s] generate door name=door9 type=hinged
[1.679s] Door(door9)
[1.682s] 96466 bytes written to /home/maria/rmf_ws/build/project_maps/maps/classroom/classroom.world
[1.688s] [ 75%] [34m[1mGenerating test1_crowdsim[0m
[1.745s] [ 75%] Built target classroom
[1.765s] [100%] [34m[1mGenerating classroom_crowdsim[0m
[2.081s] crowdsim unable to parse, not attempting to proceed
[2.097s] crowdsim unable to parse, not attempting to proceed
[2.156s] [100%] Built target generate_test1_crowdsim
[2.454s] crowdsim unable to parse, not attempting to proceed
[2.768s] crowdsim unable to parse, not attempting to proceed
[2.819s] [100%] Built target generate_classroom_crowdsim
[2.829s] Invoked command in '/home/maria/rmf_ws/build/project_maps' returned '0': CMAKE_PREFIX_PATH=/home/maria/rmf_ws/install/project_config:/home/maria/rmf_ws/install/project_simulation:/home/maria/rmf_ws/install/project_maps:/home/maria/rmf_ws/install/project_assets:/rmf_demos_ws/install/rmf_workcell_msgs:/rmf_demos_ws/install/rmf_demos_gz:/rmf_demos_ws/install/rmf_demos:/rmf_demos_ws/install/rmf_reservation_node:/rmf_demos_ws/install/rmf_fleet_adapter_python:/rmf_demos_ws/install/rmf_fleet_adapter:/rmf_demos_ws/install/rmf_task_ros2:/rmf_demos_ws/install/rmf_websocket:/rmf_demos_ws/install/rmf_visualization:/rmf_demos_ws/install/rmf_visualization_schedule:/rmf_demos_ws/install/rmf_visualization_rviz2_plugins:/rmf_demos_ws/install/rmf_visualization_obstacles:/rmf_demos_ws/install/rmf_visualization_navgraphs:/rmf_demos_ws/install/rmf_visualization_floorplans:/rmf_demos_ws/install/rmf_visualization_fleet_states:/rmf_demos_ws/install/rmf_visualization_msgs:/rmf_demos_ws/install/rmf_traffic_ros2:/rmf_demos_ws/install/rmf_task_sequence:/rmf_demos_ws/install/rmf_task:/rmf_demos_ws/install/rmf_battery:/rmf_demos_ws/install/rmf_traffic:/rmf_demos_ws/install/rmf_utils:/rmf_demos_ws/install/rmf_traffic_msgs:/rmf_demos_ws/install/rmf_traffic_editor_test_maps:/rmf_demos_ws/install/rmf_traffic_editor_assets:/rmf_demos_ws/install/rmf_traffic_editor:/rmf_demos_ws/install/rmf_task_msgs:/rmf_demos_ws/install/rmf_site_map_msgs:/rmf_demos_ws/install/rmf_scheduler_msgs:/rmf_demos_ws/install/rmf_robot_sim_gz_plugins:/rmf_demos_ws/install/rmf_robot_sim_common:/rmf_demos_ws/install/rmf_reservation_msgs:/rmf_demos_ws/install/rmf_obstacle_msgs:/rmf_demos_ws/install/rmf_building_sim_gz_plugins:/rmf_demos_ws/install/rmf_lift_msgs:/rmf_demos_ws/install/rmf_ingestor_msgs:/rmf_demos_ws/install/rmf_fleet_msgs:/rmf_demos_ws/install/rmf_door_msgs:/rmf_demos_ws/install/rmf_dispenser_msgs:/rmf_demos_ws/install/rmf_demos_maps:/rmf_demos_ws/install/rmf_demos_assets:/rmf_demos_ws/install/rmf_charger_msgs:/rmf_demos_ws/install/rmf_building_map_msgs:/rmf_demos_ws/install/rmf_api_msgs:/rmf_demos_ws/install/nlohmann_json_schema_validator_vendor:/home/maria/rmf_ws/install/project_fleet_adapter:/rmf_demos_ws/install/rmf_demos_fleet_adapter:/rmf_demos_ws/install/rmf_visualization_building_systems:/rmf_demos_ws/install/rmf_traffic_examples:/rmf_demos_ws/install/rmf_demos_bridges:/rmf_demos_ws/install/rmf_demos_tasks:/rmf_demos_ws/install/rmf_building_map_tools:/rmf_demos_ws/install/rmf_charging_schedule:/opt/ros/jazzy:/rmf_demos_ws/install/menge_vendor:/rmf_demos_ws/install/ament_cmake_catch2:/opt/ros/jazzy/opt/gz_sim_vendor:/opt/ros/jazzy/opt/gz_sensors_vendor:/opt/ros/jazzy/opt/gz_physics_vendor:/opt/ros/jazzy/opt/sdformat_vendor:/opt/ros/jazzy/opt/gz_gui_vendor:/opt/ros/jazzy/opt/gz_transport_vendor:/opt/ros/jazzy/opt/gz_rendering_vendor:/opt/ros/jazzy/opt/gz_plugin_vendor:/opt/ros/jazzy/opt/gz_fuel_tools_vendor:/opt/ros/jazzy/opt/gz_msgs_vendor:/opt/ros/jazzy/opt/gz_common_vendor:/opt/ros/jazzy/opt/gz_math_vendor:/opt/ros/jazzy/opt/gz_utils_vendor:/opt/ros/jazzy/opt/gz_tools_vendor:/opt/ros/jazzy/opt/gz_ogre_next_vendor:/opt/ros/jazzy/opt/gz_dartsim_vendor:/opt/ros/jazzy/opt/gz_cmake_vendor /usr/bin/cmake --build /home/maria/rmf_ws/build/project_maps -- -j8 -l8
[2.830s] Invoking command in '/home/maria/rmf_ws/build/project_maps': CMAKE_PREFIX_PATH=/home/maria/rmf_ws/install/project_config:/home/maria/rmf_ws/install/project_simulation:/home/maria/rmf_ws/install/project_maps:/home/maria/rmf_ws/install/project_assets:/rmf_demos_ws/install/rmf_workcell_msgs:/rmf_demos_ws/install/rmf_demos_gz:/rmf_demos_ws/install/rmf_demos:/rmf_demos_ws/install/rmf_reservation_node:/rmf_demos_ws/install/rmf_fleet_adapter_python:/rmf_demos_ws/install/rmf_fleet_adapter:/rmf_demos_ws/install/rmf_task_ros2:/rmf_demos_ws/install/rmf_websocket:/rmf_demos_ws/install/rmf_visualization:/rmf_demos_ws/install/rmf_visualization_schedule:/rmf_demos_ws/install/rmf_visualization_rviz2_plugins:/rmf_demos_ws/install/rmf_visualization_obstacles:/rmf_demos_ws/install/rmf_visualization_navgraphs:/rmf_demos_ws/install/rmf_visualization_floorplans:/rmf_demos_ws/install/rmf_visualization_fleet_states:/rmf_demos_ws/install/rmf_visualization_msgs:/rmf_demos_ws/install/rmf_traffic_ros2:/rmf_demos_ws/install/rmf_task_sequence:/rmf_demos_ws/install/rmf_task:/rmf_demos_ws/install/rmf_battery:/rmf_demos_ws/install/rmf_traffic:/rmf_demos_ws/install/rmf_utils:/rmf_demos_ws/install/rmf_traffic_msgs:/rmf_demos_ws/install/rmf_traffic_editor_test_maps:/rmf_demos_ws/install/rmf_traffic_editor_assets:/rmf_demos_ws/install/rmf_traffic_editor:/rmf_demos_ws/install/rmf_task_msgs:/rmf_demos_ws/install/rmf_site_map_msgs:/rmf_demos_ws/install/rmf_scheduler_msgs:/rmf_demos_ws/install/rmf_robot_sim_gz_plugins:/rmf_demos_ws/install/rmf_robot_sim_common:/rmf_demos_ws/install/rmf_reservation_msgs:/rmf_demos_ws/install/rmf_obstacle_msgs:/rmf_demos_ws/install/rmf_building_sim_gz_plugins:/rmf_demos_ws/install/rmf_lift_msgs:/rmf_demos_ws/install/rmf_ingestor_msgs:/rmf_demos_ws/install/rmf_fleet_msgs:/rmf_demos_ws/install/rmf_door_msgs:/rmf_demos_ws/install/rmf_dispenser_msgs:/rmf_demos_ws/install/rmf_demos_maps:/rmf_demos_ws/install/rmf_demos_assets:/rmf_demos_ws/install/rmf_charger_msgs:/rmf_demos_ws/install/rmf_building_map_msgs:/rmf_demos_ws/install/rmf_api_msgs:/rmf_demos_ws/install/nlohmann_json_schema_validator_vendor:/home/maria/rmf_ws/install/project_fleet_adapter:/rmf_demos_ws/install/rmf_demos_fleet_adapter:/rmf_demos_ws/install/rmf_visualization_building_systems:/rmf_demos_ws/install/rmf_traffic_examples:/rmf_demos_ws/install/rmf_demos_bridges:/rmf_demos_ws/install/rmf_demos_tasks:/rmf_demos_ws/install/rmf_building_map_tools:/rmf_demos_ws/install/rmf_charging_schedule:/opt/ros/jazzy:/rmf_demos_ws/install/menge_vendor:/rmf_demos_ws/install/ament_cmake_catch2:/opt/ros/jazzy/opt/gz_sim_vendor:/opt/ros/jazzy/opt/gz_sensors_vendor:/opt/ros/jazzy/opt/gz_physics_vendor:/opt/ros/jazzy/opt/sdformat_vendor:/opt/ros/jazzy/opt/gz_gui_vendor:/opt/ros/jazzy/opt/gz_transport_vendor:/opt/ros/jazzy/opt/gz_rendering_vendor:/opt/ros/jazzy/opt/gz_plugin_vendor:/opt/ros/jazzy/opt/gz_fuel_tools_vendor:/opt/ros/jazzy/opt/gz_msgs_vendor:/opt/ros/jazzy/opt/gz_common_vendor:/opt/ros/jazzy/opt/gz_math_vendor:/opt/ros/jazzy/opt/gz_utils_vendor:/opt/ros/jazzy/opt/gz_tools_vendor:/opt/ros/jazzy/opt/gz_ogre_next_vendor:/opt/ros/jazzy/opt/gz_dartsim_vendor:/opt/ros/jazzy/opt/gz_cmake_vendor /usr/bin/cmake --install /home/maria/rmf_ws/build/project_maps
[2.838s] -- Install configuration: ""
[2.838s] -- Up-to-date: /home/maria/rmf_ws/install/project_maps/share/project_maps
[2.838s] -- Up-to-date: /home/maria/rmf_ws/install/project_maps/share/project_maps/classroom
[2.838s] -- Up-to-date: /home/maria/rmf_ws/install/project_maps/share/project_maps/classroom/classroom_world
[2.838s] -- Up-to-date: /home/maria/rmf_ws/install/project_maps/share/project_maps/classroom/classroom_world/classroom_L1
[2.838s] -- Up-to-date: /home/maria/rmf_ws/install/project_maps/share/project_maps/classroom/classroom_world/classroom_L1/meshes
[2.838s] -- Up-to-date: /home/maria/rmf_ws/install/project_maps/share/project_maps/classroom/classroom_world/classroom_L1/meshes/floor_1.obj
[2.838s] -- Up-to-date: /home/maria/rmf_ws/install/project_maps/share/project_maps/classroom/classroom_world/classroom_L1/meshes/floor_1.mtl
[2.838s] -- Up-to-date: /home/maria/rmf_ws/install/project_maps/share/project_maps/classroom/classroom_world/classroom_L1/meshes/model.material
[2.838s] -- Up-to-date: /home/maria/rmf_ws/install/project_maps/share/project_maps/classroom/classroom_world/classroom_L1/meshes/wall_1.obj
[2.838s] -- Up-to-date: /home/maria/rmf_ws/install/project_maps/share/project_maps/classroom/classroom_world/classroom_L1/meshes/wall_1.mtl
[2.838s] -- Up-to-date: /home/maria/rmf_ws/install/project_maps/share/project_maps/classroom/classroom_world/classroom_L1/meshes/default.png
[2.838s] -- Up-to-date: /home/maria/rmf_ws/install/project_maps/share/project_maps/classroom/classroom_world/classroom_L1/meshes/blue_linoleum.png
[2.838s] -- Up-to-date: /home/maria/rmf_ws/install/project_maps/share/project_maps/classroom/classroom_world/classroom_L1/model.sdf
[2.838s] -- Up-to-date: /home/maria/rmf_ws/install/project_maps/share/project_maps/classroom/classroom_world/classroom_L1/model.config
[2.839s] -- Up-to-date: /home/maria/rmf_ws/install/project_maps/share/project_maps/classroom/classroom_world/classroom_L2
[2.839s] -- Up-to-date: /home/maria/rmf_ws/install/project_maps/share/project_maps/classroom/classroom_world/classroom_L2/meshes
[2.839s] -- Up-to-date: /home/maria/rmf_ws/install/project_maps/share/project_maps/classroom/classroom_world/classroom_L2/meshes/floor_1.obj
[2.839s] -- Up-to-date: /home/maria/rmf_ws/install/project_maps/share/project_maps/classroom/classroom_world/classroom_L2/meshes/floor_1.mtl
[2.839s] -- Up-to-date: /home/maria/rmf_ws/install/project_maps/share/project_maps/classroom/classroom_world/classroom_L2/meshes/model.material
[2.839s] -- Up-to-date: /home/maria/rmf_ws/install/project_maps/share/project_maps/classroom/classroom_world/classroom_L2/meshes/wall_1.obj
[2.839s] -- Up-to-date: /home/maria/rmf_ws/install/project_maps/share/project_maps/classroom/classroom_world/classroom_L2/meshes/wall_1.mtl
[2.839s] -- Up-to-date: /home/maria/rmf_ws/install/project_maps/share/project_maps/classroom/classroom_world/classroom_L2/meshes/default.png
[2.839s] -- Up-to-date: /home/maria/rmf_ws/install/project_maps/share/project_maps/classroom/classroom_world/classroom_L2/meshes/blue_linoleum.png
[2.839s] -- Up-to-date: /home/maria/rmf_ws/install/project_maps/share/project_maps/classroom/classroom_world/classroom_L2/model.sdf
[2.839s] -- Up-to-date: /home/maria/rmf_ws/install/project_maps/share/project_maps/classroom/classroom_world/classroom_L2/model.config
[2.839s] -- Up-to-date: /home/maria/rmf_ws/install/project_maps/share/project_maps/classroom/classroom.building.yaml
[2.839s] -- Up-to-date: /home/maria/rmf_ws/install/project_maps/share/project_maps/classroom/models
[2.839s] -- Up-to-date: /home/maria/rmf_ws/install/project_maps/share/project_maps/classroom/models/AdjTable
[2.839s] -- Up-to-date: /home/maria/rmf_ws/install/project_maps/share/project_maps/classroom/models/AdjTable/meshes
[2.839s] -- Up-to-date: /home/maria/rmf_ws/install/project_maps/share/project_maps/classroom/models/AdjTable/meshes/AdjTable.obj
[2.839s] -- Up-to-date: /home/maria/rmf_ws/install/project_maps/share/project_maps/classroom/models/AdjTable/meshes/AdjTable_Diffuse.png
[2.839s] -- Up-to-date: /home/maria/rmf_ws/install/project_maps/share/project_maps/classroom/models/AdjTable/meshes/AdjTable_Col.mtl
[2.840s] -- Up-to-date: /home/maria/rmf_ws/install/project_maps/share/project_maps/classroom/models/AdjTable/meshes/AdjTable_Col.obj
[2.840s] -- Up-to-date: /home/maria/rmf_ws/install/project_maps/share/project_maps/classroom/models/AdjTable/meshes/AdjTable.mtl
[2.840s] -- Up-to-date: /home/maria/rmf_ws/install/project_maps/share/project_maps/classroom/models/AdjTable/model.sdf
[2.840s] -- Up-to-date: /home/maria/rmf_ws/install/project_maps/share/project_maps/classroom/models/AdjTable/thumbnails
[2.840s] -- Up-to-date: /home/maria/rmf_ws/install/project_maps/share/project_maps/classroom/models/AdjTable/thumbnails/3.png
[2.840s] -- Up-to-date: /home/maria/rmf_ws/install/project_maps/share/project_maps/classroom/models/AdjTable/thumbnails/2.png
[2.840s] -- Up-to-date: /home/maria/rmf_ws/install/project_maps/share/project_maps/classroom/models/AdjTable/thumbnails/1.png
[2.840s] -- Up-to-date: /home/maria/rmf_ws/install/project_maps/share/project_maps/classroom/models/AdjTable/thumbnails/5.png
[2.840s] -- Up-to-date: /home/maria/rmf_ws/install/project_maps/share/project_maps/classroom/models/AdjTable/thumbnails/4.png
[2.840s] -- Up-to-date: /home/maria/rmf_ws/install/project_maps/share/project_maps/classroom/models/AdjTable/model.config
[2.840s] -- Up-to-date: /home/maria/rmf_ws/install/project_maps/share/project_maps/classroom/models/TinyRobot
[2.840s] -- Up-to-date: /home/maria/rmf_ws/install/project_maps/share/project_maps/classroom/models/TinyRobot/meshes
[2.840s] -- Up-to-date: /home/maria/rmf_ws/install/project_maps/share/project_maps/classroom/models/TinyRobot/meshes/front_wheel.obj
[2.840s] -- Up-to-date: /home/maria/rmf_ws/install/project_maps/share/project_maps/classroom/models/TinyRobot/meshes/caster_wheel.mtl
[2.840s] -- Up-to-date: /home/maria/rmf_ws/install/project_maps/share/project_maps/classroom/models/TinyRobot/meshes/front_wheel.mtl
[2.840s] -- Up-to-date: /home/maria/rmf_ws/install/project_maps/share/project_maps/classroom/models/TinyRobot/meshes/caster_wheel.obj
[2.840s] -- Up-to-date: /home/maria/rmf_ws/install/project_maps/share/project_maps/classroom/models/TinyRobot/meshes/tinyRobot_body.mtl
[2.841s] -- Up-to-date: /home/maria/rmf_ws/install/project_maps/share/project_maps/classroom/models/TinyRobot/meshes/tinyRobot_body.obj
[2.841s] -- Up-to-date: /home/maria/rmf_ws/install/project_maps/share/project_maps/classroom/models/TinyRobot/model.sdf
[2.841s] -- Up-to-date: /home/maria/rmf_ws/install/project_maps/share/project_maps/classroom/models/TinyRobot/model.config
[2.841s] -- Up-to-date: /home/maria/rmf_ws/install/project_maps/share/project_maps/classroom/models/OfficeChairGrey
[2.841s] -- Up-to-date: /home/maria/rmf_ws/install/project_maps/share/project_maps/classroom/models/OfficeChairGrey/meshes
[2.841s] -- Up-to-date: /home/maria/rmf_ws/install/project_maps/share/project_maps/classroom/models/OfficeChairGrey/meshes/OfficeChairGrey_Col.mtl
[2.841s] -- Up-to-date: /home/maria/rmf_ws/install/project_maps/share/project_maps/classroom/models/OfficeChairGrey/meshes/OfficeChairGrey.obj
[2.841s] -- Up-to-date: /home/maria/rmf_ws/install/project_maps/share/project_maps/classroom/models/OfficeChairGrey/meshes/OfficeChairGrey.png
[2.841s] -- Up-to-date: /home/maria/rmf_ws/install/project_maps/share/project_maps/classroom/models/OfficeChairGrey/meshes/OfficeChairGrey.mtl
[2.841s] -- Up-to-date: /home/maria/rmf_ws/install/project_maps/share/project_maps/classroom/models/OfficeChairGrey/meshes/OfficeChairGrey_Col.obj
[2.841s] -- Up-to-date: /home/maria/rmf_ws/install/project_maps/share/project_maps/classroom/models/OfficeChairGrey/model.sdf
[2.841s] -- Up-to-date: /home/maria/rmf_ws/install/project_maps/share/project_maps/classroom/models/OfficeChairGrey/thumbnails
[2.841s] -- Up-to-date: /home/maria/rmf_ws/install/project_maps/share/project_maps/classroom/models/OfficeChairGrey/thumbnails/3.png
[2.841s] -- Up-to-date: /home/maria/rmf_ws/install/project_maps/share/project_maps/classroom/models/OfficeChairGrey/thumbnails/2.png
[2.842s] -- Up-to-date: /home/maria/rmf_ws/install/project_maps/share/project_maps/classroom/models/OfficeChairGrey/thumbnails/meta
[2.842s] -- Up-to-date: /home/maria/rmf_ws/install/project_maps/share/project_maps/classroom/models/OfficeChairGrey/thumbnails/meta/3.png
[2.842s] -- Up-to-date: /home/maria/rmf_ws/install/project_maps/share/project_maps/classroom/models/OfficeChairGrey/thumbnails/meta/2.png
[2.842s] -- Up-to-date: /home/maria/rmf_ws/install/project_maps/share/project_maps/classroom/models/OfficeChairGrey/thumbnails/meta/1.png
[2.842s] -- Up-to-date: /home/maria/rmf_ws/install/project_maps/share/project_maps/classroom/models/OfficeChairGrey/thumbnails/meta/5.png
[2.842s] -- Up-to-date: /home/maria/rmf_ws/install/project_maps/share/project_maps/classroom/models/OfficeChairGrey/thumbnails/meta/4.png
[2.842s] -- Up-to-date: /home/maria/rmf_ws/install/project_maps/share/project_maps/classroom/models/OfficeChairGrey/thumbnails/1.png
[2.842s] -- Up-to-date: /home/maria/rmf_ws/install/project_maps/share/project_maps/classroom/models/OfficeChairGrey/thumbnails/5.png
[2.842s] -- Up-to-date: /home/maria/rmf_ws/install/project_maps/share/project_maps/classroom/models/OfficeChairGrey/thumbnails/4.png
[2.842s] -- Up-to-date: /home/maria/rmf_ws/install/project_maps/share/project_maps/classroom/models/OfficeChairGrey/model.config
[2.842s] -- Up-to-date: /home/maria/rmf_ws/install/project_maps/share/project_maps/classroom/classroom.world
[2.842s] -- Up-to-date: /home/maria/rmf_ws/install/project_maps/share/project_maps/test1
[2.842s] -- Installing: /home/maria/rmf_ws/install/project_maps/share/project_maps/test1/test1.building.yaml
[2.842s] -- Up-to-date: /home/maria/rmf_ws/install/project_maps/share/project_maps/test1/models
[2.843s] -- Up-to-date: /home/maria/rmf_ws/install/project_maps/share/project_maps/test1/models/Sofa
[2.843s] -- Up-to-date: /home/maria/rmf_ws/install/project_maps/share/project_maps/test1/models/Sofa/meshes
[2.843s] -- Up-to-date: /home/maria/rmf_ws/install/project_maps/share/project_maps/test1/models/Sofa/meshes/SofaDiffuse.png
[2.843s] -- Up-to-date: /home/maria/rmf_ws/install/project_maps/share/project_maps/test1/models/Sofa/meshes/Sofa.mtl
[2.843s] -- Up-to-date: /home/maria/rmf_ws/install/project_maps/share/project_maps/test1/models/Sofa/meshes/Sofa.obj
[2.843s] -- Up-to-date: /home/maria/rmf_ws/install/project_maps/share/project_maps/test1/models/Sofa/model.sdf
[2.843s] -- Up-to-date: /home/maria/rmf_ws/install/project_maps/share/project_maps/test1/models/Sofa/thumbnails
[2.843s] -- Up-to-date: /home/maria/rmf_ws/install/project_maps/share/project_maps/test1/models/Sofa/thumbnails/3.png
[2.843s] -- Up-to-date: /home/maria/rmf_ws/install/project_maps/share/project_maps/test1/models/Sofa/thumbnails/2.png
[2.843s] -- Up-to-date: /home/maria/rmf_ws/install/project_maps/share/project_maps/test1/models/Sofa/thumbnails/1.png
[2.843s] -- Up-to-date: /home/maria/rmf_ws/install/project_maps/share/project_maps/test1/models/Sofa/thumbnails/5.png
[2.843s] -- Up-to-date: /home/maria/rmf_ws/install/project_maps/share/project_maps/test1/models/Sofa/thumbnails/4.png
[2.843s] -- Up-to-date: /home/maria/rmf_ws/install/project_maps/share/project_maps/test1/models/Sofa/model.config
[2.844s] -- Up-to-date: /home/maria/rmf_ws/install/project_maps/share/ament_index/resource_index/package_run_dependencies/project_maps
[2.844s] -- Up-to-date: /home/maria/rmf_ws/install/project_maps/share/ament_index/resource_index/parent_prefix_path/project_maps
[2.844s] -- Up-to-date: /home/maria/rmf_ws/install/project_maps/share/project_maps/environment/ament_prefix_path.sh
[2.844s] -- Up-to-date: /home/maria/rmf_ws/install/project_maps/share/project_maps/environment/ament_prefix_path.dsv
[2.844s] -- Up-to-date: /home/maria/rmf_ws/install/project_maps/share/project_maps/environment/path.sh
[2.844s] -- Up-to-date: /home/maria/rmf_ws/install/project_maps/share/project_maps/environment/path.dsv
[2.844s] -- Up-to-date: /home/maria/rmf_ws/install/project_maps/share/project_maps/local_setup.bash
[2.844s] -- Up-to-date: /home/maria/rmf_ws/install/project_maps/share/project_maps/local_setup.sh
[2.844s] -- Up-to-date: /home/maria/rmf_ws/install/project_maps/share/project_maps/local_setup.zsh
[2.844s] -- Up-to-date: /home/maria/rmf_ws/install/project_maps/share/project_maps/local_setup.dsv
[2.844s] -- Installing: /home/maria/rmf_ws/install/project_maps/share/project_maps/package.dsv
[2.844s] -- Up-to-date: /home/maria/rmf_ws/install/project_maps/share/ament_index/resource_index/packages/project_maps
[2.845s] -- Up-to-date: /home/maria/rmf_ws/install/project_maps/share/project_maps/cmake/project_mapsConfig.cmake
[2.845s] -- Up-to-date: /home/maria/rmf_ws/install/project_maps/share/project_maps/cmake/project_mapsConfig-version.cmake
[2.845s] -- Up-to-date: /home/maria/rmf_ws/install/project_maps/share/project_maps/package.xml
[2.845s] -- Up-to-date: /home/maria/rmf_ws/install/project_maps/share/project_maps/maps/classroom
[2.845s] -- Up-to-date: /home/maria/rmf_ws/install/project_maps/share/project_maps/maps/classroom/nav_graphs
[2.845s] -- Installing: /home/maria/rmf_ws/install/project_maps/share/project_maps/maps/classroom/nav_graphs/0.yaml
[2.845s] -- Installing: /home/maria/rmf_ws/install/project_maps/share/project_maps/maps/classroom/nav_graphs/1.yaml
[2.845s] -- Up-to-date: /home/maria/rmf_ws/install/project_maps/share/project_maps/maps/classroom/config_resource
[2.845s] -- Up-to-date: /home/maria/rmf_ws/install/project_maps/share/project_maps/maps/classroom/models
[2.845s] -- Up-to-date: /home/maria/rmf_ws/install/project_maps/share/project_maps/maps/classroom/models/classroom_L1
[2.845s] -- Up-to-date: /home/maria/rmf_ws/install/project_maps/share/project_maps/maps/classroom/models/classroom_L1/meshes
[2.845s] -- Installing: /home/maria/rmf_ws/install/project_maps/share/project_maps/maps/classroom/models/classroom_L1/meshes/floor_1.obj
[2.845s] -- Installing: /home/maria/rmf_ws/install/project_maps/share/project_maps/maps/classroom/models/classroom_L1/meshes/floor_1.mtl
[2.845s] -- Installing: /home/maria/rmf_ws/install/project_maps/share/project_maps/maps/classroom/models/classroom_L1/meshes/model.material
[2.845s] -- Installing: /home/maria/rmf_ws/install/project_maps/share/project_maps/maps/classroom/models/classroom_L1/meshes/wall_1.obj
[2.845s] -- Installing: /home/maria/rmf_ws/install/project_maps/share/project_maps/maps/classroom/models/classroom_L1/meshes/wall_1.mtl
[2.845s] -- Installing: /home/maria/rmf_ws/install/project_maps/share/project_maps/maps/classroom/models/classroom_L1/meshes/default.png
[2.845s] -- Installing: /home/maria/rmf_ws/install/project_maps/share/project_maps/maps/classroom/models/classroom_L1/meshes/blue_linoleum.png
[2.845s] -- Installing: /home/maria/rmf_ws/install/project_maps/share/project_maps/maps/classroom/models/classroom_L1/model.sdf
[2.846s] -- Installing: /home/maria/rmf_ws/install/project_maps/share/project_maps/maps/classroom/models/classroom_L1/model.config
[2.846s] -- Up-to-date: /home/maria/rmf_ws/install/project_maps/share/project_maps/maps/classroom/models/classroom_L2
[2.846s] -- Up-to-date: /home/maria/rmf_ws/install/project_maps/share/project_maps/maps/classroom/models/classroom_L2/meshes
[2.846s] -- Installing: /home/maria/rmf_ws/install/project_maps/share/project_maps/maps/classroom/models/classroom_L2/meshes/floor_1.obj
[2.846s] -- Installing: /home/maria/rmf_ws/install/project_maps/share/project_maps/maps/classroom/models/classroom_L2/meshes/floor_1.mtl
[2.846s] -- Installing: /home/maria/rmf_ws/install/project_maps/share/project_maps/maps/classroom/models/classroom_L2/meshes/model.material
[2.846s] -- Installing: /home/maria/rmf_ws/install/project_maps/share/project_maps/maps/classroom/models/classroom_L2/meshes/wall_1.obj
[2.846s] -- Installing: /home/maria/rmf_ws/install/project_maps/share/project_maps/maps/classroom/models/classroom_L2/meshes/wall_1.mtl
[2.846s] -- Installing: /home/maria/rmf_ws/install/project_maps/share/project_maps/maps/classroom/models/classroom_L2/meshes/default.png
[2.846s] -- Installing: /home/maria/rmf_ws/install/project_maps/share/project_maps/maps/classroom/models/classroom_L2/meshes/blue_linoleum.png
[2.847s] -- Installing: /home/maria/rmf_ws/install/project_maps/share/project_maps/maps/classroom/models/classroom_L2/model.sdf
[2.847s] -- Installing: /home/maria/rmf_ws/install/project_maps/share/project_maps/maps/classroom/models/classroom_L2/model.config
[2.847s] -- Installing: /home/maria/rmf_ws/install/project_maps/share/project_maps/maps/classroom/classroom.world
[2.847s] -- Up-to-date: /home/maria/rmf_ws/install/project_maps/share/project_maps/maps/test1
[2.847s] -- Up-to-date: /home/maria/rmf_ws/install/project_maps/share/project_maps/maps/test1/nav_graphs
[2.847s] -- Installing: /home/maria/rmf_ws/install/project_maps/share/project_maps/maps/test1/nav_graphs/0.yaml
[2.848s] -- Up-to-date: /home/maria/rmf_ws/install/project_maps/share/project_maps/maps/test1/config_resource
[2.848s] -- Installing: /home/maria/rmf_ws/install/project_maps/share/project_maps/maps/test1/test1.world
[2.848s] -- Up-to-date: /home/maria/rmf_ws/install/project_maps/share/project_maps/maps/test1/models
[2.848s] -- Up-to-date: /home/maria/rmf_ws/install/project_maps/share/project_maps/maps/test1/models/test1_L2
[2.848s] -- Up-to-date: /home/maria/rmf_ws/install/project_maps/share/project_maps/maps/test1/models/test1_L2/meshes
[2.848s] -- Installing: /home/maria/rmf_ws/install/project_maps/share/project_maps/maps/test1/models/test1_L2/meshes/floor_1.obj
[2.848s] -- Installing: /home/maria/rmf_ws/install/project_maps/share/project_maps/maps/test1/models/test1_L2/meshes/floor_1.mtl
[2.848s] -- Installing: /home/maria/rmf_ws/install/project_maps/share/project_maps/maps/test1/models/test1_L2/meshes/model.material
[2.848s] -- Installing: /home/maria/rmf_ws/install/project_maps/share/project_maps/maps/test1/models/test1_L2/meshes/wall_1.obj
[2.849s] -- Installing: /home/maria/rmf_ws/install/project_maps/share/project_maps/maps/test1/models/test1_L2/meshes/wall_1.mtl
[2.849s] -- Installing: /home/maria/rmf_ws/install/project_maps/share/project_maps/maps/test1/models/test1_L2/meshes/default.png
[2.849s] -- Installing: /home/maria/rmf_ws/install/project_maps/share/project_maps/maps/test1/models/test1_L2/meshes/blue_linoleum.png
[2.849s] -- Installing: /home/maria/rmf_ws/install/project_maps/share/project_maps/maps/test1/models/test1_L2/model.sdf
[2.849s] -- Installing: /home/maria/rmf_ws/install/project_maps/share/project_maps/maps/test1/models/test1_L2/model.config
[2.849s] -- Up-to-date: /home/maria/rmf_ws/install/project_maps/share/project_maps/maps/test1/models/test1_L1
[2.849s] -- Up-to-date: /home/maria/rmf_ws/install/project_maps/share/project_maps/maps/test1/models/test1_L1/meshes
[2.849s] -- Installing: /home/maria/rmf_ws/install/project_maps/share/project_maps/maps/test1/models/test1_L1/meshes/floor_1.obj
[2.850s] -- Installing: /home/maria/rmf_ws/install/project_maps/share/project_maps/maps/test1/models/test1_L1/meshes/floor_1.mtl
[2.850s] -- Installing: /home/maria/rmf_ws/install/project_maps/share/project_maps/maps/test1/models/test1_L1/meshes/model.material
[2.850s] -- Installing: /home/maria/rmf_ws/install/project_maps/share/project_maps/maps/test1/models/test1_L1/meshes/wall_1.obj
[2.850s] -- Installing: /home/maria/rmf_ws/install/project_maps/share/project_maps/maps/test1/models/test1_L1/meshes/wall_1.mtl
[2.850s] -- Installing: /home/maria/rmf_ws/install/project_maps/share/project_maps/maps/test1/models/test1_L1/meshes/default.png
[2.850s] -- Installing: /home/maria/rmf_ws/install/project_maps/share/project_maps/maps/test1/models/test1_L1/meshes/blue_linoleum.png
[2.850s] -- Installing: /home/maria/rmf_ws/install/project_maps/share/project_maps/maps/test1/models/test1_L1/model.sdf
[2.850s] -- Installing: /home/maria/rmf_ws/install/project_maps/share/project_maps/maps/test1/models/test1_L1/model.config
[2.852s] Invoked command in '/home/maria/rmf_ws/build/project_maps' returned '0': CMAKE_PREFIX_PATH=/home/maria/rmf_ws/install/project_config:/home/maria/rmf_ws/install/project_simulation:/home/maria/rmf_ws/install/project_maps:/home/maria/rmf_ws/install/project_assets:/rmf_demos_ws/install/rmf_workcell_msgs:/rmf_demos_ws/install/rmf_demos_gz:/rmf_demos_ws/install/rmf_demos:/rmf_demos_ws/install/rmf_reservation_node:/rmf_demos_ws/install/rmf_fleet_adapter_python:/rmf_demos_ws/install/rmf_fleet_adapter:/rmf_demos_ws/install/rmf_task_ros2:/rmf_demos_ws/install/rmf_websocket:/rmf_demos_ws/install/rmf_visualization:/rmf_demos_ws/install/rmf_visualization_schedule:/rmf_demos_ws/install/rmf_visualization_rviz2_plugins:/rmf_demos_ws/install/rmf_visualization_obstacles:/rmf_demos_ws/install/rmf_visualization_navgraphs:/rmf_demos_ws/install/rmf_visualization_floorplans:/rmf_demos_ws/install/rmf_visualization_fleet_states:/rmf_demos_ws/install/rmf_visualization_msgs:/rmf_demos_ws/install/rmf_traffic_ros2:/rmf_demos_ws/install/rmf_task_sequence:/rmf_demos_ws/install/rmf_task:/rmf_demos_ws/install/rmf_battery:/rmf_demos_ws/install/rmf_traffic:/rmf_demos_ws/install/rmf_utils:/rmf_demos_ws/install/rmf_traffic_msgs:/rmf_demos_ws/install/rmf_traffic_editor_test_maps:/rmf_demos_ws/install/rmf_traffic_editor_assets:/rmf_demos_ws/install/rmf_traffic_editor:/rmf_demos_ws/install/rmf_task_msgs:/rmf_demos_ws/install/rmf_site_map_msgs:/rmf_demos_ws/install/rmf_scheduler_msgs:/rmf_demos_ws/install/rmf_robot_sim_gz_plugins:/rmf_demos_ws/install/rmf_robot_sim_common:/rmf_demos_ws/install/rmf_reservation_msgs:/rmf_demos_ws/install/rmf_obstacle_msgs:/rmf_demos_ws/install/rmf_building_sim_gz_plugins:/rmf_demos_ws/install/rmf_lift_msgs:/rmf_demos_ws/install/rmf_ingestor_msgs:/rmf_demos_ws/install/rmf_fleet_msgs:/rmf_demos_ws/install/rmf_door_msgs:/rmf_demos_ws/install/rmf_dispenser_msgs:/rmf_demos_ws/install/rmf_demos_maps:/rmf_demos_ws/install/rmf_demos_assets:/rmf_demos_ws/install/rmf_charger_msgs:/rmf_demos_ws/install/rmf_building_map_msgs:/rmf_demos_ws/install/rmf_api_msgs:/rmf_demos_ws/install/nlohmann_json_schema_validator_vendor:/home/maria/rmf_ws/install/project_fleet_adapter:/rmf_demos_ws/install/rmf_demos_fleet_adapter:/rmf_demos_ws/install/rmf_visualization_building_systems:/rmf_demos_ws/install/rmf_traffic_examples:/rmf_demos_ws/install/rmf_demos_bridges:/rmf_demos_ws/install/rmf_demos_tasks:/rmf_demos_ws/install/rmf_building_map_tools:/rmf_demos_ws/install/rmf_charging_schedule:/opt/ros/jazzy:/rmf_demos_ws/install/menge_vendor:/rmf_demos_ws/install/ament_cmake_catch2:/opt/ros/jazzy/opt/gz_sim_vendor:/opt/ros/jazzy/opt/gz_sensors_vendor:/opt/ros/jazzy/opt/gz_physics_vendor:/opt/ros/jazzy/opt/sdformat_vendor:/opt/ros/jazzy/opt/gz_gui_vendor:/opt/ros/jazzy/opt/gz_transport_vendor:/opt/ros/jazzy/opt/gz_rendering_vendor:/opt/ros/jazzy/opt/gz_plugin_vendor:/opt/ros/jazzy/opt/gz_fuel_tools_vendor:/opt/ros/jazzy/opt/gz_msgs_vendor:/opt/ros/jazzy/opt/gz_common_vendor:/opt/ros/jazzy/opt/gz_math_vendor:/opt/ros/jazzy/opt/gz_utils_vendor:/opt/ros/jazzy/opt/gz_tools_vendor:/opt/ros/jazzy/opt/gz_ogre_next_vendor:/opt/ros/jazzy/opt/gz_dartsim_vendor:/opt/ros/jazzy/opt/gz_cmake_vendor /usr/bin/cmake --install /home/maria/rmf_ws/build/project_maps
