-- The C compiler identification is GNU 13.3.0
-- The CXX compiler identification is GNU 13.3.0
-- Detecting C compiler ABI info
-- Detecting C compiler ABI info - done
-- Check for working C compiler: /usr/bin/cc - skipped
-- Detecting C compile features
-- Detecting C compile features - done
-- Detecting CXX compiler ABI info
-- Detecting CXX compiler ABI info - done
-- Check for working CXX compiler: /usr/bin/c++ - skipped
-- Detecting CXX compile features
-- Detecting CXX compile features - done
-- Found ament_cmake: 2.5.5 (/opt/ros/jazzy/share/ament_cmake/cmake)
-- Found Python3: /usr/bin/python3 (found version "3.12.3") found components: Interpreter 
-- Configuring done (0.8s)
-- Generating done (0.0s)
-- Build files have been written to: /home/maria/rmf_ws/build/project_maps
[ 50%] [34m[1mGenerating maps/test1/nav_graphs/phony[0m
Load success!

Cache found! Model count: 3238 
Updating cache...
Topping up Fuel (updating cache) from: https://fuel.gazebosim.org/1.0/models
Fetching page: 1
building name: test1
coordinate system: reference_image
parsing level L1
parsing level L2
calculating levels relative to L1
level L1 scale: 0.06910706757980138
calculating level L2 offset and scale...
  1 common fiducials:
Transform.set_from_fiducials()
  1 fiducial pairs:
    (1.255, -1.106) -> (2.232, -1.759)   
Bearings:
[]
generating nav data
hooray, we found an intersection: t=0.462, u=0.463
  (28.327,-30.218),(116.593,-30.218) and (69.145,-23.111),(69.145,-38.456)
found intersection with door null!
writing /home/maria/rmf_ws/build/project_maps/maps/test1/nav_graphs/0.yaml
[ 50%] Built target generate_test1_nav_graphs
Cached model found! Halting Fuel traversal...
Writing to cache: /home/maria/.pit_crew/model_cache.json
New models cached: 0

[ 50%] Built target update_model_cache
generating /home/maria/rmf_ws/build/project_maps/maps/test1/test1.world from /home/maria/rmf_ws/src/project/project_maps/maps/test1/test1.building.yaml
building name: test1
coordinate system: reference_image
parsing level L1
parsing level L2
calculating levels relative to L1
level L1 scale: 0.06910706757980138
calculating level L2 offset and scale...
  1 common fiducials:
Transform.set_from_fiducials()
  1 fiducial pairs:
    (1.255, -1.106) -> (2.232, -1.759)   
Bearings:
[]
generating model of level L1 in /home/maria/rmf_ws/build/project_maps/maps/test1/models/test1_L1
  wrote /home/maria/rmf_ws/build/project_maps/maps/test1/models/test1_L1/model.config
generating floor polygon 1 on floor test1_L1
hole vertices: []
lift vertices: {}
[[0, 3, 1], [1, 3, 2]]
  wrote /home/maria/rmf_ws/build/project_maps/maps/test1/models/test1_L1/meshes/floor_1.obj
  wrote /home/maria/rmf_ws/build/project_maps/maps/test1/models/test1_L1/meshes/blue_linoleum.png
  wrote /home/maria/rmf_ws/build/project_maps/maps/test1/models/test1_L1/meshes/floor_1.mtl
Walls Generation, wall params list: [{'alpha': <building_map.param_value.ParamValue object at 0x7f7185c7fb90>, 'texture_height': <building_map.param_value.ParamValue object at 0x7f7185c7fb60>, 'texture_name': <building_map.param_value.ParamValue object at 0x7f7185c7fc50>, 'texture_scale': <building_map.param_value.ParamValue object at 0x7f7185c7c4a0>, 'texture_width': <building_map.param_value.ParamValue object at 0x7f7185c7fc20>}]
generating wall: 1 on floor: test1_L1
  wrote /home/maria/rmf_ws/build/project_maps/maps/test1/models/test1_L1/meshes/default.png
generate_wall_visual_mesh(test1_L1, /home/maria/rmf_ws/build/project_maps/maps/test1/models/test1_L1)
  generating /home/maria/rmf_ws/build/project_maps/maps/test1/models/test1_L1/meshes/wall_1.obj
  generating /home/maria/rmf_ws/build/project_maps/maps/test1/models/test1_L1/meshes/wall_1.mtl
  wrote /home/maria/rmf_ws/build/project_maps/maps/test1/models/test1_L1/model.sdf
generating model of level L2 in /home/maria/rmf_ws/build/project_maps/maps/test1/models/test1_L2
  wrote /home/maria/rmf_ws/build/project_maps/maps/test1/models/test1_L2/model.config
Walls Generation, wall params list: [{'alpha': <building_map.param_value.ParamValue object at 0x7f7185a3c6e0>, 'texture_height': <building_map.param_value.ParamValue object at 0x7f7185a3c770>, 'texture_name': <building_map.param_value.ParamValue object at 0x7f7185a3c7a0>, 'texture_scale': <building_map.param_value.ParamValue object at 0x7f7185a3c7d0>, 'texture_width': <building_map.param_value.ParamValue object at 0x7f7185a3c800>}]
generating wall: 1 on floor: test1_L2
  wrote /home/maria/rmf_ws/build/project_maps/maps/test1/models/test1_L2/meshes/default.png
generate_wall_visual_mesh(test1_L2, /home/maria/rmf_ws/build/project_maps/maps/test1/models/test1_L2)
  generating /home/maria/rmf_ws/build/project_maps/maps/test1/models/test1_L2/meshes/wall_1.obj
  generating /home/maria/rmf_ws/build/project_maps/maps/test1/models/test1_L2/meshes/wall_1.mtl
  wrote /home/maria/rmf_ws/build/project_maps/maps/test1/models/test1_L2/model.sdf
spawning robot name tinyRobot1 of type TinyRobot
generate door name=null type=sliding
Door(null)
14163 bytes written to /home/maria/rmf_ws/build/project_maps/maps/test1/test1.world
[ 50%] Built target test1
[100%] [34m[1mGenerating test1_crowdsim[0m
Creating output folder path:  /home/maria/rmf_ws/build/project_maps/maps/test1/config_resource/
crowdsim unable to parse, not attempting to proceed
crowdsim unable to parse, not attempting to proceed
[100%] Built target generate_test1_crowdsim
-- Install configuration: ""
-- Installing: /home/maria/rmf_ws/install/project_maps/share/project_maps
-- Installing: /home/maria/rmf_ws/install/project_maps/share/project_maps/test1
-- Installing: /home/maria/rmf_ws/install/project_maps/share/project_maps/test1/test1.building.yaml
-- Installing: /home/maria/rmf_ws/install/project_maps/share/ament_index/resource_index/package_run_dependencies/project_maps
-- Installing: /home/maria/rmf_ws/install/project_maps/share/ament_index/resource_index/parent_prefix_path/project_maps
-- Installing: /home/maria/rmf_ws/install/project_maps/share/project_maps/environment/ament_prefix_path.sh
-- Installing: /home/maria/rmf_ws/install/project_maps/share/project_maps/environment/ament_prefix_path.dsv
-- Installing: /home/maria/rmf_ws/install/project_maps/share/project_maps/environment/path.sh
-- Installing: /home/maria/rmf_ws/install/project_maps/share/project_maps/environment/path.dsv
-- Installing: /home/maria/rmf_ws/install/project_maps/share/project_maps/local_setup.bash
-- Installing: /home/maria/rmf_ws/install/project_maps/share/project_maps/local_setup.sh
-- Installing: /home/maria/rmf_ws/install/project_maps/share/project_maps/local_setup.zsh
-- Installing: /home/maria/rmf_ws/install/project_maps/share/project_maps/local_setup.dsv
-- Installing: /home/maria/rmf_ws/install/project_maps/share/project_maps/package.dsv
-- Installing: /home/maria/rmf_ws/install/project_maps/share/ament_index/resource_index/packages/project_maps
-- Installing: /home/maria/rmf_ws/install/project_maps/share/project_maps/cmake/project_mapsConfig.cmake
-- Installing: /home/maria/rmf_ws/install/project_maps/share/project_maps/cmake/project_mapsConfig-version.cmake
-- Installing: /home/maria/rmf_ws/install/project_maps/share/project_maps/package.xml
-- Installing: /home/maria/rmf_ws/install/project_maps/share/project_maps/maps/test1
-- Installing: /home/maria/rmf_ws/install/project_maps/share/project_maps/maps/test1/nav_graphs
-- Installing: /home/maria/rmf_ws/install/project_maps/share/project_maps/maps/test1/nav_graphs/0.yaml
-- Installing: /home/maria/rmf_ws/install/project_maps/share/project_maps/maps/test1/config_resource
-- Installing: /home/maria/rmf_ws/install/project_maps/share/project_maps/maps/test1/test1.world
-- Installing: /home/maria/rmf_ws/install/project_maps/share/project_maps/maps/test1/models
-- Installing: /home/maria/rmf_ws/install/project_maps/share/project_maps/maps/test1/models/test1_L2
-- Installing: /home/maria/rmf_ws/install/project_maps/share/project_maps/maps/test1/models/test1_L2/meshes
-- Installing: /home/maria/rmf_ws/install/project_maps/share/project_maps/maps/test1/models/test1_L2/meshes/model.material
-- Installing: /home/maria/rmf_ws/install/project_maps/share/project_maps/maps/test1/models/test1_L2/meshes/wall_1.obj
-- Installing: /home/maria/rmf_ws/install/project_maps/share/project_maps/maps/test1/models/test1_L2/meshes/wall_1.mtl
-- Installing: /home/maria/rmf_ws/install/project_maps/share/project_maps/maps/test1/models/test1_L2/meshes/default.png
-- Installing: /home/maria/rmf_ws/install/project_maps/share/project_maps/maps/test1/models/test1_L2/model.sdf
-- Installing: /home/maria/rmf_ws/install/project_maps/share/project_maps/maps/test1/models/test1_L2/model.config
-- Installing: /home/maria/rmf_ws/install/project_maps/share/project_maps/maps/test1/models/test1_L1
-- Installing: /home/maria/rmf_ws/install/project_maps/share/project_maps/maps/test1/models/test1_L1/meshes
-- Installing: /home/maria/rmf_ws/install/project_maps/share/project_maps/maps/test1/models/test1_L1/meshes/floor_1.obj
-- Installing: /home/maria/rmf_ws/install/project_maps/share/project_maps/maps/test1/models/test1_L1/meshes/floor_1.mtl
-- Installing: /home/maria/rmf_ws/install/project_maps/share/project_maps/maps/test1/models/test1_L1/meshes/model.material
-- Installing: /home/maria/rmf_ws/install/project_maps/share/project_maps/maps/test1/models/test1_L1/meshes/wall_1.obj
-- Installing: /home/maria/rmf_ws/install/project_maps/share/project_maps/maps/test1/models/test1_L1/meshes/wall_1.mtl
-- Installing: /home/maria/rmf_ws/install/project_maps/share/project_maps/maps/test1/models/test1_L1/meshes/default.png
-- Installing: /home/maria/rmf_ws/install/project_maps/share/project_maps/maps/test1/models/test1_L1/meshes/blue_linoleum.png
-- Installing: /home/maria/rmf_ws/install/project_maps/share/project_maps/maps/test1/models/test1_L1/model.sdf
-- Installing: /home/maria/rmf_ws/install/project_maps/share/project_maps/maps/test1/models/test1_L1/model.config
