[1.391s] Invoking command in '/home/maria/rmf_ws/src/project/project_fleet_adapter': PYTHONPATH=/home/maria/rmf_ws/build/project_fleet_adapter/prefix_override:/usr/lib/python3/dist-packages/colcon_core/task/python/colcon_distutils_commands:/home/maria/rmf_ws/install/project_fleet_adapter/lib/python3.12/site-packages:${PYTHONPATH} /usr/bin/python3 -W ignore:setup.py install is deprecated -W ignore:easy_install command is deprecated setup.py egg_info --egg-base ../../../build/project_fleet_adapter build --build-base /home/maria/rmf_ws/build/project_fleet_adapter/build install --record /home/maria/rmf_ws/build/project_fleet_adapter/install.log --single-version-externally-managed install_data
[4.669s] running egg_info
[4.669s] creating ../../../build/project_fleet_adapter/project_fleet_adapter.egg-info
[4.670s] writing ../../../build/project_fleet_adapter/project_fleet_adapter.egg-info/PKG-INFO
[4.670s] writing dependency_links to ../../../build/project_fleet_adapter/project_fleet_adapter.egg-info/dependency_links.txt
[4.670s] writing entry points to ../../../build/project_fleet_adapter/project_fleet_adapter.egg-info/entry_points.txt
[4.670s] writing requirements to ../../../build/project_fleet_adapter/project_fleet_adapter.egg-info/requires.txt
[4.670s] writing top-level names to ../../../build/project_fleet_adapter/project_fleet_adapter.egg-info/top_level.txt
[4.670s] writing manifest file '../../../build/project_fleet_adapter/project_fleet_adapter.egg-info/SOURCES.txt'
[4.670s] reading manifest file '../../../build/project_fleet_adapter/project_fleet_adapter.egg-info/SOURCES.txt'
[4.670s] writing manifest file '../../../build/project_fleet_adapter/project_fleet_adapter.egg-info/SOURCES.txt'
[4.670s] running build
[4.670s] running build_py
[4.671s] creating /home/maria/rmf_ws/build/project_fleet_adapter/build
[4.671s] creating /home/maria/rmf_ws/build/project_fleet_adapter/build/lib
[4.671s] creating /home/maria/rmf_ws/build/project_fleet_adapter/build/lib/test
[4.671s] copying test/test_copyright.py -> /home/maria/rmf_ws/build/project_fleet_adapter/build/lib/test
[4.671s] copying test/test_pep257.py -> /home/maria/rmf_ws/build/project_fleet_adapter/build/lib/test
[4.671s] copying test/test_flake8.py -> /home/maria/rmf_ws/build/project_fleet_adapter/build/lib/test
[4.671s] copying test/__init__.py -> /home/maria/rmf_ws/build/project_fleet_adapter/build/lib/test
[4.671s] creating /home/maria/rmf_ws/build/project_fleet_adapter/build/lib/project_fleet_adapter
[4.671s] copying project_fleet_adapter/fleet_adapter.py -> /home/maria/rmf_ws/build/project_fleet_adapter/build/lib/project_fleet_adapter
[4.671s] copying project_fleet_adapter/RobotClientAPI.py -> /home/maria/rmf_ws/build/project_fleet_adapter/build/lib/project_fleet_adapter
[4.671s] copying project_fleet_adapter/manage_lane.py -> /home/maria/rmf_ws/build/project_fleet_adapter/build/lib/project_fleet_adapter
[4.672s] copying project_fleet_adapter/fleet_manager.py -> /home/maria/rmf_ws/build/project_fleet_adapter/build/lib/project_fleet_adapter
[4.672s] copying project_fleet_adapter/__init__.py -> /home/maria/rmf_ws/build/project_fleet_adapter/build/lib/project_fleet_adapter
[4.672s] running install
[4.672s] running install_lib
[4.672s] creating /home/maria/rmf_ws/install/project_fleet_adapter/lib/python3.12/site-packages/test
[4.672s] copying /home/maria/rmf_ws/build/project_fleet_adapter/build/lib/test/test_copyright.py -> /home/maria/rmf_ws/install/project_fleet_adapter/lib/python3.12/site-packages/test
[4.672s] copying /home/maria/rmf_ws/build/project_fleet_adapter/build/lib/test/test_pep257.py -> /home/maria/rmf_ws/install/project_fleet_adapter/lib/python3.12/site-packages/test
[4.672s] copying /home/maria/rmf_ws/build/project_fleet_adapter/build/lib/test/test_flake8.py -> /home/maria/rmf_ws/install/project_fleet_adapter/lib/python3.12/site-packages/test
[4.672s] copying /home/maria/rmf_ws/build/project_fleet_adapter/build/lib/test/__init__.py -> /home/maria/rmf_ws/install/project_fleet_adapter/lib/python3.12/site-packages/test
[4.672s] creating /home/maria/rmf_ws/install/project_fleet_adapter/lib/python3.12/site-packages/project_fleet_adapter
[4.679s] copying /home/maria/rmf_ws/build/project_fleet_adapter/build/lib/project_fleet_adapter/fleet_adapter.py -> /home/maria/rmf_ws/install/project_fleet_adapter/lib/python3.12/site-packages/project_fleet_adapter
[4.679s] copying /home/maria/rmf_ws/build/project_fleet_adapter/build/lib/project_fleet_adapter/RobotClientAPI.py -> /home/maria/rmf_ws/install/project_fleet_adapter/lib/python3.12/site-packages/project_fleet_adapter
[4.679s] copying /home/maria/rmf_ws/build/project_fleet_adapter/build/lib/project_fleet_adapter/manage_lane.py -> /home/maria/rmf_ws/install/project_fleet_adapter/lib/python3.12/site-packages/project_fleet_adapter
[4.679s] copying /home/maria/rmf_ws/build/project_fleet_adapter/build/lib/project_fleet_adapter/fleet_manager.py -> /home/maria/rmf_ws/install/project_fleet_adapter/lib/python3.12/site-packages/project_fleet_adapter
[4.682s] copying /home/maria/rmf_ws/build/project_fleet_adapter/build/lib/project_fleet_adapter/__init__.py -> /home/maria/rmf_ws/install/project_fleet_adapter/lib/python3.12/site-packages/project_fleet_adapter
[4.685s] byte-compiling /home/maria/rmf_ws/install/project_fleet_adapter/lib/python3.12/site-packages/test/test_copyright.py to test_copyright.cpython-312.pyc
[4.685s] byte-compiling /home/maria/rmf_ws/install/project_fleet_adapter/lib/python3.12/site-packages/test/test_pep257.py to test_pep257.cpython-312.pyc
[4.685s] byte-compiling /home/maria/rmf_ws/install/project_fleet_adapter/lib/python3.12/site-packages/test/test_flake8.py to test_flake8.cpython-312.pyc
[4.685s] byte-compiling /home/maria/rmf_ws/install/project_fleet_adapter/lib/python3.12/site-packages/test/__init__.py to __init__.cpython-312.pyc
[4.685s] byte-compiling /home/maria/rmf_ws/install/project_fleet_adapter/lib/python3.12/site-packages/project_fleet_adapter/fleet_adapter.py to fleet_adapter.cpython-312.pyc
[4.685s] byte-compiling /home/maria/rmf_ws/install/project_fleet_adapter/lib/python3.12/site-packages/project_fleet_adapter/RobotClientAPI.py to RobotClientAPI.cpython-312.pyc
[4.685s] byte-compiling /home/maria/rmf_ws/install/project_fleet_adapter/lib/python3.12/site-packages/project_fleet_adapter/manage_lane.py to manage_lane.cpython-312.pyc
[4.685s] byte-compiling /home/maria/rmf_ws/install/project_fleet_adapter/lib/python3.12/site-packages/project_fleet_adapter/fleet_manager.py to fleet_manager.cpython-312.pyc
[4.685s] byte-compiling /home/maria/rmf_ws/install/project_fleet_adapter/lib/python3.12/site-packages/project_fleet_adapter/__init__.py to __init__.cpython-312.pyc
[4.686s] running install_data
[4.686s] creating /home/maria/rmf_ws/install/project_fleet_adapter/share/ament_index
[4.686s] creating /home/maria/rmf_ws/install/project_fleet_adapter/share/ament_index/resource_index
[4.686s] creating /home/maria/rmf_ws/install/project_fleet_adapter/share/ament_index/resource_index/packages
[4.686s] copying resource/project_fleet_adapter -> /home/maria/rmf_ws/install/project_fleet_adapter/share/ament_index/resource_index/packages
[4.686s] copying package.xml -> /home/maria/rmf_ws/install/project_fleet_adapter/share/project_fleet_adapter
[4.686s] copying config.yaml -> /home/maria/rmf_ws/install/project_fleet_adapter/share/project_fleet_adapter
[4.686s] creating /home/maria/rmf_ws/install/project_fleet_adapter/share/project_fleet_adapter/launch
[4.686s] copying launch/fleet_adapter.launch.xml -> /home/maria/rmf_ws/install/project_fleet_adapter/share/project_fleet_adapter/launch
[4.686s] running install_egg_info
[4.687s] Copying ../../../build/project_fleet_adapter/project_fleet_adapter.egg-info to /home/maria/rmf_ws/install/project_fleet_adapter/lib/python3.12/site-packages/project_fleet_adapter-2.8.1-py3.12.egg-info
[4.687s] running install_scripts
[4.687s] Installing fleet_adapter script to /home/maria/rmf_ws/install/project_fleet_adapter/lib/project_fleet_adapter
[4.687s] Installing fleet_manager script to /home/maria/rmf_ws/install/project_fleet_adapter/lib/project_fleet_adapter
[4.687s] Installing manage_lane script to /home/maria/rmf_ws/install/project_fleet_adapter/lib/project_fleet_adapter
[4.687s] writing list of installed files to '/home/maria/rmf_ws/build/project_fleet_adapter/install.log'
[4.699s] Invoked command in '/home/maria/rmf_ws/src/project/project_fleet_adapter' returned '0': PYTHONPATH=/home/maria/rmf_ws/build/project_fleet_adapter/prefix_override:/usr/lib/python3/dist-packages/colcon_core/task/python/colcon_distutils_commands:/home/maria/rmf_ws/install/project_fleet_adapter/lib/python3.12/site-packages:${PYTHONPATH} /usr/bin/python3 -W ignore:setup.py install is deprecated -W ignore:easy_install command is deprecated setup.py egg_info --egg-base ../../../build/project_fleet_adapter build --build-base /home/maria/rmf_ws/build/project_fleet_adapter/build install --record /home/maria/rmf_ws/build/project_fleet_adapter/install.log --single-version-externally-managed install_data
