[0.020s] Invoking command in '/home/maria/rmf_ws/build/rmf_robot_sim_gz_plugins': CMAKE_PREFIX_PATH=/home/maria/rmf_ws/install/rmf_robot_sim_common:/home/maria/rmf_ws/install/rmf_building_sim_gz_plugins:/home/maria/rmf_ws/install/project_config:/home/maria/rmf_ws/install/rmf_visualization:/home/maria/rmf_ws/install/rmf_visualization_schedule:/home/maria/rmf_ws/install/rmf_visualization_rviz2_plugins:/home/maria/rmf_ws/install/rmf_visualization_obstacles:/home/maria/rmf_ws/install/rmf_visualization_navgraphs:/home/maria/rmf_ws/install/rmf_visualization_floorplans:/home/maria/rmf_ws/install/rmf_visualization_fleet_states:/home/maria/rmf_ws/install/rmf_robot_sim_gz_plugins:/home/maria/rmf_ws/install/project_simulation:/home/maria/rmf_ws/install/project_maps:/home/maria/rmf_ws/install/project_assets:/rmf_demos_ws/install/rmf_workcell_msgs:/rmf_demos_ws/install/rmf_demos_gz:/rmf_demos_ws/install/rmf_demos:/rmf_demos_ws/install/rmf_reservation_node:/rmf_demos_ws/install/rmf_fleet_adapter_python:/rmf_demos_ws/install/rmf_fleet_adapter:/rmf_demos_ws/install/rmf_task_ros2:/rmf_demos_ws/install/rmf_websocket:/rmf_demos_ws/install/rmf_visualization:/rmf_demos_ws/install/rmf_visualization_schedule:/rmf_demos_ws/install/rmf_visualization_rviz2_plugins:/rmf_demos_ws/install/rmf_visualization_obstacles:/rmf_demos_ws/install/rmf_visualization_navgraphs:/rmf_demos_ws/install/rmf_visualization_floorplans:/rmf_demos_ws/install/rmf_visualization_fleet_states:/rmf_demos_ws/install/rmf_visualization_msgs:/rmf_demos_ws/install/rmf_traffic_ros2:/rmf_demos_ws/install/rmf_task_sequence:/rmf_demos_ws/install/rmf_task:/rmf_demos_ws/install/rmf_battery:/rmf_demos_ws/install/rmf_traffic:/rmf_demos_ws/install/rmf_utils:/rmf_demos_ws/install/rmf_traffic_msgs:/rmf_demos_ws/install/rmf_traffic_editor_test_maps:/rmf_demos_ws/install/rmf_traffic_editor_assets:/rmf_demos_ws/install/rmf_traffic_editor:/rmf_demos_ws/install/rmf_task_msgs:/rmf_demos_ws/install/rmf_site_map_msgs:/rmf_demos_ws/install/rmf_scheduler_msgs:/rmf_demos_ws/install/rmf_robot_sim_gz_plugins:/rmf_demos_ws/install/rmf_robot_sim_common:/rmf_demos_ws/install/rmf_reservation_msgs:/rmf_demos_ws/install/rmf_obstacle_msgs:/rmf_demos_ws/install/rmf_building_sim_gz_plugins:/rmf_demos_ws/install/rmf_lift_msgs:/rmf_demos_ws/install/rmf_ingestor_msgs:/rmf_demos_ws/install/rmf_fleet_msgs:/rmf_demos_ws/install/rmf_door_msgs:/rmf_demos_ws/install/rmf_dispenser_msgs:/rmf_demos_ws/install/rmf_demos_maps:/rmf_demos_ws/install/rmf_demos_assets:/rmf_demos_ws/install/rmf_charger_msgs:/rmf_demos_ws/install/rmf_building_map_msgs:/rmf_demos_ws/install/rmf_api_msgs:/rmf_demos_ws/install/nlohmann_json_schema_validator_vendor:/home/maria/rmf_ws/install/rmf_visualization_building_systems:/home/maria/rmf_ws/install/project_tasks:/home/maria/rmf_ws/install/project_fleet_adapter:/rmf_demos_ws/install/rmf_demos_fleet_adapter:/rmf_demos_ws/install/rmf_visualization_building_systems:/rmf_demos_ws/install/rmf_traffic_examples:/rmf_demos_ws/install/rmf_demos_bridges:/rmf_demos_ws/install/rmf_demos_tasks:/rmf_demos_ws/install/rmf_building_map_tools:/rmf_demos_ws/install/rmf_charging_schedule:/opt/ros/jazzy:/rmf_demos_ws/install/menge_vendor:/rmf_demos_ws/install/ament_cmake_catch2:/opt/ros/jazzy/opt/gz_sim_vendor:/opt/ros/jazzy/opt/gz_sensors_vendor:/opt/ros/jazzy/opt/gz_physics_vendor:/opt/ros/jazzy/opt/sdformat_vendor:/opt/ros/jazzy/opt/gz_gui_vendor:/opt/ros/jazzy/opt/gz_transport_vendor:/opt/ros/jazzy/opt/gz_rendering_vendor:/opt/ros/jazzy/opt/gz_plugin_vendor:/opt/ros/jazzy/opt/gz_fuel_tools_vendor:/opt/ros/jazzy/opt/gz_msgs_vendor:/opt/ros/jazzy/opt/gz_common_vendor:/opt/ros/jazzy/opt/gz_math_vendor:/opt/ros/jazzy/opt/gz_utils_vendor:/opt/ros/jazzy/opt/gz_tools_vendor:/opt/ros/jazzy/opt/gz_ogre_next_vendor:/opt/ros/jazzy/opt/gz_dartsim_vendor:/opt/ros/jazzy/opt/gz_cmake_vendor LD_LIBRARY_PATH=/home/maria/rmf_ws/install/rmf_robot_sim_common/lib:/home/maria/rmf_ws/install/rmf_visualization_schedule/lib:/home/maria/rmf_ws/install/rmf_visualization_rviz2_plugins/lib:/home/maria/rmf_ws/install/rmf_visualization_obstacles/lib:/home/maria/rmf_ws/install/rmf_visualization_navgraphs/lib:/home/maria/rmf_ws/install/rmf_visualization_floorplans/lib:/home/maria/rmf_ws/install/rmf_visualization_fleet_states/lib:/rmf_demos_ws/install/rmf_workcell_msgs/lib:/rmf_demos_ws/install/rmf_fleet_adapter/lib:/rmf_demos_ws/install/rmf_task_ros2/lib:/rmf_demos_ws/install/rmf_websocket/lib:/rmf_demos_ws/install/rmf_visualization_schedule/lib:/rmf_demos_ws/install/rmf_visualization_rviz2_plugins/lib:/rmf_demos_ws/install/rmf_visualization_obstacles/lib:/rmf_demos_ws/install/rmf_visualization_navgraphs/lib:/rmf_demos_ws/install/rmf_visualization_floorplans/lib:/rmf_demos_ws/install/rmf_visualization_fleet_states/lib:/rmf_demos_ws/install/rmf_visualization_msgs/lib:/rmf_demos_ws/install/rmf_traffic_ros2/lib:/rmf_demos_ws/install/rmf_task_sequence/lib:/rmf_demos_ws/install/rmf_task/lib:/rmf_demos_ws/install/rmf_battery/lib:/rmf_demos_ws/install/rmf_traffic/lib:/rmf_demos_ws/install/rmf_utils/lib:/rmf_demos_ws/install/rmf_traffic_msgs/lib:/rmf_demos_ws/install/rmf_task_msgs/lib:/rmf_demos_ws/install/rmf_site_map_msgs/lib:/rmf_demos_ws/install/rmf_scheduler_msgs/lib:/rmf_demos_ws/install/rmf_robot_sim_common/lib:/rmf_demos_ws/install/rmf_reservation_msgs/lib:/rmf_demos_ws/install/rmf_obstacle_msgs/lib:/rmf_demos_ws/install/rmf_lift_msgs/lib:/rmf_demos_ws/install/rmf_ingestor_msgs/lib:/rmf_demos_ws/install/rmf_fleet_msgs/lib:/rmf_demos_ws/install/rmf_door_msgs/lib:/rmf_demos_ws/install/rmf_dispenser_msgs/lib:/rmf_demos_ws/install/rmf_charger_msgs/lib:/rmf_demos_ws/install/rmf_building_map_msgs/lib:/rmf_demos_ws/install/nlohmann_json_schema_validator_vendor/lib:/rmf_demos_ws/install/menge_vendor/lib:/opt/ros/jazzy/opt/zenoh_cpp_vendor/lib:/opt/ros/jazzy/opt/gz_sim_vendor/lib:/opt/ros/jazzy/opt/gz_sensors_vendor/lib:/opt/ros/jazzy/opt/gz_physics_vendor/lib:/opt/ros/jazzy/opt/sdformat_vendor/lib:/opt/ros/jazzy/opt/rviz_ogre_vendor/lib:/opt/ros/jazzy/lib/x86_64-linux-gnu:/opt/ros/jazzy/opt/gz_gui_vendor/lib:/opt/ros/jazzy/opt/gz_transport_vendor/lib:/opt/ros/jazzy/opt/gz_rendering_vendor/lib:/opt/ros/jazzy/opt/gz_plugin_vendor/lib:/opt/ros/jazzy/opt/gz_fuel_tools_vendor/lib:/opt/ros/jazzy/opt/gz_msgs_vendor/lib:/opt/ros/jazzy/opt/gz_common_vendor/lib:/opt/ros/jazzy/opt/gz_math_vendor/lib:/opt/ros/jazzy/opt/gz_utils_vendor/lib:/opt/ros/jazzy/opt/gz_tools_vendor/lib:/opt/ros/jazzy/opt/gz_ogre_next_vendor/lib:/opt/ros/jazzy/opt/gz_dartsim_vendor/lib:/opt/ros/jazzy/opt/gz_cmake_vendor/lib:/opt/ros/jazzy/lib /usr/bin/cmake /home/maria/rmf_ws/src/rmf_simulation/rmf_robot_sim_gz_plugins -DCMAKE_INSTALL_PREFIX=/home/maria/rmf_ws/install/rmf_robot_sim_gz_plugins
[0.082s] -- The C compiler identification is GNU 13.3.0
[0.143s] -- The CXX compiler identification is GNU 13.3.0
[0.160s] -- Detecting C compiler ABI info
[0.266s] -- Detecting C compiler ABI info - done
[0.275s] -- Check for working C compiler: /usr/bin/cc - skipped
[0.275s] -- Detecting C compile features
[0.276s] -- Detecting C compile features - done
[0.288s] -- Detecting CXX compiler ABI info
[0.412s] -- Detecting CXX compiler ABI info - done
[0.420s] -- Check for working CXX compiler: /usr/bin/c++ - skipped
[0.421s] -- Detecting CXX compile features
[0.421s] -- Detecting CXX compile features - done
[0.429s] -- Found ament_cmake: 2.5.5 (/opt/ros/jazzy/share/ament_cmake/cmake)
[0.605s] -- Found Python3: /usr/bin/python3 (found version "3.12.3") found components: Interpreter 
[0.764s] -- Found rclcpp: 28.1.16 (/opt/ros/jazzy/share/rclcpp/cmake)
[0.831s] -- Found rosidl_generator_c: 4.6.7 (/opt/ros/jazzy/share/rosidl_generator_c/cmake)
[0.856s] -- Found rosidl_generator_cpp: 4.6.7 (/opt/ros/jazzy/share/rosidl_generator_cpp/cmake)
[0.881s] -- Using all available rosidl_typesupport_c: rosidl_typesupport_fastrtps_c;rosidl_typesupport_introspection_c
[0.909s] -- Using all available rosidl_typesupport_cpp: rosidl_typesupport_fastrtps_cpp;rosidl_typesupport_introspection_cpp
[1.014s] -- Found rmw_implementation_cmake: 7.3.3 (/opt/ros/jazzy/share/rmw_implementation_cmake/cmake)
[1.023s] -- Found rmw_fastrtps_cpp: 8.4.3 (/opt/ros/jazzy/share/rmw_fastrtps_cpp/cmake)
[1.150s] -- Found OpenSSL: /usr/lib/x86_64-linux-gnu/libcrypto.so (found version "3.0.13")  
[1.169s] -- Found FastRTPS: /opt/ros/jazzy/include (Required is at least version "2.13") 
[1.193s] -- Using RMW implementation 'rmw_fastrtps_cpp' as default
[1.286s] -- Found gz_sim_vendor: 0.0.9 (/opt/ros/jazzy/share/gz_sim_vendor/cmake)
[1.398s] -- Looking for gz-sim8 -- found version 8.10.0
[1.412s] -- Searching for dependencies of gz-sim8
[1.419s] -- Looking for sdformat14 -- found version 14.8.0
[1.419s] -- Searching for dependencies of sdformat14
[1.425s] -- Checking for module 'tinyxml2'
[1.446s] --   Found tinyxml2, version 10.0.0
[1.494s] -- Looking for gz-math7 -- found version 7.5.2
[1.494s] -- Searching for dependencies of gz-math7
[1.502s] -- Looking for gz-utils2 -- found version 2.2.1
[1.502s] -- Searching for dependencies of gz-utils2
[1.503s] -- Looking for gz-utils2 -- found version 2.2.1
[1.503s] -- Searching for dependencies of gz-utils2
[1.504s] -- Searching for <gz-utils2> component [cli]
[1.512s] -- Looking for gz-utils2-cli -- found version 2.2.1
[1.512s] -- Searching for dependencies of gz-utils2-cli
[1.520s] -- Looking for gz-plugin2 -- found version 2.0.4
[1.520s] -- Searching for dependencies of gz-plugin2
[1.520s] -- Looking for gz-utils2 -- found version 2.2.1
[1.521s] -- Searching for <gz-plugin2> component [loader]
[1.530s] -- Looking for gz-plugin2-loader -- found version 2.0.4
[1.530s] -- Searching for dependencies of gz-plugin2-loader
[1.530s] -- Searching for <gz-plugin2> component [register]
[1.539s] -- Looking for gz-plugin2-register -- found version 2.0.4
[1.539s] -- Searching for dependencies of gz-plugin2-register
[1.548s] -- Looking for gz-transport13 -- found version 13.5.0
[1.548s] -- Searching for dependencies of gz-transport13
[1.687s] -- Found Protobuf: /usr/lib/x86_64-linux-gnu/libprotobuf.so (found version "3.21.12") 
[1.705s] -- Config-file not installed for ZeroMQ -- checking for pkg-config
[1.709s] -- Checking for module 'libzmq >= 4'
[1.730s] --   Found libzmq, version 4.3.5
[1.777s] -- Found ZeroMQ: TRUE (Required is at least version "4") 
[1.785s] -- Checking for module 'uuid'
[1.806s] --   Found uuid, version 2.39.3
[1.847s] -- Found UUID: TRUE  
[1.848s] -- Looking for gz-utils2 -- found version 2.2.1
[1.858s] -- Looking for gz-msgs10 -- found version 10.3.2
[1.858s] -- Searching for dependencies of gz-msgs10
[1.885s] -- Looking for gz-utils2 -- found version 2.2.1
[1.885s] -- Looking for gz-math7 -- found version 7.5.2
[1.892s] -- Searching for <gz-transport13> component [log]
[1.900s] -- Looking for gz-transport13-log -- found version 13.5.0
[1.900s] -- Searching for dependencies of gz-transport13-log
[1.900s] -- Searching for <gz-transport13> component [parameters]
[1.909s] -- Looking for gz-transport13-parameters -- found version 13.5.0
[1.909s] -- Searching for dependencies of gz-transport13-parameters
[1.910s] -- Looking for gz-msgs10 -- found version 10.3.2
[1.918s] -- Looking for gz-common5 -- found version 5.7.1
[1.918s] -- Searching for dependencies of gz-common5
[1.918s] -- Looking for gz-utils2 -- found version 2.2.1
[1.919s] -- Looking for dlfcn.h - found
[1.921s] -- Looking for libdl - found
[1.923s] -- Found DL: TRUE  
[1.931s] -- Searching for <gz-common5> component [av]
[1.941s] -- Looking for gz-common5-av -- found version 5.7.1
[1.941s] -- Searching for dependencies of gz-common5-av
[1.946s] -- Checking for module 'libswscale'
[1.965s] --   Found libswscale, version 7.5.100
[2.010s] -- Found SWSCALE: TRUE  
[2.018s] -- Checking for module 'libavdevice >= 56.4.100'
[2.041s] --   Found libavdevice, version 60.3.100
[2.091s] -- Found AVDEVICE: TRUE (Required is at least version "56.4.100") 
[2.096s] -- Checking for module 'libavformat'
[2.117s] --   Found libavformat, version 60.16.100
[2.170s] -- Found AVFORMAT: TRUE  
[2.179s] -- Checking for module 'libavcodec'
[2.207s] --   Found libavcodec, version 60.31.102
[2.265s] -- Found AVCODEC: TRUE  
[2.274s] -- Checking for module 'libavutil'
[2.299s] --   Found libavutil, version 58.29.100
[2.347s] -- Found AVUTIL: TRUE  
[2.348s] -- Searching for <gz-common5> component [events]
[2.359s] -- Looking for gz-common5-events -- found version 5.7.1
[2.359s] -- Searching for dependencies of gz-common5-events
[2.360s] -- Looking for gz-math7 -- found version 7.5.2
[2.360s] -- Searching for <gz-common5> component [graphics]
[2.369s] -- Looking for gz-common5-graphics -- found version 5.7.1
[2.369s] -- Searching for dependencies of gz-common5-graphics
[2.369s] -- Looking for gz-math7 -- found version 7.5.2
[2.379s] -- Found GzAssimp: TRUE (found version "5.3.0") 
[2.379s] -- Searching for <gz-common5> component [io]
[2.387s] -- Looking for gz-common5-io -- found version 5.7.1
[2.387s] -- Searching for dependencies of gz-common5-io
[2.387s] -- Searching for <gz-common5> component [profiler]
[2.395s] -- Looking for gz-common5-profiler -- found version 5.7.1
[2.396s] -- Searching for dependencies of gz-common5-profiler
[2.405s] -- Looking for gz-fuel_tools9 -- found version 9.1.1
[2.405s] -- Searching for dependencies of gz-fuel_tools9
[2.514s] -- Found CURL: /usr/lib/x86_64-linux-gnu/libcurl.so (found version "8.5.0")  
[2.531s] -- Checking for module 'jsoncpp'
[2.553s] --   Found jsoncpp, version 1.9.5
[2.599s] -- Found JSONCPP: TRUE  
[2.626s] -- Checking for module 'yaml-0.1'
[2.648s] --   Found yaml-0.1, version 0.2.5
[2.691s] -- Found YAML: TRUE  
[2.699s] -- Checking for module 'libzip'
[2.721s] --   Found libzip, version 1.7.3
[2.765s] -- Found ZIP: TRUE  
[2.765s] -- Looking for gz-utils2 -- found version 2.2.1
[2.766s] -- Looking for gz-common5 -- found version 5.7.1
[2.766s] -- Searching for dependencies of gz-common5
[2.766s] -- Looking for gz-utils2 -- found version 2.2.1
[2.767s] -- Looking for dlfcn.h - found
[2.767s] -- Looking for libdl - found
[2.776s] -- Searching for <gz-common5> component [testing]
[2.785s] -- Looking for gz-common5-testing -- found version 5.7.1
[2.785s] -- Searching for dependencies of gz-common5-testing
[2.786s] -- Looking for gz-math7 -- found version 7.5.2
[2.786s] -- Looking for gz-msgs10 -- found version 10.3.2
[2.795s] -- Looking for gz-gui8 -- found version 8.4.0
[2.795s] -- Searching for dependencies of gz-gui8
[2.826s] -- Looking for gz-utils2 -- found version 2.2.1
[2.827s] -- Looking for gz-math7 -- found version 7.5.2
[2.827s] -- Looking for gz-common5 -- found version 5.7.1
[2.827s] -- Looking for gz-plugin2 -- found version 2.0.4
[2.828s] -- Looking for gz-transport13 -- found version 13.5.0
[2.837s] -- Looking for gz-rendering8 -- found version 8.2.3
[2.838s] -- Searching for dependencies of gz-rendering8
[2.838s] -- Looking for gz-math7 -- found version 7.5.2
[2.838s] -- Searching for dependencies of gz-math7
[2.839s] -- Looking for gz-utils2 -- found version 2.2.1
[2.839s] -- Searching for <gz-math7> component [eigen3]
[2.849s] -- Looking for gz-math7-eigen3 -- found version 7.5.2
[2.849s] -- Searching for dependencies of gz-math7-eigen3
[2.863s] -- Looking for gz-common5 -- found version 5.7.1
[2.863s] -- Searching for dependencies of gz-common5
[2.863s] -- Looking for gz-utils2 -- found version 2.2.1
[2.863s] -- Looking for dlfcn.h - found
[2.863s] -- Looking for libdl - found
[2.870s] -- Searching for <gz-common5> component [graphics]
[2.870s] -- Searching for <gz-common5> component [events]
[2.870s] -- Searching for <gz-common5> component [geospatial]
[2.879s] -- Looking for gz-common5-geospatial -- found version 5.7.1
[2.879s] -- Searching for dependencies of gz-common5-geospatial
[2.879s] -- Looking for gz-math7 -- found version 7.5.2
[2.879s] -- Looking for gz-common5 -- found version 5.7.1
[2.880s] -- Looking for gz-plugin2 -- found version 2.0.4
[2.881s] -- Searching for dependencies of gz-plugin2
[2.881s] -- Looking for gz-utils2 -- found version 2.2.1
[2.881s] -- Searching for <gz-plugin2> component [all]
[2.889s] -- Looking for all libraries of gz-plugin2 -- found version 2.0.4
[2.890s] -- Looking for gz-plugin2 -- found version 2.0.4
[2.890s] -- Looking for gz-utils2 -- found version 2.2.1
[2.908s] -- Found OpenGL: /usr/lib/x86_64-linux-gnu/libOpenGL.so  found components: OpenGL 
[2.909s] -- Looking for gz-msgs10 -- found version 10.3.2
[2.945s] -- Looking for gz-physics7 -- found version 7.6.0
[2.945s] -- Searching for dependencies of gz-physics7
[2.945s] -- Looking for gz-common5 -- found version 5.7.1
[2.945s] -- Looking for gz-math7 -- found version 7.5.2
[2.945s] -- Looking for gz-plugin2 -- found version 2.0.4
[2.946s] -- Looking for gz-utils2 -- found version 2.2.1
[2.947s] -- Searching for <gz-physics7> component [heightmap]
[2.955s] -- Looking for gz-physics7-heightmap -- found version 7.6.0
[2.955s] -- Searching for dependencies of gz-physics7-heightmap
[2.955s] -- Looking for gz-common5 -- found version 5.7.1
[2.956s] -- Searching for <gz-physics7> component [mesh]
[2.964s] -- Looking for gz-physics7-mesh -- found version 7.6.0
[2.964s] -- Searching for dependencies of gz-physics7-mesh
[2.964s] -- Looking for gz-common5 -- found version 5.7.1
[2.964s] -- Searching for <gz-physics7> component [sdf]
[2.971s] -- Looking for gz-physics7-sdf -- found version 7.6.0
[2.971s] -- Searching for dependencies of gz-physics7-sdf
[2.972s] -- Looking for sdformat14 -- found version 14.8.0
[2.979s] -- Looking for gz-sensors8 -- found version 8.2.2
[2.979s] -- Searching for dependencies of gz-sensors8
[3.003s] -- Looking for gz-math7 -- found version 7.5.2
[3.003s] -- Looking for gz-common5 -- found version 5.7.1
[3.004s] -- Looking for gz-transport13 -- found version 13.5.0
[3.004s] -- Looking for gz-rendering8 -- found version 8.2.3
[3.004s] -- Looking for gz-msgs10 -- found version 10.3.2
[3.005s] -- Looking for sdformat14 -- found version 14.8.0
[3.005s] -- Searching for <gz-sensors8> component [air_pressure]
[3.014s] -- Looking for gz-sensors8-air_pressure -- found version 8.2.2
[3.014s] -- Searching for dependencies of gz-sensors8-air_pressure
[3.014s] -- Searching for <gz-sensors8> component [air_speed]
[3.022s] -- Looking for gz-sensors8-air_speed -- found version 8.2.2
[3.022s] -- Searching for dependencies of gz-sensors8-air_speed
[3.023s] -- Searching for <gz-sensors8> component [altimeter]
[3.032s] -- Looking for gz-sensors8-altimeter -- found version 8.2.2
[3.032s] -- Searching for dependencies of gz-sensors8-altimeter
[3.033s] -- Searching for <gz-sensors8> component [imu]
[3.041s] -- Looking for gz-sensors8-imu -- found version 8.2.2
[3.041s] -- Searching for dependencies of gz-sensors8-imu
[3.041s] -- Searching for <gz-sensors8> component [force_torque]
[3.049s] -- Looking for gz-sensors8-force_torque -- found version 8.2.2
[3.049s] -- Searching for dependencies of gz-sensors8-force_torque
[3.049s] -- Searching for <gz-sensors8> component [logical_camera]
[3.057s] -- Looking for gz-sensors8-logical_camera -- found version 8.2.2
[3.057s] -- Searching for dependencies of gz-sensors8-logical_camera
[3.057s] -- Searching for <gz-sensors8> component [magnetometer]
[3.065s] -- Looking for gz-sensors8-magnetometer -- found version 8.2.2
[3.065s] -- Searching for dependencies of gz-sensors8-magnetometer
[3.065s] -- Searching for <gz-sensors8> component [navsat]
[3.074s] -- Looking for gz-sensors8-navsat -- found version 8.2.2
[3.074s] -- Searching for dependencies of gz-sensors8-navsat
[3.074s] -- Searching for <gz-sensors8> component [dvl]
[3.081s] -- Looking for gz-sensors8-dvl -- found version 8.2.2
[3.081s] -- Searching for dependencies of gz-sensors8-dvl
[3.082s] -- Looking for gz-sensors8 -- found version 8.2.2
[3.082s] -- Searching for dependencies of gz-sensors8
[3.106s] -- Looking for gz-math7 -- found version 7.5.2
[3.106s] -- Looking for gz-common5 -- found version 5.7.1
[3.107s] -- Looking for gz-transport13 -- found version 13.5.0
[3.107s] -- Looking for gz-rendering8 -- found version 8.2.3
[3.107s] -- Looking for gz-msgs10 -- found version 10.3.2
[3.108s] -- Looking for sdformat14 -- found version 14.8.0
[3.108s] -- Searching for <gz-sensors8> component [rendering]
[3.117s] -- Looking for gz-sensors8-rendering -- found version 8.2.2
[3.117s] -- Searching for dependencies of gz-sensors8-rendering
[3.118s] -- Searching for <gz-sensors8> component [rendering]
[3.118s] -- Searching for <gz-sensors8> component [lidar]
[3.127s] -- Looking for gz-sensors8-lidar -- found version 8.2.2
[3.127s] -- Searching for dependencies of gz-sensors8-lidar
[3.128s] -- Looking for gz-sensors8 -- found version 8.2.2
[3.128s] -- Searching for <gz-sensors8> component [gpu_lidar]
[3.138s] -- Looking for gz-sensors8-gpu_lidar -- found version 8.2.2
[3.138s] -- Searching for dependencies of gz-sensors8-gpu_lidar
[3.138s] -- Looking for gz-sensors8 -- found version 8.2.2
[3.139s] -- Searching for <gz-sensors8> component [camera]
[3.147s] -- Looking for gz-sensors8-camera -- found version 8.2.2
[3.147s] -- Searching for dependencies of gz-sensors8-camera
[3.147s] -- Looking for gz-sensors8 -- found version 8.2.2
[3.147s] -- Searching for <gz-sensors8> component [boundingbox_camera]
[3.155s] -- Looking for gz-sensors8-boundingbox_camera -- found version 8.2.2
[3.155s] -- Searching for dependencies of gz-sensors8-boundingbox_camera
[3.155s] -- Searching for <gz-sensors8> component [segmentation_camera]
[3.163s] -- Looking for gz-sensors8-segmentation_camera -- found version 8.2.2
[3.163s] -- Searching for dependencies of gz-sensors8-segmentation_camera
[3.163s] -- Searching for <gz-sensors8> component [depth_camera]
[3.170s] -- Looking for gz-sensors8-depth_camera -- found version 8.2.2
[3.170s] -- Searching for dependencies of gz-sensors8-depth_camera
[3.170s] -- Looking for gz-sensors8 -- found version 8.2.2
[3.170s] -- Searching for <gz-sensors8> component [rgbd_camera]
[3.178s] -- Looking for gz-sensors8-rgbd_camera -- found version 8.2.2
[3.178s] -- Searching for dependencies of gz-sensors8-rgbd_camera
[3.178s] -- Looking for gz-sensors8 -- found version 8.2.2
[3.179s] -- Searching for <gz-sensors8> component [thermal_camera]
[3.187s] -- Looking for gz-sensors8-thermal_camera -- found version 8.2.2
[3.187s] -- Searching for dependencies of gz-sensors8-thermal_camera
[3.187s] -- Looking for gz-sensors8 -- found version 8.2.2
[3.187s] -- Searching for <gz-sensors8> component [wide_angle_camera]
[3.195s] -- Looking for gz-sensors8-wide_angle_camera -- found version 8.2.2
[3.195s] -- Searching for dependencies of gz-sensors8-wide_angle_camera
[3.196s] -- Looking for gz-rendering8 -- found version 8.2.3
[3.196s] -- Looking for gz-math7 -- found version 7.5.2
[3.196s] -- Looking for gz-utils2 -- found version 2.2.1
[3.224s] -- Looking for gz-plugin2 -- found version 2.0.4
[3.226s] -- Looking for gz-msgs10 -- found version 10.3.2
[3.227s] -- Looking for gz-transport13 -- found version 13.5.0
[3.229s] -- Looking for gz-rendering8 -- found version 8.2.3
[3.235s] -- Found rmf_fleet_msgs: 4.0.0 (/rmf_demos_ws/install/rmf_fleet_msgs/share/rmf_fleet_msgs/cmake)
[3.254s] -- Found rmf_dispenser_msgs: 4.0.0 (/rmf_demos_ws/install/rmf_dispenser_msgs/share/rmf_dispenser_msgs/cmake)
[3.269s] -- Found rmf_ingestor_msgs: 4.0.0 (/rmf_demos_ws/install/rmf_ingestor_msgs/share/rmf_ingestor_msgs/cmake)
[3.283s] -- Found rmf_building_map_msgs: 1.6.0 (/rmf_demos_ws/install/rmf_building_map_msgs/share/rmf_building_map_msgs/cmake)
[3.297s] -- Found rmf_robot_sim_common: 2.6.1 (/home/maria/rmf_ws/install/rmf_robot_sim_common/share/rmf_robot_sim_common/cmake)
[3.516s] -- Found rmf_building_sim_gz_plugins: 2.6.1 (/home/maria/rmf_ws/install/rmf_building_sim_gz_plugins/share/rmf_building_sim_gz_plugins/cmake)
[3.602s] -- Configuring done (3.6s)
[3.684s] -- Generating done (0.1s)
[3.696s] -- Build files have been written to: /home/maria/rmf_ws/build/rmf_robot_sim_gz_plugins
[3.711s] Invoked command in '/home/maria/rmf_ws/build/rmf_robot_sim_gz_plugins' returned '0': CMAKE_PREFIX_PATH=/home/maria/rmf_ws/install/rmf_robot_sim_common:/home/maria/rmf_ws/install/rmf_building_sim_gz_plugins:/home/maria/rmf_ws/install/project_config:/home/maria/rmf_ws/install/rmf_visualization:/home/maria/rmf_ws/install/rmf_visualization_schedule:/home/maria/rmf_ws/install/rmf_visualization_rviz2_plugins:/home/maria/rmf_ws/install/rmf_visualization_obstacles:/home/maria/rmf_ws/install/rmf_visualization_navgraphs:/home/maria/rmf_ws/install/rmf_visualization_floorplans:/home/maria/rmf_ws/install/rmf_visualization_fleet_states:/home/maria/rmf_ws/install/rmf_robot_sim_gz_plugins:/home/maria/rmf_ws/install/project_simulation:/home/maria/rmf_ws/install/project_maps:/home/maria/rmf_ws/install/project_assets:/rmf_demos_ws/install/rmf_workcell_msgs:/rmf_demos_ws/install/rmf_demos_gz:/rmf_demos_ws/install/rmf_demos:/rmf_demos_ws/install/rmf_reservation_node:/rmf_demos_ws/install/rmf_fleet_adapter_python:/rmf_demos_ws/install/rmf_fleet_adapter:/rmf_demos_ws/install/rmf_task_ros2:/rmf_demos_ws/install/rmf_websocket:/rmf_demos_ws/install/rmf_visualization:/rmf_demos_ws/install/rmf_visualization_schedule:/rmf_demos_ws/install/rmf_visualization_rviz2_plugins:/rmf_demos_ws/install/rmf_visualization_obstacles:/rmf_demos_ws/install/rmf_visualization_navgraphs:/rmf_demos_ws/install/rmf_visualization_floorplans:/rmf_demos_ws/install/rmf_visualization_fleet_states:/rmf_demos_ws/install/rmf_visualization_msgs:/rmf_demos_ws/install/rmf_traffic_ros2:/rmf_demos_ws/install/rmf_task_sequence:/rmf_demos_ws/install/rmf_task:/rmf_demos_ws/install/rmf_battery:/rmf_demos_ws/install/rmf_traffic:/rmf_demos_ws/install/rmf_utils:/rmf_demos_ws/install/rmf_traffic_msgs:/rmf_demos_ws/install/rmf_traffic_editor_test_maps:/rmf_demos_ws/install/rmf_traffic_editor_assets:/rmf_demos_ws/install/rmf_traffic_editor:/rmf_demos_ws/install/rmf_task_msgs:/rmf_demos_ws/install/rmf_site_map_msgs:/rmf_demos_ws/install/rmf_scheduler_msgs:/rmf_demos_ws/install/rmf_robot_sim_gz_plugins:/rmf_demos_ws/install/rmf_robot_sim_common:/rmf_demos_ws/install/rmf_reservation_msgs:/rmf_demos_ws/install/rmf_obstacle_msgs:/rmf_demos_ws/install/rmf_building_sim_gz_plugins:/rmf_demos_ws/install/rmf_lift_msgs:/rmf_demos_ws/install/rmf_ingestor_msgs:/rmf_demos_ws/install/rmf_fleet_msgs:/rmf_demos_ws/install/rmf_door_msgs:/rmf_demos_ws/install/rmf_dispenser_msgs:/rmf_demos_ws/install/rmf_demos_maps:/rmf_demos_ws/install/rmf_demos_assets:/rmf_demos_ws/install/rmf_charger_msgs:/rmf_demos_ws/install/rmf_building_map_msgs:/rmf_demos_ws/install/rmf_api_msgs:/rmf_demos_ws/install/nlohmann_json_schema_validator_vendor:/home/maria/rmf_ws/install/rmf_visualization_building_systems:/home/maria/rmf_ws/install/project_tasks:/home/maria/rmf_ws/install/project_fleet_adapter:/rmf_demos_ws/install/rmf_demos_fleet_adapter:/rmf_demos_ws/install/rmf_visualization_building_systems:/rmf_demos_ws/install/rmf_traffic_examples:/rmf_demos_ws/install/rmf_demos_bridges:/rmf_demos_ws/install/rmf_demos_tasks:/rmf_demos_ws/install/rmf_building_map_tools:/rmf_demos_ws/install/rmf_charging_schedule:/opt/ros/jazzy:/rmf_demos_ws/install/menge_vendor:/rmf_demos_ws/install/ament_cmake_catch2:/opt/ros/jazzy/opt/gz_sim_vendor:/opt/ros/jazzy/opt/gz_sensors_vendor:/opt/ros/jazzy/opt/gz_physics_vendor:/opt/ros/jazzy/opt/sdformat_vendor:/opt/ros/jazzy/opt/gz_gui_vendor:/opt/ros/jazzy/opt/gz_transport_vendor:/opt/ros/jazzy/opt/gz_rendering_vendor:/opt/ros/jazzy/opt/gz_plugin_vendor:/opt/ros/jazzy/opt/gz_fuel_tools_vendor:/opt/ros/jazzy/opt/gz_msgs_vendor:/opt/ros/jazzy/opt/gz_common_vendor:/opt/ros/jazzy/opt/gz_math_vendor:/opt/ros/jazzy/opt/gz_utils_vendor:/opt/ros/jazzy/opt/gz_tools_vendor:/opt/ros/jazzy/opt/gz_ogre_next_vendor:/opt/ros/jazzy/opt/gz_dartsim_vendor:/opt/ros/jazzy/opt/gz_cmake_vendor LD_LIBRARY_PATH=/home/maria/rmf_ws/install/rmf_robot_sim_common/lib:/home/maria/rmf_ws/install/rmf_visualization_schedule/lib:/home/maria/rmf_ws/install/rmf_visualization_rviz2_plugins/lib:/home/maria/rmf_ws/install/rmf_visualization_obstacles/lib:/home/maria/rmf_ws/install/rmf_visualization_navgraphs/lib:/home/maria/rmf_ws/install/rmf_visualization_floorplans/lib:/home/maria/rmf_ws/install/rmf_visualization_fleet_states/lib:/rmf_demos_ws/install/rmf_workcell_msgs/lib:/rmf_demos_ws/install/rmf_fleet_adapter/lib:/rmf_demos_ws/install/rmf_task_ros2/lib:/rmf_demos_ws/install/rmf_websocket/lib:/rmf_demos_ws/install/rmf_visualization_schedule/lib:/rmf_demos_ws/install/rmf_visualization_rviz2_plugins/lib:/rmf_demos_ws/install/rmf_visualization_obstacles/lib:/rmf_demos_ws/install/rmf_visualization_navgraphs/lib:/rmf_demos_ws/install/rmf_visualization_floorplans/lib:/rmf_demos_ws/install/rmf_visualization_fleet_states/lib:/rmf_demos_ws/install/rmf_visualization_msgs/lib:/rmf_demos_ws/install/rmf_traffic_ros2/lib:/rmf_demos_ws/install/rmf_task_sequence/lib:/rmf_demos_ws/install/rmf_task/lib:/rmf_demos_ws/install/rmf_battery/lib:/rmf_demos_ws/install/rmf_traffic/lib:/rmf_demos_ws/install/rmf_utils/lib:/rmf_demos_ws/install/rmf_traffic_msgs/lib:/rmf_demos_ws/install/rmf_task_msgs/lib:/rmf_demos_ws/install/rmf_site_map_msgs/lib:/rmf_demos_ws/install/rmf_scheduler_msgs/lib:/rmf_demos_ws/install/rmf_robot_sim_common/lib:/rmf_demos_ws/install/rmf_reservation_msgs/lib:/rmf_demos_ws/install/rmf_obstacle_msgs/lib:/rmf_demos_ws/install/rmf_lift_msgs/lib:/rmf_demos_ws/install/rmf_ingestor_msgs/lib:/rmf_demos_ws/install/rmf_fleet_msgs/lib:/rmf_demos_ws/install/rmf_door_msgs/lib:/rmf_demos_ws/install/rmf_dispenser_msgs/lib:/rmf_demos_ws/install/rmf_charger_msgs/lib:/rmf_demos_ws/install/rmf_building_map_msgs/lib:/rmf_demos_ws/install/nlohmann_json_schema_validator_vendor/lib:/rmf_demos_ws/install/menge_vendor/lib:/opt/ros/jazzy/opt/zenoh_cpp_vendor/lib:/opt/ros/jazzy/opt/gz_sim_vendor/lib:/opt/ros/jazzy/opt/gz_sensors_vendor/lib:/opt/ros/jazzy/opt/gz_physics_vendor/lib:/opt/ros/jazzy/opt/sdformat_vendor/lib:/opt/ros/jazzy/opt/rviz_ogre_vendor/lib:/opt/ros/jazzy/lib/x86_64-linux-gnu:/opt/ros/jazzy/opt/gz_gui_vendor/lib:/opt/ros/jazzy/opt/gz_transport_vendor/lib:/opt/ros/jazzy/opt/gz_rendering_vendor/lib:/opt/ros/jazzy/opt/gz_plugin_vendor/lib:/opt/ros/jazzy/opt/gz_fuel_tools_vendor/lib:/opt/ros/jazzy/opt/gz_msgs_vendor/lib:/opt/ros/jazzy/opt/gz_common_vendor/lib:/opt/ros/jazzy/opt/gz_math_vendor/lib:/opt/ros/jazzy/opt/gz_utils_vendor/lib:/opt/ros/jazzy/opt/gz_tools_vendor/lib:/opt/ros/jazzy/opt/gz_ogre_next_vendor/lib:/opt/ros/jazzy/opt/gz_dartsim_vendor/lib:/opt/ros/jazzy/opt/gz_cmake_vendor/lib:/opt/ros/jazzy/lib /usr/bin/cmake /home/maria/rmf_ws/src/rmf_simulation/rmf_robot_sim_gz_plugins -DCMAKE_INSTALL_PREFIX=/home/maria/rmf_ws/install/rmf_robot_sim_gz_plugins
[3.712s] Invoking command in '/home/maria/rmf_ws/build/rmf_robot_sim_gz_plugins': CMAKE_PREFIX_PATH=/home/maria/rmf_ws/install/rmf_robot_sim_common:/home/maria/rmf_ws/install/rmf_building_sim_gz_plugins:/home/maria/rmf_ws/install/project_config:/home/maria/rmf_ws/install/rmf_visualization:/home/maria/rmf_ws/install/rmf_visualization_schedule:/home/maria/rmf_ws/install/rmf_visualization_rviz2_plugins:/home/maria/rmf_ws/install/rmf_visualization_obstacles:/home/maria/rmf_ws/install/rmf_visualization_navgraphs:/home/maria/rmf_ws/install/rmf_visualization_floorplans:/home/maria/rmf_ws/install/rmf_visualization_fleet_states:/home/maria/rmf_ws/install/rmf_robot_sim_gz_plugins:/home/maria/rmf_ws/install/project_simulation:/home/maria/rmf_ws/install/project_maps:/home/maria/rmf_ws/install/project_assets:/rmf_demos_ws/install/rmf_workcell_msgs:/rmf_demos_ws/install/rmf_demos_gz:/rmf_demos_ws/install/rmf_demos:/rmf_demos_ws/install/rmf_reservation_node:/rmf_demos_ws/install/rmf_fleet_adapter_python:/rmf_demos_ws/install/rmf_fleet_adapter:/rmf_demos_ws/install/rmf_task_ros2:/rmf_demos_ws/install/rmf_websocket:/rmf_demos_ws/install/rmf_visualization:/rmf_demos_ws/install/rmf_visualization_schedule:/rmf_demos_ws/install/rmf_visualization_rviz2_plugins:/rmf_demos_ws/install/rmf_visualization_obstacles:/rmf_demos_ws/install/rmf_visualization_navgraphs:/rmf_demos_ws/install/rmf_visualization_floorplans:/rmf_demos_ws/install/rmf_visualization_fleet_states:/rmf_demos_ws/install/rmf_visualization_msgs:/rmf_demos_ws/install/rmf_traffic_ros2:/rmf_demos_ws/install/rmf_task_sequence:/rmf_demos_ws/install/rmf_task:/rmf_demos_ws/install/rmf_battery:/rmf_demos_ws/install/rmf_traffic:/rmf_demos_ws/install/rmf_utils:/rmf_demos_ws/install/rmf_traffic_msgs:/rmf_demos_ws/install/rmf_traffic_editor_test_maps:/rmf_demos_ws/install/rmf_traffic_editor_assets:/rmf_demos_ws/install/rmf_traffic_editor:/rmf_demos_ws/install/rmf_task_msgs:/rmf_demos_ws/install/rmf_site_map_msgs:/rmf_demos_ws/install/rmf_scheduler_msgs:/rmf_demos_ws/install/rmf_robot_sim_gz_plugins:/rmf_demos_ws/install/rmf_robot_sim_common:/rmf_demos_ws/install/rmf_reservation_msgs:/rmf_demos_ws/install/rmf_obstacle_msgs:/rmf_demos_ws/install/rmf_building_sim_gz_plugins:/rmf_demos_ws/install/rmf_lift_msgs:/rmf_demos_ws/install/rmf_ingestor_msgs:/rmf_demos_ws/install/rmf_fleet_msgs:/rmf_demos_ws/install/rmf_door_msgs:/rmf_demos_ws/install/rmf_dispenser_msgs:/rmf_demos_ws/install/rmf_demos_maps:/rmf_demos_ws/install/rmf_demos_assets:/rmf_demos_ws/install/rmf_charger_msgs:/rmf_demos_ws/install/rmf_building_map_msgs:/rmf_demos_ws/install/rmf_api_msgs:/rmf_demos_ws/install/nlohmann_json_schema_validator_vendor:/home/maria/rmf_ws/install/rmf_visualization_building_systems:/home/maria/rmf_ws/install/project_tasks:/home/maria/rmf_ws/install/project_fleet_adapter:/rmf_demos_ws/install/rmf_demos_fleet_adapter:/rmf_demos_ws/install/rmf_visualization_building_systems:/rmf_demos_ws/install/rmf_traffic_examples:/rmf_demos_ws/install/rmf_demos_bridges:/rmf_demos_ws/install/rmf_demos_tasks:/rmf_demos_ws/install/rmf_building_map_tools:/rmf_demos_ws/install/rmf_charging_schedule:/opt/ros/jazzy:/rmf_demos_ws/install/menge_vendor:/rmf_demos_ws/install/ament_cmake_catch2:/opt/ros/jazzy/opt/gz_sim_vendor:/opt/ros/jazzy/opt/gz_sensors_vendor:/opt/ros/jazzy/opt/gz_physics_vendor:/opt/ros/jazzy/opt/sdformat_vendor:/opt/ros/jazzy/opt/gz_gui_vendor:/opt/ros/jazzy/opt/gz_transport_vendor:/opt/ros/jazzy/opt/gz_rendering_vendor:/opt/ros/jazzy/opt/gz_plugin_vendor:/opt/ros/jazzy/opt/gz_fuel_tools_vendor:/opt/ros/jazzy/opt/gz_msgs_vendor:/opt/ros/jazzy/opt/gz_common_vendor:/opt/ros/jazzy/opt/gz_math_vendor:/opt/ros/jazzy/opt/gz_utils_vendor:/opt/ros/jazzy/opt/gz_tools_vendor:/opt/ros/jazzy/opt/gz_ogre_next_vendor:/opt/ros/jazzy/opt/gz_dartsim_vendor:/opt/ros/jazzy/opt/gz_cmake_vendor LD_LIBRARY_PATH=/home/maria/rmf_ws/install/rmf_robot_sim_common/lib:/home/maria/rmf_ws/install/rmf_visualization_schedule/lib:/home/maria/rmf_ws/install/rmf_visualization_rviz2_plugins/lib:/home/maria/rmf_ws/install/rmf_visualization_obstacles/lib:/home/maria/rmf_ws/install/rmf_visualization_navgraphs/lib:/home/maria/rmf_ws/install/rmf_visualization_floorplans/lib:/home/maria/rmf_ws/install/rmf_visualization_fleet_states/lib:/rmf_demos_ws/install/rmf_workcell_msgs/lib:/rmf_demos_ws/install/rmf_fleet_adapter/lib:/rmf_demos_ws/install/rmf_task_ros2/lib:/rmf_demos_ws/install/rmf_websocket/lib:/rmf_demos_ws/install/rmf_visualization_schedule/lib:/rmf_demos_ws/install/rmf_visualization_rviz2_plugins/lib:/rmf_demos_ws/install/rmf_visualization_obstacles/lib:/rmf_demos_ws/install/rmf_visualization_navgraphs/lib:/rmf_demos_ws/install/rmf_visualization_floorplans/lib:/rmf_demos_ws/install/rmf_visualization_fleet_states/lib:/rmf_demos_ws/install/rmf_visualization_msgs/lib:/rmf_demos_ws/install/rmf_traffic_ros2/lib:/rmf_demos_ws/install/rmf_task_sequence/lib:/rmf_demos_ws/install/rmf_task/lib:/rmf_demos_ws/install/rmf_battery/lib:/rmf_demos_ws/install/rmf_traffic/lib:/rmf_demos_ws/install/rmf_utils/lib:/rmf_demos_ws/install/rmf_traffic_msgs/lib:/rmf_demos_ws/install/rmf_task_msgs/lib:/rmf_demos_ws/install/rmf_site_map_msgs/lib:/rmf_demos_ws/install/rmf_scheduler_msgs/lib:/rmf_demos_ws/install/rmf_robot_sim_common/lib:/rmf_demos_ws/install/rmf_reservation_msgs/lib:/rmf_demos_ws/install/rmf_obstacle_msgs/lib:/rmf_demos_ws/install/rmf_lift_msgs/lib:/rmf_demos_ws/install/rmf_ingestor_msgs/lib:/rmf_demos_ws/install/rmf_fleet_msgs/lib:/rmf_demos_ws/install/rmf_door_msgs/lib:/rmf_demos_ws/install/rmf_dispenser_msgs/lib:/rmf_demos_ws/install/rmf_charger_msgs/lib:/rmf_demos_ws/install/rmf_building_map_msgs/lib:/rmf_demos_ws/install/nlohmann_json_schema_validator_vendor/lib:/rmf_demos_ws/install/menge_vendor/lib:/opt/ros/jazzy/opt/zenoh_cpp_vendor/lib:/opt/ros/jazzy/opt/gz_sim_vendor/lib:/opt/ros/jazzy/opt/gz_sensors_vendor/lib:/opt/ros/jazzy/opt/gz_physics_vendor/lib:/opt/ros/jazzy/opt/sdformat_vendor/lib:/opt/ros/jazzy/opt/rviz_ogre_vendor/lib:/opt/ros/jazzy/lib/x86_64-linux-gnu:/opt/ros/jazzy/opt/gz_gui_vendor/lib:/opt/ros/jazzy/opt/gz_transport_vendor/lib:/opt/ros/jazzy/opt/gz_rendering_vendor/lib:/opt/ros/jazzy/opt/gz_plugin_vendor/lib:/opt/ros/jazzy/opt/gz_fuel_tools_vendor/lib:/opt/ros/jazzy/opt/gz_msgs_vendor/lib:/opt/ros/jazzy/opt/gz_common_vendor/lib:/opt/ros/jazzy/opt/gz_math_vendor/lib:/opt/ros/jazzy/opt/gz_utils_vendor/lib:/opt/ros/jazzy/opt/gz_tools_vendor/lib:/opt/ros/jazzy/opt/gz_ogre_next_vendor/lib:/opt/ros/jazzy/opt/gz_dartsim_vendor/lib:/opt/ros/jazzy/opt/gz_cmake_vendor/lib:/opt/ros/jazzy/lib /usr/bin/cmake --build /home/maria/rmf_ws/build/rmf_robot_sim_gz_plugins -- -j8 -l8
[3.787s] [  0%] Built target readonly_autogen_timestamp_deps
[3.787s] [  0%] Built target slotcar_autogen_timestamp_deps
[3.787s] [  0%] Built target teleport_dispenser_autogen_timestamp_deps
[3.787s] [  0%] Built target teleport_ingestor_autogen_timestamp_deps
[3.819s] [ 20%] [34m[1mAutomatic MOC for target readonly[0m
[3.819s] [ 20%] [34m[1mAutomatic MOC for target slotcar[0m
[3.819s] [ 20%] [34m[1mAutomatic MOC for target teleport_ingestor[0m
[3.819s] [ 20%] [34m[1mAutomatic MOC for target teleport_dispenser[0m
[3.878s] [ 20%] Built target teleport_ingestor_autogen
[3.878s] [ 20%] Built target teleport_dispenser_autogen
[3.878s] [ 20%] Built target readonly_autogen
[3.878s] [ 20%] Built target slotcar_autogen
[3.932s] [ 45%] [32mBuilding CXX object CMakeFiles/readonly.dir/readonly_autogen/mocs_compilation.cpp.o[0m
[3.932s] [ 45%] [32mBuilding CXX object CMakeFiles/readonly.dir/src/readonly.cpp.o[0m
[3.932s] [ 45%] [32mBuilding CXX object CMakeFiles/teleport_dispenser.dir/src/TeleportDispenser.cpp.o[0m
[3.932s] [ 45%] [32mBuilding CXX object CMakeFiles/slotcar.dir/slotcar_autogen/mocs_compilation.cpp.o[0m
[3.932s] [ 45%] [32mBuilding CXX object CMakeFiles/teleport_ingestor.dir/teleport_ingestor_autogen/mocs_compilation.cpp.o[0m
[3.932s] [ 55%] [32mBuilding CXX object CMakeFiles/slotcar.dir/src/slotcar.cpp.o[0m
[3.933s] [ 55%] [32mBuilding CXX object CMakeFiles/teleport_ingestor.dir/src/TeleportIngestor.cpp.o[0m
[3.934s] [ 60%] [32mBuilding CXX object CMakeFiles/teleport_dispenser.dir/teleport_dispenser_autogen/mocs_compilation.cpp.o[0m
[12.224s] [ 65%] [32m[1mLinking CXX shared library libreadonly.so[0m
[12.767s] [ 70%] Built target readonly
[18.121s] [ 75%] [32m[1mLinking CXX shared library libslotcar.so[0m
[19.340s] [ 80%] Built target slotcar
[22.277s] [ 85%] [32m[1mLinking CXX shared library libteleport_dispenser.so[0m
[22.492s] [ 90%] [32m[1mLinking CXX shared library libteleport_ingestor.so[0m
[23.361s] [ 95%] Built target teleport_dispenser
[23.404s] [100%] Built target teleport_ingestor
[23.417s] Invoked command in '/home/maria/rmf_ws/build/rmf_robot_sim_gz_plugins' returned '0': CMAKE_PREFIX_PATH=/home/maria/rmf_ws/install/rmf_robot_sim_common:/home/maria/rmf_ws/install/rmf_building_sim_gz_plugins:/home/maria/rmf_ws/install/project_config:/home/maria/rmf_ws/install/rmf_visualization:/home/maria/rmf_ws/install/rmf_visualization_schedule:/home/maria/rmf_ws/install/rmf_visualization_rviz2_plugins:/home/maria/rmf_ws/install/rmf_visualization_obstacles:/home/maria/rmf_ws/install/rmf_visualization_navgraphs:/home/maria/rmf_ws/install/rmf_visualization_floorplans:/home/maria/rmf_ws/install/rmf_visualization_fleet_states:/home/maria/rmf_ws/install/rmf_robot_sim_gz_plugins:/home/maria/rmf_ws/install/project_simulation:/home/maria/rmf_ws/install/project_maps:/home/maria/rmf_ws/install/project_assets:/rmf_demos_ws/install/rmf_workcell_msgs:/rmf_demos_ws/install/rmf_demos_gz:/rmf_demos_ws/install/rmf_demos:/rmf_demos_ws/install/rmf_reservation_node:/rmf_demos_ws/install/rmf_fleet_adapter_python:/rmf_demos_ws/install/rmf_fleet_adapter:/rmf_demos_ws/install/rmf_task_ros2:/rmf_demos_ws/install/rmf_websocket:/rmf_demos_ws/install/rmf_visualization:/rmf_demos_ws/install/rmf_visualization_schedule:/rmf_demos_ws/install/rmf_visualization_rviz2_plugins:/rmf_demos_ws/install/rmf_visualization_obstacles:/rmf_demos_ws/install/rmf_visualization_navgraphs:/rmf_demos_ws/install/rmf_visualization_floorplans:/rmf_demos_ws/install/rmf_visualization_fleet_states:/rmf_demos_ws/install/rmf_visualization_msgs:/rmf_demos_ws/install/rmf_traffic_ros2:/rmf_demos_ws/install/rmf_task_sequence:/rmf_demos_ws/install/rmf_task:/rmf_demos_ws/install/rmf_battery:/rmf_demos_ws/install/rmf_traffic:/rmf_demos_ws/install/rmf_utils:/rmf_demos_ws/install/rmf_traffic_msgs:/rmf_demos_ws/install/rmf_traffic_editor_test_maps:/rmf_demos_ws/install/rmf_traffic_editor_assets:/rmf_demos_ws/install/rmf_traffic_editor:/rmf_demos_ws/install/rmf_task_msgs:/rmf_demos_ws/install/rmf_site_map_msgs:/rmf_demos_ws/install/rmf_scheduler_msgs:/rmf_demos_ws/install/rmf_robot_sim_gz_plugins:/rmf_demos_ws/install/rmf_robot_sim_common:/rmf_demos_ws/install/rmf_reservation_msgs:/rmf_demos_ws/install/rmf_obstacle_msgs:/rmf_demos_ws/install/rmf_building_sim_gz_plugins:/rmf_demos_ws/install/rmf_lift_msgs:/rmf_demos_ws/install/rmf_ingestor_msgs:/rmf_demos_ws/install/rmf_fleet_msgs:/rmf_demos_ws/install/rmf_door_msgs:/rmf_demos_ws/install/rmf_dispenser_msgs:/rmf_demos_ws/install/rmf_demos_maps:/rmf_demos_ws/install/rmf_demos_assets:/rmf_demos_ws/install/rmf_charger_msgs:/rmf_demos_ws/install/rmf_building_map_msgs:/rmf_demos_ws/install/rmf_api_msgs:/rmf_demos_ws/install/nlohmann_json_schema_validator_vendor:/home/maria/rmf_ws/install/rmf_visualization_building_systems:/home/maria/rmf_ws/install/project_tasks:/home/maria/rmf_ws/install/project_fleet_adapter:/rmf_demos_ws/install/rmf_demos_fleet_adapter:/rmf_demos_ws/install/rmf_visualization_building_systems:/rmf_demos_ws/install/rmf_traffic_examples:/rmf_demos_ws/install/rmf_demos_bridges:/rmf_demos_ws/install/rmf_demos_tasks:/rmf_demos_ws/install/rmf_building_map_tools:/rmf_demos_ws/install/rmf_charging_schedule:/opt/ros/jazzy:/rmf_demos_ws/install/menge_vendor:/rmf_demos_ws/install/ament_cmake_catch2:/opt/ros/jazzy/opt/gz_sim_vendor:/opt/ros/jazzy/opt/gz_sensors_vendor:/opt/ros/jazzy/opt/gz_physics_vendor:/opt/ros/jazzy/opt/sdformat_vendor:/opt/ros/jazzy/opt/gz_gui_vendor:/opt/ros/jazzy/opt/gz_transport_vendor:/opt/ros/jazzy/opt/gz_rendering_vendor:/opt/ros/jazzy/opt/gz_plugin_vendor:/opt/ros/jazzy/opt/gz_fuel_tools_vendor:/opt/ros/jazzy/opt/gz_msgs_vendor:/opt/ros/jazzy/opt/gz_common_vendor:/opt/ros/jazzy/opt/gz_math_vendor:/opt/ros/jazzy/opt/gz_utils_vendor:/opt/ros/jazzy/opt/gz_tools_vendor:/opt/ros/jazzy/opt/gz_ogre_next_vendor:/opt/ros/jazzy/opt/gz_dartsim_vendor:/opt/ros/jazzy/opt/gz_cmake_vendor LD_LIBRARY_PATH=/home/maria/rmf_ws/install/rmf_robot_sim_common/lib:/home/maria/rmf_ws/install/rmf_visualization_schedule/lib:/home/maria/rmf_ws/install/rmf_visualization_rviz2_plugins/lib:/home/maria/rmf_ws/install/rmf_visualization_obstacles/lib:/home/maria/rmf_ws/install/rmf_visualization_navgraphs/lib:/home/maria/rmf_ws/install/rmf_visualization_floorplans/lib:/home/maria/rmf_ws/install/rmf_visualization_fleet_states/lib:/rmf_demos_ws/install/rmf_workcell_msgs/lib:/rmf_demos_ws/install/rmf_fleet_adapter/lib:/rmf_demos_ws/install/rmf_task_ros2/lib:/rmf_demos_ws/install/rmf_websocket/lib:/rmf_demos_ws/install/rmf_visualization_schedule/lib:/rmf_demos_ws/install/rmf_visualization_rviz2_plugins/lib:/rmf_demos_ws/install/rmf_visualization_obstacles/lib:/rmf_demos_ws/install/rmf_visualization_navgraphs/lib:/rmf_demos_ws/install/rmf_visualization_floorplans/lib:/rmf_demos_ws/install/rmf_visualization_fleet_states/lib:/rmf_demos_ws/install/rmf_visualization_msgs/lib:/rmf_demos_ws/install/rmf_traffic_ros2/lib:/rmf_demos_ws/install/rmf_task_sequence/lib:/rmf_demos_ws/install/rmf_task/lib:/rmf_demos_ws/install/rmf_battery/lib:/rmf_demos_ws/install/rmf_traffic/lib:/rmf_demos_ws/install/rmf_utils/lib:/rmf_demos_ws/install/rmf_traffic_msgs/lib:/rmf_demos_ws/install/rmf_task_msgs/lib:/rmf_demos_ws/install/rmf_site_map_msgs/lib:/rmf_demos_ws/install/rmf_scheduler_msgs/lib:/rmf_demos_ws/install/rmf_robot_sim_common/lib:/rmf_demos_ws/install/rmf_reservation_msgs/lib:/rmf_demos_ws/install/rmf_obstacle_msgs/lib:/rmf_demos_ws/install/rmf_lift_msgs/lib:/rmf_demos_ws/install/rmf_ingestor_msgs/lib:/rmf_demos_ws/install/rmf_fleet_msgs/lib:/rmf_demos_ws/install/rmf_door_msgs/lib:/rmf_demos_ws/install/rmf_dispenser_msgs/lib:/rmf_demos_ws/install/rmf_charger_msgs/lib:/rmf_demos_ws/install/rmf_building_map_msgs/lib:/rmf_demos_ws/install/nlohmann_json_schema_validator_vendor/lib:/rmf_demos_ws/install/menge_vendor/lib:/opt/ros/jazzy/opt/zenoh_cpp_vendor/lib:/opt/ros/jazzy/opt/gz_sim_vendor/lib:/opt/ros/jazzy/opt/gz_sensors_vendor/lib:/opt/ros/jazzy/opt/gz_physics_vendor/lib:/opt/ros/jazzy/opt/sdformat_vendor/lib:/opt/ros/jazzy/opt/rviz_ogre_vendor/lib:/opt/ros/jazzy/lib/x86_64-linux-gnu:/opt/ros/jazzy/opt/gz_gui_vendor/lib:/opt/ros/jazzy/opt/gz_transport_vendor/lib:/opt/ros/jazzy/opt/gz_rendering_vendor/lib:/opt/ros/jazzy/opt/gz_plugin_vendor/lib:/opt/ros/jazzy/opt/gz_fuel_tools_vendor/lib:/opt/ros/jazzy/opt/gz_msgs_vendor/lib:/opt/ros/jazzy/opt/gz_common_vendor/lib:/opt/ros/jazzy/opt/gz_math_vendor/lib:/opt/ros/jazzy/opt/gz_utils_vendor/lib:/opt/ros/jazzy/opt/gz_tools_vendor/lib:/opt/ros/jazzy/opt/gz_ogre_next_vendor/lib:/opt/ros/jazzy/opt/gz_dartsim_vendor/lib:/opt/ros/jazzy/opt/gz_cmake_vendor/lib:/opt/ros/jazzy/lib /usr/bin/cmake --build /home/maria/rmf_ws/build/rmf_robot_sim_gz_plugins -- -j8 -l8
[23.419s] Invoking command in '/home/maria/rmf_ws/build/rmf_robot_sim_gz_plugins': CMAKE_PREFIX_PATH=/home/maria/rmf_ws/install/rmf_robot_sim_common:/home/maria/rmf_ws/install/rmf_building_sim_gz_plugins:/home/maria/rmf_ws/install/project_config:/home/maria/rmf_ws/install/rmf_visualization:/home/maria/rmf_ws/install/rmf_visualization_schedule:/home/maria/rmf_ws/install/rmf_visualization_rviz2_plugins:/home/maria/rmf_ws/install/rmf_visualization_obstacles:/home/maria/rmf_ws/install/rmf_visualization_navgraphs:/home/maria/rmf_ws/install/rmf_visualization_floorplans:/home/maria/rmf_ws/install/rmf_visualization_fleet_states:/home/maria/rmf_ws/install/rmf_robot_sim_gz_plugins:/home/maria/rmf_ws/install/project_simulation:/home/maria/rmf_ws/install/project_maps:/home/maria/rmf_ws/install/project_assets:/rmf_demos_ws/install/rmf_workcell_msgs:/rmf_demos_ws/install/rmf_demos_gz:/rmf_demos_ws/install/rmf_demos:/rmf_demos_ws/install/rmf_reservation_node:/rmf_demos_ws/install/rmf_fleet_adapter_python:/rmf_demos_ws/install/rmf_fleet_adapter:/rmf_demos_ws/install/rmf_task_ros2:/rmf_demos_ws/install/rmf_websocket:/rmf_demos_ws/install/rmf_visualization:/rmf_demos_ws/install/rmf_visualization_schedule:/rmf_demos_ws/install/rmf_visualization_rviz2_plugins:/rmf_demos_ws/install/rmf_visualization_obstacles:/rmf_demos_ws/install/rmf_visualization_navgraphs:/rmf_demos_ws/install/rmf_visualization_floorplans:/rmf_demos_ws/install/rmf_visualization_fleet_states:/rmf_demos_ws/install/rmf_visualization_msgs:/rmf_demos_ws/install/rmf_traffic_ros2:/rmf_demos_ws/install/rmf_task_sequence:/rmf_demos_ws/install/rmf_task:/rmf_demos_ws/install/rmf_battery:/rmf_demos_ws/install/rmf_traffic:/rmf_demos_ws/install/rmf_utils:/rmf_demos_ws/install/rmf_traffic_msgs:/rmf_demos_ws/install/rmf_traffic_editor_test_maps:/rmf_demos_ws/install/rmf_traffic_editor_assets:/rmf_demos_ws/install/rmf_traffic_editor:/rmf_demos_ws/install/rmf_task_msgs:/rmf_demos_ws/install/rmf_site_map_msgs:/rmf_demos_ws/install/rmf_scheduler_msgs:/rmf_demos_ws/install/rmf_robot_sim_gz_plugins:/rmf_demos_ws/install/rmf_robot_sim_common:/rmf_demos_ws/install/rmf_reservation_msgs:/rmf_demos_ws/install/rmf_obstacle_msgs:/rmf_demos_ws/install/rmf_building_sim_gz_plugins:/rmf_demos_ws/install/rmf_lift_msgs:/rmf_demos_ws/install/rmf_ingestor_msgs:/rmf_demos_ws/install/rmf_fleet_msgs:/rmf_demos_ws/install/rmf_door_msgs:/rmf_demos_ws/install/rmf_dispenser_msgs:/rmf_demos_ws/install/rmf_demos_maps:/rmf_demos_ws/install/rmf_demos_assets:/rmf_demos_ws/install/rmf_charger_msgs:/rmf_demos_ws/install/rmf_building_map_msgs:/rmf_demos_ws/install/rmf_api_msgs:/rmf_demos_ws/install/nlohmann_json_schema_validator_vendor:/home/maria/rmf_ws/install/rmf_visualization_building_systems:/home/maria/rmf_ws/install/project_tasks:/home/maria/rmf_ws/install/project_fleet_adapter:/rmf_demos_ws/install/rmf_demos_fleet_adapter:/rmf_demos_ws/install/rmf_visualization_building_systems:/rmf_demos_ws/install/rmf_traffic_examples:/rmf_demos_ws/install/rmf_demos_bridges:/rmf_demos_ws/install/rmf_demos_tasks:/rmf_demos_ws/install/rmf_building_map_tools:/rmf_demos_ws/install/rmf_charging_schedule:/opt/ros/jazzy:/rmf_demos_ws/install/menge_vendor:/rmf_demos_ws/install/ament_cmake_catch2:/opt/ros/jazzy/opt/gz_sim_vendor:/opt/ros/jazzy/opt/gz_sensors_vendor:/opt/ros/jazzy/opt/gz_physics_vendor:/opt/ros/jazzy/opt/sdformat_vendor:/opt/ros/jazzy/opt/gz_gui_vendor:/opt/ros/jazzy/opt/gz_transport_vendor:/opt/ros/jazzy/opt/gz_rendering_vendor:/opt/ros/jazzy/opt/gz_plugin_vendor:/opt/ros/jazzy/opt/gz_fuel_tools_vendor:/opt/ros/jazzy/opt/gz_msgs_vendor:/opt/ros/jazzy/opt/gz_common_vendor:/opt/ros/jazzy/opt/gz_math_vendor:/opt/ros/jazzy/opt/gz_utils_vendor:/opt/ros/jazzy/opt/gz_tools_vendor:/opt/ros/jazzy/opt/gz_ogre_next_vendor:/opt/ros/jazzy/opt/gz_dartsim_vendor:/opt/ros/jazzy/opt/gz_cmake_vendor LD_LIBRARY_PATH=/home/maria/rmf_ws/install/rmf_robot_sim_common/lib:/home/maria/rmf_ws/install/rmf_visualization_schedule/lib:/home/maria/rmf_ws/install/rmf_visualization_rviz2_plugins/lib:/home/maria/rmf_ws/install/rmf_visualization_obstacles/lib:/home/maria/rmf_ws/install/rmf_visualization_navgraphs/lib:/home/maria/rmf_ws/install/rmf_visualization_floorplans/lib:/home/maria/rmf_ws/install/rmf_visualization_fleet_states/lib:/rmf_demos_ws/install/rmf_workcell_msgs/lib:/rmf_demos_ws/install/rmf_fleet_adapter/lib:/rmf_demos_ws/install/rmf_task_ros2/lib:/rmf_demos_ws/install/rmf_websocket/lib:/rmf_demos_ws/install/rmf_visualization_schedule/lib:/rmf_demos_ws/install/rmf_visualization_rviz2_plugins/lib:/rmf_demos_ws/install/rmf_visualization_obstacles/lib:/rmf_demos_ws/install/rmf_visualization_navgraphs/lib:/rmf_demos_ws/install/rmf_visualization_floorplans/lib:/rmf_demos_ws/install/rmf_visualization_fleet_states/lib:/rmf_demos_ws/install/rmf_visualization_msgs/lib:/rmf_demos_ws/install/rmf_traffic_ros2/lib:/rmf_demos_ws/install/rmf_task_sequence/lib:/rmf_demos_ws/install/rmf_task/lib:/rmf_demos_ws/install/rmf_battery/lib:/rmf_demos_ws/install/rmf_traffic/lib:/rmf_demos_ws/install/rmf_utils/lib:/rmf_demos_ws/install/rmf_traffic_msgs/lib:/rmf_demos_ws/install/rmf_task_msgs/lib:/rmf_demos_ws/install/rmf_site_map_msgs/lib:/rmf_demos_ws/install/rmf_scheduler_msgs/lib:/rmf_demos_ws/install/rmf_robot_sim_common/lib:/rmf_demos_ws/install/rmf_reservation_msgs/lib:/rmf_demos_ws/install/rmf_obstacle_msgs/lib:/rmf_demos_ws/install/rmf_lift_msgs/lib:/rmf_demos_ws/install/rmf_ingestor_msgs/lib:/rmf_demos_ws/install/rmf_fleet_msgs/lib:/rmf_demos_ws/install/rmf_door_msgs/lib:/rmf_demos_ws/install/rmf_dispenser_msgs/lib:/rmf_demos_ws/install/rmf_charger_msgs/lib:/rmf_demos_ws/install/rmf_building_map_msgs/lib:/rmf_demos_ws/install/nlohmann_json_schema_validator_vendor/lib:/rmf_demos_ws/install/menge_vendor/lib:/opt/ros/jazzy/opt/zenoh_cpp_vendor/lib:/opt/ros/jazzy/opt/gz_sim_vendor/lib:/opt/ros/jazzy/opt/gz_sensors_vendor/lib:/opt/ros/jazzy/opt/gz_physics_vendor/lib:/opt/ros/jazzy/opt/sdformat_vendor/lib:/opt/ros/jazzy/opt/rviz_ogre_vendor/lib:/opt/ros/jazzy/lib/x86_64-linux-gnu:/opt/ros/jazzy/opt/gz_gui_vendor/lib:/opt/ros/jazzy/opt/gz_transport_vendor/lib:/opt/ros/jazzy/opt/gz_rendering_vendor/lib:/opt/ros/jazzy/opt/gz_plugin_vendor/lib:/opt/ros/jazzy/opt/gz_fuel_tools_vendor/lib:/opt/ros/jazzy/opt/gz_msgs_vendor/lib:/opt/ros/jazzy/opt/gz_common_vendor/lib:/opt/ros/jazzy/opt/gz_math_vendor/lib:/opt/ros/jazzy/opt/gz_utils_vendor/lib:/opt/ros/jazzy/opt/gz_tools_vendor/lib:/opt/ros/jazzy/opt/gz_ogre_next_vendor/lib:/opt/ros/jazzy/opt/gz_dartsim_vendor/lib:/opt/ros/jazzy/opt/gz_cmake_vendor/lib:/opt/ros/jazzy/lib /usr/bin/cmake --install /home/maria/rmf_ws/build/rmf_robot_sim_gz_plugins
[23.428s] -- Install configuration: ""
[23.429s] -- Installing: /home/maria/rmf_ws/install/rmf_robot_sim_gz_plugins/share/rmf_robot_sim_gz_plugins/environment/rmf_robot_sim_gz_plugins.dsv
[23.429s] -- Installing: /home/maria/rmf_ws/install/rmf_robot_sim_gz_plugins/lib/rmf_robot_sim_gz_plugins/libteleport_dispenser.so
[23.435s] -- Set non-toolchain portion of runtime path of "/home/maria/rmf_ws/install/rmf_robot_sim_gz_plugins/lib/rmf_robot_sim_gz_plugins/libteleport_dispenser.so" to ""
[23.435s] -- Installing: /home/maria/rmf_ws/install/rmf_robot_sim_gz_plugins/lib/rmf_robot_sim_gz_plugins/libteleport_ingestor.so
[23.442s] -- Set non-toolchain portion of runtime path of "/home/maria/rmf_ws/install/rmf_robot_sim_gz_plugins/lib/rmf_robot_sim_gz_plugins/libteleport_ingestor.so" to ""
[23.442s] -- Installing: /home/maria/rmf_ws/install/rmf_robot_sim_gz_plugins/lib/rmf_robot_sim_gz_plugins/libreadonly.so
[23.443s] -- Set non-toolchain portion of runtime path of "/home/maria/rmf_ws/install/rmf_robot_sim_gz_plugins/lib/rmf_robot_sim_gz_plugins/libreadonly.so" to ""
[23.443s] -- Installing: /home/maria/rmf_ws/install/rmf_robot_sim_gz_plugins/lib/rmf_robot_sim_gz_plugins/libslotcar.so
[23.446s] -- Set non-toolchain portion of runtime path of "/home/maria/rmf_ws/install/rmf_robot_sim_gz_plugins/lib/rmf_robot_sim_gz_plugins/libslotcar.so" to ""
[23.446s] -- Installing: /home/maria/rmf_ws/install/rmf_robot_sim_gz_plugins/share/ament_index/resource_index/package_run_dependencies/rmf_robot_sim_gz_plugins
[23.446s] -- Installing: /home/maria/rmf_ws/install/rmf_robot_sim_gz_plugins/share/ament_index/resource_index/parent_prefix_path/rmf_robot_sim_gz_plugins
[23.446s] -- Installing: /home/maria/rmf_ws/install/rmf_robot_sim_gz_plugins/share/rmf_robot_sim_gz_plugins/environment/ament_prefix_path.sh
[23.446s] -- Installing: /home/maria/rmf_ws/install/rmf_robot_sim_gz_plugins/share/rmf_robot_sim_gz_plugins/environment/ament_prefix_path.dsv
[23.446s] -- Installing: /home/maria/rmf_ws/install/rmf_robot_sim_gz_plugins/share/rmf_robot_sim_gz_plugins/environment/path.sh
[23.446s] -- Installing: /home/maria/rmf_ws/install/rmf_robot_sim_gz_plugins/share/rmf_robot_sim_gz_plugins/environment/path.dsv
[23.446s] -- Installing: /home/maria/rmf_ws/install/rmf_robot_sim_gz_plugins/share/rmf_robot_sim_gz_plugins/local_setup.bash
[23.446s] -- Installing: /home/maria/rmf_ws/install/rmf_robot_sim_gz_plugins/share/rmf_robot_sim_gz_plugins/local_setup.sh
[23.446s] -- Installing: /home/maria/rmf_ws/install/rmf_robot_sim_gz_plugins/share/rmf_robot_sim_gz_plugins/local_setup.zsh
[23.446s] -- Installing: /home/maria/rmf_ws/install/rmf_robot_sim_gz_plugins/share/rmf_robot_sim_gz_plugins/local_setup.dsv
[23.447s] -- Installing: /home/maria/rmf_ws/install/rmf_robot_sim_gz_plugins/share/rmf_robot_sim_gz_plugins/package.dsv
[23.447s] -- Installing: /home/maria/rmf_ws/install/rmf_robot_sim_gz_plugins/share/ament_index/resource_index/packages/rmf_robot_sim_gz_plugins
[23.447s] -- Installing: /home/maria/rmf_ws/install/rmf_robot_sim_gz_plugins/share/rmf_robot_sim_gz_plugins/cmake/rmf_robot_sim_gz_pluginsConfig.cmake
[23.447s] -- Installing: /home/maria/rmf_ws/install/rmf_robot_sim_gz_plugins/share/rmf_robot_sim_gz_plugins/cmake/rmf_robot_sim_gz_pluginsConfig-version.cmake
[23.447s] -- Installing: /home/maria/rmf_ws/install/rmf_robot_sim_gz_plugins/share/rmf_robot_sim_gz_plugins/package.xml
[23.449s] Invoked command in '/home/maria/rmf_ws/build/rmf_robot_sim_gz_plugins' returned '0': CMAKE_PREFIX_PATH=/home/maria/rmf_ws/install/rmf_robot_sim_common:/home/maria/rmf_ws/install/rmf_building_sim_gz_plugins:/home/maria/rmf_ws/install/project_config:/home/maria/rmf_ws/install/rmf_visualization:/home/maria/rmf_ws/install/rmf_visualization_schedule:/home/maria/rmf_ws/install/rmf_visualization_rviz2_plugins:/home/maria/rmf_ws/install/rmf_visualization_obstacles:/home/maria/rmf_ws/install/rmf_visualization_navgraphs:/home/maria/rmf_ws/install/rmf_visualization_floorplans:/home/maria/rmf_ws/install/rmf_visualization_fleet_states:/home/maria/rmf_ws/install/rmf_robot_sim_gz_plugins:/home/maria/rmf_ws/install/project_simulation:/home/maria/rmf_ws/install/project_maps:/home/maria/rmf_ws/install/project_assets:/rmf_demos_ws/install/rmf_workcell_msgs:/rmf_demos_ws/install/rmf_demos_gz:/rmf_demos_ws/install/rmf_demos:/rmf_demos_ws/install/rmf_reservation_node:/rmf_demos_ws/install/rmf_fleet_adapter_python:/rmf_demos_ws/install/rmf_fleet_adapter:/rmf_demos_ws/install/rmf_task_ros2:/rmf_demos_ws/install/rmf_websocket:/rmf_demos_ws/install/rmf_visualization:/rmf_demos_ws/install/rmf_visualization_schedule:/rmf_demos_ws/install/rmf_visualization_rviz2_plugins:/rmf_demos_ws/install/rmf_visualization_obstacles:/rmf_demos_ws/install/rmf_visualization_navgraphs:/rmf_demos_ws/install/rmf_visualization_floorplans:/rmf_demos_ws/install/rmf_visualization_fleet_states:/rmf_demos_ws/install/rmf_visualization_msgs:/rmf_demos_ws/install/rmf_traffic_ros2:/rmf_demos_ws/install/rmf_task_sequence:/rmf_demos_ws/install/rmf_task:/rmf_demos_ws/install/rmf_battery:/rmf_demos_ws/install/rmf_traffic:/rmf_demos_ws/install/rmf_utils:/rmf_demos_ws/install/rmf_traffic_msgs:/rmf_demos_ws/install/rmf_traffic_editor_test_maps:/rmf_demos_ws/install/rmf_traffic_editor_assets:/rmf_demos_ws/install/rmf_traffic_editor:/rmf_demos_ws/install/rmf_task_msgs:/rmf_demos_ws/install/rmf_site_map_msgs:/rmf_demos_ws/install/rmf_scheduler_msgs:/rmf_demos_ws/install/rmf_robot_sim_gz_plugins:/rmf_demos_ws/install/rmf_robot_sim_common:/rmf_demos_ws/install/rmf_reservation_msgs:/rmf_demos_ws/install/rmf_obstacle_msgs:/rmf_demos_ws/install/rmf_building_sim_gz_plugins:/rmf_demos_ws/install/rmf_lift_msgs:/rmf_demos_ws/install/rmf_ingestor_msgs:/rmf_demos_ws/install/rmf_fleet_msgs:/rmf_demos_ws/install/rmf_door_msgs:/rmf_demos_ws/install/rmf_dispenser_msgs:/rmf_demos_ws/install/rmf_demos_maps:/rmf_demos_ws/install/rmf_demos_assets:/rmf_demos_ws/install/rmf_charger_msgs:/rmf_demos_ws/install/rmf_building_map_msgs:/rmf_demos_ws/install/rmf_api_msgs:/rmf_demos_ws/install/nlohmann_json_schema_validator_vendor:/home/maria/rmf_ws/install/rmf_visualization_building_systems:/home/maria/rmf_ws/install/project_tasks:/home/maria/rmf_ws/install/project_fleet_adapter:/rmf_demos_ws/install/rmf_demos_fleet_adapter:/rmf_demos_ws/install/rmf_visualization_building_systems:/rmf_demos_ws/install/rmf_traffic_examples:/rmf_demos_ws/install/rmf_demos_bridges:/rmf_demos_ws/install/rmf_demos_tasks:/rmf_demos_ws/install/rmf_building_map_tools:/rmf_demos_ws/install/rmf_charging_schedule:/opt/ros/jazzy:/rmf_demos_ws/install/menge_vendor:/rmf_demos_ws/install/ament_cmake_catch2:/opt/ros/jazzy/opt/gz_sim_vendor:/opt/ros/jazzy/opt/gz_sensors_vendor:/opt/ros/jazzy/opt/gz_physics_vendor:/opt/ros/jazzy/opt/sdformat_vendor:/opt/ros/jazzy/opt/gz_gui_vendor:/opt/ros/jazzy/opt/gz_transport_vendor:/opt/ros/jazzy/opt/gz_rendering_vendor:/opt/ros/jazzy/opt/gz_plugin_vendor:/opt/ros/jazzy/opt/gz_fuel_tools_vendor:/opt/ros/jazzy/opt/gz_msgs_vendor:/opt/ros/jazzy/opt/gz_common_vendor:/opt/ros/jazzy/opt/gz_math_vendor:/opt/ros/jazzy/opt/gz_utils_vendor:/opt/ros/jazzy/opt/gz_tools_vendor:/opt/ros/jazzy/opt/gz_ogre_next_vendor:/opt/ros/jazzy/opt/gz_dartsim_vendor:/opt/ros/jazzy/opt/gz_cmake_vendor LD_LIBRARY_PATH=/home/maria/rmf_ws/install/rmf_robot_sim_common/lib:/home/maria/rmf_ws/install/rmf_visualization_schedule/lib:/home/maria/rmf_ws/install/rmf_visualization_rviz2_plugins/lib:/home/maria/rmf_ws/install/rmf_visualization_obstacles/lib:/home/maria/rmf_ws/install/rmf_visualization_navgraphs/lib:/home/maria/rmf_ws/install/rmf_visualization_floorplans/lib:/home/maria/rmf_ws/install/rmf_visualization_fleet_states/lib:/rmf_demos_ws/install/rmf_workcell_msgs/lib:/rmf_demos_ws/install/rmf_fleet_adapter/lib:/rmf_demos_ws/install/rmf_task_ros2/lib:/rmf_demos_ws/install/rmf_websocket/lib:/rmf_demos_ws/install/rmf_visualization_schedule/lib:/rmf_demos_ws/install/rmf_visualization_rviz2_plugins/lib:/rmf_demos_ws/install/rmf_visualization_obstacles/lib:/rmf_demos_ws/install/rmf_visualization_navgraphs/lib:/rmf_demos_ws/install/rmf_visualization_floorplans/lib:/rmf_demos_ws/install/rmf_visualization_fleet_states/lib:/rmf_demos_ws/install/rmf_visualization_msgs/lib:/rmf_demos_ws/install/rmf_traffic_ros2/lib:/rmf_demos_ws/install/rmf_task_sequence/lib:/rmf_demos_ws/install/rmf_task/lib:/rmf_demos_ws/install/rmf_battery/lib:/rmf_demos_ws/install/rmf_traffic/lib:/rmf_demos_ws/install/rmf_utils/lib:/rmf_demos_ws/install/rmf_traffic_msgs/lib:/rmf_demos_ws/install/rmf_task_msgs/lib:/rmf_demos_ws/install/rmf_site_map_msgs/lib:/rmf_demos_ws/install/rmf_scheduler_msgs/lib:/rmf_demos_ws/install/rmf_robot_sim_common/lib:/rmf_demos_ws/install/rmf_reservation_msgs/lib:/rmf_demos_ws/install/rmf_obstacle_msgs/lib:/rmf_demos_ws/install/rmf_lift_msgs/lib:/rmf_demos_ws/install/rmf_ingestor_msgs/lib:/rmf_demos_ws/install/rmf_fleet_msgs/lib:/rmf_demos_ws/install/rmf_door_msgs/lib:/rmf_demos_ws/install/rmf_dispenser_msgs/lib:/rmf_demos_ws/install/rmf_charger_msgs/lib:/rmf_demos_ws/install/rmf_building_map_msgs/lib:/rmf_demos_ws/install/nlohmann_json_schema_validator_vendor/lib:/rmf_demos_ws/install/menge_vendor/lib:/opt/ros/jazzy/opt/zenoh_cpp_vendor/lib:/opt/ros/jazzy/opt/gz_sim_vendor/lib:/opt/ros/jazzy/opt/gz_sensors_vendor/lib:/opt/ros/jazzy/opt/gz_physics_vendor/lib:/opt/ros/jazzy/opt/sdformat_vendor/lib:/opt/ros/jazzy/opt/rviz_ogre_vendor/lib:/opt/ros/jazzy/lib/x86_64-linux-gnu:/opt/ros/jazzy/opt/gz_gui_vendor/lib:/opt/ros/jazzy/opt/gz_transport_vendor/lib:/opt/ros/jazzy/opt/gz_rendering_vendor/lib:/opt/ros/jazzy/opt/gz_plugin_vendor/lib:/opt/ros/jazzy/opt/gz_fuel_tools_vendor/lib:/opt/ros/jazzy/opt/gz_msgs_vendor/lib:/opt/ros/jazzy/opt/gz_common_vendor/lib:/opt/ros/jazzy/opt/gz_math_vendor/lib:/opt/ros/jazzy/opt/gz_utils_vendor/lib:/opt/ros/jazzy/opt/gz_tools_vendor/lib:/opt/ros/jazzy/opt/gz_ogre_next_vendor/lib:/opt/ros/jazzy/opt/gz_dartsim_vendor/lib:/opt/ros/jazzy/opt/gz_cmake_vendor/lib:/opt/ros/jazzy/lib /usr/bin/cmake --install /home/maria/rmf_ws/build/rmf_robot_sim_gz_plugins
