[0.071s] DEBUG:colcon:Command line arguments: ['/usr/bin/colcon', 'build']
[0.071s] DEBUG:colcon:Parsed command line arguments: Namespace(log_base=None, log_level=None, verb_name='build', build_base='build', install_base='install', merge_install=False, symlink_install=False, test_result_base=None, continue_on_error=False, executor='parallel', parallel_workers=8, event_handlers=None, ignore_user_meta=False, metas=['./colcon.meta'], base_paths=['.'], packages_ignore=None, packages_ignore_regex=None, paths=None, packages_up_to=None, packages_up_to_regex=None, packages_above=None, packages_above_and_dependencies=None, packages_above_depth=None, packages_select_by_dep=None, packages_skip_by_dep=None, packages_skip_up_to=None, packages_select_build_failed=False, packages_skip_build_finished=False, packages_select_test_failures=False, packages_skip_test_passed=False, packages_select=None, packages_skip=None, packages_select_regex=None, packages_skip_regex=None, packages_start=None, packages_end=None, allow_overriding=[], cmake_args=None, cmake_target=None, cmake_target_skip_unavailable=False, cmake_clean_cache=False, cmake_clean_first=False, cmake_force_configure=False, ament_cmake_args=None, catkin_cmake_args=None, catkin_skip_building_tests=False, mixin_files=None, mixin=None, verb_parser=<colcon_mixin.mixin.mixin_argument.MixinArgumentDecorator object at 0x7b1716895d80>, verb_extension=<colcon_core.verb.build.BuildVerb object at 0x7b17168957b0>, main=<bound method BuildVerb.main of <colcon_core.verb.build.BuildVerb object at 0x7b17168957b0>>, mixin_verb=('build',))
[0.097s] Level 1:colcon.colcon_core.package_discovery:discover_packages(colcon_meta) check parameters
[0.098s] Level 1:colcon.colcon_core.package_discovery:discover_packages(recursive) check parameters
[0.098s] Level 1:colcon.colcon_core.package_discovery:discover_packages(ignore) check parameters
[0.098s] Level 1:colcon.colcon_core.package_discovery:discover_packages(path) check parameters
[0.098s] Level 1:colcon.colcon_core.package_discovery:discover_packages(colcon_meta) discover
[0.098s] Level 1:colcon.colcon_core.package_discovery:discover_packages(recursive) discover
[0.098s] INFO:colcon.colcon_core.package_discovery:Crawling recursively for packages in '/home/maria/Documentos/GitHub/IR2134/rmf_ws'
[0.098s] Level 1:colcon.colcon_core.package_identification:_identify(.) by extensions ['ignore', 'ignore_ament_install']
[0.098s] Level 1:colcon.colcon_core.package_identification:_identify(.) by extension 'ignore'
[0.098s] Level 1:colcon.colcon_core.package_identification:_identify(.) by extension 'ignore_ament_install'
[0.098s] Level 1:colcon.colcon_core.package_identification:_identify(.) by extensions ['colcon_pkg']
[0.098s] Level 1:colcon.colcon_core.package_identification:_identify(.) by extension 'colcon_pkg'
[0.098s] Level 1:colcon.colcon_core.package_identification:_identify(.) by extensions ['colcon_meta']
[0.098s] Level 1:colcon.colcon_core.package_identification:_identify(.) by extension 'colcon_meta'
[0.098s] Level 1:colcon.colcon_core.package_identification:_identify(.) by extensions ['ros']
[0.098s] Level 1:colcon.colcon_core.package_identification:_identify(.) by extension 'ros'
[0.107s] Level 1:colcon.colcon_core.package_identification:_identify(.) by extensions ['cmake', 'python']
[0.107s] Level 1:colcon.colcon_core.package_identification:_identify(.) by extension 'cmake'
[0.107s] Level 1:colcon.colcon_core.package_identification:_identify(.) by extension 'python'
[0.107s] Level 1:colcon.colcon_core.package_identification:_identify(.) by extensions ['python_setup_py']
[0.107s] Level 1:colcon.colcon_core.package_identification:_identify(.) by extension 'python_setup_py'
[0.107s] Level 1:colcon.colcon_core.package_identification:_identify(build) by extensions ['ignore', 'ignore_ament_install']
[0.107s] Level 1:colcon.colcon_core.package_identification:_identify(build) by extension 'ignore'
[0.107s] Level 1:colcon.colcon_core.package_identification:_identify(build) ignored
[0.108s] Level 1:colcon.colcon_core.package_identification:_identify(install) by extensions ['ignore', 'ignore_ament_install']
[0.108s] Level 1:colcon.colcon_core.package_identification:_identify(install) by extension 'ignore'
[0.108s] Level 1:colcon.colcon_core.package_identification:_identify(install) ignored
[0.108s] Level 1:colcon.colcon_core.package_identification:_identify(log) by extensions ['ignore', 'ignore_ament_install']
[0.108s] Level 1:colcon.colcon_core.package_identification:_identify(log) by extension 'ignore'
[0.108s] Level 1:colcon.colcon_core.package_identification:_identify(log) ignored
[0.108s] Level 1:colcon.colcon_core.package_identification:_identify(src) by extensions ['ignore', 'ignore_ament_install']
[0.108s] Level 1:colcon.colcon_core.package_identification:_identify(src) by extension 'ignore'
[0.108s] Level 1:colcon.colcon_core.package_identification:_identify(src) by extension 'ignore_ament_install'
[0.108s] Level 1:colcon.colcon_core.package_identification:_identify(src) by extensions ['colcon_pkg']
[0.108s] Level 1:colcon.colcon_core.package_identification:_identify(src) by extension 'colcon_pkg'
[0.108s] Level 1:colcon.colcon_core.package_identification:_identify(src) by extensions ['colcon_meta']
[0.108s] Level 1:colcon.colcon_core.package_identification:_identify(src) by extension 'colcon_meta'
[0.108s] Level 1:colcon.colcon_core.package_identification:_identify(src) by extensions ['ros']
[0.108s] Level 1:colcon.colcon_core.package_identification:_identify(src) by extension 'ros'
[0.108s] Level 1:colcon.colcon_core.package_identification:_identify(src) by extensions ['cmake', 'python']
[0.108s] Level 1:colcon.colcon_core.package_identification:_identify(src) by extension 'cmake'
[0.108s] Level 1:colcon.colcon_core.package_identification:_identify(src) by extension 'python'
[0.108s] Level 1:colcon.colcon_core.package_identification:_identify(src) by extensions ['python_setup_py']
[0.108s] Level 1:colcon.colcon_core.package_identification:_identify(src) by extension 'python_setup_py'
[0.108s] Level 1:colcon.colcon_core.package_identification:_identify(src/project) by extensions ['ignore', 'ignore_ament_install']
[0.108s] Level 1:colcon.colcon_core.package_identification:_identify(src/project) by extension 'ignore'
[0.108s] Level 1:colcon.colcon_core.package_identification:_identify(src/project) by extension 'ignore_ament_install'
[0.108s] Level 1:colcon.colcon_core.package_identification:_identify(src/project) by extensions ['colcon_pkg']
[0.108s] Level 1:colcon.colcon_core.package_identification:_identify(src/project) by extension 'colcon_pkg'
[0.108s] Level 1:colcon.colcon_core.package_identification:_identify(src/project) by extensions ['colcon_meta']
[0.108s] Level 1:colcon.colcon_core.package_identification:_identify(src/project) by extension 'colcon_meta'
[0.108s] Level 1:colcon.colcon_core.package_identification:_identify(src/project) by extensions ['ros']
[0.108s] Level 1:colcon.colcon_core.package_identification:_identify(src/project) by extension 'ros'
[0.108s] Level 1:colcon.colcon_core.package_identification:_identify(src/project) by extensions ['cmake', 'python']
[0.109s] Level 1:colcon.colcon_core.package_identification:_identify(src/project) by extension 'cmake'
[0.109s] Level 1:colcon.colcon_core.package_identification:_identify(src/project) by extension 'python'
[0.109s] Level 1:colcon.colcon_core.package_identification:_identify(src/project) by extensions ['python_setup_py']
[0.109s] Level 1:colcon.colcon_core.package_identification:_identify(src/project) by extension 'python_setup_py'
[0.109s] Level 1:colcon.colcon_core.package_identification:_identify(src/project/project_assets) by extensions ['ignore', 'ignore_ament_install']
[0.109s] Level 1:colcon.colcon_core.package_identification:_identify(src/project/project_assets) by extension 'ignore'
[0.109s] Level 1:colcon.colcon_core.package_identification:_identify(src/project/project_assets) by extension 'ignore_ament_install'
[0.109s] Level 1:colcon.colcon_core.package_identification:_identify(src/project/project_assets) by extensions ['colcon_pkg']
[0.109s] Level 1:colcon.colcon_core.package_identification:_identify(src/project/project_assets) by extension 'colcon_pkg'
[0.109s] Level 1:colcon.colcon_core.package_identification:_identify(src/project/project_assets) by extensions ['colcon_meta']
[0.109s] Level 1:colcon.colcon_core.package_identification:_identify(src/project/project_assets) by extension 'colcon_meta'
[0.109s] Level 1:colcon.colcon_core.package_identification:_identify(src/project/project_assets) by extensions ['ros']
[0.109s] Level 1:colcon.colcon_core.package_identification:_identify(src/project/project_assets) by extension 'ros'
[0.110s] DEBUG:colcon.colcon_core.package_identification:Package 'src/project/project_assets' with type 'ros.ament_cmake' and name 'rmf_demos_assets'
[0.111s] Level 1:colcon.colcon_core.package_identification:_identify(src/project/project_config) by extensions ['ignore', 'ignore_ament_install']
[0.111s] Level 1:colcon.colcon_core.package_identification:_identify(src/project/project_config) by extension 'ignore'
[0.111s] Level 1:colcon.colcon_core.package_identification:_identify(src/project/project_config) by extension 'ignore_ament_install'
[0.111s] Level 1:colcon.colcon_core.package_identification:_identify(src/project/project_config) by extensions ['colcon_pkg']
[0.111s] Level 1:colcon.colcon_core.package_identification:_identify(src/project/project_config) by extension 'colcon_pkg'
[0.111s] Level 1:colcon.colcon_core.package_identification:_identify(src/project/project_config) by extensions ['colcon_meta']
[0.111s] Level 1:colcon.colcon_core.package_identification:_identify(src/project/project_config) by extension 'colcon_meta'
[0.111s] Level 1:colcon.colcon_core.package_identification:_identify(src/project/project_config) by extensions ['ros']
[0.111s] Level 1:colcon.colcon_core.package_identification:_identify(src/project/project_config) by extension 'ros'
[0.111s] DEBUG:colcon.colcon_core.package_identification:Package 'src/project/project_config' with type 'ros.ament_cmake' and name 'project_config'
[0.111s] Level 1:colcon.colcon_core.package_identification:_identify(src/project/project_fleet_adapter) by extensions ['ignore', 'ignore_ament_install']
[0.111s] Level 1:colcon.colcon_core.package_identification:_identify(src/project/project_fleet_adapter) by extension 'ignore'
[0.111s] Level 1:colcon.colcon_core.package_identification:_identify(src/project/project_fleet_adapter) by extension 'ignore_ament_install'
[0.111s] Level 1:colcon.colcon_core.package_identification:_identify(src/project/project_fleet_adapter) by extensions ['colcon_pkg']
[0.111s] Level 1:colcon.colcon_core.package_identification:_identify(src/project/project_fleet_adapter) by extension 'colcon_pkg'
[0.111s] Level 1:colcon.colcon_core.package_identification:_identify(src/project/project_fleet_adapter) by extensions ['colcon_meta']
[0.111s] Level 1:colcon.colcon_core.package_identification:_identify(src/project/project_fleet_adapter) by extension 'colcon_meta'
[0.112s] Level 1:colcon.colcon_core.package_identification:_identify(src/project/project_fleet_adapter) by extensions ['ros']
[0.112s] Level 1:colcon.colcon_core.package_identification:_identify(src/project/project_fleet_adapter) by extension 'ros'
[0.112s] DEBUG:colcon.colcon_core.package_identification:Package 'src/project/project_fleet_adapter' with type 'ros.ament_python' and name 'project_fleet_adapter'
[0.112s] Level 1:colcon.colcon_core.package_identification:_identify(src/project/project_maps) by extensions ['ignore', 'ignore_ament_install']
[0.112s] Level 1:colcon.colcon_core.package_identification:_identify(src/project/project_maps) by extension 'ignore'
[0.112s] Level 1:colcon.colcon_core.package_identification:_identify(src/project/project_maps) by extension 'ignore_ament_install'
[0.112s] Level 1:colcon.colcon_core.package_identification:_identify(src/project/project_maps) by extensions ['colcon_pkg']
[0.112s] Level 1:colcon.colcon_core.package_identification:_identify(src/project/project_maps) by extension 'colcon_pkg'
[0.112s] Level 1:colcon.colcon_core.package_identification:_identify(src/project/project_maps) by extensions ['colcon_meta']
[0.112s] Level 1:colcon.colcon_core.package_identification:_identify(src/project/project_maps) by extension 'colcon_meta'
[0.112s] Level 1:colcon.colcon_core.package_identification:_identify(src/project/project_maps) by extensions ['ros']
[0.112s] Level 1:colcon.colcon_core.package_identification:_identify(src/project/project_maps) by extension 'ros'
[0.113s] DEBUG:colcon.colcon_core.package_identification:Package 'src/project/project_maps' with type 'ros.ament_cmake' and name 'project_maps'
[0.113s] Level 1:colcon.colcon_core.package_identification:_identify(src/project/project_simulation) by extensions ['ignore', 'ignore_ament_install']
[0.113s] Level 1:colcon.colcon_core.package_identification:_identify(src/project/project_simulation) by extension 'ignore'
[0.113s] Level 1:colcon.colcon_core.package_identification:_identify(src/project/project_simulation) by extension 'ignore_ament_install'
[0.113s] Level 1:colcon.colcon_core.package_identification:_identify(src/project/project_simulation) by extensions ['colcon_pkg']
[0.113s] Level 1:colcon.colcon_core.package_identification:_identify(src/project/project_simulation) by extension 'colcon_pkg'
[0.113s] Level 1:colcon.colcon_core.package_identification:_identify(src/project/project_simulation) by extensions ['colcon_meta']
[0.113s] Level 1:colcon.colcon_core.package_identification:_identify(src/project/project_simulation) by extension 'colcon_meta'
[0.113s] Level 1:colcon.colcon_core.package_identification:_identify(src/project/project_simulation) by extensions ['ros']
[0.113s] Level 1:colcon.colcon_core.package_identification:_identify(src/project/project_simulation) by extension 'ros'
[0.113s] DEBUG:colcon.colcon_core.package_identification:Package 'src/project/project_simulation' with type 'ros.ament_cmake' and name 'project_simulation'
[0.113s] Level 1:colcon.colcon_core.package_discovery:discover_packages(recursive) using defaults
[0.113s] Level 1:colcon.colcon_core.package_discovery:discover_packages(ignore) discover
[0.113s] Level 1:colcon.colcon_core.package_discovery:discover_packages(ignore) using defaults
[0.113s] Level 1:colcon.colcon_core.package_discovery:discover_packages(path) discover
[0.113s] Level 1:colcon.colcon_core.package_discovery:discover_packages(path) using defaults
[0.127s] Level 1:colcon.colcon_core.package_discovery:discover_packages(prefix_path) check parameters
[0.127s] Level 1:colcon.colcon_core.package_discovery:discover_packages(prefix_path) discover
[0.128s] DEBUG:colcon.colcon_installed_package_information.package_discovery:Found 5 installed packages in /home/maria/Documentos/GitHub/IR2134/rmf_ws/install
[0.129s] DEBUG:colcon.colcon_installed_package_information.package_discovery:Found 301 installed packages in /opt/ros/humble
[0.130s] Level 1:colcon.colcon_core.package_discovery:discover_packages(prefix_path) using defaults
[0.154s] Level 5:colcon.colcon_core.verb:set package 'project_fleet_adapter' build argument 'cmake_args' from command line to 'None'
[0.154s] Level 5:colcon.colcon_core.verb:set package 'project_fleet_adapter' build argument 'cmake_target' from command line to 'None'
[0.154s] Level 5:colcon.colcon_core.verb:set package 'project_fleet_adapter' build argument 'cmake_target_skip_unavailable' from command line to 'False'
[0.154s] Level 5:colcon.colcon_core.verb:set package 'project_fleet_adapter' build argument 'cmake_clean_cache' from command line to 'False'
[0.154s] Level 5:colcon.colcon_core.verb:set package 'project_fleet_adapter' build argument 'cmake_clean_first' from command line to 'False'
[0.154s] Level 5:colcon.colcon_core.verb:set package 'project_fleet_adapter' build argument 'cmake_force_configure' from command line to 'False'
[0.154s] Level 5:colcon.colcon_core.verb:set package 'project_fleet_adapter' build argument 'ament_cmake_args' from command line to 'None'
[0.154s] Level 5:colcon.colcon_core.verb:set package 'project_fleet_adapter' build argument 'catkin_cmake_args' from command line to 'None'
[0.154s] Level 5:colcon.colcon_core.verb:set package 'project_fleet_adapter' build argument 'catkin_skip_building_tests' from command line to 'False'
[0.154s] DEBUG:colcon.colcon_core.verb:Building package 'project_fleet_adapter' with the following arguments: {'ament_cmake_args': None, 'build_base': '/home/maria/Documentos/GitHub/IR2134/rmf_ws/build/project_fleet_adapter', 'catkin_cmake_args': None, 'catkin_skip_building_tests': False, 'cmake_args': None, 'cmake_clean_cache': False, 'cmake_clean_first': False, 'cmake_force_configure': False, 'cmake_target': None, 'cmake_target_skip_unavailable': False, 'install_base': '/home/maria/Documentos/GitHub/IR2134/rmf_ws/install/project_fleet_adapter', 'merge_install': False, 'path': '/home/maria/Documentos/GitHub/IR2134/rmf_ws/src/project/project_fleet_adapter', 'symlink_install': False, 'test_result_base': None}
[0.155s] Level 5:colcon.colcon_core.verb:set package 'project_maps' build argument 'cmake_args' from command line to 'None'
[0.155s] Level 5:colcon.colcon_core.verb:set package 'project_maps' build argument 'cmake_target' from command line to 'None'
[0.155s] Level 5:colcon.colcon_core.verb:set package 'project_maps' build argument 'cmake_target_skip_unavailable' from command line to 'False'
[0.155s] Level 5:colcon.colcon_core.verb:set package 'project_maps' build argument 'cmake_clean_cache' from command line to 'False'
[0.155s] Level 5:colcon.colcon_core.verb:set package 'project_maps' build argument 'cmake_clean_first' from command line to 'False'
[0.155s] Level 5:colcon.colcon_core.verb:set package 'project_maps' build argument 'cmake_force_configure' from command line to 'False'
[0.155s] Level 5:colcon.colcon_core.verb:set package 'project_maps' build argument 'ament_cmake_args' from command line to 'None'
[0.155s] Level 5:colcon.colcon_core.verb:set package 'project_maps' build argument 'catkin_cmake_args' from command line to 'None'
[0.155s] Level 5:colcon.colcon_core.verb:set package 'project_maps' build argument 'catkin_skip_building_tests' from command line to 'False'
[0.155s] DEBUG:colcon.colcon_core.verb:Building package 'project_maps' with the following arguments: {'ament_cmake_args': None, 'build_base': '/home/maria/Documentos/GitHub/IR2134/rmf_ws/build/project_maps', 'catkin_cmake_args': None, 'catkin_skip_building_tests': False, 'cmake_args': None, 'cmake_clean_cache': False, 'cmake_clean_first': False, 'cmake_force_configure': False, 'cmake_target': None, 'cmake_target_skip_unavailable': False, 'install_base': '/home/maria/Documentos/GitHub/IR2134/rmf_ws/install/project_maps', 'merge_install': False, 'path': '/home/maria/Documentos/GitHub/IR2134/rmf_ws/src/project/project_maps', 'symlink_install': False, 'test_result_base': None}
[0.155s] Level 5:colcon.colcon_core.verb:set package 'project_simulation' build argument 'cmake_args' from command line to 'None'
[0.155s] Level 5:colcon.colcon_core.verb:set package 'project_simulation' build argument 'cmake_target' from command line to 'None'
[0.155s] Level 5:colcon.colcon_core.verb:set package 'project_simulation' build argument 'cmake_target_skip_unavailable' from command line to 'False'
[0.155s] Level 5:colcon.colcon_core.verb:set package 'project_simulation' build argument 'cmake_clean_cache' from command line to 'False'
[0.155s] Level 5:colcon.colcon_core.verb:set package 'project_simulation' build argument 'cmake_clean_first' from command line to 'False'
[0.155s] Level 5:colcon.colcon_core.verb:set package 'project_simulation' build argument 'cmake_force_configure' from command line to 'False'
[0.155s] Level 5:colcon.colcon_core.verb:set package 'project_simulation' build argument 'ament_cmake_args' from command line to 'None'
[0.155s] Level 5:colcon.colcon_core.verb:set package 'project_simulation' build argument 'catkin_cmake_args' from command line to 'None'
[0.155s] Level 5:colcon.colcon_core.verb:set package 'project_simulation' build argument 'catkin_skip_building_tests' from command line to 'False'
[0.155s] DEBUG:colcon.colcon_core.verb:Building package 'project_simulation' with the following arguments: {'ament_cmake_args': None, 'build_base': '/home/maria/Documentos/GitHub/IR2134/rmf_ws/build/project_simulation', 'catkin_cmake_args': None, 'catkin_skip_building_tests': False, 'cmake_args': None, 'cmake_clean_cache': False, 'cmake_clean_first': False, 'cmake_force_configure': False, 'cmake_target': None, 'cmake_target_skip_unavailable': False, 'install_base': '/home/maria/Documentos/GitHub/IR2134/rmf_ws/install/project_simulation', 'merge_install': False, 'path': '/home/maria/Documentos/GitHub/IR2134/rmf_ws/src/project/project_simulation', 'symlink_install': False, 'test_result_base': None}
[0.155s] Level 5:colcon.colcon_core.verb:set package 'rmf_demos_assets' build argument 'cmake_args' from command line to 'None'
[0.155s] Level 5:colcon.colcon_core.verb:set package 'rmf_demos_assets' build argument 'cmake_target' from command line to 'None'
[0.155s] Level 5:colcon.colcon_core.verb:set package 'rmf_demos_assets' build argument 'cmake_target_skip_unavailable' from command line to 'False'
[0.155s] Level 5:colcon.colcon_core.verb:set package 'rmf_demos_assets' build argument 'cmake_clean_cache' from command line to 'False'
[0.155s] Level 5:colcon.colcon_core.verb:set package 'rmf_demos_assets' build argument 'cmake_clean_first' from command line to 'False'
[0.155s] Level 5:colcon.colcon_core.verb:set package 'rmf_demos_assets' build argument 'cmake_force_configure' from command line to 'False'
[0.155s] Level 5:colcon.colcon_core.verb:set package 'rmf_demos_assets' build argument 'ament_cmake_args' from command line to 'None'
[0.155s] Level 5:colcon.colcon_core.verb:set package 'rmf_demos_assets' build argument 'catkin_cmake_args' from command line to 'None'
[0.155s] Level 5:colcon.colcon_core.verb:set package 'rmf_demos_assets' build argument 'catkin_skip_building_tests' from command line to 'False'
[0.156s] DEBUG:colcon.colcon_core.verb:Building package 'rmf_demos_assets' with the following arguments: {'ament_cmake_args': None, 'build_base': '/home/maria/Documentos/GitHub/IR2134/rmf_ws/build/rmf_demos_assets', 'catkin_cmake_args': None, 'catkin_skip_building_tests': False, 'cmake_args': None, 'cmake_clean_cache': False, 'cmake_clean_first': False, 'cmake_force_configure': False, 'cmake_target': None, 'cmake_target_skip_unavailable': False, 'install_base': '/home/maria/Documentos/GitHub/IR2134/rmf_ws/install/rmf_demos_assets', 'merge_install': False, 'path': '/home/maria/Documentos/GitHub/IR2134/rmf_ws/src/project/project_assets', 'symlink_install': False, 'test_result_base': None}
[0.156s] Level 5:colcon.colcon_core.verb:set package 'project_config' build argument 'cmake_args' from command line to 'None'
[0.156s] Level 5:colcon.colcon_core.verb:set package 'project_config' build argument 'cmake_target' from command line to 'None'
[0.156s] Level 5:colcon.colcon_core.verb:set package 'project_config' build argument 'cmake_target_skip_unavailable' from command line to 'False'
[0.156s] Level 5:colcon.colcon_core.verb:set package 'project_config' build argument 'cmake_clean_cache' from command line to 'False'
[0.156s] Level 5:colcon.colcon_core.verb:set package 'project_config' build argument 'cmake_clean_first' from command line to 'False'
[0.156s] Level 5:colcon.colcon_core.verb:set package 'project_config' build argument 'cmake_force_configure' from command line to 'False'
[0.156s] Level 5:colcon.colcon_core.verb:set package 'project_config' build argument 'ament_cmake_args' from command line to 'None'
[0.156s] Level 5:colcon.colcon_core.verb:set package 'project_config' build argument 'catkin_cmake_args' from command line to 'None'
[0.156s] Level 5:colcon.colcon_core.verb:set package 'project_config' build argument 'catkin_skip_building_tests' from command line to 'False'
[0.156s] DEBUG:colcon.colcon_core.verb:Building package 'project_config' with the following arguments: {'ament_cmake_args': None, 'build_base': '/home/maria/Documentos/GitHub/IR2134/rmf_ws/build/project_config', 'catkin_cmake_args': None, 'catkin_skip_building_tests': False, 'cmake_args': None, 'cmake_clean_cache': False, 'cmake_clean_first': False, 'cmake_force_configure': False, 'cmake_target': None, 'cmake_target_skip_unavailable': False, 'install_base': '/home/maria/Documentos/GitHub/IR2134/rmf_ws/install/project_config', 'merge_install': False, 'path': '/home/maria/Documentos/GitHub/IR2134/rmf_ws/src/project/project_config', 'symlink_install': False, 'test_result_base': None}
[0.156s] INFO:colcon.colcon_core.executor:Executing jobs using 'parallel' executor
[0.157s] DEBUG:colcon.colcon_parallel_executor.executor.parallel:run_until_complete
[0.157s] INFO:colcon.colcon_ros.task.ament_python.build:Building ROS package in '/home/maria/Documentos/GitHub/IR2134/rmf_ws/src/project/project_fleet_adapter' with build type 'ament_python'
[0.157s] Level 1:colcon.colcon_core.shell:create_environment_hook('project_fleet_adapter', 'ament_prefix_path')
[0.158s] INFO:colcon.colcon_core.plugin_system:Skipping extension 'colcon_core.shell.bat': Not used on non-Windows systems
[0.158s] INFO:colcon.colcon_core.shell:Creating environment hook '/home/maria/Documentos/GitHub/IR2134/rmf_ws/install/project_fleet_adapter/share/project_fleet_adapter/hook/ament_prefix_path.ps1'
[0.159s] INFO:colcon.colcon_core.shell:Creating environment descriptor '/home/maria/Documentos/GitHub/IR2134/rmf_ws/install/project_fleet_adapter/share/project_fleet_adapter/hook/ament_prefix_path.dsv'
[0.159s] INFO:colcon.colcon_core.shell:Creating environment hook '/home/maria/Documentos/GitHub/IR2134/rmf_ws/install/project_fleet_adapter/share/project_fleet_adapter/hook/ament_prefix_path.sh'
[0.160s] INFO:colcon.colcon_core.shell:Skip shell extension 'powershell' for command environment: Not usable outside of PowerShell
[0.160s] DEBUG:colcon.colcon_core.shell:Skip shell extension 'dsv' for command environment
[0.162s] INFO:colcon.colcon_ros.task.ament_cmake.build:Building ROS package in '/home/maria/Documentos/GitHub/IR2134/rmf_ws/src/project/project_maps' with build type 'ament_cmake'
[0.162s] INFO:colcon.colcon_cmake.task.cmake.build:Building CMake package in '/home/maria/Documentos/GitHub/IR2134/rmf_ws/src/project/project_maps'
[0.162s] INFO:colcon.colcon_core.shell:Skip shell extension 'powershell' for command environment: Not usable outside of PowerShell
[0.162s] DEBUG:colcon.colcon_core.shell:Skip shell extension 'dsv' for command environment
[0.164s] INFO:colcon.colcon_ros.task.ament_cmake.build:Building ROS package in '/home/maria/Documentos/GitHub/IR2134/rmf_ws/src/project/project_simulation' with build type 'ament_cmake'
[0.164s] INFO:colcon.colcon_cmake.task.cmake.build:Building CMake package in '/home/maria/Documentos/GitHub/IR2134/rmf_ws/src/project/project_simulation'
[0.164s] INFO:colcon.colcon_core.shell:Skip shell extension 'powershell' for command environment: Not usable outside of PowerShell
[0.164s] DEBUG:colcon.colcon_core.shell:Skip shell extension 'dsv' for command environment
[0.166s] INFO:colcon.colcon_ros.task.ament_cmake.build:Building ROS package in '/home/maria/Documentos/GitHub/IR2134/rmf_ws/src/project/project_assets' with build type 'ament_cmake'
[0.166s] INFO:colcon.colcon_cmake.task.cmake.build:Building CMake package in '/home/maria/Documentos/GitHub/IR2134/rmf_ws/src/project/project_assets'
[0.166s] INFO:colcon.colcon_core.shell:Skip shell extension 'powershell' for command environment: Not usable outside of PowerShell
[0.166s] DEBUG:colcon.colcon_core.shell:Skip shell extension 'dsv' for command environment
[0.323s] WARNING:colcon.colcon_ros.task.ament_python.build:Package 'project_fleet_adapter' doesn't explicitly install a marker in the package index (colcon-ros currently does it implicitly but that fallback will be removed in the future)
[0.324s] WARNING:colcon.colcon_ros.task.ament_python.build:Package 'project_fleet_adapter' doesn't explicitly install the 'package.xml' file (colcon-ros currently does it implicitly but that fallback will be removed in the future)
[0.324s] INFO:colcon.colcon_core.task.python.build:Building Python package in '/home/maria/Documentos/GitHub/IR2134/rmf_ws/src/project/project_fleet_adapter'
[0.324s] INFO:colcon.colcon_core.shell:Skip shell extension 'powershell' for command environment: Not usable outside of PowerShell
[0.324s] DEBUG:colcon.colcon_core.shell:Skip shell extension 'dsv' for command environment
[0.329s] DEBUG:colcon.colcon_core.event_handler.log_command:Invoking command in '/home/maria/Documentos/GitHub/IR2134/rmf_ws/build/project_maps': CMAKE_PREFIX_PATH=${CMAKE_PREFIX_PATH}:/home/maria/Documentos/GitHub/IR2134/rmf_ws/install/rmf_demos_fleet_adapter:/opt/ros/humble /usr/bin/cmake --build /home/maria/Documentos/GitHub/IR2134/rmf_ws/build/project_maps -- -j8 -l8
[0.332s] DEBUG:colcon.colcon_core.event_handler.log_command:Invoking command in '/home/maria/Documentos/GitHub/IR2134/rmf_ws/build/project_simulation': CMAKE_PREFIX_PATH=${CMAKE_PREFIX_PATH}:/home/maria/Documentos/GitHub/IR2134/rmf_ws/install/rmf_demos_fleet_adapter:/opt/ros/humble /usr/bin/cmake --build /home/maria/Documentos/GitHub/IR2134/rmf_ws/build/project_simulation -- -j8 -l8
[0.334s] DEBUG:colcon.colcon_core.event_handler.log_command:Invoking command in '/home/maria/Documentos/GitHub/IR2134/rmf_ws/build/rmf_demos_assets': CMAKE_PREFIX_PATH=${CMAKE_PREFIX_PATH}:/home/maria/Documentos/GitHub/IR2134/rmf_ws/install/rmf_demos_fleet_adapter:/opt/ros/humble /usr/bin/cmake --build /home/maria/Documentos/GitHub/IR2134/rmf_ws/build/rmf_demos_assets -- -j8 -l8
[0.355s] DEBUG:colcon.colcon_core.event_handler.log_command:Invoked command in '/home/maria/Documentos/GitHub/IR2134/rmf_ws/build/project_simulation' returned '0': CMAKE_PREFIX_PATH=${CMAKE_PREFIX_PATH}:/home/maria/Documentos/GitHub/IR2134/rmf_ws/install/rmf_demos_fleet_adapter:/opt/ros/humble /usr/bin/cmake --build /home/maria/Documentos/GitHub/IR2134/rmf_ws/build/project_simulation -- -j8 -l8
[0.362s] DEBUG:colcon.colcon_core.event_handler.log_command:Invoking command in '/home/maria/Documentos/GitHub/IR2134/rmf_ws/build/project_simulation': CMAKE_PREFIX_PATH=${CMAKE_PREFIX_PATH}:/home/maria/Documentos/GitHub/IR2134/rmf_ws/install/rmf_demos_fleet_adapter:/opt/ros/humble /usr/bin/cmake --install /home/maria/Documentos/GitHub/IR2134/rmf_ws/build/project_simulation
[0.363s] DEBUG:colcon.colcon_core.event_handler.log_command:Invoked command in '/home/maria/Documentos/GitHub/IR2134/rmf_ws/build/project_maps' returned '0': CMAKE_PREFIX_PATH=${CMAKE_PREFIX_PATH}:/home/maria/Documentos/GitHub/IR2134/rmf_ws/install/rmf_demos_fleet_adapter:/opt/ros/humble /usr/bin/cmake --build /home/maria/Documentos/GitHub/IR2134/rmf_ws/build/project_maps -- -j8 -l8
[0.364s] DEBUG:colcon.colcon_core.event_handler.log_command:Invoking command in '/home/maria/Documentos/GitHub/IR2134/rmf_ws/build/project_maps': CMAKE_PREFIX_PATH=${CMAKE_PREFIX_PATH}:/home/maria/Documentos/GitHub/IR2134/rmf_ws/install/rmf_demos_fleet_adapter:/opt/ros/humble /usr/bin/cmake --install /home/maria/Documentos/GitHub/IR2134/rmf_ws/build/project_maps
[0.370s] Level 1:colcon.colcon_core.environment:create_environment_scripts_only(project_simulation)
[0.370s] DEBUG:colcon.colcon_core.event_handler.log_command:Invoked command in '/home/maria/Documentos/GitHub/IR2134/rmf_ws/build/project_simulation' returned '0': CMAKE_PREFIX_PATH=${CMAKE_PREFIX_PATH}:/home/maria/Documentos/GitHub/IR2134/rmf_ws/install/rmf_demos_fleet_adapter:/opt/ros/humble /usr/bin/cmake --install /home/maria/Documentos/GitHub/IR2134/rmf_ws/build/project_simulation
[0.371s] Level 1:colcon.colcon_core.environment:checking '/home/maria/Documentos/GitHub/IR2134/rmf_ws/install/project_simulation' for CMake module files
[0.372s] Level 1:colcon.colcon_core.environment:checking '/home/maria/Documentos/GitHub/IR2134/rmf_ws/install/project_simulation' for CMake config files
[0.372s] Level 1:colcon.colcon_core.shell:create_environment_hook('project_simulation', 'cmake_prefix_path')
[0.372s] INFO:colcon.colcon_core.shell:Creating environment hook '/home/maria/Documentos/GitHub/IR2134/rmf_ws/install/project_simulation/share/project_simulation/hook/cmake_prefix_path.ps1'
[0.372s] INFO:colcon.colcon_core.shell:Creating environment descriptor '/home/maria/Documentos/GitHub/IR2134/rmf_ws/install/project_simulation/share/project_simulation/hook/cmake_prefix_path.dsv'
[0.373s] INFO:colcon.colcon_core.shell:Creating environment hook '/home/maria/Documentos/GitHub/IR2134/rmf_ws/install/project_simulation/share/project_simulation/hook/cmake_prefix_path.sh'
[0.373s] Level 1:colcon.colcon_core.environment:checking '/home/maria/Documentos/GitHub/IR2134/rmf_ws/install/project_simulation/bin'
[0.373s] Level 1:colcon.colcon_core.environment:checking '/home/maria/Documentos/GitHub/IR2134/rmf_ws/install/project_simulation/lib/pkgconfig/project_simulation.pc'
[0.373s] Level 1:colcon.colcon_core.environment:checking '/home/maria/Documentos/GitHub/IR2134/rmf_ws/install/project_simulation/lib/python3.10/site-packages'
[0.373s] Level 1:colcon.colcon_core.environment:checking '/home/maria/Documentos/GitHub/IR2134/rmf_ws/install/project_simulation/bin'
[0.374s] INFO:colcon.colcon_core.shell:Creating package script '/home/maria/Documentos/GitHub/IR2134/rmf_ws/install/project_simulation/share/project_simulation/package.ps1'
[0.374s] INFO:colcon.colcon_core.shell:Creating package descriptor '/home/maria/Documentos/GitHub/IR2134/rmf_ws/install/project_simulation/share/project_simulation/package.dsv'
[0.375s] INFO:colcon.colcon_core.shell:Creating package script '/home/maria/Documentos/GitHub/IR2134/rmf_ws/install/project_simulation/share/project_simulation/package.sh'
[0.375s] INFO:colcon.colcon_core.shell:Creating package script '/home/maria/Documentos/GitHub/IR2134/rmf_ws/install/project_simulation/share/project_simulation/package.bash'
[0.376s] INFO:colcon.colcon_core.shell:Creating package script '/home/maria/Documentos/GitHub/IR2134/rmf_ws/install/project_simulation/share/project_simulation/package.zsh'
[0.376s] Level 1:colcon.colcon_core.environment:create_file_with_runtime_dependencies(/home/maria/Documentos/GitHub/IR2134/rmf_ws/install/project_simulation/share/colcon-core/packages/project_simulation)
[0.376s] Level 1:colcon.colcon_core.environment:create_environment_scripts_only(project_simulation)
[0.377s] Level 1:colcon.colcon_core.environment:checking '/home/maria/Documentos/GitHub/IR2134/rmf_ws/install/project_simulation' for CMake module files
[0.377s] Level 1:colcon.colcon_core.environment:checking '/home/maria/Documentos/GitHub/IR2134/rmf_ws/install/project_simulation' for CMake config files
[0.377s] Level 1:colcon.colcon_core.shell:create_environment_hook('project_simulation', 'cmake_prefix_path')
[0.377s] INFO:colcon.colcon_core.shell:Creating environment hook '/home/maria/Documentos/GitHub/IR2134/rmf_ws/install/project_simulation/share/project_simulation/hook/cmake_prefix_path.ps1'
[0.378s] INFO:colcon.colcon_core.shell:Creating environment descriptor '/home/maria/Documentos/GitHub/IR2134/rmf_ws/install/project_simulation/share/project_simulation/hook/cmake_prefix_path.dsv'
[0.378s] INFO:colcon.colcon_core.shell:Creating environment hook '/home/maria/Documentos/GitHub/IR2134/rmf_ws/install/project_simulation/share/project_simulation/hook/cmake_prefix_path.sh'
[0.378s] Level 1:colcon.colcon_core.environment:checking '/home/maria/Documentos/GitHub/IR2134/rmf_ws/install/project_simulation/bin'
[0.378s] Level 1:colcon.colcon_core.environment:checking '/home/maria/Documentos/GitHub/IR2134/rmf_ws/install/project_simulation/lib/pkgconfig/project_simulation.pc'
[0.378s] Level 1:colcon.colcon_core.environment:checking '/home/maria/Documentos/GitHub/IR2134/rmf_ws/install/project_simulation/lib/python3.10/site-packages'
[0.379s] Level 1:colcon.colcon_core.environment:checking '/home/maria/Documentos/GitHub/IR2134/rmf_ws/install/project_simulation/bin'
[0.379s] INFO:colcon.colcon_core.shell:Creating package script '/home/maria/Documentos/GitHub/IR2134/rmf_ws/install/project_simulation/share/project_simulation/package.ps1'
[0.379s] INFO:colcon.colcon_core.shell:Creating package descriptor '/home/maria/Documentos/GitHub/IR2134/rmf_ws/install/project_simulation/share/project_simulation/package.dsv'
[0.379s] INFO:colcon.colcon_core.shell:Creating package script '/home/maria/Documentos/GitHub/IR2134/rmf_ws/install/project_simulation/share/project_simulation/package.sh'
[0.380s] INFO:colcon.colcon_core.shell:Creating package script '/home/maria/Documentos/GitHub/IR2134/rmf_ws/install/project_simulation/share/project_simulation/package.bash'
[0.380s] INFO:colcon.colcon_core.shell:Creating package script '/home/maria/Documentos/GitHub/IR2134/rmf_ws/install/project_simulation/share/project_simulation/package.zsh'
[0.380s] Level 1:colcon.colcon_core.environment:create_file_with_runtime_dependencies(/home/maria/Documentos/GitHub/IR2134/rmf_ws/install/project_simulation/share/colcon-core/packages/project_simulation)
[0.381s] Level 1:colcon.colcon_core.environment:create_environment_scripts_only(project_maps)
[0.381s] DEBUG:colcon.colcon_core.event_handler.log_command:Invoked command in '/home/maria/Documentos/GitHub/IR2134/rmf_ws/build/project_maps' returned '0': CMAKE_PREFIX_PATH=${CMAKE_PREFIX_PATH}:/home/maria/Documentos/GitHub/IR2134/rmf_ws/install/rmf_demos_fleet_adapter:/opt/ros/humble /usr/bin/cmake --install /home/maria/Documentos/GitHub/IR2134/rmf_ws/build/project_maps
[0.382s] Level 1:colcon.colcon_core.environment:checking '/home/maria/Documentos/GitHub/IR2134/rmf_ws/install/project_maps' for CMake module files
[0.382s] Level 1:colcon.colcon_core.environment:checking '/home/maria/Documentos/GitHub/IR2134/rmf_ws/install/project_maps' for CMake config files
[0.382s] Level 1:colcon.colcon_core.shell:create_environment_hook('project_maps', 'cmake_prefix_path')
[0.383s] INFO:colcon.colcon_core.shell:Creating environment hook '/home/maria/Documentos/GitHub/IR2134/rmf_ws/install/project_maps/share/project_maps/hook/cmake_prefix_path.ps1'
[0.383s] INFO:colcon.colcon_core.shell:Creating environment descriptor '/home/maria/Documentos/GitHub/IR2134/rmf_ws/install/project_maps/share/project_maps/hook/cmake_prefix_path.dsv'
[0.383s] INFO:colcon.colcon_core.shell:Creating environment hook '/home/maria/Documentos/GitHub/IR2134/rmf_ws/install/project_maps/share/project_maps/hook/cmake_prefix_path.sh'
[0.384s] Level 1:colcon.colcon_core.environment:checking '/home/maria/Documentos/GitHub/IR2134/rmf_ws/install/project_maps/bin'
[0.384s] Level 1:colcon.colcon_core.environment:checking '/home/maria/Documentos/GitHub/IR2134/rmf_ws/install/project_maps/lib/pkgconfig/project_maps.pc'
[0.384s] Level 1:colcon.colcon_core.environment:checking '/home/maria/Documentos/GitHub/IR2134/rmf_ws/install/project_maps/lib/python3.10/site-packages'
[0.384s] Level 1:colcon.colcon_core.environment:checking '/home/maria/Documentos/GitHub/IR2134/rmf_ws/install/project_maps/bin'
[0.385s] INFO:colcon.colcon_core.shell:Creating package script '/home/maria/Documentos/GitHub/IR2134/rmf_ws/install/project_maps/share/project_maps/package.ps1'
[0.385s] INFO:colcon.colcon_core.shell:Creating package descriptor '/home/maria/Documentos/GitHub/IR2134/rmf_ws/install/project_maps/share/project_maps/package.dsv'
[0.386s] INFO:colcon.colcon_core.shell:Creating package script '/home/maria/Documentos/GitHub/IR2134/rmf_ws/install/project_maps/share/project_maps/package.sh'
[0.386s] INFO:colcon.colcon_core.shell:Creating package script '/home/maria/Documentos/GitHub/IR2134/rmf_ws/install/project_maps/share/project_maps/package.bash'
[0.386s] INFO:colcon.colcon_core.shell:Creating package script '/home/maria/Documentos/GitHub/IR2134/rmf_ws/install/project_maps/share/project_maps/package.zsh'
[0.387s] Level 1:colcon.colcon_core.environment:create_file_with_runtime_dependencies(/home/maria/Documentos/GitHub/IR2134/rmf_ws/install/project_maps/share/colcon-core/packages/project_maps)
[0.387s] Level 1:colcon.colcon_core.environment:create_environment_scripts_only(project_maps)
[0.387s] Level 1:colcon.colcon_core.environment:checking '/home/maria/Documentos/GitHub/IR2134/rmf_ws/install/project_maps' for CMake module files
[0.388s] Level 1:colcon.colcon_core.environment:checking '/home/maria/Documentos/GitHub/IR2134/rmf_ws/install/project_maps' for CMake config files
[0.388s] Level 1:colcon.colcon_core.shell:create_environment_hook('project_maps', 'cmake_prefix_path')
[0.388s] INFO:colcon.colcon_core.shell:Creating environment hook '/home/maria/Documentos/GitHub/IR2134/rmf_ws/install/project_maps/share/project_maps/hook/cmake_prefix_path.ps1'
[0.389s] INFO:colcon.colcon_core.shell:Creating environment descriptor '/home/maria/Documentos/GitHub/IR2134/rmf_ws/install/project_maps/share/project_maps/hook/cmake_prefix_path.dsv'
[0.389s] INFO:colcon.colcon_core.shell:Creating environment hook '/home/maria/Documentos/GitHub/IR2134/rmf_ws/install/project_maps/share/project_maps/hook/cmake_prefix_path.sh'
[0.389s] Level 1:colcon.colcon_core.environment:checking '/home/maria/Documentos/GitHub/IR2134/rmf_ws/install/project_maps/bin'
[0.390s] Level 1:colcon.colcon_core.environment:checking '/home/maria/Documentos/GitHub/IR2134/rmf_ws/install/project_maps/lib/pkgconfig/project_maps.pc'
[0.390s] Level 1:colcon.colcon_core.environment:checking '/home/maria/Documentos/GitHub/IR2134/rmf_ws/install/project_maps/lib/python3.10/site-packages'
[0.390s] Level 1:colcon.colcon_core.environment:checking '/home/maria/Documentos/GitHub/IR2134/rmf_ws/install/project_maps/bin'
[0.390s] INFO:colcon.colcon_core.shell:Creating package script '/home/maria/Documentos/GitHub/IR2134/rmf_ws/install/project_maps/share/project_maps/package.ps1'
[0.391s] INFO:colcon.colcon_core.shell:Creating package descriptor '/home/maria/Documentos/GitHub/IR2134/rmf_ws/install/project_maps/share/project_maps/package.dsv'
[0.391s] INFO:colcon.colcon_core.shell:Creating package script '/home/maria/Documentos/GitHub/IR2134/rmf_ws/install/project_maps/share/project_maps/package.sh'
[0.392s] INFO:colcon.colcon_core.shell:Creating package script '/home/maria/Documentos/GitHub/IR2134/rmf_ws/install/project_maps/share/project_maps/package.bash'
[0.392s] INFO:colcon.colcon_core.shell:Creating package script '/home/maria/Documentos/GitHub/IR2134/rmf_ws/install/project_maps/share/project_maps/package.zsh'
[0.393s] Level 1:colcon.colcon_core.environment:create_file_with_runtime_dependencies(/home/maria/Documentos/GitHub/IR2134/rmf_ws/install/project_maps/share/colcon-core/packages/project_maps)
[0.443s] DEBUG:colcon.colcon_core.event_handler.log_command:Invoked command in '/home/maria/Documentos/GitHub/IR2134/rmf_ws/build/rmf_demos_assets' returned '2': CMAKE_PREFIX_PATH=${CMAKE_PREFIX_PATH}:/home/maria/Documentos/GitHub/IR2134/rmf_ws/install/rmf_demos_fleet_adapter:/opt/ros/humble /usr/bin/cmake --build /home/maria/Documentos/GitHub/IR2134/rmf_ws/build/rmf_demos_assets -- -j8 -l8
[0.443s] Level 1:colcon.colcon_core.environment:create_environment_scripts_only(rmf_demos_assets)
[0.444s] Level 1:colcon.colcon_core.environment:checking '/home/maria/Documentos/GitHub/IR2134/rmf_ws/install/rmf_demos_assets' for CMake module files
[0.444s] Level 1:colcon.colcon_core.environment:checking '/home/maria/Documentos/GitHub/IR2134/rmf_ws/install/rmf_demos_assets' for CMake config files
[0.445s] Level 1:colcon.colcon_core.shell:create_environment_hook('rmf_demos_assets', 'cmake_prefix_path')
[0.445s] INFO:colcon.colcon_core.shell:Creating environment hook '/home/maria/Documentos/GitHub/IR2134/rmf_ws/install/rmf_demos_assets/share/rmf_demos_assets/hook/cmake_prefix_path.ps1'
[0.445s] INFO:colcon.colcon_core.shell:Creating environment descriptor '/home/maria/Documentos/GitHub/IR2134/rmf_ws/install/rmf_demos_assets/share/rmf_demos_assets/hook/cmake_prefix_path.dsv'
[0.446s] INFO:colcon.colcon_core.shell:Creating environment hook '/home/maria/Documentos/GitHub/IR2134/rmf_ws/install/rmf_demos_assets/share/rmf_demos_assets/hook/cmake_prefix_path.sh'
[0.446s] Level 1:colcon.colcon_core.environment:checking '/home/maria/Documentos/GitHub/IR2134/rmf_ws/install/rmf_demos_assets/bin'
[0.446s] Level 1:colcon.colcon_core.environment:checking '/home/maria/Documentos/GitHub/IR2134/rmf_ws/install/rmf_demos_assets/lib/pkgconfig/rmf_demos_assets.pc'
[0.447s] Level 1:colcon.colcon_core.environment:checking '/home/maria/Documentos/GitHub/IR2134/rmf_ws/install/rmf_demos_assets/lib/python3.10/site-packages'
[0.447s] Level 1:colcon.colcon_core.environment:checking '/home/maria/Documentos/GitHub/IR2134/rmf_ws/install/rmf_demos_assets/bin'
[0.447s] INFO:colcon.colcon_core.shell:Creating package script '/home/maria/Documentos/GitHub/IR2134/rmf_ws/install/rmf_demos_assets/share/rmf_demos_assets/package.ps1'
[0.448s] INFO:colcon.colcon_core.shell:Creating package descriptor '/home/maria/Documentos/GitHub/IR2134/rmf_ws/install/rmf_demos_assets/share/rmf_demos_assets/package.dsv'
[0.448s] INFO:colcon.colcon_core.shell:Creating package script '/home/maria/Documentos/GitHub/IR2134/rmf_ws/install/rmf_demos_assets/share/rmf_demos_assets/package.sh'
[0.449s] INFO:colcon.colcon_core.shell:Creating package script '/home/maria/Documentos/GitHub/IR2134/rmf_ws/install/rmf_demos_assets/share/rmf_demos_assets/package.bash'
[0.449s] INFO:colcon.colcon_core.shell:Creating package script '/home/maria/Documentos/GitHub/IR2134/rmf_ws/install/rmf_demos_assets/share/rmf_demos_assets/package.zsh'
[0.449s] Level 1:colcon.colcon_core.environment:create_file_with_runtime_dependencies(/home/maria/Documentos/GitHub/IR2134/rmf_ws/install/rmf_demos_assets/share/colcon-core/packages/rmf_demos_assets)
[0.748s] DEBUG:colcon.colcon_parallel_executor.executor.parallel:closing loop
[0.749s] DEBUG:colcon.colcon_parallel_executor.executor.parallel:loop closed
[0.749s] DEBUG:colcon.colcon_parallel_executor.executor.parallel:run_until_complete finished with '2'
[0.749s] DEBUG:colcon.colcon_core.event_reactor:joining thread
[0.753s] INFO:colcon.colcon_core.plugin_system:Skipping extension 'colcon_notification.desktop_notification.terminal_notifier': Not used on non-Darwin systems
[0.753s] INFO:colcon.colcon_core.plugin_system:Skipping extension 'colcon_notification.desktop_notification.win32': Not used on non-Windows systems
[0.753s] INFO:colcon.colcon_notification.desktop_notification:Sending desktop notification using 'notify2'
[0.760s] DEBUG:colcon.colcon_core.event_reactor:joined thread
[0.760s] INFO:colcon.colcon_core.shell:Creating prefix script '/home/maria/Documentos/GitHub/IR2134/rmf_ws/install/local_setup.ps1'
[0.761s] INFO:colcon.colcon_core.shell:Creating prefix util module '/home/maria/Documentos/GitHub/IR2134/rmf_ws/install/_local_setup_util_ps1.py'
[0.762s] INFO:colcon.colcon_core.shell:Creating prefix chain script '/home/maria/Documentos/GitHub/IR2134/rmf_ws/install/setup.ps1'
[0.763s] INFO:colcon.colcon_core.shell:Creating prefix script '/home/maria/Documentos/GitHub/IR2134/rmf_ws/install/local_setup.sh'
[0.763s] INFO:colcon.colcon_core.shell:Creating prefix util module '/home/maria/Documentos/GitHub/IR2134/rmf_ws/install/_local_setup_util_sh.py'
[0.764s] INFO:colcon.colcon_core.shell:Creating prefix chain script '/home/maria/Documentos/GitHub/IR2134/rmf_ws/install/setup.sh'
[0.765s] INFO:colcon.colcon_core.shell:Creating prefix script '/home/maria/Documentos/GitHub/IR2134/rmf_ws/install/local_setup.bash'
[0.765s] INFO:colcon.colcon_core.shell:Creating prefix chain script '/home/maria/Documentos/GitHub/IR2134/rmf_ws/install/setup.bash'
[0.766s] INFO:colcon.colcon_core.shell:Creating prefix script '/home/maria/Documentos/GitHub/IR2134/rmf_ws/install/local_setup.zsh'
[0.767s] INFO:colcon.colcon_core.shell:Creating prefix chain script '/home/maria/Documentos/GitHub/IR2134/rmf_ws/install/setup.zsh'
