running develop
running egg_info
creating project_tasks.egg-info
writing project_tasks.egg-info/PKG-INFO
writing dependency_links to project_tasks.egg-info/dependency_links.txt
writing entry points to project_tasks.egg-info/entry_points.txt
writing requirements to project_tasks.egg-info/requires.txt
writing top-level names to project_tasks.egg-info/top_level.txt
writing manifest file 'project_tasks.egg-info/SOURCES.txt'
reading manifest file 'project_tasks.egg-info/SOURCES.txt'
writing manifest file 'project_tasks.egg-info/SOURCES.txt'
running build_ext
Creating /home/maria/rmf_ws/install/project_tasks/lib/python3.12/site-packages/project-tasks.egg-link (link to .)
Installing api_request script to /home/maria/rmf_ws/install/project_tasks/lib/project_tasks
Installing cancel_robot_task script to /home/maria/rmf_ws/install/project_tasks/lib/project_tasks
Installing cancel_task script to /home/maria/rmf_ws/install/project_tasks/lib/project_tasks
Installing dispatch_action script to /home/maria/rmf_ws/install/project_tasks/lib/project_tasks
Installing dispatch_cart_delivery script to /home/maria/rmf_ws/install/project_tasks/lib/project_tasks
Installing dispatch_clean script to /home/maria/rmf_ws/install/project_tasks/lib/project_tasks
Installing dispatch_delivery script to /home/maria/rmf_ws/install/project_tasks/lib/project_tasks
Installing dispatch_dynamic_event script to /home/maria/rmf_ws/install/project_tasks/lib/project_tasks
Installing dispatch_go_to_place script to /home/maria/rmf_ws/install/project_tasks/lib/project_tasks
Installing dispatch_json script to /home/maria/rmf_ws/install/project_tasks/lib/project_tasks
Installing dispatch_loop script to /home/maria/rmf_ws/install/project_tasks/lib/project_tasks
Installing dispatch_patrol script to /home/maria/rmf_ws/install/project_tasks/lib/project_tasks
Installing dispatch_teleop script to /home/maria/rmf_ws/install/project_tasks/lib/project_tasks
Installing dynamic_event_client script to /home/maria/rmf_ws/install/project_tasks/lib/project_tasks
Installing emergency_signal script to /home/maria/rmf_ws/install/project_tasks/lib/project_tasks
Installing get_robot_location script to /home/maria/rmf_ws/install/project_tasks/lib/project_tasks
Installing mock_docker script to /home/maria/rmf_ws/install/project_tasks/lib/project_tasks
Installing request_lift script to /home/maria/rmf_ws/install/project_tasks/lib/project_tasks
Installing request_loop script to /home/maria/rmf_ws/install/project_tasks/lib/project_tasks
Installing teleop_robot script to /home/maria/rmf_ws/install/project_tasks/lib/project_tasks
Installing wait_for_task_complete script to /home/maria/rmf_ws/install/project_tasks/lib/project_tasks

Installed /home/maria/rmf_ws/build/project_tasks
running symlink_data
creating /home/maria/rmf_ws/install/project_tasks/share/ament_index
creating /home/maria/rmf_ws/install/project_tasks/share/ament_index/resource_index
creating /home/maria/rmf_ws/install/project_tasks/share/ament_index/resource_index/packages
symbolically linking /home/maria/rmf_ws/build/project_tasks/resource/project_tasks -> /home/maria/rmf_ws/install/project_tasks/share/ament_index/resource_index/packages
symbolically linking /home/maria/rmf_ws/build/project_tasks/package.xml -> /home/maria/rmf_ws/install/project_tasks/share/project_tasks
