[0.242s] Invoking command in '/home/maria/rmf_ws/build/project_assets': CMAKE_PREFIX_PATH=/home/maria/rmf_ws/install/rmf_visualization:/home/maria/rmf_ws/install/rmf_visualization_schedule:/home/maria/rmf_ws/install/rmf_visualization_rviz2_plugins:/home/maria/rmf_ws/install/rmf_visualization_obstacles:/home/maria/rmf_ws/install/rmf_visualization_navgraphs:/home/maria/rmf_ws/install/rmf_visualization_floorplans:/home/maria/rmf_ws/install/rmf_visualization_fleet_states:/home/maria/rmf_ws/install/rmf_robot_sim_gz_plugins:/home/maria/rmf_ws/install/rmf_robot_sim_common:/home/maria/rmf_ws/install/rmf_building_sim_gz_plugins:/home/maria/rmf_ws/install/project_config:/home/maria/rmf_ws/install/project_simulation:/home/maria/rmf_ws/install/project_maps:/home/maria/rmf_ws/install/project_assets:/rmf_demos_ws/install/rmf_workcell_msgs:/rmf_demos_ws/install/rmf_demos_gz:/rmf_demos_ws/install/rmf_demos:/rmf_demos_ws/install/rmf_reservation_node:/rmf_demos_ws/install/rmf_fleet_adapter_python:/rmf_demos_ws/install/rmf_fleet_adapter:/rmf_demos_ws/install/rmf_task_ros2:/rmf_demos_ws/install/rmf_websocket:/rmf_demos_ws/install/rmf_visualization:/rmf_demos_ws/install/rmf_visualization_schedule:/rmf_demos_ws/install/rmf_visualization_rviz2_plugins:/rmf_demos_ws/install/rmf_visualization_obstacles:/rmf_demos_ws/install/rmf_visualization_navgraphs:/rmf_demos_ws/install/rmf_visualization_floorplans:/rmf_demos_ws/install/rmf_visualization_fleet_states:/rmf_demos_ws/install/rmf_visualization_msgs:/rmf_demos_ws/install/rmf_traffic_ros2:/rmf_demos_ws/install/rmf_task_sequence:/rmf_demos_ws/install/rmf_task:/rmf_demos_ws/install/rmf_battery:/rmf_demos_ws/install/rmf_traffic:/rmf_demos_ws/install/rmf_utils:/rmf_demos_ws/install/rmf_traffic_msgs:/rmf_demos_ws/install/rmf_traffic_editor_test_maps:/rmf_demos_ws/install/rmf_traffic_editor_assets:/rmf_demos_ws/install/rmf_traffic_editor:/rmf_demos_ws/install/rmf_task_msgs:/rmf_demos_ws/install/rmf_site_map_msgs:/rmf_demos_ws/install/rmf_scheduler_msgs:/rmf_demos_ws/install/rmf_robot_sim_gz_plugins:/rmf_demos_ws/install/rmf_robot_sim_common:/rmf_demos_ws/install/rmf_reservation_msgs:/rmf_demos_ws/install/rmf_obstacle_msgs:/rmf_demos_ws/install/rmf_building_sim_gz_plugins:/rmf_demos_ws/install/rmf_lift_msgs:/rmf_demos_ws/install/rmf_ingestor_msgs:/rmf_demos_ws/install/rmf_fleet_msgs:/rmf_demos_ws/install/rmf_door_msgs:/rmf_demos_ws/install/rmf_dispenser_msgs:/rmf_demos_ws/install/rmf_demos_maps:/rmf_demos_ws/install/rmf_demos_assets:/rmf_demos_ws/install/rmf_charger_msgs:/rmf_demos_ws/install/rmf_building_map_msgs:/rmf_demos_ws/install/rmf_api_msgs:/rmf_demos_ws/install/nlohmann_json_schema_validator_vendor:/home/maria/rmf_ws/install/rmf_visualization_building_systems:/home/maria/rmf_ws/install/rmf_demos_tasks:/home/maria/rmf_ws/install/project_fleet_adapter:/rmf_demos_ws/install/rmf_demos_fleet_adapter:/rmf_demos_ws/install/rmf_visualization_building_systems:/rmf_demos_ws/install/rmf_traffic_examples:/rmf_demos_ws/install/rmf_demos_bridges:/rmf_demos_ws/install/rmf_demos_tasks:/rmf_demos_ws/install/rmf_building_map_tools:/rmf_demos_ws/install/rmf_charging_schedule:/opt/ros/jazzy:/rmf_demos_ws/install/menge_vendor:/rmf_demos_ws/install/ament_cmake_catch2:/opt/ros/jazzy/opt/gz_sim_vendor:/opt/ros/jazzy/opt/gz_sensors_vendor:/opt/ros/jazzy/opt/gz_physics_vendor:/opt/ros/jazzy/opt/sdformat_vendor:/opt/ros/jazzy/opt/gz_gui_vendor:/opt/ros/jazzy/opt/gz_transport_vendor:/opt/ros/jazzy/opt/gz_rendering_vendor:/opt/ros/jazzy/opt/gz_plugin_vendor:/opt/ros/jazzy/opt/gz_fuel_tools_vendor:/opt/ros/jazzy/opt/gz_msgs_vendor:/opt/ros/jazzy/opt/gz_common_vendor:/opt/ros/jazzy/opt/gz_math_vendor:/opt/ros/jazzy/opt/gz_utils_vendor:/opt/ros/jazzy/opt/gz_tools_vendor:/opt/ros/jazzy/opt/gz_ogre_next_vendor:/opt/ros/jazzy/opt/gz_dartsim_vendor:/opt/ros/jazzy/opt/gz_cmake_vendor /usr/bin/cmake --build /home/maria/rmf_ws/build/project_assets -- -j8 -l8
[0.389s] Invoked command in '/home/maria/rmf_ws/build/project_assets' returned '0': CMAKE_PREFIX_PATH=/home/maria/rmf_ws/install/rmf_visualization:/home/maria/rmf_ws/install/rmf_visualization_schedule:/home/maria/rmf_ws/install/rmf_visualization_rviz2_plugins:/home/maria/rmf_ws/install/rmf_visualization_obstacles:/home/maria/rmf_ws/install/rmf_visualization_navgraphs:/home/maria/rmf_ws/install/rmf_visualization_floorplans:/home/maria/rmf_ws/install/rmf_visualization_fleet_states:/home/maria/rmf_ws/install/rmf_robot_sim_gz_plugins:/home/maria/rmf_ws/install/rmf_robot_sim_common:/home/maria/rmf_ws/install/rmf_building_sim_gz_plugins:/home/maria/rmf_ws/install/project_config:/home/maria/rmf_ws/install/project_simulation:/home/maria/rmf_ws/install/project_maps:/home/maria/rmf_ws/install/project_assets:/rmf_demos_ws/install/rmf_workcell_msgs:/rmf_demos_ws/install/rmf_demos_gz:/rmf_demos_ws/install/rmf_demos:/rmf_demos_ws/install/rmf_reservation_node:/rmf_demos_ws/install/rmf_fleet_adapter_python:/rmf_demos_ws/install/rmf_fleet_adapter:/rmf_demos_ws/install/rmf_task_ros2:/rmf_demos_ws/install/rmf_websocket:/rmf_demos_ws/install/rmf_visualization:/rmf_demos_ws/install/rmf_visualization_schedule:/rmf_demos_ws/install/rmf_visualization_rviz2_plugins:/rmf_demos_ws/install/rmf_visualization_obstacles:/rmf_demos_ws/install/rmf_visualization_navgraphs:/rmf_demos_ws/install/rmf_visualization_floorplans:/rmf_demos_ws/install/rmf_visualization_fleet_states:/rmf_demos_ws/install/rmf_visualization_msgs:/rmf_demos_ws/install/rmf_traffic_ros2:/rmf_demos_ws/install/rmf_task_sequence:/rmf_demos_ws/install/rmf_task:/rmf_demos_ws/install/rmf_battery:/rmf_demos_ws/install/rmf_traffic:/rmf_demos_ws/install/rmf_utils:/rmf_demos_ws/install/rmf_traffic_msgs:/rmf_demos_ws/install/rmf_traffic_editor_test_maps:/rmf_demos_ws/install/rmf_traffic_editor_assets:/rmf_demos_ws/install/rmf_traffic_editor:/rmf_demos_ws/install/rmf_task_msgs:/rmf_demos_ws/install/rmf_site_map_msgs:/rmf_demos_ws/install/rmf_scheduler_msgs:/rmf_demos_ws/install/rmf_robot_sim_gz_plugins:/rmf_demos_ws/install/rmf_robot_sim_common:/rmf_demos_ws/install/rmf_reservation_msgs:/rmf_demos_ws/install/rmf_obstacle_msgs:/rmf_demos_ws/install/rmf_building_sim_gz_plugins:/rmf_demos_ws/install/rmf_lift_msgs:/rmf_demos_ws/install/rmf_ingestor_msgs:/rmf_demos_ws/install/rmf_fleet_msgs:/rmf_demos_ws/install/rmf_door_msgs:/rmf_demos_ws/install/rmf_dispenser_msgs:/rmf_demos_ws/install/rmf_demos_maps:/rmf_demos_ws/install/rmf_demos_assets:/rmf_demos_ws/install/rmf_charger_msgs:/rmf_demos_ws/install/rmf_building_map_msgs:/rmf_demos_ws/install/rmf_api_msgs:/rmf_demos_ws/install/nlohmann_json_schema_validator_vendor:/home/maria/rmf_ws/install/rmf_visualization_building_systems:/home/maria/rmf_ws/install/rmf_demos_tasks:/home/maria/rmf_ws/install/project_fleet_adapter:/rmf_demos_ws/install/rmf_demos_fleet_adapter:/rmf_demos_ws/install/rmf_visualization_building_systems:/rmf_demos_ws/install/rmf_traffic_examples:/rmf_demos_ws/install/rmf_demos_bridges:/rmf_demos_ws/install/rmf_demos_tasks:/rmf_demos_ws/install/rmf_building_map_tools:/rmf_demos_ws/install/rmf_charging_schedule:/opt/ros/jazzy:/rmf_demos_ws/install/menge_vendor:/rmf_demos_ws/install/ament_cmake_catch2:/opt/ros/jazzy/opt/gz_sim_vendor:/opt/ros/jazzy/opt/gz_sensors_vendor:/opt/ros/jazzy/opt/gz_physics_vendor:/opt/ros/jazzy/opt/sdformat_vendor:/opt/ros/jazzy/opt/gz_gui_vendor:/opt/ros/jazzy/opt/gz_transport_vendor:/opt/ros/jazzy/opt/gz_rendering_vendor:/opt/ros/jazzy/opt/gz_plugin_vendor:/opt/ros/jazzy/opt/gz_fuel_tools_vendor:/opt/ros/jazzy/opt/gz_msgs_vendor:/opt/ros/jazzy/opt/gz_common_vendor:/opt/ros/jazzy/opt/gz_math_vendor:/opt/ros/jazzy/opt/gz_utils_vendor:/opt/ros/jazzy/opt/gz_tools_vendor:/opt/ros/jazzy/opt/gz_ogre_next_vendor:/opt/ros/jazzy/opt/gz_dartsim_vendor:/opt/ros/jazzy/opt/gz_cmake_vendor /usr/bin/cmake --build /home/maria/rmf_ws/build/project_assets -- -j8 -l8
[0.411s] Invoking command in '/home/maria/rmf_ws/build/project_assets': CMAKE_PREFIX_PATH=/home/maria/rmf_ws/install/rmf_visualization:/home/maria/rmf_ws/install/rmf_visualization_schedule:/home/maria/rmf_ws/install/rmf_visualization_rviz2_plugins:/home/maria/rmf_ws/install/rmf_visualization_obstacles:/home/maria/rmf_ws/install/rmf_visualization_navgraphs:/home/maria/rmf_ws/install/rmf_visualization_floorplans:/home/maria/rmf_ws/install/rmf_visualization_fleet_states:/home/maria/rmf_ws/install/rmf_robot_sim_gz_plugins:/home/maria/rmf_ws/install/rmf_robot_sim_common:/home/maria/rmf_ws/install/rmf_building_sim_gz_plugins:/home/maria/rmf_ws/install/project_config:/home/maria/rmf_ws/install/project_simulation:/home/maria/rmf_ws/install/project_maps:/home/maria/rmf_ws/install/project_assets:/rmf_demos_ws/install/rmf_workcell_msgs:/rmf_demos_ws/install/rmf_demos_gz:/rmf_demos_ws/install/rmf_demos:/rmf_demos_ws/install/rmf_reservation_node:/rmf_demos_ws/install/rmf_fleet_adapter_python:/rmf_demos_ws/install/rmf_fleet_adapter:/rmf_demos_ws/install/rmf_task_ros2:/rmf_demos_ws/install/rmf_websocket:/rmf_demos_ws/install/rmf_visualization:/rmf_demos_ws/install/rmf_visualization_schedule:/rmf_demos_ws/install/rmf_visualization_rviz2_plugins:/rmf_demos_ws/install/rmf_visualization_obstacles:/rmf_demos_ws/install/rmf_visualization_navgraphs:/rmf_demos_ws/install/rmf_visualization_floorplans:/rmf_demos_ws/install/rmf_visualization_fleet_states:/rmf_demos_ws/install/rmf_visualization_msgs:/rmf_demos_ws/install/rmf_traffic_ros2:/rmf_demos_ws/install/rmf_task_sequence:/rmf_demos_ws/install/rmf_task:/rmf_demos_ws/install/rmf_battery:/rmf_demos_ws/install/rmf_traffic:/rmf_demos_ws/install/rmf_utils:/rmf_demos_ws/install/rmf_traffic_msgs:/rmf_demos_ws/install/rmf_traffic_editor_test_maps:/rmf_demos_ws/install/rmf_traffic_editor_assets:/rmf_demos_ws/install/rmf_traffic_editor:/rmf_demos_ws/install/rmf_task_msgs:/rmf_demos_ws/install/rmf_site_map_msgs:/rmf_demos_ws/install/rmf_scheduler_msgs:/rmf_demos_ws/install/rmf_robot_sim_gz_plugins:/rmf_demos_ws/install/rmf_robot_sim_common:/rmf_demos_ws/install/rmf_reservation_msgs:/rmf_demos_ws/install/rmf_obstacle_msgs:/rmf_demos_ws/install/rmf_building_sim_gz_plugins:/rmf_demos_ws/install/rmf_lift_msgs:/rmf_demos_ws/install/rmf_ingestor_msgs:/rmf_demos_ws/install/rmf_fleet_msgs:/rmf_demos_ws/install/rmf_door_msgs:/rmf_demos_ws/install/rmf_dispenser_msgs:/rmf_demos_ws/install/rmf_demos_maps:/rmf_demos_ws/install/rmf_demos_assets:/rmf_demos_ws/install/rmf_charger_msgs:/rmf_demos_ws/install/rmf_building_map_msgs:/rmf_demos_ws/install/rmf_api_msgs:/rmf_demos_ws/install/nlohmann_json_schema_validator_vendor:/home/maria/rmf_ws/install/rmf_visualization_building_systems:/home/maria/rmf_ws/install/rmf_demos_tasks:/home/maria/rmf_ws/install/project_fleet_adapter:/rmf_demos_ws/install/rmf_demos_fleet_adapter:/rmf_demos_ws/install/rmf_visualization_building_systems:/rmf_demos_ws/install/rmf_traffic_examples:/rmf_demos_ws/install/rmf_demos_bridges:/rmf_demos_ws/install/rmf_demos_tasks:/rmf_demos_ws/install/rmf_building_map_tools:/rmf_demos_ws/install/rmf_charging_schedule:/opt/ros/jazzy:/rmf_demos_ws/install/menge_vendor:/rmf_demos_ws/install/ament_cmake_catch2:/opt/ros/jazzy/opt/gz_sim_vendor:/opt/ros/jazzy/opt/gz_sensors_vendor:/opt/ros/jazzy/opt/gz_physics_vendor:/opt/ros/jazzy/opt/sdformat_vendor:/opt/ros/jazzy/opt/gz_gui_vendor:/opt/ros/jazzy/opt/gz_transport_vendor:/opt/ros/jazzy/opt/gz_rendering_vendor:/opt/ros/jazzy/opt/gz_plugin_vendor:/opt/ros/jazzy/opt/gz_fuel_tools_vendor:/opt/ros/jazzy/opt/gz_msgs_vendor:/opt/ros/jazzy/opt/gz_common_vendor:/opt/ros/jazzy/opt/gz_math_vendor:/opt/ros/jazzy/opt/gz_utils_vendor:/opt/ros/jazzy/opt/gz_tools_vendor:/opt/ros/jazzy/opt/gz_ogre_next_vendor:/opt/ros/jazzy/opt/gz_dartsim_vendor:/opt/ros/jazzy/opt/gz_cmake_vendor /usr/bin/cmake --install /home/maria/rmf_ws/build/project_assets
[0.430s] -- Install configuration: ""
[0.430s] -- Up-to-date: /home/maria/rmf_ws/install/project_assets/share/project_assets/environment/project_assets.dsv
[0.430s] -- Up-to-date: /home/maria/rmf_ws/install/project_assets/share/project_assets/models
[0.430s] -- Up-to-date: /home/maria/rmf_ws/install/project_assets/share/project_assets/models/TeleportDispenser
[0.431s] -- Up-to-date: /home/maria/rmf_ws/install/project_assets/share/project_assets/models/TeleportDispenser/model.sdf
[0.431s] -- Up-to-date: /home/maria/rmf_ws/install/project_assets/share/project_assets/models/TeleportDispenser/model.config
[0.431s] -- Up-to-date: /home/maria/rmf_ws/install/project_assets/share/project_assets/models/Sofa
[0.431s] -- Up-to-date: /home/maria/rmf_ws/install/project_assets/share/project_assets/models/Sofa/meshes
[0.431s] -- Up-to-date: /home/maria/rmf_ws/install/project_assets/share/project_assets/models/Sofa/meshes/SofaDiffuse.png
[0.431s] -- Up-to-date: /home/maria/rmf_ws/install/project_assets/share/project_assets/models/Sofa/meshes/Sofa.mtl
[0.431s] -- Up-to-date: /home/maria/rmf_ws/install/project_assets/share/project_assets/models/Sofa/meshes/Sofa.obj
[0.431s] -- Up-to-date: /home/maria/rmf_ws/install/project_assets/share/project_assets/models/Sofa/model.sdf
[0.432s] -- Up-to-date: /home/maria/rmf_ws/install/project_assets/share/project_assets/models/Sofa/thumbnails
[0.432s] -- Up-to-date: /home/maria/rmf_ws/install/project_assets/share/project_assets/models/Sofa/thumbnails/3.png
[0.432s] -- Up-to-date: /home/maria/rmf_ws/install/project_assets/share/project_assets/models/Sofa/thumbnails/2.png
[0.432s] -- Up-to-date: /home/maria/rmf_ws/install/project_assets/share/project_assets/models/Sofa/thumbnails/1.png
[0.432s] -- Up-to-date: /home/maria/rmf_ws/install/project_assets/share/project_assets/models/Sofa/thumbnails/5.png
[0.433s] -- Up-to-date: /home/maria/rmf_ws/install/project_assets/share/project_assets/models/Sofa/thumbnails/4.png
[0.433s] -- Up-to-date: /home/maria/rmf_ws/install/project_assets/share/project_assets/models/Sofa/model.config
[0.433s] -- Up-to-date: /home/maria/rmf_ws/install/project_assets/share/project_assets/models/HospitalRobot
[0.433s] -- Up-to-date: /home/maria/rmf_ws/install/project_assets/share/project_assets/models/HospitalRobot/meshes
[0.434s] -- Up-to-date: /home/maria/rmf_ws/install/project_assets/share/project_assets/models/HospitalRobot/meshes/FatWheel.mtl
[0.434s] -- Up-to-date: /home/maria/rmf_ws/install/project_assets/share/project_assets/models/HospitalRobot/meshes/HospitalRobot_Diffuse.png
[0.434s] -- Up-to-date: /home/maria/rmf_ws/install/project_assets/share/project_assets/models/HospitalRobot/meshes/SmallWheel.mtl
[0.434s] -- Up-to-date: /home/maria/rmf_ws/install/project_assets/share/project_assets/models/HospitalRobot/meshes/HospitalRobot.mtl
[0.434s] -- Up-to-date: /home/maria/rmf_ws/install/project_assets/share/project_assets/models/HospitalRobot/meshes/FatWheel.obj
[0.435s] -- Up-to-date: /home/maria/rmf_ws/install/project_assets/share/project_assets/models/HospitalRobot/meshes/HospitalRobot.obj
[0.435s] -- Up-to-date: /home/maria/rmf_ws/install/project_assets/share/project_assets/models/HospitalRobot/meshes/SmallWheel.obj
[0.435s] -- Up-to-date: /home/maria/rmf_ws/install/project_assets/share/project_assets/models/HospitalRobot/model.sdf
[0.435s] -- Up-to-date: /home/maria/rmf_ws/install/project_assets/share/project_assets/models/HospitalRobot/thumbnails
[0.435s] -- Up-to-date: /home/maria/rmf_ws/install/project_assets/share/project_assets/models/HospitalRobot/thumbnails/3.png
[0.436s] -- Up-to-date: /home/maria/rmf_ws/install/project_assets/share/project_assets/models/HospitalRobot/thumbnails/2.png
[0.436s] -- Up-to-date: /home/maria/rmf_ws/install/project_assets/share/project_assets/models/HospitalRobot/thumbnails/1.png
[0.436s] -- Up-to-date: /home/maria/rmf_ws/install/project_assets/share/project_assets/models/HospitalRobot/thumbnails/5.png
[0.436s] -- Up-to-date: /home/maria/rmf_ws/install/project_assets/share/project_assets/models/HospitalRobot/thumbnails/4.png
[0.436s] -- Up-to-date: /home/maria/rmf_ws/install/project_assets/share/project_assets/models/HospitalRobot/model.config
[0.436s] -- Up-to-date: /home/maria/rmf_ws/install/project_assets/share/project_assets/models/RobotPlaceholder
[0.436s] -- Up-to-date: /home/maria/rmf_ws/install/project_assets/share/project_assets/models/RobotPlaceholder/model.sdf
[0.437s] -- Up-to-date: /home/maria/rmf_ws/install/project_assets/share/project_assets/models/RobotPlaceholder/model.config
[0.437s] -- Up-to-date: /home/maria/rmf_ws/install/project_assets/share/project_assets/models/TinyRobot
[0.437s] -- Up-to-date: /home/maria/rmf_ws/install/project_assets/share/project_assets/models/TinyRobot/meshes
[0.437s] -- Up-to-date: /home/maria/rmf_ws/install/project_assets/share/project_assets/models/TinyRobot/meshes/tinyRobot_body.dae
[0.437s] -- Up-to-date: /home/maria/rmf_ws/install/project_assets/share/project_assets/models/TinyRobot/meshes/sensors
[0.437s] -- Up-to-date: /home/maria/rmf_ws/install/project_assets/share/project_assets/models/TinyRobot/meshes/sensors/raspi_camera.dae
[0.437s] -- Up-to-date: /home/maria/rmf_ws/install/project_assets/share/project_assets/models/TinyRobot/meshes/sensors/sonar_hc-sr04.dae
[0.437s] -- Up-to-date: /home/maria/rmf_ws/install/project_assets/share/project_assets/models/TinyRobot/meshes/front_wheel.dae
[0.437s] -- Up-to-date: /home/maria/rmf_ws/install/project_assets/share/project_assets/models/TinyRobot/meshes/caster_wheel.dae
[0.438s] -- Up-to-date: /home/maria/rmf_ws/install/project_assets/share/project_assets/models/TinyRobot/model.sdf
[0.438s] -- Up-to-date: /home/maria/rmf_ws/install/project_assets/share/project_assets/models/TinyRobot/model.config
[0.438s] -- Up-to-date: /home/maria/rmf_ws/install/project_assets/share/project_assets/models/CleanerBotE
[0.438s] -- Up-to-date: /home/maria/rmf_ws/install/project_assets/share/project_assets/models/CleanerBotE/meshes
[0.441s] -- Up-to-date: /home/maria/rmf_ws/install/project_assets/share/project_assets/models/CleanerBotE/meshes/CleanerBotE_Diffuse.png
[0.441s] -- Up-to-date: /home/maria/rmf_ws/install/project_assets/share/project_assets/models/CleanerBotE/meshes/CleanerBotE_Wheel.mtl
[0.441s] -- Up-to-date: /home/maria/rmf_ws/install/project_assets/share/project_assets/models/CleanerBotE/meshes/CleanerBotE_Col.mtl
[0.441s] -- Up-to-date: /home/maria/rmf_ws/install/project_assets/share/project_assets/models/CleanerBotE/meshes/CleanerBotE.obj
[0.441s] -- Up-to-date: /home/maria/rmf_ws/install/project_assets/share/project_assets/models/CleanerBotE/meshes/CleanerBotE_Col.obj
[0.441s] -- Up-to-date: /home/maria/rmf_ws/install/project_assets/share/project_assets/models/CleanerBotE/meshes/CleanerBotE_Wheel.obj
[0.442s] -- Up-to-date: /home/maria/rmf_ws/install/project_assets/share/project_assets/models/CleanerBotE/meshes/CleanerBotE.mtl
[0.442s] -- Up-to-date: /home/maria/rmf_ws/install/project_assets/share/project_assets/models/CleanerBotE/model.sdf
[0.442s] -- Up-to-date: /home/maria/rmf_ws/install/project_assets/share/project_assets/models/CleanerBotE/model.config
[0.442s] -- Up-to-date: /home/maria/rmf_ws/install/project_assets/share/project_assets/models/CleanerBotA
[0.442s] -- Up-to-date: /home/maria/rmf_ws/install/project_assets/share/project_assets/models/CleanerBotA/meshes
[0.442s] -- Up-to-date: /home/maria/rmf_ws/install/project_assets/share/project_assets/models/CleanerBotA/meshes/CleanerBotA_WheelBack.mtl
[0.442s] -- Up-to-date: /home/maria/rmf_ws/install/project_assets/share/project_assets/models/CleanerBotA/meshes/CleanerBotA_Diffuse.png
[0.443s] -- Up-to-date: /home/maria/rmf_ws/install/project_assets/share/project_assets/models/CleanerBotA/meshes/CleanerBotA_WheelFront.obj
[0.443s] -- Up-to-date: /home/maria/rmf_ws/install/project_assets/share/project_assets/models/CleanerBotA/meshes/CleanerBotA.obj
[0.443s] -- Up-to-date: /home/maria/rmf_ws/install/project_assets/share/project_assets/models/CleanerBotA/meshes/CleanerBotA_WheelFront.mtl
[0.443s] -- Up-to-date: /home/maria/rmf_ws/install/project_assets/share/project_assets/models/CleanerBotA/meshes/CleanerBotA_WheelBack.obj
[0.443s] -- Up-to-date: /home/maria/rmf_ws/install/project_assets/share/project_assets/models/CleanerBotA/meshes/CleanerBotA.mtl
[0.443s] -- Up-to-date: /home/maria/rmf_ws/install/project_assets/share/project_assets/models/CleanerBotA/model.sdf
[0.443s] -- Up-to-date: /home/maria/rmf_ws/install/project_assets/share/project_assets/models/CleanerBotA/model.config
[0.443s] -- Up-to-date: /home/maria/rmf_ws/install/project_assets/share/project_assets/models/TeleportIngestor
[0.444s] -- Up-to-date: /home/maria/rmf_ws/install/project_assets/share/project_assets/models/TeleportIngestor/model.sdf
[0.444s] -- Up-to-date: /home/maria/rmf_ws/install/project_assets/share/project_assets/models/TeleportIngestor/model.config
[0.444s] -- Up-to-date: /home/maria/rmf_ws/install/project_assets/share/project_assets/models/DeliveryRobot
[0.444s] -- Up-to-date: /home/maria/rmf_ws/install/project_assets/share/project_assets/models/DeliveryRobot/meshes
[0.444s] -- Up-to-date: /home/maria/rmf_ws/install/project_assets/share/project_assets/models/DeliveryRobot/meshes/WheelSide.obj
[0.444s] -- Up-to-date: /home/maria/rmf_ws/install/project_assets/share/project_assets/models/DeliveryRobot/meshes/WheelMain.obj
[0.445s] -- Up-to-date: /home/maria/rmf_ws/install/project_assets/share/project_assets/models/DeliveryRobot/meshes/WheelSide.mtl
[0.445s] -- Up-to-date: /home/maria/rmf_ws/install/project_assets/share/project_assets/models/DeliveryRobot/meshes/DeliveryRobot_Diffuse.png
[0.445s] -- Up-to-date: /home/maria/rmf_ws/install/project_assets/share/project_assets/models/DeliveryRobot/meshes/WheelMain.mtl
[0.445s] -- Up-to-date: /home/maria/rmf_ws/install/project_assets/share/project_assets/models/DeliveryRobot/meshes/body.obj
[0.445s] -- Up-to-date: /home/maria/rmf_ws/install/project_assets/share/project_assets/models/DeliveryRobot/meshes/body.mtl
[0.445s] -- Up-to-date: /home/maria/rmf_ws/install/project_assets/share/project_assets/models/DeliveryRobot/model.sdf
[0.445s] -- Up-to-date: /home/maria/rmf_ws/install/project_assets/share/project_assets/models/DeliveryRobot/model.config
[0.446s] -- Up-to-date: /home/maria/rmf_ws/install/project_assets/share/project_assets/models/Caddy
[0.446s] -- Up-to-date: /home/maria/rmf_ws/install/project_assets/share/project_assets/models/Caddy/meshes
[0.446s] -- Up-to-date: /home/maria/rmf_ws/install/project_assets/share/project_assets/models/Caddy/meshes/polaris.dae
[0.446s] -- Up-to-date: /home/maria/rmf_ws/install/project_assets/share/project_assets/models/Caddy/model.sdf
[0.446s] -- Up-to-date: /home/maria/rmf_ws/install/project_assets/share/project_assets/models/Caddy/model-1_4.sdf
[0.446s] -- Up-to-date: /home/maria/rmf_ws/install/project_assets/share/project_assets/models/Caddy/model.config
[0.446s] -- Up-to-date: /home/maria/rmf_ws/install/project_assets/share/project_assets/models/Caddy/materials
[0.446s] -- Up-to-date: /home/maria/rmf_ws/install/project_assets/share/project_assets/models/Caddy/materials/scripts
[0.447s] -- Up-to-date: /home/maria/rmf_ws/install/project_assets/share/project_assets/models/Caddy/materials/scripts/polaris.material
[0.447s] -- Up-to-date: /home/maria/rmf_ws/install/project_assets/share/project_assets/models/Caddy/materials/textures
[0.447s] -- Up-to-date: /home/maria/rmf_ws/install/project_assets/share/project_assets/models/Caddy/materials/textures/Ranger_Diffuse.png
[0.447s] -- Up-to-date: /home/maria/rmf_ws/install/project_assets/share/project_assets/models/Caddy/materials/textures/FNR_switch_R.png
[0.447s] -- Up-to-date: /home/maria/rmf_ws/install/project_assets/share/project_assets/models/Caddy/materials/textures/Ranger_Spec.png
[0.447s] -- Up-to-date: /home/maria/rmf_ws/install/project_assets/share/project_assets/models/Caddy/materials/textures/FNR_switch_F.png
[0.448s] -- Up-to-date: /home/maria/rmf_ws/install/project_assets/share/project_assets/models/Caddy/model-1_3.sdf
[0.448s] -- Up-to-date: /home/maria/rmf_ws/install/project_assets/share/ament_index/resource_index/package_run_dependencies/project_assets
[0.448s] -- Up-to-date: /home/maria/rmf_ws/install/project_assets/share/ament_index/resource_index/parent_prefix_path/project_assets
[0.448s] -- Up-to-date: /home/maria/rmf_ws/install/project_assets/share/project_assets/environment/ament_prefix_path.sh
[0.448s] -- Up-to-date: /home/maria/rmf_ws/install/project_assets/share/project_assets/environment/ament_prefix_path.dsv
[0.448s] -- Up-to-date: /home/maria/rmf_ws/install/project_assets/share/project_assets/environment/path.sh
[0.448s] -- Up-to-date: /home/maria/rmf_ws/install/project_assets/share/project_assets/environment/path.dsv
[0.449s] -- Up-to-date: /home/maria/rmf_ws/install/project_assets/share/project_assets/local_setup.bash
[0.449s] -- Up-to-date: /home/maria/rmf_ws/install/project_assets/share/project_assets/local_setup.sh
[0.449s] -- Up-to-date: /home/maria/rmf_ws/install/project_assets/share/project_assets/local_setup.zsh
[0.449s] -- Up-to-date: /home/maria/rmf_ws/install/project_assets/share/project_assets/local_setup.dsv
[0.449s] -- Installing: /home/maria/rmf_ws/install/project_assets/share/project_assets/package.dsv
[0.449s] -- Up-to-date: /home/maria/rmf_ws/install/project_assets/share/ament_index/resource_index/packages/project_assets
[0.450s] -- Up-to-date: /home/maria/rmf_ws/install/project_assets/share/project_assets/cmake/project_assetsConfig.cmake
[0.450s] -- Up-to-date: /home/maria/rmf_ws/install/project_assets/share/project_assets/cmake/project_assetsConfig-version.cmake
[0.450s] -- Up-to-date: /home/maria/rmf_ws/install/project_assets/share/project_assets/package.xml
[0.450s] Invoked command in '/home/maria/rmf_ws/build/project_assets' returned '0': CMAKE_PREFIX_PATH=/home/maria/rmf_ws/install/rmf_visualization:/home/maria/rmf_ws/install/rmf_visualization_schedule:/home/maria/rmf_ws/install/rmf_visualization_rviz2_plugins:/home/maria/rmf_ws/install/rmf_visualization_obstacles:/home/maria/rmf_ws/install/rmf_visualization_navgraphs:/home/maria/rmf_ws/install/rmf_visualization_floorplans:/home/maria/rmf_ws/install/rmf_visualization_fleet_states:/home/maria/rmf_ws/install/rmf_robot_sim_gz_plugins:/home/maria/rmf_ws/install/rmf_robot_sim_common:/home/maria/rmf_ws/install/rmf_building_sim_gz_plugins:/home/maria/rmf_ws/install/project_config:/home/maria/rmf_ws/install/project_simulation:/home/maria/rmf_ws/install/project_maps:/home/maria/rmf_ws/install/project_assets:/rmf_demos_ws/install/rmf_workcell_msgs:/rmf_demos_ws/install/rmf_demos_gz:/rmf_demos_ws/install/rmf_demos:/rmf_demos_ws/install/rmf_reservation_node:/rmf_demos_ws/install/rmf_fleet_adapter_python:/rmf_demos_ws/install/rmf_fleet_adapter:/rmf_demos_ws/install/rmf_task_ros2:/rmf_demos_ws/install/rmf_websocket:/rmf_demos_ws/install/rmf_visualization:/rmf_demos_ws/install/rmf_visualization_schedule:/rmf_demos_ws/install/rmf_visualization_rviz2_plugins:/rmf_demos_ws/install/rmf_visualization_obstacles:/rmf_demos_ws/install/rmf_visualization_navgraphs:/rmf_demos_ws/install/rmf_visualization_floorplans:/rmf_demos_ws/install/rmf_visualization_fleet_states:/rmf_demos_ws/install/rmf_visualization_msgs:/rmf_demos_ws/install/rmf_traffic_ros2:/rmf_demos_ws/install/rmf_task_sequence:/rmf_demos_ws/install/rmf_task:/rmf_demos_ws/install/rmf_battery:/rmf_demos_ws/install/rmf_traffic:/rmf_demos_ws/install/rmf_utils:/rmf_demos_ws/install/rmf_traffic_msgs:/rmf_demos_ws/install/rmf_traffic_editor_test_maps:/rmf_demos_ws/install/rmf_traffic_editor_assets:/rmf_demos_ws/install/rmf_traffic_editor:/rmf_demos_ws/install/rmf_task_msgs:/rmf_demos_ws/install/rmf_site_map_msgs:/rmf_demos_ws/install/rmf_scheduler_msgs:/rmf_demos_ws/install/rmf_robot_sim_gz_plugins:/rmf_demos_ws/install/rmf_robot_sim_common:/rmf_demos_ws/install/rmf_reservation_msgs:/rmf_demos_ws/install/rmf_obstacle_msgs:/rmf_demos_ws/install/rmf_building_sim_gz_plugins:/rmf_demos_ws/install/rmf_lift_msgs:/rmf_demos_ws/install/rmf_ingestor_msgs:/rmf_demos_ws/install/rmf_fleet_msgs:/rmf_demos_ws/install/rmf_door_msgs:/rmf_demos_ws/install/rmf_dispenser_msgs:/rmf_demos_ws/install/rmf_demos_maps:/rmf_demos_ws/install/rmf_demos_assets:/rmf_demos_ws/install/rmf_charger_msgs:/rmf_demos_ws/install/rmf_building_map_msgs:/rmf_demos_ws/install/rmf_api_msgs:/rmf_demos_ws/install/nlohmann_json_schema_validator_vendor:/home/maria/rmf_ws/install/rmf_visualization_building_systems:/home/maria/rmf_ws/install/rmf_demos_tasks:/home/maria/rmf_ws/install/project_fleet_adapter:/rmf_demos_ws/install/rmf_demos_fleet_adapter:/rmf_demos_ws/install/rmf_visualization_building_systems:/rmf_demos_ws/install/rmf_traffic_examples:/rmf_demos_ws/install/rmf_demos_bridges:/rmf_demos_ws/install/rmf_demos_tasks:/rmf_demos_ws/install/rmf_building_map_tools:/rmf_demos_ws/install/rmf_charging_schedule:/opt/ros/jazzy:/rmf_demos_ws/install/menge_vendor:/rmf_demos_ws/install/ament_cmake_catch2:/opt/ros/jazzy/opt/gz_sim_vendor:/opt/ros/jazzy/opt/gz_sensors_vendor:/opt/ros/jazzy/opt/gz_physics_vendor:/opt/ros/jazzy/opt/sdformat_vendor:/opt/ros/jazzy/opt/gz_gui_vendor:/opt/ros/jazzy/opt/gz_transport_vendor:/opt/ros/jazzy/opt/gz_rendering_vendor:/opt/ros/jazzy/opt/gz_plugin_vendor:/opt/ros/jazzy/opt/gz_fuel_tools_vendor:/opt/ros/jazzy/opt/gz_msgs_vendor:/opt/ros/jazzy/opt/gz_common_vendor:/opt/ros/jazzy/opt/gz_math_vendor:/opt/ros/jazzy/opt/gz_utils_vendor:/opt/ros/jazzy/opt/gz_tools_vendor:/opt/ros/jazzy/opt/gz_ogre_next_vendor:/opt/ros/jazzy/opt/gz_dartsim_vendor:/opt/ros/jazzy/opt/gz_cmake_vendor /usr/bin/cmake --install /home/maria/rmf_ws/build/project_assets
