[0.013s] Invoking command in '/home/maria/Documentos/GitHub/IR2134/rmf_ws/build/project_simulation': CMAKE_PREFIX_PATH=${CMAKE_PREFIX_PATH}:/home/maria/Documentos/GitHub/IR2134/rmf_ws/install/rmf_demos_fleet_adapter:/opt/ros/humble /usr/bin/cmake --build /home/maria/Documentos/GitHub/IR2134/rmf_ws/build/project_simulation -- -j8 -l8
[0.028s] -- Found ament_cmake: 1.3.12 (/opt/ros/humble/share/ament_cmake/cmake)
[0.124s] -- Found ament_lint_auto: 0.12.14 (/opt/ros/humble/share/ament_lint_auto/cmake)
[0.173s] -- Added test 'lint_cmake' to check CMake code style
[0.174s] -- Added test 'xmllint' to check XML markup files
[0.174s] -- Configuring done
[0.176s] -- Generating done
[0.177s] -- Build files have been written to: /home/maria/Documentos/GitHub/IR2134/rmf_ws/build/project_simulation
[0.192s] Invoked command in '/home/maria/Documentos/GitHub/IR2134/rmf_ws/build/project_simulation' returned '0': CMAKE_PREFIX_PATH=${CMAKE_PREFIX_PATH}:/home/maria/Documentos/GitHub/IR2134/rmf_ws/install/rmf_demos_fleet_adapter:/opt/ros/humble /usr/bin/cmake --build /home/maria/Documentos/GitHub/IR2134/rmf_ws/build/project_simulation -- -j8 -l8
[0.193s] Invoking command in '/home/maria/Documentos/GitHub/IR2134/rmf_ws/build/project_simulation': CMAKE_PREFIX_PATH=${CMAKE_PREFIX_PATH}:/home/maria/Documentos/GitHub/IR2134/rmf_ws/install/rmf_demos_fleet_adapter:/opt/ros/humble /usr/bin/cmake --install /home/maria/Documentos/GitHub/IR2134/rmf_ws/build/project_simulation
[0.204s] -- Install configuration: ""
[0.204s] -- Installing: /home/maria/Documentos/GitHub/IR2134/rmf_ws/install/project_simulation/share/project_simulation//launch
[0.205s] -- Installing: /home/maria/Documentos/GitHub/IR2134/rmf_ws/install/project_simulation/share/project_simulation//launch/test1.launch.xml
[0.205s] -- Installing: /home/maria/Documentos/GitHub/IR2134/rmf_ws/install/project_simulation/share/project_simulation//launch/simulation.launch.xml
[0.205s] -- Up-to-date: /home/maria/Documentos/GitHub/IR2134/rmf_ws/install/project_simulation/share/ament_index/resource_index/package_run_dependencies/project_simulation
[0.205s] -- Installing: /home/maria/Documentos/GitHub/IR2134/rmf_ws/install/project_simulation/share/ament_index/resource_index/parent_prefix_path/project_simulation
[0.205s] -- Up-to-date: /home/maria/Documentos/GitHub/IR2134/rmf_ws/install/project_simulation/share/project_simulation/environment/ament_prefix_path.sh
[0.205s] -- Installing: /home/maria/Documentos/GitHub/IR2134/rmf_ws/install/project_simulation/share/project_simulation/environment/ament_prefix_path.dsv
[0.205s] -- Up-to-date: /home/maria/Documentos/GitHub/IR2134/rmf_ws/install/project_simulation/share/project_simulation/environment/path.sh
[0.205s] -- Installing: /home/maria/Documentos/GitHub/IR2134/rmf_ws/install/project_simulation/share/project_simulation/environment/path.dsv
[0.205s] -- Up-to-date: /home/maria/Documentos/GitHub/IR2134/rmf_ws/install/project_simulation/share/project_simulation/local_setup.bash
[0.205s] -- Up-to-date: /home/maria/Documentos/GitHub/IR2134/rmf_ws/install/project_simulation/share/project_simulation/local_setup.sh
[0.205s] -- Up-to-date: /home/maria/Documentos/GitHub/IR2134/rmf_ws/install/project_simulation/share/project_simulation/local_setup.zsh
[0.205s] -- Installing: /home/maria/Documentos/GitHub/IR2134/rmf_ws/install/project_simulation/share/project_simulation/local_setup.dsv
[0.205s] -- Installing: /home/maria/Documentos/GitHub/IR2134/rmf_ws/install/project_simulation/share/project_simulation/package.dsv
[0.205s] -- Up-to-date: /home/maria/Documentos/GitHub/IR2134/rmf_ws/install/project_simulation/share/ament_index/resource_index/packages/project_simulation
[0.206s] -- Up-to-date: /home/maria/Documentos/GitHub/IR2134/rmf_ws/install/project_simulation/share/project_simulation/cmake/project_simulationConfig.cmake
[0.206s] -- Up-to-date: /home/maria/Documentos/GitHub/IR2134/rmf_ws/install/project_simulation/share/project_simulation/cmake/project_simulationConfig-version.cmake
[0.206s] -- Up-to-date: /home/maria/Documentos/GitHub/IR2134/rmf_ws/install/project_simulation/share/project_simulation/package.xml
[0.240s] Invoked command in '/home/maria/Documentos/GitHub/IR2134/rmf_ws/build/project_simulation' returned '0': CMAKE_PREFIX_PATH=${CMAKE_PREFIX_PATH}:/home/maria/Documentos/GitHub/IR2134/rmf_ws/install/rmf_demos_fleet_adapter:/opt/ros/humble /usr/bin/cmake --install /home/maria/Documentos/GitHub/IR2134/rmf_ws/build/project_simulation
