-- Found ament_cmake: 2.5.5 (/opt/ros/jazzy/share/ament_cmake/cmake)
-- Override CMake install command with custom implementation using symlinks instead of copying resources
-- Configuring done (0.3s)
-- Generating done (0.0s)
-- Build files have been written to: /home/maria/rmf_ws/build/large_project
[ 50%] Built target generate_estce_nav_graphs
[100%] Built target generate_estce_world
-- Install configuration: ""
-- Execute custom install script
-- Up-to-date symlink: /home/maria/rmf_ws/install/large_project/share/large_project/launch/common.launch.xml
-- Up-to-date symlink: /home/maria/rmf_ws/install/large_project/share/large_project/launch/estce.launch.xml
-- Up-to-date symlink: /home/maria/rmf_ws/install/large_project/share/large_project/launch/simulation.launch.xml
-- Up-to-date symlink: /home/maria/rmf_ws/install/large_project/share/large_project/config/cleanerBotA_config.yaml
-- Up-to-date symlink: /home/maria/rmf_ws/install/large_project/share/large_project/config/deliveryRobot_config.yaml
-- Up-to-date symlink: /home/maria/rmf_ws/install/large_project/share/large_project/config/estce.rviz
-- Up-to-date symlink: /home/maria/rmf_ws/install/large_project/share/large_project/config/tinyRobot_config.yaml
-- Up-to-date symlink: /home/maria/rmf_ws/install/large_project/share/large_project/maps/estce/Nivel 0 - TD_n0-1.png
-- Up-to-date symlink: /home/maria/rmf_ws/install/large_project/share/large_project/maps/estce/Nivel 1 - TD_n1-1.png
-- Up-to-date symlink: /home/maria/rmf_ws/install/large_project/share/large_project/maps/estce/estce.building.yaml
-- Symlinking: /home/maria/rmf_ws/install/large_project/share/large_project/maps/estce/estce.world
-- Up-to-date symlink: /home/maria/rmf_ws/install/large_project/share/large_project/maps/estce/estce_world/estce_L1/meshes/blue_linoleum.png
-- Up-to-date symlink: /home/maria/rmf_ws/install/large_project/share/large_project/maps/estce/estce_world/estce_L1/meshes/default.png
-- Up-to-date symlink: /home/maria/rmf_ws/install/large_project/share/large_project/maps/estce/estce_world/estce_L1/meshes/floor_1.mtl
-- Up-to-date symlink: /home/maria/rmf_ws/install/large_project/share/large_project/maps/estce/estce_world/estce_L1/meshes/floor_1.obj
-- Up-to-date symlink: /home/maria/rmf_ws/install/large_project/share/large_project/maps/estce/estce_world/estce_L1/meshes/model.material
-- Up-to-date symlink: /home/maria/rmf_ws/install/large_project/share/large_project/maps/estce/estce_world/estce_L1/meshes/wall_1.mtl
-- Up-to-date symlink: /home/maria/rmf_ws/install/large_project/share/large_project/maps/estce/estce_world/estce_L1/meshes/wall_1.obj
-- Up-to-date symlink: /home/maria/rmf_ws/install/large_project/share/large_project/maps/estce/estce_world/estce_L1/model.config
-- Up-to-date symlink: /home/maria/rmf_ws/install/large_project/share/large_project/maps/estce/estce_world/estce_L1/model.sdf
-- Up-to-date symlink: /home/maria/rmf_ws/install/large_project/share/large_project/maps/estce/estce_world/estce_L2/meshes/blue_linoleum.png
-- Up-to-date symlink: /home/maria/rmf_ws/install/large_project/share/large_project/maps/estce/estce_world/estce_L2/meshes/default.png
-- Up-to-date symlink: /home/maria/rmf_ws/install/large_project/share/large_project/maps/estce/estce_world/estce_L2/meshes/floor_1.mtl
-- Up-to-date symlink: /home/maria/rmf_ws/install/large_project/share/large_project/maps/estce/estce_world/estce_L2/meshes/floor_1.obj
-- Up-to-date symlink: /home/maria/rmf_ws/install/large_project/share/large_project/maps/estce/estce_world/estce_L2/meshes/model.material
-- Up-to-date symlink: /home/maria/rmf_ws/install/large_project/share/large_project/maps/estce/estce_world/estce_L2/meshes/wall_1.mtl
-- Up-to-date symlink: /home/maria/rmf_ws/install/large_project/share/large_project/maps/estce/estce_world/estce_L2/meshes/wall_1.obj
-- Up-to-date symlink: /home/maria/rmf_ws/install/large_project/share/large_project/maps/estce/estce_world/estce_L2/model.config
-- Up-to-date symlink: /home/maria/rmf_ws/install/large_project/share/large_project/maps/estce/estce_world/estce_L2/model.sdf
-- Up-to-date symlink: /home/maria/rmf_ws/install/large_project/share/large_project/maps/estce/models/BathroomSink/LICENSE
-- Up-to-date symlink: /home/maria/rmf_ws/install/large_project/share/large_project/maps/estce/models/BathroomSink/meshes/BathroomSink.mtl
-- Up-to-date symlink: /home/maria/rmf_ws/install/large_project/share/large_project/maps/estce/models/BathroomSink/meshes/BathroomSink.obj
-- Up-to-date symlink: /home/maria/rmf_ws/install/large_project/share/large_project/maps/estce/models/BathroomSink/meshes/BathroomSink_Col.mtl
-- Up-to-date symlink: /home/maria/rmf_ws/install/large_project/share/large_project/maps/estce/models/BathroomSink/meshes/BathroomSink_Col.obj
-- Up-to-date symlink: /home/maria/rmf_ws/install/large_project/share/large_project/maps/estce/models/BathroomSink/meshes/BathroomSink_Diffuse.png
-- Up-to-date symlink: /home/maria/rmf_ws/install/large_project/share/large_project/maps/estce/models/BathroomSink/meshes/BathroomSink_Metal.png
-- Up-to-date symlink: /home/maria/rmf_ws/install/large_project/share/large_project/maps/estce/models/BathroomSink/meshes/BathroomSink_Rough.png
-- Up-to-date symlink: /home/maria/rmf_ws/install/large_project/share/large_project/maps/estce/models/BathroomSink/model.config
-- Up-to-date symlink: /home/maria/rmf_ws/install/large_project/share/large_project/maps/estce/models/BathroomSink/model.sdf
-- Up-to-date symlink: /home/maria/rmf_ws/install/large_project/share/large_project/maps/estce/models/BathroomSink/thumbnails/1.png
-- Up-to-date symlink: /home/maria/rmf_ws/install/large_project/share/large_project/maps/estce/models/BathroomSink/thumbnails/2.png
-- Up-to-date symlink: /home/maria/rmf_ws/install/large_project/share/large_project/maps/estce/models/BathroomSink/thumbnails/3.png
-- Up-to-date symlink: /home/maria/rmf_ws/install/large_project/share/large_project/maps/estce/models/BathroomSink/thumbnails/4.png
-- Up-to-date symlink: /home/maria/rmf_ws/install/large_project/share/large_project/maps/estce/models/BathroomSink/thumbnails/5.png
-- Up-to-date symlink: /home/maria/rmf_ws/install/large_project/share/large_project/maps/estce/models/Chair/LICENSE
-- Up-to-date symlink: /home/maria/rmf_ws/install/large_project/share/large_project/maps/estce/models/Chair/meshes/Chair.mtl
-- Up-to-date symlink: /home/maria/rmf_ws/install/large_project/share/large_project/maps/estce/models/Chair/meshes/Chair.obj
-- Up-to-date symlink: /home/maria/rmf_ws/install/large_project/share/large_project/maps/estce/models/Chair/meshes/Chair.png
-- Up-to-date symlink: /home/maria/rmf_ws/install/large_project/share/large_project/maps/estce/models/Chair/meshes/Chair_Diffuse.png
-- Up-to-date symlink: /home/maria/rmf_ws/install/large_project/share/large_project/maps/estce/models/Chair/meshes/Chair_Normal.png
-- Up-to-date symlink: /home/maria/rmf_ws/install/large_project/share/large_project/maps/estce/models/Chair/meshes/Chair_SpecGloss.png
-- Up-to-date symlink: /home/maria/rmf_ws/install/large_project/share/large_project/maps/estce/models/Chair/model.config
-- Up-to-date symlink: /home/maria/rmf_ws/install/large_project/share/large_project/maps/estce/models/Chair/model.sdf
-- Up-to-date symlink: /home/maria/rmf_ws/install/large_project/share/large_project/maps/estce/models/Chair/thumbnails/1.png
-- Up-to-date symlink: /home/maria/rmf_ws/install/large_project/share/large_project/maps/estce/models/Chair/thumbnails/2.png
-- Up-to-date symlink: /home/maria/rmf_ws/install/large_project/share/large_project/maps/estce/models/Chair/thumbnails/3.png
-- Up-to-date symlink: /home/maria/rmf_ws/install/large_project/share/large_project/maps/estce/models/Chair/thumbnails/4.png
-- Up-to-date symlink: /home/maria/rmf_ws/install/large_project/share/large_project/maps/estce/models/Chair/thumbnails/5.png
-- Up-to-date symlink: /home/maria/rmf_ws/install/large_project/share/large_project/maps/estce/models/CleaningSection/LICENSE
-- Up-to-date symlink: /home/maria/rmf_ws/install/large_project/share/large_project/maps/estce/models/CleaningSection/meshes/Blue.png
-- Up-to-date symlink: /home/maria/rmf_ws/install/large_project/share/large_project/maps/estce/models/CleaningSection/meshes/Bucket.png
-- Up-to-date symlink: /home/maria/rmf_ws/install/large_project/share/large_project/maps/estce/models/CleaningSection/meshes/Cart.png
-- Up-to-date symlink: /home/maria/rmf_ws/install/large_project/share/large_project/maps/estce/models/CleaningSection/meshes/CleaningSection.mtl
-- Up-to-date symlink: /home/maria/rmf_ws/install/large_project/share/large_project/maps/estce/models/CleaningSection/meshes/CleaningSection.obj
-- Up-to-date symlink: /home/maria/rmf_ws/install/large_project/share/large_project/maps/estce/models/CleaningSection/meshes/Duster.png
-- Up-to-date symlink: /home/maria/rmf_ws/install/large_project/share/large_project/maps/estce/models/CleaningSection/meshes/Glove.png
-- Up-to-date symlink: /home/maria/rmf_ws/install/large_project/share/large_project/maps/estce/models/CleaningSection/meshes/Mop.png
-- Up-to-date symlink: /home/maria/rmf_ws/install/large_project/share/large_project/maps/estce/models/CleaningSection/meshes/Red.png
-- Up-to-date symlink: /home/maria/rmf_ws/install/large_project/share/large_project/maps/estce/models/CleaningSection/meshes/Spray.png
-- Up-to-date symlink: /home/maria/rmf_ws/install/large_project/share/large_project/maps/estce/models/CleaningSection/model.config
-- Up-to-date symlink: /home/maria/rmf_ws/install/large_project/share/large_project/maps/estce/models/CleaningSection/model.sdf
-- Up-to-date symlink: /home/maria/rmf_ws/install/large_project/share/large_project/maps/estce/models/CleaningSection/thumbnails/1.png
-- Up-to-date symlink: /home/maria/rmf_ws/install/large_project/share/large_project/maps/estce/models/CleaningSection/thumbnails/2.png
-- Up-to-date symlink: /home/maria/rmf_ws/install/large_project/share/large_project/maps/estce/models/CleaningSection/thumbnails/3.png
-- Up-to-date symlink: /home/maria/rmf_ws/install/large_project/share/large_project/maps/estce/models/CleaningSection/thumbnails/4.png
-- Up-to-date symlink: /home/maria/rmf_ws/install/large_project/share/large_project/maps/estce/models/CleaningSection/thumbnails/5.png
-- Up-to-date symlink: /home/maria/rmf_ws/install/large_project/share/large_project/maps/estce/models/CoffeeTable/LICENSE
-- Up-to-date symlink: /home/maria/rmf_ws/install/large_project/share/large_project/maps/estce/models/CoffeeTable/meshes/CoffeeTable.mtl
-- Up-to-date symlink: /home/maria/rmf_ws/install/large_project/share/large_project/maps/estce/models/CoffeeTable/meshes/CoffeeTable.obj
-- Up-to-date symlink: /home/maria/rmf_ws/install/large_project/share/large_project/maps/estce/models/CoffeeTable/meshes/CoffeeTable_Diffuse.png
-- Up-to-date symlink: /home/maria/rmf_ws/install/large_project/share/large_project/maps/estce/models/CoffeeTable/meshes/CoffeeTable_Normal.png
-- Up-to-date symlink: /home/maria/rmf_ws/install/large_project/share/large_project/maps/estce/models/CoffeeTable/meshes/CoffeeTable_SpecGloss.png
-- Up-to-date symlink: /home/maria/rmf_ws/install/large_project/share/large_project/maps/estce/models/CoffeeTable/model.config
-- Up-to-date symlink: /home/maria/rmf_ws/install/large_project/share/large_project/maps/estce/models/CoffeeTable/model.sdf
-- Up-to-date symlink: /home/maria/rmf_ws/install/large_project/share/large_project/maps/estce/models/CoffeeTable/thumbnails/1.png
-- Up-to-date symlink: /home/maria/rmf_ws/install/large_project/share/large_project/maps/estce/models/CoffeeTable/thumbnails/2.png
-- Up-to-date symlink: /home/maria/rmf_ws/install/large_project/share/large_project/maps/estce/models/CoffeeTable/thumbnails/3.png
-- Up-to-date symlink: /home/maria/rmf_ws/install/large_project/share/large_project/maps/estce/models/CoffeeTable/thumbnails/4.png
-- Up-to-date symlink: /home/maria/rmf_ws/install/large_project/share/large_project/maps/estce/models/CoffeeTable/thumbnails/5.png
-- Up-to-date symlink: /home/maria/rmf_ws/install/large_project/share/large_project/maps/estce/models/Coke/LICENSE
-- Up-to-date symlink: /home/maria/rmf_ws/install/large_project/share/large_project/maps/estce/models/Coke/materials/coke.png
-- Up-to-date symlink: /home/maria/rmf_ws/install/large_project/share/large_project/maps/estce/models/Coke/meshes/coke.mtl
-- Up-to-date symlink: /home/maria/rmf_ws/install/large_project/share/large_project/maps/estce/models/Coke/meshes/coke.obj
-- Up-to-date symlink: /home/maria/rmf_ws/install/large_project/share/large_project/maps/estce/models/Coke/model.config
-- Up-to-date symlink: /home/maria/rmf_ws/install/large_project/share/large_project/maps/estce/models/Coke/model.sdf
-- Up-to-date symlink: /home/maria/rmf_ws/install/large_project/share/large_project/maps/estce/models/Coke/thumbnails/1.png
-- Up-to-date symlink: /home/maria/rmf_ws/install/large_project/share/large_project/maps/estce/models/Coke/thumbnails/2.png
-- Up-to-date symlink: /home/maria/rmf_ws/install/large_project/share/large_project/maps/estce/models/Coke/thumbnails/3.png
-- Up-to-date symlink: /home/maria/rmf_ws/install/large_project/share/large_project/maps/estce/models/Coke/thumbnails/4.png
-- Up-to-date symlink: /home/maria/rmf_ws/install/large_project/share/large_project/maps/estce/models/Coke/thumbnails/5.png
-- Up-to-date symlink: /home/maria/rmf_ws/install/large_project/share/large_project/maps/estce/models/Construction Cone/LICENSE
-- Up-to-date symlink: /home/maria/rmf_ws/install/large_project/share/large_project/maps/estce/models/Construction Cone/materials/textures/Construction_Cone_Diffuse.png
-- Up-to-date symlink: /home/maria/rmf_ws/install/large_project/share/large_project/maps/estce/models/Construction Cone/meshes/construction_cone.dae
-- Up-to-date symlink: /home/maria/rmf_ws/install/large_project/share/large_project/maps/estce/models/Construction Cone/model-1_3.sdf
-- Up-to-date symlink: /home/maria/rmf_ws/install/large_project/share/large_project/maps/estce/models/Construction Cone/model-1_4.sdf
-- Up-to-date symlink: /home/maria/rmf_ws/install/large_project/share/large_project/maps/estce/models/Construction Cone/model.config
-- Up-to-date symlink: /home/maria/rmf_ws/install/large_project/share/large_project/maps/estce/models/Construction Cone/model.sdf
-- Up-to-date symlink: /home/maria/rmf_ws/install/large_project/share/large_project/maps/estce/models/Construction Cone/thumbnails/1.png
-- Up-to-date symlink: /home/maria/rmf_ws/install/large_project/share/large_project/maps/estce/models/Construction Cone/thumbnails/2.png
-- Up-to-date symlink: /home/maria/rmf_ws/install/large_project/share/large_project/maps/estce/models/Construction Cone/thumbnails/3.png
-- Up-to-date symlink: /home/maria/rmf_ws/install/large_project/share/large_project/maps/estce/models/Construction Cone/thumbnails/4.png
-- Up-to-date symlink: /home/maria/rmf_ws/install/large_project/share/large_project/maps/estce/models/Construction Cone/thumbnails/5.png
-- Up-to-date symlink: /home/maria/rmf_ws/install/large_project/share/large_project/maps/estce/models/Desk/LICENSE
-- Up-to-date symlink: /home/maria/rmf_ws/install/large_project/share/large_project/maps/estce/models/Desk/meshes/Desk_Diffuse.png
-- Up-to-date symlink: /home/maria/rmf_ws/install/large_project/share/large_project/maps/estce/models/Desk/meshes/desk.mtl
-- Up-to-date symlink: /home/maria/rmf_ws/install/large_project/share/large_project/maps/estce/models/Desk/meshes/desk.obj
-- Up-to-date symlink: /home/maria/rmf_ws/install/large_project/share/large_project/maps/estce/models/Desk/model.config
-- Up-to-date symlink: /home/maria/rmf_ws/install/large_project/share/large_project/maps/estce/models/Desk/model.sdf
-- Up-to-date symlink: /home/maria/rmf_ws/install/large_project/share/large_project/maps/estce/models/Desk/thumbnails/1.png
-- Up-to-date symlink: /home/maria/rmf_ws/install/large_project/share/large_project/maps/estce/models/Desk/thumbnails/2.png
-- Up-to-date symlink: /home/maria/rmf_ws/install/large_project/share/large_project/maps/estce/models/Desk/thumbnails/3.png
-- Up-to-date symlink: /home/maria/rmf_ws/install/large_project/share/large_project/maps/estce/models/Desk/thumbnails/4.png
-- Up-to-date symlink: /home/maria/rmf_ws/install/large_project/share/large_project/maps/estce/models/Desk/thumbnails/5.png
-- Up-to-date symlink: /home/maria/rmf_ws/install/large_project/share/large_project/maps/estce/models/DigitalKiosk/LICENSE
-- Up-to-date symlink: /home/maria/rmf_ws/install/large_project/share/large_project/maps/estce/models/DigitalKiosk/meshes/DigitalKiosk.mtl
-- Up-to-date symlink: /home/maria/rmf_ws/install/large_project/share/large_project/maps/estce/models/DigitalKiosk/meshes/DigitalKiosk.obj
-- Up-to-date symlink: /home/maria/rmf_ws/install/large_project/share/large_project/maps/estce/models/DigitalKiosk/meshes/DigitalKiosk_Col.mtl
-- Up-to-date symlink: /home/maria/rmf_ws/install/large_project/share/large_project/maps/estce/models/DigitalKiosk/meshes/DigitalKiosk_Col.obj
-- Up-to-date symlink: /home/maria/rmf_ws/install/large_project/share/large_project/maps/estce/models/DigitalKiosk/meshes/DigitalKiosk_Diffuse.png
-- Up-to-date symlink: /home/maria/rmf_ws/install/large_project/share/large_project/maps/estce/models/DigitalKiosk/meshes/DigitalKiosk_Rough.png
-- Up-to-date symlink: /home/maria/rmf_ws/install/large_project/share/large_project/maps/estce/models/DigitalKiosk/model.config
-- Up-to-date symlink: /home/maria/rmf_ws/install/large_project/share/large_project/maps/estce/models/DigitalKiosk/model.sdf
-- Up-to-date symlink: /home/maria/rmf_ws/install/large_project/share/large_project/maps/estce/models/DigitalKiosk/thumbnails/1.png
-- Up-to-date symlink: /home/maria/rmf_ws/install/large_project/share/large_project/maps/estce/models/DigitalKiosk/thumbnails/2.png
-- Up-to-date symlink: /home/maria/rmf_ws/install/large_project/share/large_project/maps/estce/models/DigitalKiosk/thumbnails/3.png
-- Up-to-date symlink: /home/maria/rmf_ws/install/large_project/share/large_project/maps/estce/models/DigitalKiosk/thumbnails/4.png
-- Up-to-date symlink: /home/maria/rmf_ws/install/large_project/share/large_project/maps/estce/models/DigitalKiosk/thumbnails/5.png
-- Up-to-date symlink: /home/maria/rmf_ws/install/large_project/share/large_project/maps/estce/models/Drawer/LICENSE
-- Up-to-date symlink: /home/maria/rmf_ws/install/large_project/share/large_project/maps/estce/models/Drawer/meshes/Drawer.mtl
-- Up-to-date symlink: /home/maria/rmf_ws/install/large_project/share/large_project/maps/estce/models/Drawer/meshes/Drawer.obj
-- Up-to-date symlink: /home/maria/rmf_ws/install/large_project/share/large_project/maps/estce/models/Drawer/meshes/Drawer.png
-- Up-to-date symlink: /home/maria/rmf_ws/install/large_project/share/large_project/maps/estce/models/Drawer/meshes/Drawer_Col.obj
-- Up-to-date symlink: /home/maria/rmf_ws/install/large_project/share/large_project/maps/estce/models/Drawer/model.config
-- Up-to-date symlink: /home/maria/rmf_ws/install/large_project/share/large_project/maps/estce/models/Drawer/model.sdf
-- Up-to-date symlink: /home/maria/rmf_ws/install/large_project/share/large_project/maps/estce/models/Drawer/thumbnails/1.png
-- Up-to-date symlink: /home/maria/rmf_ws/install/large_project/share/large_project/maps/estce/models/Drawer/thumbnails/2.png
-- Up-to-date symlink: /home/maria/rmf_ws/install/large_project/share/large_project/maps/estce/models/Drawer/thumbnails/3.png
-- Up-to-date symlink: /home/maria/rmf_ws/install/large_project/share/large_project/maps/estce/models/Drawer/thumbnails/4.png
-- Up-to-date symlink: /home/maria/rmf_ws/install/large_project/share/large_project/maps/estce/models/Drawer/thumbnails/5.png
-- Up-to-date symlink: /home/maria/rmf_ws/install/large_project/share/large_project/maps/estce/models/ElderLadyPatient/LICENSE
-- Up-to-date symlink: /home/maria/rmf_ws/install/large_project/share/large_project/maps/estce/models/ElderLadyPatient/meshes/CGMVanguard_Diffuse.png
-- Up-to-date symlink: /home/maria/rmf_ws/install/large_project/share/large_project/maps/estce/models/ElderLadyPatient/meshes/Carts_Wheels_Diffuse.png
-- Up-to-date symlink: /home/maria/rmf_ws/install/large_project/share/large_project/maps/estce/models/ElderLadyPatient/meshes/ElderFPatient_color.jpg
-- Up-to-date symlink: /home/maria/rmf_ws/install/large_project/share/large_project/maps/estce/models/ElderLadyPatient/meshes/ElderFemale.mtl
-- Up-to-date symlink: /home/maria/rmf_ws/install/large_project/share/large_project/maps/estce/models/ElderLadyPatient/meshes/ElderFemale.obj
-- Up-to-date symlink: /home/maria/rmf_ws/install/large_project/share/large_project/maps/estce/models/ElderLadyPatient/model.config
-- Up-to-date symlink: /home/maria/rmf_ws/install/large_project/share/large_project/maps/estce/models/ElderLadyPatient/model.sdf
-- Up-to-date symlink: /home/maria/rmf_ws/install/large_project/share/large_project/maps/estce/models/ElderLadyPatient/thumbnails/1.png
-- Up-to-date symlink: /home/maria/rmf_ws/install/large_project/share/large_project/maps/estce/models/ElderLadyPatient/thumbnails/2.png
-- Up-to-date symlink: /home/maria/rmf_ws/install/large_project/share/large_project/maps/estce/models/ElderLadyPatient/thumbnails/3.png
-- Up-to-date symlink: /home/maria/rmf_ws/install/large_project/share/large_project/maps/estce/models/ElderLadyPatient/thumbnails/4.png
-- Up-to-date symlink: /home/maria/rmf_ws/install/large_project/share/large_project/maps/estce/models/ElderLadyPatient/thumbnails/5.png
-- Up-to-date symlink: /home/maria/rmf_ws/install/large_project/share/large_project/maps/estce/models/ElectronicsRecycling/LICENSE
-- Up-to-date symlink: /home/maria/rmf_ws/install/large_project/share/large_project/maps/estce/models/ElectronicsRecycling/meshes/ElectronicsRecycling.mtl
-- Up-to-date symlink: /home/maria/rmf_ws/install/large_project/share/large_project/maps/estce/models/ElectronicsRecycling/meshes/ElectronicsRecycling.obj
-- Up-to-date symlink: /home/maria/rmf_ws/install/large_project/share/large_project/maps/estce/models/ElectronicsRecycling/meshes/ElectronicsRecycling_Diffuse.png
-- Up-to-date symlink: /home/maria/rmf_ws/install/large_project/share/large_project/maps/estce/models/ElectronicsRecycling/model.config
-- Up-to-date symlink: /home/maria/rmf_ws/install/large_project/share/large_project/maps/estce/models/ElectronicsRecycling/model.sdf
-- Up-to-date symlink: /home/maria/rmf_ws/install/large_project/share/large_project/maps/estce/models/ElectronicsRecycling/thumbnails/1.png
-- Up-to-date symlink: /home/maria/rmf_ws/install/large_project/share/large_project/maps/estce/models/ElectronicsRecycling/thumbnails/2.png
-- Up-to-date symlink: /home/maria/rmf_ws/install/large_project/share/large_project/maps/estce/models/ElectronicsRecycling/thumbnails/3.png
-- Up-to-date symlink: /home/maria/rmf_ws/install/large_project/share/large_project/maps/estce/models/ElectronicsRecycling/thumbnails/4.png
-- Up-to-date symlink: /home/maria/rmf_ws/install/large_project/share/large_project/maps/estce/models/ElectronicsRecycling/thumbnails/5.png
-- Up-to-date symlink: /home/maria/rmf_ws/install/large_project/share/large_project/maps/estce/models/EscalatorStart/LICENSE
-- Up-to-date symlink: /home/maria/rmf_ws/install/large_project/share/large_project/maps/estce/models/EscalatorStart/meshes/EscalatorStart.mtl
-- Up-to-date symlink: /home/maria/rmf_ws/install/large_project/share/large_project/maps/estce/models/EscalatorStart/meshes/EscalatorStart.obj
-- Up-to-date symlink: /home/maria/rmf_ws/install/large_project/share/large_project/maps/estce/models/EscalatorStart/meshes/EscalatorStart_Col.mtl
-- Up-to-date symlink: /home/maria/rmf_ws/install/large_project/share/large_project/maps/estce/models/EscalatorStart/meshes/EscalatorStart_Col.obj
-- Up-to-date symlink: /home/maria/rmf_ws/install/large_project/share/large_project/maps/estce/models/EscalatorStart/meshes/EscalatorStart_Diffuse.png
-- Up-to-date symlink: /home/maria/rmf_ws/install/large_project/share/large_project/maps/estce/models/EscalatorStart/meshes/EscalatorStart_Metal.png
-- Up-to-date symlink: /home/maria/rmf_ws/install/large_project/share/large_project/maps/estce/models/EscalatorStart/meshes/EscalatorStart_Normal.png
-- Up-to-date symlink: /home/maria/rmf_ws/install/large_project/share/large_project/maps/estce/models/EscalatorStart/meshes/EscalatorStart_Rough.png
-- Up-to-date symlink: /home/maria/rmf_ws/install/large_project/share/large_project/maps/estce/models/EscalatorStart/model.config
-- Up-to-date symlink: /home/maria/rmf_ws/install/large_project/share/large_project/maps/estce/models/EscalatorStart/model.sdf
-- Up-to-date symlink: /home/maria/rmf_ws/install/large_project/share/large_project/maps/estce/models/EscalatorStart/thumbnails/1.png
-- Up-to-date symlink: /home/maria/rmf_ws/install/large_project/share/large_project/maps/estce/models/EscalatorStart/thumbnails/2.png
-- Up-to-date symlink: /home/maria/rmf_ws/install/large_project/share/large_project/maps/estce/models/EscalatorStart/thumbnails/3.png
-- Up-to-date symlink: /home/maria/rmf_ws/install/large_project/share/large_project/maps/estce/models/EscalatorStart/thumbnails/4.png
-- Up-to-date symlink: /home/maria/rmf_ws/install/large_project/share/large_project/maps/estce/models/EscalatorStart/thumbnails/5.png
-- Up-to-date symlink: /home/maria/rmf_ws/install/large_project/share/large_project/maps/estce/models/FemaleVisitor/LICENSE
-- Up-to-date symlink: /home/maria/rmf_ws/install/large_project/share/large_project/maps/estce/models/FemaleVisitor/meshes/FemaleVisitor.mtl
-- Up-to-date symlink: /home/maria/rmf_ws/install/large_project/share/large_project/maps/estce/models/FemaleVisitor/meshes/FemaleVisitor.obj
-- Up-to-date symlink: /home/maria/rmf_ws/install/large_project/share/large_project/maps/estce/models/FemaleVisitor/meshes/FemaleVisitor.png
-- Up-to-date symlink: /home/maria/rmf_ws/install/large_project/share/large_project/maps/estce/models/FemaleVisitor/meshes/FemaleVisitor_Col.mtl
-- Up-to-date symlink: /home/maria/rmf_ws/install/large_project/share/large_project/maps/estce/models/FemaleVisitor/meshes/FemaleVisitor_Col.obj
-- Up-to-date symlink: /home/maria/rmf_ws/install/large_project/share/large_project/maps/estce/models/FemaleVisitor/meshes/Handbag.png
-- Up-to-date symlink: /home/maria/rmf_ws/install/large_project/share/large_project/maps/estce/models/FemaleVisitor/model.config
-- Up-to-date symlink: /home/maria/rmf_ws/install/large_project/share/large_project/maps/estce/models/FemaleVisitor/model.sdf
-- Up-to-date symlink: /home/maria/rmf_ws/install/large_project/share/large_project/maps/estce/models/FemaleVisitor/thumbnails/1.png
-- Up-to-date symlink: /home/maria/rmf_ws/install/large_project/share/large_project/maps/estce/models/FemaleVisitor/thumbnails/2.png
-- Up-to-date symlink: /home/maria/rmf_ws/install/large_project/share/large_project/maps/estce/models/FemaleVisitor/thumbnails/3.png
-- Up-to-date symlink: /home/maria/rmf_ws/install/large_project/share/large_project/maps/estce/models/FemaleVisitor/thumbnails/4.png
-- Up-to-date symlink: /home/maria/rmf_ws/install/large_project/share/large_project/maps/estce/models/FemaleVisitor/thumbnails/5.png
-- Up-to-date symlink: /home/maria/rmf_ws/install/large_project/share/large_project/maps/estce/models/FoodCourtBenchLong/LICENSE
-- Up-to-date symlink: /home/maria/rmf_ws/install/large_project/share/large_project/maps/estce/models/FoodCourtBenchLong/meshes/FoodCourtBenchLong.mtl
-- Up-to-date symlink: /home/maria/rmf_ws/install/large_project/share/large_project/maps/estce/models/FoodCourtBenchLong/meshes/FoodCourtBenchLong.obj
-- Up-to-date symlink: /home/maria/rmf_ws/install/large_project/share/large_project/maps/estce/models/FoodCourtBenchLong/meshes/FoodCourtBenchLong_Col.mtl
-- Up-to-date symlink: /home/maria/rmf_ws/install/large_project/share/large_project/maps/estce/models/FoodCourtBenchLong/meshes/FoodCourtBenchLong_Col.obj
-- Up-to-date symlink: /home/maria/rmf_ws/install/large_project/share/large_project/maps/estce/models/FoodCourtBenchLong/meshes/FoodCourtBenchLong_Diffuse.png
-- Up-to-date symlink: /home/maria/rmf_ws/install/large_project/share/large_project/maps/estce/models/FoodCourtBenchLong/meshes/FoodCourtBenchLong_Rough.png
-- Up-to-date symlink: /home/maria/rmf_ws/install/large_project/share/large_project/maps/estce/models/FoodCourtBenchLong/model.config
-- Up-to-date symlink: /home/maria/rmf_ws/install/large_project/share/large_project/maps/estce/models/FoodCourtBenchLong/model.sdf
-- Up-to-date symlink: /home/maria/rmf_ws/install/large_project/share/large_project/maps/estce/models/FoodCourtBenchLong/thumbnails/1.png
-- Up-to-date symlink: /home/maria/rmf_ws/install/large_project/share/large_project/maps/estce/models/FoodCourtBenchLong/thumbnails/2.png
-- Up-to-date symlink: /home/maria/rmf_ws/install/large_project/share/large_project/maps/estce/models/FoodCourtBenchLong/thumbnails/3.png
-- Up-to-date symlink: /home/maria/rmf_ws/install/large_project/share/large_project/maps/estce/models/FoodCourtBenchLong/thumbnails/4.png
-- Up-to-date symlink: /home/maria/rmf_ws/install/large_project/share/large_project/maps/estce/models/FoodCourtBenchLong/thumbnails/5.png
-- Up-to-date symlink: /home/maria/rmf_ws/install/large_project/share/large_project/maps/estce/models/FoodCourtTable1/LICENSE
-- Up-to-date symlink: /home/maria/rmf_ws/install/large_project/share/large_project/maps/estce/models/FoodCourtTable1/meshes/FoodCourtTable1.mtl
-- Up-to-date symlink: /home/maria/rmf_ws/install/large_project/share/large_project/maps/estce/models/FoodCourtTable1/meshes/FoodCourtTable1.obj
-- Up-to-date symlink: /home/maria/rmf_ws/install/large_project/share/large_project/maps/estce/models/FoodCourtTable1/meshes/FoodCourtTable1_Col.mtl
-- Up-to-date symlink: /home/maria/rmf_ws/install/large_project/share/large_project/maps/estce/models/FoodCourtTable1/meshes/FoodCourtTable1_Col.obj
-- Up-to-date symlink: /home/maria/rmf_ws/install/large_project/share/large_project/maps/estce/models/FoodCourtTable1/meshes/FoodCourtTable1_Diffuse.png
-- Up-to-date symlink: /home/maria/rmf_ws/install/large_project/share/large_project/maps/estce/models/FoodCourtTable1/meshes/FoodCourtTable1_Metal.png
-- Up-to-date symlink: /home/maria/rmf_ws/install/large_project/share/large_project/maps/estce/models/FoodCourtTable1/meshes/FoodCourtTable1_Normal.png
-- Up-to-date symlink: /home/maria/rmf_ws/install/large_project/share/large_project/maps/estce/models/FoodCourtTable1/meshes/FoodCourtTable1_Rough.png
-- Up-to-date symlink: /home/maria/rmf_ws/install/large_project/share/large_project/maps/estce/models/FoodCourtTable1/model.config
-- Up-to-date symlink: /home/maria/rmf_ws/install/large_project/share/large_project/maps/estce/models/FoodCourtTable1/model.sdf
-- Up-to-date symlink: /home/maria/rmf_ws/install/large_project/share/large_project/maps/estce/models/FoodCourtTable1/thumbnails/1.png
-- Up-to-date symlink: /home/maria/rmf_ws/install/large_project/share/large_project/maps/estce/models/FoodCourtTable1/thumbnails/2.png
-- Up-to-date symlink: /home/maria/rmf_ws/install/large_project/share/large_project/maps/estce/models/FoodCourtTable1/thumbnails/3.png
-- Up-to-date symlink: /home/maria/rmf_ws/install/large_project/share/large_project/maps/estce/models/FoodCourtTable1/thumbnails/4.png
-- Up-to-date symlink: /home/maria/rmf_ws/install/large_project/share/large_project/maps/estce/models/FoodCourtTable1/thumbnails/5.png
-- Up-to-date symlink: /home/maria/rmf_ws/install/large_project/share/large_project/maps/estce/models/Fridge/LICENSE
-- Up-to-date symlink: /home/maria/rmf_ws/install/large_project/share/large_project/maps/estce/models/Fridge/meshes/Fridge.mtl
-- Up-to-date symlink: /home/maria/rmf_ws/install/large_project/share/large_project/maps/estce/models/Fridge/meshes/Fridge.obj
-- Up-to-date symlink: /home/maria/rmf_ws/install/large_project/share/large_project/maps/estce/models/Fridge/meshes/Fridge_Col.mtl
-- Up-to-date symlink: /home/maria/rmf_ws/install/large_project/share/large_project/maps/estce/models/Fridge/meshes/Fridge_Col.obj
-- Up-to-date symlink: /home/maria/rmf_ws/install/large_project/share/large_project/maps/estce/models/Fridge/meshes/Fridge_Diffuse.png
-- Up-to-date symlink: /home/maria/rmf_ws/install/large_project/share/large_project/maps/estce/models/Fridge/model.config
-- Up-to-date symlink: /home/maria/rmf_ws/install/large_project/share/large_project/maps/estce/models/Fridge/model.sdf
-- Up-to-date symlink: /home/maria/rmf_ws/install/large_project/share/large_project/maps/estce/models/Fridge/thumbnails/1.png
-- Up-to-date symlink: /home/maria/rmf_ws/install/large_project/share/large_project/maps/estce/models/Fridge/thumbnails/2.png
-- Up-to-date symlink: /home/maria/rmf_ws/install/large_project/share/large_project/maps/estce/models/Fridge/thumbnails/3.png
-- Up-to-date symlink: /home/maria/rmf_ws/install/large_project/share/large_project/maps/estce/models/Fridge/thumbnails/4.png
-- Up-to-date symlink: /home/maria/rmf_ws/install/large_project/share/large_project/maps/estce/models/Fridge/thumbnails/5.png
-- Up-to-date symlink: /home/maria/rmf_ws/install/large_project/share/large_project/maps/estce/models/Gazebo/LICENSE
-- Up-to-date symlink: /home/maria/rmf_ws/install/large_project/share/large_project/maps/estce/models/Gazebo/materials/textures/gazebo_diffuse.jpg
-- Up-to-date symlink: /home/maria/rmf_ws/install/large_project/share/large_project/maps/estce/models/Gazebo/materials/textures/gazebo_spec.jpg
-- Up-to-date symlink: /home/maria/rmf_ws/install/large_project/share/large_project/maps/estce/models/Gazebo/meshes/gazebo.dae
-- Up-to-date symlink: /home/maria/rmf_ws/install/large_project/share/large_project/maps/estce/models/Gazebo/model.config
-- Up-to-date symlink: /home/maria/rmf_ws/install/large_project/share/large_project/maps/estce/models/Gazebo/model.sdf
-- Up-to-date symlink: /home/maria/rmf_ws/install/large_project/share/large_project/maps/estce/models/Gazebo/thumbnails/1.png
-- Up-to-date symlink: /home/maria/rmf_ws/install/large_project/share/large_project/maps/estce/models/Gazebo/thumbnails/2.png
-- Up-to-date symlink: /home/maria/rmf_ws/install/large_project/share/large_project/maps/estce/models/Gazebo/thumbnails/3.png
-- Up-to-date symlink: /home/maria/rmf_ws/install/large_project/share/large_project/maps/estce/models/Gazebo/thumbnails/4.png
-- Up-to-date symlink: /home/maria/rmf_ws/install/large_project/share/large_project/maps/estce/models/Gazebo/thumbnails/5.png
-- Up-to-date symlink: /home/maria/rmf_ws/install/large_project/share/large_project/maps/estce/models/HeadphonesRack1/LICENSE
-- Up-to-date symlink: /home/maria/rmf_ws/install/large_project/share/large_project/maps/estce/models/HeadphonesRack1/meshes/HeadphonesRack1.mtl
-- Up-to-date symlink: /home/maria/rmf_ws/install/large_project/share/large_project/maps/estce/models/HeadphonesRack1/meshes/HeadphonesRack1.obj
-- Up-to-date symlink: /home/maria/rmf_ws/install/large_project/share/large_project/maps/estce/models/HeadphonesRack1/meshes/HeadphonesRack1_Col.mtl
-- Up-to-date symlink: /home/maria/rmf_ws/install/large_project/share/large_project/maps/estce/models/HeadphonesRack1/meshes/HeadphonesRack1_Col.obj
-- Up-to-date symlink: /home/maria/rmf_ws/install/large_project/share/large_project/maps/estce/models/HeadphonesRack1/meshes/HeadphonesRack1_Diffuse.png
-- Up-to-date symlink: /home/maria/rmf_ws/install/large_project/share/large_project/maps/estce/models/HeadphonesRack1/meshes/HeadphonesRack1_Metal.png
-- Up-to-date symlink: /home/maria/rmf_ws/install/large_project/share/large_project/maps/estce/models/HeadphonesRack1/meshes/HeadphonesRack1_Normal.png
-- Up-to-date symlink: /home/maria/rmf_ws/install/large_project/share/large_project/maps/estce/models/HeadphonesRack1/meshes/HeadphonesRack1_Rough.png
-- Up-to-date symlink: /home/maria/rmf_ws/install/large_project/share/large_project/maps/estce/models/HeadphonesRack1/model.config
-- Up-to-date symlink: /home/maria/rmf_ws/install/large_project/share/large_project/maps/estce/models/HeadphonesRack1/model.sdf
-- Up-to-date symlink: /home/maria/rmf_ws/install/large_project/share/large_project/maps/estce/models/HeadphonesRack1/thumbnails/1.png
-- Up-to-date symlink: /home/maria/rmf_ws/install/large_project/share/large_project/maps/estce/models/HeadphonesRack1/thumbnails/2.png
-- Up-to-date symlink: /home/maria/rmf_ws/install/large_project/share/large_project/maps/estce/models/HeadphonesRack1/thumbnails/3.png
-- Up-to-date symlink: /home/maria/rmf_ws/install/large_project/share/large_project/maps/estce/models/HeadphonesRack1/thumbnails/4.png
-- Up-to-date symlink: /home/maria/rmf_ws/install/large_project/share/large_project/maps/estce/models/HeadphonesRack1/thumbnails/5.png
-- Up-to-date symlink: /home/maria/rmf_ws/install/large_project/share/large_project/maps/estce/models/InformationCounter/LICENSE
-- Up-to-date symlink: /home/maria/rmf_ws/install/large_project/share/large_project/maps/estce/models/InformationCounter/meshes/InformationCounter.mtl
-- Up-to-date symlink: /home/maria/rmf_ws/install/large_project/share/large_project/maps/estce/models/InformationCounter/meshes/InformationCounter.obj
-- Up-to-date symlink: /home/maria/rmf_ws/install/large_project/share/large_project/maps/estce/models/InformationCounter/meshes/InformationCounter_Col.mtl
-- Up-to-date symlink: /home/maria/rmf_ws/install/large_project/share/large_project/maps/estce/models/InformationCounter/meshes/InformationCounter_Col.obj
-- Up-to-date symlink: /home/maria/rmf_ws/install/large_project/share/large_project/maps/estce/models/InformationCounter/meshes/InformationCounter_Diffuse.png
-- Up-to-date symlink: /home/maria/rmf_ws/install/large_project/share/large_project/maps/estce/models/InformationCounter/meshes/InformationCounter_Metal.png
-- Up-to-date symlink: /home/maria/rmf_ws/install/large_project/share/large_project/maps/estce/models/InformationCounter/meshes/InformationCounter_Normal.png
-- Up-to-date symlink: /home/maria/rmf_ws/install/large_project/share/large_project/maps/estce/models/InformationCounter/meshes/InformationCounter_Rough.png
-- Up-to-date symlink: /home/maria/rmf_ws/install/large_project/share/large_project/maps/estce/models/InformationCounter/model.config
-- Up-to-date symlink: /home/maria/rmf_ws/install/large_project/share/large_project/maps/estce/models/InformationCounter/model.sdf
-- Up-to-date symlink: /home/maria/rmf_ws/install/large_project/share/large_project/maps/estce/models/InformationCounter/thumbnails/1.png
-- Up-to-date symlink: /home/maria/rmf_ws/install/large_project/share/large_project/maps/estce/models/InformationCounter/thumbnails/2.png
-- Up-to-date symlink: /home/maria/rmf_ws/install/large_project/share/large_project/maps/estce/models/InformationCounter/thumbnails/3.png
-- Up-to-date symlink: /home/maria/rmf_ws/install/large_project/share/large_project/maps/estce/models/InformationCounter/thumbnails/4.png
-- Up-to-date symlink: /home/maria/rmf_ws/install/large_project/share/large_project/maps/estce/models/InformationCounter/thumbnails/5.png
-- Up-to-date symlink: /home/maria/rmf_ws/install/large_project/share/large_project/maps/estce/models/KitchenCountertop/LICENSE
-- Up-to-date symlink: /home/maria/rmf_ws/install/large_project/share/large_project/maps/estce/models/KitchenCountertop/meshes/KitchenCountertop.mtl
-- Up-to-date symlink: /home/maria/rmf_ws/install/large_project/share/large_project/maps/estce/models/KitchenCountertop/meshes/KitchenCountertop.obj
-- Up-to-date symlink: /home/maria/rmf_ws/install/large_project/share/large_project/maps/estce/models/KitchenCountertop/meshes/KitchenCountertop_Diffuse.png
-- Up-to-date symlink: /home/maria/rmf_ws/install/large_project/share/large_project/maps/estce/models/KitchenCountertop/model.config
-- Up-to-date symlink: /home/maria/rmf_ws/install/large_project/share/large_project/maps/estce/models/KitchenCountertop/model.sdf
-- Up-to-date symlink: /home/maria/rmf_ws/install/large_project/share/large_project/maps/estce/models/KitchenCountertop/thumbnails/1.png
-- Up-to-date symlink: /home/maria/rmf_ws/install/large_project/share/large_project/maps/estce/models/KitchenCountertop/thumbnails/2.png
-- Up-to-date symlink: /home/maria/rmf_ws/install/large_project/share/large_project/maps/estce/models/KitchenCountertop/thumbnails/3.png
-- Up-to-date symlink: /home/maria/rmf_ws/install/large_project/share/large_project/maps/estce/models/KitchenCountertop/thumbnails/4.png
-- Up-to-date symlink: /home/maria/rmf_ws/install/large_project/share/large_project/maps/estce/models/KitchenCountertop/thumbnails/5.png
-- Up-to-date symlink: /home/maria/rmf_ws/install/large_project/share/large_project/maps/estce/models/KitchenSink/LICENSE
-- Up-to-date symlink: /home/maria/rmf_ws/install/large_project/share/large_project/maps/estce/models/KitchenSink/meshes/kitchenSink.mtl
-- Up-to-date symlink: /home/maria/rmf_ws/install/large_project/share/large_project/maps/estce/models/KitchenSink/meshes/kitchenSink.obj
-- Up-to-date symlink: /home/maria/rmf_ws/install/large_project/share/large_project/maps/estce/models/KitchenSink/model.config
-- Up-to-date symlink: /home/maria/rmf_ws/install/large_project/share/large_project/maps/estce/models/KitchenSink/model.sdf
-- Up-to-date symlink: /home/maria/rmf_ws/install/large_project/share/large_project/maps/estce/models/KitchenSink/thumbnails/1.png
-- Up-to-date symlink: /home/maria/rmf_ws/install/large_project/share/large_project/maps/estce/models/KitchenSink/thumbnails/2.png
-- Up-to-date symlink: /home/maria/rmf_ws/install/large_project/share/large_project/maps/estce/models/KitchenSink/thumbnails/3.png
-- Up-to-date symlink: /home/maria/rmf_ws/install/large_project/share/large_project/maps/estce/models/KitchenSink/thumbnails/4.png
-- Up-to-date symlink: /home/maria/rmf_ws/install/large_project/share/large_project/maps/estce/models/KitchenSink/thumbnails/5.png
-- Up-to-date symlink: /home/maria/rmf_ws/install/large_project/share/large_project/maps/estce/models/LockerBig/LICENSE
-- Up-to-date symlink: /home/maria/rmf_ws/install/large_project/share/large_project/maps/estce/models/LockerBig/meshes/center.png
-- Up-to-date symlink: /home/maria/rmf_ws/install/large_project/share/large_project/maps/estce/models/LockerBig/meshes/locker.mtl
-- Up-to-date symlink: /home/maria/rmf_ws/install/large_project/share/large_project/maps/estce/models/LockerBig/meshes/locker.obj
-- Up-to-date symlink: /home/maria/rmf_ws/install/large_project/share/large_project/maps/estce/models/LockerBig/meshes/side.png
-- Up-to-date symlink: /home/maria/rmf_ws/install/large_project/share/large_project/maps/estce/models/LockerBig/meshes/side1.png
-- Up-to-date symlink: /home/maria/rmf_ws/install/large_project/share/large_project/maps/estce/models/LockerBig/model.config
-- Up-to-date symlink: /home/maria/rmf_ws/install/large_project/share/large_project/maps/estce/models/LockerBig/model.sdf
-- Up-to-date symlink: /home/maria/rmf_ws/install/large_project/share/large_project/maps/estce/models/LockerBig/thumbnails/1.png
-- Up-to-date symlink: /home/maria/rmf_ws/install/large_project/share/large_project/maps/estce/models/LockerBig/thumbnails/2.png
-- Up-to-date symlink: /home/maria/rmf_ws/install/large_project/share/large_project/maps/estce/models/LockerBig/thumbnails/3.png
-- Up-to-date symlink: /home/maria/rmf_ws/install/large_project/share/large_project/maps/estce/models/LockerBig/thumbnails/4.png
-- Up-to-date symlink: /home/maria/rmf_ws/install/large_project/share/large_project/maps/estce/models/LockerBig/thumbnails/5.png
-- Up-to-date symlink: /home/maria/rmf_ws/install/large_project/share/large_project/maps/estce/models/MainTable/LICENSE
-- Up-to-date symlink: /home/maria/rmf_ws/install/large_project/share/large_project/maps/estce/models/MainTable/meshes/MainTable.mtl
-- Up-to-date symlink: /home/maria/rmf_ws/install/large_project/share/large_project/maps/estce/models/MainTable/meshes/MainTable.obj
-- Up-to-date symlink: /home/maria/rmf_ws/install/large_project/share/large_project/maps/estce/models/MainTable/meshes/MainTable.png
-- Up-to-date symlink: /home/maria/rmf_ws/install/large_project/share/large_project/maps/estce/models/MainTable/model.config
-- Up-to-date symlink: /home/maria/rmf_ws/install/large_project/share/large_project/maps/estce/models/MainTable/model.sdf
-- Up-to-date symlink: /home/maria/rmf_ws/install/large_project/share/large_project/maps/estce/models/MainTable/thumbnails/1.png
-- Up-to-date symlink: /home/maria/rmf_ws/install/large_project/share/large_project/maps/estce/models/MainTable/thumbnails/2.png
-- Up-to-date symlink: /home/maria/rmf_ws/install/large_project/share/large_project/maps/estce/models/MainTable/thumbnails/3.png
-- Up-to-date symlink: /home/maria/rmf_ws/install/large_project/share/large_project/maps/estce/models/MainTable/thumbnails/4.png
-- Up-to-date symlink: /home/maria/rmf_ws/install/large_project/share/large_project/maps/estce/models/MainTable/thumbnails/5.png
-- Up-to-date symlink: /home/maria/rmf_ws/install/large_project/share/large_project/maps/estce/models/MetalCabinetYellow/LICENSE
-- Up-to-date symlink: /home/maria/rmf_ws/install/large_project/share/large_project/maps/estce/models/MetalCabinetYellow/meshes/MetalCabinetYellow.mtl
-- Up-to-date symlink: /home/maria/rmf_ws/install/large_project/share/large_project/maps/estce/models/MetalCabinetYellow/meshes/MetalCabinetYellow.obj
-- Up-to-date symlink: /home/maria/rmf_ws/install/large_project/share/large_project/maps/estce/models/MetalCabinetYellow/meshes/MetalCabinetYellow.png
-- Up-to-date symlink: /home/maria/rmf_ws/install/large_project/share/large_project/maps/estce/models/MetalCabinetYellow/model.config
-- Up-to-date symlink: /home/maria/rmf_ws/install/large_project/share/large_project/maps/estce/models/MetalCabinetYellow/model.sdf
-- Up-to-date symlink: /home/maria/rmf_ws/install/large_project/share/large_project/maps/estce/models/MetalCabinetYellow/thumbnails/1.png
-- Up-to-date symlink: /home/maria/rmf_ws/install/large_project/share/large_project/maps/estce/models/MetalCabinetYellow/thumbnails/2.png
-- Up-to-date symlink: /home/maria/rmf_ws/install/large_project/share/large_project/maps/estce/models/MetalCabinetYellow/thumbnails/3.png
-- Up-to-date symlink: /home/maria/rmf_ws/install/large_project/share/large_project/maps/estce/models/MetalCabinetYellow/thumbnails/4.png
-- Up-to-date symlink: /home/maria/rmf_ws/install/large_project/share/large_project/maps/estce/models/MetalCabinetYellow/thumbnails/5.png
-- Up-to-date symlink: /home/maria/rmf_ws/install/large_project/share/large_project/maps/estce/models/MiRCart/LICENSE
-- Up-to-date symlink: /home/maria/rmf_ws/install/large_project/share/large_project/maps/estce/models/MiRCart/meshes/MiRCart_Diffuse.png
-- Up-to-date symlink: /home/maria/rmf_ws/install/large_project/share/large_project/maps/estce/models/MiRCart/meshes/cart.mtl
-- Up-to-date symlink: /home/maria/rmf_ws/install/large_project/share/large_project/maps/estce/models/MiRCart/meshes/cart.obj
-- Up-to-date symlink: /home/maria/rmf_ws/install/large_project/share/large_project/maps/estce/models/MiRCart/model.config
-- Up-to-date symlink: /home/maria/rmf_ws/install/large_project/share/large_project/maps/estce/models/MiRCart/model.sdf
-- Up-to-date symlink: /home/maria/rmf_ws/install/large_project/share/large_project/maps/estce/models/MiRCart/thumbnails/1.png
-- Up-to-date symlink: /home/maria/rmf_ws/install/large_project/share/large_project/maps/estce/models/MiRCart/thumbnails/2.png
-- Up-to-date symlink: /home/maria/rmf_ws/install/large_project/share/large_project/maps/estce/models/MiRCart/thumbnails/3.png
-- Up-to-date symlink: /home/maria/rmf_ws/install/large_project/share/large_project/maps/estce/models/MiRCart/thumbnails/4.png
-- Up-to-date symlink: /home/maria/rmf_ws/install/large_project/share/large_project/maps/estce/models/MiRCart/thumbnails/5.png
-- Up-to-date symlink: /home/maria/rmf_ws/install/large_project/share/large_project/maps/estce/models/MonitorAndKeyboard/LICENSE
-- Up-to-date symlink: /home/maria/rmf_ws/install/large_project/share/large_project/maps/estce/models/MonitorAndKeyboard/meshes/keyboard.mtl
-- Up-to-date symlink: /home/maria/rmf_ws/install/large_project/share/large_project/maps/estce/models/MonitorAndKeyboard/meshes/keyboard.obj
-- Up-to-date symlink: /home/maria/rmf_ws/install/large_project/share/large_project/maps/estce/models/MonitorAndKeyboard/meshes/monitor.mtl
-- Up-to-date symlink: /home/maria/rmf_ws/install/large_project/share/large_project/maps/estce/models/MonitorAndKeyboard/meshes/monitor.obj
-- Up-to-date symlink: /home/maria/rmf_ws/install/large_project/share/large_project/maps/estce/models/MonitorAndKeyboard/model.config
-- Up-to-date symlink: /home/maria/rmf_ws/install/large_project/share/large_project/maps/estce/models/MonitorAndKeyboard/model.sdf
-- Up-to-date symlink: /home/maria/rmf_ws/install/large_project/share/large_project/maps/estce/models/MonitorAndKeyboard/thumbnails/1.png
-- Up-to-date symlink: /home/maria/rmf_ws/install/large_project/share/large_project/maps/estce/models/MonitorAndKeyboard/thumbnails/2.png
-- Up-to-date symlink: /home/maria/rmf_ws/install/large_project/share/large_project/maps/estce/models/MonitorAndKeyboard/thumbnails/3.png
-- Up-to-date symlink: /home/maria/rmf_ws/install/large_project/share/large_project/maps/estce/models/MonitorAndKeyboard/thumbnails/4.png
-- Up-to-date symlink: /home/maria/rmf_ws/install/large_project/share/large_project/maps/estce/models/MonitorAndKeyboard/thumbnails/5.png
-- Up-to-date symlink: /home/maria/rmf_ws/install/large_project/share/large_project/maps/estce/models/MopCart2/LICENSE
-- Up-to-date symlink: /home/maria/rmf_ws/install/large_project/share/large_project/maps/estce/models/MopCart2/meshes/BigRed.png
-- Up-to-date symlink: /home/maria/rmf_ws/install/large_project/share/large_project/maps/estce/models/MopCart2/meshes/Blue.png
-- Up-to-date symlink: /home/maria/rmf_ws/install/large_project/share/large_project/maps/estce/models/MopCart2/meshes/Broom.png
-- Up-to-date symlink: /home/maria/rmf_ws/install/large_project/share/large_project/maps/estce/models/MopCart2/meshes/Cart2.png
-- Up-to-date symlink: /home/maria/rmf_ws/install/large_project/share/large_project/maps/estce/models/MopCart2/meshes/Cloth.png
-- Up-to-date symlink: /home/maria/rmf_ws/install/large_project/share/large_project/maps/estce/models/MopCart2/meshes/Duster.png
-- Up-to-date symlink: /home/maria/rmf_ws/install/large_project/share/large_project/maps/estce/models/MopCart2/meshes/Mop.png
-- Up-to-date symlink: /home/maria/rmf_ws/install/large_project/share/large_project/maps/estce/models/MopCart2/meshes/MopCart2.mtl
-- Up-to-date symlink: /home/maria/rmf_ws/install/large_project/share/large_project/maps/estce/models/MopCart2/meshes/MopCart2.obj
-- Up-to-date symlink: /home/maria/rmf_ws/install/large_project/share/large_project/maps/estce/models/MopCart2/meshes/Tongs.png
-- Up-to-date symlink: /home/maria/rmf_ws/install/large_project/share/large_project/maps/estce/models/MopCart2/model.config
-- Up-to-date symlink: /home/maria/rmf_ws/install/large_project/share/large_project/maps/estce/models/MopCart2/model.sdf
-- Up-to-date symlink: /home/maria/rmf_ws/install/large_project/share/large_project/maps/estce/models/MopCart2/thumbnails/1.png
-- Up-to-date symlink: /home/maria/rmf_ws/install/large_project/share/large_project/maps/estce/models/MopCart2/thumbnails/2.png
-- Up-to-date symlink: /home/maria/rmf_ws/install/large_project/share/large_project/maps/estce/models/MopCart2/thumbnails/3.png
-- Up-to-date symlink: /home/maria/rmf_ws/install/large_project/share/large_project/maps/estce/models/MopCart2/thumbnails/4.png
-- Up-to-date symlink: /home/maria/rmf_ws/install/large_project/share/large_project/maps/estce/models/MopCart2/thumbnails/5.png
-- Up-to-date symlink: /home/maria/rmf_ws/install/large_project/share/large_project/maps/estce/models/MopCart3/LICENSE
-- Up-to-date symlink: /home/maria/rmf_ws/install/large_project/share/large_project/maps/estce/models/MopCart3/meshes/Blue.png
-- Up-to-date symlink: /home/maria/rmf_ws/install/large_project/share/large_project/maps/estce/models/MopCart3/meshes/Cart.png
-- Up-to-date symlink: /home/maria/rmf_ws/install/large_project/share/large_project/maps/estce/models/MopCart3/meshes/Cloth.png
-- Up-to-date symlink: /home/maria/rmf_ws/install/large_project/share/large_project/maps/estce/models/MopCart3/meshes/Duster.png
-- Up-to-date symlink: /home/maria/rmf_ws/install/large_project/share/large_project/maps/estce/models/MopCart3/meshes/Glove.png
-- Up-to-date symlink: /home/maria/rmf_ws/install/large_project/share/large_project/maps/estce/models/MopCart3/meshes/Mop.png
-- Up-to-date symlink: /home/maria/rmf_ws/install/large_project/share/large_project/maps/estce/models/MopCart3/meshes/MopCart3.mtl
-- Up-to-date symlink: /home/maria/rmf_ws/install/large_project/share/large_project/maps/estce/models/MopCart3/meshes/MopCart3.obj
-- Up-to-date symlink: /home/maria/rmf_ws/install/large_project/share/large_project/maps/estce/models/MopCart3/meshes/Parcel.png
-- Up-to-date symlink: /home/maria/rmf_ws/install/large_project/share/large_project/maps/estce/models/MopCart3/meshes/Plastic.png
-- Up-to-date symlink: /home/maria/rmf_ws/install/large_project/share/large_project/maps/estce/models/MopCart3/meshes/Red.png
-- Up-to-date symlink: /home/maria/rmf_ws/install/large_project/share/large_project/maps/estce/models/MopCart3/meshes/Sign.png
-- Up-to-date symlink: /home/maria/rmf_ws/install/large_project/share/large_project/maps/estce/models/MopCart3/meshes/Spray.png
-- Up-to-date symlink: /home/maria/rmf_ws/install/large_project/share/large_project/maps/estce/models/MopCart3/model.config
-- Up-to-date symlink: /home/maria/rmf_ws/install/large_project/share/large_project/maps/estce/models/MopCart3/model.sdf
-- Up-to-date symlink: /home/maria/rmf_ws/install/large_project/share/large_project/maps/estce/models/MopCart3/thumbnails/1.png
-- Up-to-date symlink: /home/maria/rmf_ws/install/large_project/share/large_project/maps/estce/models/MopCart3/thumbnails/2.png
-- Up-to-date symlink: /home/maria/rmf_ws/install/large_project/share/large_project/maps/estce/models/MopCart3/thumbnails/3.png
-- Up-to-date symlink: /home/maria/rmf_ws/install/large_project/share/large_project/maps/estce/models/MopCart3/thumbnails/4.png
-- Up-to-date symlink: /home/maria/rmf_ws/install/large_project/share/large_project/maps/estce/models/MopCart3/thumbnails/5.png
-- Up-to-date symlink: /home/maria/rmf_ws/install/large_project/share/large_project/maps/estce/models/MopCart4/LICENSE
-- Up-to-date symlink: /home/maria/rmf_ws/install/large_project/share/large_project/maps/estce/models/MopCart4/meshes/Cart.png
-- Up-to-date symlink: /home/maria/rmf_ws/install/large_project/share/large_project/maps/estce/models/MopCart4/meshes/MopCart4.mtl
-- Up-to-date symlink: /home/maria/rmf_ws/install/large_project/share/large_project/maps/estce/models/MopCart4/meshes/MopCart4.obj
-- Up-to-date symlink: /home/maria/rmf_ws/install/large_project/share/large_project/maps/estce/models/MopCart4/meshes/blue.png
-- Up-to-date symlink: /home/maria/rmf_ws/install/large_project/share/large_project/maps/estce/models/MopCart4/meshes/red.png
-- Up-to-date symlink: /home/maria/rmf_ws/install/large_project/share/large_project/maps/estce/models/MopCart4/model.config
-- Up-to-date symlink: /home/maria/rmf_ws/install/large_project/share/large_project/maps/estce/models/MopCart4/model.sdf
-- Up-to-date symlink: /home/maria/rmf_ws/install/large_project/share/large_project/maps/estce/models/MopCart4/thumbnails/1.png
-- Up-to-date symlink: /home/maria/rmf_ws/install/large_project/share/large_project/maps/estce/models/MopCart4/thumbnails/2.png
-- Up-to-date symlink: /home/maria/rmf_ws/install/large_project/share/large_project/maps/estce/models/MopCart4/thumbnails/3.png
-- Up-to-date symlink: /home/maria/rmf_ws/install/large_project/share/large_project/maps/estce/models/MopCart4/thumbnails/4.png
-- Up-to-date symlink: /home/maria/rmf_ws/install/large_project/share/large_project/maps/estce/models/MopCart4/thumbnails/5.png
-- Up-to-date symlink: /home/maria/rmf_ws/install/large_project/share/large_project/maps/estce/models/NurseTable/LICENSE
-- Up-to-date symlink: /home/maria/rmf_ws/install/large_project/share/large_project/maps/estce/models/NurseTable/meshes/NurseTable.mtl
-- Up-to-date symlink: /home/maria/rmf_ws/install/large_project/share/large_project/maps/estce/models/NurseTable/meshes/NurseTable.obj
-- Up-to-date symlink: /home/maria/rmf_ws/install/large_project/share/large_project/maps/estce/models/NurseTable/meshes/NurseTable.png
-- Up-to-date symlink: /home/maria/rmf_ws/install/large_project/share/large_project/maps/estce/models/NurseTable/meshes/NurseTable_Col.mtl
-- Up-to-date symlink: /home/maria/rmf_ws/install/large_project/share/large_project/maps/estce/models/NurseTable/meshes/NurseTable_Col.obj
-- Up-to-date symlink: /home/maria/rmf_ws/install/large_project/share/large_project/maps/estce/models/NurseTable/model.config
-- Up-to-date symlink: /home/maria/rmf_ws/install/large_project/share/large_project/maps/estce/models/NurseTable/model.sdf
-- Up-to-date symlink: /home/maria/rmf_ws/install/large_project/share/large_project/maps/estce/models/NurseTable/thumbnails/1.png
-- Up-to-date symlink: /home/maria/rmf_ws/install/large_project/share/large_project/maps/estce/models/NurseTable/thumbnails/2.png
-- Up-to-date symlink: /home/maria/rmf_ws/install/large_project/share/large_project/maps/estce/models/NurseTable/thumbnails/3.png
-- Up-to-date symlink: /home/maria/rmf_ws/install/large_project/share/large_project/maps/estce/models/NurseTable/thumbnails/4.png
-- Up-to-date symlink: /home/maria/rmf_ws/install/large_project/share/large_project/maps/estce/models/NurseTable/thumbnails/5.png
-- Up-to-date symlink: /home/maria/rmf_ws/install/large_project/share/large_project/maps/estce/models/Oak tree/LICENSE
-- Up-to-date symlink: /home/maria/rmf_ws/install/large_project/share/large_project/maps/estce/models/Oak tree/materials/scripts/caster_fp.glsl
-- Up-to-date symlink: /home/maria/rmf_ws/install/large_project/share/large_project/maps/estce/models/Oak tree/materials/scripts/caster_vp.glsl
-- Up-to-date symlink: /home/maria/rmf_ws/install/large_project/share/large_project/maps/estce/models/Oak tree/materials/scripts/oak_tree.material
-- Up-to-date symlink: /home/maria/rmf_ws/install/large_project/share/large_project/maps/estce/models/Oak tree/materials/textures/bark_diffuse.png
-- Up-to-date symlink: /home/maria/rmf_ws/install/large_project/share/large_project/maps/estce/models/Oak tree/materials/textures/branch_diffuse.png
-- Up-to-date symlink: /home/maria/rmf_ws/install/large_project/share/large_project/maps/estce/models/Oak tree/meshes/oak_tree.dae
-- Up-to-date symlink: /home/maria/rmf_ws/install/large_project/share/large_project/maps/estce/models/Oak tree/model.config
-- Up-to-date symlink: /home/maria/rmf_ws/install/large_project/share/large_project/maps/estce/models/Oak tree/model.sdf
-- Up-to-date symlink: /home/maria/rmf_ws/install/large_project/share/large_project/maps/estce/models/Oak tree/thumbnails/1.png
-- Up-to-date symlink: /home/maria/rmf_ws/install/large_project/share/large_project/maps/estce/models/Oak tree/thumbnails/2.png
-- Up-to-date symlink: /home/maria/rmf_ws/install/large_project/share/large_project/maps/estce/models/Oak tree/thumbnails/3.png
-- Up-to-date symlink: /home/maria/rmf_ws/install/large_project/share/large_project/maps/estce/models/Oak tree/thumbnails/4.png
-- Up-to-date symlink: /home/maria/rmf_ws/install/large_project/share/large_project/maps/estce/models/Oak tree/thumbnails/5.png
-- Up-to-date symlink: /home/maria/rmf_ws/install/large_project/share/large_project/maps/estce/models/OfficeChairBlack/LICENSE
-- Up-to-date symlink: /home/maria/rmf_ws/install/large_project/share/large_project/maps/estce/models/OfficeChairBlack/meshes/OfficeChairBlack.mtl
-- Up-to-date symlink: /home/maria/rmf_ws/install/large_project/share/large_project/maps/estce/models/OfficeChairBlack/meshes/OfficeChairBlack.obj
-- Up-to-date symlink: /home/maria/rmf_ws/install/large_project/share/large_project/maps/estce/models/OfficeChairBlack/meshes/OfficeChairBlack.png
-- Up-to-date symlink: /home/maria/rmf_ws/install/large_project/share/large_project/maps/estce/models/OfficeChairBlack/meshes/OfficeChairBlack_Col.mtl
-- Up-to-date symlink: /home/maria/rmf_ws/install/large_project/share/large_project/maps/estce/models/OfficeChairBlack/meshes/OfficeChairBlack_Col.obj
-- Up-to-date symlink: /home/maria/rmf_ws/install/large_project/share/large_project/maps/estce/models/OfficeChairBlack/model.config
-- Up-to-date symlink: /home/maria/rmf_ws/install/large_project/share/large_project/maps/estce/models/OfficeChairBlack/model.sdf
-- Up-to-date symlink: /home/maria/rmf_ws/install/large_project/share/large_project/maps/estce/models/OfficeChairBlack/thumbnails/1.png
-- Up-to-date symlink: /home/maria/rmf_ws/install/large_project/share/large_project/maps/estce/models/OfficeChairBlack/thumbnails/2.png
-- Up-to-date symlink: /home/maria/rmf_ws/install/large_project/share/large_project/maps/estce/models/OfficeChairBlack/thumbnails/3.png
-- Up-to-date symlink: /home/maria/rmf_ws/install/large_project/share/large_project/maps/estce/models/OfficeChairBlack/thumbnails/4.png
-- Up-to-date symlink: /home/maria/rmf_ws/install/large_project/share/large_project/maps/estce/models/OfficeChairBlack/thumbnails/5.png
-- Up-to-date symlink: /home/maria/rmf_ws/install/large_project/share/large_project/maps/estce/models/OfficeChairBlack/thumbnails/meta/1.png
-- Up-to-date symlink: /home/maria/rmf_ws/install/large_project/share/large_project/maps/estce/models/OfficeChairBlack/thumbnails/meta/2.png
-- Up-to-date symlink: /home/maria/rmf_ws/install/large_project/share/large_project/maps/estce/models/OfficeChairBlack/thumbnails/meta/3.png
-- Up-to-date symlink: /home/maria/rmf_ws/install/large_project/share/large_project/maps/estce/models/OfficeChairBlack/thumbnails/meta/4.png
-- Up-to-date symlink: /home/maria/rmf_ws/install/large_project/share/large_project/maps/estce/models/OfficeChairBlack/thumbnails/meta/5.png
-- Up-to-date symlink: /home/maria/rmf_ws/install/large_project/share/large_project/maps/estce/models/OfficeChairBlue/LICENSE
-- Up-to-date symlink: /home/maria/rmf_ws/install/large_project/share/large_project/maps/estce/models/OfficeChairBlue/meshes/OfficeChairBlue.mtl
-- Up-to-date symlink: /home/maria/rmf_ws/install/large_project/share/large_project/maps/estce/models/OfficeChairBlue/meshes/OfficeChairBlue.obj
-- Up-to-date symlink: /home/maria/rmf_ws/install/large_project/share/large_project/maps/estce/models/OfficeChairBlue/meshes/OfficeChairBlue.png
-- Up-to-date symlink: /home/maria/rmf_ws/install/large_project/share/large_project/maps/estce/models/OfficeChairBlue/meshes/OfficeChairBlue_Col.mtl
-- Up-to-date symlink: /home/maria/rmf_ws/install/large_project/share/large_project/maps/estce/models/OfficeChairBlue/meshes/OfficeChairBlue_Col.obj
-- Up-to-date symlink: /home/maria/rmf_ws/install/large_project/share/large_project/maps/estce/models/OfficeChairBlue/model.config
-- Up-to-date symlink: /home/maria/rmf_ws/install/large_project/share/large_project/maps/estce/models/OfficeChairBlue/model.sdf
-- Up-to-date symlink: /home/maria/rmf_ws/install/large_project/share/large_project/maps/estce/models/OfficeChairBlue/thumbnails/1.png
-- Up-to-date symlink: /home/maria/rmf_ws/install/large_project/share/large_project/maps/estce/models/OfficeChairBlue/thumbnails/2.png
-- Up-to-date symlink: /home/maria/rmf_ws/install/large_project/share/large_project/maps/estce/models/OfficeChairBlue/thumbnails/3.png
-- Up-to-date symlink: /home/maria/rmf_ws/install/large_project/share/large_project/maps/estce/models/OfficeChairBlue/thumbnails/4.png
-- Up-to-date symlink: /home/maria/rmf_ws/install/large_project/share/large_project/maps/estce/models/OfficeChairBlue/thumbnails/5.png
-- Up-to-date symlink: /home/maria/rmf_ws/install/large_project/share/large_project/maps/estce/models/OfficeChairBlue/thumbnails/meta/1.png
-- Up-to-date symlink: /home/maria/rmf_ws/install/large_project/share/large_project/maps/estce/models/OfficeChairBlue/thumbnails/meta/2.png
-- Up-to-date symlink: /home/maria/rmf_ws/install/large_project/share/large_project/maps/estce/models/OfficeChairBlue/thumbnails/meta/3.png
-- Up-to-date symlink: /home/maria/rmf_ws/install/large_project/share/large_project/maps/estce/models/OfficeChairBlue/thumbnails/meta/4.png
-- Up-to-date symlink: /home/maria/rmf_ws/install/large_project/share/large_project/maps/estce/models/OfficeChairBlue/thumbnails/meta/5.png
-- Up-to-date symlink: /home/maria/rmf_ws/install/large_project/share/large_project/maps/estce/models/OfficeChairGrey/LICENSE
-- Up-to-date symlink: /home/maria/rmf_ws/install/large_project/share/large_project/maps/estce/models/OfficeChairGrey/meshes/OfficeChairGrey.mtl
-- Up-to-date symlink: /home/maria/rmf_ws/install/large_project/share/large_project/maps/estce/models/OfficeChairGrey/meshes/OfficeChairGrey.obj
-- Up-to-date symlink: /home/maria/rmf_ws/install/large_project/share/large_project/maps/estce/models/OfficeChairGrey/meshes/OfficeChairGrey.png
-- Up-to-date symlink: /home/maria/rmf_ws/install/large_project/share/large_project/maps/estce/models/OfficeChairGrey/meshes/OfficeChairGrey_Col.mtl
-- Up-to-date symlink: /home/maria/rmf_ws/install/large_project/share/large_project/maps/estce/models/OfficeChairGrey/meshes/OfficeChairGrey_Col.obj
-- Up-to-date symlink: /home/maria/rmf_ws/install/large_project/share/large_project/maps/estce/models/OfficeChairGrey/model.config
-- Up-to-date symlink: /home/maria/rmf_ws/install/large_project/share/large_project/maps/estce/models/OfficeChairGrey/model.sdf
-- Up-to-date symlink: /home/maria/rmf_ws/install/large_project/share/large_project/maps/estce/models/OfficeChairGrey/thumbnails/1.png
-- Up-to-date symlink: /home/maria/rmf_ws/install/large_project/share/large_project/maps/estce/models/OfficeChairGrey/thumbnails/2.png
-- Up-to-date symlink: /home/maria/rmf_ws/install/large_project/share/large_project/maps/estce/models/OfficeChairGrey/thumbnails/3.png
-- Up-to-date symlink: /home/maria/rmf_ws/install/large_project/share/large_project/maps/estce/models/OfficeChairGrey/thumbnails/4.png
-- Up-to-date symlink: /home/maria/rmf_ws/install/large_project/share/large_project/maps/estce/models/OfficeChairGrey/thumbnails/5.png
-- Up-to-date symlink: /home/maria/rmf_ws/install/large_project/share/large_project/maps/estce/models/OfficeChairGrey/thumbnails/meta/1.png
-- Up-to-date symlink: /home/maria/rmf_ws/install/large_project/share/large_project/maps/estce/models/OfficeChairGrey/thumbnails/meta/2.png
-- Up-to-date symlink: /home/maria/rmf_ws/install/large_project/share/large_project/maps/estce/models/OfficeChairGrey/thumbnails/meta/3.png
-- Up-to-date symlink: /home/maria/rmf_ws/install/large_project/share/large_project/maps/estce/models/OfficeChairGrey/thumbnails/meta/4.png
-- Up-to-date symlink: /home/maria/rmf_ws/install/large_project/share/large_project/maps/estce/models/OfficeChairGrey/thumbnails/meta/5.png
-- Up-to-date symlink: /home/maria/rmf_ws/install/large_project/share/large_project/maps/estce/models/Pine Tree/LICENSE
-- Up-to-date symlink: /home/maria/rmf_ws/install/large_project/share/large_project/maps/estce/models/Pine Tree/materials/scripts/caster_fp.glsl
-- Up-to-date symlink: /home/maria/rmf_ws/install/large_project/share/large_project/maps/estce/models/Pine Tree/materials/scripts/caster_vp.glsl
-- Up-to-date symlink: /home/maria/rmf_ws/install/large_project/share/large_project/maps/estce/models/Pine Tree/materials/scripts/pine_tree.material
-- Up-to-date symlink: /home/maria/rmf_ws/install/large_project/share/large_project/maps/estce/models/Pine Tree/materials/textures/bark_diffuse.png
-- Up-to-date symlink: /home/maria/rmf_ws/install/large_project/share/large_project/maps/estce/models/Pine Tree/materials/textures/branch_2_diffuse.png
-- Up-to-date symlink: /home/maria/rmf_ws/install/large_project/share/large_project/maps/estce/models/Pine Tree/meshes/pine_tree.dae
-- Up-to-date symlink: /home/maria/rmf_ws/install/large_project/share/large_project/maps/estce/models/Pine Tree/model.config
-- Up-to-date symlink: /home/maria/rmf_ws/install/large_project/share/large_project/maps/estce/models/Pine Tree/model.sdf
-- Up-to-date symlink: /home/maria/rmf_ws/install/large_project/share/large_project/maps/estce/models/Pine Tree/thumbnails/1.png
-- Up-to-date symlink: /home/maria/rmf_ws/install/large_project/share/large_project/maps/estce/models/Pine Tree/thumbnails/2.png
-- Up-to-date symlink: /home/maria/rmf_ws/install/large_project/share/large_project/maps/estce/models/Pine Tree/thumbnails/3.png
-- Up-to-date symlink: /home/maria/rmf_ws/install/large_project/share/large_project/maps/estce/models/Pine Tree/thumbnails/4.png
-- Up-to-date symlink: /home/maria/rmf_ws/install/large_project/share/large_project/maps/estce/models/Pine Tree/thumbnails/5.png
-- Up-to-date symlink: /home/maria/rmf_ws/install/large_project/share/large_project/maps/estce/models/PotatoChipChair/LICENSE
-- Up-to-date symlink: /home/maria/rmf_ws/install/large_project/share/large_project/maps/estce/models/PotatoChipChair/meshes/PotatoChipChair.mtl
-- Up-to-date symlink: /home/maria/rmf_ws/install/large_project/share/large_project/maps/estce/models/PotatoChipChair/meshes/PotatoChipChair.obj
-- Up-to-date symlink: /home/maria/rmf_ws/install/large_project/share/large_project/maps/estce/models/PotatoChipChair/meshes/PotatoChipChairDiffuse.png
-- Up-to-date symlink: /home/maria/rmf_ws/install/large_project/share/large_project/maps/estce/models/PotatoChipChair/meshes/PotatoChipChair_Col.mtl
-- Up-to-date symlink: /home/maria/rmf_ws/install/large_project/share/large_project/maps/estce/models/PotatoChipChair/meshes/PotatoChipChair_Col.obj
-- Up-to-date symlink: /home/maria/rmf_ws/install/large_project/share/large_project/maps/estce/models/PotatoChipChair/model.config
-- Up-to-date symlink: /home/maria/rmf_ws/install/large_project/share/large_project/maps/estce/models/PotatoChipChair/model.sdf
-- Up-to-date symlink: /home/maria/rmf_ws/install/large_project/share/large_project/maps/estce/models/PotatoChipChair/thumbnails/1.png
-- Up-to-date symlink: /home/maria/rmf_ws/install/large_project/share/large_project/maps/estce/models/PotatoChipChair/thumbnails/2.png
-- Up-to-date symlink: /home/maria/rmf_ws/install/large_project/share/large_project/maps/estce/models/PotatoChipChair/thumbnails/3.png
-- Up-to-date symlink: /home/maria/rmf_ws/install/large_project/share/large_project/maps/estce/models/PotatoChipChair/thumbnails/4.png
-- Up-to-date symlink: /home/maria/rmf_ws/install/large_project/share/large_project/maps/estce/models/PotatoChipChair/thumbnails/5.png
-- Up-to-date symlink: /home/maria/rmf_ws/install/large_project/share/large_project/maps/estce/models/RecTable/LICENSE
-- Up-to-date symlink: /home/maria/rmf_ws/install/large_project/share/large_project/maps/estce/models/RecTable/meshes/RecTable.mtl
-- Up-to-date symlink: /home/maria/rmf_ws/install/large_project/share/large_project/maps/estce/models/RecTable/meshes/RecTable.obj
-- Up-to-date symlink: /home/maria/rmf_ws/install/large_project/share/large_project/maps/estce/models/RecTable/meshes/RecTable_Col.mtl
-- Up-to-date symlink: /home/maria/rmf_ws/install/large_project/share/large_project/maps/estce/models/RecTable/meshes/RecTable_Col.obj
-- Up-to-date symlink: /home/maria/rmf_ws/install/large_project/share/large_project/maps/estce/models/RecTable/meshes/rectable.png
-- Up-to-date symlink: /home/maria/rmf_ws/install/large_project/share/large_project/maps/estce/models/RecTable/model.config
-- Up-to-date symlink: /home/maria/rmf_ws/install/large_project/share/large_project/maps/estce/models/RecTable/model.sdf
-- Up-to-date symlink: /home/maria/rmf_ws/install/large_project/share/large_project/maps/estce/models/RecTable/thumbnails/1.png
-- Up-to-date symlink: /home/maria/rmf_ws/install/large_project/share/large_project/maps/estce/models/RecTable/thumbnails/2.png
-- Up-to-date symlink: /home/maria/rmf_ws/install/large_project/share/large_project/maps/estce/models/RecTable/thumbnails/3.png
-- Up-to-date symlink: /home/maria/rmf_ws/install/large_project/share/large_project/maps/estce/models/RecTable/thumbnails/4.png
-- Up-to-date symlink: /home/maria/rmf_ws/install/large_project/share/large_project/maps/estce/models/RecTable/thumbnails/5.png
-- Up-to-date symlink: /home/maria/rmf_ws/install/large_project/share/large_project/maps/estce/models/RetailKiosk1/LICENSE
-- Up-to-date symlink: /home/maria/rmf_ws/install/large_project/share/large_project/maps/estce/models/RetailKiosk1/meshes/RetailKiosk1.mtl
-- Up-to-date symlink: /home/maria/rmf_ws/install/large_project/share/large_project/maps/estce/models/RetailKiosk1/meshes/RetailKiosk1.obj
-- Up-to-date symlink: /home/maria/rmf_ws/install/large_project/share/large_project/maps/estce/models/RetailKiosk1/meshes/RetailKiosk1_Col.mtl
-- Up-to-date symlink: /home/maria/rmf_ws/install/large_project/share/large_project/maps/estce/models/RetailKiosk1/meshes/RetailKiosk1_Col.obj
-- Up-to-date symlink: /home/maria/rmf_ws/install/large_project/share/large_project/maps/estce/models/RetailKiosk1/meshes/RetailKiosk1_Diffuse.png
-- Up-to-date symlink: /home/maria/rmf_ws/install/large_project/share/large_project/maps/estce/models/RetailKiosk1/meshes/RetailKiosk1_Normal.png
-- Up-to-date symlink: /home/maria/rmf_ws/install/large_project/share/large_project/maps/estce/models/RetailKiosk1/meshes/RetailKiosk1_Rough.png
-- Up-to-date symlink: /home/maria/rmf_ws/install/large_project/share/large_project/maps/estce/models/RetailKiosk1/model.config
-- Up-to-date symlink: /home/maria/rmf_ws/install/large_project/share/large_project/maps/estce/models/RetailKiosk1/model.sdf
-- Up-to-date symlink: /home/maria/rmf_ws/install/large_project/share/large_project/maps/estce/models/RetailKiosk1/thumbnails/1.png
-- Up-to-date symlink: /home/maria/rmf_ws/install/large_project/share/large_project/maps/estce/models/RetailKiosk1/thumbnails/2.png
-- Up-to-date symlink: /home/maria/rmf_ws/install/large_project/share/large_project/maps/estce/models/RetailKiosk1/thumbnails/3.png
-- Up-to-date symlink: /home/maria/rmf_ws/install/large_project/share/large_project/maps/estce/models/RetailKiosk1/thumbnails/4.png
-- Up-to-date symlink: /home/maria/rmf_ws/install/large_project/share/large_project/maps/estce/models/RetailKiosk1/thumbnails/5.png
-- Up-to-date symlink: /home/maria/rmf_ws/install/large_project/share/large_project/maps/estce/models/ScrubsTrolley/LICENSE
-- Up-to-date symlink: /home/maria/rmf_ws/install/large_project/share/large_project/maps/estce/models/ScrubsTrolley/meshes/ScrubsTrolley.mtl
-- Up-to-date symlink: /home/maria/rmf_ws/install/large_project/share/large_project/maps/estce/models/ScrubsTrolley/meshes/ScrubsTrolley.obj
-- Up-to-date symlink: /home/maria/rmf_ws/install/large_project/share/large_project/maps/estce/models/ScrubsTrolley/meshes/ScrubsTrolley.png
-- Up-to-date symlink: /home/maria/rmf_ws/install/large_project/share/large_project/maps/estce/models/ScrubsTrolley/meshes/ScrubsTrolley_Col.mtl
-- Up-to-date symlink: /home/maria/rmf_ws/install/large_project/share/large_project/maps/estce/models/ScrubsTrolley/meshes/ScrubsTrolley_Col.obj
-- Up-to-date symlink: /home/maria/rmf_ws/install/large_project/share/large_project/maps/estce/models/ScrubsTrolley/model.config
-- Up-to-date symlink: /home/maria/rmf_ws/install/large_project/share/large_project/maps/estce/models/ScrubsTrolley/model.sdf
-- Up-to-date symlink: /home/maria/rmf_ws/install/large_project/share/large_project/maps/estce/models/ScrubsTrolley/thumbnails/1.png
-- Up-to-date symlink: /home/maria/rmf_ws/install/large_project/share/large_project/maps/estce/models/ScrubsTrolley/thumbnails/2.png
-- Up-to-date symlink: /home/maria/rmf_ws/install/large_project/share/large_project/maps/estce/models/ScrubsTrolley/thumbnails/3.png
-- Up-to-date symlink: /home/maria/rmf_ws/install/large_project/share/large_project/maps/estce/models/ScrubsTrolley/thumbnails/4.png
-- Up-to-date symlink: /home/maria/rmf_ws/install/large_project/share/large_project/maps/estce/models/ScrubsTrolley/thumbnails/5.png
-- Up-to-date symlink: /home/maria/rmf_ws/install/large_project/share/large_project/maps/estce/models/SmallCubicle/LICENSE
-- Up-to-date symlink: /home/maria/rmf_ws/install/large_project/share/large_project/maps/estce/models/SmallCubicle/meshes/SmallCubicle.mtl
-- Up-to-date symlink: /home/maria/rmf_ws/install/large_project/share/large_project/maps/estce/models/SmallCubicle/meshes/SmallCubicle.obj
-- Up-to-date symlink: /home/maria/rmf_ws/install/large_project/share/large_project/maps/estce/models/SmallCubicle/meshes/SmallCubicle_Col.mtl
-- Up-to-date symlink: /home/maria/rmf_ws/install/large_project/share/large_project/maps/estce/models/SmallCubicle/meshes/SmallCubicle_Col.obj
-- Up-to-date symlink: /home/maria/rmf_ws/install/large_project/share/large_project/maps/estce/models/SmallCubicle/meshes/SmallCubicle_Diffuse.png
-- Up-to-date symlink: /home/maria/rmf_ws/install/large_project/share/large_project/maps/estce/models/SmallCubicle/model.config
-- Up-to-date symlink: /home/maria/rmf_ws/install/large_project/share/large_project/maps/estce/models/SmallCubicle/model.sdf
-- Up-to-date symlink: /home/maria/rmf_ws/install/large_project/share/large_project/maps/estce/models/SmallCubicle/thumbnails/1.png
-- Up-to-date symlink: /home/maria/rmf_ws/install/large_project/share/large_project/maps/estce/models/SmallCubicle/thumbnails/2.png
-- Up-to-date symlink: /home/maria/rmf_ws/install/large_project/share/large_project/maps/estce/models/SmallCubicle/thumbnails/3.png
-- Up-to-date symlink: /home/maria/rmf_ws/install/large_project/share/large_project/maps/estce/models/SmallCubicle/thumbnails/4.png
-- Up-to-date symlink: /home/maria/rmf_ws/install/large_project/share/large_project/maps/estce/models/SmallCubicle/thumbnails/5.png
-- Up-to-date symlink: /home/maria/rmf_ws/install/large_project/share/large_project/maps/estce/models/Sofa/LICENSE
-- Up-to-date symlink: /home/maria/rmf_ws/install/large_project/share/large_project/maps/estce/models/Sofa/meshes/Sofa.mtl
-- Up-to-date symlink: /home/maria/rmf_ws/install/large_project/share/large_project/maps/estce/models/Sofa/meshes/Sofa.obj
-- Up-to-date symlink: /home/maria/rmf_ws/install/large_project/share/large_project/maps/estce/models/Sofa/meshes/SofaDiffuse.png
-- Up-to-date symlink: /home/maria/rmf_ws/install/large_project/share/large_project/maps/estce/models/Sofa/model.config
-- Up-to-date symlink: /home/maria/rmf_ws/install/large_project/share/large_project/maps/estce/models/Sofa/model.sdf
-- Up-to-date symlink: /home/maria/rmf_ws/install/large_project/share/large_project/maps/estce/models/Sofa/thumbnails/1.png
-- Up-to-date symlink: /home/maria/rmf_ws/install/large_project/share/large_project/maps/estce/models/Sofa/thumbnails/2.png
-- Up-to-date symlink: /home/maria/rmf_ws/install/large_project/share/large_project/maps/estce/models/Sofa/thumbnails/3.png
-- Up-to-date symlink: /home/maria/rmf_ws/install/large_project/share/large_project/maps/estce/models/Sofa/thumbnails/4.png
-- Up-to-date symlink: /home/maria/rmf_ws/install/large_project/share/large_project/maps/estce/models/Sofa/thumbnails/5.png
-- Up-to-date symlink: /home/maria/rmf_ws/install/large_project/share/large_project/maps/estce/models/StorageRackCovered/LICENSE
-- Up-to-date symlink: /home/maria/rmf_ws/install/large_project/share/large_project/maps/estce/models/StorageRackCovered/meshes/StorageRackCovered.mtl
-- Up-to-date symlink: /home/maria/rmf_ws/install/large_project/share/large_project/maps/estce/models/StorageRackCovered/meshes/StorageRackCovered.obj
-- Up-to-date symlink: /home/maria/rmf_ws/install/large_project/share/large_project/maps/estce/models/StorageRackCovered/meshes/StorageRackCovered.png
-- Up-to-date symlink: /home/maria/rmf_ws/install/large_project/share/large_project/maps/estce/models/StorageRackCovered/model.config
-- Up-to-date symlink: /home/maria/rmf_ws/install/large_project/share/large_project/maps/estce/models/StorageRackCovered/model.sdf
-- Up-to-date symlink: /home/maria/rmf_ws/install/large_project/share/large_project/maps/estce/models/StorageRackCovered/thumbnails/1.png
-- Up-to-date symlink: /home/maria/rmf_ws/install/large_project/share/large_project/maps/estce/models/StorageRackCovered/thumbnails/2.png
-- Up-to-date symlink: /home/maria/rmf_ws/install/large_project/share/large_project/maps/estce/models/StorageRackCovered/thumbnails/3.png
-- Up-to-date symlink: /home/maria/rmf_ws/install/large_project/share/large_project/maps/estce/models/StorageRackCovered/thumbnails/4.png
-- Up-to-date symlink: /home/maria/rmf_ws/install/large_project/share/large_project/maps/estce/models/StorageRackCovered/thumbnails/5.png
-- Up-to-date symlink: /home/maria/rmf_ws/install/large_project/share/large_project/maps/estce/models/TVStand/LICENSE
-- Up-to-date symlink: /home/maria/rmf_ws/install/large_project/share/large_project/maps/estce/models/TVStand/meshes/TVStand.mtl
-- Up-to-date symlink: /home/maria/rmf_ws/install/large_project/share/large_project/maps/estce/models/TVStand/meshes/TVStand.obj
-- Up-to-date symlink: /home/maria/rmf_ws/install/large_project/share/large_project/maps/estce/models/TVStand/meshes/TVStand_Col.mtl
-- Up-to-date symlink: /home/maria/rmf_ws/install/large_project/share/large_project/maps/estce/models/TVStand/meshes/TVStand_Col.obj
-- Up-to-date symlink: /home/maria/rmf_ws/install/large_project/share/large_project/maps/estce/models/TVStand/meshes/TVStand_Diffuse.png
-- Up-to-date symlink: /home/maria/rmf_ws/install/large_project/share/large_project/maps/estce/models/TVStand/model.config
-- Up-to-date symlink: /home/maria/rmf_ws/install/large_project/share/large_project/maps/estce/models/TVStand/model.sdf
-- Up-to-date symlink: /home/maria/rmf_ws/install/large_project/share/large_project/maps/estce/models/TVStand/thumbnails/1.png
-- Up-to-date symlink: /home/maria/rmf_ws/install/large_project/share/large_project/maps/estce/models/TVStand/thumbnails/2.png
-- Up-to-date symlink: /home/maria/rmf_ws/install/large_project/share/large_project/maps/estce/models/TVStand/thumbnails/3.png
-- Up-to-date symlink: /home/maria/rmf_ws/install/large_project/share/large_project/maps/estce/models/TVStand/thumbnails/4.png
-- Up-to-date symlink: /home/maria/rmf_ws/install/large_project/share/large_project/maps/estce/models/TVStand/thumbnails/5.png
-- Up-to-date symlink: /home/maria/rmf_ws/install/large_project/share/large_project/maps/estce/models/Table/LICENSE
-- Up-to-date symlink: /home/maria/rmf_ws/install/large_project/share/large_project/maps/estce/models/Table/Table_Diffuse.jpg
-- Up-to-date symlink: /home/maria/rmf_ws/install/large_project/share/large_project/maps/estce/models/Table/model-1_2.sdf
-- Up-to-date symlink: /home/maria/rmf_ws/install/large_project/share/large_project/maps/estce/models/Table/model-1_3.sdf
-- Up-to-date symlink: /home/maria/rmf_ws/install/large_project/share/large_project/maps/estce/models/Table/model-1_4.sdf
-- Up-to-date symlink: /home/maria/rmf_ws/install/large_project/share/large_project/maps/estce/models/Table/model.config
-- Up-to-date symlink: /home/maria/rmf_ws/install/large_project/share/large_project/maps/estce/models/Table/model.sdf
-- Up-to-date symlink: /home/maria/rmf_ws/install/large_project/share/large_project/maps/estce/models/Table/thumbnails/1.png
-- Up-to-date symlink: /home/maria/rmf_ws/install/large_project/share/large_project/maps/estce/models/Table/thumbnails/2.png
-- Up-to-date symlink: /home/maria/rmf_ws/install/large_project/share/large_project/maps/estce/models/Table/thumbnails/3.png
-- Up-to-date symlink: /home/maria/rmf_ws/install/large_project/share/large_project/maps/estce/models/Table/thumbnails/4.png
-- Up-to-date symlink: /home/maria/rmf_ws/install/large_project/share/large_project/maps/estce/models/Table/thumbnails/5.png
-- Up-to-date symlink: /home/maria/rmf_ws/install/large_project/share/large_project/maps/estce/models/Toilet/LICENSE
-- Up-to-date symlink: /home/maria/rmf_ws/install/large_project/share/large_project/maps/estce/models/Toilet/meshes/toilet.mtl
-- Up-to-date symlink: /home/maria/rmf_ws/install/large_project/share/large_project/maps/estce/models/Toilet/meshes/toilet.obj
-- Up-to-date symlink: /home/maria/rmf_ws/install/large_project/share/large_project/maps/estce/models/Toilet/model.config
-- Up-to-date symlink: /home/maria/rmf_ws/install/large_project/share/large_project/maps/estce/models/Toilet/model.sdf
-- Up-to-date symlink: /home/maria/rmf_ws/install/large_project/share/large_project/maps/estce/models/Toilet/thumbnails/1.png
-- Up-to-date symlink: /home/maria/rmf_ws/install/large_project/share/large_project/maps/estce/models/Toilet/thumbnails/2.png
-- Up-to-date symlink: /home/maria/rmf_ws/install/large_project/share/large_project/maps/estce/models/Toilet/thumbnails/3.png
-- Up-to-date symlink: /home/maria/rmf_ws/install/large_project/share/large_project/maps/estce/models/Toilet/thumbnails/4.png
-- Up-to-date symlink: /home/maria/rmf_ws/install/large_project/share/large_project/maps/estce/models/Toilet/thumbnails/5.png
-- Up-to-date symlink: /home/maria/rmf_ws/install/large_project/share/large_project/maps/estce/models/VendingMachine/LICENSE
-- Up-to-date symlink: /home/maria/rmf_ws/install/large_project/share/large_project/maps/estce/models/VendingMachine/meshes/VendingMachine.mtl
-- Up-to-date symlink: /home/maria/rmf_ws/install/large_project/share/large_project/maps/estce/models/VendingMachine/meshes/VendingMachine.obj
-- Up-to-date symlink: /home/maria/rmf_ws/install/large_project/share/large_project/maps/estce/models/VendingMachine/meshes/VendingMachine_Diffuse.png
-- Up-to-date symlink: /home/maria/rmf_ws/install/large_project/share/large_project/maps/estce/models/VendingMachine/model.config
-- Up-to-date symlink: /home/maria/rmf_ws/install/large_project/share/large_project/maps/estce/models/VendingMachine/model.sdf
-- Up-to-date symlink: /home/maria/rmf_ws/install/large_project/share/large_project/maps/estce/models/VendingMachine/thumbnails/1.png
-- Up-to-date symlink: /home/maria/rmf_ws/install/large_project/share/large_project/maps/estce/models/VendingMachine/thumbnails/2.png
-- Up-to-date symlink: /home/maria/rmf_ws/install/large_project/share/large_project/maps/estce/models/VendingMachine/thumbnails/3.png
-- Up-to-date symlink: /home/maria/rmf_ws/install/large_project/share/large_project/maps/estce/models/VendingMachine/thumbnails/4.png
-- Up-to-date symlink: /home/maria/rmf_ws/install/large_project/share/large_project/maps/estce/models/VendingMachine/thumbnails/5.png
-- Up-to-date symlink: /home/maria/rmf_ws/install/large_project/share/large_project/maps/estce/models/WhiteCabinet/LICENSE
-- Up-to-date symlink: /home/maria/rmf_ws/install/large_project/share/large_project/maps/estce/models/WhiteCabinet/meshes/WhiteCabinet.mtl
-- Up-to-date symlink: /home/maria/rmf_ws/install/large_project/share/large_project/maps/estce/models/WhiteCabinet/meshes/WhiteCabinet.obj
-- Up-to-date symlink: /home/maria/rmf_ws/install/large_project/share/large_project/maps/estce/models/WhiteCabinet/meshes/WhiteCabinet.png
-- Up-to-date symlink: /home/maria/rmf_ws/install/large_project/share/large_project/maps/estce/models/WhiteCabinet/model.config
-- Up-to-date symlink: /home/maria/rmf_ws/install/large_project/share/large_project/maps/estce/models/WhiteCabinet/model.sdf
-- Up-to-date symlink: /home/maria/rmf_ws/install/large_project/share/large_project/maps/estce/models/WhiteCabinet/thumbnails/1.png
-- Up-to-date symlink: /home/maria/rmf_ws/install/large_project/share/large_project/maps/estce/models/WhiteCabinet/thumbnails/2.png
-- Up-to-date symlink: /home/maria/rmf_ws/install/large_project/share/large_project/maps/estce/models/WhiteCabinet/thumbnails/3.png
-- Up-to-date symlink: /home/maria/rmf_ws/install/large_project/share/large_project/maps/estce/models/WhiteCabinet/thumbnails/4.png
-- Up-to-date symlink: /home/maria/rmf_ws/install/large_project/share/large_project/maps/estce/models/WhiteCabinet/thumbnails/5.png
-- Up-to-date symlink: /home/maria/rmf_ws/install/large_project/share/large_project/maps/estce/models/WoodenChair/LICENSE
-- Up-to-date symlink: /home/maria/rmf_ws/install/large_project/share/large_project/maps/estce/models/WoodenChair/meshes/WoodenChair.mtl
-- Up-to-date symlink: /home/maria/rmf_ws/install/large_project/share/large_project/maps/estce/models/WoodenChair/meshes/WoodenChair.obj
-- Up-to-date symlink: /home/maria/rmf_ws/install/large_project/share/large_project/maps/estce/models/WoodenChair/meshes/WoodenChair_Col.mtl
-- Up-to-date symlink: /home/maria/rmf_ws/install/large_project/share/large_project/maps/estce/models/WoodenChair/meshes/WoodenChair_Col.obj
-- Up-to-date symlink: /home/maria/rmf_ws/install/large_project/share/large_project/maps/estce/models/WoodenChair/meshes/WoodenChair_Diffuse.png
-- Up-to-date symlink: /home/maria/rmf_ws/install/large_project/share/large_project/maps/estce/models/WoodenChair/meshes/WoodenChair_Rough.png
-- Up-to-date symlink: /home/maria/rmf_ws/install/large_project/share/large_project/maps/estce/models/WoodenChair/model.config
-- Up-to-date symlink: /home/maria/rmf_ws/install/large_project/share/large_project/maps/estce/models/WoodenChair/model.sdf
-- Up-to-date symlink: /home/maria/rmf_ws/install/large_project/share/large_project/maps/estce/models/WoodenChair/thumbnails/1.png
-- Up-to-date symlink: /home/maria/rmf_ws/install/large_project/share/large_project/maps/estce/models/WoodenChair/thumbnails/2.png
-- Up-to-date symlink: /home/maria/rmf_ws/install/large_project/share/large_project/maps/estce/models/WoodenChair/thumbnails/3.png
-- Up-to-date symlink: /home/maria/rmf_ws/install/large_project/share/large_project/maps/estce/models/WoodenChair/thumbnails/4.png
-- Up-to-date symlink: /home/maria/rmf_ws/install/large_project/share/large_project/maps/estce/models/WoodenChair/thumbnails/5.png
-- Symlinking: /home/maria/rmf_ws/install/large_project/share/large_project/maps/estce/estce.world
-- Up-to-date symlink: /home/maria/rmf_ws/install/large_project/share/large_project/maps/estce/models/estce_L1/meshes/blue_linoleum.png
-- Up-to-date symlink: /home/maria/rmf_ws/install/large_project/share/large_project/maps/estce/models/estce_L1/meshes/default.png
-- Up-to-date symlink: /home/maria/rmf_ws/install/large_project/share/large_project/maps/estce/models/estce_L1/meshes/floor_1.mtl
-- Up-to-date symlink: /home/maria/rmf_ws/install/large_project/share/large_project/maps/estce/models/estce_L1/meshes/floor_1.obj
-- Up-to-date symlink: /home/maria/rmf_ws/install/large_project/share/large_project/maps/estce/models/estce_L1/meshes/model.material
-- Up-to-date symlink: /home/maria/rmf_ws/install/large_project/share/large_project/maps/estce/models/estce_L1/meshes/wall_1.mtl
-- Up-to-date symlink: /home/maria/rmf_ws/install/large_project/share/large_project/maps/estce/models/estce_L1/meshes/wall_1.obj
-- Up-to-date symlink: /home/maria/rmf_ws/install/large_project/share/large_project/maps/estce/models/estce_L1/model.config
-- Up-to-date symlink: /home/maria/rmf_ws/install/large_project/share/large_project/maps/estce/models/estce_L1/model.sdf
-- Up-to-date symlink: /home/maria/rmf_ws/install/large_project/share/large_project/maps/estce/models/estce_L2/meshes/blue_linoleum.png
-- Up-to-date symlink: /home/maria/rmf_ws/install/large_project/share/large_project/maps/estce/models/estce_L2/meshes/default.png
-- Up-to-date symlink: /home/maria/rmf_ws/install/large_project/share/large_project/maps/estce/models/estce_L2/meshes/floor_1.mtl
-- Up-to-date symlink: /home/maria/rmf_ws/install/large_project/share/large_project/maps/estce/models/estce_L2/meshes/floor_1.obj
-- Up-to-date symlink: /home/maria/rmf_ws/install/large_project/share/large_project/maps/estce/models/estce_L2/meshes/model.material
-- Up-to-date symlink: /home/maria/rmf_ws/install/large_project/share/large_project/maps/estce/models/estce_L2/meshes/wall_1.mtl
-- Up-to-date symlink: /home/maria/rmf_ws/install/large_project/share/large_project/maps/estce/models/estce_L2/meshes/wall_1.obj
-- Up-to-date symlink: /home/maria/rmf_ws/install/large_project/share/large_project/maps/estce/models/estce_L2/model.config
-- Up-to-date symlink: /home/maria/rmf_ws/install/large_project/share/large_project/maps/estce/models/estce_L2/model.sdf
-- Up-to-date symlink: /home/maria/rmf_ws/install/large_project/share/large_project/maps/estce/nav_graphs/.generated
-- Up-to-date symlink: /home/maria/rmf_ws/install/large_project/share/large_project/maps/estce/nav_graphs/0.yaml
-- Up-to-date symlink: /home/maria/rmf_ws/install/large_project/share/large_project/maps/estce/nav_graphs/1.yaml
-- Up-to-date symlink: /home/maria/rmf_ws/install/large_project/share/large_project/maps/estce/nav_graphs/2.yaml
-- Up-to-date symlink: /home/maria/rmf_ws/install/large_project/share/ament_index/resource_index/package_run_dependencies/large_project
-- Up-to-date symlink: /home/maria/rmf_ws/install/large_project/share/ament_index/resource_index/parent_prefix_path/large_project
-- Up-to-date symlink: /home/maria/rmf_ws/install/large_project/share/large_project/environment/ament_prefix_path.sh
-- Up-to-date symlink: /home/maria/rmf_ws/install/large_project/share/large_project/environment/ament_prefix_path.dsv
-- Up-to-date symlink: /home/maria/rmf_ws/install/large_project/share/large_project/environment/path.sh
-- Up-to-date symlink: /home/maria/rmf_ws/install/large_project/share/large_project/environment/path.dsv
-- Up-to-date symlink: /home/maria/rmf_ws/install/large_project/share/large_project/local_setup.bash
-- Up-to-date symlink: /home/maria/rmf_ws/install/large_project/share/large_project/local_setup.sh
-- Up-to-date symlink: /home/maria/rmf_ws/install/large_project/share/large_project/local_setup.zsh
-- Up-to-date symlink: /home/maria/rmf_ws/install/large_project/share/large_project/local_setup.dsv
-- Symlinking: /home/maria/rmf_ws/install/large_project/share/large_project/package.dsv
-- Up-to-date symlink: /home/maria/rmf_ws/install/large_project/share/ament_index/resource_index/packages/large_project
-- Up-to-date symlink: /home/maria/rmf_ws/install/large_project/share/large_project/cmake/large_projectConfig.cmake
-- Up-to-date symlink: /home/maria/rmf_ws/install/large_project/share/large_project/cmake/large_projectConfig-version.cmake
-- Up-to-date symlink: /home/maria/rmf_ws/install/large_project/share/large_project/package.xml
