[0.029s] Invoking command in '/home/maria/Documentos/GitHub/IR2134/rmf_ws/build/project_config': CMAKE_PREFIX_PATH=/home/maria/Documentos/GitHub/IR2134/rmf_ws/install/project_maps:/home/maria/Documentos/GitHub/IR2134/rmf_ws/install/rmf_demos_assets:/home/maria/Documentos/GitHub/IR2134/rmf_ws/install/project_simulation:/home/maria/Documentos/GitHub/IR2134/rmf_ws/install/project_config:/home/maria/Documentos/GitHub/IR2134/rmf_ws/install/rmf_demos_fleet_adapter:/opt/ros/humble /usr/bin/cmake --build /home/maria/Documentos/GitHub/IR2134/rmf_ws/build/project_config -- -j8 -l8
[0.056s] Invoked command in '/home/maria/Documentos/GitHub/IR2134/rmf_ws/build/project_config' returned '0': CMAKE_PREFIX_PATH=/home/maria/Documentos/GitHub/IR2134/rmf_ws/install/project_maps:/home/maria/Documentos/GitHub/IR2134/rmf_ws/install/rmf_demos_assets:/home/maria/Documentos/GitHub/IR2134/rmf_ws/install/project_simulation:/home/maria/Documentos/GitHub/IR2134/rmf_ws/install/project_config:/home/maria/Documentos/GitHub/IR2134/rmf_ws/install/rmf_demos_fleet_adapter:/opt/ros/humble /usr/bin/cmake --build /home/maria/Documentos/GitHub/IR2134/rmf_ws/build/project_config -- -j8 -l8
[0.057s] Invoking command in '/home/maria/Documentos/GitHub/IR2134/rmf_ws/build/project_config': CMAKE_PREFIX_PATH=/home/maria/Documentos/GitHub/IR2134/rmf_ws/install/project_maps:/home/maria/Documentos/GitHub/IR2134/rmf_ws/install/rmf_demos_assets:/home/maria/Documentos/GitHub/IR2134/rmf_ws/install/project_simulation:/home/maria/Documentos/GitHub/IR2134/rmf_ws/install/project_config:/home/maria/Documentos/GitHub/IR2134/rmf_ws/install/rmf_demos_fleet_adapter:/opt/ros/humble /usr/bin/cmake --install /home/maria/Documentos/GitHub/IR2134/rmf_ws/build/project_config
[0.062s] -- Install configuration: ""
[0.062s] -- Up-to-date: /home/maria/Documentos/GitHub/IR2134/rmf_ws/install/project_config/share/project_config
[0.062s] -- Up-to-date: /home/maria/Documentos/GitHub/IR2134/rmf_ws/install/project_config/share/project_config/test1.launch.xml
[0.062s] -- Up-to-date: /home/maria/Documentos/GitHub/IR2134/rmf_ws/install/project_config/share/project_config/common.launch.xml
[0.062s] -- Up-to-date: /home/maria/Documentos/GitHub/IR2134/rmf_ws/install/project_config/share/project_config
[0.062s] -- Up-to-date: /home/maria/Documentos/GitHub/IR2134/rmf_ws/install/project_config/share/project_config/test1
[0.062s] -- Up-to-date: /home/maria/Documentos/GitHub/IR2134/rmf_ws/install/project_config/share/ament_index/resource_index/package_run_dependencies/project_config
[0.062s] -- Up-to-date: /home/maria/Documentos/GitHub/IR2134/rmf_ws/install/project_config/share/ament_index/resource_index/parent_prefix_path/project_config
[0.062s] -- Up-to-date: /home/maria/Documentos/GitHub/IR2134/rmf_ws/install/project_config/share/project_config/environment/ament_prefix_path.sh
[0.062s] -- Up-to-date: /home/maria/Documentos/GitHub/IR2134/rmf_ws/install/project_config/share/project_config/environment/ament_prefix_path.dsv
[0.062s] -- Up-to-date: /home/maria/Documentos/GitHub/IR2134/rmf_ws/install/project_config/share/project_config/environment/path.sh
[0.062s] -- Up-to-date: /home/maria/Documentos/GitHub/IR2134/rmf_ws/install/project_config/share/project_config/environment/path.dsv
[0.062s] -- Up-to-date: /home/maria/Documentos/GitHub/IR2134/rmf_ws/install/project_config/share/project_config/local_setup.bash
[0.063s] -- Up-to-date: /home/maria/Documentos/GitHub/IR2134/rmf_ws/install/project_config/share/project_config/local_setup.sh
[0.063s] -- Up-to-date: /home/maria/Documentos/GitHub/IR2134/rmf_ws/install/project_config/share/project_config/local_setup.zsh
[0.063s] -- Up-to-date: /home/maria/Documentos/GitHub/IR2134/rmf_ws/install/project_config/share/project_config/local_setup.dsv
[0.063s] -- Up-to-date: /home/maria/Documentos/GitHub/IR2134/rmf_ws/install/project_config/share/project_config/package.dsv
[0.063s] -- Up-to-date: /home/maria/Documentos/GitHub/IR2134/rmf_ws/install/project_config/share/ament_index/resource_index/packages/project_config
[0.063s] -- Up-to-date: /home/maria/Documentos/GitHub/IR2134/rmf_ws/install/project_config/share/project_config/cmake/project_configConfig.cmake
[0.063s] -- Up-to-date: /home/maria/Documentos/GitHub/IR2134/rmf_ws/install/project_config/share/project_config/cmake/project_configConfig-version.cmake
[0.063s] -- Up-to-date: /home/maria/Documentos/GitHub/IR2134/rmf_ws/install/project_config/share/project_config/package.xml
[0.064s] Invoked command in '/home/maria/Documentos/GitHub/IR2134/rmf_ws/build/project_config' returned '0': CMAKE_PREFIX_PATH=/home/maria/Documentos/GitHub/IR2134/rmf_ws/install/project_maps:/home/maria/Documentos/GitHub/IR2134/rmf_ws/install/rmf_demos_assets:/home/maria/Documentos/GitHub/IR2134/rmf_ws/install/project_simulation:/home/maria/Documentos/GitHub/IR2134/rmf_ws/install/project_config:/home/maria/Documentos/GitHub/IR2134/rmf_ws/install/rmf_demos_fleet_adapter:/opt/ros/humble /usr/bin/cmake --install /home/maria/Documentos/GitHub/IR2134/rmf_ws/build/project_config
