[0.012s] Invoking command in '/home/maria/rmf_ws/build/rmf_robot_sim_gz_plugins': AMENT_PREFIX_PATH=/home/maria/rmf_ws/install/rmf_robot_sim_common:/home/maria/rmf_ws/install/rmf_building_sim_gz_plugins:${AMENT_PREFIX_PATH} CMAKE_PREFIX_PATH=/home/maria/rmf_ws/install/rmf_robot_sim_common:/home/maria/rmf_ws/install/rmf_building_sim_gz_plugins:/home/maria/rmf_ws/install/project_config:/home/maria/rmf_ws/install/project_simulation:/home/maria/rmf_ws/install/project_maps:/home/maria/rmf_ws/install/project_assets:/rmf_demos_ws/install/rmf_workcell_msgs:/rmf_demos_ws/install/rmf_demos_gz:/rmf_demos_ws/install/rmf_demos:/rmf_demos_ws/install/rmf_reservation_node:/rmf_demos_ws/install/rmf_fleet_adapter_python:/rmf_demos_ws/install/rmf_fleet_adapter:/rmf_demos_ws/install/rmf_task_ros2:/rmf_demos_ws/install/rmf_websocket:/rmf_demos_ws/install/rmf_visualization:/rmf_demos_ws/install/rmf_visualization_schedule:/rmf_demos_ws/install/rmf_visualization_rviz2_plugins:/rmf_demos_ws/install/rmf_visualization_obstacles:/rmf_demos_ws/install/rmf_visualization_navgraphs:/rmf_demos_ws/install/rmf_visualization_floorplans:/rmf_demos_ws/install/rmf_visualization_fleet_states:/rmf_demos_ws/install/rmf_visualization_msgs:/rmf_demos_ws/install/rmf_traffic_ros2:/rmf_demos_ws/install/rmf_task_sequence:/rmf_demos_ws/install/rmf_task:/rmf_demos_ws/install/rmf_battery:/rmf_demos_ws/install/rmf_traffic:/rmf_demos_ws/install/rmf_utils:/rmf_demos_ws/install/rmf_traffic_msgs:/rmf_demos_ws/install/rmf_traffic_editor_test_maps:/rmf_demos_ws/install/rmf_traffic_editor_assets:/rmf_demos_ws/install/rmf_traffic_editor:/rmf_demos_ws/install/rmf_task_msgs:/rmf_demos_ws/install/rmf_site_map_msgs:/rmf_demos_ws/install/rmf_scheduler_msgs:/rmf_demos_ws/install/rmf_robot_sim_gz_plugins:/rmf_demos_ws/install/rmf_robot_sim_common:/rmf_demos_ws/install/rmf_reservation_msgs:/rmf_demos_ws/install/rmf_obstacle_msgs:/rmf_demos_ws/install/rmf_building_sim_gz_plugins:/rmf_demos_ws/install/rmf_lift_msgs:/rmf_demos_ws/install/rmf_ingestor_msgs:/rmf_demos_ws/install/rmf_fleet_msgs:/rmf_demos_ws/install/rmf_door_msgs:/rmf_demos_ws/install/rmf_dispenser_msgs:/rmf_demos_ws/install/rmf_demos_maps:/rmf_demos_ws/install/rmf_demos_assets:/rmf_demos_ws/install/rmf_charger_msgs:/rmf_demos_ws/install/rmf_building_map_msgs:/rmf_demos_ws/install/rmf_api_msgs:/rmf_demos_ws/install/nlohmann_json_schema_validator_vendor:/home/maria/rmf_ws/install/project_fleet_adapter:/rmf_demos_ws/install/rmf_demos_fleet_adapter:/rmf_demos_ws/install/rmf_visualization_building_systems:/rmf_demos_ws/install/rmf_traffic_examples:/rmf_demos_ws/install/rmf_demos_bridges:/rmf_demos_ws/install/rmf_demos_tasks:/rmf_demos_ws/install/rmf_building_map_tools:/rmf_demos_ws/install/rmf_charging_schedule:/opt/ros/jazzy:/rmf_demos_ws/install/menge_vendor:/rmf_demos_ws/install/ament_cmake_catch2:/opt/ros/jazzy/opt/gz_sim_vendor:/opt/ros/jazzy/opt/gz_sensors_vendor:/opt/ros/jazzy/opt/gz_physics_vendor:/opt/ros/jazzy/opt/sdformat_vendor:/opt/ros/jazzy/opt/gz_gui_vendor:/opt/ros/jazzy/opt/gz_transport_vendor:/opt/ros/jazzy/opt/gz_rendering_vendor:/opt/ros/jazzy/opt/gz_plugin_vendor:/opt/ros/jazzy/opt/gz_fuel_tools_vendor:/opt/ros/jazzy/opt/gz_msgs_vendor:/opt/ros/jazzy/opt/gz_common_vendor:/opt/ros/jazzy/opt/gz_math_vendor:/opt/ros/jazzy/opt/gz_utils_vendor:/opt/ros/jazzy/opt/gz_tools_vendor:/opt/ros/jazzy/opt/gz_ogre_next_vendor:/opt/ros/jazzy/opt/gz_dartsim_vendor:/opt/ros/jazzy/opt/gz_cmake_vendor LD_LIBRARY_PATH=/home/maria/rmf_ws/install/rmf_robot_sim_common/lib:${LD_LIBRARY_PATH} /usr/bin/cmake /home/maria/rmf_ws/src/rmf_simulation/rmf_robot_sim_gz_plugins -DCMAKE_INSTALL_PREFIX=/home/maria/rmf_ws/install/rmf_robot_sim_gz_plugins
[0.064s] -- The C compiler identification is GNU 13.3.0
[0.106s] -- The CXX compiler identification is GNU 13.3.0
[0.119s] -- Detecting C compiler ABI info
[0.198s] -- Detecting C compiler ABI info - done
[0.205s] -- Check for working C compiler: /usr/bin/cc - skipped
[0.205s] -- Detecting C compile features
[0.205s] -- Detecting C compile features - done
[0.213s] -- Detecting CXX compiler ABI info
[0.301s] -- Detecting CXX compiler ABI info - done
[0.308s] -- Check for working CXX compiler: /usr/bin/c++ - skipped
[0.308s] -- Detecting CXX compile features
[0.308s] -- Detecting CXX compile features - done
[0.314s] -- Found ament_cmake: 2.5.5 (/opt/ros/jazzy/share/ament_cmake/cmake)
[0.459s] -- Found Python3: /usr/bin/python3 (found version "3.12.3") found components: Interpreter 
[0.591s] -- Found rclcpp: 28.1.16 (/opt/ros/jazzy/share/rclcpp/cmake)
[0.655s] -- Found rosidl_generator_c: 4.6.7 (/opt/ros/jazzy/share/rosidl_generator_c/cmake)
[0.677s] -- Found rosidl_generator_cpp: 4.6.7 (/opt/ros/jazzy/share/rosidl_generator_cpp/cmake)
[0.702s] -- Using all available rosidl_typesupport_c: rosidl_typesupport_fastrtps_c;rosidl_typesupport_introspection_c
[0.729s] -- Using all available rosidl_typesupport_cpp: rosidl_typesupport_fastrtps_cpp;rosidl_typesupport_introspection_cpp
[0.829s] -- Found rmw_implementation_cmake: 7.3.3 (/opt/ros/jazzy/share/rmw_implementation_cmake/cmake)
[0.836s] -- Found rmw_fastrtps_cpp: 8.4.3 (/opt/ros/jazzy/share/rmw_fastrtps_cpp/cmake)
[0.935s] -- Found OpenSSL: /usr/lib/x86_64-linux-gnu/libcrypto.so (found version "3.0.13")  
[0.952s] -- Found FastRTPS: /opt/ros/jazzy/include (Required is at least version "2.13") 
[0.971s] -- Using RMW implementation 'rmw_fastrtps_cpp' as default
[1.057s] -- Found gz_sim_vendor: 0.0.9 (/opt/ros/jazzy/share/gz_sim_vendor/cmake)
[1.158s] -- Looking for gz-sim8 -- found version 8.10.0
[1.170s] -- Searching for dependencies of gz-sim8
[1.176s] -- Looking for sdformat14 -- found version 14.8.0
[1.176s] -- Searching for dependencies of sdformat14
[1.181s] -- Checking for module 'tinyxml2'
[1.195s] --   Found tinyxml2, version 10.0.0
[1.230s] -- Looking for gz-math7 -- found version 7.5.2
[1.230s] -- Searching for dependencies of gz-math7
[1.237s] -- Looking for gz-utils2 -- found version 2.2.1
[1.237s] -- Searching for dependencies of gz-utils2
[1.238s] -- Looking for gz-utils2 -- found version 2.2.1
[1.239s] -- Searching for dependencies of gz-utils2
[1.239s] -- Searching for <gz-utils2> component [cli]
[1.246s] -- Looking for gz-utils2-cli -- found version 2.2.1
[1.246s] -- Searching for dependencies of gz-utils2-cli
[1.254s] -- Looking for gz-plugin2 -- found version 2.0.4
[1.254s] -- Searching for dependencies of gz-plugin2
[1.254s] -- Looking for gz-utils2 -- found version 2.2.1
[1.254s] -- Searching for <gz-plugin2> component [loader]
[1.261s] -- Looking for gz-plugin2-loader -- found version 2.0.4
[1.261s] -- Searching for dependencies of gz-plugin2-loader
[1.261s] -- Searching for <gz-plugin2> component [register]
[1.268s] -- Looking for gz-plugin2-register -- found version 2.0.4
[1.269s] -- Searching for dependencies of gz-plugin2-register
[1.276s] -- Looking for gz-transport13 -- found version 13.5.0
[1.276s] -- Searching for dependencies of gz-transport13
[1.385s] -- Found Protobuf: /usr/lib/x86_64-linux-gnu/libprotobuf.so (found version "3.21.12") 
[1.400s] -- Config-file not installed for ZeroMQ -- checking for pkg-config
[1.404s] -- Checking for module 'libzmq >= 4'
[1.418s] --   Found libzmq, version 4.3.5
[1.455s] -- Found ZeroMQ: TRUE (Required is at least version "4") 
[1.463s] -- Checking for module 'uuid'
[1.478s] --   Found uuid, version 2.39.3
[1.511s] -- Found UUID: TRUE  
[1.512s] -- Looking for gz-utils2 -- found version 2.2.1
[1.521s] -- Looking for gz-msgs10 -- found version 10.3.2
[1.522s] -- Searching for dependencies of gz-msgs10
[1.542s] -- Looking for gz-utils2 -- found version 2.2.1
[1.543s] -- Looking for gz-math7 -- found version 7.5.2
[1.548s] -- Searching for <gz-transport13> component [log]
[1.555s] -- Looking for gz-transport13-log -- found version 13.5.0
[1.555s] -- Searching for dependencies of gz-transport13-log
[1.556s] -- Searching for <gz-transport13> component [parameters]
[1.563s] -- Looking for gz-transport13-parameters -- found version 13.5.0
[1.563s] -- Searching for dependencies of gz-transport13-parameters
[1.563s] -- Looking for gz-msgs10 -- found version 10.3.2
[1.570s] -- Looking for gz-common5 -- found version 5.7.1
[1.571s] -- Searching for dependencies of gz-common5
[1.571s] -- Looking for gz-utils2 -- found version 2.2.1
[1.572s] -- Looking for dlfcn.h - found
[1.573s] -- Looking for libdl - found
[1.574s] -- Found DL: TRUE  
[1.579s] -- Searching for <gz-common5> component [av]
[1.586s] -- Looking for gz-common5-av -- found version 5.7.1
[1.586s] -- Searching for dependencies of gz-common5-av
[1.590s] -- Checking for module 'libswscale'
[1.605s] --   Found libswscale, version 7.5.100
[1.635s] -- Found SWSCALE: TRUE  
[1.640s] -- Checking for module 'libavdevice >= 56.4.100'
[1.656s] --   Found libavdevice, version 60.3.100
[1.705s] -- Found AVDEVICE: TRUE (Required is at least version "56.4.100") 
[1.710s] -- Checking for module 'libavformat'
[1.728s] --   Found libavformat, version 60.16.100
[1.768s] -- Found AVFORMAT: TRUE  
[1.772s] -- Checking for module 'libavcodec'
[1.791s] --   Found libavcodec, version 60.31.102
[1.833s] -- Found AVCODEC: TRUE  
[1.840s] -- Checking for module 'libavutil'
[1.861s] --   Found libavutil, version 58.29.100
[1.901s] -- Found AVUTIL: TRUE  
[1.902s] -- Searching for <gz-common5> component [events]
[1.912s] -- Looking for gz-common5-events -- found version 5.7.1
[1.912s] -- Searching for dependencies of gz-common5-events
[1.913s] -- Looking for gz-math7 -- found version 7.5.2
[1.913s] -- Searching for <gz-common5> component [graphics]
[1.920s] -- Looking for gz-common5-graphics -- found version 5.7.1
[1.920s] -- Searching for dependencies of gz-common5-graphics
[1.920s] -- Looking for gz-math7 -- found version 7.5.2
[1.928s] -- Found GzAssimp: TRUE (found version "5.3.0") 
[1.929s] -- Searching for <gz-common5> component [io]
[1.935s] -- Looking for gz-common5-io -- found version 5.7.1
[1.935s] -- Searching for dependencies of gz-common5-io
[1.936s] -- Searching for <gz-common5> component [profiler]
[1.943s] -- Looking for gz-common5-profiler -- found version 5.7.1
[1.943s] -- Searching for dependencies of gz-common5-profiler
[1.950s] -- Looking for gz-fuel_tools9 -- found version 9.1.1
[1.950s] -- Searching for dependencies of gz-fuel_tools9
[2.029s] -- Found CURL: /usr/lib/x86_64-linux-gnu/libcurl.so (found version "8.5.0")  
[2.042s] -- Checking for module 'jsoncpp'
[2.057s] --   Found jsoncpp, version 1.9.5
[2.089s] -- Found JSONCPP: TRUE  
[2.109s] -- Checking for module 'yaml-0.1'
[2.122s] --   Found yaml-0.1, version 0.2.5
[2.155s] -- Found YAML: TRUE  
[2.163s] -- Checking for module 'libzip'
[2.185s] --   Found libzip, version 1.7.3
[2.226s] -- Found ZIP: TRUE  
[2.227s] -- Looking for gz-utils2 -- found version 2.2.1
[2.228s] -- Looking for gz-common5 -- found version 5.7.1
[2.229s] -- Searching for dependencies of gz-common5
[2.229s] -- Looking for gz-utils2 -- found version 2.2.1
[2.230s] -- Looking for dlfcn.h - found
[2.230s] -- Looking for libdl - found
[2.237s] -- Searching for <gz-common5> component [testing]
[2.244s] -- Looking for gz-common5-testing -- found version 5.7.1
[2.244s] -- Searching for dependencies of gz-common5-testing
[2.245s] -- Looking for gz-math7 -- found version 7.5.2
[2.245s] -- Looking for gz-msgs10 -- found version 10.3.2
[2.252s] -- Looking for gz-gui8 -- found version 8.4.0
[2.252s] -- Searching for dependencies of gz-gui8
[2.277s] -- Looking for gz-utils2 -- found version 2.2.1
[2.277s] -- Looking for gz-math7 -- found version 7.5.2
[2.277s] -- Looking for gz-common5 -- found version 5.7.1
[2.278s] -- Looking for gz-plugin2 -- found version 2.0.4
[2.278s] -- Looking for gz-transport13 -- found version 13.5.0
[2.285s] -- Looking for gz-rendering8 -- found version 8.2.3
[2.285s] -- Searching for dependencies of gz-rendering8
[2.285s] -- Looking for gz-math7 -- found version 7.5.2
[2.285s] -- Searching for dependencies of gz-math7
[2.285s] -- Looking for gz-utils2 -- found version 2.2.1
[2.286s] -- Searching for <gz-math7> component [eigen3]
[2.293s] -- Looking for gz-math7-eigen3 -- found version 7.5.2
[2.293s] -- Searching for dependencies of gz-math7-eigen3
[2.305s] -- Looking for gz-common5 -- found version 5.7.1
[2.305s] -- Searching for dependencies of gz-common5
[2.306s] -- Looking for gz-utils2 -- found version 2.2.1
[2.306s] -- Looking for dlfcn.h - found
[2.306s] -- Looking for libdl - found
[2.312s] -- Searching for <gz-common5> component [graphics]
[2.312s] -- Searching for <gz-common5> component [events]
[2.312s] -- Searching for <gz-common5> component [geospatial]
[2.319s] -- Looking for gz-common5-geospatial -- found version 5.7.1
[2.319s] -- Searching for dependencies of gz-common5-geospatial
[2.320s] -- Looking for gz-math7 -- found version 7.5.2
[2.320s] -- Looking for gz-common5 -- found version 5.7.1
[2.321s] -- Looking for gz-plugin2 -- found version 2.0.4
[2.321s] -- Searching for dependencies of gz-plugin2
[2.321s] -- Looking for gz-utils2 -- found version 2.2.1
[2.321s] -- Searching for <gz-plugin2> component [all]
[2.329s] -- Looking for all libraries of gz-plugin2 -- found version 2.0.4
[2.330s] -- Looking for gz-plugin2 -- found version 2.0.4
[2.331s] -- Looking for gz-utils2 -- found version 2.2.1
[2.346s] -- Found OpenGL: /usr/lib/x86_64-linux-gnu/libOpenGL.so  found components: OpenGL 
[2.346s] -- Looking for gz-msgs10 -- found version 10.3.2
[2.375s] -- Looking for gz-physics7 -- found version 7.6.0
[2.375s] -- Searching for dependencies of gz-physics7
[2.376s] -- Looking for gz-common5 -- found version 5.7.1
[2.376s] -- Looking for gz-math7 -- found version 7.5.2
[2.376s] -- Looking for gz-plugin2 -- found version 2.0.4
[2.376s] -- Looking for gz-utils2 -- found version 2.2.1
[2.377s] -- Searching for <gz-physics7> component [heightmap]
[2.384s] -- Looking for gz-physics7-heightmap -- found version 7.6.0
[2.384s] -- Searching for dependencies of gz-physics7-heightmap
[2.384s] -- Looking for gz-common5 -- found version 5.7.1
[2.385s] -- Searching for <gz-physics7> component [mesh]
[2.392s] -- Looking for gz-physics7-mesh -- found version 7.6.0
[2.392s] -- Searching for dependencies of gz-physics7-mesh
[2.392s] -- Looking for gz-common5 -- found version 5.7.1
[2.392s] -- Searching for <gz-physics7> component [sdf]
[2.399s] -- Looking for gz-physics7-sdf -- found version 7.6.0
[2.399s] -- Searching for dependencies of gz-physics7-sdf
[2.399s] -- Looking for sdformat14 -- found version 14.8.0
[2.406s] -- Looking for gz-sensors8 -- found version 8.2.2
[2.406s] -- Searching for dependencies of gz-sensors8
[2.429s] -- Looking for gz-math7 -- found version 7.5.2
[2.429s] -- Looking for gz-common5 -- found version 5.7.1
[2.429s] -- Looking for gz-transport13 -- found version 13.5.0
[2.430s] -- Looking for gz-rendering8 -- found version 8.2.3
[2.430s] -- Looking for gz-msgs10 -- found version 10.3.2
[2.430s] -- Looking for sdformat14 -- found version 14.8.0
[2.431s] -- Searching for <gz-sensors8> component [air_pressure]
[2.437s] -- Looking for gz-sensors8-air_pressure -- found version 8.2.2
[2.438s] -- Searching for dependencies of gz-sensors8-air_pressure
[2.438s] -- Searching for <gz-sensors8> component [air_speed]
[2.445s] -- Looking for gz-sensors8-air_speed -- found version 8.2.2
[2.445s] -- Searching for dependencies of gz-sensors8-air_speed
[2.445s] -- Searching for <gz-sensors8> component [altimeter]
[2.452s] -- Looking for gz-sensors8-altimeter -- found version 8.2.2
[2.452s] -- Searching for dependencies of gz-sensors8-altimeter
[2.452s] -- Searching for <gz-sensors8> component [imu]
[2.459s] -- Looking for gz-sensors8-imu -- found version 8.2.2
[2.459s] -- Searching for dependencies of gz-sensors8-imu
[2.459s] -- Searching for <gz-sensors8> component [force_torque]
[2.466s] -- Looking for gz-sensors8-force_torque -- found version 8.2.2
[2.466s] -- Searching for dependencies of gz-sensors8-force_torque
[2.466s] -- Searching for <gz-sensors8> component [logical_camera]
[2.473s] -- Looking for gz-sensors8-logical_camera -- found version 8.2.2
[2.473s] -- Searching for dependencies of gz-sensors8-logical_camera
[2.473s] -- Searching for <gz-sensors8> component [magnetometer]
[2.480s] -- Looking for gz-sensors8-magnetometer -- found version 8.2.2
[2.480s] -- Searching for dependencies of gz-sensors8-magnetometer
[2.480s] -- Searching for <gz-sensors8> component [navsat]
[2.487s] -- Looking for gz-sensors8-navsat -- found version 8.2.2
[2.487s] -- Searching for dependencies of gz-sensors8-navsat
[2.487s] -- Searching for <gz-sensors8> component [dvl]
[2.494s] -- Looking for gz-sensors8-dvl -- found version 8.2.2
[2.494s] -- Searching for dependencies of gz-sensors8-dvl
[2.494s] -- Looking for gz-sensors8 -- found version 8.2.2
[2.494s] -- Searching for dependencies of gz-sensors8
[2.517s] -- Looking for gz-math7 -- found version 7.5.2
[2.518s] -- Looking for gz-common5 -- found version 5.7.1
[2.518s] -- Looking for gz-transport13 -- found version 13.5.0
[2.519s] -- Looking for gz-rendering8 -- found version 8.2.3
[2.519s] -- Looking for gz-msgs10 -- found version 10.3.2
[2.519s] -- Looking for sdformat14 -- found version 14.8.0
[2.519s] -- Searching for <gz-sensors8> component [rendering]
[2.527s] -- Looking for gz-sensors8-rendering -- found version 8.2.2
[2.527s] -- Searching for dependencies of gz-sensors8-rendering
[2.528s] -- Searching for <gz-sensors8> component [rendering]
[2.529s] -- Searching for <gz-sensors8> component [lidar]
[2.535s] -- Looking for gz-sensors8-lidar -- found version 8.2.2
[2.535s] -- Searching for dependencies of gz-sensors8-lidar
[2.536s] -- Looking for gz-sensors8 -- found version 8.2.2
[2.536s] -- Searching for <gz-sensors8> component [gpu_lidar]
[2.543s] -- Looking for gz-sensors8-gpu_lidar -- found version 8.2.2
[2.543s] -- Searching for dependencies of gz-sensors8-gpu_lidar
[2.544s] -- Looking for gz-sensors8 -- found version 8.2.2
[2.544s] -- Searching for <gz-sensors8> component [camera]
[2.551s] -- Looking for gz-sensors8-camera -- found version 8.2.2
[2.551s] -- Searching for dependencies of gz-sensors8-camera
[2.551s] -- Looking for gz-sensors8 -- found version 8.2.2
[2.552s] -- Searching for <gz-sensors8> component [boundingbox_camera]
[2.559s] -- Looking for gz-sensors8-boundingbox_camera -- found version 8.2.2
[2.559s] -- Searching for dependencies of gz-sensors8-boundingbox_camera
[2.559s] -- Searching for <gz-sensors8> component [segmentation_camera]
[2.566s] -- Looking for gz-sensors8-segmentation_camera -- found version 8.2.2
[2.566s] -- Searching for dependencies of gz-sensors8-segmentation_camera
[2.567s] -- Searching for <gz-sensors8> component [depth_camera]
[2.574s] -- Looking for gz-sensors8-depth_camera -- found version 8.2.2
[2.574s] -- Searching for dependencies of gz-sensors8-depth_camera
[2.574s] -- Looking for gz-sensors8 -- found version 8.2.2
[2.575s] -- Searching for <gz-sensors8> component [rgbd_camera]
[2.585s] -- Looking for gz-sensors8-rgbd_camera -- found version 8.2.2
[2.585s] -- Searching for dependencies of gz-sensors8-rgbd_camera
[2.585s] -- Looking for gz-sensors8 -- found version 8.2.2
[2.586s] -- Searching for <gz-sensors8> component [thermal_camera]
[2.596s] -- Looking for gz-sensors8-thermal_camera -- found version 8.2.2
[2.596s] -- Searching for dependencies of gz-sensors8-thermal_camera
[2.596s] -- Looking for gz-sensors8 -- found version 8.2.2
[2.597s] -- Searching for <gz-sensors8> component [wide_angle_camera]
[2.604s] -- Looking for gz-sensors8-wide_angle_camera -- found version 8.2.2
[2.604s] -- Searching for dependencies of gz-sensors8-wide_angle_camera
[2.606s] -- Looking for gz-rendering8 -- found version 8.2.3
[2.606s] -- Looking for gz-math7 -- found version 7.5.2
[2.606s] -- Looking for gz-utils2 -- found version 2.2.1
[2.633s] -- Looking for gz-plugin2 -- found version 2.0.4
[2.634s] -- Looking for gz-msgs10 -- found version 10.3.2
[2.635s] -- Looking for gz-transport13 -- found version 13.5.0
[2.637s] -- Looking for gz-rendering8 -- found version 8.2.3
[2.641s] -- Found rmf_fleet_msgs: 4.0.0 (/rmf_demos_ws/install/rmf_fleet_msgs/share/rmf_fleet_msgs/cmake)
[2.660s] -- Found rmf_dispenser_msgs: 4.0.0 (/rmf_demos_ws/install/rmf_dispenser_msgs/share/rmf_dispenser_msgs/cmake)
[2.674s] -- Found rmf_ingestor_msgs: 4.0.0 (/rmf_demos_ws/install/rmf_ingestor_msgs/share/rmf_ingestor_msgs/cmake)
[2.690s] -- Found rmf_building_map_msgs: 1.6.0 (/rmf_demos_ws/install/rmf_building_map_msgs/share/rmf_building_map_msgs/cmake)
[2.705s] -- Found rmf_robot_sim_common: 2.6.1 (/home/maria/rmf_ws/install/rmf_robot_sim_common/share/rmf_robot_sim_common/cmake)
[2.917s] -- Found rmf_building_sim_gz_plugins: 2.6.1 (/home/maria/rmf_ws/install/rmf_building_sim_gz_plugins/share/rmf_building_sim_gz_plugins/cmake)
[2.996s] -- Configuring done (3.0s)
[3.071s] -- Generating done (0.1s)
[3.083s] -- Build files have been written to: /home/maria/rmf_ws/build/rmf_robot_sim_gz_plugins
[3.094s] Invoked command in '/home/maria/rmf_ws/build/rmf_robot_sim_gz_plugins' returned '0': AMENT_PREFIX_PATH=/home/maria/rmf_ws/install/rmf_robot_sim_common:/home/maria/rmf_ws/install/rmf_building_sim_gz_plugins:${AMENT_PREFIX_PATH} CMAKE_PREFIX_PATH=/home/maria/rmf_ws/install/rmf_robot_sim_common:/home/maria/rmf_ws/install/rmf_building_sim_gz_plugins:/home/maria/rmf_ws/install/project_config:/home/maria/rmf_ws/install/project_simulation:/home/maria/rmf_ws/install/project_maps:/home/maria/rmf_ws/install/project_assets:/rmf_demos_ws/install/rmf_workcell_msgs:/rmf_demos_ws/install/rmf_demos_gz:/rmf_demos_ws/install/rmf_demos:/rmf_demos_ws/install/rmf_reservation_node:/rmf_demos_ws/install/rmf_fleet_adapter_python:/rmf_demos_ws/install/rmf_fleet_adapter:/rmf_demos_ws/install/rmf_task_ros2:/rmf_demos_ws/install/rmf_websocket:/rmf_demos_ws/install/rmf_visualization:/rmf_demos_ws/install/rmf_visualization_schedule:/rmf_demos_ws/install/rmf_visualization_rviz2_plugins:/rmf_demos_ws/install/rmf_visualization_obstacles:/rmf_demos_ws/install/rmf_visualization_navgraphs:/rmf_demos_ws/install/rmf_visualization_floorplans:/rmf_demos_ws/install/rmf_visualization_fleet_states:/rmf_demos_ws/install/rmf_visualization_msgs:/rmf_demos_ws/install/rmf_traffic_ros2:/rmf_demos_ws/install/rmf_task_sequence:/rmf_demos_ws/install/rmf_task:/rmf_demos_ws/install/rmf_battery:/rmf_demos_ws/install/rmf_traffic:/rmf_demos_ws/install/rmf_utils:/rmf_demos_ws/install/rmf_traffic_msgs:/rmf_demos_ws/install/rmf_traffic_editor_test_maps:/rmf_demos_ws/install/rmf_traffic_editor_assets:/rmf_demos_ws/install/rmf_traffic_editor:/rmf_demos_ws/install/rmf_task_msgs:/rmf_demos_ws/install/rmf_site_map_msgs:/rmf_demos_ws/install/rmf_scheduler_msgs:/rmf_demos_ws/install/rmf_robot_sim_gz_plugins:/rmf_demos_ws/install/rmf_robot_sim_common:/rmf_demos_ws/install/rmf_reservation_msgs:/rmf_demos_ws/install/rmf_obstacle_msgs:/rmf_demos_ws/install/rmf_building_sim_gz_plugins:/rmf_demos_ws/install/rmf_lift_msgs:/rmf_demos_ws/install/rmf_ingestor_msgs:/rmf_demos_ws/install/rmf_fleet_msgs:/rmf_demos_ws/install/rmf_door_msgs:/rmf_demos_ws/install/rmf_dispenser_msgs:/rmf_demos_ws/install/rmf_demos_maps:/rmf_demos_ws/install/rmf_demos_assets:/rmf_demos_ws/install/rmf_charger_msgs:/rmf_demos_ws/install/rmf_building_map_msgs:/rmf_demos_ws/install/rmf_api_msgs:/rmf_demos_ws/install/nlohmann_json_schema_validator_vendor:/home/maria/rmf_ws/install/project_fleet_adapter:/rmf_demos_ws/install/rmf_demos_fleet_adapter:/rmf_demos_ws/install/rmf_visualization_building_systems:/rmf_demos_ws/install/rmf_traffic_examples:/rmf_demos_ws/install/rmf_demos_bridges:/rmf_demos_ws/install/rmf_demos_tasks:/rmf_demos_ws/install/rmf_building_map_tools:/rmf_demos_ws/install/rmf_charging_schedule:/opt/ros/jazzy:/rmf_demos_ws/install/menge_vendor:/rmf_demos_ws/install/ament_cmake_catch2:/opt/ros/jazzy/opt/gz_sim_vendor:/opt/ros/jazzy/opt/gz_sensors_vendor:/opt/ros/jazzy/opt/gz_physics_vendor:/opt/ros/jazzy/opt/sdformat_vendor:/opt/ros/jazzy/opt/gz_gui_vendor:/opt/ros/jazzy/opt/gz_transport_vendor:/opt/ros/jazzy/opt/gz_rendering_vendor:/opt/ros/jazzy/opt/gz_plugin_vendor:/opt/ros/jazzy/opt/gz_fuel_tools_vendor:/opt/ros/jazzy/opt/gz_msgs_vendor:/opt/ros/jazzy/opt/gz_common_vendor:/opt/ros/jazzy/opt/gz_math_vendor:/opt/ros/jazzy/opt/gz_utils_vendor:/opt/ros/jazzy/opt/gz_tools_vendor:/opt/ros/jazzy/opt/gz_ogre_next_vendor:/opt/ros/jazzy/opt/gz_dartsim_vendor:/opt/ros/jazzy/opt/gz_cmake_vendor LD_LIBRARY_PATH=/home/maria/rmf_ws/install/rmf_robot_sim_common/lib:${LD_LIBRARY_PATH} /usr/bin/cmake /home/maria/rmf_ws/src/rmf_simulation/rmf_robot_sim_gz_plugins -DCMAKE_INSTALL_PREFIX=/home/maria/rmf_ws/install/rmf_robot_sim_gz_plugins
[3.095s] Invoking command in '/home/maria/rmf_ws/build/rmf_robot_sim_gz_plugins': AMENT_PREFIX_PATH=/home/maria/rmf_ws/install/rmf_robot_sim_common:/home/maria/rmf_ws/install/rmf_building_sim_gz_plugins:${AMENT_PREFIX_PATH} CMAKE_PREFIX_PATH=/home/maria/rmf_ws/install/rmf_robot_sim_common:/home/maria/rmf_ws/install/rmf_building_sim_gz_plugins:/home/maria/rmf_ws/install/project_config:/home/maria/rmf_ws/install/project_simulation:/home/maria/rmf_ws/install/project_maps:/home/maria/rmf_ws/install/project_assets:/rmf_demos_ws/install/rmf_workcell_msgs:/rmf_demos_ws/install/rmf_demos_gz:/rmf_demos_ws/install/rmf_demos:/rmf_demos_ws/install/rmf_reservation_node:/rmf_demos_ws/install/rmf_fleet_adapter_python:/rmf_demos_ws/install/rmf_fleet_adapter:/rmf_demos_ws/install/rmf_task_ros2:/rmf_demos_ws/install/rmf_websocket:/rmf_demos_ws/install/rmf_visualization:/rmf_demos_ws/install/rmf_visualization_schedule:/rmf_demos_ws/install/rmf_visualization_rviz2_plugins:/rmf_demos_ws/install/rmf_visualization_obstacles:/rmf_demos_ws/install/rmf_visualization_navgraphs:/rmf_demos_ws/install/rmf_visualization_floorplans:/rmf_demos_ws/install/rmf_visualization_fleet_states:/rmf_demos_ws/install/rmf_visualization_msgs:/rmf_demos_ws/install/rmf_traffic_ros2:/rmf_demos_ws/install/rmf_task_sequence:/rmf_demos_ws/install/rmf_task:/rmf_demos_ws/install/rmf_battery:/rmf_demos_ws/install/rmf_traffic:/rmf_demos_ws/install/rmf_utils:/rmf_demos_ws/install/rmf_traffic_msgs:/rmf_demos_ws/install/rmf_traffic_editor_test_maps:/rmf_demos_ws/install/rmf_traffic_editor_assets:/rmf_demos_ws/install/rmf_traffic_editor:/rmf_demos_ws/install/rmf_task_msgs:/rmf_demos_ws/install/rmf_site_map_msgs:/rmf_demos_ws/install/rmf_scheduler_msgs:/rmf_demos_ws/install/rmf_robot_sim_gz_plugins:/rmf_demos_ws/install/rmf_robot_sim_common:/rmf_demos_ws/install/rmf_reservation_msgs:/rmf_demos_ws/install/rmf_obstacle_msgs:/rmf_demos_ws/install/rmf_building_sim_gz_plugins:/rmf_demos_ws/install/rmf_lift_msgs:/rmf_demos_ws/install/rmf_ingestor_msgs:/rmf_demos_ws/install/rmf_fleet_msgs:/rmf_demos_ws/install/rmf_door_msgs:/rmf_demos_ws/install/rmf_dispenser_msgs:/rmf_demos_ws/install/rmf_demos_maps:/rmf_demos_ws/install/rmf_demos_assets:/rmf_demos_ws/install/rmf_charger_msgs:/rmf_demos_ws/install/rmf_building_map_msgs:/rmf_demos_ws/install/rmf_api_msgs:/rmf_demos_ws/install/nlohmann_json_schema_validator_vendor:/home/maria/rmf_ws/install/project_fleet_adapter:/rmf_demos_ws/install/rmf_demos_fleet_adapter:/rmf_demos_ws/install/rmf_visualization_building_systems:/rmf_demos_ws/install/rmf_traffic_examples:/rmf_demos_ws/install/rmf_demos_bridges:/rmf_demos_ws/install/rmf_demos_tasks:/rmf_demos_ws/install/rmf_building_map_tools:/rmf_demos_ws/install/rmf_charging_schedule:/opt/ros/jazzy:/rmf_demos_ws/install/menge_vendor:/rmf_demos_ws/install/ament_cmake_catch2:/opt/ros/jazzy/opt/gz_sim_vendor:/opt/ros/jazzy/opt/gz_sensors_vendor:/opt/ros/jazzy/opt/gz_physics_vendor:/opt/ros/jazzy/opt/sdformat_vendor:/opt/ros/jazzy/opt/gz_gui_vendor:/opt/ros/jazzy/opt/gz_transport_vendor:/opt/ros/jazzy/opt/gz_rendering_vendor:/opt/ros/jazzy/opt/gz_plugin_vendor:/opt/ros/jazzy/opt/gz_fuel_tools_vendor:/opt/ros/jazzy/opt/gz_msgs_vendor:/opt/ros/jazzy/opt/gz_common_vendor:/opt/ros/jazzy/opt/gz_math_vendor:/opt/ros/jazzy/opt/gz_utils_vendor:/opt/ros/jazzy/opt/gz_tools_vendor:/opt/ros/jazzy/opt/gz_ogre_next_vendor:/opt/ros/jazzy/opt/gz_dartsim_vendor:/opt/ros/jazzy/opt/gz_cmake_vendor LD_LIBRARY_PATH=/home/maria/rmf_ws/install/rmf_robot_sim_common/lib:${LD_LIBRARY_PATH} /usr/bin/cmake --build /home/maria/rmf_ws/build/rmf_robot_sim_gz_plugins -- -j8 -l8
[3.151s] [  0%] Built target teleport_ingestor_autogen_timestamp_deps
[3.151s] [  0%] Built target readonly_autogen_timestamp_deps
[3.151s] [  0%] Built target slotcar_autogen_timestamp_deps
[3.151s] [  0%] Built target teleport_dispenser_autogen_timestamp_deps
[3.173s] [ 15%] [34m[1mAutomatic MOC for target readonly[0m
[3.173s] [ 15%] [34m[1mAutomatic MOC for target slotcar[0m
[3.173s] [ 15%] [34m[1mAutomatic MOC for target teleport_ingestor[0m
[3.218s] [ 15%] Built target teleport_ingestor_autogen
[3.218s] [ 15%] Built target slotcar_autogen
[3.218s] [ 15%] Built target readonly_autogen
[3.239s] [ 20%] [34m[1mAutomatic MOC for target teleport_dispenser[0m
[3.253s] [ 25%] [32mBuilding CXX object CMakeFiles/teleport_ingestor.dir/teleport_ingestor_autogen/mocs_compilation.cpp.o[0m
[3.253s] [ 30%] [32mBuilding CXX object CMakeFiles/readonly.dir/src/readonly.cpp.o[0m
[3.254s] [ 35%] [32mBuilding CXX object CMakeFiles/readonly.dir/readonly_autogen/mocs_compilation.cpp.o[0m
[3.255s] [ 45%] [32mBuilding CXX object CMakeFiles/slotcar.dir/slotcar_autogen/mocs_compilation.cpp.o[0m
[3.255s] [ 45%] [32mBuilding CXX object CMakeFiles/teleport_ingestor.dir/src/TeleportIngestor.cpp.o[0m
[3.257s] [ 50%] [32mBuilding CXX object CMakeFiles/slotcar.dir/src/slotcar.cpp.o[0m
[3.295s] [ 50%] Built target teleport_dispenser_autogen
[3.329s] [ 55%] [32mBuilding CXX object CMakeFiles/teleport_dispenser.dir/teleport_dispenser_autogen/mocs_compilation.cpp.o[0m
[3.334s] [ 60%] [32mBuilding CXX object CMakeFiles/teleport_dispenser.dir/src/TeleportDispenser.cpp.o[0m
[10.756s] [ 65%] [32m[1mLinking CXX shared library libreadonly.so[0m
[11.299s] [ 70%] Built target readonly
[16.777s] [ 75%] [32m[1mLinking CXX shared library libslotcar.so[0m
[18.020s] [ 80%] Built target slotcar
[20.888s] [ 85%] [32m[1mLinking CXX shared library libteleport_dispenser.so[0m
[20.992s] [ 90%] [32m[1mLinking CXX shared library libteleport_ingestor.so[0m
[21.886s] [ 95%] Built target teleport_ingestor
[21.926s] [100%] Built target teleport_dispenser
[21.936s] Invoked command in '/home/maria/rmf_ws/build/rmf_robot_sim_gz_plugins' returned '0': AMENT_PREFIX_PATH=/home/maria/rmf_ws/install/rmf_robot_sim_common:/home/maria/rmf_ws/install/rmf_building_sim_gz_plugins:${AMENT_PREFIX_PATH} CMAKE_PREFIX_PATH=/home/maria/rmf_ws/install/rmf_robot_sim_common:/home/maria/rmf_ws/install/rmf_building_sim_gz_plugins:/home/maria/rmf_ws/install/project_config:/home/maria/rmf_ws/install/project_simulation:/home/maria/rmf_ws/install/project_maps:/home/maria/rmf_ws/install/project_assets:/rmf_demos_ws/install/rmf_workcell_msgs:/rmf_demos_ws/install/rmf_demos_gz:/rmf_demos_ws/install/rmf_demos:/rmf_demos_ws/install/rmf_reservation_node:/rmf_demos_ws/install/rmf_fleet_adapter_python:/rmf_demos_ws/install/rmf_fleet_adapter:/rmf_demos_ws/install/rmf_task_ros2:/rmf_demos_ws/install/rmf_websocket:/rmf_demos_ws/install/rmf_visualization:/rmf_demos_ws/install/rmf_visualization_schedule:/rmf_demos_ws/install/rmf_visualization_rviz2_plugins:/rmf_demos_ws/install/rmf_visualization_obstacles:/rmf_demos_ws/install/rmf_visualization_navgraphs:/rmf_demos_ws/install/rmf_visualization_floorplans:/rmf_demos_ws/install/rmf_visualization_fleet_states:/rmf_demos_ws/install/rmf_visualization_msgs:/rmf_demos_ws/install/rmf_traffic_ros2:/rmf_demos_ws/install/rmf_task_sequence:/rmf_demos_ws/install/rmf_task:/rmf_demos_ws/install/rmf_battery:/rmf_demos_ws/install/rmf_traffic:/rmf_demos_ws/install/rmf_utils:/rmf_demos_ws/install/rmf_traffic_msgs:/rmf_demos_ws/install/rmf_traffic_editor_test_maps:/rmf_demos_ws/install/rmf_traffic_editor_assets:/rmf_demos_ws/install/rmf_traffic_editor:/rmf_demos_ws/install/rmf_task_msgs:/rmf_demos_ws/install/rmf_site_map_msgs:/rmf_demos_ws/install/rmf_scheduler_msgs:/rmf_demos_ws/install/rmf_robot_sim_gz_plugins:/rmf_demos_ws/install/rmf_robot_sim_common:/rmf_demos_ws/install/rmf_reservation_msgs:/rmf_demos_ws/install/rmf_obstacle_msgs:/rmf_demos_ws/install/rmf_building_sim_gz_plugins:/rmf_demos_ws/install/rmf_lift_msgs:/rmf_demos_ws/install/rmf_ingestor_msgs:/rmf_demos_ws/install/rmf_fleet_msgs:/rmf_demos_ws/install/rmf_door_msgs:/rmf_demos_ws/install/rmf_dispenser_msgs:/rmf_demos_ws/install/rmf_demos_maps:/rmf_demos_ws/install/rmf_demos_assets:/rmf_demos_ws/install/rmf_charger_msgs:/rmf_demos_ws/install/rmf_building_map_msgs:/rmf_demos_ws/install/rmf_api_msgs:/rmf_demos_ws/install/nlohmann_json_schema_validator_vendor:/home/maria/rmf_ws/install/project_fleet_adapter:/rmf_demos_ws/install/rmf_demos_fleet_adapter:/rmf_demos_ws/install/rmf_visualization_building_systems:/rmf_demos_ws/install/rmf_traffic_examples:/rmf_demos_ws/install/rmf_demos_bridges:/rmf_demos_ws/install/rmf_demos_tasks:/rmf_demos_ws/install/rmf_building_map_tools:/rmf_demos_ws/install/rmf_charging_schedule:/opt/ros/jazzy:/rmf_demos_ws/install/menge_vendor:/rmf_demos_ws/install/ament_cmake_catch2:/opt/ros/jazzy/opt/gz_sim_vendor:/opt/ros/jazzy/opt/gz_sensors_vendor:/opt/ros/jazzy/opt/gz_physics_vendor:/opt/ros/jazzy/opt/sdformat_vendor:/opt/ros/jazzy/opt/gz_gui_vendor:/opt/ros/jazzy/opt/gz_transport_vendor:/opt/ros/jazzy/opt/gz_rendering_vendor:/opt/ros/jazzy/opt/gz_plugin_vendor:/opt/ros/jazzy/opt/gz_fuel_tools_vendor:/opt/ros/jazzy/opt/gz_msgs_vendor:/opt/ros/jazzy/opt/gz_common_vendor:/opt/ros/jazzy/opt/gz_math_vendor:/opt/ros/jazzy/opt/gz_utils_vendor:/opt/ros/jazzy/opt/gz_tools_vendor:/opt/ros/jazzy/opt/gz_ogre_next_vendor:/opt/ros/jazzy/opt/gz_dartsim_vendor:/opt/ros/jazzy/opt/gz_cmake_vendor LD_LIBRARY_PATH=/home/maria/rmf_ws/install/rmf_robot_sim_common/lib:${LD_LIBRARY_PATH} /usr/bin/cmake --build /home/maria/rmf_ws/build/rmf_robot_sim_gz_plugins -- -j8 -l8
[21.937s] Invoking command in '/home/maria/rmf_ws/build/rmf_robot_sim_gz_plugins': AMENT_PREFIX_PATH=/home/maria/rmf_ws/install/rmf_robot_sim_common:/home/maria/rmf_ws/install/rmf_building_sim_gz_plugins:${AMENT_PREFIX_PATH} CMAKE_PREFIX_PATH=/home/maria/rmf_ws/install/rmf_robot_sim_common:/home/maria/rmf_ws/install/rmf_building_sim_gz_plugins:/home/maria/rmf_ws/install/project_config:/home/maria/rmf_ws/install/project_simulation:/home/maria/rmf_ws/install/project_maps:/home/maria/rmf_ws/install/project_assets:/rmf_demos_ws/install/rmf_workcell_msgs:/rmf_demos_ws/install/rmf_demos_gz:/rmf_demos_ws/install/rmf_demos:/rmf_demos_ws/install/rmf_reservation_node:/rmf_demos_ws/install/rmf_fleet_adapter_python:/rmf_demos_ws/install/rmf_fleet_adapter:/rmf_demos_ws/install/rmf_task_ros2:/rmf_demos_ws/install/rmf_websocket:/rmf_demos_ws/install/rmf_visualization:/rmf_demos_ws/install/rmf_visualization_schedule:/rmf_demos_ws/install/rmf_visualization_rviz2_plugins:/rmf_demos_ws/install/rmf_visualization_obstacles:/rmf_demos_ws/install/rmf_visualization_navgraphs:/rmf_demos_ws/install/rmf_visualization_floorplans:/rmf_demos_ws/install/rmf_visualization_fleet_states:/rmf_demos_ws/install/rmf_visualization_msgs:/rmf_demos_ws/install/rmf_traffic_ros2:/rmf_demos_ws/install/rmf_task_sequence:/rmf_demos_ws/install/rmf_task:/rmf_demos_ws/install/rmf_battery:/rmf_demos_ws/install/rmf_traffic:/rmf_demos_ws/install/rmf_utils:/rmf_demos_ws/install/rmf_traffic_msgs:/rmf_demos_ws/install/rmf_traffic_editor_test_maps:/rmf_demos_ws/install/rmf_traffic_editor_assets:/rmf_demos_ws/install/rmf_traffic_editor:/rmf_demos_ws/install/rmf_task_msgs:/rmf_demos_ws/install/rmf_site_map_msgs:/rmf_demos_ws/install/rmf_scheduler_msgs:/rmf_demos_ws/install/rmf_robot_sim_gz_plugins:/rmf_demos_ws/install/rmf_robot_sim_common:/rmf_demos_ws/install/rmf_reservation_msgs:/rmf_demos_ws/install/rmf_obstacle_msgs:/rmf_demos_ws/install/rmf_building_sim_gz_plugins:/rmf_demos_ws/install/rmf_lift_msgs:/rmf_demos_ws/install/rmf_ingestor_msgs:/rmf_demos_ws/install/rmf_fleet_msgs:/rmf_demos_ws/install/rmf_door_msgs:/rmf_demos_ws/install/rmf_dispenser_msgs:/rmf_demos_ws/install/rmf_demos_maps:/rmf_demos_ws/install/rmf_demos_assets:/rmf_demos_ws/install/rmf_charger_msgs:/rmf_demos_ws/install/rmf_building_map_msgs:/rmf_demos_ws/install/rmf_api_msgs:/rmf_demos_ws/install/nlohmann_json_schema_validator_vendor:/home/maria/rmf_ws/install/project_fleet_adapter:/rmf_demos_ws/install/rmf_demos_fleet_adapter:/rmf_demos_ws/install/rmf_visualization_building_systems:/rmf_demos_ws/install/rmf_traffic_examples:/rmf_demos_ws/install/rmf_demos_bridges:/rmf_demos_ws/install/rmf_demos_tasks:/rmf_demos_ws/install/rmf_building_map_tools:/rmf_demos_ws/install/rmf_charging_schedule:/opt/ros/jazzy:/rmf_demos_ws/install/menge_vendor:/rmf_demos_ws/install/ament_cmake_catch2:/opt/ros/jazzy/opt/gz_sim_vendor:/opt/ros/jazzy/opt/gz_sensors_vendor:/opt/ros/jazzy/opt/gz_physics_vendor:/opt/ros/jazzy/opt/sdformat_vendor:/opt/ros/jazzy/opt/gz_gui_vendor:/opt/ros/jazzy/opt/gz_transport_vendor:/opt/ros/jazzy/opt/gz_rendering_vendor:/opt/ros/jazzy/opt/gz_plugin_vendor:/opt/ros/jazzy/opt/gz_fuel_tools_vendor:/opt/ros/jazzy/opt/gz_msgs_vendor:/opt/ros/jazzy/opt/gz_common_vendor:/opt/ros/jazzy/opt/gz_math_vendor:/opt/ros/jazzy/opt/gz_utils_vendor:/opt/ros/jazzy/opt/gz_tools_vendor:/opt/ros/jazzy/opt/gz_ogre_next_vendor:/opt/ros/jazzy/opt/gz_dartsim_vendor:/opt/ros/jazzy/opt/gz_cmake_vendor LD_LIBRARY_PATH=/home/maria/rmf_ws/install/rmf_robot_sim_common/lib:${LD_LIBRARY_PATH} /usr/bin/cmake --install /home/maria/rmf_ws/build/rmf_robot_sim_gz_plugins
[21.946s] -- Install configuration: ""
[21.946s] -- Installing: /home/maria/rmf_ws/install/rmf_robot_sim_gz_plugins/share/rmf_robot_sim_gz_plugins/environment/rmf_robot_sim_gz_plugins.dsv
[21.946s] -- Installing: /home/maria/rmf_ws/install/rmf_robot_sim_gz_plugins/lib/rmf_robot_sim_gz_plugins/libteleport_dispenser.so
[21.952s] -- Set non-toolchain portion of runtime path of "/home/maria/rmf_ws/install/rmf_robot_sim_gz_plugins/lib/rmf_robot_sim_gz_plugins/libteleport_dispenser.so" to ""
[21.952s] -- Installing: /home/maria/rmf_ws/install/rmf_robot_sim_gz_plugins/lib/rmf_robot_sim_gz_plugins/libteleport_ingestor.so
[21.958s] -- Set non-toolchain portion of runtime path of "/home/maria/rmf_ws/install/rmf_robot_sim_gz_plugins/lib/rmf_robot_sim_gz_plugins/libteleport_ingestor.so" to ""
[21.958s] -- Installing: /home/maria/rmf_ws/install/rmf_robot_sim_gz_plugins/lib/rmf_robot_sim_gz_plugins/libreadonly.so
[21.959s] -- Set non-toolchain portion of runtime path of "/home/maria/rmf_ws/install/rmf_robot_sim_gz_plugins/lib/rmf_robot_sim_gz_plugins/libreadonly.so" to ""
[21.959s] -- Installing: /home/maria/rmf_ws/install/rmf_robot_sim_gz_plugins/lib/rmf_robot_sim_gz_plugins/libslotcar.so
[21.961s] -- Set non-toolchain portion of runtime path of "/home/maria/rmf_ws/install/rmf_robot_sim_gz_plugins/lib/rmf_robot_sim_gz_plugins/libslotcar.so" to ""
[21.961s] -- Installing: /home/maria/rmf_ws/install/rmf_robot_sim_gz_plugins/share/ament_index/resource_index/package_run_dependencies/rmf_robot_sim_gz_plugins
[21.962s] -- Installing: /home/maria/rmf_ws/install/rmf_robot_sim_gz_plugins/share/ament_index/resource_index/parent_prefix_path/rmf_robot_sim_gz_plugins
[21.962s] -- Installing: /home/maria/rmf_ws/install/rmf_robot_sim_gz_plugins/share/rmf_robot_sim_gz_plugins/environment/ament_prefix_path.sh
[21.962s] -- Installing: /home/maria/rmf_ws/install/rmf_robot_sim_gz_plugins/share/rmf_robot_sim_gz_plugins/environment/ament_prefix_path.dsv
[21.962s] -- Installing: /home/maria/rmf_ws/install/rmf_robot_sim_gz_plugins/share/rmf_robot_sim_gz_plugins/environment/path.sh
[21.962s] -- Installing: /home/maria/rmf_ws/install/rmf_robot_sim_gz_plugins/share/rmf_robot_sim_gz_plugins/environment/path.dsv
[21.962s] -- Installing: /home/maria/rmf_ws/install/rmf_robot_sim_gz_plugins/share/rmf_robot_sim_gz_plugins/local_setup.bash
[21.962s] -- Installing: /home/maria/rmf_ws/install/rmf_robot_sim_gz_plugins/share/rmf_robot_sim_gz_plugins/local_setup.sh
[21.962s] -- Installing: /home/maria/rmf_ws/install/rmf_robot_sim_gz_plugins/share/rmf_robot_sim_gz_plugins/local_setup.zsh
[21.962s] -- Installing: /home/maria/rmf_ws/install/rmf_robot_sim_gz_plugins/share/rmf_robot_sim_gz_plugins/local_setup.dsv
[21.963s] -- Installing: /home/maria/rmf_ws/install/rmf_robot_sim_gz_plugins/share/rmf_robot_sim_gz_plugins/package.dsv
[21.963s] -- Installing: /home/maria/rmf_ws/install/rmf_robot_sim_gz_plugins/share/ament_index/resource_index/packages/rmf_robot_sim_gz_plugins
[21.963s] -- Installing: /home/maria/rmf_ws/install/rmf_robot_sim_gz_plugins/share/rmf_robot_sim_gz_plugins/cmake/rmf_robot_sim_gz_pluginsConfig.cmake
[21.963s] -- Installing: /home/maria/rmf_ws/install/rmf_robot_sim_gz_plugins/share/rmf_robot_sim_gz_plugins/cmake/rmf_robot_sim_gz_pluginsConfig-version.cmake
[21.963s] -- Installing: /home/maria/rmf_ws/install/rmf_robot_sim_gz_plugins/share/rmf_robot_sim_gz_plugins/package.xml
[21.964s] Invoked command in '/home/maria/rmf_ws/build/rmf_robot_sim_gz_plugins' returned '0': AMENT_PREFIX_PATH=/home/maria/rmf_ws/install/rmf_robot_sim_common:/home/maria/rmf_ws/install/rmf_building_sim_gz_plugins:${AMENT_PREFIX_PATH} CMAKE_PREFIX_PATH=/home/maria/rmf_ws/install/rmf_robot_sim_common:/home/maria/rmf_ws/install/rmf_building_sim_gz_plugins:/home/maria/rmf_ws/install/project_config:/home/maria/rmf_ws/install/project_simulation:/home/maria/rmf_ws/install/project_maps:/home/maria/rmf_ws/install/project_assets:/rmf_demos_ws/install/rmf_workcell_msgs:/rmf_demos_ws/install/rmf_demos_gz:/rmf_demos_ws/install/rmf_demos:/rmf_demos_ws/install/rmf_reservation_node:/rmf_demos_ws/install/rmf_fleet_adapter_python:/rmf_demos_ws/install/rmf_fleet_adapter:/rmf_demos_ws/install/rmf_task_ros2:/rmf_demos_ws/install/rmf_websocket:/rmf_demos_ws/install/rmf_visualization:/rmf_demos_ws/install/rmf_visualization_schedule:/rmf_demos_ws/install/rmf_visualization_rviz2_plugins:/rmf_demos_ws/install/rmf_visualization_obstacles:/rmf_demos_ws/install/rmf_visualization_navgraphs:/rmf_demos_ws/install/rmf_visualization_floorplans:/rmf_demos_ws/install/rmf_visualization_fleet_states:/rmf_demos_ws/install/rmf_visualization_msgs:/rmf_demos_ws/install/rmf_traffic_ros2:/rmf_demos_ws/install/rmf_task_sequence:/rmf_demos_ws/install/rmf_task:/rmf_demos_ws/install/rmf_battery:/rmf_demos_ws/install/rmf_traffic:/rmf_demos_ws/install/rmf_utils:/rmf_demos_ws/install/rmf_traffic_msgs:/rmf_demos_ws/install/rmf_traffic_editor_test_maps:/rmf_demos_ws/install/rmf_traffic_editor_assets:/rmf_demos_ws/install/rmf_traffic_editor:/rmf_demos_ws/install/rmf_task_msgs:/rmf_demos_ws/install/rmf_site_map_msgs:/rmf_demos_ws/install/rmf_scheduler_msgs:/rmf_demos_ws/install/rmf_robot_sim_gz_plugins:/rmf_demos_ws/install/rmf_robot_sim_common:/rmf_demos_ws/install/rmf_reservation_msgs:/rmf_demos_ws/install/rmf_obstacle_msgs:/rmf_demos_ws/install/rmf_building_sim_gz_plugins:/rmf_demos_ws/install/rmf_lift_msgs:/rmf_demos_ws/install/rmf_ingestor_msgs:/rmf_demos_ws/install/rmf_fleet_msgs:/rmf_demos_ws/install/rmf_door_msgs:/rmf_demos_ws/install/rmf_dispenser_msgs:/rmf_demos_ws/install/rmf_demos_maps:/rmf_demos_ws/install/rmf_demos_assets:/rmf_demos_ws/install/rmf_charger_msgs:/rmf_demos_ws/install/rmf_building_map_msgs:/rmf_demos_ws/install/rmf_api_msgs:/rmf_demos_ws/install/nlohmann_json_schema_validator_vendor:/home/maria/rmf_ws/install/project_fleet_adapter:/rmf_demos_ws/install/rmf_demos_fleet_adapter:/rmf_demos_ws/install/rmf_visualization_building_systems:/rmf_demos_ws/install/rmf_traffic_examples:/rmf_demos_ws/install/rmf_demos_bridges:/rmf_demos_ws/install/rmf_demos_tasks:/rmf_demos_ws/install/rmf_building_map_tools:/rmf_demos_ws/install/rmf_charging_schedule:/opt/ros/jazzy:/rmf_demos_ws/install/menge_vendor:/rmf_demos_ws/install/ament_cmake_catch2:/opt/ros/jazzy/opt/gz_sim_vendor:/opt/ros/jazzy/opt/gz_sensors_vendor:/opt/ros/jazzy/opt/gz_physics_vendor:/opt/ros/jazzy/opt/sdformat_vendor:/opt/ros/jazzy/opt/gz_gui_vendor:/opt/ros/jazzy/opt/gz_transport_vendor:/opt/ros/jazzy/opt/gz_rendering_vendor:/opt/ros/jazzy/opt/gz_plugin_vendor:/opt/ros/jazzy/opt/gz_fuel_tools_vendor:/opt/ros/jazzy/opt/gz_msgs_vendor:/opt/ros/jazzy/opt/gz_common_vendor:/opt/ros/jazzy/opt/gz_math_vendor:/opt/ros/jazzy/opt/gz_utils_vendor:/opt/ros/jazzy/opt/gz_tools_vendor:/opt/ros/jazzy/opt/gz_ogre_next_vendor:/opt/ros/jazzy/opt/gz_dartsim_vendor:/opt/ros/jazzy/opt/gz_cmake_vendor LD_LIBRARY_PATH=/home/maria/rmf_ws/install/rmf_robot_sim_common/lib:${LD_LIBRARY_PATH} /usr/bin/cmake --install /home/maria/rmf_ws/build/rmf_robot_sim_gz_plugins
