[0.010s] Invoking command in '/home/maria/Documentos/GitHub/IR2134/rmf_ws/build/project_simulation': CMAKE_PREFIX_PATH=/opt/ros/humble /usr/bin/cmake /home/maria/Documentos/GitHub/IR2134/rmf_ws/src/project/project_simulation -DCMAKE_INSTALL_PREFIX=/home/maria/Documentos/GitHub/IR2134/rmf_ws/install/project_simulation
[0.019s] -- Found ament_cmake: 1.3.12 (/opt/ros/humble/share/ament_cmake/cmake)
[0.313s] -- Found Python3: /usr/bin/python3 (found version "3.10.12") found components: Interpreter 
[0.394s] -- Found ament_lint_auto: 0.12.14 (/opt/ros/humble/share/ament_lint_auto/cmake)
[0.458s] -- Added test 'lint_cmake' to check CMake code style
[0.459s] -- Added test 'xmllint' to check XML markup files
[0.460s] -- Configuring done
[0.462s] -- Generating done
[0.463s] -- Build files have been written to: /home/maria/Documentos/GitHub/IR2134/rmf_ws/build/project_simulation
[0.465s] Invoked command in '/home/maria/Documentos/GitHub/IR2134/rmf_ws/build/project_simulation' returned '0': CMAKE_PREFIX_PATH=/opt/ros/humble /usr/bin/cmake /home/maria/Documentos/GitHub/IR2134/rmf_ws/src/project/project_simulation -DCMAKE_INSTALL_PREFIX=/home/maria/Documentos/GitHub/IR2134/rmf_ws/install/project_simulation
[0.466s] Invoking command in '/home/maria/Documentos/GitHub/IR2134/rmf_ws/build/project_simulation': CMAKE_PREFIX_PATH=/opt/ros/humble /usr/bin/cmake --build /home/maria/Documentos/GitHub/IR2134/rmf_ws/build/project_simulation -- -j8 -l8
[0.493s] Invoked command in '/home/maria/Documentos/GitHub/IR2134/rmf_ws/build/project_simulation' returned '0': CMAKE_PREFIX_PATH=/opt/ros/humble /usr/bin/cmake --build /home/maria/Documentos/GitHub/IR2134/rmf_ws/build/project_simulation -- -j8 -l8
[0.495s] Invoking command in '/home/maria/Documentos/GitHub/IR2134/rmf_ws/build/project_simulation': CMAKE_PREFIX_PATH=/opt/ros/humble /usr/bin/cmake --install /home/maria/Documentos/GitHub/IR2134/rmf_ws/build/project_simulation
[0.500s] -- Install configuration: ""
[0.500s] -- Installing: /home/maria/Documentos/GitHub/IR2134/rmf_ws/install/project_simulation/share/ament_index/resource_index/package_run_dependencies/project_simulation
[0.501s] -- Installing: /home/maria/Documentos/GitHub/IR2134/rmf_ws/install/project_simulation/share/ament_index/resource_index/parent_prefix_path/project_simulation
[0.501s] -- Installing: /home/maria/Documentos/GitHub/IR2134/rmf_ws/install/project_simulation/share/project_simulation/environment/ament_prefix_path.sh
[0.501s] -- Installing: /home/maria/Documentos/GitHub/IR2134/rmf_ws/install/project_simulation/share/project_simulation/environment/ament_prefix_path.dsv
[0.501s] -- Installing: /home/maria/Documentos/GitHub/IR2134/rmf_ws/install/project_simulation/share/project_simulation/environment/path.sh
[0.501s] -- Installing: /home/maria/Documentos/GitHub/IR2134/rmf_ws/install/project_simulation/share/project_simulation/environment/path.dsv
[0.501s] -- Installing: /home/maria/Documentos/GitHub/IR2134/rmf_ws/install/project_simulation/share/project_simulation/local_setup.bash
[0.501s] -- Installing: /home/maria/Documentos/GitHub/IR2134/rmf_ws/install/project_simulation/share/project_simulation/local_setup.sh
[0.501s] -- Installing: /home/maria/Documentos/GitHub/IR2134/rmf_ws/install/project_simulation/share/project_simulation/local_setup.zsh
[0.501s] -- Installing: /home/maria/Documentos/GitHub/IR2134/rmf_ws/install/project_simulation/share/project_simulation/local_setup.dsv
[0.501s] -- Installing: /home/maria/Documentos/GitHub/IR2134/rmf_ws/install/project_simulation/share/project_simulation/package.dsv
[0.502s] -- Installing: /home/maria/Documentos/GitHub/IR2134/rmf_ws/install/project_simulation/share/ament_index/resource_index/packages/project_simulation
[0.502s] -- Installing: /home/maria/Documentos/GitHub/IR2134/rmf_ws/install/project_simulation/share/project_simulation/cmake/project_simulationConfig.cmake
[0.502s] -- Installing: /home/maria/Documentos/GitHub/IR2134/rmf_ws/install/project_simulation/share/project_simulation/cmake/project_simulationConfig-version.cmake
[0.502s] -- Installing: /home/maria/Documentos/GitHub/IR2134/rmf_ws/install/project_simulation/share/project_simulation/package.xml
[0.523s] Invoked command in '/home/maria/Documentos/GitHub/IR2134/rmf_ws/build/project_simulation' returned '0': CMAKE_PREFIX_PATH=/opt/ros/humble /usr/bin/cmake --install /home/maria/Documentos/GitHub/IR2134/rmf_ws/build/project_simulation
