running egg_info
creating ../../../build/project_fleet_adapter/project_fleet_adapter.egg-info
writing ../../../build/project_fleet_adapter/project_fleet_adapter.egg-info/PKG-INFO
writing dependency_links to ../../../build/project_fleet_adapter/project_fleet_adapter.egg-info/dependency_links.txt
writing entry points to ../../../build/project_fleet_adapter/project_fleet_adapter.egg-info/entry_points.txt
writing requirements to ../../../build/project_fleet_adapter/project_fleet_adapter.egg-info/requires.txt
writing top-level names to ../../../build/project_fleet_adapter/project_fleet_adapter.egg-info/top_level.txt
writing manifest file '../../../build/project_fleet_adapter/project_fleet_adapter.egg-info/SOURCES.txt'
reading manifest file '../../../build/project_fleet_adapter/project_fleet_adapter.egg-info/SOURCES.txt'
writing manifest file '../../../build/project_fleet_adapter/project_fleet_adapter.egg-info/SOURCES.txt'
running build
running build_py
copying test/test_copyright.py -> /home/maria/Documentos/GitHub/IR2134/rmf_ws/build/project_fleet_adapter/build/lib/test
copying test/test_pep257.py -> /home/maria/Documentos/GitHub/IR2134/rmf_ws/build/project_fleet_adapter/build/lib/test
copying test/test_flake8.py -> /home/maria/Documentos/GitHub/IR2134/rmf_ws/build/project_fleet_adapter/build/lib/test
copying test/__init__.py -> /home/maria/Documentos/GitHub/IR2134/rmf_ws/build/project_fleet_adapter/build/lib/test
copying project_fleet_adapter/fleet_adapter.py -> /home/maria/Documentos/GitHub/IR2134/rmf_ws/build/project_fleet_adapter/build/lib/project_fleet_adapter
copying project_fleet_adapter/RobotClientAPI.py -> /home/maria/Documentos/GitHub/IR2134/rmf_ws/build/project_fleet_adapter/build/lib/project_fleet_adapter
copying project_fleet_adapter/manage_lane.py -> /home/maria/Documentos/GitHub/IR2134/rmf_ws/build/project_fleet_adapter/build/lib/project_fleet_adapter
copying project_fleet_adapter/fleet_manager.py -> /home/maria/Documentos/GitHub/IR2134/rmf_ws/build/project_fleet_adapter/build/lib/project_fleet_adapter
copying project_fleet_adapter/__init__.py -> /home/maria/Documentos/GitHub/IR2134/rmf_ws/build/project_fleet_adapter/build/lib/project_fleet_adapter
running install
running install_lib
running install_data
copying config.yaml -> /home/maria/Documentos/GitHub/IR2134/rmf_ws/install/project_fleet_adapter/share/project_fleet_adapter
creating /home/maria/Documentos/GitHub/IR2134/rmf_ws/install/project_fleet_adapter/share/project_fleet_adapter/launch
copying launch/fleet_adapter.launch.xml -> /home/maria/Documentos/GitHub/IR2134/rmf_ws/install/project_fleet_adapter/share/project_fleet_adapter/launch
running install_egg_info
Copying ../../../build/project_fleet_adapter/project_fleet_adapter.egg-info to /home/maria/Documentos/GitHub/IR2134/rmf_ws/install/project_fleet_adapter/lib/python3.10/site-packages/project_fleet_adapter-2.8.1-py3.10.egg-info
running install_scripts
Installing fleet_adapter script to /home/maria/Documentos/GitHub/IR2134/rmf_ws/install/project_fleet_adapter/lib/rmf_demos_fleet_adapter
Installing fleet_manager script to /home/maria/Documentos/GitHub/IR2134/rmf_ws/install/project_fleet_adapter/lib/rmf_demos_fleet_adapter
Installing manage_lane script to /home/maria/Documentos/GitHub/IR2134/rmf_ws/install/project_fleet_adapter/lib/rmf_demos_fleet_adapter
writing list of installed files to '/home/maria/Documentos/GitHub/IR2134/rmf_ws/build/project_fleet_adapter/install.log'
