[  0%] Built target register_component_autogen_timestamp_deps
[  0%] Built target lift_autogen_timestamp_deps
[  0%] Built target crowd_simulator_autogen_timestamp_deps
[  0%] Built target door_autogen_timestamp_deps
[  0%] Built target toggle_charging_autogen_timestamp_deps
[  0%] Built target toggle_floors_autogen_timestamp_deps
[  2%] Built target register_component_autogen
[  5%] Built target crowd_simulator_autogen
[  8%] Built target door_autogen
[ 11%] Built target lift_autogen
[ 13%] Built target toggle_charging_autogen
[ 16%] Built target toggle_floors_autogen
[ 27%] Built target crowd_simulator
[ 38%] Built target register_component
[ 50%] Built target door
[ 61%] Built target lift
[ 77%] Built target toggle_charging
[100%] Built target toggle_floors
-- Install configuration: ""
-- Up-to-date: /home/maria/rmf_ws/install/rmf_building_sim_gz_plugins/share/rmf_building_sim_gz_plugins/environment/rmf_building_sim_gz_plugins.dsv
-- Up-to-date: /home/maria/rmf_ws/install/rmf_building_sim_gz_plugins/lib/rmf_building_sim_gz_plugins/libdoor.so
-- Up-to-date: /home/maria/rmf_ws/install/rmf_building_sim_gz_plugins/lib/rmf_building_sim_gz_plugins/liblift.so
-- Up-to-date: /home/maria/rmf_ws/install/rmf_building_sim_gz_plugins/lib/rmf_building_sim_gz_plugins/libcrowd_simulator.so
-- Up-to-date: /home/maria/rmf_ws/install/rmf_building_sim_gz_plugins/lib/rmf_building_sim_gz_plugins/libtoggle_charging.so
-- Up-to-date: /home/maria/rmf_ws/install/rmf_building_sim_gz_plugins/lib/rmf_building_sim_gz_plugins/libtoggle_floors.so
-- Up-to-date: /home/maria/rmf_ws/install/rmf_building_sim_gz_plugins/lib/rmf_building_sim_gz_plugins/libregister_component.so
-- Up-to-date: /home/maria/rmf_ws/install/rmf_building_sim_gz_plugins/include
-- Up-to-date: /home/maria/rmf_ws/install/rmf_building_sim_gz_plugins/include/rmf_building_sim_gz_plugins
-- Up-to-date: /home/maria/rmf_ws/install/rmf_building_sim_gz_plugins/include/rmf_building_sim_gz_plugins/utils.hpp
-- Up-to-date: /home/maria/rmf_ws/install/rmf_building_sim_gz_plugins/include/rmf_building_sim_gz_plugins/components
-- Up-to-date: /home/maria/rmf_ws/install/rmf_building_sim_gz_plugins/include/rmf_building_sim_gz_plugins/components/Door.hpp
-- Up-to-date: /home/maria/rmf_ws/install/rmf_building_sim_gz_plugins/include/rmf_building_sim_gz_plugins/components/Charger.hpp
-- Up-to-date: /home/maria/rmf_ws/install/rmf_building_sim_gz_plugins/include/rmf_building_sim_gz_plugins/components/Lift.hpp
-- Up-to-date: /home/maria/rmf_ws/install/rmf_building_sim_gz_plugins/share/ament_index/resource_index/package_run_dependencies/rmf_building_sim_gz_plugins
-- Up-to-date: /home/maria/rmf_ws/install/rmf_building_sim_gz_plugins/share/ament_index/resource_index/parent_prefix_path/rmf_building_sim_gz_plugins
-- Up-to-date: /home/maria/rmf_ws/install/rmf_building_sim_gz_plugins/share/rmf_building_sim_gz_plugins/environment/ament_prefix_path.sh
-- Up-to-date: /home/maria/rmf_ws/install/rmf_building_sim_gz_plugins/share/rmf_building_sim_gz_plugins/environment/ament_prefix_path.dsv
-- Up-to-date: /home/maria/rmf_ws/install/rmf_building_sim_gz_plugins/share/rmf_building_sim_gz_plugins/environment/path.sh
-- Up-to-date: /home/maria/rmf_ws/install/rmf_building_sim_gz_plugins/share/rmf_building_sim_gz_plugins/environment/path.dsv
-- Up-to-date: /home/maria/rmf_ws/install/rmf_building_sim_gz_plugins/share/rmf_building_sim_gz_plugins/local_setup.bash
-- Up-to-date: /home/maria/rmf_ws/install/rmf_building_sim_gz_plugins/share/rmf_building_sim_gz_plugins/local_setup.sh
-- Up-to-date: /home/maria/rmf_ws/install/rmf_building_sim_gz_plugins/share/rmf_building_sim_gz_plugins/local_setup.zsh
-- Up-to-date: /home/maria/rmf_ws/install/rmf_building_sim_gz_plugins/share/rmf_building_sim_gz_plugins/local_setup.dsv
-- Installing: /home/maria/rmf_ws/install/rmf_building_sim_gz_plugins/share/rmf_building_sim_gz_plugins/package.dsv
-- Up-to-date: /home/maria/rmf_ws/install/rmf_building_sim_gz_plugins/share/ament_index/resource_index/packages/rmf_building_sim_gz_plugins
-- Up-to-date: /home/maria/rmf_ws/install/rmf_building_sim_gz_plugins/share/rmf_building_sim_gz_plugins/cmake/ament_cmake_export_include_directories-extras.cmake
-- Up-to-date: /home/maria/rmf_ws/install/rmf_building_sim_gz_plugins/share/rmf_building_sim_gz_plugins/cmake/rmf_building_sim_gz_pluginsConfig.cmake
-- Up-to-date: /home/maria/rmf_ws/install/rmf_building_sim_gz_plugins/share/rmf_building_sim_gz_plugins/cmake/rmf_building_sim_gz_pluginsConfig-version.cmake
-- Up-to-date: /home/maria/rmf_ws/install/rmf_building_sim_gz_plugins/share/rmf_building_sim_gz_plugins/package.xml
