[0.020s] Invoking command in '/home/maria/Documentos/GitHub/IR2134/rmf_ws/build/project_assets': CMAKE_PREFIX_PATH=${CMAKE_PREFIX_PATH}:/home/maria/Documentos/GitHub/IR2134/rmf_ws/install/rmf_demos_fleet_adapter:/opt/ros/humble /usr/bin/cmake /home/maria/Documentos/GitHub/IR2134/rmf_ws/src/project/project_assets -DCMAKE_INSTALL_PREFIX=/home/maria/Documentos/GitHub/IR2134/rmf_ws/install/project_assets
[0.247s] -- The C compiler identification is GNU 11.4.0
[0.247s] -- The CXX compiler identification is GNU 11.4.0
[0.247s] -- Detecting C compiler ABI info
[0.248s] -- Detecting C compiler ABI info - done
[0.248s] -- Check for working C compiler: /usr/lib/ccache/cc - skipped
[0.248s] -- Detecting C compile features
[0.248s] -- Detecting C compile features - done
[0.248s] -- Detecting CXX compiler ABI info
[0.278s] -- Detecting CXX compiler ABI info - done
[0.286s] -- Check for working CXX compiler: /usr/lib/ccache/c++ - skipped
[0.286s] -- Detecting CXX compile features
[0.287s] -- Detecting CXX compile features - done
[0.290s] -- Found ament_cmake: 1.3.12 (/opt/ros/humble/share/ament_cmake/cmake)
[0.653s] -- Found Python3: /usr/bin/python3 (found version "3.10.12") found components: Interpreter 
[0.737s] [31mCMake Error at /opt/ros/humble/share/ament_cmake_core/cmake/core/assert_file_exists.cmake:20 (message):
[0.737s]   ament_environment_hooks() the passed hook file
[0.737s]   '/home/maria/Documentos/GitHub/IR2134/rmf_ws/src/project/project_assets/hooks/project_assets.dsv.in'
[0.738s]   does not exist
[0.738s] Call Stack (most recent call first):
[0.738s]   /opt/ros/humble/share/ament_cmake_core/cmake/environment_hooks/ament_environment_hooks.cmake:35 (assert_file_exists)
[0.738s]   CMakeLists.txt:7 (ament_environment_hooks)
[0.738s] 
[0.738s] [0m
[0.738s] -- Configuring incomplete, errors occurred!
[0.738s] See also "/home/maria/Documentos/GitHub/IR2134/rmf_ws/build/project_assets/CMakeFiles/CMakeOutput.log".
[0.743s] Invoked command in '/home/maria/Documentos/GitHub/IR2134/rmf_ws/build/project_assets' returned '1': CMAKE_PREFIX_PATH=${CMAKE_PREFIX_PATH}:/home/maria/Documentos/GitHub/IR2134/rmf_ws/install/rmf_demos_fleet_adapter:/opt/ros/humble /usr/bin/cmake /home/maria/Documentos/GitHub/IR2134/rmf_ws/src/project/project_assets -DCMAKE_INSTALL_PREFIX=/home/maria/Documentos/GitHub/IR2134/rmf_ws/install/project_assets
