running egg_info
creating ../../../build/project_fleet_adapter/rmf_demos_fleet_adapter.egg-info
writing ../../../build/project_fleet_adapter/rmf_demos_fleet_adapter.egg-info/PKG-INFO
writing dependency_links to ../../../build/project_fleet_adapter/rmf_demos_fleet_adapter.egg-info/dependency_links.txt
writing entry points to ../../../build/project_fleet_adapter/rmf_demos_fleet_adapter.egg-info/entry_points.txt
writing requirements to ../../../build/project_fleet_adapter/rmf_demos_fleet_adapter.egg-info/requires.txt
writing top-level names to ../../../build/project_fleet_adapter/rmf_demos_fleet_adapter.egg-info/top_level.txt
writing manifest file '../../../build/project_fleet_adapter/rmf_demos_fleet_adapter.egg-info/SOURCES.txt'
reading manifest file '../../../build/project_fleet_adapter/rmf_demos_fleet_adapter.egg-info/SOURCES.txt'
writing manifest file '../../../build/project_fleet_adapter/rmf_demos_fleet_adapter.egg-info/SOURCES.txt'
running build
running build_py
creating /home/maria/Documentos/GitHub/IR2134/rmf_ws/build/project_fleet_adapter/build/lib/test
copying test/test_copyright.py -> /home/maria/Documentos/GitHub/IR2134/rmf_ws/build/project_fleet_adapter/build/lib/test
copying test/test_pep257.py -> /home/maria/Documentos/GitHub/IR2134/rmf_ws/build/project_fleet_adapter/build/lib/test
copying test/test_flake8.py -> /home/maria/Documentos/GitHub/IR2134/rmf_ws/build/project_fleet_adapter/build/lib/test
copying test/__init__.py -> /home/maria/Documentos/GitHub/IR2134/rmf_ws/build/project_fleet_adapter/build/lib/test
creating /home/maria/Documentos/GitHub/IR2134/rmf_ws/build/project_fleet_adapter/build/lib/project_fleet_adapter
copying project_fleet_adapter/fleet_adapter.py -> /home/maria/Documentos/GitHub/IR2134/rmf_ws/build/project_fleet_adapter/build/lib/project_fleet_adapter
copying project_fleet_adapter/RobotClientAPI.py -> /home/maria/Documentos/GitHub/IR2134/rmf_ws/build/project_fleet_adapter/build/lib/project_fleet_adapter
copying project_fleet_adapter/manage_lane.py -> /home/maria/Documentos/GitHub/IR2134/rmf_ws/build/project_fleet_adapter/build/lib/project_fleet_adapter
copying project_fleet_adapter/fleet_manager.py -> /home/maria/Documentos/GitHub/IR2134/rmf_ws/build/project_fleet_adapter/build/lib/project_fleet_adapter
copying project_fleet_adapter/__init__.py -> /home/maria/Documentos/GitHub/IR2134/rmf_ws/build/project_fleet_adapter/build/lib/project_fleet_adapter
running install
running install_lib
creating /home/maria/Documentos/GitHub/IR2134/rmf_ws/install/project_fleet_adapter/lib/python3.10/site-packages/test
copying /home/maria/Documentos/GitHub/IR2134/rmf_ws/build/project_fleet_adapter/build/lib/test/test_copyright.py -> /home/maria/Documentos/GitHub/IR2134/rmf_ws/install/project_fleet_adapter/lib/python3.10/site-packages/test
copying /home/maria/Documentos/GitHub/IR2134/rmf_ws/build/project_fleet_adapter/build/lib/test/test_pep257.py -> /home/maria/Documentos/GitHub/IR2134/rmf_ws/install/project_fleet_adapter/lib/python3.10/site-packages/test
copying /home/maria/Documentos/GitHub/IR2134/rmf_ws/build/project_fleet_adapter/build/lib/test/test_flake8.py -> /home/maria/Documentos/GitHub/IR2134/rmf_ws/install/project_fleet_adapter/lib/python3.10/site-packages/test
copying /home/maria/Documentos/GitHub/IR2134/rmf_ws/build/project_fleet_adapter/build/lib/test/__init__.py -> /home/maria/Documentos/GitHub/IR2134/rmf_ws/install/project_fleet_adapter/lib/python3.10/site-packages/test
creating /home/maria/Documentos/GitHub/IR2134/rmf_ws/install/project_fleet_adapter/lib/python3.10/site-packages/project_fleet_adapter
copying /home/maria/Documentos/GitHub/IR2134/rmf_ws/build/project_fleet_adapter/build/lib/project_fleet_adapter/fleet_adapter.py -> /home/maria/Documentos/GitHub/IR2134/rmf_ws/install/project_fleet_adapter/lib/python3.10/site-packages/project_fleet_adapter
copying /home/maria/Documentos/GitHub/IR2134/rmf_ws/build/project_fleet_adapter/build/lib/project_fleet_adapter/RobotClientAPI.py -> /home/maria/Documentos/GitHub/IR2134/rmf_ws/install/project_fleet_adapter/lib/python3.10/site-packages/project_fleet_adapter
copying /home/maria/Documentos/GitHub/IR2134/rmf_ws/build/project_fleet_adapter/build/lib/project_fleet_adapter/manage_lane.py -> /home/maria/Documentos/GitHub/IR2134/rmf_ws/install/project_fleet_adapter/lib/python3.10/site-packages/project_fleet_adapter
copying /home/maria/Documentos/GitHub/IR2134/rmf_ws/build/project_fleet_adapter/build/lib/project_fleet_adapter/fleet_manager.py -> /home/maria/Documentos/GitHub/IR2134/rmf_ws/install/project_fleet_adapter/lib/python3.10/site-packages/project_fleet_adapter
copying /home/maria/Documentos/GitHub/IR2134/rmf_ws/build/project_fleet_adapter/build/lib/project_fleet_adapter/__init__.py -> /home/maria/Documentos/GitHub/IR2134/rmf_ws/install/project_fleet_adapter/lib/python3.10/site-packages/project_fleet_adapter
byte-compiling /home/maria/Documentos/GitHub/IR2134/rmf_ws/install/project_fleet_adapter/lib/python3.10/site-packages/test/test_copyright.py to test_copyright.cpython-310.pyc
byte-compiling /home/maria/Documentos/GitHub/IR2134/rmf_ws/install/project_fleet_adapter/lib/python3.10/site-packages/test/test_pep257.py to test_pep257.cpython-310.pyc
byte-compiling /home/maria/Documentos/GitHub/IR2134/rmf_ws/install/project_fleet_adapter/lib/python3.10/site-packages/test/test_flake8.py to test_flake8.cpython-310.pyc
byte-compiling /home/maria/Documentos/GitHub/IR2134/rmf_ws/install/project_fleet_adapter/lib/python3.10/site-packages/test/__init__.py to __init__.cpython-310.pyc
byte-compiling /home/maria/Documentos/GitHub/IR2134/rmf_ws/install/project_fleet_adapter/lib/python3.10/site-packages/project_fleet_adapter/fleet_adapter.py to fleet_adapter.cpython-310.pyc
byte-compiling /home/maria/Documentos/GitHub/IR2134/rmf_ws/install/project_fleet_adapter/lib/python3.10/site-packages/project_fleet_adapter/RobotClientAPI.py to RobotClientAPI.cpython-310.pyc
byte-compiling /home/maria/Documentos/GitHub/IR2134/rmf_ws/install/project_fleet_adapter/lib/python3.10/site-packages/project_fleet_adapter/manage_lane.py to manage_lane.cpython-310.pyc
byte-compiling /home/maria/Documentos/GitHub/IR2134/rmf_ws/install/project_fleet_adapter/lib/python3.10/site-packages/project_fleet_adapter/fleet_manager.py to fleet_manager.cpython-310.pyc
byte-compiling /home/maria/Documentos/GitHub/IR2134/rmf_ws/install/project_fleet_adapter/lib/python3.10/site-packages/project_fleet_adapter/__init__.py to __init__.cpython-310.pyc
running install_data
