[0.720s] Invoking command in '/home/maria/Documentos/GitHub/IR2134/rmf_ws/src/project/project_fleet_adapter': PYTHONPATH=/home/maria/Documentos/GitHub/IR2134/rmf_ws/build/project_fleet_adapter/prefix_override:/usr/lib/python3/dist-packages/colcon_core/task/python/colcon_distutils_commands:/home/maria/Documentos/GitHub/IR2134/rmf_ws/install/project_fleet_adapter/lib/python3.10/site-packages:${PYTHONPATH} /usr/bin/python3 -W ignore:setup.py install is deprecated -W ignore:easy_install command is deprecated setup.py egg_info --egg-base ../../../build/project_fleet_adapter build --build-base /home/maria/Documentos/GitHub/IR2134/rmf_ws/build/project_fleet_adapter/build install --record /home/maria/Documentos/GitHub/IR2134/rmf_ws/build/project_fleet_adapter/install.log --single-version-externally-managed install_data
[0.844s] /home/maria/.local/lib/python3.10/site-packages/setuptools/_distutils/dist.py:289: UserWarning: Unknown distribution option: 'tests_require'
[0.844s]   warnings.warn(msg)
[0.921s] running egg_info
[0.937s] creating ../../../build/project_fleet_adapter/rmf_demos_fleet_adapter.egg-info
[0.937s] writing ../../../build/project_fleet_adapter/rmf_demos_fleet_adapter.egg-info/PKG-INFO
[0.938s] writing dependency_links to ../../../build/project_fleet_adapter/rmf_demos_fleet_adapter.egg-info/dependency_links.txt
[0.938s] writing entry points to ../../../build/project_fleet_adapter/rmf_demos_fleet_adapter.egg-info/entry_points.txt
[0.938s] writing requirements to ../../../build/project_fleet_adapter/rmf_demos_fleet_adapter.egg-info/requires.txt
[0.938s] writing top-level names to ../../../build/project_fleet_adapter/rmf_demos_fleet_adapter.egg-info/top_level.txt
[0.938s] writing manifest file '../../../build/project_fleet_adapter/rmf_demos_fleet_adapter.egg-info/SOURCES.txt'
[0.967s] reading manifest file '../../../build/project_fleet_adapter/rmf_demos_fleet_adapter.egg-info/SOURCES.txt'
[0.968s] writing manifest file '../../../build/project_fleet_adapter/rmf_demos_fleet_adapter.egg-info/SOURCES.txt'
[0.968s] running build
[0.968s] running build_py
[0.968s] creating /home/maria/Documentos/GitHub/IR2134/rmf_ws/build/project_fleet_adapter/build/lib/test
[0.968s] copying test/test_copyright.py -> /home/maria/Documentos/GitHub/IR2134/rmf_ws/build/project_fleet_adapter/build/lib/test
[0.968s] copying test/test_pep257.py -> /home/maria/Documentos/GitHub/IR2134/rmf_ws/build/project_fleet_adapter/build/lib/test
[0.968s] copying test/test_flake8.py -> /home/maria/Documentos/GitHub/IR2134/rmf_ws/build/project_fleet_adapter/build/lib/test
[0.968s] copying test/__init__.py -> /home/maria/Documentos/GitHub/IR2134/rmf_ws/build/project_fleet_adapter/build/lib/test
[0.969s] creating /home/maria/Documentos/GitHub/IR2134/rmf_ws/build/project_fleet_adapter/build/lib/project_fleet_adapter
[0.969s] copying project_fleet_adapter/fleet_adapter.py -> /home/maria/Documentos/GitHub/IR2134/rmf_ws/build/project_fleet_adapter/build/lib/project_fleet_adapter
[0.969s] copying project_fleet_adapter/RobotClientAPI.py -> /home/maria/Documentos/GitHub/IR2134/rmf_ws/build/project_fleet_adapter/build/lib/project_fleet_adapter
[0.969s] copying project_fleet_adapter/manage_lane.py -> /home/maria/Documentos/GitHub/IR2134/rmf_ws/build/project_fleet_adapter/build/lib/project_fleet_adapter
[0.969s] copying project_fleet_adapter/fleet_manager.py -> /home/maria/Documentos/GitHub/IR2134/rmf_ws/build/project_fleet_adapter/build/lib/project_fleet_adapter
[0.970s] copying project_fleet_adapter/__init__.py -> /home/maria/Documentos/GitHub/IR2134/rmf_ws/build/project_fleet_adapter/build/lib/project_fleet_adapter
[0.970s] running install
[0.978s] running install_lib
[0.992s] creating /home/maria/Documentos/GitHub/IR2134/rmf_ws/install/project_fleet_adapter/lib/python3.10/site-packages/test
[0.992s] copying /home/maria/Documentos/GitHub/IR2134/rmf_ws/build/project_fleet_adapter/build/lib/test/test_copyright.py -> /home/maria/Documentos/GitHub/IR2134/rmf_ws/install/project_fleet_adapter/lib/python3.10/site-packages/test
[0.993s] copying /home/maria/Documentos/GitHub/IR2134/rmf_ws/build/project_fleet_adapter/build/lib/test/test_pep257.py -> /home/maria/Documentos/GitHub/IR2134/rmf_ws/install/project_fleet_adapter/lib/python3.10/site-packages/test
[0.993s] copying /home/maria/Documentos/GitHub/IR2134/rmf_ws/build/project_fleet_adapter/build/lib/test/test_flake8.py -> /home/maria/Documentos/GitHub/IR2134/rmf_ws/install/project_fleet_adapter/lib/python3.10/site-packages/test
[0.993s] copying /home/maria/Documentos/GitHub/IR2134/rmf_ws/build/project_fleet_adapter/build/lib/test/__init__.py -> /home/maria/Documentos/GitHub/IR2134/rmf_ws/install/project_fleet_adapter/lib/python3.10/site-packages/test
[0.993s] creating /home/maria/Documentos/GitHub/IR2134/rmf_ws/install/project_fleet_adapter/lib/python3.10/site-packages/project_fleet_adapter
[0.993s] copying /home/maria/Documentos/GitHub/IR2134/rmf_ws/build/project_fleet_adapter/build/lib/project_fleet_adapter/fleet_adapter.py -> /home/maria/Documentos/GitHub/IR2134/rmf_ws/install/project_fleet_adapter/lib/python3.10/site-packages/project_fleet_adapter
[0.993s] copying /home/maria/Documentos/GitHub/IR2134/rmf_ws/build/project_fleet_adapter/build/lib/project_fleet_adapter/RobotClientAPI.py -> /home/maria/Documentos/GitHub/IR2134/rmf_ws/install/project_fleet_adapter/lib/python3.10/site-packages/project_fleet_adapter
[0.993s] copying /home/maria/Documentos/GitHub/IR2134/rmf_ws/build/project_fleet_adapter/build/lib/project_fleet_adapter/manage_lane.py -> /home/maria/Documentos/GitHub/IR2134/rmf_ws/install/project_fleet_adapter/lib/python3.10/site-packages/project_fleet_adapter
[0.993s] copying /home/maria/Documentos/GitHub/IR2134/rmf_ws/build/project_fleet_adapter/build/lib/project_fleet_adapter/fleet_manager.py -> /home/maria/Documentos/GitHub/IR2134/rmf_ws/install/project_fleet_adapter/lib/python3.10/site-packages/project_fleet_adapter
[0.993s] copying /home/maria/Documentos/GitHub/IR2134/rmf_ws/build/project_fleet_adapter/build/lib/project_fleet_adapter/__init__.py -> /home/maria/Documentos/GitHub/IR2134/rmf_ws/install/project_fleet_adapter/lib/python3.10/site-packages/project_fleet_adapter
[0.994s] byte-compiling /home/maria/Documentos/GitHub/IR2134/rmf_ws/install/project_fleet_adapter/lib/python3.10/site-packages/test/test_copyright.py to test_copyright.cpython-310.pyc
[0.994s] byte-compiling /home/maria/Documentos/GitHub/IR2134/rmf_ws/install/project_fleet_adapter/lib/python3.10/site-packages/test/test_pep257.py to test_pep257.cpython-310.pyc
[0.994s] byte-compiling /home/maria/Documentos/GitHub/IR2134/rmf_ws/install/project_fleet_adapter/lib/python3.10/site-packages/test/test_flake8.py to test_flake8.cpython-310.pyc
[0.995s] byte-compiling /home/maria/Documentos/GitHub/IR2134/rmf_ws/install/project_fleet_adapter/lib/python3.10/site-packages/test/__init__.py to __init__.cpython-310.pyc
[0.995s] byte-compiling /home/maria/Documentos/GitHub/IR2134/rmf_ws/install/project_fleet_adapter/lib/python3.10/site-packages/project_fleet_adapter/fleet_adapter.py to fleet_adapter.cpython-310.pyc
[0.999s] byte-compiling /home/maria/Documentos/GitHub/IR2134/rmf_ws/install/project_fleet_adapter/lib/python3.10/site-packages/project_fleet_adapter/RobotClientAPI.py to RobotClientAPI.cpython-310.pyc
[1.001s] byte-compiling /home/maria/Documentos/GitHub/IR2134/rmf_ws/install/project_fleet_adapter/lib/python3.10/site-packages/project_fleet_adapter/manage_lane.py to manage_lane.cpython-310.pyc
[1.002s] byte-compiling /home/maria/Documentos/GitHub/IR2134/rmf_ws/install/project_fleet_adapter/lib/python3.10/site-packages/project_fleet_adapter/fleet_manager.py to fleet_manager.cpython-310.pyc
[1.005s] byte-compiling /home/maria/Documentos/GitHub/IR2134/rmf_ws/install/project_fleet_adapter/lib/python3.10/site-packages/project_fleet_adapter/__init__.py to __init__.cpython-310.pyc
[1.005s] running install_data
[1.005s] error: can't copy 'resource/rmf_demos_fleet_adapter': doesn't exist or not a regular file
[1.021s] Invoked command in '/home/maria/Documentos/GitHub/IR2134/rmf_ws/src/project/project_fleet_adapter' returned '1': PYTHONPATH=/home/maria/Documentos/GitHub/IR2134/rmf_ws/build/project_fleet_adapter/prefix_override:/usr/lib/python3/dist-packages/colcon_core/task/python/colcon_distutils_commands:/home/maria/Documentos/GitHub/IR2134/rmf_ws/install/project_fleet_adapter/lib/python3.10/site-packages:${PYTHONPATH} /usr/bin/python3 -W ignore:setup.py install is deprecated -W ignore:easy_install command is deprecated setup.py egg_info --egg-base ../../../build/project_fleet_adapter build --build-base /home/maria/Documentos/GitHub/IR2134/rmf_ws/build/project_fleet_adapter/build install --record /home/maria/Documentos/GitHub/IR2134/rmf_ws/build/project_fleet_adapter/install.log --single-version-externally-managed install_data
