[0.185s] Invoking command in '/home/maria/rmf_ws/build/rmf_building_sim_gz_plugins': CMAKE_PREFIX_PATH=/rmf_demos_ws/install/rmf_workcell_msgs:/rmf_demos_ws/install/rmf_demos_gz:/rmf_demos_ws/install/rmf_demos:/rmf_demos_ws/install/rmf_reservation_node:/rmf_demos_ws/install/rmf_fleet_adapter_python:/rmf_demos_ws/install/rmf_fleet_adapter:/rmf_demos_ws/install/rmf_task_ros2:/rmf_demos_ws/install/rmf_websocket:/rmf_demos_ws/install/rmf_visualization:/rmf_demos_ws/install/rmf_visualization_schedule:/rmf_demos_ws/install/rmf_visualization_rviz2_plugins:/rmf_demos_ws/install/rmf_visualization_obstacles:/rmf_demos_ws/install/rmf_visualization_navgraphs:/rmf_demos_ws/install/rmf_visualization_floorplans:/rmf_demos_ws/install/rmf_visualization_fleet_states:/rmf_demos_ws/install/rmf_visualization_msgs:/rmf_demos_ws/install/rmf_traffic_ros2:/rmf_demos_ws/install/rmf_task_sequence:/rmf_demos_ws/install/rmf_task:/rmf_demos_ws/install/rmf_battery:/rmf_demos_ws/install/rmf_traffic:/rmf_demos_ws/install/rmf_utils:/rmf_demos_ws/install/rmf_traffic_msgs:/rmf_demos_ws/install/rmf_traffic_editor_test_maps:/rmf_demos_ws/install/rmf_traffic_editor_assets:/rmf_demos_ws/install/rmf_traffic_editor:/rmf_demos_ws/install/rmf_task_msgs:/rmf_demos_ws/install/rmf_site_map_msgs:/rmf_demos_ws/install/rmf_scheduler_msgs:/rmf_demos_ws/install/rmf_robot_sim_gz_plugins:/rmf_demos_ws/install/rmf_robot_sim_common:/rmf_demos_ws/install/rmf_reservation_msgs:/rmf_demos_ws/install/rmf_obstacle_msgs:/rmf_demos_ws/install/rmf_building_sim_gz_plugins:/rmf_demos_ws/install/rmf_lift_msgs:/rmf_demos_ws/install/rmf_ingestor_msgs:/rmf_demos_ws/install/rmf_fleet_msgs:/rmf_demos_ws/install/rmf_door_msgs:/rmf_demos_ws/install/rmf_dispenser_msgs:/rmf_demos_ws/install/rmf_demos_maps:/rmf_demos_ws/install/rmf_demos_assets:/rmf_demos_ws/install/rmf_charger_msgs:/rmf_demos_ws/install/rmf_building_map_msgs:/rmf_demos_ws/install/rmf_api_msgs:/rmf_demos_ws/install/nlohmann_json_schema_validator_vendor:/rmf_demos_ws/install/rmf_demos_fleet_adapter:/rmf_demos_ws/install/rmf_visualization_building_systems:/rmf_demos_ws/install/rmf_traffic_examples:/rmf_demos_ws/install/rmf_demos_bridges:/rmf_demos_ws/install/rmf_demos_tasks:/rmf_demos_ws/install/rmf_building_map_tools:/rmf_demos_ws/install/rmf_charging_schedule:/opt/ros/jazzy:/rmf_demos_ws/install/menge_vendor:/rmf_demos_ws/install/ament_cmake_catch2:/opt/ros/jazzy/opt/gz_sim_vendor:/opt/ros/jazzy/opt/gz_sensors_vendor:/opt/ros/jazzy/opt/gz_physics_vendor:/opt/ros/jazzy/opt/sdformat_vendor:/opt/ros/jazzy/opt/gz_gui_vendor:/opt/ros/jazzy/opt/gz_transport_vendor:/opt/ros/jazzy/opt/gz_rendering_vendor:/opt/ros/jazzy/opt/gz_plugin_vendor:/opt/ros/jazzy/opt/gz_fuel_tools_vendor:/opt/ros/jazzy/opt/gz_msgs_vendor:/opt/ros/jazzy/opt/gz_common_vendor:/opt/ros/jazzy/opt/gz_math_vendor:/opt/ros/jazzy/opt/gz_utils_vendor:/opt/ros/jazzy/opt/gz_tools_vendor:/opt/ros/jazzy/opt/gz_ogre_next_vendor:/opt/ros/jazzy/opt/gz_dartsim_vendor:/opt/ros/jazzy/opt/gz_cmake_vendor /usr/bin/cmake /home/maria/rmf_ws/src/rmf_simulation/rmf_building_sim_gz_plugins -DCMAKE_INSTALL_PREFIX=/home/maria/rmf_ws/install/rmf_building_sim_gz_plugins
[1.456s] -- Found rmf_door_msgs: 4.0.0 (/rmf_demos_ws/install/rmf_door_msgs/share/rmf_door_msgs/cmake)
[1.456s] -- Override CMake install command with custom implementation using symlinks instead of copying resources
[1.456s] -- Found rosidl_generator_c: 4.6.7 (/opt/ros/jazzy/share/rosidl_generator_c/cmake)
[1.456s] -- Found rosidl_generator_cpp: 4.6.7 (/opt/ros/jazzy/share/rosidl_generator_cpp/cmake)
[1.456s] -- Using all available rosidl_typesupport_c: rosidl_typesupport_fastrtps_c;rosidl_typesupport_introspection_c
[1.456s] -- Using all available rosidl_typesupport_cpp: rosidl_typesupport_fastrtps_cpp;rosidl_typesupport_introspection_cpp
[1.456s] -- Found rmf_lift_msgs: 4.0.0 (/rmf_demos_ws/install/rmf_lift_msgs/share/rmf_lift_msgs/cmake)
[1.457s] -- Found rclcpp: 28.1.16 (/opt/ros/jazzy/share/rclcpp/cmake)
[1.457s] -- Found rmw_implementation_cmake: 7.3.3 (/opt/ros/jazzy/share/rmw_implementation_cmake/cmake)
[1.457s] -- Found rmw_fastrtps_cpp: 8.4.3 (/opt/ros/jazzy/share/rmw_fastrtps_cpp/cmake)
[1.457s] -- Using RMW implementation 'rmw_fastrtps_cpp' as default
[1.457s] -- Found gz_sim_vendor: 0.0.9 (/opt/ros/jazzy/share/gz_sim_vendor/cmake)
[1.459s] -- Looking for gz-sim8 -- found version 8.10.0
[1.460s] -- Searching for dependencies of gz-sim8
[1.460s] -- Looking for sdformat14 -- found version 14.8.0
[1.460s] -- Searching for dependencies of sdformat14
[1.460s] -- Checking for module 'tinyxml2'
[1.460s] --   Found tinyxml2, version 10.0.0
[1.460s] -- Looking for gz-math7 -- found version 7.5.2
[1.460s] -- Searching for dependencies of gz-math7
[1.460s] -- Looking for gz-utils2 -- found version 2.2.1
[1.460s] -- Searching for dependencies of gz-utils2
[1.460s] -- Looking for gz-utils2 -- found version 2.2.1
[1.460s] -- Searching for dependencies of gz-utils2
[1.460s] -- Searching for <gz-utils2> component [cli]
[1.461s] -- Looking for gz-utils2-cli -- found version 2.2.1
[1.461s] -- Searching for dependencies of gz-utils2-cli
[1.461s] -- Looking for gz-plugin2 -- found version 2.0.4
[1.461s] -- Searching for dependencies of gz-plugin2
[1.461s] -- Looking for gz-utils2 -- found version 2.2.1
[1.461s] -- Searching for <gz-plugin2> component [loader]
[1.461s] -- Looking for gz-plugin2-loader -- found version 2.0.4
[1.461s] -- Searching for dependencies of gz-plugin2-loader
[1.461s] -- Searching for <gz-plugin2> component [register]
[1.461s] -- Looking for gz-plugin2-register -- found version 2.0.4
[1.461s] -- Searching for dependencies of gz-plugin2-register
[1.468s] -- Looking for gz-transport13 -- found version 13.5.0
[1.468s] -- Searching for dependencies of gz-transport13
[1.468s] -- Config-file not installed for ZeroMQ -- checking for pkg-config
[1.468s] -- Checking for module 'libzmq >= 4'
[1.468s] --   Found libzmq, version 4.3.5
[1.479s] -- Checking for module 'uuid'
[1.532s] --   Found uuid, version 2.39.3
[1.654s] -- Looking for gz-utils2 -- found version 2.2.1
[1.661s] -- Looking for gz-msgs10 -- found version 10.3.2
[1.661s] -- Searching for dependencies of gz-msgs10
[1.734s] -- Looking for gz-utils2 -- found version 2.2.1
[1.735s] -- Looking for gz-math7 -- found version 7.5.2
[1.757s] -- Searching for <gz-transport13> component [log]
[1.758s] -- Looking for gz-transport13-log -- found version 13.5.0
[1.758s] -- Searching for dependencies of gz-transport13-log
[1.758s] -- Searching for <gz-transport13> component [parameters]
[1.759s] -- Looking for gz-transport13-parameters -- found version 13.5.0
[1.759s] -- Searching for dependencies of gz-transport13-parameters
[1.766s] -- Looking for gz-msgs10 -- found version 10.3.2
[1.769s] -- Looking for gz-common5 -- found version 5.7.1
[1.771s] -- Searching for dependencies of gz-common5
[1.771s] -- Looking for gz-utils2 -- found version 2.2.1
[1.771s] -- Looking for dlfcn.h - found
[1.771s] -- Looking for libdl - found
[1.795s] -- Searching for <gz-common5> component [av]
[1.796s] -- Looking for gz-common5-av -- found version 5.7.1
[1.797s] -- Searching for dependencies of gz-common5-av
[1.807s] -- Checking for module 'libswscale'
[1.867s] --   Found libswscale, version 7.5.100
[1.981s] -- Checking for module 'libavdevice >= 56.4.100'
[2.028s] --   Found libavdevice, version 60.3.100
[2.128s] -- Checking for module 'libavformat'
[2.165s] --   Found libavformat, version 60.16.100
[2.240s] -- Checking for module 'libavcodec'
[2.263s] --   Found libavcodec, version 60.31.102
[2.314s] -- Checking for module 'libavutil'
[2.356s] --   Found libavutil, version 58.29.100
[2.462s] -- Searching for <gz-common5> component [events]
[2.462s] -- Looking for gz-common5-events -- found version 5.7.1
[2.462s] -- Searching for dependencies of gz-common5-events
[2.463s] -- Looking for gz-math7 -- found version 7.5.2
[2.463s] -- Searching for <gz-common5> component [graphics]
[2.472s] -- Looking for gz-common5-graphics -- found version 5.7.1
[2.472s] -- Searching for dependencies of gz-common5-graphics
[2.473s] -- Looking for gz-math7 -- found version 7.5.2
[2.488s] -- Searching for <gz-common5> component [io]
[2.488s] -- Looking for gz-common5-io -- found version 5.7.1
[2.488s] -- Searching for dependencies of gz-common5-io
[2.488s] -- Searching for <gz-common5> component [profiler]
[2.488s] -- Looking for gz-common5-profiler -- found version 5.7.1
[2.488s] -- Searching for dependencies of gz-common5-profiler
[2.489s] -- Looking for gz-fuel_tools9 -- found version 9.1.1
[2.489s] -- Searching for dependencies of gz-fuel_tools9
[2.605s] -- Checking for module 'jsoncpp'
[2.639s] --   Found jsoncpp, version 1.9.5
[2.757s] -- Checking for module 'yaml-0.1'
[2.821s] --   Found yaml-0.1, version 0.2.5
[2.916s] -- Checking for module 'libzip'
[2.944s] --   Found libzip, version 1.7.3
[2.990s] -- Looking for gz-utils2 -- found version 2.2.1
[2.990s] -- Looking for gz-common5 -- found version 5.7.1
[2.992s] -- Searching for dependencies of gz-common5
[2.992s] -- Looking for gz-utils2 -- found version 2.2.1
[2.992s] -- Looking for dlfcn.h - found
[2.992s] -- Looking for libdl - found
[3.011s] -- Searching for <gz-common5> component [testing]
[3.011s] -- Looking for gz-common5-testing -- found version 5.7.1
[3.011s] -- Searching for dependencies of gz-common5-testing
[3.011s] -- Looking for gz-math7 -- found version 7.5.2
[3.011s] -- Looking for gz-msgs10 -- found version 10.3.2
[3.011s] -- Looking for gz-gui8 -- found version 8.4.0
[3.011s] -- Searching for dependencies of gz-gui8
[3.054s] -- Looking for gz-utils2 -- found version 2.2.1
[3.055s] -- Looking for gz-math7 -- found version 7.5.2
[3.055s] -- Looking for gz-common5 -- found version 5.7.1
[3.056s] -- Looking for gz-plugin2 -- found version 2.0.4
[3.056s] -- Looking for gz-transport13 -- found version 13.5.0
[3.057s] -- Looking for gz-rendering8 -- found version 8.2.3
[3.057s] -- Searching for dependencies of gz-rendering8
[3.057s] -- Looking for gz-math7 -- found version 7.5.2
[3.057s] -- Searching for dependencies of gz-math7
[3.058s] -- Looking for gz-utils2 -- found version 2.2.1
[3.058s] -- Searching for <gz-math7> component [eigen3]
[3.059s] -- Looking for gz-math7-eigen3 -- found version 7.5.2
[3.059s] -- Searching for dependencies of gz-math7-eigen3
[3.060s] -- Looking for gz-common5 -- found version 5.7.1
[3.060s] -- Searching for dependencies of gz-common5
[3.061s] -- Looking for gz-utils2 -- found version 2.2.1
[3.061s] -- Looking for dlfcn.h - found
[3.061s] -- Looking for libdl - found
[3.068s] -- Searching for <gz-common5> component [graphics]
[3.069s] -- Searching for <gz-common5> component [events]
[3.069s] -- Searching for <gz-common5> component [geospatial]
[3.069s] -- Looking for gz-common5-geospatial -- found version 5.7.1
[3.070s] -- Searching for dependencies of gz-common5-geospatial
[3.070s] -- Looking for gz-math7 -- found version 7.5.2
[3.070s] -- Looking for gz-common5 -- found version 5.7.1
[3.071s] -- Looking for gz-plugin2 -- found version 2.0.4
[3.072s] -- Searching for dependencies of gz-plugin2
[3.072s] -- Looking for gz-utils2 -- found version 2.2.1
[3.073s] -- Searching for <gz-plugin2> component [all]
[3.073s] -- Looking for all libraries of gz-plugin2 -- found version 2.0.4
[3.073s] -- Looking for gz-plugin2 -- found version 2.0.4
[3.074s] -- Looking for gz-utils2 -- found version 2.2.1
[3.078s] -- Looking for gz-msgs10 -- found version 10.3.2
[3.094s] -- Looking for gz-physics7 -- found version 7.6.0
[3.097s] -- Searching for dependencies of gz-physics7
[3.097s] -- Looking for gz-common5 -- found version 5.7.1
[3.097s] -- Looking for gz-math7 -- found version 7.5.2
[3.097s] -- Looking for gz-plugin2 -- found version 2.0.4
[3.097s] -- Looking for gz-utils2 -- found version 2.2.1
[3.099s] -- Searching for <gz-physics7> component [heightmap]
[3.099s] -- Looking for gz-physics7-heightmap -- found version 7.6.0
[3.099s] -- Searching for dependencies of gz-physics7-heightmap
[3.099s] -- Looking for gz-common5 -- found version 5.7.1
[3.099s] -- Searching for <gz-physics7> component [mesh]
[3.099s] -- Looking for gz-physics7-mesh -- found version 7.6.0
[3.100s] -- Searching for dependencies of gz-physics7-mesh
[3.100s] -- Looking for gz-common5 -- found version 5.7.1
[3.100s] -- Searching for <gz-physics7> component [sdf]
[3.100s] -- Looking for gz-physics7-sdf -- found version 7.6.0
[3.101s] -- Searching for dependencies of gz-physics7-sdf
[3.101s] -- Looking for sdformat14 -- found version 14.8.0
[3.102s] -- Looking for gz-sensors8 -- found version 8.2.2
[3.102s] -- Searching for dependencies of gz-sensors8
[3.134s] -- Looking for gz-math7 -- found version 7.5.2
[3.134s] -- Looking for gz-common5 -- found version 5.7.1
[3.135s] -- Looking for gz-transport13 -- found version 13.5.0
[3.135s] -- Looking for gz-rendering8 -- found version 8.2.3
[3.135s] -- Looking for gz-msgs10 -- found version 10.3.2
[3.138s] -- Looking for sdformat14 -- found version 14.8.0
[3.138s] -- Searching for <gz-sensors8> component [air_pressure]
[3.138s] -- Looking for gz-sensors8-air_pressure -- found version 8.2.2
[3.138s] -- Searching for dependencies of gz-sensors8-air_pressure
[3.139s] -- Searching for <gz-sensors8> component [air_speed]
[3.139s] -- Looking for gz-sensors8-air_speed -- found version 8.2.2
[3.139s] -- Searching for dependencies of gz-sensors8-air_speed
[3.139s] -- Searching for <gz-sensors8> component [altimeter]
[3.140s] -- Looking for gz-sensors8-altimeter -- found version 8.2.2
[3.140s] -- Searching for dependencies of gz-sensors8-altimeter
[3.140s] -- Searching for <gz-sensors8> component [imu]
[3.141s] -- Looking for gz-sensors8-imu -- found version 8.2.2
[3.141s] -- Searching for dependencies of gz-sensors8-imu
[3.141s] -- Searching for <gz-sensors8> component [force_torque]
[3.142s] -- Looking for gz-sensors8-force_torque -- found version 8.2.2
[3.142s] -- Searching for dependencies of gz-sensors8-force_torque
[3.142s] -- Searching for <gz-sensors8> component [logical_camera]
[3.143s] -- Looking for gz-sensors8-logical_camera -- found version 8.2.2
[3.143s] -- Searching for dependencies of gz-sensors8-logical_camera
[3.143s] -- Searching for <gz-sensors8> component [magnetometer]
[3.144s] -- Looking for gz-sensors8-magnetometer -- found version 8.2.2
[3.144s] -- Searching for dependencies of gz-sensors8-magnetometer
[3.144s] -- Searching for <gz-sensors8> component [navsat]
[3.145s] -- Looking for gz-sensors8-navsat -- found version 8.2.2
[3.145s] -- Searching for dependencies of gz-sensors8-navsat
[3.145s] -- Searching for <gz-sensors8> component [dvl]
[3.146s] -- Looking for gz-sensors8-dvl -- found version 8.2.2
[3.146s] -- Searching for dependencies of gz-sensors8-dvl
[3.146s] -- Looking for gz-sensors8 -- found version 8.2.2
[3.146s] -- Searching for dependencies of gz-sensors8
[3.182s] -- Looking for gz-math7 -- found version 7.5.2
[3.183s] -- Looking for gz-common5 -- found version 5.7.1
[3.183s] -- Looking for gz-transport13 -- found version 13.5.0
[3.183s] -- Looking for gz-rendering8 -- found version 8.2.3
[3.183s] -- Looking for gz-msgs10 -- found version 10.3.2
[3.183s] -- Looking for sdformat14 -- found version 14.8.0
[3.183s] -- Searching for <gz-sensors8> component [rendering]
[3.183s] -- Looking for gz-sensors8-rendering -- found version 8.2.2
[3.183s] -- Searching for dependencies of gz-sensors8-rendering
[3.184s] -- Searching for <gz-sensors8> component [rendering]
[3.184s] -- Searching for <gz-sensors8> component [lidar]
[3.184s] -- Looking for gz-sensors8-lidar -- found version 8.2.2
[3.184s] -- Searching for dependencies of gz-sensors8-lidar
[3.185s] -- Looking for gz-sensors8 -- found version 8.2.2
[3.186s] -- Searching for <gz-sensors8> component [gpu_lidar]
[3.187s] -- Looking for gz-sensors8-gpu_lidar -- found version 8.2.2
[3.187s] -- Searching for dependencies of gz-sensors8-gpu_lidar
[3.187s] -- Looking for gz-sensors8 -- found version 8.2.2
[3.190s] -- Searching for <gz-sensors8> component [camera]
[3.190s] -- Looking for gz-sensors8-camera -- found version 8.2.2
[3.191s] -- Searching for dependencies of gz-sensors8-camera
[3.191s] -- Looking for gz-sensors8 -- found version 8.2.2
[3.191s] -- Searching for <gz-sensors8> component [boundingbox_camera]
[3.191s] -- Looking for gz-sensors8-boundingbox_camera -- found version 8.2.2
[3.191s] -- Searching for dependencies of gz-sensors8-boundingbox_camera
[3.197s] -- Searching for <gz-sensors8> component [segmentation_camera]
[3.197s] -- Looking for gz-sensors8-segmentation_camera -- found version 8.2.2
[3.197s] -- Searching for dependencies of gz-sensors8-segmentation_camera
[3.197s] -- Searching for <gz-sensors8> component [depth_camera]
[3.197s] -- Looking for gz-sensors8-depth_camera -- found version 8.2.2
[3.197s] -- Searching for dependencies of gz-sensors8-depth_camera
[3.197s] -- Looking for gz-sensors8 -- found version 8.2.2
[3.197s] -- Searching for <gz-sensors8> component [rgbd_camera]
[3.197s] -- Looking for gz-sensors8-rgbd_camera -- found version 8.2.2
[3.197s] -- Searching for dependencies of gz-sensors8-rgbd_camera
[3.197s] -- Looking for gz-sensors8 -- found version 8.2.2
[3.202s] -- Searching for <gz-sensors8> component [thermal_camera]
[3.202s] -- Looking for gz-sensors8-thermal_camera -- found version 8.2.2
[3.202s] -- Searching for dependencies of gz-sensors8-thermal_camera
[3.202s] -- Looking for gz-sensors8 -- found version 8.2.2
[3.202s] -- Searching for <gz-sensors8> component [wide_angle_camera]
[3.202s] -- Looking for gz-sensors8-wide_angle_camera -- found version 8.2.2
[3.202s] -- Searching for dependencies of gz-sensors8-wide_angle_camera
[3.203s] -- Looking for gz-rendering8 -- found version 8.2.3
[3.203s] -- Looking for gz-math7 -- found version 7.5.2
[3.204s] -- Looking for gz-utils2 -- found version 2.2.1
[3.253s] -- Looking for gz-plugin2 -- found version 2.0.4
[3.253s] -- Looking for gz-gui8 -- found version 8.4.0
[3.253s] -- Looking for gz-msgs10 -- found version 10.3.2
[3.253s] -- Looking for gz-transport13 -- found version 13.5.0
[3.253s] -- Looking for gz-rendering8 -- found version 8.2.3
[3.260s] -- Found rmf_fleet_msgs: 4.0.0 (/rmf_demos_ws/install/rmf_fleet_msgs/share/rmf_fleet_msgs/cmake)
[3.282s] -- Found menge_vendor: 1.4.0 (/rmf_demos_ws/install/menge_vendor/share/menge_vendor/cmake)
[3.528s] -- Configuring done (3.3s)
[3.815s] -- Generating done (0.2s)
[3.855s] -- Build files have been written to: /home/maria/rmf_ws/build/rmf_building_sim_gz_plugins
[3.873s] Invoked command in '/home/maria/rmf_ws/build/rmf_building_sim_gz_plugins' returned '0': CMAKE_PREFIX_PATH=/rmf_demos_ws/install/rmf_workcell_msgs:/rmf_demos_ws/install/rmf_demos_gz:/rmf_demos_ws/install/rmf_demos:/rmf_demos_ws/install/rmf_reservation_node:/rmf_demos_ws/install/rmf_fleet_adapter_python:/rmf_demos_ws/install/rmf_fleet_adapter:/rmf_demos_ws/install/rmf_task_ros2:/rmf_demos_ws/install/rmf_websocket:/rmf_demos_ws/install/rmf_visualization:/rmf_demos_ws/install/rmf_visualization_schedule:/rmf_demos_ws/install/rmf_visualization_rviz2_plugins:/rmf_demos_ws/install/rmf_visualization_obstacles:/rmf_demos_ws/install/rmf_visualization_navgraphs:/rmf_demos_ws/install/rmf_visualization_floorplans:/rmf_demos_ws/install/rmf_visualization_fleet_states:/rmf_demos_ws/install/rmf_visualization_msgs:/rmf_demos_ws/install/rmf_traffic_ros2:/rmf_demos_ws/install/rmf_task_sequence:/rmf_demos_ws/install/rmf_task:/rmf_demos_ws/install/rmf_battery:/rmf_demos_ws/install/rmf_traffic:/rmf_demos_ws/install/rmf_utils:/rmf_demos_ws/install/rmf_traffic_msgs:/rmf_demos_ws/install/rmf_traffic_editor_test_maps:/rmf_demos_ws/install/rmf_traffic_editor_assets:/rmf_demos_ws/install/rmf_traffic_editor:/rmf_demos_ws/install/rmf_task_msgs:/rmf_demos_ws/install/rmf_site_map_msgs:/rmf_demos_ws/install/rmf_scheduler_msgs:/rmf_demos_ws/install/rmf_robot_sim_gz_plugins:/rmf_demos_ws/install/rmf_robot_sim_common:/rmf_demos_ws/install/rmf_reservation_msgs:/rmf_demos_ws/install/rmf_obstacle_msgs:/rmf_demos_ws/install/rmf_building_sim_gz_plugins:/rmf_demos_ws/install/rmf_lift_msgs:/rmf_demos_ws/install/rmf_ingestor_msgs:/rmf_demos_ws/install/rmf_fleet_msgs:/rmf_demos_ws/install/rmf_door_msgs:/rmf_demos_ws/install/rmf_dispenser_msgs:/rmf_demos_ws/install/rmf_demos_maps:/rmf_demos_ws/install/rmf_demos_assets:/rmf_demos_ws/install/rmf_charger_msgs:/rmf_demos_ws/install/rmf_building_map_msgs:/rmf_demos_ws/install/rmf_api_msgs:/rmf_demos_ws/install/nlohmann_json_schema_validator_vendor:/rmf_demos_ws/install/rmf_demos_fleet_adapter:/rmf_demos_ws/install/rmf_visualization_building_systems:/rmf_demos_ws/install/rmf_traffic_examples:/rmf_demos_ws/install/rmf_demos_bridges:/rmf_demos_ws/install/rmf_demos_tasks:/rmf_demos_ws/install/rmf_building_map_tools:/rmf_demos_ws/install/rmf_charging_schedule:/opt/ros/jazzy:/rmf_demos_ws/install/menge_vendor:/rmf_demos_ws/install/ament_cmake_catch2:/opt/ros/jazzy/opt/gz_sim_vendor:/opt/ros/jazzy/opt/gz_sensors_vendor:/opt/ros/jazzy/opt/gz_physics_vendor:/opt/ros/jazzy/opt/sdformat_vendor:/opt/ros/jazzy/opt/gz_gui_vendor:/opt/ros/jazzy/opt/gz_transport_vendor:/opt/ros/jazzy/opt/gz_rendering_vendor:/opt/ros/jazzy/opt/gz_plugin_vendor:/opt/ros/jazzy/opt/gz_fuel_tools_vendor:/opt/ros/jazzy/opt/gz_msgs_vendor:/opt/ros/jazzy/opt/gz_common_vendor:/opt/ros/jazzy/opt/gz_math_vendor:/opt/ros/jazzy/opt/gz_utils_vendor:/opt/ros/jazzy/opt/gz_tools_vendor:/opt/ros/jazzy/opt/gz_ogre_next_vendor:/opt/ros/jazzy/opt/gz_dartsim_vendor:/opt/ros/jazzy/opt/gz_cmake_vendor /usr/bin/cmake /home/maria/rmf_ws/src/rmf_simulation/rmf_building_sim_gz_plugins -DCMAKE_INSTALL_PREFIX=/home/maria/rmf_ws/install/rmf_building_sim_gz_plugins
[3.874s] Invoking command in '/home/maria/rmf_ws/build/rmf_building_sim_gz_plugins': CMAKE_PREFIX_PATH=/rmf_demos_ws/install/rmf_workcell_msgs:/rmf_demos_ws/install/rmf_demos_gz:/rmf_demos_ws/install/rmf_demos:/rmf_demos_ws/install/rmf_reservation_node:/rmf_demos_ws/install/rmf_fleet_adapter_python:/rmf_demos_ws/install/rmf_fleet_adapter:/rmf_demos_ws/install/rmf_task_ros2:/rmf_demos_ws/install/rmf_websocket:/rmf_demos_ws/install/rmf_visualization:/rmf_demos_ws/install/rmf_visualization_schedule:/rmf_demos_ws/install/rmf_visualization_rviz2_plugins:/rmf_demos_ws/install/rmf_visualization_obstacles:/rmf_demos_ws/install/rmf_visualization_navgraphs:/rmf_demos_ws/install/rmf_visualization_floorplans:/rmf_demos_ws/install/rmf_visualization_fleet_states:/rmf_demos_ws/install/rmf_visualization_msgs:/rmf_demos_ws/install/rmf_traffic_ros2:/rmf_demos_ws/install/rmf_task_sequence:/rmf_demos_ws/install/rmf_task:/rmf_demos_ws/install/rmf_battery:/rmf_demos_ws/install/rmf_traffic:/rmf_demos_ws/install/rmf_utils:/rmf_demos_ws/install/rmf_traffic_msgs:/rmf_demos_ws/install/rmf_traffic_editor_test_maps:/rmf_demos_ws/install/rmf_traffic_editor_assets:/rmf_demos_ws/install/rmf_traffic_editor:/rmf_demos_ws/install/rmf_task_msgs:/rmf_demos_ws/install/rmf_site_map_msgs:/rmf_demos_ws/install/rmf_scheduler_msgs:/rmf_demos_ws/install/rmf_robot_sim_gz_plugins:/rmf_demos_ws/install/rmf_robot_sim_common:/rmf_demos_ws/install/rmf_reservation_msgs:/rmf_demos_ws/install/rmf_obstacle_msgs:/rmf_demos_ws/install/rmf_building_sim_gz_plugins:/rmf_demos_ws/install/rmf_lift_msgs:/rmf_demos_ws/install/rmf_ingestor_msgs:/rmf_demos_ws/install/rmf_fleet_msgs:/rmf_demos_ws/install/rmf_door_msgs:/rmf_demos_ws/install/rmf_dispenser_msgs:/rmf_demos_ws/install/rmf_demos_maps:/rmf_demos_ws/install/rmf_demos_assets:/rmf_demos_ws/install/rmf_charger_msgs:/rmf_demos_ws/install/rmf_building_map_msgs:/rmf_demos_ws/install/rmf_api_msgs:/rmf_demos_ws/install/nlohmann_json_schema_validator_vendor:/rmf_demos_ws/install/rmf_demos_fleet_adapter:/rmf_demos_ws/install/rmf_visualization_building_systems:/rmf_demos_ws/install/rmf_traffic_examples:/rmf_demos_ws/install/rmf_demos_bridges:/rmf_demos_ws/install/rmf_demos_tasks:/rmf_demos_ws/install/rmf_building_map_tools:/rmf_demos_ws/install/rmf_charging_schedule:/opt/ros/jazzy:/rmf_demos_ws/install/menge_vendor:/rmf_demos_ws/install/ament_cmake_catch2:/opt/ros/jazzy/opt/gz_sim_vendor:/opt/ros/jazzy/opt/gz_sensors_vendor:/opt/ros/jazzy/opt/gz_physics_vendor:/opt/ros/jazzy/opt/sdformat_vendor:/opt/ros/jazzy/opt/gz_gui_vendor:/opt/ros/jazzy/opt/gz_transport_vendor:/opt/ros/jazzy/opt/gz_rendering_vendor:/opt/ros/jazzy/opt/gz_plugin_vendor:/opt/ros/jazzy/opt/gz_fuel_tools_vendor:/opt/ros/jazzy/opt/gz_msgs_vendor:/opt/ros/jazzy/opt/gz_common_vendor:/opt/ros/jazzy/opt/gz_math_vendor:/opt/ros/jazzy/opt/gz_utils_vendor:/opt/ros/jazzy/opt/gz_tools_vendor:/opt/ros/jazzy/opt/gz_ogre_next_vendor:/opt/ros/jazzy/opt/gz_dartsim_vendor:/opt/ros/jazzy/opt/gz_cmake_vendor /usr/bin/cmake --build /home/maria/rmf_ws/build/rmf_building_sim_gz_plugins -- -j8 -l8
[3.998s] [  0%] Built target door_autogen_timestamp_deps
[4.020s] [  0%] Built target toggle_floors_autogen_timestamp_deps
[4.020s] [  0%] Built target register_component_autogen_timestamp_deps
[4.023s] [  0%] Built target toggle_charging_autogen_timestamp_deps
[4.025s] [  0%] Built target lift_autogen_timestamp_deps
[4.028s] [  0%] Built target crowd_simulator_autogen_timestamp_deps
[4.112s] [  2%] [34m[1mAutomatic MOC for target lift[0m
[4.114s] [  5%] [34m[1mAutomatic MOC for target door[0m
[4.132s] [  8%] [34m[1mAutomatic MOC for target register_component[0m
[4.133s] [ 11%] [34m[1mAutomatic MOC for target crowd_simulator[0m
[4.156s] [ 13%] [34m[1mAutomatic MOC for target toggle_charging[0m
[4.193s] [ 16%] [34m[1mAutomatic MOC for target toggle_floors[0m
[4.212s] [ 16%] Built target lift_autogen
[4.213s] [ 16%] Built target register_component_autogen
[4.235s] [ 16%] Built target door_autogen
[4.240s] [ 16%] Built target crowd_simulator_autogen
[4.262s] [ 16%] Built target toggle_charging_autogen
[4.290s] [ 16%] Built target toggle_floors_autogen
[4.328s] [ 27%] Built target register_component
[4.339s] [ 38%] Built target lift
[4.346s] [ 50%] Built target door
[4.361s] [ 61%] Built target crowd_simulator
[4.363s] [ 77%] Built target toggle_charging
[4.398s] [100%] Built target toggle_floors
[4.418s] Invoked command in '/home/maria/rmf_ws/build/rmf_building_sim_gz_plugins' returned '0': CMAKE_PREFIX_PATH=/rmf_demos_ws/install/rmf_workcell_msgs:/rmf_demos_ws/install/rmf_demos_gz:/rmf_demos_ws/install/rmf_demos:/rmf_demos_ws/install/rmf_reservation_node:/rmf_demos_ws/install/rmf_fleet_adapter_python:/rmf_demos_ws/install/rmf_fleet_adapter:/rmf_demos_ws/install/rmf_task_ros2:/rmf_demos_ws/install/rmf_websocket:/rmf_demos_ws/install/rmf_visualization:/rmf_demos_ws/install/rmf_visualization_schedule:/rmf_demos_ws/install/rmf_visualization_rviz2_plugins:/rmf_demos_ws/install/rmf_visualization_obstacles:/rmf_demos_ws/install/rmf_visualization_navgraphs:/rmf_demos_ws/install/rmf_visualization_floorplans:/rmf_demos_ws/install/rmf_visualization_fleet_states:/rmf_demos_ws/install/rmf_visualization_msgs:/rmf_demos_ws/install/rmf_traffic_ros2:/rmf_demos_ws/install/rmf_task_sequence:/rmf_demos_ws/install/rmf_task:/rmf_demos_ws/install/rmf_battery:/rmf_demos_ws/install/rmf_traffic:/rmf_demos_ws/install/rmf_utils:/rmf_demos_ws/install/rmf_traffic_msgs:/rmf_demos_ws/install/rmf_traffic_editor_test_maps:/rmf_demos_ws/install/rmf_traffic_editor_assets:/rmf_demos_ws/install/rmf_traffic_editor:/rmf_demos_ws/install/rmf_task_msgs:/rmf_demos_ws/install/rmf_site_map_msgs:/rmf_demos_ws/install/rmf_scheduler_msgs:/rmf_demos_ws/install/rmf_robot_sim_gz_plugins:/rmf_demos_ws/install/rmf_robot_sim_common:/rmf_demos_ws/install/rmf_reservation_msgs:/rmf_demos_ws/install/rmf_obstacle_msgs:/rmf_demos_ws/install/rmf_building_sim_gz_plugins:/rmf_demos_ws/install/rmf_lift_msgs:/rmf_demos_ws/install/rmf_ingestor_msgs:/rmf_demos_ws/install/rmf_fleet_msgs:/rmf_demos_ws/install/rmf_door_msgs:/rmf_demos_ws/install/rmf_dispenser_msgs:/rmf_demos_ws/install/rmf_demos_maps:/rmf_demos_ws/install/rmf_demos_assets:/rmf_demos_ws/install/rmf_charger_msgs:/rmf_demos_ws/install/rmf_building_map_msgs:/rmf_demos_ws/install/rmf_api_msgs:/rmf_demos_ws/install/nlohmann_json_schema_validator_vendor:/rmf_demos_ws/install/rmf_demos_fleet_adapter:/rmf_demos_ws/install/rmf_visualization_building_systems:/rmf_demos_ws/install/rmf_traffic_examples:/rmf_demos_ws/install/rmf_demos_bridges:/rmf_demos_ws/install/rmf_demos_tasks:/rmf_demos_ws/install/rmf_building_map_tools:/rmf_demos_ws/install/rmf_charging_schedule:/opt/ros/jazzy:/rmf_demos_ws/install/menge_vendor:/rmf_demos_ws/install/ament_cmake_catch2:/opt/ros/jazzy/opt/gz_sim_vendor:/opt/ros/jazzy/opt/gz_sensors_vendor:/opt/ros/jazzy/opt/gz_physics_vendor:/opt/ros/jazzy/opt/sdformat_vendor:/opt/ros/jazzy/opt/gz_gui_vendor:/opt/ros/jazzy/opt/gz_transport_vendor:/opt/ros/jazzy/opt/gz_rendering_vendor:/opt/ros/jazzy/opt/gz_plugin_vendor:/opt/ros/jazzy/opt/gz_fuel_tools_vendor:/opt/ros/jazzy/opt/gz_msgs_vendor:/opt/ros/jazzy/opt/gz_common_vendor:/opt/ros/jazzy/opt/gz_math_vendor:/opt/ros/jazzy/opt/gz_utils_vendor:/opt/ros/jazzy/opt/gz_tools_vendor:/opt/ros/jazzy/opt/gz_ogre_next_vendor:/opt/ros/jazzy/opt/gz_dartsim_vendor:/opt/ros/jazzy/opt/gz_cmake_vendor /usr/bin/cmake --build /home/maria/rmf_ws/build/rmf_building_sim_gz_plugins -- -j8 -l8
[4.419s] Invoking command in '/home/maria/rmf_ws/build/rmf_building_sim_gz_plugins': CMAKE_PREFIX_PATH=/rmf_demos_ws/install/rmf_workcell_msgs:/rmf_demos_ws/install/rmf_demos_gz:/rmf_demos_ws/install/rmf_demos:/rmf_demos_ws/install/rmf_reservation_node:/rmf_demos_ws/install/rmf_fleet_adapter_python:/rmf_demos_ws/install/rmf_fleet_adapter:/rmf_demos_ws/install/rmf_task_ros2:/rmf_demos_ws/install/rmf_websocket:/rmf_demos_ws/install/rmf_visualization:/rmf_demos_ws/install/rmf_visualization_schedule:/rmf_demos_ws/install/rmf_visualization_rviz2_plugins:/rmf_demos_ws/install/rmf_visualization_obstacles:/rmf_demos_ws/install/rmf_visualization_navgraphs:/rmf_demos_ws/install/rmf_visualization_floorplans:/rmf_demos_ws/install/rmf_visualization_fleet_states:/rmf_demos_ws/install/rmf_visualization_msgs:/rmf_demos_ws/install/rmf_traffic_ros2:/rmf_demos_ws/install/rmf_task_sequence:/rmf_demos_ws/install/rmf_task:/rmf_demos_ws/install/rmf_battery:/rmf_demos_ws/install/rmf_traffic:/rmf_demos_ws/install/rmf_utils:/rmf_demos_ws/install/rmf_traffic_msgs:/rmf_demos_ws/install/rmf_traffic_editor_test_maps:/rmf_demos_ws/install/rmf_traffic_editor_assets:/rmf_demos_ws/install/rmf_traffic_editor:/rmf_demos_ws/install/rmf_task_msgs:/rmf_demos_ws/install/rmf_site_map_msgs:/rmf_demos_ws/install/rmf_scheduler_msgs:/rmf_demos_ws/install/rmf_robot_sim_gz_plugins:/rmf_demos_ws/install/rmf_robot_sim_common:/rmf_demos_ws/install/rmf_reservation_msgs:/rmf_demos_ws/install/rmf_obstacle_msgs:/rmf_demos_ws/install/rmf_building_sim_gz_plugins:/rmf_demos_ws/install/rmf_lift_msgs:/rmf_demos_ws/install/rmf_ingestor_msgs:/rmf_demos_ws/install/rmf_fleet_msgs:/rmf_demos_ws/install/rmf_door_msgs:/rmf_demos_ws/install/rmf_dispenser_msgs:/rmf_demos_ws/install/rmf_demos_maps:/rmf_demos_ws/install/rmf_demos_assets:/rmf_demos_ws/install/rmf_charger_msgs:/rmf_demos_ws/install/rmf_building_map_msgs:/rmf_demos_ws/install/rmf_api_msgs:/rmf_demos_ws/install/nlohmann_json_schema_validator_vendor:/rmf_demos_ws/install/rmf_demos_fleet_adapter:/rmf_demos_ws/install/rmf_visualization_building_systems:/rmf_demos_ws/install/rmf_traffic_examples:/rmf_demos_ws/install/rmf_demos_bridges:/rmf_demos_ws/install/rmf_demos_tasks:/rmf_demos_ws/install/rmf_building_map_tools:/rmf_demos_ws/install/rmf_charging_schedule:/opt/ros/jazzy:/rmf_demos_ws/install/menge_vendor:/rmf_demos_ws/install/ament_cmake_catch2:/opt/ros/jazzy/opt/gz_sim_vendor:/opt/ros/jazzy/opt/gz_sensors_vendor:/opt/ros/jazzy/opt/gz_physics_vendor:/opt/ros/jazzy/opt/sdformat_vendor:/opt/ros/jazzy/opt/gz_gui_vendor:/opt/ros/jazzy/opt/gz_transport_vendor:/opt/ros/jazzy/opt/gz_rendering_vendor:/opt/ros/jazzy/opt/gz_plugin_vendor:/opt/ros/jazzy/opt/gz_fuel_tools_vendor:/opt/ros/jazzy/opt/gz_msgs_vendor:/opt/ros/jazzy/opt/gz_common_vendor:/opt/ros/jazzy/opt/gz_math_vendor:/opt/ros/jazzy/opt/gz_utils_vendor:/opt/ros/jazzy/opt/gz_tools_vendor:/opt/ros/jazzy/opt/gz_ogre_next_vendor:/opt/ros/jazzy/opt/gz_dartsim_vendor:/opt/ros/jazzy/opt/gz_cmake_vendor /usr/bin/cmake --install /home/maria/rmf_ws/build/rmf_building_sim_gz_plugins
[4.433s] -- Install configuration: ""
[4.434s] -- Execute custom install script
[4.434s] -- Up-to-date symlink: /home/maria/rmf_ws/install/rmf_building_sim_gz_plugins/share/rmf_building_sim_gz_plugins/environment/rmf_building_sim_gz_plugins.dsv
[4.435s] -- Up-to-date symlink: /home/maria/rmf_ws/install/rmf_building_sim_gz_plugins/lib/rmf_building_sim_gz_plugins/libdoor.so
[4.435s] -- Up-to-date symlink: /home/maria/rmf_ws/install/rmf_building_sim_gz_plugins/lib/rmf_building_sim_gz_plugins/liblift.so
[4.436s] -- Up-to-date symlink: /home/maria/rmf_ws/install/rmf_building_sim_gz_plugins/lib/rmf_building_sim_gz_plugins/libcrowd_simulator.so
[4.436s] -- Up-to-date symlink: /home/maria/rmf_ws/install/rmf_building_sim_gz_plugins/lib/rmf_building_sim_gz_plugins/libtoggle_charging.so
[4.436s] -- Up-to-date symlink: /home/maria/rmf_ws/install/rmf_building_sim_gz_plugins/lib/rmf_building_sim_gz_plugins/libtoggle_floors.so
[4.437s] -- Up-to-date symlink: /home/maria/rmf_ws/install/rmf_building_sim_gz_plugins/lib/rmf_building_sim_gz_plugins/libregister_component.so
[4.438s] -- Up-to-date symlink: /home/maria/rmf_ws/install/rmf_building_sim_gz_plugins/include/rmf_building_sim_gz_plugins/components/Charger.hpp
[4.438s] -- Up-to-date symlink: /home/maria/rmf_ws/install/rmf_building_sim_gz_plugins/include/rmf_building_sim_gz_plugins/components/Door.hpp
[4.438s] -- Up-to-date symlink: /home/maria/rmf_ws/install/rmf_building_sim_gz_plugins/include/rmf_building_sim_gz_plugins/components/Lift.hpp
[4.438s] -- Up-to-date symlink: /home/maria/rmf_ws/install/rmf_building_sim_gz_plugins/include/rmf_building_sim_gz_plugins/utils.hpp
[4.439s] -- Up-to-date symlink: /home/maria/rmf_ws/install/rmf_building_sim_gz_plugins/share/ament_index/resource_index/package_run_dependencies/rmf_building_sim_gz_plugins
[4.440s] -- Up-to-date symlink: /home/maria/rmf_ws/install/rmf_building_sim_gz_plugins/share/ament_index/resource_index/parent_prefix_path/rmf_building_sim_gz_plugins
[4.440s] -- Up-to-date symlink: /home/maria/rmf_ws/install/rmf_building_sim_gz_plugins/share/rmf_building_sim_gz_plugins/environment/ament_prefix_path.sh
[4.440s] -- Up-to-date symlink: /home/maria/rmf_ws/install/rmf_building_sim_gz_plugins/share/rmf_building_sim_gz_plugins/environment/ament_prefix_path.dsv
[4.441s] -- Up-to-date symlink: /home/maria/rmf_ws/install/rmf_building_sim_gz_plugins/share/rmf_building_sim_gz_plugins/environment/path.sh
[4.441s] -- Up-to-date symlink: /home/maria/rmf_ws/install/rmf_building_sim_gz_plugins/share/rmf_building_sim_gz_plugins/environment/path.dsv
[4.441s] -- Up-to-date symlink: /home/maria/rmf_ws/install/rmf_building_sim_gz_plugins/share/rmf_building_sim_gz_plugins/local_setup.bash
[4.442s] -- Up-to-date symlink: /home/maria/rmf_ws/install/rmf_building_sim_gz_plugins/share/rmf_building_sim_gz_plugins/local_setup.sh
[4.442s] -- Up-to-date symlink: /home/maria/rmf_ws/install/rmf_building_sim_gz_plugins/share/rmf_building_sim_gz_plugins/local_setup.zsh
[4.442s] -- Up-to-date symlink: /home/maria/rmf_ws/install/rmf_building_sim_gz_plugins/share/rmf_building_sim_gz_plugins/local_setup.dsv
[4.442s] -- Symlinking: /home/maria/rmf_ws/install/rmf_building_sim_gz_plugins/share/rmf_building_sim_gz_plugins/package.dsv
[4.456s] -- Up-to-date symlink: /home/maria/rmf_ws/install/rmf_building_sim_gz_plugins/share/ament_index/resource_index/packages/rmf_building_sim_gz_plugins
[4.456s] -- Up-to-date symlink: /home/maria/rmf_ws/install/rmf_building_sim_gz_plugins/share/rmf_building_sim_gz_plugins/cmake/ament_cmake_export_include_directories-extras.cmake
[4.457s] -- Up-to-date symlink: /home/maria/rmf_ws/install/rmf_building_sim_gz_plugins/share/rmf_building_sim_gz_plugins/cmake/rmf_building_sim_gz_pluginsConfig.cmake
[4.457s] -- Up-to-date symlink: /home/maria/rmf_ws/install/rmf_building_sim_gz_plugins/share/rmf_building_sim_gz_plugins/cmake/rmf_building_sim_gz_pluginsConfig-version.cmake
[4.457s] -- Up-to-date symlink: /home/maria/rmf_ws/install/rmf_building_sim_gz_plugins/share/rmf_building_sim_gz_plugins/package.xml
[4.459s] Invoked command in '/home/maria/rmf_ws/build/rmf_building_sim_gz_plugins' returned '0': CMAKE_PREFIX_PATH=/rmf_demos_ws/install/rmf_workcell_msgs:/rmf_demos_ws/install/rmf_demos_gz:/rmf_demos_ws/install/rmf_demos:/rmf_demos_ws/install/rmf_reservation_node:/rmf_demos_ws/install/rmf_fleet_adapter_python:/rmf_demos_ws/install/rmf_fleet_adapter:/rmf_demos_ws/install/rmf_task_ros2:/rmf_demos_ws/install/rmf_websocket:/rmf_demos_ws/install/rmf_visualization:/rmf_demos_ws/install/rmf_visualization_schedule:/rmf_demos_ws/install/rmf_visualization_rviz2_plugins:/rmf_demos_ws/install/rmf_visualization_obstacles:/rmf_demos_ws/install/rmf_visualization_navgraphs:/rmf_demos_ws/install/rmf_visualization_floorplans:/rmf_demos_ws/install/rmf_visualization_fleet_states:/rmf_demos_ws/install/rmf_visualization_msgs:/rmf_demos_ws/install/rmf_traffic_ros2:/rmf_demos_ws/install/rmf_task_sequence:/rmf_demos_ws/install/rmf_task:/rmf_demos_ws/install/rmf_battery:/rmf_demos_ws/install/rmf_traffic:/rmf_demos_ws/install/rmf_utils:/rmf_demos_ws/install/rmf_traffic_msgs:/rmf_demos_ws/install/rmf_traffic_editor_test_maps:/rmf_demos_ws/install/rmf_traffic_editor_assets:/rmf_demos_ws/install/rmf_traffic_editor:/rmf_demos_ws/install/rmf_task_msgs:/rmf_demos_ws/install/rmf_site_map_msgs:/rmf_demos_ws/install/rmf_scheduler_msgs:/rmf_demos_ws/install/rmf_robot_sim_gz_plugins:/rmf_demos_ws/install/rmf_robot_sim_common:/rmf_demos_ws/install/rmf_reservation_msgs:/rmf_demos_ws/install/rmf_obstacle_msgs:/rmf_demos_ws/install/rmf_building_sim_gz_plugins:/rmf_demos_ws/install/rmf_lift_msgs:/rmf_demos_ws/install/rmf_ingestor_msgs:/rmf_demos_ws/install/rmf_fleet_msgs:/rmf_demos_ws/install/rmf_door_msgs:/rmf_demos_ws/install/rmf_dispenser_msgs:/rmf_demos_ws/install/rmf_demos_maps:/rmf_demos_ws/install/rmf_demos_assets:/rmf_demos_ws/install/rmf_charger_msgs:/rmf_demos_ws/install/rmf_building_map_msgs:/rmf_demos_ws/install/rmf_api_msgs:/rmf_demos_ws/install/nlohmann_json_schema_validator_vendor:/rmf_demos_ws/install/rmf_demos_fleet_adapter:/rmf_demos_ws/install/rmf_visualization_building_systems:/rmf_demos_ws/install/rmf_traffic_examples:/rmf_demos_ws/install/rmf_demos_bridges:/rmf_demos_ws/install/rmf_demos_tasks:/rmf_demos_ws/install/rmf_building_map_tools:/rmf_demos_ws/install/rmf_charging_schedule:/opt/ros/jazzy:/rmf_demos_ws/install/menge_vendor:/rmf_demos_ws/install/ament_cmake_catch2:/opt/ros/jazzy/opt/gz_sim_vendor:/opt/ros/jazzy/opt/gz_sensors_vendor:/opt/ros/jazzy/opt/gz_physics_vendor:/opt/ros/jazzy/opt/sdformat_vendor:/opt/ros/jazzy/opt/gz_gui_vendor:/opt/ros/jazzy/opt/gz_transport_vendor:/opt/ros/jazzy/opt/gz_rendering_vendor:/opt/ros/jazzy/opt/gz_plugin_vendor:/opt/ros/jazzy/opt/gz_fuel_tools_vendor:/opt/ros/jazzy/opt/gz_msgs_vendor:/opt/ros/jazzy/opt/gz_common_vendor:/opt/ros/jazzy/opt/gz_math_vendor:/opt/ros/jazzy/opt/gz_utils_vendor:/opt/ros/jazzy/opt/gz_tools_vendor:/opt/ros/jazzy/opt/gz_ogre_next_vendor:/opt/ros/jazzy/opt/gz_dartsim_vendor:/opt/ros/jazzy/opt/gz_cmake_vendor /usr/bin/cmake --install /home/maria/rmf_ws/build/rmf_building_sim_gz_plugins
