[0.009s] Invoking command in '/home/maria/Documentos/GitHub/IR2134/rmf_ws/build/project_config': AMENT_PREFIX_PATH=/home/maria/Documentos/GitHub/IR2134/rmf_ws/install/project_fleet_adapter:/home/maria/Documentos/GitHub/IR2134/rmf_ws/install/project_assets:${AMENT_PREFIX_PATH} CMAKE_PREFIX_PATH=/home/maria/Documentos/GitHub/IR2134/rmf_ws/install/project_maps:/home/maria/Documentos/GitHub/IR2134/rmf_ws/install/project_assets:/home/maria/Documentos/GitHub/IR2134/rmf_ws/install/rmf_demos_assets:/home/maria/Documentos/GitHub/IR2134/rmf_ws/install/project_simulation:/home/maria/Documentos/GitHub/IR2134/rmf_ws/install/project_config:/home/maria/Documentos/GitHub/IR2134/rmf_ws/install/rmf_demos_fleet_adapter:/opt/ros/humble PYTHONPATH=/home/maria/Documentos/GitHub/IR2134/rmf_ws/install/project_fleet_adapter/lib/python3.10/site-packages:/home/maria/Documentos/GitHub/IR2134/rmf_ws/install/rmf_demos_fleet_adapter/lib/python3.10/site-packages:/opt/ros/humble/lib/python3.10/site-packages:/opt/ros/humble/local/lib/python3.10/dist-packages:/opt/spark/python:/opt/spark/python /usr/bin/cmake --build /home/maria/Documentos/GitHub/IR2134/rmf_ws/build/project_config -- -j8 -l8
[0.043s] Invoked command in '/home/maria/Documentos/GitHub/IR2134/rmf_ws/build/project_config' returned '0': AMENT_PREFIX_PATH=/home/maria/Documentos/GitHub/IR2134/rmf_ws/install/project_fleet_adapter:/home/maria/Documentos/GitHub/IR2134/rmf_ws/install/project_assets:${AMENT_PREFIX_PATH} CMAKE_PREFIX_PATH=/home/maria/Documentos/GitHub/IR2134/rmf_ws/install/project_maps:/home/maria/Documentos/GitHub/IR2134/rmf_ws/install/project_assets:/home/maria/Documentos/GitHub/IR2134/rmf_ws/install/rmf_demos_assets:/home/maria/Documentos/GitHub/IR2134/rmf_ws/install/project_simulation:/home/maria/Documentos/GitHub/IR2134/rmf_ws/install/project_config:/home/maria/Documentos/GitHub/IR2134/rmf_ws/install/rmf_demos_fleet_adapter:/opt/ros/humble PYTHONPATH=/home/maria/Documentos/GitHub/IR2134/rmf_ws/install/project_fleet_adapter/lib/python3.10/site-packages:/home/maria/Documentos/GitHub/IR2134/rmf_ws/install/rmf_demos_fleet_adapter/lib/python3.10/site-packages:/opt/ros/humble/lib/python3.10/site-packages:/opt/ros/humble/local/lib/python3.10/dist-packages:/opt/spark/python:/opt/spark/python /usr/bin/cmake --build /home/maria/Documentos/GitHub/IR2134/rmf_ws/build/project_config -- -j8 -l8
[0.044s] Invoking command in '/home/maria/Documentos/GitHub/IR2134/rmf_ws/build/project_config': AMENT_PREFIX_PATH=/home/maria/Documentos/GitHub/IR2134/rmf_ws/install/project_fleet_adapter:/home/maria/Documentos/GitHub/IR2134/rmf_ws/install/project_assets:${AMENT_PREFIX_PATH} CMAKE_PREFIX_PATH=/home/maria/Documentos/GitHub/IR2134/rmf_ws/install/project_maps:/home/maria/Documentos/GitHub/IR2134/rmf_ws/install/project_assets:/home/maria/Documentos/GitHub/IR2134/rmf_ws/install/rmf_demos_assets:/home/maria/Documentos/GitHub/IR2134/rmf_ws/install/project_simulation:/home/maria/Documentos/GitHub/IR2134/rmf_ws/install/project_config:/home/maria/Documentos/GitHub/IR2134/rmf_ws/install/rmf_demos_fleet_adapter:/opt/ros/humble PYTHONPATH=/home/maria/Documentos/GitHub/IR2134/rmf_ws/install/project_fleet_adapter/lib/python3.10/site-packages:/home/maria/Documentos/GitHub/IR2134/rmf_ws/install/rmf_demos_fleet_adapter/lib/python3.10/site-packages:/opt/ros/humble/lib/python3.10/site-packages:/opt/ros/humble/local/lib/python3.10/dist-packages:/opt/spark/python:/opt/spark/python /usr/bin/cmake --install /home/maria/Documentos/GitHub/IR2134/rmf_ws/build/project_config
[0.050s] -- Install configuration: ""
[0.051s] -- Up-to-date: /home/maria/Documentos/GitHub/IR2134/rmf_ws/install/project_config/share/project_config
[0.051s] -- Up-to-date: /home/maria/Documentos/GitHub/IR2134/rmf_ws/install/project_config/share/project_config/test1.launch.xml
[0.051s] -- Up-to-date: /home/maria/Documentos/GitHub/IR2134/rmf_ws/install/project_config/share/project_config/common.launch.xml
[0.051s] -- Up-to-date: /home/maria/Documentos/GitHub/IR2134/rmf_ws/install/project_config/share/project_config
[0.051s] -- Up-to-date: /home/maria/Documentos/GitHub/IR2134/rmf_ws/install/project_config/share/project_config/test1
[0.051s] -- Up-to-date: /home/maria/Documentos/GitHub/IR2134/rmf_ws/install/project_config/share/ament_index/resource_index/package_run_dependencies/project_config
[0.052s] -- Up-to-date: /home/maria/Documentos/GitHub/IR2134/rmf_ws/install/project_config/share/ament_index/resource_index/parent_prefix_path/project_config
[0.052s] -- Up-to-date: /home/maria/Documentos/GitHub/IR2134/rmf_ws/install/project_config/share/project_config/environment/ament_prefix_path.sh
[0.052s] -- Up-to-date: /home/maria/Documentos/GitHub/IR2134/rmf_ws/install/project_config/share/project_config/environment/ament_prefix_path.dsv
[0.052s] -- Up-to-date: /home/maria/Documentos/GitHub/IR2134/rmf_ws/install/project_config/share/project_config/environment/path.sh
[0.052s] -- Up-to-date: /home/maria/Documentos/GitHub/IR2134/rmf_ws/install/project_config/share/project_config/environment/path.dsv
[0.052s] -- Up-to-date: /home/maria/Documentos/GitHub/IR2134/rmf_ws/install/project_config/share/project_config/local_setup.bash
[0.052s] -- Up-to-date: /home/maria/Documentos/GitHub/IR2134/rmf_ws/install/project_config/share/project_config/local_setup.sh
[0.052s] -- Up-to-date: /home/maria/Documentos/GitHub/IR2134/rmf_ws/install/project_config/share/project_config/local_setup.zsh
[0.052s] -- Up-to-date: /home/maria/Documentos/GitHub/IR2134/rmf_ws/install/project_config/share/project_config/local_setup.dsv
[0.053s] -- Installing: /home/maria/Documentos/GitHub/IR2134/rmf_ws/install/project_config/share/project_config/package.dsv
[0.053s] -- Up-to-date: /home/maria/Documentos/GitHub/IR2134/rmf_ws/install/project_config/share/ament_index/resource_index/packages/project_config
[0.053s] -- Up-to-date: /home/maria/Documentos/GitHub/IR2134/rmf_ws/install/project_config/share/project_config/cmake/project_configConfig.cmake
[0.053s] -- Up-to-date: /home/maria/Documentos/GitHub/IR2134/rmf_ws/install/project_config/share/project_config/cmake/project_configConfig-version.cmake
[0.053s] -- Up-to-date: /home/maria/Documentos/GitHub/IR2134/rmf_ws/install/project_config/share/project_config/package.xml
[0.055s] Invoked command in '/home/maria/Documentos/GitHub/IR2134/rmf_ws/build/project_config' returned '0': AMENT_PREFIX_PATH=/home/maria/Documentos/GitHub/IR2134/rmf_ws/install/project_fleet_adapter:/home/maria/Documentos/GitHub/IR2134/rmf_ws/install/project_assets:${AMENT_PREFIX_PATH} CMAKE_PREFIX_PATH=/home/maria/Documentos/GitHub/IR2134/rmf_ws/install/project_maps:/home/maria/Documentos/GitHub/IR2134/rmf_ws/install/project_assets:/home/maria/Documentos/GitHub/IR2134/rmf_ws/install/rmf_demos_assets:/home/maria/Documentos/GitHub/IR2134/rmf_ws/install/project_simulation:/home/maria/Documentos/GitHub/IR2134/rmf_ws/install/project_config:/home/maria/Documentos/GitHub/IR2134/rmf_ws/install/rmf_demos_fleet_adapter:/opt/ros/humble PYTHONPATH=/home/maria/Documentos/GitHub/IR2134/rmf_ws/install/project_fleet_adapter/lib/python3.10/site-packages:/home/maria/Documentos/GitHub/IR2134/rmf_ws/install/rmf_demos_fleet_adapter/lib/python3.10/site-packages:/opt/ros/humble/lib/python3.10/site-packages:/opt/ros/humble/local/lib/python3.10/dist-packages:/opt/spark/python:/opt/spark/python /usr/bin/cmake --install /home/maria/Documentos/GitHub/IR2134/rmf_ws/build/project_config
