[1.481s] Invoking command in '/home/maria/rmf_ws/src/project/project_fleet_adapter': PYTHONPATH=/home/maria/rmf_ws/build/project_fleet_adapter/prefix_override:/usr/lib/python3/dist-packages/colcon_core/task/python/colcon_distutils_commands:/home/maria/rmf_ws/install/project_fleet_adapter/lib/python3.12/site-packages:${PYTHONPATH} /usr/bin/python3 -W ignore:setup.py install is deprecated -W ignore:easy_install command is deprecated setup.py egg_info --egg-base ../../../build/project_fleet_adapter build --build-base /home/maria/rmf_ws/build/project_fleet_adapter/build install --record /home/maria/rmf_ws/build/project_fleet_adapter/install.log --single-version-externally-managed install_data
[1.897s] running egg_info
[1.915s] writing ../../../build/project_fleet_adapter/project_fleet_adapter.egg-info/PKG-INFO
[1.915s] writing dependency_links to ../../../build/project_fleet_adapter/project_fleet_adapter.egg-info/dependency_links.txt
[1.916s] writing entry points to ../../../build/project_fleet_adapter/project_fleet_adapter.egg-info/entry_points.txt
[1.916s] writing requirements to ../../../build/project_fleet_adapter/project_fleet_adapter.egg-info/requires.txt
[1.916s] writing top-level names to ../../../build/project_fleet_adapter/project_fleet_adapter.egg-info/top_level.txt
[1.955s] reading manifest file '../../../build/project_fleet_adapter/project_fleet_adapter.egg-info/SOURCES.txt'
[1.956s] writing manifest file '../../../build/project_fleet_adapter/project_fleet_adapter.egg-info/SOURCES.txt'
[1.956s] running build
[1.956s] running build_py
[1.957s] running install
[1.965s] running install_lib
[1.992s] running install_data
[1.992s] running install_egg_info
[2.012s] removing '/home/maria/rmf_ws/install/project_fleet_adapter/lib/python3.12/site-packages/project_fleet_adapter-2.8.1-py3.12.egg-info' (and everything under it)
[2.012s] Copying ../../../build/project_fleet_adapter/project_fleet_adapter.egg-info to /home/maria/rmf_ws/install/project_fleet_adapter/lib/python3.12/site-packages/project_fleet_adapter-2.8.1-py3.12.egg-info
[2.016s] running install_scripts
[2.143s] Installing fleet_adapter script to /home/maria/rmf_ws/install/project_fleet_adapter/lib/project_fleet_adapter
[2.143s] Installing fleet_manager script to /home/maria/rmf_ws/install/project_fleet_adapter/lib/project_fleet_adapter
[2.143s] Installing manage_lane script to /home/maria/rmf_ws/install/project_fleet_adapter/lib/project_fleet_adapter
[2.144s] writing list of installed files to '/home/maria/rmf_ws/build/project_fleet_adapter/install.log'
[2.168s] Invoked command in '/home/maria/rmf_ws/src/project/project_fleet_adapter' returned '0': PYTHONPATH=/home/maria/rmf_ws/build/project_fleet_adapter/prefix_override:/usr/lib/python3/dist-packages/colcon_core/task/python/colcon_distutils_commands:/home/maria/rmf_ws/install/project_fleet_adapter/lib/python3.12/site-packages:${PYTHONPATH} /usr/bin/python3 -W ignore:setup.py install is deprecated -W ignore:easy_install command is deprecated setup.py egg_info --egg-base ../../../build/project_fleet_adapter build --build-base /home/maria/rmf_ws/build/project_fleet_adapter/build install --record /home/maria/rmf_ws/build/project_fleet_adapter/install.log --single-version-externally-managed install_data
