Traceback (most recent call last):
  File "/opt/ros/jazzy/bin/ros2", line 3, in <module>
    import re
  File "/usr/lib/python3.12/re/__init__.py", line 124, in <module>
    import enum
  File "<frozen importlib._bootstrap>", line 1360, in _find_and_load
  File "<frozen importlib._bootstrap>", line 1331, in _find_and_load_unlocked
  File "<frozen importlib._bootstrap>", line 935, in _load_unlocked
  File "<frozen importlib._bootstrap_external>", line 991, in exec_module
  File "<frozen importlib._bootstrap_external>", line 1124, in get_code
  File "<frozen importlib._bootstrap_external>", line 753, in _compile_bytecode
KeyboardInterrupt
gmake[2]: *** [CMakeFiles/generate_test1_crowdsim.dir/build.make:73: test1_crowdsim] Interrupt
gmake[1]: *** [CMakeFiles/Makefile2:359: CMakeFiles/generate_test1_crowdsim.dir/all] Interrupt
Traceback (most recent call last):
  File "/rmf_demos_ws/install/rmf_building_map_tools/lib/rmf_building_map_tools/building_map_generator", line 33, in <module>
    sys.exit(load_entry_point('rmf-building-map-tools==1.14.0', 'console_scripts', 'building_map_generator')())
             ^^^^^^^^^^^^^^^^^^^^^^^^^^^^^^^^^^^^^^^^^^^^^^^^^^^^^^^^^^^^^^^^^^^^^^^^^^^^^^^^^^^^^^^^^^^^^^^^^
  File "/rmf_demos_ws/install/rmf_building_map_tools/lib/python3.12/site-packages/building_map_generator/building_map_generator.py", line 16, in main
    g.generate_sdf(
  File "/rmf_demos_ws/install/rmf_building_map_tools/lib/python3.12/site-packages/building_map/generator.py", line 30, in generate_sdf
    building = self.parse_editor_yaml(input_filename)
               ^^^^^^^^^^^^^^^^^^^^^^^^^^^^^^^^^^^^^^
  File "/rmf_demos_ws/install/rmf_building_map_tools/lib/python3.12/site-packages/building_map/generator.py", line 17, in parse_editor_yaml
    y = yaml.load(f, Loader=yaml.CLoader)
        ^^^^^^^^^^^^^^^^^^^^^^^^^^^^^^^^^
  File "/usr/lib/python3/dist-packages/yaml/__init__.py", line 81, in load
    return loader.get_single_data()
           ^^^^^^^^^^^^^^^^^^^^^^^^
  File "/usr/lib/python3/dist-packages/yaml/constructor.py", line 49, in get_single_data
    node = self.get_single_node()
           ^^^^^^^^^^^^^^^^^^^^^^
  File "yaml/_yaml.pyx", line 673, in yaml._yaml.CParser.get_single_node
  File "yaml/_yaml.pyx", line 687, in yaml._yaml.CParser._compose_document
  File "yaml/_yaml.pyx", line 731, in yaml._yaml.CParser._compose_node
  File "yaml/_yaml.pyx", line 845, in yaml._yaml.CParser._compose_mapping_node
  File "yaml/_yaml.pyx", line 731, in yaml._yaml.CParser._compose_node
  File "yaml/_yaml.pyx", line 845, in yaml._yaml.CParser._compose_mapping_node
  File "yaml/_yaml.pyx", line 731, in yaml._yaml.CParser._compose_node
  File "yaml/_yaml.pyx", line 845, in yaml._yaml.CParser._compose_mapping_node
  File "yaml/_yaml.pyx", line 729, in yaml._yaml.CParser._compose_node
  File "yaml/_yaml.pyx", line 806, in yaml._yaml.CParser._compose_sequence_node
  File "yaml/_yaml.pyx", line 731, in yaml._yaml.CParser._compose_node
  File "yaml/_yaml.pyx", line 845, in yaml._yaml.CParser._compose_mapping_node
  File "yaml/_yaml.pyx", line 732, in yaml._yaml.CParser._compose_node
  File "/usr/lib/python3/dist-packages/yaml/resolver.py", line 114, in ascend_resolver
    def ascend_resolver(self):

KeyboardInterrupt
gmake[2]: *** [CMakeFiles/classroom.dir/build.make:70: CMakeFiles/classroom] Error 254
gmake[1]: *** [CMakeFiles/Makefile2:177: CMakeFiles/classroom.dir/all] Interrupt
gmake[2]: *** [CMakeFiles/estce.dir/build.make:70: CMakeFiles/estce] Error 254
gmake[1]: *** [CMakeFiles/Makefile2:255: CMakeFiles/estce.dir/all] Interrupt
gmake: *** [Makefile:146: all] Interrupt
