[ 50%] [34m[1mGenerating maps/estce/nav_graphs/phony[0m
[ 50%] [34m[1mGenerating maps/classroom/nav_graphs/phony[0m
[ 50%] [34m[1mGenerating maps/test1/nav_graphs/phony[0m
Load success!

Cache found! Model count: 3238 
Updating cache...
Topping up Fuel (updating cache) from: https://fuel.gazebosim.org/1.0/models
Fetching page: 1
building name: test1
coordinate system: reference_image
parsing level L1
parsing level L2
calculating levels relative to L1
level L1 scale: 0.06666666666666667
calculating level L2 offset and scale...
  2 common fiducials:
Transform.set_from_fiducials()
  2 fiducial pairs:
    (1.5, -1.5) -> (2.0, -2.0)   columna1
    (148.5, -1.5) -> (148.5, -1.5)   columna2
    calc dist columna1 <=> columna2
Bearings:
[(0.0, 0.003412956031538204)]
  0.003412956031538204
  Circular mean: -0.0034129560315382034
Distances:
[(147.0, 146.50085323983612)]
mean relative scale: 0.996604443808409
translation: (-0.03333, 0.034243)
parsing lift lift1
generating nav data
hooray, we found an intersection: t=0.506, u=0.532
  (23.555,-48.923),(122.687,-48.923) and (73.7,-38.148),(73.7,-58.389)
found intersection with door door1!
writing /home/maria/rmf_ws/build/project_maps/maps/test1/nav_graphs/0.yaml
[ 50%] Built target generate_test1_nav_graphs
building name: classroom
coordinate system: reference_image
parsing level L1
parsing level L2
calculating levels relative to L1
level L1 scale: 0.02551020408163266
calculating level L2 offset and scale...
  0 common fiducials:
Transform.set_from_fiducials()
  0 fiducial pairs:
Bearings:
[]
generating nav data
hooray, we found an intersection: t=0.459, u=0.62
  (732.006,-1378.531),(618.612,-1378.531) and (679.96,-1356.421),(679.96,-1392.105)
found intersection with door door2!
hooray, we found an intersection: t=0.604, u=0.561
  (741.803,-1033.459),(741.803,-1380.592) and (672.582,-1243.013),(795.893,-1243.013)
found intersection with door door6!
hooray, we found an intersection: t=0.303, u=0.684
  (741.803,-1380.592),(519.736,-1380.592) and (674.5,-1355.444),(674.5,-1392.191)
found intersection with door door9!
hooray, we found an intersection: t=0.183, u=0.481
  (877.736,-1373.216),(1134.021,-1373.216) and (924.619,-1355.521),(924.619,-1392.329)
found intersection with door door3!
hooray, we found an intersection: t=0.359, u=0.456
  (547.119,-1697.655),(878.052,-1697.655) and (665.966,-1673.474),(665.966,-1726.528)
found intersection with door door4!
hooray, we found an intersection: t=0.347, u=0.604
  (877.59,-1173.327),(877.59,-1374.102) and (808.137,-1243.013),(923.139,-1243.013)
found intersection with door door7!
hooray, we found an intersection: t=0.177, u=0.466
  (877.59,-1374.102),(1140.727,-1374.102) and (924.039,-1357.093),(924.039,-1393.624)
found intersection with door door8!
writing /home/maria/rmf_ws/build/project_maps/maps/classroom/nav_graphs/0.yaml
writing /home/maria/rmf_ws/build/project_maps/maps/classroom/nav_graphs/1.yaml
[ 50%] Built target generate_classroom_nav_graphs
building name: estce
coordinate system: reference_image
parsing level L1
parsing level L2
calculating levels relative to L1
level L1 scale: 0.022444889534645907
calculating level L2 offset and scale...
  3 common fiducials:
Transform.set_from_fiducials()
  3 fiducial pairs:
    (3963.9, -2197.6) -> (3837.1, -2354.5)   c3
    (2516.2, -2123.7) -> (2388.7, -2279.7)   c4
    (2369.6, -2222.5) -> (2242.3, -2378.6)   c1
    calc dist c3 <=> c4
    calc dist c3 <=> c1
    calc dist c4 <=> c1
Bearings:
[(3.090626667763035, 3.090030514435309), (-3.1259350542154625, -3.1264943407908756), (-2.5484125455389486, -2.5477943015529716)]
  -0.0005961533277258901
  -0.0005592865754131537
  0.000618243985976985
  Circular mean: 0.00017906532679433574
Distances:
[(1449.6723774715445, 1450.2914846695473), (1594.5624578062157, 1594.9407871394474), (176.77616935831585, 176.63032569182434)]
mean relative scale: 0.999946436772245
translation: (2.8426, 3.5003)
parsing lift lift1td1
parsing lift lift2td0
parsing lift lift3td2
parsing lift lift4td2
generating nav data
hooray, we found an intersection: t=0.539, u=0.761
  (2445.248,-2169.012),(2467.795,-2086.239) and (2490.877,-2124.279),(2446.927,-2124.383)
found intersection with door bano06!
hooray, we found an intersection: t=0.132, u=0.619
  (2467.795,-2086.239),(2637.26,-2086.239) and (2491.186,-2062.14),(2489.601,-2101.067)
found intersection with door TD0008CW!
hooray, we found an intersection: t=0.781, u=0.548
  (2644.009,-2172.471),(2726.492,-2161.224) and (2708.389,-2150.226),(2708.413,-2174.781)
found intersection with door bano08!
hooray, we found an intersection: t=0.776, u=0.502
  (2638.01,-2212.963),(2728.741,-2203.215) and (2708.413,-2193.344),(2708.413,-2217.344)
found intersection with door bano09!
hooray, we found an intersection: t=0.715, u=0.57
  (2637.26,-2272.95),(2736.989,-2242.207) and (2708.413,-2236.658),(2708.601,-2261.784)
found intersection with door bano010!
hooray, we found an intersection: t=0.514, u=0.617
  (2467.795,-2086.239),(2137.114,-2086.239) and (2299.303,-2060.164),(2297.039,-2102.424)
found intersection with door TD0007CW!
hooray, we found an intersection: t=0.449, u=0.663
  (2137.114,-2086.239),(2068.128,-2059.245) and (2106.114,-2049.599),(2106.114,-2086.576)
found intersection with door bano01!
hooray, we found an intersection: t=0.668, u=0.527
  (2130.365,-2146.977),(2046.383,-2168.722) and (2073.969,-2146.952),(2074.55,-2174.577)
found intersection with door bano02!
hooray, we found an intersection: t=0.743, u=0.329
  (2131.115,-2200.965),(2055.381,-2203.215) and (2074.55,-2194.953),(2075.539,-2218.297)
found intersection with door bano03!
hooray, we found an intersection: t=0.715, u=0.45
  (2135.614,-2246.706),(2050.882,-2250.455) and (2075.539,-2238.079),(2074.352,-2263.203)
found intersection with door bano04!
hooray, we found an intersection: t=0.388, u=0.636
  (3920.014,-2154.451),(3920.014,-2081.472) and (3892.755,-2125.876),(3935.63,-2126.325)
found intersection with door bano015!
hooray, we found an intersection: t=0.375, u=0.489
  (3920.014,-2081.472),(3845.912,-2081.472) and (3892.66,-2062.712),(3891.817,-2101.048)
found intersection with door TD0009CW!
hooray, we found an intersection: t=0.449, u=0.449
  (3753.846,-2059.017),(3639.749,-2076.266) and (3702.398,-2049.41),(3702.805,-2088.103)
found intersection with door bano011!
hooray, we found an intersection: t=0.55, u=0.609
  (3701.076,-2169.047),(3650.045,-2159.717) and (3674.766,-2146.262),(3671.851,-2175.263)
found intersection with door bano012!
hooray, we found an intersection: t=0.574, u=0.537
  (3698.273,-2207.945),(3651.129,-2206.319) and (3671.851,-2195.628),(3670.629,-2216.807)
found intersection with door bano013!
hooray, we found an intersection: t=0.746, u=0.517
  (3920.014,-2081.472),(4143.019,-2081.472) and (4086.446,-2062.291),(4086.446,-2099.363)
found intersection with door TD0010CW!
hooray, we found an intersection: t=0.471, u=0.603
  (4202.88,-2079.54),(4350.68,-2065.108) and (4272.198,-2050.632),(4272.605,-2087.289)
found intersection with door bano017!
hooray, we found an intersection: t=0.732, u=0.612
  (4265.135,-2180.905),(4318.939,-2154.511) and (4304.088,-2143.244),(4304.781,-2173.227)
found intersection with door bano018!
hooray, we found an intersection: t=0.629, u=0.69
  (4266.396,-2221.591),(4325.154,-2202.689) and (4304.781,-2191.148),(4302.745,-2218.029)
found intersection with door bano019!
hooray, we found an intersection: t=0.472, u=0.53
  (4272.148,-2252.408),(4337.481,-2245.012) and (4302.745,-2235.542),(4303.152,-2260.794)
found intersection with door bano020!
hooray, we found an intersection: t=0.533, u=0.537
  (2191.773,-2333.949),(2202.468,-2238.956) and (2178.941,-2282.645),(2213.479,-2283.861)
found intersection with door bano5!
hooray, we found an intersection: t=0.32, u=0.498
  (2202.468,-2238.956),(2093.425,-2238.956) and (2166.915,-2219.974),(2168.236,-2258.064)
found intersection with door TD0114CW!
hooray, we found an intersection: t=0.464, u=0.434
  (2045.334,-2221.83),(1903.297,-2221.83) and (1979.331,-2205.396),(1979.539,-2243.253)
found intersection with door bano1!
hooray, we found an intersection: t=0.722, u=0.51
  (2202.468,-2238.956),(2424.469,-2238.956) and (2363.879,-2220.501),(2361.836,-2256.667)
found intersection with door TD0115CW!
hooray, we found an intersection: t=0.426, u=0.501
  (3793.468,-2314.561),(3793.468,-2239.389) and (3777.013,-2281.951),(3809.872,-2283.078)
found intersection with door bano15!
hooray, we found an intersection: t=0.342, u=0.544
  (3793.468,-2239.389),(3706.996,-2239.389) and (3763.517,-2219.277),(3764.209,-2256.22)
found intersection with door TD0116CW!
hooray, we found an intersection: t=0.784, u=0.549
  (3793.468,-2239.389),(4005.5,-2239.389) and (3960.322,-2217.639),(3959.184,-2257.234)
found intersection with door TD0117CW!
hooray, we found an intersection: t=0.245, u=0.751
  (1440.92,-570.091),(1852.513,-570.091) and (1542.627,-523.898),(1541.634,-585.427)
found intersection with door TD1021AA!
hooray, we found an intersection: t=0.329, u=0.231
  (1440.92,-570.091),(1110.062,-570.091) and (1331.889,-582.739),(1332.052,-528.089)
found intersection with door TD1007AA!
hooray, we found an intersection: t=0.304, u=0.549
  (1599.91,-1107.702),(1599.91,-799.15) and (1565.948,-1014.146),(1627.779,-1013.571)
found intersection with door TD1019AA!
hooray, we found an intersection: t=0.306, u=0.674
  (1284.956,-1107.702),(1284.956,-796.419) and (1245.117,-1012.508),(1304.259,-1012.508)
found intersection with door TD1022AA!
hooray, we found an intersection: t=0.635, u=0.551
  (1442.255,-1271.182),(1591.564,-1271.182) and (1536.87,-1230.708),(1537.163,-1304.196)
found intersection with door TD1016AA!
hooray, we found an intersection: t=0.572, u=0.534
  (1442.255,-1271.182),(1253.821,-1271.182) and (1333.679,-1303.11),(1335.273,-1243.345)
found intersection with door TD1017AA!
hooray, we found an intersection: t=0.721, u=0.412
  (1441.382,-1645.562),(1293.227,-1645.562) and (1335.25,-1668.863),(1333.679,-1612.293)
found intersection with door TD1018AA!
hooray, we found an intersection: t=0.656, u=0.617
  (1441.382,-1645.562),(1589.537,-1645.562) and (1537.163,-1608.181),(1539.473,-1668.813)
found intersection with door TD1015AA!
hooray, we found an intersection: t=0.877, u=0.496
  (1117.809,-1982.484),(562.03,-1961.511) and (631.461,-1933.536),(629.573,-1995.198)
found intersection with door TD1023CP2!
hooray, we found an intersection: t=0.166, u=0.651
  (1117.809,-1982.484),(562.03,-1961.511) and (1025.417,-1936.595),(1025.974,-2001.742)
found intersection with door TD1005CP2!
hooray, we found an intersection: t=0.769, u=0.581
  (562.03,-2286.59),(1164.998,-2286.59) and (1025.974,-2248.895),(1025.974,-2313.829)
found intersection with door TD1005CP1!
hooray, we found an intersection: t=0.113, u=0.594
  (562.03,-2286.59),(1164.998,-2286.59) and (629.573,-2253.802),(630.071,-2308.965)
found intersection with door TD1023CP1!
hooray, we found an intersection: t=0.476, u=0.556
  (1430.654,-2508.552),(1430.654,-2791.996) and (1473.142,-2643.664),(1396.722,-2643.094)
found intersection with door TD1002CP!
hooray, we found an intersection: t=0.259, u=0.719
  (1430.654,-2791.996),(1852.106,-2791.996) and (1540.591,-2748.633),(1539.748,-2808.928)
found intersection with door TD1008AL!
hooray, we found an intersection: t=0.691, u=0.284
  (1430.654,-2791.996),(1280.367,-2791.996) and (1327.145,-2809.622),(1326.005,-2747.459)
found intersection with door TD1014AL!
hooray, we found an intersection: t=0.666, u=0.722
  (1604.205,-3272.864),(1604.205,-3137.018) and (1561.556,-3182.148),(1620.592,-3182.497)
found intersection with door TD1010AL2!
hooray, we found an intersection: t=0.64, u=0.279
  (1261.535,-3272.864),(1261.535,-3131.935) and (1244.626,-3182.825),(1305.219,-3182.492)
found intersection with door TD1013AL2!
hooray, we found an intersection: t=0.67, u=0.42
  (1261.535,-3272.864),(1297.844,-3455.67) and (1312.127,-3395.906),(1249.646,-3394.709)
found intersection with door TD1012AL!
hooray, we found an intersection: t=0.543, u=0.267
  (1604.205,-3272.864),(1604.205,-3490.633) and (1620.048,-3390.7),(1560.608,-3392.515)
found intersection with door TD1011AL!
hooray, we found an intersection: t=0.761, u=0.535
  (4945.573,-1788.951),(4945.573,-1645.325) and (4906.11,-1679.0),(4979.838,-1680.17)
found intersection with door TD2014CP!
hooray, we found an intersection: t=0.289, u=0.394
  (4945.573,-1645.325),(4590.732,-1645.325) and (4843.501,-1669.053),(4842.33,-1608.783)
found intersection with door TD2022CE1!
hooray, we found an intersection: t=0.318, u=0.478
  (4590.732,-1337.797),(4409.932,-1337.797) and (4532.933,-1351.963),(4533.436,-1322.346)
found intersection with door TD2023CE!
hooray, we found an intersection: t=0.364, u=0.591
  (4580.888,-1384.976),(4448.696,-1384.976) and (4532.933,-1368.052),(4532.566,-1396.684)
found intersection with door TD2024CE!
hooray, we found an intersection: t=0.312, u=0.419
  (4588.502,-1530.319),(4412.014,-1530.319) and (4534.097,-1542.822),(4532.566,-1513.001)
found intersection with door TD2025CE!
hooray, we found an intersection: t=0.347, u=0.323
  (4587.117,-1570.461),(4433.469,-1570.461) and (4534.097,-1560.562),(4532.952,-1591.178)
found intersection with door TD2026CE!
hooray, we found an intersection: t=0.672, u=0.614
  (5112.567,-1093.102),(5112.567,-974.274) and (5077.806,-1013.288),(5134.377,-1013.288)
found intersection with door TD2046AA!
hooray, we found an intersection: t=0.833, u=0.459
  (4945.573,-1093.102),(4945.573,-557.393) and (4981.331,-646.227),(4903.499,-647.073)
found intersection with door TD2040CP1!
hooray, we found an intersection: t=0.363, u=0.595
  (4945.573,-557.393),(5241.15,-557.393) and (5052.395,-520.173),(5053.241,-582.777)
found intersection with door TD2040CP2!
hooray, we found an intersection: t=0.383, u=0.343
  (5241.15,-557.393),(5241.15,-427.771) and (5219.281,-507.566),(5283.082,-508.186)
found intersection with door TD2043AA!
hooray, we found an intersection: t=0.746, u=0.462
  (5264.117,-1987.349),(5385.303,-1964.728) and (5354.109,-1997.627),(5354.876,-1938.882)
found intersection with door TD2011CP2!
hooray, we found an intersection: t=0.214, u=0.487
  (5385.303,-1964.728),(5813.493,-1964.728) and (5477.326,-1996.042),(5476.103,-1931.729)
found intersection with door TD2011CP3!
hooray, we found an intersection: t=0.506, u=0.621
  (5448.32,-2274.964),(5262.501,-2274.964) and (5354.508,-2312.402),(5354.109,-2252.16)
found intersection with door TD2011CP1!
hooray, we found an intersection: t=0.127, u=0.585
  (4952.222,-2770.497),(5445.87,-2770.497) and (5013.672,-2730.433),(5015.54,-2798.956)
found intersection with door TD2002AA!
hooray, we found an intersection: t=0.148, u=0.428
  (4952.222,-2770.497),(4423.047,-2770.497) and (4873.617,-2797.592),(4874.23,-2734.224)
found intersection with door TD2003AA!
hooray, we found an intersection: t=0.871, u=0.425
  (4789.252,-3292.859),(4789.252,-3426.12) and (4813.887,-3409.422),(4755.98,-3408.264)
found intersection with door TD2006CI!
hooray, we found an intersection: t=0.827, u=0.596
  (5100.412,-3292.859),(5100.412,-3435.492) and (5136.994,-3412.139),(5075.585,-3409.865)
found intersection with door TD2010CP!
hooray, we found an intersection: t=0.157, u=0.281
  (5064.883,-3435.492),(5064.883,-3668.966) and (5053.751,-3472.184),(5093.326,-3471.729)
found intersection with door TD2007CI!
hooray, we found an intersection: t=0.13, u=0.45
  (4953.253,-2974.907),(5434.537,-2974.907) and (5015.54,-2947.703),(5015.995,-3008.203)
found intersection with door TD2047AA!
hooray, we found an intersection: t=0.15, u=0.587
  (4953.253,-2974.907),(4427.618,-2974.907) and (4875.268,-3014.884),(4873.617,-2946.794)
found intersection with door TD2048AA!
hooray, we found an intersection: t=0.296, u=0.634
  (4945.573,-1645.325),(5299.788,-1645.325) and (5050.055,-1608.198),(5050.64,-1666.712)
found intersection with door TD2016CE2!
hooray, we found an intersection: t=0.273, u=0.545
  (5306.467,-1343.123),(5475.817,-1317.438) and (5353.439,-1351.963),(5352.193,-1322.839)
found intersection with door TD2020CE!
hooray, we found an intersection: t=0.29, u=0.541
  (5299.502,-1377.08),(5485.395,-1401.46) and (5353.439,-1368.16),(5353.439,-1397.75)
found intersection with door TD2019CE!
hooray, we found an intersection: t=0.279, u=0.491
  (5307.007,-1533.752),(5472.185,-1524.005) and (5352.816,-1545.858),(5353.439,-1515.645)
found intersection with door TD2018CE!
hooray, we found an intersection: t=0.284, u=0.544
  (5300.338,-1575.303),(5482.958,-1579.92) and (5352.816,-1560.186),(5351.701,-1590.358)
found intersection with door TD2017CE!
hooray, we found an intersection: t=0.856, u=0.444
  (2401.75,-1931.732),(2841.734,-1932.631) and (2776.652,-1906.294),(2780.262,-1965.266)
found intersection with door TD0013CP1!
hooray, we found an intersection: t=0.589, u=0.583
  (1342.156,-1967.187),(1289.209,-1746.761) and (1270.868,-1837.227),(1339.686,-1837.542)
found intersection with door TD118CP1!
hooray, we found an intersection: t=0.65, u=0.621
  (1293.494,-715.088),(1476.752,-715.088) and (1413.231,-677.612),(1412.225,-737.942)
found intersection with door TD1103!
hooray, we found an intersection: t=0.186, u=0.623
  (1293.494,-715.088),(801.383,-715.088) and (1202.746,-675.601),(1201.741,-738.947)
found intersection with door TD1104!
hooray, we found an intersection: t=0.474, u=0.267
  (1455.659,-1267.289),(1455.659,-1060.566) and (1439.709,-1168.631),(1499.369,-1171.312)
found intersection with door TD1102!
hooray, we found an intersection: t=0.414, u=0.479
  (1146.523,-1267.289),(1146.523,-1039.704) and (1118.284,-1172.318),(1177.273,-1173.659)
found intersection with door TD1105!
hooray, we found an intersection: t=0.764, u=0.417
  (1604.797,-2145.3),(1957.508,-2081.472) and (1874.169,-2121.927),(1874.653,-2060.943)
found intersection with door TD1118CP3!
hooray, we found an intersection: t=0.822, u=0.318
  (2260.144,-2081.472),(2742.159,-2081.472) and (2656.486,-2062.649),(2655.492,-2121.842)
found intersection with door TD0119CP1!
hooray, we found an intersection: t=0.55, u=0.314
  (2742.159,-1658.43),(2700.802,-1546.116) and (2735.005,-1596.635),(2685.264,-1596.635)
found intersection with door TD0113ER!
hooray, we found an intersection: t=0.213, u=0.354
  (3341.182,-1655.652),(3012.227,-1655.652) and (3270.907,-1680.562),(3271.603,-1610.236)
found intersection with door TD0112FR!
hooray, we found an intersection: t=0.116, u=0.634
  (3017.809,-2085.243),(3017.809,-3374.879) and (3055.56,-2234.626),(2995.984,-2235.638)
found intersection with door TD0118CP1!
hooray, we found an intersection: t=0.709, u=0.665
  (3341.182,-2100.99),(4623.858,-2100.99) and (4250.94,-2061.953),(4251.066,-2120.647)
found intersection with door TD0123CP3!
hooray, we found an intersection: t=0.101, u=0.352
  (3341.182,-2100.99),(4623.858,-2100.99) and (3470.994,-2121.992),(3471.614,-2062.297)
found intersection with door TD0123CP1!
hooray, we found an intersection: t=0.074, u=0.498
  (4816.684,-1925.605),(4816.684,-714.493) and (4779.059,-1836.677),(4854.558,-1835.459)
found intersection with door TD2116CP!
hooray, we found an intersection: t=0.216, u=0.461
  (5190.508,-2249.525),(5357.491,-2249.525) and (5227.167,-2277.818),(5225.973,-2216.431)
found intersection with door TD2112CP1!
hooray, we found an intersection: t=0.724, u=0.351
  (4902.428,-2565.654),(4799.099,-2888.811) and (4854.321,-2799.459),(4778.232,-2799.771)
found intersection with door TD2113CP!
hooray, we found an intersection: t=0.281, u=0.606
  (4984.765,-3462.131),(4984.765,-3020.409) and (4949.433,-3337.384),(5007.747,-3338.32)
found intersection with door TD2107AL2!
hooray, we found an intersection: t=0.193, u=0.461
  (4799.364,-2938.284),(4317.34,-2938.284) and (4705.553,-2966.367),(4707.598,-2905.426)
found intersection with door TD2110AL1!
hooray, we found an intersection: t=0.39, u=0.561
  (4650.795,-3390.594),(4650.795,-3803.286) and (4684.368,-3551.619),(4624.495,-3551.307)
found intersection with door TD2109AL!
hooray, we found an intersection: t=0.347, u=0.378
  (4984.765,-3462.131),(4984.765,-3722.327) and (5006.811,-3552.866),(4948.497,-3551.619)
found intersection with door TD2108AL!
hooray, we found an intersection: t=0.233, u=0.547
  (3017.047,-2725.149),(2803.517,-2725.149) and (2967.233,-2756.71),(2967.394,-2698.96)
found intersection with door TD0120AI!
hooray, we found an intersection: t=0.109, u=0.546
  (3015.032,-2817.813),(2567.828,-2817.813) and (2965.993,-2850.767),(2966.912,-2790.397)
found intersection with door TD0108AI!
hooray, we found an intersection: t=0.309, u=0.639
  (3015.032,-3144.151),(3480.367,-3144.151) and (3158.638,-3102.929),(3159.255,-3167.423)
found intersection with door TD0104AI!
hooray, we found an intersection: t=0.272, u=0.464
  (3017.047,-2725.149),(3538.785,-2725.149) and (3158.569,-2697.011),(3158.928,-2757.591)
found intersection with door TD0102AI!
hooray, we found an intersection: t=0.288, u=0.471
  (3015.032,-2817.813),(3514.612,-2817.813) and (3158.928,-2788.871),(3159.05,-2850.3)
found intersection with door TD0103AI!
hooray, we found an intersection: t=0.349, u=0.455
  (1145.077,-3390.171),(1145.077,-3224.609) and (1117.028,-3332.602),(1178.659,-3332.262)
found intersection with door TD1111AL2!
hooray, we found an intersection: t=0.292, u=0.447
  (1151.753,-3480.221),(1151.753,-3722.332) and (1179.599,-3552.278),(1117.369,-3549.501)
found intersection with door TD1109AL1!
hooray, we found an intersection: t=0.366, u=0.559
  (1466.688,-3480.221),(1466.688,-3674.859) and (1500.494,-3552.278),(1439.997,-3550.963)
found intersection with door TD1108AL2!
hooray, we found an intersection: t=0.217, u=0.482
  (1302.541,-2934.124),(820.307,-2934.124) and (1198.093,-2960.385),(1197.386,-2905.956)
found intersection with door door!
hooray, we found an intersection: t=0.284, u=0.73
  (4817.2,-1780.809),(4446.666,-1780.809) and (4713.438,-1825.213),(4711.478,-1764.359)
found intersection with door TD2106AA2!
hooray, we found an intersection: t=0.196, u=0.516
  (1304.231,-2600.959),(1314.557,-3625.722) and (1345.431,-2801.484),(1269.572,-2801.422)
found intersection with door TD1118CP2!
hooray, we found an intersection: t=0.59, u=0.352
  (2973.126,-1995.406),(2645.816,-1995.406) and (2780.112,-1972.337),(2780.195,-2037.924)
found intersection with door TD0013CP2!
hooray, we found an intersection: t=0.781, u=0.643
  (2645.816,-1995.406),(1819.967,-1995.406) and (2002.62,-2036.541),(2000.32,-1972.523)
found intersection with door TD1001CP2!
hooray, we found an intersection: t=0.535, u=0.61
  (1426.502,-2571.467),(1426.502,-2705.795) and (1473.142,-2643.664),(1396.722,-2643.094)
found intersection with door TD1002CP!
hooray, we found an intersection: t=0.698, u=0.526
  (3278.902,-2049.203),(3374.282,-2135.202) and (3376.752,-2107.869),(3317.26,-2110.412)
found intersection with door TD0001EC2!
hooray, we found an intersection: t=0.307, u=0.326
  (4280.96,-1982.531),(4597.109,-2020.523) and (4378.527,-1973.027),(4376.943,-2038.006)
found intersection with door TD0014CP2!
writing /home/maria/rmf_ws/build/project_maps/maps/estce/nav_graphs/0.yaml
writing /home/maria/rmf_ws/build/project_maps/maps/estce/nav_graphs/1.yaml
writing /home/maria/rmf_ws/build/project_maps/maps/estce/nav_graphs/2.yaml
[ 50%] Built target generate_estce_nav_graphs
Cached model found! Halting Fuel traversal...
Writing to cache: /home/maria/.pit_crew/model_cache.json
New models cached: 0

[ 50%] Built target update_model_cache
generating /home/maria/rmf_ws/build/project_maps/maps/estce/estce.world from /home/maria/rmf_ws/src/project/project_maps/maps/estce/estce.building.yaml
generating /home/maria/rmf_ws/build/project_maps/maps/test1/test1.world from /home/maria/rmf_ws/src/project/project_maps/maps/test1/test1.building.yaml
building name: test1
coordinate system: reference_image
parsing level L1
parsing level L2
calculating levels relative to L1
level L1 scale: 0.06666666666666667
calculating level L2 offset and scale...
  2 common fiducials:
Transform.set_from_fiducials()
  2 fiducial pairs:
    (1.5, -1.5) -> (2.0, -2.0)   columna1
    (148.5, -1.5) -> (148.5, -1.5)   columna2
    calc dist columna1 <=> columna2
Bearings:
[(0.0, 0.003412956031538204)]
  0.003412956031538204
  Circular mean: -0.0034129560315382034
Distances:
[(147.0, 146.50085323983612)]
mean relative scale: 0.996604443808409
translation: (-0.03333, 0.034243)
parsing lift lift1
generating model of level L1 in /home/maria/rmf_ws/build/project_maps/maps/test1/models/test1_L1
  wrote /home/maria/rmf_ws/build/project_maps/maps/test1/models/test1_L1/model.config
generating floor polygon 1 on floor test1_L1
hole vertices: []
lift vertices: {'lift1': [(5.616666666666667, -1.2833333333333337), (5.616666666666667, -5.383333333333333), (9.716666666666667, -5.383333333333333), (9.716666666666667, -1.2833333333333337)]}
generating /home/maria/rmf_ws/build/project_maps/maps/classroom/classroom.world from /home/maria/rmf_ws/src/project/project_maps/maps/classroom/classroom.building.yaml
[[0, 3, 4], [0, 4, 5], [0, 5, 1], [1, 5, 6], [1, 6, 7], [1, 7, 2], [2, 7, 4], [2, 4, 3]]
  wrote /home/maria/rmf_ws/build/project_maps/maps/test1/models/test1_L1/meshes/floor_1.obj
  wrote /home/maria/rmf_ws/build/project_maps/maps/test1/models/test1_L1/meshes/blue_linoleum.png
  wrote /home/maria/rmf_ws/build/project_maps/maps/test1/models/test1_L1/meshes/floor_1.mtl
Walls Generation, wall params list: [{'alpha': <building_map.param_value.ParamValue object at 0x7868034d3d40>, 'texture_height': <building_map.param_value.ParamValue object at 0x7868034d0530>, 'texture_name': <building_map.param_value.ParamValue object at 0x7868034d00e0>, 'texture_scale': <building_map.param_value.ParamValue object at 0x7868034d3ce0>, 'texture_width': <building_map.param_value.ParamValue object at 0x7868034d3d10>}]
generating wall: 1 on floor: test1_L1
  wrote /home/maria/rmf_ws/build/project_maps/maps/test1/models/test1_L1/meshes/default.png
generate_wall_visual_mesh(test1_L1, /home/maria/rmf_ws/build/project_maps/maps/test1/models/test1_L1)
  generating /home/maria/rmf_ws/build/project_maps/maps/test1/models/test1_L1/meshes/wall_1.obj
  generating /home/maria/rmf_ws/build/project_maps/maps/test1/models/test1_L1/meshes/wall_1.mtl
  wrote /home/maria/rmf_ws/build/project_maps/maps/test1/models/test1_L1/model.sdf
generating model of level L2 in /home/maria/rmf_ws/build/project_maps/maps/test1/models/test1_L2
  wrote /home/maria/rmf_ws/build/project_maps/maps/test1/models/test1_L2/model.config
generating floor polygon 1 on floor test1_L2
hole vertices: []
lift vertices: {'lift1': [(5.616666666666667, -1.2833333333333337), (5.616666666666667, -5.383333333333333), (9.716666666666667, -5.383333333333333), (9.716666666666667, -1.2833333333333337)]}
[[0, 3, 4], [0, 4, 1], [1, 4, 5], [1, 5, 6], [1, 6, 2], [2, 6, 7], [2, 7, 3], [3, 7, 4]]
  wrote /home/maria/rmf_ws/build/project_maps/maps/test1/models/test1_L2/meshes/floor_1.obj
  wrote /home/maria/rmf_ws/build/project_maps/maps/test1/models/test1_L2/meshes/blue_linoleum.png
  wrote /home/maria/rmf_ws/build/project_maps/maps/test1/models/test1_L2/meshes/floor_1.mtl
Walls Generation, wall params list: [{'alpha': <building_map.param_value.ParamValue object at 0x786803290890>, 'texture_height': <building_map.param_value.ParamValue object at 0x7868032908f0>, 'texture_name': <building_map.param_value.ParamValue object at 0x786803290920>, 'texture_scale': <building_map.param_value.ParamValue object at 0x786803290980>, 'texture_width': <building_map.param_value.ParamValue object at 0x7868032909b0>}]
generating wall: 1 on floor: test1_L2
  wrote /home/maria/rmf_ws/build/project_maps/maps/test1/models/test1_L2/meshes/default.png
generate_wall_visual_mesh(test1_L2, /home/maria/rmf_ws/build/project_maps/maps/test1/models/test1_L2)
  generating /home/maria/rmf_ws/build/project_maps/maps/test1/models/test1_L2/meshes/wall_1.obj
  generating /home/maria/rmf_ws/build/project_maps/maps/test1/models/test1_L2/meshes/wall_1.mtl
  wrote /home/maria/rmf_ws/build/project_maps/maps/test1/models/test1_L2/model.sdf
spawning robot name tinyRobot1_charger of type TinyRobot
generate door name=door1 type=sliding
Door(door1)
generate door name=door2 type=sliding
Door(door2)
33015 bytes written to /home/maria/rmf_ws/build/project_maps/maps/test1/test1.world
building name: classroom
coordinate system: reference_image
parsing level L1
parsing level L2
calculating levels relative to L1
level L1 scale: 0.02551020408163266
calculating level L2 offset and scale...
  0 common fiducials:
Transform.set_from_fiducials()
  0 fiducial pairs:
Bearings:
[]
generating model of level L1 in /home/maria/rmf_ws/build/project_maps/maps/classroom/models/classroom_L1
  wrote /home/maria/rmf_ws/build/project_maps/maps/classroom/models/classroom_L1/model.config
generating floor polygon 1 on floor classroom_L1
hole vertices: []
lift vertices: {}
[[0, 5, 2], [0, 2, 1], [4, 3, 2], [4, 2, 5]]
  wrote /home/maria/rmf_ws/build/project_maps/maps/classroom/models/classroom_L1/meshes/floor_1.obj
  wrote /home/maria/rmf_ws/build/project_maps/maps/classroom/models/classroom_L1/meshes/blue_linoleum.png
  wrote /home/maria/rmf_ws/build/project_maps/maps/classroom/models/classroom_L1/meshes/floor_1.mtl
Walls Generation, wall params list: [{'alpha': <building_map.param_value.ParamValue object at 0x7ab93b6c3dd0>, 'texture_height': <building_map.param_value.ParamValue object at 0x7ab93b6c3da0>, 'texture_name': <building_map.param_value.ParamValue object at 0x7ab93b6c3f20>, 'texture_scale': <building_map.param_value.ParamValue object at 0x7ab93b6c3e60>, 'texture_width': <building_map.param_value.ParamValue object at 0x7ab93b6c3ec0>}]
generating wall: 1 on floor: classroom_L1
  wrote /home/maria/rmf_ws/build/project_maps/maps/classroom/models/classroom_L1/meshes/default.png
generate_wall_visual_mesh(classroom_L1, /home/maria/rmf_ws/build/project_maps/maps/classroom/models/classroom_L1)
  generating /home/maria/rmf_ws/build/project_maps/maps/classroom/models/classroom_L1/meshes/wall_1.obj
  generating /home/maria/rmf_ws/build/project_maps/maps/classroom/models/classroom_L1/meshes/wall_1.mtl
  wrote /home/maria/rmf_ws/build/project_maps/maps/classroom/models/classroom_L1/model.sdf
generating model of level L2 in /home/maria/rmf_ws/build/project_maps/maps/classroom/models/classroom_L2
  wrote /home/maria/rmf_ws/build/project_maps/maps/classroom/models/classroom_L2/model.config
generating floor polygon 1 on floor classroom_L2
hole vertices: []
lift vertices: {}
[[0, 3, 2], [0, 2, 1]]
  wrote /home/maria/rmf_ws/build/project_maps/maps/classroom/models/classroom_L2/meshes/floor_1.obj
  wrote /home/maria/rmf_ws/build/project_maps/maps/classroom/models/classroom_L2/meshes/blue_linoleum.png
  wrote /home/maria/rmf_ws/build/project_maps/maps/classroom/models/classroom_L2/meshes/floor_1.mtl
Walls Generation, wall params list: [{'alpha': <building_map.param_value.ParamValue object at 0x7ab93b54ce30>, 'texture_height': <building_map.param_value.ParamValue object at 0x7ab93b54ce60>, 'texture_name': <building_map.param_value.ParamValue object at 0x7ab93b54ce90>, 'texture_scale': <building_map.param_value.ParamValue object at 0x7ab93b54cec0>, 'texture_width': <building_map.param_value.ParamValue object at 0x7ab93b54cef0>}]
generating wall: 1 on floor: classroom_L2
  wrote /home/maria/rmf_ws/build/project_maps/maps/classroom/models/classroom_L2/meshes/default.png
generate_wall_visual_mesh(classroom_L2, /home/maria/rmf_ws/build/project_maps/maps/classroom/models/classroom_L2)
  generating /home/maria/rmf_ws/build/project_maps/maps/classroom/models/classroom_L2/meshes/wall_1.obj
  generating /home/maria/rmf_ws/build/project_maps/maps/classroom/models/classroom_L2/meshes/wall_1.mtl
  wrote /home/maria/rmf_ws/build/project_maps/maps/classroom/models/classroom_L2/model.sdf
[ 50%] Built target test1
spawning robot name tinyRobot2 of type TinyRobot
spawning robot name tinyRobot1 of type TinyRobot
generate door name=door1 type=double_hinged
Door(door1)
generate door name=door2 type=hinged
Door(door2)
generate door name=door3 type=sliding
Door(door3)
generate door name=door4 type=double_hinged
Door(door4)
generate door name=door5 type=double_hinged
Door(door5)
generate door name=door6 type=double_hinged
Door(door6)
generate door name=door7 type=double_hinged
Door(door7)
generate door name=door8 type=sliding
Door(door8)
generate door name=door9 type=hinged
Door(door9)
96466 bytes written to /home/maria/rmf_ws/build/project_maps/maps/classroom/classroom.world
[ 66%] [34m[1mGenerating test1_crowdsim[0m
Traceback (most recent call last):
  File "/opt/ros/jazzy/bin/ros2", line 3, in <module>
    import re
  File "/usr/lib/python3.12/re/__init__.py", line 124, in <module>
    import enum
  File "<frozen importlib._bootstrap>", line 1360, in _find_and_load
  File "<frozen importlib._bootstrap>", line 1331, in _find_and_load_unlocked
  File "<frozen importlib._bootstrap>", line 935, in _load_unlocked
  File "<frozen importlib._bootstrap_external>", line 991, in exec_module
  File "<frozen importlib._bootstrap_external>", line 1124, in get_code
  File "<frozen importlib._bootstrap_external>", line 753, in _compile_bytecode
KeyboardInterrupt
gmake[2]: *** [CMakeFiles/generate_test1_crowdsim.dir/build.make:73: test1_crowdsim] Interrupt
gmake[1]: *** [CMakeFiles/Makefile2:359: CMakeFiles/generate_test1_crowdsim.dir/all] Interrupt
Traceback (most recent call last):
  File "/rmf_demos_ws/install/rmf_building_map_tools/lib/rmf_building_map_tools/building_map_generator", line 33, in <module>
[ros2run]: Interrupt
    sys.exit(load_entry_point('rmf-building-map-tools==1.14.0', 'console_scripts', 'building_map_generator')())
             ^^^^^^^^^^^^^^^^^^^^^^^^^^^^^^^^^^^^^^^^^^^^^^^^^^^^^^^^^^^^^^^^^^^^^^^^^^^^^^^^^^^^^^^^^^^^^^^^^
  File "/rmf_demos_ws/install/rmf_building_map_tools/lib/python3.12/site-packages/building_map_generator/building_map_generator.py", line 16, in main
    g.generate_sdf(
  File "/rmf_demos_ws/install/rmf_building_map_tools/lib/python3.12/site-packages/building_map/generator.py", line 30, in generate_sdf
    building = self.parse_editor_yaml(input_filename)
               ^^^^^^^^^^^^^^^^^^^^^^^^^^^^^^^^^^^^^^
  File "/rmf_demos_ws/install/rmf_building_map_tools/lib/python3.12/site-packages/building_map/generator.py", line 17, in parse_editor_yaml
    y = yaml.load(f, Loader=yaml.CLoader)
        ^^^^^^^^^^^^^^^^^^^^^^^^^^^^^^^^^
  File "/usr/lib/python3/dist-packages/yaml/__init__.py", line 81, in load
    return loader.get_single_data()
           ^^^^^^^^^^^^^^^^^^^^^^^^
  File "/usr/lib/python3/dist-packages/yaml/constructor.py", line 49, in get_single_data
    node = self.get_single_node()
           ^^^^^^^^^^^^^^^^^^^^^^
  File "yaml/_yaml.pyx", line 673, in yaml._yaml.CParser.get_single_node
  File "yaml/_yaml.pyx", line 687, in yaml._yaml.CParser._compose_document
  File "yaml/_yaml.pyx", line 731, in yaml._yaml.CParser._compose_node
  File "yaml/_yaml.pyx", line 845, in yaml._yaml.CParser._compose_mapping_node
  File "yaml/_yaml.pyx", line 731, in yaml._yaml.CParser._compose_node
  File "yaml/_yaml.pyx", line 845, in yaml._yaml.CParser._compose_mapping_node
  File "yaml/_yaml.pyx", line 731, in yaml._yaml.CParser._compose_node
  File "yaml/_yaml.pyx", line 845, in yaml._yaml.CParser._compose_mapping_node
  File "yaml/_yaml.pyx", line 729, in yaml._yaml.CParser._compose_node
  File "yaml/_yaml.pyx", line 806, in yaml._yaml.CParser._compose_sequence_node
  File "yaml/_yaml.pyx", line 731, in yaml._yaml.CParser._compose_node
  File "yaml/_yaml.pyx", line 845, in yaml._yaml.CParser._compose_mapping_node
  File "yaml/_yaml.pyx", line 732, in yaml._yaml.CParser._compose_node
  File "/usr/lib/python3/dist-packages/yaml/resolver.py", line 114, in ascend_resolver
    def ascend_resolver(self):

KeyboardInterrupt
gmake[2]: *** [CMakeFiles/classroom.dir/build.make:70: CMakeFiles/classroom] Error 254
gmake[1]: *** [CMakeFiles/Makefile2:177: CMakeFiles/classroom.dir/all] Interrupt
[ros2run]: Interrupt
gmake[2]: *** [CMakeFiles/estce.dir/build.make:70: CMakeFiles/estce] Error 254
gmake[1]: *** [CMakeFiles/Makefile2:255: CMakeFiles/estce.dir/all] Interrupt
gmake: *** [Makefile:146: all] Interrupt
